{
  "uid" : "3baceb6bfb9b5b07",
  "name" : "1.23 Регистрация с корректными email и паролем без согласия на подписку",
  "fullName" : "tests.test_signup_page.test_signup_page.TestSignupPage#test_signup_with_correct_email_and_password",
  "historyId" : "a88141a3f07444f200b9b46dcc4041fe",
  "time" : {
    "start" : 1709530208080,
    "stop" : 1709530228671,
    "duration" : 20591
  },
  "status" : "broken",
  "statusMessage" : "selenium.common.exceptions.TimeoutException: Message: \nStacktrace:\n#0 0x564b6e6b3793 <unknown>\n#1 0x564b6e3a71c6 <unknown>\n#2 0x564b6e3f2358 <unknown>\n#3 0x564b6e3f2411 <unknown>\n#4 0x564b6e435934 <unknown>\n#5 0x564b6e4143fd <unknown>\n#6 0x564b6e432dd9 <unknown>\n#7 0x564b6e414173 <unknown>\n#8 0x564b6e3e52d3 <unknown>\n#9 0x564b6e3e5c9e <unknown>\n#10 0x564b6e6778cb <unknown>\n#11 0x564b6e67b745 <unknown>\n#12 0x564b6e6642e1 <unknown>\n#13 0x564b6e67c2d2 <unknown>\n#14 0x564b6e64817f <unknown>\n#15 0x564b6e6a1dc8 <unknown>\n#16 0x564b6e6a1fc3 <unknown>\n#17 0x564b6e6b2944 <unknown>\n#18 0x7f63b7a94ac3 <unknown>",
  "statusTrace" : "self = <tests.test_signup_page.test_signup_page.TestSignupPage object at 0x7ff88d8b36e0>\nsignup_page_open = <pages.signup_page.SignUpPage object at 0x7ff88d8f8c20>\ndriver = <selenium.webdriver.chrome.webdriver.WebDriver (session=\"cd7e3876c0f9b100200d8a4c644af3f1\")>\n\n    @allure.title(\"1.23 Регистрация с корректными email и паролем без согласия на подписку\")\n    @pytest.mark.smoke\n    def test_signup_with_correct_email_and_password(self, signup_page_open, driver):\n        with allure.step('Заполнить поле email корректными данными'):\n            signup_page_open.put_data_to_email_field(email1)\n        with allure.step('Заполнить поле пароль сильным паролем'):\n            signup_page_open.put_data_to_password_field(password0)\n        with allure.step('Заполнить поле подтверждение пароля сильным паролем'):\n            signup_page_open.put_data_to_confirm_password_field(password0)\n        signup_page_open.click_button_registration()\n>       element = signup_page_open.get_send_invite_message()\n\ntests/test_signup_page/test_signup_page.py:127: \n_ _ _ _ _ _ _ _ _ _ _ _ _ _ _ _ _ _ _ _ _ _ _ _ _ _ _ _ _ _ _ _ _ _ _ _ _ _ _ _ \npages/signup_page.py:87: in get_send_invite_message\n    return self.element_is_visible(self.locator.SEND_INVITE_EMAIL)\npages/base_page.py:19: in element_is_visible\n    self.go_to_element(self.element_is_present(locator))\npages/base_page.py:35: in element_is_present\n    return Wait(self.driver, self.timeout).until(es.presence_of_element_located(locator))\n_ _ _ _ _ _ _ _ _ _ _ _ _ _ _ _ _ _ _ _ _ _ _ _ _ _ _ _ _ _ _ _ _ _ _ _ _ _ _ _ \n\nself = <selenium.webdriver.support.wait.WebDriverWait (session=\"cd7e3876c0f9b100200d8a4c644af3f1\")>\nmethod = <function presence_of_element_located.<locals>._predicate at 0x7ff88d9d37e0>\nmessage = ''\n\n    def until(self, method: Callable[[D], Union[Literal[False], T]], message: str = \"\") -> T:\n        \"\"\"Calls the method provided with the driver as an argument until the \\\n        return value does not evaluate to ``False``.\n    \n        :param method: callable(WebDriver)\n        :param message: optional message for :exc:`TimeoutException`\n        :returns: the result of the last call to `method`\n        :raises: :exc:`selenium.common.exceptions.TimeoutException` if timeout occurs\n        \"\"\"\n        screen = None\n        stacktrace = None\n    \n        end_time = time.monotonic() + self._timeout\n        while True:\n            try:\n                value = method(self._driver)\n                if value:\n                    return value\n            except self._ignored_exceptions as exc:\n                screen = getattr(exc, \"screen\", None)\n                stacktrace = getattr(exc, \"stacktrace\", None)\n            time.sleep(self._poll)\n            if time.monotonic() > end_time:\n                break\n>       raise TimeoutException(message, screen, stacktrace)\nE       selenium.common.exceptions.TimeoutException: Message: \nE       Stacktrace:\nE       #0 0x564b6e6b3793 <unknown>\nE       #1 0x564b6e3a71c6 <unknown>\nE       #2 0x564b6e3f2358 <unknown>\nE       #3 0x564b6e3f2411 <unknown>\nE       #4 0x564b6e435934 <unknown>\nE       #5 0x564b6e4143fd <unknown>\nE       #6 0x564b6e432dd9 <unknown>\nE       #7 0x564b6e414173 <unknown>\nE       #8 0x564b6e3e52d3 <unknown>\nE       #9 0x564b6e3e5c9e <unknown>\nE       #10 0x564b6e6778cb <unknown>\nE       #11 0x564b6e67b745 <unknown>\nE       #12 0x564b6e6642e1 <unknown>\nE       #13 0x564b6e67c2d2 <unknown>\nE       #14 0x564b6e64817f <unknown>\nE       #15 0x564b6e6a1dc8 <unknown>\nE       #16 0x564b6e6a1fc3 <unknown>\nE       #17 0x564b6e6b2944 <unknown>\nE       #18 0x7f63b7a94ac3 <unknown>\n\n/opt/hostedtoolcache/Python/3.12.2/x64/lib/python3.12/site-packages/selenium/webdriver/support/wait.py:105: TimeoutException",
  "flaky" : false,
  "newFailed" : false,
  "beforeStages" : [ {
    "name" : "clear_allure_results_folder",
    "time" : {
      "start" : 1709529380531,
      "stop" : 1709529380531,
      "duration" : 0
    },
    "status" : "passed",
    "steps" : [ ],
    "attachments" : [ ],
    "parameters" : [ ],
    "stepsCount" : 0,
    "attachmentsCount" : 0,
    "shouldDisplayMessage" : false,
    "hasContent" : false
  }, {
    "name" : "driver",
    "time" : {
      "start" : 1709530204226,
      "stop" : 1709530204400,
      "duration" : 174
    },
    "status" : "passed",
    "steps" : [ ],
    "attachments" : [ ],
    "parameters" : [ ],
    "stepsCount" : 0,
    "attachmentsCount" : 0,
    "shouldDisplayMessage" : false,
    "hasContent" : false
  }, {
    "name" : "_session_faker",
    "time" : {
      "start" : 1709529380513,
      "stop" : 1709529380531,
      "duration" : 18
    },
    "status" : "passed",
    "steps" : [ ],
    "attachments" : [ ],
    "parameters" : [ ],
    "stepsCount" : 0,
    "attachmentsCount" : 0,
    "shouldDisplayMessage" : false,
    "hasContent" : false
  }, {
    "name" : "signup_page_open",
    "time" : {
      "start" : 1709530204401,
      "stop" : 1709530208080,
      "duration" : 3679
    },
    "status" : "passed",
    "steps" : [ {
      "name" : "Проверка видимости кнопки 'Принимаю все' в сообщении о принятии файлов cookie",
      "time" : {
        "start" : 1709530208023,
        "stop" : 1709530208051,
        "duration" : 28
      },
      "status" : "passed",
      "steps" : [ ],
      "attachments" : [ ],
      "parameters" : [ ],
      "stepsCount" : 0,
      "attachmentsCount" : 0,
      "shouldDisplayMessage" : false,
      "hasContent" : false
    } ],
    "attachments" : [ ],
    "parameters" : [ ],
    "stepsCount" : 1,
    "attachmentsCount" : 0,
    "shouldDisplayMessage" : false,
    "hasContent" : true
  } ],
  "testStage" : {
    "status" : "broken",
    "statusMessage" : "selenium.common.exceptions.TimeoutException: Message: \nStacktrace:\n#0 0x564b6e6b3793 <unknown>\n#1 0x564b6e3a71c6 <unknown>\n#2 0x564b6e3f2358 <unknown>\n#3 0x564b6e3f2411 <unknown>\n#4 0x564b6e435934 <unknown>\n#5 0x564b6e4143fd <unknown>\n#6 0x564b6e432dd9 <unknown>\n#7 0x564b6e414173 <unknown>\n#8 0x564b6e3e52d3 <unknown>\n#9 0x564b6e3e5c9e <unknown>\n#10 0x564b6e6778cb <unknown>\n#11 0x564b6e67b745 <unknown>\n#12 0x564b6e6642e1 <unknown>\n#13 0x564b6e67c2d2 <unknown>\n#14 0x564b6e64817f <unknown>\n#15 0x564b6e6a1dc8 <unknown>\n#16 0x564b6e6a1fc3 <unknown>\n#17 0x564b6e6b2944 <unknown>\n#18 0x7f63b7a94ac3 <unknown>",
    "statusTrace" : "self = <tests.test_signup_page.test_signup_page.TestSignupPage object at 0x7ff88d8b36e0>\nsignup_page_open = <pages.signup_page.SignUpPage object at 0x7ff88d8f8c20>\ndriver = <selenium.webdriver.chrome.webdriver.WebDriver (session=\"cd7e3876c0f9b100200d8a4c644af3f1\")>\n\n    @allure.title(\"1.23 Регистрация с корректными email и паролем без согласия на подписку\")\n    @pytest.mark.smoke\n    def test_signup_with_correct_email_and_password(self, signup_page_open, driver):\n        with allure.step('Заполнить поле email корректными данными'):\n            signup_page_open.put_data_to_email_field(email1)\n        with allure.step('Заполнить поле пароль сильным паролем'):\n            signup_page_open.put_data_to_password_field(password0)\n        with allure.step('Заполнить поле подтверждение пароля сильным паролем'):\n            signup_page_open.put_data_to_confirm_password_field(password0)\n        signup_page_open.click_button_registration()\n>       element = signup_page_open.get_send_invite_message()\n\ntests/test_signup_page/test_signup_page.py:127: \n_ _ _ _ _ _ _ _ _ _ _ _ _ _ _ _ _ _ _ _ _ _ _ _ _ _ _ _ _ _ _ _ _ _ _ _ _ _ _ _ \npages/signup_page.py:87: in get_send_invite_message\n    return self.element_is_visible(self.locator.SEND_INVITE_EMAIL)\npages/base_page.py:19: in element_is_visible\n    self.go_to_element(self.element_is_present(locator))\npages/base_page.py:35: in element_is_present\n    return Wait(self.driver, self.timeout).until(es.presence_of_element_located(locator))\n_ _ _ _ _ _ _ _ _ _ _ _ _ _ _ _ _ _ _ _ _ _ _ _ _ _ _ _ _ _ _ _ _ _ _ _ _ _ _ _ \n\nself = <selenium.webdriver.support.wait.WebDriverWait (session=\"cd7e3876c0f9b100200d8a4c644af3f1\")>\nmethod = <function presence_of_element_located.<locals>._predicate at 0x7ff88d9d37e0>\nmessage = ''\n\n    def until(self, method: Callable[[D], Union[Literal[False], T]], message: str = \"\") -> T:\n        \"\"\"Calls the method provided with the driver as an argument until the \\\n        return value does not evaluate to ``False``.\n    \n        :param method: callable(WebDriver)\n        :param message: optional message for :exc:`TimeoutException`\n        :returns: the result of the last call to `method`\n        :raises: :exc:`selenium.common.exceptions.TimeoutException` if timeout occurs\n        \"\"\"\n        screen = None\n        stacktrace = None\n    \n        end_time = time.monotonic() + self._timeout\n        while True:\n            try:\n                value = method(self._driver)\n                if value:\n                    return value\n            except self._ignored_exceptions as exc:\n                screen = getattr(exc, \"screen\", None)\n                stacktrace = getattr(exc, \"stacktrace\", None)\n            time.sleep(self._poll)\n            if time.monotonic() > end_time:\n                break\n>       raise TimeoutException(message, screen, stacktrace)\nE       selenium.common.exceptions.TimeoutException: Message: \nE       Stacktrace:\nE       #0 0x564b6e6b3793 <unknown>\nE       #1 0x564b6e3a71c6 <unknown>\nE       #2 0x564b6e3f2358 <unknown>\nE       #3 0x564b6e3f2411 <unknown>\nE       #4 0x564b6e435934 <unknown>\nE       #5 0x564b6e4143fd <unknown>\nE       #6 0x564b6e432dd9 <unknown>\nE       #7 0x564b6e414173 <unknown>\nE       #8 0x564b6e3e52d3 <unknown>\nE       #9 0x564b6e3e5c9e <unknown>\nE       #10 0x564b6e6778cb <unknown>\nE       #11 0x564b6e67b745 <unknown>\nE       #12 0x564b6e6642e1 <unknown>\nE       #13 0x564b6e67c2d2 <unknown>\nE       #14 0x564b6e64817f <unknown>\nE       #15 0x564b6e6a1dc8 <unknown>\nE       #16 0x564b6e6a1fc3 <unknown>\nE       #17 0x564b6e6b2944 <unknown>\nE       #18 0x7f63b7a94ac3 <unknown>\n\n/opt/hostedtoolcache/Python/3.12.2/x64/lib/python3.12/site-packages/selenium/webdriver/support/wait.py:105: TimeoutException",
    "steps" : [ {
      "name" : "Заполнить поле email корректными данными",
      "time" : {
        "start" : 1709530208081,
        "stop" : 1709530208152,
        "duration" : 71
      },
      "status" : "passed",
      "steps" : [ ],
      "attachments" : [ ],
      "parameters" : [ ],
      "stepsCount" : 0,
      "attachmentsCount" : 0,
      "shouldDisplayMessage" : false,
      "hasContent" : false
    }, {
      "name" : "Заполнить поле пароль сильным паролем",
      "time" : {
        "start" : 1709530208152,
        "stop" : 1709530208206,
        "duration" : 54
      },
      "status" : "passed",
      "steps" : [ ],
      "attachments" : [ ],
      "parameters" : [ ],
      "stepsCount" : 0,
      "attachmentsCount" : 0,
      "shouldDisplayMessage" : false,
      "hasContent" : false
    }, {
      "name" : "Заполнить поле подтверждение пароля сильным паролем",
      "time" : {
        "start" : 1709530208206,
        "stop" : 1709530208261,
        "duration" : 55
      },
      "status" : "passed",
      "steps" : [ ],
      "attachments" : [ ],
      "parameters" : [ ],
      "stepsCount" : 0,
      "attachmentsCount" : 0,
      "shouldDisplayMessage" : false,
      "hasContent" : false
    }, {
      "name" : "Нажать кнопку 'Регистрация'",
      "time" : {
        "start" : 1709530208261,
        "stop" : 1709530208311,
        "duration" : 50
      },
      "status" : "passed",
      "steps" : [ ],
      "attachments" : [ ],
      "parameters" : [ ],
      "stepsCount" : 0,
      "attachmentsCount" : 0,
      "shouldDisplayMessage" : false,
      "hasContent" : false
    }, {
      "name" : "Получено сообщения о подтверждении регистрации",
      "time" : {
        "start" : 1709530208311,
        "stop" : 1709530228671,
        "duration" : 20360
      },
      "status" : "broken",
      "statusMessage" : "selenium.common.exceptions.TimeoutException: Message: \nStacktrace:\n#0 0x564b6e6b3793 <unknown>\n#1 0x564b6e3a71c6 <unknown>\n#2 0x564b6e3f2358 <unknown>\n#3 0x564b6e3f2411 <unknown>\n#4 0x564b6e435934 <unknown>\n#5 0x564b6e4143fd <unknown>\n#6 0x564b6e432dd9 <unknown>\n#7 0x564b6e414173 <unknown>\n#8 0x564b6e3e52d3 <unknown>\n#9 0x564b6e3e5c9e <unknown>\n#10 0x564b6e6778cb <unknown>\n#11 0x564b6e67b745 <unknown>\n#12 0x564b6e6642e1 <unknown>\n#13 0x564b6e67c2d2 <unknown>\n#14 0x564b6e64817f <unknown>\n#15 0x564b6e6a1dc8 <unknown>\n#16 0x564b6e6a1fc3 <unknown>\n#17 0x564b6e6b2944 <unknown>\n#18 0x7f63b7a94ac3 <unknown>\n\n",
      "statusTrace" : "  File \"/opt/hostedtoolcache/Python/3.12.2/x64/lib/python3.12/site-packages/allure_commons/_allure.py\", line 192, in impl\n    return func(*a, **kw)\n           ^^^^^^^^^^^^^^\n  File \"/home/runner/work/PulseWave/PulseWave/pages/signup_page.py\", line 87, in get_send_invite_message\n    return self.element_is_visible(self.locator.SEND_INVITE_EMAIL)\n           ^^^^^^^^^^^^^^^^^^^^^^^^^^^^^^^^^^^^^^^^^^^^^^^^^^^^^^^\n  File \"/home/runner/work/PulseWave/PulseWave/pages/base_page.py\", line 19, in element_is_visible\n    self.go_to_element(self.element_is_present(locator))\n                       ^^^^^^^^^^^^^^^^^^^^^^^^^^^^^^^^\n  File \"/home/runner/work/PulseWave/PulseWave/pages/base_page.py\", line 35, in element_is_present\n    return Wait(self.driver, self.timeout).until(es.presence_of_element_located(locator))\n           ^^^^^^^^^^^^^^^^^^^^^^^^^^^^^^^^^^^^^^^^^^^^^^^^^^^^^^^^^^^^^^^^^^^^^^^^^^^^^^\n  File \"/opt/hostedtoolcache/Python/3.12.2/x64/lib/python3.12/site-packages/selenium/webdriver/support/wait.py\", line 105, in until\n    raise TimeoutException(message, screen, stacktrace)\n",
      "steps" : [ ],
      "attachments" : [ ],
      "parameters" : [ ],
      "stepsCount" : 0,
      "attachmentsCount" : 0,
      "shouldDisplayMessage" : true,
      "hasContent" : true
    } ],
    "attachments" : [ {
      "uid" : "dc8ad1d5cae8e513",
      "name" : "Screenshot",
      "source" : "dc8ad1d5cae8e513.png",
      "type" : "image/png",
      "size" : 65540
    }, {
      "uid" : "51ff17aeeeaac4b3",
      "name" : "HTML source",
      "source" : "51ff17aeeeaac4b3.html",
      "type" : "text/html",
      "size" : 98840
    } ],
    "parameters" : [ ],
    "stepsCount" : 5,
    "attachmentsCount" : 2,
    "shouldDisplayMessage" : true,
    "hasContent" : true
  },
  "afterStages" : [ {
    "name" : "driver::0",
    "time" : {
      "start" : 1709530228748,
      "stop" : 1709530228806,
      "duration" : 58
    },
    "status" : "passed",
    "steps" : [ ],
    "attachments" : [ ],
    "parameters" : [ ],
    "stepsCount" : 0,
    "attachmentsCount" : 0,
    "shouldDisplayMessage" : false,
    "hasContent" : false
  } ],
  "labels" : [ {
    "name" : "epic",
    "value" : "Тестирование страницы 'Регистрация'"
  }, {
    "name" : "tag",
    "value" : "smoke"
  }, {
    "name" : "parentSuite",
    "value" : "tests.test_signup_page"
  }, {
    "name" : "suite",
    "value" : "test_signup_page"
  }, {
    "name" : "subSuite",
    "value" : "TestSignupPage"
  }, {
    "name" : "host",
    "value" : "fv-az1148-702"
  }, {
    "name" : "thread",
    "value" : "2266-MainThread"
  }, {
    "name" : "framework",
    "value" : "pytest"
  }, {
    "name" : "language",
    "value" : "cpython3"
  }, {
    "name" : "package",
    "value" : "tests.test_signup_page.test_signup_page"
  }, {
    "name" : "resultFormat",
    "value" : "allure2"
  } ],
  "parameters" : [ {
    "name" : "browser",
    "value" : "'chrome'"
  } ],
  "links" : [ ],
  "hidden" : false,
  "retry" : false,
  "extra" : {
    "severity" : "normal",
    "retries" : [ ],
    "categories" : [ {
      "name" : "Test defects",
      "matchedStatuses" : [ ],
      "flaky" : false
    } ],
    "history" : {
      "statistic" : {
        "failed" : 0,
        "broken" : 15,
        "skipped" : 0,
        "passed" : 17,
        "unknown" : 0,
        "total" : 32
      },
      "items" : [ {
        "uid" : "91e74e8ea6a1f838",
        "reportUrl" : "https://Nat754.github.io/PulseWave/183//#testresult/91e74e8ea6a1f838",
        "status" : "broken",
        "statusDetails" : "selenium.common.exceptions.TimeoutException: Message: \nStacktrace:\n#0 0x557e743d8793 <unknown>\n#1 0x557e740cc1c6 <unknown>\n#2 0x557e74117358 <unknown>\n#3 0x557e74117411 <unknown>\n#4 0x557e7415a934 <unknown>\n#5 0x557e741393fd <unknown>\n#6 0x557e74157dd9 <unknown>\n#7 0x557e74139173 <unknown>\n#8 0x557e7410a2d3 <unknown>\n#9 0x557e7410ac9e <unknown>\n#10 0x557e7439c8cb <unknown>\n#11 0x557e743a0745 <unknown>\n#12 0x557e743892e1 <unknown>\n#13 0x557e743a12d2 <unknown>\n#14 0x557e7436d17f <unknown>\n#15 0x557e743c6dc8 <unknown>\n#16 0x557e743c6fc3 <unknown>\n#17 0x557e743d7944 <unknown>\n#18 0x7f0eabc94ac3 <unknown>",
        "time" : {
          "start" : 1709496937687,
          "stop" : 1709496974602,
          "duration" : 36915
        }
      }, {
        "uid" : "795acbcc353b8ce6",
        "reportUrl" : "https://Nat754.github.io/PulseWave/183//#testresult/795acbcc353b8ce6",
        "status" : "broken",
        "statusDetails" : "selenium.common.exceptions.TimeoutException: Message: \nStacktrace:\n#0 0x55e01f63f793 <unknown>\n#1 0x55e01f3331c6 <unknown>\n#2 0x55e01f37e358 <unknown>\n#3 0x55e01f37e411 <unknown>\n#4 0x55e01f3c1934 <unknown>\n#5 0x55e01f3a03fd <unknown>\n#6 0x55e01f3bedd9 <unknown>\n#7 0x55e01f3a0173 <unknown>\n#8 0x55e01f3712d3 <unknown>\n#9 0x55e01f371c9e <unknown>\n#10 0x55e01f6038cb <unknown>\n#11 0x55e01f607745 <unknown>\n#12 0x55e01f5f02e1 <unknown>\n#13 0x55e01f6082d2 <unknown>\n#14 0x55e01f5d417f <unknown>\n#15 0x55e01f62ddc8 <unknown>\n#16 0x55e01f62dfc3 <unknown>\n#17 0x55e01f63e944 <unknown>\n#18 0x7f0bc8c94ac3 <unknown>",
        "time" : {
          "start" : 1709492291831,
          "stop" : 1709492329162,
          "duration" : 37331
        }
      }, {
        "uid" : "a3ae384c68dc0436",
        "reportUrl" : "https://Nat754.github.io/PulseWave/183//#testresult/a3ae384c68dc0436",
        "status" : "broken",
        "statusDetails" : "selenium.common.exceptions.TimeoutException: Message: \nStacktrace:\n#0 0x5648cadca793 <unknown>\n#1 0x5648caabe1c6 <unknown>\n#2 0x5648cab09358 <unknown>\n#3 0x5648cab09411 <unknown>\n#4 0x5648cab4c934 <unknown>\n#5 0x5648cab2b3fd <unknown>\n#6 0x5648cab49dd9 <unknown>\n#7 0x5648cab2b173 <unknown>\n#8 0x5648caafc2d3 <unknown>\n#9 0x5648caafcc9e <unknown>\n#10 0x5648cad8e8cb <unknown>\n#11 0x5648cad92745 <unknown>\n#12 0x5648cad7b2e1 <unknown>\n#13 0x5648cad932d2 <unknown>\n#14 0x5648cad5f17f <unknown>\n#15 0x5648cadb8dc8 <unknown>\n#16 0x5648cadb8fc3 <unknown>\n#17 0x5648cadc9944 <unknown>\n#18 0x7ff1c2094ac3 <unknown>",
        "time" : {
          "start" : 1709490655675,
          "stop" : 1709490692376,
          "duration" : 36701
        }
      }, {
        "uid" : "524b1123dd7a321a",
        "reportUrl" : "https://Nat754.github.io/PulseWave/182//#testresult/524b1123dd7a321a",
        "status" : "passed",
        "time" : {
          "start" : 1709488781579,
          "stop" : 1709488798365,
          "duration" : 16786
        }
      }, {
        "uid" : "a39073707816bd1e",
        "reportUrl" : "https://Nat754.github.io/PulseWave/181//#testresult/a39073707816bd1e",
        "status" : "broken",
        "statusDetails" : "selenium.common.exceptions.TimeoutException: Message: \nStacktrace:\n#0 0x55864b60d793 <unknown>\n#1 0x55864b3011c6 <unknown>\n#2 0x55864b34c358 <unknown>\n#3 0x55864b34c411 <unknown>\n#4 0x55864b38f934 <unknown>\n#5 0x55864b36e3fd <unknown>\n#6 0x55864b38cdd9 <unknown>\n#7 0x55864b36e173 <unknown>\n#8 0x55864b33f2d3 <unknown>\n#9 0x55864b33fc9e <unknown>\n#10 0x55864b5d18cb <unknown>\n#11 0x55864b5d5745 <unknown>\n#12 0x55864b5be2e1 <unknown>\n#13 0x55864b5d62d2 <unknown>\n#14 0x55864b5a217f <unknown>\n#15 0x55864b5fbdc8 <unknown>\n#16 0x55864b5fbfc3 <unknown>\n#17 0x55864b60c944 <unknown>\n#18 0x7fd9f5094ac3 <unknown>",
        "time" : {
          "start" : 1709486818484,
          "stop" : 1709486839130,
          "duration" : 20646
        }
      }, {
        "uid" : "a35038b5a4c8fac0",
        "reportUrl" : "https://Nat754.github.io/PulseWave/181//#testresult/a35038b5a4c8fac0",
        "status" : "broken",
        "statusDetails" : "selenium.common.exceptions.TimeoutException: Message: \nStacktrace:\n#0 0x5595792fb793 <unknown>\n#1 0x559578fef1c6 <unknown>\n#2 0x55957903a358 <unknown>\n#3 0x55957903a411 <unknown>\n#4 0x55957907d934 <unknown>\n#5 0x55957905c3fd <unknown>\n#6 0x55957907add9 <unknown>\n#7 0x55957905c173 <unknown>\n#8 0x55957902d2d3 <unknown>\n#9 0x55957902dc9e <unknown>\n#10 0x5595792bf8cb <unknown>\n#11 0x5595792c3745 <unknown>\n#12 0x5595792ac2e1 <unknown>\n#13 0x5595792c42d2 <unknown>\n#14 0x55957929017f <unknown>\n#15 0x5595792e9dc8 <unknown>\n#16 0x5595792e9fc3 <unknown>\n#17 0x5595792fa944 <unknown>\n#18 0x7f0d6e294ac3 <unknown>",
        "time" : {
          "start" : 1709484399524,
          "stop" : 1709484420153,
          "duration" : 20629
        }
      }, {
        "uid" : "4d9f5d41658e0d2b",
        "reportUrl" : "https://Nat754.github.io/PulseWave/180//#testresult/4d9f5d41658e0d2b",
        "status" : "passed",
        "time" : {
          "start" : 1709409371989,
          "stop" : 1709409388685,
          "duration" : 16696
        }
      }, {
        "uid" : "cd332745a16f00fb",
        "reportUrl" : "https://Nat754.github.io/PulseWave/179//#testresult/cd332745a16f00fb",
        "status" : "passed",
        "time" : {
          "start" : 1709406398628,
          "stop" : 1709406414548,
          "duration" : 15920
        }
      }, {
        "uid" : "d7ba103ecbcd5956",
        "reportUrl" : "https://Nat754.github.io/PulseWave/178//#testresult/d7ba103ecbcd5956",
        "status" : "passed",
        "time" : {
          "start" : 1708972607209,
          "stop" : 1708972622955,
          "duration" : 15746
        }
      }, {
        "uid" : "c4d61fffe2b983e6",
        "reportUrl" : "https://Nat754.github.io/PulseWave/177//#testresult/c4d61fffe2b983e6",
        "status" : "passed",
        "time" : {
          "start" : 1708886343555,
          "stop" : 1708886359129,
          "duration" : 15574
        }
      }, {
        "uid" : "b49f2db20a30dd4b",
        "reportUrl" : "https://Nat754.github.io/PulseWave/176//#testresult/b49f2db20a30dd4b",
        "status" : "passed",
        "time" : {
          "start" : 1708883421183,
          "stop" : 1708883438061,
          "duration" : 16878
        }
      }, {
        "uid" : "71bf925895921131",
        "reportUrl" : "https://Nat754.github.io/PulseWave/175//#testresult/71bf925895921131",
        "status" : "passed",
        "time" : {
          "start" : 1708807033952,
          "stop" : 1708807050971,
          "duration" : 17019
        }
      }, {
        "uid" : "49f5a156974f2e7d",
        "reportUrl" : "https://Nat754.github.io/PulseWave/174//#testresult/49f5a156974f2e7d",
        "status" : "broken",
        "statusDetails" : "selenium.common.exceptions.SessionNotCreatedException: Message: session not created: Chrome failed to start: exited normally.\n  (session not created: DevToolsActivePort file doesn't exist)\n  (The process started from chrome location /usr/bin/google-chrome is no longer running, so ChromeDriver is assuming that Chrome has crashed.)\nStacktrace:\n#0 0x563da2749303 <unknown>\n#1 0x563da242e2b7 <unknown>\n#2 0x563da2462b40 <unknown>\n#3 0x563da245e6e5 <unknown>\n#4 0x563da24a8abc <unknown>\n#5 0x563da249c123 <unknown>\n#6 0x563da246c095 <unknown>\n#7 0x563da246d09e <unknown>\n#8 0x563da270d6ab <unknown>\n#9 0x563da27114ba <unknown>\n#10 0x563da26f9f85 <unknown>\n#11 0x563da271212f <unknown>\n#12 0x563da26dde6f <unknown>\n#13 0x563da27365f8 <unknown>\n#14 0x563da27367c2 <unknown>\n#15 0x563da27484a4 <unknown>\n#16 0x7fbfe1a94ac3 <unknown>",
        "time" : {
          "start" : 1708805883114,
          "stop" : 1708805883114,
          "duration" : 0
        }
      }, {
        "uid" : "cd5ba6acd4b12454",
        "reportUrl" : "https://Nat754.github.io/PulseWave/173//#testresult/cd5ba6acd4b12454",
        "status" : "passed",
        "time" : {
          "start" : 1708548310421,
          "stop" : 1708548326155,
          "duration" : 15734
        }
      }, {
        "uid" : "91ba50faa8ee015b",
        "reportUrl" : "https://Nat754.github.io/PulseWave/172//#testresult/91ba50faa8ee015b",
        "status" : "passed",
        "time" : {
          "start" : 1707851723670,
          "stop" : 1707851740971,
          "duration" : 17301
        }
      }, {
        "uid" : "39911f1324904530",
        "reportUrl" : "https://Nat754.github.io/PulseWave/171//#testresult/39911f1324904530",
        "status" : "passed",
        "time" : {
          "start" : 1707495108782,
          "stop" : 1707495125565,
          "duration" : 16783
        }
      }, {
        "uid" : "af467f9aec586299",
        "reportUrl" : "https://Nat754.github.io/PulseWave/171//#testresult/af467f9aec586299",
        "status" : "passed",
        "time" : {
          "start" : 1707480186605,
          "stop" : 1707480203289,
          "duration" : 16684
        }
      }, {
        "uid" : "b518ccf180b61b68",
        "reportUrl" : "https://Nat754.github.io/PulseWave/170//#testresult/b518ccf180b61b68",
        "status" : "passed",
        "time" : {
          "start" : 1707255530909,
          "stop" : 1707255547816,
          "duration" : 16907
        }
      }, {
        "uid" : "dc4c39c66251921f",
        "reportUrl" : "https://Nat754.github.io/PulseWave/169//#testresult/dc4c39c66251921f",
        "status" : "broken",
        "statusDetails" : "selenium.common.exceptions.TimeoutException: Message: \nStacktrace:\n#0 0x557bfbbfdd93 <unknown>\n#1 0x557bfb8e1337 <unknown>\n#2 0x557bfb92cd60 <unknown>\n#3 0x557bfb92ce51 <unknown>\n#4 0x557bfb970bc4 <unknown>\n#5 0x557bfb94f46d <unknown>\n#6 0x557bfb96e12d <unknown>\n#7 0x557bfb94f1e3 <unknown>\n#8 0x557bfb91f135 <unknown>\n#9 0x557bfb92013e <unknown>\n#10 0x557bfbbc1e4b <unknown>\n#11 0x557bfbbc5dfa <unknown>\n#12 0x557bfbbae6d5 <unknown>\n#13 0x557bfbbc6a6f <unknown>\n#14 0x557bfbb9269f <unknown>\n#15 0x557bfbbeb098 <unknown>\n#16 0x557bfbbeb262 <unknown>\n#17 0x557bfbbfcf34 <unknown>\n#18 0x7f993fe94ac3 <unknown>",
        "time" : {
          "start" : 1707252800187,
          "stop" : 1707252820814,
          "duration" : 20627
        }
      }, {
        "uid" : "5a69b4deef555fff",
        "reportUrl" : "https://Nat754.github.io/PulseWave/169//#testresult/5a69b4deef555fff",
        "status" : "passed",
        "time" : {
          "start" : 1707245700242,
          "stop" : 1707245716841,
          "duration" : 16599
        }
      } ]
    },
    "tags" : [ "smoke" ]
  },
  "source" : "3baceb6bfb9b5b07.json",
  "parameterValues" : [ "'chrome'" ]
}