{
  "uid" : "659735ee8d902842",
  "name" : "1.11 Регистрация с уже зарегистрированным email и корректными паролем и подтверждением пароля",
  "fullName" : "tests.test_signup_page.test_signup_page.TestSignupPage#test_signup_with_old_email_and_correct_passwords",
  "historyId" : "6c260bf3e317b79db8865100ef09bfec",
  "time" : {
    "start" : 1709530155044,
    "stop" : 1709530175629,
    "duration" : 20585
  },
  "status" : "broken",
  "statusMessage" : "selenium.common.exceptions.TimeoutException: Message: \nStacktrace:\n#0 0x55b12827b793 <unknown>\n#1 0x55b127f6f1c6 <unknown>\n#2 0x55b127fba358 <unknown>\n#3 0x55b127fba411 <unknown>\n#4 0x55b127ffd934 <unknown>\n#5 0x55b127fdc3fd <unknown>\n#6 0x55b127ffadd9 <unknown>\n#7 0x55b127fdc173 <unknown>\n#8 0x55b127fad2d3 <unknown>\n#9 0x55b127fadc9e <unknown>\n#10 0x55b12823f8cb <unknown>\n#11 0x55b128243745 <unknown>\n#12 0x55b12822c2e1 <unknown>\n#13 0x55b1282442d2 <unknown>\n#14 0x55b12821017f <unknown>\n#15 0x55b128269dc8 <unknown>\n#16 0x55b128269fc3 <unknown>\n#17 0x55b12827a944 <unknown>\n#18 0x7f057d094ac3 <unknown>",
  "statusTrace" : "self = <tests.test_signup_page.test_signup_page.TestSignupPage object at 0x7ff88d8ae7e0>\nsignup_page_open = <pages.signup_page.SignUpPage object at 0x7ff88d8d4ad0>\n\n    @allure.title(\"1.11 Регистрация с уже зарегистрированным email и корректными паролем и подтверждением пароля\")\n    @pytest.mark.smoke\n    def test_signup_with_old_email_and_correct_passwords(self, signup_page_open):\n        with allure.step('Заполнить поле email ранее зарегистрированным емайлом'):\n            signup_page_open.put_data_to_email_field(email_auth)\n        with allure.step('Заполнить поле пароль сильным паролем'):\n            signup_page_open.put_data_to_password_field(password0)\n        with allure.step('Заполнить поле подтверждение пароля сильным паролем'):\n            signup_page_open.put_data_to_confirm_password_field(password0)\n        signup_page_open.click_button_registration()\n>       element = signup_page_open.get_error_message()\n\ntests/test_signup_page/test_signup_page.py:67: \n_ _ _ _ _ _ _ _ _ _ _ _ _ _ _ _ _ _ _ _ _ _ _ _ _ _ _ _ _ _ _ _ _ _ _ _ _ _ _ _ \npages/signup_page.py:83: in get_error_message\n    return self.element_is_visible(self.locator.WEAK_PASSWORD)\npages/base_page.py:19: in element_is_visible\n    self.go_to_element(self.element_is_present(locator))\npages/base_page.py:35: in element_is_present\n    return Wait(self.driver, self.timeout).until(es.presence_of_element_located(locator))\n_ _ _ _ _ _ _ _ _ _ _ _ _ _ _ _ _ _ _ _ _ _ _ _ _ _ _ _ _ _ _ _ _ _ _ _ _ _ _ _ \n\nself = <selenium.webdriver.support.wait.WebDriverWait (session=\"36b721842bf86a872d6e87abe9a3aa7c\")>\nmethod = <function presence_of_element_located.<locals>._predicate at 0x7ff88d9d16c0>\nmessage = ''\n\n    def until(self, method: Callable[[D], Union[Literal[False], T]], message: str = \"\") -> T:\n        \"\"\"Calls the method provided with the driver as an argument until the \\\n        return value does not evaluate to ``False``.\n    \n        :param method: callable(WebDriver)\n        :param message: optional message for :exc:`TimeoutException`\n        :returns: the result of the last call to `method`\n        :raises: :exc:`selenium.common.exceptions.TimeoutException` if timeout occurs\n        \"\"\"\n        screen = None\n        stacktrace = None\n    \n        end_time = time.monotonic() + self._timeout\n        while True:\n            try:\n                value = method(self._driver)\n                if value:\n                    return value\n            except self._ignored_exceptions as exc:\n                screen = getattr(exc, \"screen\", None)\n                stacktrace = getattr(exc, \"stacktrace\", None)\n            time.sleep(self._poll)\n            if time.monotonic() > end_time:\n                break\n>       raise TimeoutException(message, screen, stacktrace)\nE       selenium.common.exceptions.TimeoutException: Message: \nE       Stacktrace:\nE       #0 0x55b12827b793 <unknown>\nE       #1 0x55b127f6f1c6 <unknown>\nE       #2 0x55b127fba358 <unknown>\nE       #3 0x55b127fba411 <unknown>\nE       #4 0x55b127ffd934 <unknown>\nE       #5 0x55b127fdc3fd <unknown>\nE       #6 0x55b127ffadd9 <unknown>\nE       #7 0x55b127fdc173 <unknown>\nE       #8 0x55b127fad2d3 <unknown>\nE       #9 0x55b127fadc9e <unknown>\nE       #10 0x55b12823f8cb <unknown>\nE       #11 0x55b128243745 <unknown>\nE       #12 0x55b12822c2e1 <unknown>\nE       #13 0x55b1282442d2 <unknown>\nE       #14 0x55b12821017f <unknown>\nE       #15 0x55b128269dc8 <unknown>\nE       #16 0x55b128269fc3 <unknown>\nE       #17 0x55b12827a944 <unknown>\nE       #18 0x7f057d094ac3 <unknown>\n\n/opt/hostedtoolcache/Python/3.12.2/x64/lib/python3.12/site-packages/selenium/webdriver/support/wait.py:105: TimeoutException",
  "flaky" : false,
  "newFailed" : false,
  "beforeStages" : [ {
    "name" : "clear_allure_results_folder",
    "time" : {
      "start" : 1709529380531,
      "stop" : 1709529380531,
      "duration" : 0
    },
    "status" : "passed",
    "steps" : [ ],
    "attachments" : [ ],
    "parameters" : [ ],
    "stepsCount" : 0,
    "attachmentsCount" : 0,
    "shouldDisplayMessage" : false,
    "hasContent" : false
  }, {
    "name" : "_session_faker",
    "time" : {
      "start" : 1709529380513,
      "stop" : 1709529380531,
      "duration" : 18
    },
    "status" : "passed",
    "steps" : [ ],
    "attachments" : [ ],
    "parameters" : [ ],
    "stepsCount" : 0,
    "attachmentsCount" : 0,
    "shouldDisplayMessage" : false,
    "hasContent" : false
  }, {
    "name" : "signup_page_open",
    "time" : {
      "start" : 1709530151442,
      "stop" : 1709530155044,
      "duration" : 3602
    },
    "status" : "passed",
    "steps" : [ {
      "name" : "Проверка видимости кнопки 'Принимаю все' в сообщении о принятии файлов cookie",
      "time" : {
        "start" : 1709530154987,
        "stop" : 1709530155015,
        "duration" : 28
      },
      "status" : "passed",
      "steps" : [ ],
      "attachments" : [ ],
      "parameters" : [ ],
      "stepsCount" : 0,
      "attachmentsCount" : 0,
      "shouldDisplayMessage" : false,
      "hasContent" : false
    } ],
    "attachments" : [ ],
    "parameters" : [ ],
    "stepsCount" : 1,
    "attachmentsCount" : 0,
    "shouldDisplayMessage" : false,
    "hasContent" : true
  }, {
    "name" : "driver",
    "time" : {
      "start" : 1709530151267,
      "stop" : 1709530151442,
      "duration" : 175
    },
    "status" : "passed",
    "steps" : [ ],
    "attachments" : [ ],
    "parameters" : [ ],
    "stepsCount" : 0,
    "attachmentsCount" : 0,
    "shouldDisplayMessage" : false,
    "hasContent" : false
  } ],
  "testStage" : {
    "status" : "broken",
    "statusMessage" : "selenium.common.exceptions.TimeoutException: Message: \nStacktrace:\n#0 0x55b12827b793 <unknown>\n#1 0x55b127f6f1c6 <unknown>\n#2 0x55b127fba358 <unknown>\n#3 0x55b127fba411 <unknown>\n#4 0x55b127ffd934 <unknown>\n#5 0x55b127fdc3fd <unknown>\n#6 0x55b127ffadd9 <unknown>\n#7 0x55b127fdc173 <unknown>\n#8 0x55b127fad2d3 <unknown>\n#9 0x55b127fadc9e <unknown>\n#10 0x55b12823f8cb <unknown>\n#11 0x55b128243745 <unknown>\n#12 0x55b12822c2e1 <unknown>\n#13 0x55b1282442d2 <unknown>\n#14 0x55b12821017f <unknown>\n#15 0x55b128269dc8 <unknown>\n#16 0x55b128269fc3 <unknown>\n#17 0x55b12827a944 <unknown>\n#18 0x7f057d094ac3 <unknown>",
    "statusTrace" : "self = <tests.test_signup_page.test_signup_page.TestSignupPage object at 0x7ff88d8ae7e0>\nsignup_page_open = <pages.signup_page.SignUpPage object at 0x7ff88d8d4ad0>\n\n    @allure.title(\"1.11 Регистрация с уже зарегистрированным email и корректными паролем и подтверждением пароля\")\n    @pytest.mark.smoke\n    def test_signup_with_old_email_and_correct_passwords(self, signup_page_open):\n        with allure.step('Заполнить поле email ранее зарегистрированным емайлом'):\n            signup_page_open.put_data_to_email_field(email_auth)\n        with allure.step('Заполнить поле пароль сильным паролем'):\n            signup_page_open.put_data_to_password_field(password0)\n        with allure.step('Заполнить поле подтверждение пароля сильным паролем'):\n            signup_page_open.put_data_to_confirm_password_field(password0)\n        signup_page_open.click_button_registration()\n>       element = signup_page_open.get_error_message()\n\ntests/test_signup_page/test_signup_page.py:67: \n_ _ _ _ _ _ _ _ _ _ _ _ _ _ _ _ _ _ _ _ _ _ _ _ _ _ _ _ _ _ _ _ _ _ _ _ _ _ _ _ \npages/signup_page.py:83: in get_error_message\n    return self.element_is_visible(self.locator.WEAK_PASSWORD)\npages/base_page.py:19: in element_is_visible\n    self.go_to_element(self.element_is_present(locator))\npages/base_page.py:35: in element_is_present\n    return Wait(self.driver, self.timeout).until(es.presence_of_element_located(locator))\n_ _ _ _ _ _ _ _ _ _ _ _ _ _ _ _ _ _ _ _ _ _ _ _ _ _ _ _ _ _ _ _ _ _ _ _ _ _ _ _ \n\nself = <selenium.webdriver.support.wait.WebDriverWait (session=\"36b721842bf86a872d6e87abe9a3aa7c\")>\nmethod = <function presence_of_element_located.<locals>._predicate at 0x7ff88d9d16c0>\nmessage = ''\n\n    def until(self, method: Callable[[D], Union[Literal[False], T]], message: str = \"\") -> T:\n        \"\"\"Calls the method provided with the driver as an argument until the \\\n        return value does not evaluate to ``False``.\n    \n        :param method: callable(WebDriver)\n        :param message: optional message for :exc:`TimeoutException`\n        :returns: the result of the last call to `method`\n        :raises: :exc:`selenium.common.exceptions.TimeoutException` if timeout occurs\n        \"\"\"\n        screen = None\n        stacktrace = None\n    \n        end_time = time.monotonic() + self._timeout\n        while True:\n            try:\n                value = method(self._driver)\n                if value:\n                    return value\n            except self._ignored_exceptions as exc:\n                screen = getattr(exc, \"screen\", None)\n                stacktrace = getattr(exc, \"stacktrace\", None)\n            time.sleep(self._poll)\n            if time.monotonic() > end_time:\n                break\n>       raise TimeoutException(message, screen, stacktrace)\nE       selenium.common.exceptions.TimeoutException: Message: \nE       Stacktrace:\nE       #0 0x55b12827b793 <unknown>\nE       #1 0x55b127f6f1c6 <unknown>\nE       #2 0x55b127fba358 <unknown>\nE       #3 0x55b127fba411 <unknown>\nE       #4 0x55b127ffd934 <unknown>\nE       #5 0x55b127fdc3fd <unknown>\nE       #6 0x55b127ffadd9 <unknown>\nE       #7 0x55b127fdc173 <unknown>\nE       #8 0x55b127fad2d3 <unknown>\nE       #9 0x55b127fadc9e <unknown>\nE       #10 0x55b12823f8cb <unknown>\nE       #11 0x55b128243745 <unknown>\nE       #12 0x55b12822c2e1 <unknown>\nE       #13 0x55b1282442d2 <unknown>\nE       #14 0x55b12821017f <unknown>\nE       #15 0x55b128269dc8 <unknown>\nE       #16 0x55b128269fc3 <unknown>\nE       #17 0x55b12827a944 <unknown>\nE       #18 0x7f057d094ac3 <unknown>\n\n/opt/hostedtoolcache/Python/3.12.2/x64/lib/python3.12/site-packages/selenium/webdriver/support/wait.py:105: TimeoutException",
    "steps" : [ {
      "name" : "Заполнить поле email ранее зарегистрированным емайлом",
      "time" : {
        "start" : 1709530155045,
        "stop" : 1709530155116,
        "duration" : 71
      },
      "status" : "passed",
      "steps" : [ ],
      "attachments" : [ ],
      "parameters" : [ ],
      "stepsCount" : 0,
      "attachmentsCount" : 0,
      "shouldDisplayMessage" : false,
      "hasContent" : false
    }, {
      "name" : "Заполнить поле пароль сильным паролем",
      "time" : {
        "start" : 1709530155116,
        "stop" : 1709530155171,
        "duration" : 55
      },
      "status" : "passed",
      "steps" : [ ],
      "attachments" : [ ],
      "parameters" : [ ],
      "stepsCount" : 0,
      "attachmentsCount" : 0,
      "shouldDisplayMessage" : false,
      "hasContent" : false
    }, {
      "name" : "Заполнить поле подтверждение пароля сильным паролем",
      "time" : {
        "start" : 1709530155171,
        "stop" : 1709530155225,
        "duration" : 54
      },
      "status" : "passed",
      "steps" : [ ],
      "attachments" : [ ],
      "parameters" : [ ],
      "stepsCount" : 0,
      "attachmentsCount" : 0,
      "shouldDisplayMessage" : false,
      "hasContent" : false
    }, {
      "name" : "Нажать кнопку 'Регистрация'",
      "time" : {
        "start" : 1709530155225,
        "stop" : 1709530155274,
        "duration" : 49
      },
      "status" : "passed",
      "steps" : [ ],
      "attachments" : [ ],
      "parameters" : [ ],
      "stepsCount" : 0,
      "attachmentsCount" : 0,
      "shouldDisplayMessage" : false,
      "hasContent" : false
    }, {
      "name" : "Проверка сообщения",
      "time" : {
        "start" : 1709530155274,
        "stop" : 1709530175628,
        "duration" : 20354
      },
      "status" : "broken",
      "statusMessage" : "selenium.common.exceptions.TimeoutException: Message: \nStacktrace:\n#0 0x55b12827b793 <unknown>\n#1 0x55b127f6f1c6 <unknown>\n#2 0x55b127fba358 <unknown>\n#3 0x55b127fba411 <unknown>\n#4 0x55b127ffd934 <unknown>\n#5 0x55b127fdc3fd <unknown>\n#6 0x55b127ffadd9 <unknown>\n#7 0x55b127fdc173 <unknown>\n#8 0x55b127fad2d3 <unknown>\n#9 0x55b127fadc9e <unknown>\n#10 0x55b12823f8cb <unknown>\n#11 0x55b128243745 <unknown>\n#12 0x55b12822c2e1 <unknown>\n#13 0x55b1282442d2 <unknown>\n#14 0x55b12821017f <unknown>\n#15 0x55b128269dc8 <unknown>\n#16 0x55b128269fc3 <unknown>\n#17 0x55b12827a944 <unknown>\n#18 0x7f057d094ac3 <unknown>\n\n",
      "statusTrace" : "  File \"/opt/hostedtoolcache/Python/3.12.2/x64/lib/python3.12/site-packages/allure_commons/_allure.py\", line 192, in impl\n    return func(*a, **kw)\n           ^^^^^^^^^^^^^^\n  File \"/home/runner/work/PulseWave/PulseWave/pages/signup_page.py\", line 83, in get_error_message\n    return self.element_is_visible(self.locator.WEAK_PASSWORD)\n           ^^^^^^^^^^^^^^^^^^^^^^^^^^^^^^^^^^^^^^^^^^^^^^^^^^^\n  File \"/home/runner/work/PulseWave/PulseWave/pages/base_page.py\", line 19, in element_is_visible\n    self.go_to_element(self.element_is_present(locator))\n                       ^^^^^^^^^^^^^^^^^^^^^^^^^^^^^^^^\n  File \"/home/runner/work/PulseWave/PulseWave/pages/base_page.py\", line 35, in element_is_present\n    return Wait(self.driver, self.timeout).until(es.presence_of_element_located(locator))\n           ^^^^^^^^^^^^^^^^^^^^^^^^^^^^^^^^^^^^^^^^^^^^^^^^^^^^^^^^^^^^^^^^^^^^^^^^^^^^^^\n  File \"/opt/hostedtoolcache/Python/3.12.2/x64/lib/python3.12/site-packages/selenium/webdriver/support/wait.py\", line 105, in until\n    raise TimeoutException(message, screen, stacktrace)\n",
      "steps" : [ ],
      "attachments" : [ ],
      "parameters" : [ ],
      "stepsCount" : 0,
      "attachmentsCount" : 0,
      "shouldDisplayMessage" : true,
      "hasContent" : true
    } ],
    "attachments" : [ {
      "uid" : "c4dc6a85045a0ebc",
      "name" : "Screenshot",
      "source" : "c4dc6a85045a0ebc.png",
      "type" : "image/png",
      "size" : 65265
    }, {
      "uid" : "5b1663f7a54358b4",
      "name" : "HTML source",
      "source" : "5b1663f7a54358b4.html",
      "type" : "text/html",
      "size" : 98840
    } ],
    "parameters" : [ ],
    "stepsCount" : 5,
    "attachmentsCount" : 2,
    "shouldDisplayMessage" : true,
    "hasContent" : true
  },
  "afterStages" : [ {
    "name" : "driver::0",
    "time" : {
      "start" : 1709530175698,
      "stop" : 1709530175756,
      "duration" : 58
    },
    "status" : "passed",
    "steps" : [ ],
    "attachments" : [ ],
    "parameters" : [ ],
    "stepsCount" : 0,
    "attachmentsCount" : 0,
    "shouldDisplayMessage" : false,
    "hasContent" : false
  } ],
  "labels" : [ {
    "name" : "epic",
    "value" : "Тестирование страницы 'Регистрация'"
  }, {
    "name" : "tag",
    "value" : "smoke"
  }, {
    "name" : "parentSuite",
    "value" : "tests.test_signup_page"
  }, {
    "name" : "suite",
    "value" : "test_signup_page"
  }, {
    "name" : "subSuite",
    "value" : "TestSignupPage"
  }, {
    "name" : "host",
    "value" : "fv-az1148-702"
  }, {
    "name" : "thread",
    "value" : "2266-MainThread"
  }, {
    "name" : "framework",
    "value" : "pytest"
  }, {
    "name" : "language",
    "value" : "cpython3"
  }, {
    "name" : "package",
    "value" : "tests.test_signup_page.test_signup_page"
  }, {
    "name" : "resultFormat",
    "value" : "allure2"
  } ],
  "parameters" : [ {
    "name" : "browser",
    "value" : "'chrome'"
  } ],
  "links" : [ ],
  "hidden" : false,
  "retry" : false,
  "extra" : {
    "severity" : "normal",
    "retries" : [ ],
    "categories" : [ {
      "name" : "Test defects",
      "matchedStatuses" : [ ],
      "flaky" : false
    } ],
    "history" : {
      "statistic" : {
        "failed" : 0,
        "broken" : 2,
        "skipped" : 0,
        "passed" : 30,
        "unknown" : 0,
        "total" : 32
      },
      "items" : [ {
        "uid" : "aead42e81d4279f2",
        "reportUrl" : "https://Nat754.github.io/PulseWave/183//#testresult/aead42e81d4279f2",
        "status" : "passed",
        "time" : {
          "start" : 1709496904632,
          "stop" : 1709496905914,
          "duration" : 1282
        }
      }, {
        "uid" : "767d3caeea857b3d",
        "reportUrl" : "https://Nat754.github.io/PulseWave/183//#testresult/767d3caeea857b3d",
        "status" : "passed",
        "time" : {
          "start" : 1709492258823,
          "stop" : 1709492260112,
          "duration" : 1289
        }
      }, {
        "uid" : "bdfe4123f6f0f0fd",
        "reportUrl" : "https://Nat754.github.io/PulseWave/183//#testresult/bdfe4123f6f0f0fd",
        "status" : "passed",
        "time" : {
          "start" : 1709490622742,
          "stop" : 1709490624029,
          "duration" : 1287
        }
      }, {
        "uid" : "242c13290837911d",
        "reportUrl" : "https://Nat754.github.io/PulseWave/182//#testresult/242c13290837911d",
        "status" : "passed",
        "time" : {
          "start" : 1709488754510,
          "stop" : 1709488755793,
          "duration" : 1283
        }
      }, {
        "uid" : "c75342a53912f5d7",
        "reportUrl" : "https://Nat754.github.io/PulseWave/181//#testresult/c75342a53912f5d7",
        "status" : "passed",
        "time" : {
          "start" : 1709486784747,
          "stop" : 1709486786059,
          "duration" : 1312
        }
      }, {
        "uid" : "2bec3bd6631eb2b4",
        "reportUrl" : "https://Nat754.github.io/PulseWave/181//#testresult/2bec3bd6631eb2b4",
        "status" : "passed",
        "time" : {
          "start" : 1709484376389,
          "stop" : 1709484377200,
          "duration" : 811
        }
      }, {
        "uid" : "1ef76852317913ad",
        "reportUrl" : "https://Nat754.github.io/PulseWave/180//#testresult/1ef76852317913ad",
        "status" : "passed",
        "time" : {
          "start" : 1709409345224,
          "stop" : 1709409346509,
          "duration" : 1285
        }
      }, {
        "uid" : "846bfc5ad4c34384",
        "reportUrl" : "https://Nat754.github.io/PulseWave/179//#testresult/846bfc5ad4c34384",
        "status" : "passed",
        "time" : {
          "start" : 1709406375610,
          "stop" : 1709406376898,
          "duration" : 1288
        }
      }, {
        "uid" : "a294ac5f1eaf6b30",
        "reportUrl" : "https://Nat754.github.io/PulseWave/178//#testresult/a294ac5f1eaf6b30",
        "status" : "passed",
        "time" : {
          "start" : 1708972586420,
          "stop" : 1708972587220,
          "duration" : 800
        }
      }, {
        "uid" : "4fdff49b74319917",
        "reportUrl" : "https://Nat754.github.io/PulseWave/177//#testresult/4fdff49b74319917",
        "status" : "passed",
        "time" : {
          "start" : 1708886320555,
          "stop" : 1708886321854,
          "duration" : 1299
        }
      }, {
        "uid" : "8f46b4754ed3d07e",
        "reportUrl" : "https://Nat754.github.io/PulseWave/176//#testresult/8f46b4754ed3d07e",
        "status" : "passed",
        "time" : {
          "start" : 1708883393598,
          "stop" : 1708883394890,
          "duration" : 1292
        }
      }, {
        "uid" : "7c82541fde60002f",
        "reportUrl" : "https://Nat754.github.io/PulseWave/175//#testresult/7c82541fde60002f",
        "status" : "passed",
        "time" : {
          "start" : 1708807006533,
          "stop" : 1708807007822,
          "duration" : 1289
        }
      }, {
        "uid" : "8e90196411d43151",
        "reportUrl" : "https://Nat754.github.io/PulseWave/174//#testresult/8e90196411d43151",
        "status" : "broken",
        "statusDetails" : "selenium.common.exceptions.SessionNotCreatedException: Message: session not created: Chrome failed to start: exited normally.\n  (session not created: DevToolsActivePort file doesn't exist)\n  (The process started from chrome location /usr/bin/google-chrome is no longer running, so ChromeDriver is assuming that Chrome has crashed.)\nStacktrace:\n#0 0x55eec876d303 <unknown>\n#1 0x55eec84522b7 <unknown>\n#2 0x55eec8486b40 <unknown>\n#3 0x55eec84826e5 <unknown>\n#4 0x55eec84ccabc <unknown>\n#5 0x55eec84c0123 <unknown>\n#6 0x55eec8490095 <unknown>\n#7 0x55eec849109e <unknown>\n#8 0x55eec87316ab <unknown>\n#9 0x55eec87354ba <unknown>\n#10 0x55eec871df85 <unknown>\n#11 0x55eec873612f <unknown>\n#12 0x55eec8701e6f <unknown>\n#13 0x55eec875a5f8 <unknown>\n#14 0x55eec875a7c2 <unknown>\n#15 0x55eec876c4a4 <unknown>\n#16 0x7fe223294ac3 <unknown>",
        "time" : {
          "start" : 1708805881392,
          "stop" : 1708805881392,
          "duration" : 0
        }
      }, {
        "uid" : "c44dcc6373616610",
        "reportUrl" : "https://Nat754.github.io/PulseWave/173//#testresult/c44dcc6373616610",
        "status" : "passed",
        "time" : {
          "start" : 1708548290659,
          "stop" : 1708548291485,
          "duration" : 826
        }
      }, {
        "uid" : "8f5e861e863a071a",
        "reportUrl" : "https://Nat754.github.io/PulseWave/172//#testresult/8f5e861e863a071a",
        "status" : "passed",
        "time" : {
          "start" : 1707851692938,
          "stop" : 1707851694226,
          "duration" : 1288
        }
      }, {
        "uid" : "724f36a7304be7ef",
        "reportUrl" : "https://Nat754.github.io/PulseWave/171//#testresult/724f36a7304be7ef",
        "status" : "passed",
        "time" : {
          "start" : 1707495088421,
          "stop" : 1707495089704,
          "duration" : 1283
        }
      }, {
        "uid" : "d636046a7119b62a",
        "reportUrl" : "https://Nat754.github.io/PulseWave/171//#testresult/d636046a7119b62a",
        "status" : "passed",
        "time" : {
          "start" : 1707480165156,
          "stop" : 1707480166441,
          "duration" : 1285
        }
      }, {
        "uid" : "e7080a5201968dec",
        "reportUrl" : "https://Nat754.github.io/PulseWave/170//#testresult/e7080a5201968dec",
        "status" : "passed",
        "time" : {
          "start" : 1707255510577,
          "stop" : 1707255511860,
          "duration" : 1283
        }
      }, {
        "uid" : "a908bf5a15979691",
        "reportUrl" : "https://Nat754.github.io/PulseWave/169//#testresult/a908bf5a15979691",
        "status" : "passed",
        "time" : {
          "start" : 1707252785122,
          "stop" : 1707252785914,
          "duration" : 792
        }
      }, {
        "uid" : "cd58c8b6547e361c",
        "reportUrl" : "https://Nat754.github.io/PulseWave/169//#testresult/cd58c8b6547e361c",
        "status" : "passed",
        "time" : {
          "start" : 1707245680460,
          "stop" : 1707245681751,
          "duration" : 1291
        }
      } ]
    },
    "tags" : [ "smoke" ]
  },
  "source" : "659735ee8d902842.json",
  "parameterValues" : [ "'chrome'" ]
}