{
  "uid" : "de2fce75d32a7586",
  "name" : "Проверка размера шрифта кнопки 'Регистрация в хедере https://app.pulsewave.ru/auth/login'",
  "fullName" : "tests.header_test.TestHeader#test_get_css_property_header_auth_signup",
  "historyId" : "10656c7dad2d0bbfce2ee8048eeeddfd",
  "time" : {
    "start" : 1751272968260,
    "stop" : 1751273028749,
    "duration" : 60489
  },
  "status" : "skipped",
  "statusMessage" : "XFAIL\n\nselenium.common.exceptions.TimeoutException: Message: \nStacktrace:\n#0 0x5566d810045a <unknown>\n#1 0x5566d7ba5760 <unknown>\n#2 0x5566d7bf7127 <unknown>\n#3 0x5566d7bf7321 <unknown>\n#4 0x5566d7c45e94 <unknown>\n#5 0x5566d7c1ce7d <unknown>\n#6 0x5566d7c4330b <unknown>\n#7 0x5566d7c1cc23 <unknown>\n#8 0x5566d7be94a5 <unknown>\n#9 0x5566d7bea111 <unknown>\n#10 0x5566d80c4f1b <unknown>\n#11 0x5566d80c8e19 <unknown>\n#12 0x5566d80abac9 <unknown>\n#13 0x5566d80c99c8 <unknown>\n#14 0x5566d809034f <unknown>\n#15 0x5566d80eda28 <unknown>\n#16 0x5566d80edc06 <unknown>\n#17 0x5566d80ff336 <unknown>\n#18 0x7f754629caa4 <unknown>\n#19 0x7f7546329c3c <unknown>",
  "statusTrace" : "self = <tests.header_test.TestHeader object at 0x7f9d6c0d7c20>\nheader_open = <pages.header.HeaderPage object at 0x7f9d6c106690>\ncss_property = 'font-size', figma = '18px', name = 'размера шрифта'\nurl = 'https://app.pulsewave.ru/auth/login'\n\n    @pytest.mark.xfail\n    @pytest.mark.parametrize('url', [link.LOGIN_PAGE, link.PASSWORD_RECOVERY])\n    @pytest.mark.parametrize('css_property, figma, name', const.CHECK_BUTTON)\n    @pytest.mark.regress\n    def test_get_css_property_header_auth_signup(self, header_open, css_property, figma, name, url):\n        allure.dynamic.title(f\"Проверка {name} кнопки '{self.const.TEXT_SIGNUP} в хедере {url}'\")\n>       element = header_open.get_header_auth_login()\n\ntests/header_test.py:86: \n_ _ _ _ _ _ _ _ _ _ _ _ _ _ _ _ _ _ _ _ _ _ _ _ _ _ _ _ _ _ _ _ _ _ _ _ _ _ _ _ \npages/header.py:23: in get_header_auth_login\n    return self.element_is_visible(self.locator.AUTH_LOGIN)\npages/base_page.py:20: in element_is_visible\n    element = self.element_is_present(locator)\npages/base_page.py:39: in element_is_present\n    return Wait(self.driver, self.timeout).until(es.presence_of_element_located(locator))\n_ _ _ _ _ _ _ _ _ _ _ _ _ _ _ _ _ _ _ _ _ _ _ _ _ _ _ _ _ _ _ _ _ _ _ _ _ _ _ _ \n\nself = <selenium.webdriver.support.wait.WebDriverWait (session=\"3f6b09dc8c03f4ce8361285d9f3d9c0e\")>\nmethod = <function presence_of_element_located.<locals>._predicate at 0x7f9d6c4967a0>\nmessage = ''\n\n    def until(self, method: Callable[[D], Union[Literal[False], T]], message: str = \"\") -> T:\n        \"\"\"Calls the method provided with the driver as an argument until the \\\n        return value does not evaluate to ``False``.\n    \n        :param method: callable(WebDriver)\n        :param message: optional message for :exc:`TimeoutException`\n        :returns: the result of the last call to `method`\n        :raises: :exc:`selenium.common.exceptions.TimeoutException` if timeout occurs\n        \"\"\"\n        screen = None\n        stacktrace = None\n    \n        end_time = time.monotonic() + self._timeout\n        while True:\n            try:\n                value = method(self._driver)\n                if value:\n                    return value\n            except self._ignored_exceptions as exc:\n                screen = getattr(exc, \"screen\", None)\n                stacktrace = getattr(exc, \"stacktrace\", None)\n            time.sleep(self._poll)\n            if time.monotonic() > end_time:\n                break\n>       raise TimeoutException(message, screen, stacktrace)\nE       selenium.common.exceptions.TimeoutException: Message: \nE       Stacktrace:\nE       #0 0x5566d810045a <unknown>\nE       #1 0x5566d7ba5760 <unknown>\nE       #2 0x5566d7bf7127 <unknown>\nE       #3 0x5566d7bf7321 <unknown>\nE       #4 0x5566d7c45e94 <unknown>\nE       #5 0x5566d7c1ce7d <unknown>\nE       #6 0x5566d7c4330b <unknown>\nE       #7 0x5566d7c1cc23 <unknown>\nE       #8 0x5566d7be94a5 <unknown>\nE       #9 0x5566d7bea111 <unknown>\nE       #10 0x5566d80c4f1b <unknown>\nE       #11 0x5566d80c8e19 <unknown>\nE       #12 0x5566d80abac9 <unknown>\nE       #13 0x5566d80c99c8 <unknown>\nE       #14 0x5566d809034f <unknown>\nE       #15 0x5566d80eda28 <unknown>\nE       #16 0x5566d80edc06 <unknown>\nE       #17 0x5566d80ff336 <unknown>\nE       #18 0x7f754629caa4 <unknown>\nE       #19 0x7f7546329c3c <unknown>\n\n/opt/hostedtoolcache/Python/3.12.11/x64/lib/python3.12/site-packages/selenium/webdriver/support/wait.py:105: TimeoutException",
  "flaky" : false,
  "newFailed" : false,
  "beforeStages" : [ {
    "name" : "_session_faker",
    "time" : {
      "start" : 1751271792010,
      "stop" : 1751271792026,
      "duration" : 16
    },
    "status" : "passed",
    "steps" : [ ],
    "attachments" : [ ],
    "parameters" : [ ],
    "stepsCount" : 0,
    "attachmentsCount" : 0,
    "shouldDisplayMessage" : false,
    "hasContent" : false
  }, {
    "name" : "clear_allure_results_folder",
    "time" : {
      "start" : 1751271792026,
      "stop" : 1751271792026,
      "duration" : 0
    },
    "status" : "passed",
    "steps" : [ ],
    "attachments" : [ ],
    "parameters" : [ ],
    "stepsCount" : 0,
    "attachmentsCount" : 0,
    "shouldDisplayMessage" : false,
    "hasContent" : false
  }, {
    "name" : "header_open",
    "time" : {
      "start" : 1751272965153,
      "stop" : 1751272968259,
      "duration" : 3106
    },
    "status" : "passed",
    "steps" : [ {
      "name" : "Открыть страницу 'https://app.pulsewave.ru/auth/login'",
      "time" : {
        "start" : 1751272965153,
        "stop" : 1751272968259,
        "duration" : 3106
      },
      "status" : "passed",
      "steps" : [ {
        "name" : "Согласиться с использованием файлов cookies, если высветилось окно",
        "time" : {
          "start" : 1751272968184,
          "stop" : 1751272968259,
          "duration" : 75
        },
        "status" : "passed",
        "steps" : [ {
          "name" : "Получить кнопку 'Принимаю всё' в сообщении о принятии файлов cookie на Главной странице",
          "time" : {
            "start" : 1751272968184,
            "stop" : 1751272968212,
            "duration" : 28
          },
          "status" : "passed",
          "steps" : [ {
            "name" : "Проверить видимость элемента",
            "time" : {
              "start" : 1751272968184,
              "stop" : 1751272968212,
              "duration" : 28
            },
            "status" : "passed",
            "steps" : [ {
              "name" : "Проверить присутствие элемента в DOM",
              "time" : {
                "start" : 1751272968184,
                "stop" : 1751272968194,
                "duration" : 10
              },
              "status" : "passed",
              "steps" : [ ],
              "attachments" : [ ],
              "parameters" : [ {
                "name" : "locator",
                "value" : "('css selector', '.cookies__body .button__small')"
              } ],
              "stepsCount" : 0,
              "attachmentsCount" : 0,
              "shouldDisplayMessage" : false,
              "hasContent" : true
            }, {
              "name" : "Проскролить до элемента",
              "time" : {
                "start" : 1751272968194,
                "stop" : 1751272968198,
                "duration" : 4
              },
              "status" : "passed",
              "steps" : [ ],
              "attachments" : [ ],
              "parameters" : [ {
                "name" : "element",
                "value" : "<selenium.webdriver.remote.webelement.WebElement (session=\"3f6b09dc8c03f4ce8361285d9f3d9c0e\", element=\"f.80D6753E29B62EE4001259F1D289B572.d.2905FA226CB4B72D47490D9A83140DD6.e.15\")>"
              } ],
              "stepsCount" : 0,
              "attachmentsCount" : 0,
              "shouldDisplayMessage" : false,
              "hasContent" : true
            } ],
            "attachments" : [ ],
            "parameters" : [ {
              "name" : "locator",
              "value" : "('css selector', '.cookies__body .button__small')"
            } ],
            "stepsCount" : 2,
            "attachmentsCount" : 0,
            "shouldDisplayMessage" : false,
            "hasContent" : true
          } ],
          "attachments" : [ ],
          "parameters" : [ ],
          "stepsCount" : 3,
          "attachmentsCount" : 0,
          "shouldDisplayMessage" : false,
          "hasContent" : true
        } ],
        "attachments" : [ ],
        "parameters" : [ {
          "name" : "driver",
          "value" : "<selenium.webdriver.chrome.webdriver.WebDriver (session=\"3f6b09dc8c03f4ce8361285d9f3d9c0e\")>"
        } ],
        "stepsCount" : 4,
        "attachmentsCount" : 0,
        "shouldDisplayMessage" : false,
        "hasContent" : true
      } ],
      "attachments" : [ ],
      "parameters" : [ ],
      "stepsCount" : 5,
      "attachmentsCount" : 0,
      "shouldDisplayMessage" : false,
      "hasContent" : true
    } ],
    "attachments" : [ ],
    "parameters" : [ ],
    "stepsCount" : 6,
    "attachmentsCount" : 0,
    "shouldDisplayMessage" : false,
    "hasContent" : true
  }, {
    "name" : "driver",
    "time" : {
      "start" : 1751272964810,
      "stop" : 1751272965153,
      "duration" : 343
    },
    "status" : "passed",
    "steps" : [ ],
    "attachments" : [ ],
    "parameters" : [ ],
    "stepsCount" : 0,
    "attachmentsCount" : 0,
    "shouldDisplayMessage" : false,
    "hasContent" : false
  } ],
  "testStage" : {
    "status" : "skipped",
    "statusMessage" : "XFAIL\n\nselenium.common.exceptions.TimeoutException: Message: \nStacktrace:\n#0 0x5566d810045a <unknown>\n#1 0x5566d7ba5760 <unknown>\n#2 0x5566d7bf7127 <unknown>\n#3 0x5566d7bf7321 <unknown>\n#4 0x5566d7c45e94 <unknown>\n#5 0x5566d7c1ce7d <unknown>\n#6 0x5566d7c4330b <unknown>\n#7 0x5566d7c1cc23 <unknown>\n#8 0x5566d7be94a5 <unknown>\n#9 0x5566d7bea111 <unknown>\n#10 0x5566d80c4f1b <unknown>\n#11 0x5566d80c8e19 <unknown>\n#12 0x5566d80abac9 <unknown>\n#13 0x5566d80c99c8 <unknown>\n#14 0x5566d809034f <unknown>\n#15 0x5566d80eda28 <unknown>\n#16 0x5566d80edc06 <unknown>\n#17 0x5566d80ff336 <unknown>\n#18 0x7f754629caa4 <unknown>\n#19 0x7f7546329c3c <unknown>",
    "statusTrace" : "self = <tests.header_test.TestHeader object at 0x7f9d6c0d7c20>\nheader_open = <pages.header.HeaderPage object at 0x7f9d6c106690>\ncss_property = 'font-size', figma = '18px', name = 'размера шрифта'\nurl = 'https://app.pulsewave.ru/auth/login'\n\n    @pytest.mark.xfail\n    @pytest.mark.parametrize('url', [link.LOGIN_PAGE, link.PASSWORD_RECOVERY])\n    @pytest.mark.parametrize('css_property, figma, name', const.CHECK_BUTTON)\n    @pytest.mark.regress\n    def test_get_css_property_header_auth_signup(self, header_open, css_property, figma, name, url):\n        allure.dynamic.title(f\"Проверка {name} кнопки '{self.const.TEXT_SIGNUP} в хедере {url}'\")\n>       element = header_open.get_header_auth_login()\n\ntests/header_test.py:86: \n_ _ _ _ _ _ _ _ _ _ _ _ _ _ _ _ _ _ _ _ _ _ _ _ _ _ _ _ _ _ _ _ _ _ _ _ _ _ _ _ \npages/header.py:23: in get_header_auth_login\n    return self.element_is_visible(self.locator.AUTH_LOGIN)\npages/base_page.py:20: in element_is_visible\n    element = self.element_is_present(locator)\npages/base_page.py:39: in element_is_present\n    return Wait(self.driver, self.timeout).until(es.presence_of_element_located(locator))\n_ _ _ _ _ _ _ _ _ _ _ _ _ _ _ _ _ _ _ _ _ _ _ _ _ _ _ _ _ _ _ _ _ _ _ _ _ _ _ _ \n\nself = <selenium.webdriver.support.wait.WebDriverWait (session=\"3f6b09dc8c03f4ce8361285d9f3d9c0e\")>\nmethod = <function presence_of_element_located.<locals>._predicate at 0x7f9d6c4967a0>\nmessage = ''\n\n    def until(self, method: Callable[[D], Union[Literal[False], T]], message: str = \"\") -> T:\n        \"\"\"Calls the method provided with the driver as an argument until the \\\n        return value does not evaluate to ``False``.\n    \n        :param method: callable(WebDriver)\n        :param message: optional message for :exc:`TimeoutException`\n        :returns: the result of the last call to `method`\n        :raises: :exc:`selenium.common.exceptions.TimeoutException` if timeout occurs\n        \"\"\"\n        screen = None\n        stacktrace = None\n    \n        end_time = time.monotonic() + self._timeout\n        while True:\n            try:\n                value = method(self._driver)\n                if value:\n                    return value\n            except self._ignored_exceptions as exc:\n                screen = getattr(exc, \"screen\", None)\n                stacktrace = getattr(exc, \"stacktrace\", None)\n            time.sleep(self._poll)\n            if time.monotonic() > end_time:\n                break\n>       raise TimeoutException(message, screen, stacktrace)\nE       selenium.common.exceptions.TimeoutException: Message: \nE       Stacktrace:\nE       #0 0x5566d810045a <unknown>\nE       #1 0x5566d7ba5760 <unknown>\nE       #2 0x5566d7bf7127 <unknown>\nE       #3 0x5566d7bf7321 <unknown>\nE       #4 0x5566d7c45e94 <unknown>\nE       #5 0x5566d7c1ce7d <unknown>\nE       #6 0x5566d7c4330b <unknown>\nE       #7 0x5566d7c1cc23 <unknown>\nE       #8 0x5566d7be94a5 <unknown>\nE       #9 0x5566d7bea111 <unknown>\nE       #10 0x5566d80c4f1b <unknown>\nE       #11 0x5566d80c8e19 <unknown>\nE       #12 0x5566d80abac9 <unknown>\nE       #13 0x5566d80c99c8 <unknown>\nE       #14 0x5566d809034f <unknown>\nE       #15 0x5566d80eda28 <unknown>\nE       #16 0x5566d80edc06 <unknown>\nE       #17 0x5566d80ff336 <unknown>\nE       #18 0x7f754629caa4 <unknown>\nE       #19 0x7f7546329c3c <unknown>\n\n/opt/hostedtoolcache/Python/3.12.11/x64/lib/python3.12/site-packages/selenium/webdriver/support/wait.py:105: TimeoutException",
    "steps" : [ {
      "name" : "Проверка видимости кнопки 'Войти' в хэдере",
      "time" : {
        "start" : 1751272968260,
        "stop" : 1751273028748,
        "duration" : 60488
      },
      "status" : "broken",
      "statusMessage" : "selenium.common.exceptions.TimeoutException: Message: \nStacktrace:\n#0 0x5566d810045a <unknown>\n#1 0x5566d7ba5760 <unknown>\n#2 0x5566d7bf7127 <unknown>\n#3 0x5566d7bf7321 <unknown>\n#4 0x5566d7c45e94 <unknown>\n#5 0x5566d7c1ce7d <unknown>\n#6 0x5566d7c4330b <unknown>\n#7 0x5566d7c1cc23 <unknown>\n#8 0x5566d7be94a5 <unknown>\n#9 0x5566d7bea111 <unknown>\n#10 0x5566d80c4f1b <unknown>\n#11 0x5566d80c8e19 <unknown>\n#12 0x5566d80abac9 <unknown>\n#13 0x5566d80c99c8 <unknown>\n#14 0x5566d809034f <unknown>\n#15 0x5566d80eda28 <unknown>\n#16 0x5566d80edc06 <unknown>\n#17 0x5566d80ff336 <unknown>\n#18 0x7f754629caa4 <unknown>\n#19 0x7f7546329c3c <unknown>\n\n",
      "statusTrace" : "  File \"/opt/hostedtoolcache/Python/3.12.11/x64/lib/python3.12/site-packages/allure_commons/_allure.py\", line 192, in impl\n    return func(*a, **kw)\n           ^^^^^^^^^^^^^^\n  File \"/home/runner/work/PulseWave/PulseWave/pages/header.py\", line 23, in get_header_auth_login\n    return self.element_is_visible(self.locator.AUTH_LOGIN)\n           ^^^^^^^^^^^^^^^^^^^^^^^^^^^^^^^^^^^^^^^^^^^^^^^^\n  File \"/opt/hostedtoolcache/Python/3.12.11/x64/lib/python3.12/site-packages/allure_commons/_allure.py\", line 192, in impl\n    return func(*a, **kw)\n           ^^^^^^^^^^^^^^\n  File \"/home/runner/work/PulseWave/PulseWave/pages/base_page.py\", line 20, in element_is_visible\n    element = self.element_is_present(locator)\n              ^^^^^^^^^^^^^^^^^^^^^^^^^^^^^^^^\n  File \"/opt/hostedtoolcache/Python/3.12.11/x64/lib/python3.12/site-packages/allure_commons/_allure.py\", line 192, in impl\n    return func(*a, **kw)\n           ^^^^^^^^^^^^^^\n  File \"/home/runner/work/PulseWave/PulseWave/pages/base_page.py\", line 39, in element_is_present\n    return Wait(self.driver, self.timeout).until(es.presence_of_element_located(locator))\n           ^^^^^^^^^^^^^^^^^^^^^^^^^^^^^^^^^^^^^^^^^^^^^^^^^^^^^^^^^^^^^^^^^^^^^^^^^^^^^^\n  File \"/opt/hostedtoolcache/Python/3.12.11/x64/lib/python3.12/site-packages/selenium/webdriver/support/wait.py\", line 105, in until\n    raise TimeoutException(message, screen, stacktrace)\n",
      "steps" : [ {
        "name" : "Проверить видимость элемента",
        "time" : {
          "start" : 1751272968260,
          "stop" : 1751273028748,
          "duration" : 60488
        },
        "status" : "broken",
        "statusMessage" : "selenium.common.exceptions.TimeoutException: Message: \nStacktrace:\n#0 0x5566d810045a <unknown>\n#1 0x5566d7ba5760 <unknown>\n#2 0x5566d7bf7127 <unknown>\n#3 0x5566d7bf7321 <unknown>\n#4 0x5566d7c45e94 <unknown>\n#5 0x5566d7c1ce7d <unknown>\n#6 0x5566d7c4330b <unknown>\n#7 0x5566d7c1cc23 <unknown>\n#8 0x5566d7be94a5 <unknown>\n#9 0x5566d7bea111 <unknown>\n#10 0x5566d80c4f1b <unknown>\n#11 0x5566d80c8e19 <unknown>\n#12 0x5566d80abac9 <unknown>\n#13 0x5566d80c99c8 <unknown>\n#14 0x5566d809034f <unknown>\n#15 0x5566d80eda28 <unknown>\n#16 0x5566d80edc06 <unknown>\n#17 0x5566d80ff336 <unknown>\n#18 0x7f754629caa4 <unknown>\n#19 0x7f7546329c3c <unknown>\n\n",
        "statusTrace" : "  File \"/opt/hostedtoolcache/Python/3.12.11/x64/lib/python3.12/site-packages/allure_commons/_allure.py\", line 192, in impl\n    return func(*a, **kw)\n           ^^^^^^^^^^^^^^\n  File \"/home/runner/work/PulseWave/PulseWave/pages/base_page.py\", line 20, in element_is_visible\n    element = self.element_is_present(locator)\n              ^^^^^^^^^^^^^^^^^^^^^^^^^^^^^^^^\n  File \"/opt/hostedtoolcache/Python/3.12.11/x64/lib/python3.12/site-packages/allure_commons/_allure.py\", line 192, in impl\n    return func(*a, **kw)\n           ^^^^^^^^^^^^^^\n  File \"/home/runner/work/PulseWave/PulseWave/pages/base_page.py\", line 39, in element_is_present\n    return Wait(self.driver, self.timeout).until(es.presence_of_element_located(locator))\n           ^^^^^^^^^^^^^^^^^^^^^^^^^^^^^^^^^^^^^^^^^^^^^^^^^^^^^^^^^^^^^^^^^^^^^^^^^^^^^^\n  File \"/opt/hostedtoolcache/Python/3.12.11/x64/lib/python3.12/site-packages/selenium/webdriver/support/wait.py\", line 105, in until\n    raise TimeoutException(message, screen, stacktrace)\n",
        "steps" : [ {
          "name" : "Проверить присутствие элемента в DOM",
          "time" : {
            "start" : 1751272968260,
            "stop" : 1751273028748,
            "duration" : 60488
          },
          "status" : "broken",
          "statusMessage" : "selenium.common.exceptions.TimeoutException: Message: \nStacktrace:\n#0 0x5566d810045a <unknown>\n#1 0x5566d7ba5760 <unknown>\n#2 0x5566d7bf7127 <unknown>\n#3 0x5566d7bf7321 <unknown>\n#4 0x5566d7c45e94 <unknown>\n#5 0x5566d7c1ce7d <unknown>\n#6 0x5566d7c4330b <unknown>\n#7 0x5566d7c1cc23 <unknown>\n#8 0x5566d7be94a5 <unknown>\n#9 0x5566d7bea111 <unknown>\n#10 0x5566d80c4f1b <unknown>\n#11 0x5566d80c8e19 <unknown>\n#12 0x5566d80abac9 <unknown>\n#13 0x5566d80c99c8 <unknown>\n#14 0x5566d809034f <unknown>\n#15 0x5566d80eda28 <unknown>\n#16 0x5566d80edc06 <unknown>\n#17 0x5566d80ff336 <unknown>\n#18 0x7f754629caa4 <unknown>\n#19 0x7f7546329c3c <unknown>\n\n",
          "statusTrace" : "  File \"/opt/hostedtoolcache/Python/3.12.11/x64/lib/python3.12/site-packages/allure_commons/_allure.py\", line 192, in impl\n    return func(*a, **kw)\n           ^^^^^^^^^^^^^^\n  File \"/home/runner/work/PulseWave/PulseWave/pages/base_page.py\", line 39, in element_is_present\n    return Wait(self.driver, self.timeout).until(es.presence_of_element_located(locator))\n           ^^^^^^^^^^^^^^^^^^^^^^^^^^^^^^^^^^^^^^^^^^^^^^^^^^^^^^^^^^^^^^^^^^^^^^^^^^^^^^\n  File \"/opt/hostedtoolcache/Python/3.12.11/x64/lib/python3.12/site-packages/selenium/webdriver/support/wait.py\", line 105, in until\n    raise TimeoutException(message, screen, stacktrace)\n",
          "steps" : [ ],
          "attachments" : [ ],
          "parameters" : [ {
            "name" : "locator",
            "value" : "('xpath', '//*[text()=\" Войти \"]')"
          } ],
          "stepsCount" : 0,
          "attachmentsCount" : 0,
          "shouldDisplayMessage" : true,
          "hasContent" : true
        } ],
        "attachments" : [ ],
        "parameters" : [ {
          "name" : "locator",
          "value" : "('xpath', '//*[text()=\" Войти \"]')"
        } ],
        "stepsCount" : 1,
        "attachmentsCount" : 0,
        "shouldDisplayMessage" : false,
        "hasContent" : true
      } ],
      "attachments" : [ ],
      "parameters" : [ ],
      "stepsCount" : 2,
      "attachmentsCount" : 0,
      "shouldDisplayMessage" : false,
      "hasContent" : true
    } ],
    "attachments" : [ {
      "uid" : "b420f1a8ad298b8e",
      "name" : "Screenshot",
      "source" : "b420f1a8ad298b8e.png",
      "type" : "image/png",
      "size" : 57163
    }, {
      "uid" : "7b637ec46d7635f3",
      "name" : "HTML source",
      "source" : "7b637ec46d7635f3.html",
      "type" : "text/html",
      "size" : 39678
    } ],
    "parameters" : [ ],
    "stepsCount" : 3,
    "attachmentsCount" : 2,
    "shouldDisplayMessage" : true,
    "hasContent" : true
  },
  "afterStages" : [ {
    "name" : "driver::0",
    "time" : {
      "start" : 1751273028861,
      "stop" : 1751273028940,
      "duration" : 79
    },
    "status" : "passed",
    "steps" : [ ],
    "attachments" : [ ],
    "parameters" : [ ],
    "stepsCount" : 0,
    "attachmentsCount" : 0,
    "shouldDisplayMessage" : false,
    "hasContent" : false
  } ],
  "labels" : [ {
    "name" : "epic",
    "value" : "Тестирование Хедера"
  }, {
    "name" : "tag",
    "value" : "regress"
  }, {
    "name" : "tag",
    "value" : "@pytest.mark.xfail"
  }, {
    "name" : "parentSuite",
    "value" : "tests"
  }, {
    "name" : "suite",
    "value" : "header_test"
  }, {
    "name" : "subSuite",
    "value" : "TestHeader"
  }, {
    "name" : "host",
    "value" : "pkrvmbietmlfzoi"
  }, {
    "name" : "thread",
    "value" : "2524-MainThread"
  }, {
    "name" : "framework",
    "value" : "pytest"
  }, {
    "name" : "language",
    "value" : "cpython3"
  }, {
    "name" : "package",
    "value" : "tests.header_test"
  }, {
    "name" : "resultFormat",
    "value" : "allure2"
  } ],
  "parameters" : [ {
    "name" : "css_property",
    "value" : "'font-size'"
  }, {
    "name" : "figma",
    "value" : "'18px'"
  }, {
    "name" : "name",
    "value" : "'размера шрифта'"
  }, {
    "name" : "url",
    "value" : "'https://app.pulsewave.ru/auth/login'"
  } ],
  "links" : [ ],
  "hidden" : false,
  "retry" : false,
  "extra" : {
    "severity" : "normal",
    "retries" : [ ],
    "categories" : [ ],
    "history" : {
      "statistic" : {
        "failed" : 0,
        "broken" : 0,
        "skipped" : 2,
        "passed" : 0,
        "unknown" : 0,
        "total" : 2
      },
      "items" : [ {
        "uid" : "c6cf11f561b85bdc",
        "reportUrl" : "https://Nat754.github.io/PulseWave/234//#testresult/c6cf11f561b85bdc",
        "status" : "skipped",
        "statusDetails" : "XFAIL\n\nAssertionError: Не прошла проверка соответствия размера шрифта кнопки 'Регистрация' макету\nassert '16px' == '18px'\n  \n  - 18px\n  ?  ^\n  + 16px\n  ?  ^",
        "time" : {
          "start" : 1751236144335,
          "stop" : 1751236144370,
          "duration" : 35
        }
      } ]
    },
    "tags" : [ "@pytest.mark.xfail", "regress" ]
  },
  "source" : "de2fce75d32a7586.json",
  "parameterValues" : [ "'font-size'", "'18px'", "'размера шрифта'", "'https://app.pulsewave.ru/auth/login'" ]
}