{
  "uid" : "16fa05a664db4c94",
  "name" : "H.1 Проверка некликабельности логотипа на лендинге",
  "fullName" : "tests.ui_tests.header_test.TestHeader#test_visibility_logo",
  "historyId" : "ee38dc5350e5bf9ba01eb584cbeea512",
  "time" : {
    "start" : 1755457034480,
    "stop" : 1755457034509,
    "duration" : 29
  },
  "status" : "skipped",
  "statusMessage" : "XFAIL\n\nAssertionError: Логотип кликабельный на Главной странице\nassert False\n +  where False = <bound method HeaderPage.get_header_logo_is_not_clickable of <pages.header.HeaderPage object at 0x7efd36796810>>()\n +    where <bound method HeaderPage.get_header_logo_is_not_clickable of <pages.header.HeaderPage object at 0x7efd36796810>> = <pages.header.HeaderPage object at 0x7efd36796810>.get_header_logo_is_not_clickable",
  "statusTrace" : "self = <tests.ui_tests.header_test.TestHeader object at 0x7efd3676f2f0>\nheader_open = <pages.header.HeaderPage object at 0x7efd36796810>\nurl = 'https://web.dev.pulsewave.ru/'\n\n    @allure.title(\"H.1 Проверка некликабельности логотипа на лендинге\")\n    @pytest.mark.xfail(reazon='Лого пока кликабельный на лендинге')\n    @pytest.mark.regress\n    @pytest.mark.parametrize('url', [link.START_PAGE])\n    def test_visibility_logo(self, header_open, url):\n>       assert header_open.get_header_logo_is_not_clickable(), 'Логотип кликабельный на Главной странице'\nE       AssertionError: Логотип кликабельный на Главной странице\nE       assert False\nE        +  where False = <bound method HeaderPage.get_header_logo_is_not_clickable of <pages.header.HeaderPage object at 0x7efd36796810>>()\nE        +    where <bound method HeaderPage.get_header_logo_is_not_clickable of <pages.header.HeaderPage object at 0x7efd36796810>> = <pages.header.HeaderPage object at 0x7efd36796810>.get_header_logo_is_not_clickable\n\ntests/ui_tests/header_test.py:18: AssertionError",
  "flaky" : false,
  "newFailed" : false,
  "beforeStages" : [ {
    "name" : "header_open",
    "time" : {
      "start" : 1755456972223,
      "stop" : 1755457034480,
      "duration" : 62257
    },
    "status" : "passed",
    "steps" : [ {
      "name" : "Открыть страницу 'https://web.dev.pulsewave.ru/'",
      "time" : {
        "start" : 1755456972223,
        "stop" : 1755457034480,
        "duration" : 62257
      },
      "status" : "passed",
      "steps" : [ {
        "name" : "Согласиться с использованием файлов cookies, если высветилось окно",
        "time" : {
          "start" : 1755456974362,
          "stop" : 1755457034480,
          "duration" : 60118
        },
        "status" : "passed",
        "steps" : [ {
          "name" : "Получить кнопку 'Принимаю всё' в сообщении о принятии файлов cookie на Главной странице",
          "time" : {
            "start" : 1755456974363,
            "stop" : 1755457034480,
            "duration" : 60117
          },
          "status" : "broken",
          "statusMessage" : "selenium.common.exceptions.TimeoutException: Message: \nStacktrace:\n#0 0x56212acde05a <unknown>\n#1 0x56212a77da70 <unknown>\n#2 0x56212a7cf907 <unknown>\n#3 0x56212a7cfb01 <unknown>\n#4 0x56212a81dd54 <unknown>\n#5 0x56212a7f540d <unknown>\n#6 0x56212a81b14f <unknown>\n#7 0x56212a7f51b3 <unknown>\n#8 0x56212a7c159b <unknown>\n#9 0x56212a7c2971 <unknown>\n#10 0x56212aca322b <unknown>\n#11 0x56212aca6f79 <unknown>\n#12 0x56212ac8a309 <unknown>\n#13 0x56212aca7b28 <unknown>\n#14 0x56212ac6ebef <unknown>\n#15 0x56212accb0e8 <unknown>\n#16 0x56212accb2c6 <unknown>\n#17 0x56212acdd036 <unknown>\n#18 0x7f083849caa4 <unknown>\n#19 0x7f0838529c3c <unknown>\n\n",
          "statusTrace" : "  File \"/opt/hostedtoolcache/Python/3.12.11/x64/lib/python3.12/site-packages/allure_commons/_allure.py\", line 192, in impl\n    return func(*a, **kw)\n           ^^^^^^^^^^^^^^\n  File \"/home/runner/work/PulseWave/PulseWave/pages/footer.py\", line 39, in get_allow_all_cookies\n    button_text = self.element_is_visible(self.locator.ALLOW_ALL_COOKIES)\n                  ^^^^^^^^^^^^^^^^^^^^^^^^^^^^^^^^^^^^^^^^^^^^^^^^^^^^^^^\n  File \"/opt/hostedtoolcache/Python/3.12.11/x64/lib/python3.12/site-packages/allure_commons/_allure.py\", line 192, in impl\n    return func(*a, **kw)\n           ^^^^^^^^^^^^^^\n  File \"/home/runner/work/PulseWave/PulseWave/pages/base_page.py\", line 20, in element_is_visible\n    element = self.element_is_present(locator)\n              ^^^^^^^^^^^^^^^^^^^^^^^^^^^^^^^^\n  File \"/opt/hostedtoolcache/Python/3.12.11/x64/lib/python3.12/site-packages/allure_commons/_allure.py\", line 192, in impl\n    return func(*a, **kw)\n           ^^^^^^^^^^^^^^\n  File \"/home/runner/work/PulseWave/PulseWave/pages/base_page.py\", line 39, in element_is_present\n    return Wait(self.driver, self.timeout).until(es.presence_of_element_located(locator))\n           ^^^^^^^^^^^^^^^^^^^^^^^^^^^^^^^^^^^^^^^^^^^^^^^^^^^^^^^^^^^^^^^^^^^^^^^^^^^^^^\n  File \"/opt/hostedtoolcache/Python/3.12.11/x64/lib/python3.12/site-packages/selenium/webdriver/support/wait.py\", line 105, in until\n    raise TimeoutException(message, screen, stacktrace)\n",
          "steps" : [ {
            "name" : "Проверить видимость элемента",
            "time" : {
              "start" : 1755456974363,
              "stop" : 1755457034479,
              "duration" : 60116
            },
            "status" : "broken",
            "statusMessage" : "selenium.common.exceptions.TimeoutException: Message: \nStacktrace:\n#0 0x56212acde05a <unknown>\n#1 0x56212a77da70 <unknown>\n#2 0x56212a7cf907 <unknown>\n#3 0x56212a7cfb01 <unknown>\n#4 0x56212a81dd54 <unknown>\n#5 0x56212a7f540d <unknown>\n#6 0x56212a81b14f <unknown>\n#7 0x56212a7f51b3 <unknown>\n#8 0x56212a7c159b <unknown>\n#9 0x56212a7c2971 <unknown>\n#10 0x56212aca322b <unknown>\n#11 0x56212aca6f79 <unknown>\n#12 0x56212ac8a309 <unknown>\n#13 0x56212aca7b28 <unknown>\n#14 0x56212ac6ebef <unknown>\n#15 0x56212accb0e8 <unknown>\n#16 0x56212accb2c6 <unknown>\n#17 0x56212acdd036 <unknown>\n#18 0x7f083849caa4 <unknown>\n#19 0x7f0838529c3c <unknown>\n\n",
            "statusTrace" : "  File \"/opt/hostedtoolcache/Python/3.12.11/x64/lib/python3.12/site-packages/allure_commons/_allure.py\", line 192, in impl\n    return func(*a, **kw)\n           ^^^^^^^^^^^^^^\n  File \"/home/runner/work/PulseWave/PulseWave/pages/base_page.py\", line 20, in element_is_visible\n    element = self.element_is_present(locator)\n              ^^^^^^^^^^^^^^^^^^^^^^^^^^^^^^^^\n  File \"/opt/hostedtoolcache/Python/3.12.11/x64/lib/python3.12/site-packages/allure_commons/_allure.py\", line 192, in impl\n    return func(*a, **kw)\n           ^^^^^^^^^^^^^^\n  File \"/home/runner/work/PulseWave/PulseWave/pages/base_page.py\", line 39, in element_is_present\n    return Wait(self.driver, self.timeout).until(es.presence_of_element_located(locator))\n           ^^^^^^^^^^^^^^^^^^^^^^^^^^^^^^^^^^^^^^^^^^^^^^^^^^^^^^^^^^^^^^^^^^^^^^^^^^^^^^\n  File \"/opt/hostedtoolcache/Python/3.12.11/x64/lib/python3.12/site-packages/selenium/webdriver/support/wait.py\", line 105, in until\n    raise TimeoutException(message, screen, stacktrace)\n",
            "steps" : [ {
              "name" : "Проверить присутствие элемента в DOM",
              "time" : {
                "start" : 1755456974364,
                "stop" : 1755457034479,
                "duration" : 60115
              },
              "status" : "broken",
              "statusMessage" : "selenium.common.exceptions.TimeoutException: Message: \nStacktrace:\n#0 0x56212acde05a <unknown>\n#1 0x56212a77da70 <unknown>\n#2 0x56212a7cf907 <unknown>\n#3 0x56212a7cfb01 <unknown>\n#4 0x56212a81dd54 <unknown>\n#5 0x56212a7f540d <unknown>\n#6 0x56212a81b14f <unknown>\n#7 0x56212a7f51b3 <unknown>\n#8 0x56212a7c159b <unknown>\n#9 0x56212a7c2971 <unknown>\n#10 0x56212aca322b <unknown>\n#11 0x56212aca6f79 <unknown>\n#12 0x56212ac8a309 <unknown>\n#13 0x56212aca7b28 <unknown>\n#14 0x56212ac6ebef <unknown>\n#15 0x56212accb0e8 <unknown>\n#16 0x56212accb2c6 <unknown>\n#17 0x56212acdd036 <unknown>\n#18 0x7f083849caa4 <unknown>\n#19 0x7f0838529c3c <unknown>\n\n",
              "statusTrace" : "  File \"/opt/hostedtoolcache/Python/3.12.11/x64/lib/python3.12/site-packages/allure_commons/_allure.py\", line 192, in impl\n    return func(*a, **kw)\n           ^^^^^^^^^^^^^^\n  File \"/home/runner/work/PulseWave/PulseWave/pages/base_page.py\", line 39, in element_is_present\n    return Wait(self.driver, self.timeout).until(es.presence_of_element_located(locator))\n           ^^^^^^^^^^^^^^^^^^^^^^^^^^^^^^^^^^^^^^^^^^^^^^^^^^^^^^^^^^^^^^^^^^^^^^^^^^^^^^\n  File \"/opt/hostedtoolcache/Python/3.12.11/x64/lib/python3.12/site-packages/selenium/webdriver/support/wait.py\", line 105, in until\n    raise TimeoutException(message, screen, stacktrace)\n",
              "steps" : [ ],
              "attachments" : [ ],
              "parameters" : [ {
                "name" : "locator",
                "value" : "('css selector', '.cookies__body .button__small')"
              } ],
              "stepsCount" : 0,
              "attachmentsCount" : 0,
              "shouldDisplayMessage" : true,
              "hasContent" : true
            } ],
            "attachments" : [ ],
            "parameters" : [ {
              "name" : "locator",
              "value" : "('css selector', '.cookies__body .button__small')"
            } ],
            "stepsCount" : 1,
            "attachmentsCount" : 0,
            "shouldDisplayMessage" : false,
            "hasContent" : true
          } ],
          "attachments" : [ ],
          "parameters" : [ ],
          "stepsCount" : 2,
          "attachmentsCount" : 0,
          "shouldDisplayMessage" : false,
          "hasContent" : true
        } ],
        "attachments" : [ ],
        "parameters" : [ {
          "name" : "driver",
          "value" : "<selenium.webdriver.chrome.webdriver.WebDriver (session=\"0683625c0f7c47c6ca382159f16e9aa1\")>"
        } ],
        "stepsCount" : 3,
        "attachmentsCount" : 0,
        "shouldDisplayMessage" : false,
        "hasContent" : true
      } ],
      "attachments" : [ ],
      "parameters" : [ ],
      "stepsCount" : 4,
      "attachmentsCount" : 0,
      "shouldDisplayMessage" : false,
      "hasContent" : true
    } ],
    "attachments" : [ ],
    "parameters" : [ ],
    "stepsCount" : 5,
    "attachmentsCount" : 0,
    "shouldDisplayMessage" : false,
    "hasContent" : true
  }, {
    "name" : "driver",
    "time" : {
      "start" : 1755456971971,
      "stop" : 1755456972223,
      "duration" : 252
    },
    "status" : "passed",
    "steps" : [ ],
    "attachments" : [ ],
    "parameters" : [ ],
    "stepsCount" : 0,
    "attachmentsCount" : 0,
    "shouldDisplayMessage" : false,
    "hasContent" : false
  }, {
    "name" : "_session_faker",
    "time" : {
      "start" : 1755453542311,
      "stop" : 1755453542326,
      "duration" : 15
    },
    "status" : "passed",
    "steps" : [ ],
    "attachments" : [ ],
    "parameters" : [ ],
    "stepsCount" : 0,
    "attachmentsCount" : 0,
    "shouldDisplayMessage" : false,
    "hasContent" : false
  }, {
    "name" : "clear_allure_result_folder",
    "time" : {
      "start" : 1755453542326,
      "stop" : 1755453542326,
      "duration" : 0
    },
    "status" : "passed",
    "steps" : [ ],
    "attachments" : [ ],
    "parameters" : [ ],
    "stepsCount" : 0,
    "attachmentsCount" : 0,
    "shouldDisplayMessage" : false,
    "hasContent" : false
  } ],
  "testStage" : {
    "status" : "skipped",
    "statusMessage" : "XFAIL\n\nAssertionError: Логотип кликабельный на Главной странице\nassert False\n +  where False = <bound method HeaderPage.get_header_logo_is_not_clickable of <pages.header.HeaderPage object at 0x7efd36796810>>()\n +    where <bound method HeaderPage.get_header_logo_is_not_clickable of <pages.header.HeaderPage object at 0x7efd36796810>> = <pages.header.HeaderPage object at 0x7efd36796810>.get_header_logo_is_not_clickable",
    "statusTrace" : "self = <tests.ui_tests.header_test.TestHeader object at 0x7efd3676f2f0>\nheader_open = <pages.header.HeaderPage object at 0x7efd36796810>\nurl = 'https://web.dev.pulsewave.ru/'\n\n    @allure.title(\"H.1 Проверка некликабельности логотипа на лендинге\")\n    @pytest.mark.xfail(reazon='Лого пока кликабельный на лендинге')\n    @pytest.mark.regress\n    @pytest.mark.parametrize('url', [link.START_PAGE])\n    def test_visibility_logo(self, header_open, url):\n>       assert header_open.get_header_logo_is_not_clickable(), 'Логотип кликабельный на Главной странице'\nE       AssertionError: Логотип кликабельный на Главной странице\nE       assert False\nE        +  where False = <bound method HeaderPage.get_header_logo_is_not_clickable of <pages.header.HeaderPage object at 0x7efd36796810>>()\nE        +    where <bound method HeaderPage.get_header_logo_is_not_clickable of <pages.header.HeaderPage object at 0x7efd36796810>> = <pages.header.HeaderPage object at 0x7efd36796810>.get_header_logo_is_not_clickable\n\ntests/ui_tests/header_test.py:18: AssertionError",
    "steps" : [ {
      "name" : "Проверка некликабельности логотипа в хедере",
      "time" : {
        "start" : 1755457034480,
        "stop" : 1755457034509,
        "duration" : 29
      },
      "status" : "passed",
      "steps" : [ {
        "name" : "Проверка некликабельности видимого элемента",
        "time" : {
          "start" : 1755457034481,
          "stop" : 1755457034509,
          "duration" : 28
        },
        "status" : "passed",
        "steps" : [ ],
        "attachments" : [ ],
        "parameters" : [ {
          "name" : "locator",
          "value" : "('class name', 'header__logo')"
        } ],
        "stepsCount" : 0,
        "attachmentsCount" : 0,
        "shouldDisplayMessage" : false,
        "hasContent" : true
      } ],
      "attachments" : [ ],
      "parameters" : [ ],
      "stepsCount" : 1,
      "attachmentsCount" : 0,
      "shouldDisplayMessage" : false,
      "hasContent" : true
    } ],
    "attachments" : [ {
      "name" : "Screenshot",
      "type" : "image/png",
      "size" : 0
    } ],
    "parameters" : [ ],
    "stepsCount" : 2,
    "attachmentsCount" : 1,
    "shouldDisplayMessage" : true,
    "hasContent" : true
  },
  "afterStages" : [ {
    "name" : "driver::0",
    "time" : {
      "start" : 1755457034786,
      "stop" : 1755457034852,
      "duration" : 66
    },
    "status" : "passed",
    "steps" : [ ],
    "attachments" : [ ],
    "parameters" : [ ],
    "stepsCount" : 0,
    "attachmentsCount" : 0,
    "shouldDisplayMessage" : false,
    "hasContent" : false
  } ],
  "labels" : [ {
    "name" : "epic",
    "value" : "Тестирование Хедера"
  }, {
    "name" : "tag",
    "value" : "regress"
  }, {
    "name" : "tag",
    "value" : "@pytest.mark.xfail(reazon='Лого пока кликабельный на лендинге')"
  }, {
    "name" : "parentSuite",
    "value" : "tests.ui_tests"
  }, {
    "name" : "suite",
    "value" : "header_test"
  }, {
    "name" : "subSuite",
    "value" : "TestHeader"
  }, {
    "name" : "host",
    "value" : "pkrvmubgrv54qmi"
  }, {
    "name" : "thread",
    "value" : "2563-MainThread"
  }, {
    "name" : "framework",
    "value" : "pytest"
  }, {
    "name" : "language",
    "value" : "cpython3"
  }, {
    "name" : "package",
    "value" : "tests.ui_tests.header_test"
  }, {
    "name" : "resultFormat",
    "value" : "allure2"
  } ],
  "parameters" : [ {
    "name" : "url",
    "value" : "'https://web.dev.pulsewave.ru/'"
  } ],
  "links" : [ ],
  "hidden" : false,
  "retry" : false,
  "extra" : {
    "severity" : "normal",
    "retries" : [ ],
    "categories" : [ ],
    "tags" : [ "@pytest.mark.xfail(reazon='Лого пока кликабельный на лендинге')", "regress" ]
  },
  "source" : "16fa05a664db4c94.json",
  "parameterValues" : [ "'https://web.dev.pulsewave.ru/'" ]
}