{
  "uid" : "1d4a24027483be9a",
  "name" : "H.8 Проверка размера шрифта кнопки 'Регистрация в хедере https://app.dev.pulsewave.ru/auth/login'",
  "fullName" : "tests.ui_tests.header_test.TestHeader#test_get_css_property_header_auth_signup",
  "historyId" : "2e98e106938c6ec00c79608b5f3478d3",
  "time" : {
    "start" : 1755458398765,
    "stop" : 1755458459128,
    "duration" : 60363
  },
  "status" : "skipped",
  "statusMessage" : "XFAIL\n\nselenium.common.exceptions.TimeoutException: Message: \nStacktrace:\n#0 0x563df42ad05a <unknown>\n#1 0x563df3d4ca70 <unknown>\n#2 0x563df3d9e907 <unknown>\n#3 0x563df3d9eb01 <unknown>\n#4 0x563df3decd54 <unknown>\n#5 0x563df3dc440d <unknown>\n#6 0x563df3dea14f <unknown>\n#7 0x563df3dc41b3 <unknown>\n#8 0x563df3d9059b <unknown>\n#9 0x563df3d91971 <unknown>\n#10 0x563df427222b <unknown>\n#11 0x563df4275f79 <unknown>\n#12 0x563df4259309 <unknown>\n#13 0x563df4276b28 <unknown>\n#14 0x563df423dbef <unknown>\n#15 0x563df429a0e8 <unknown>\n#16 0x563df429a2c6 <unknown>\n#17 0x563df42ac036 <unknown>\n#18 0x7fd0f329caa4 <unknown>\n#19 0x7fd0f3329c3c <unknown>",
  "statusTrace" : "self = <tests.ui_tests.header_test.TestHeader object at 0x7efd3676e1e0>\nheader_open = <pages.header.HeaderPage object at 0x7efd367997c0>\ncss_property = 'font-size', figma = '18px', name = 'размера шрифта'\nurl = 'https://app.dev.pulsewave.ru/auth/login'\n\n    @pytest.mark.xfail\n    @pytest.mark.parametrize('url', [link.LOGIN_PAGE, link.PASSWORD_RECOVERY])\n    @pytest.mark.parametrize('css_property, figma, name', const.CHECK_BUTTON)\n    @pytest.mark.regress\n    def test_get_css_property_header_auth_signup(self, header_open, css_property, figma, name, url):\n        allure.dynamic.title(f\"H.8 Проверка {name} кнопки '{self.const.TEXT_SIGNUP} в хедере {url}'\")\n>       element = header_open.get_header_auth_login()\n\ntests/ui_tests/header_test.py:85: \n_ _ _ _ _ _ _ _ _ _ _ _ _ _ _ _ _ _ _ _ _ _ _ _ _ _ _ _ _ _ _ _ _ _ _ _ _ _ _ _ \npages/header.py:23: in get_header_auth_login\n    return self.element_is_visible(self.locator.AUTH_LOGIN)\npages/base_page.py:20: in element_is_visible\n    element = self.element_is_present(locator)\npages/base_page.py:39: in element_is_present\n    return Wait(self.driver, self.timeout).until(es.presence_of_element_located(locator))\n_ _ _ _ _ _ _ _ _ _ _ _ _ _ _ _ _ _ _ _ _ _ _ _ _ _ _ _ _ _ _ _ _ _ _ _ _ _ _ _ \n\nself = <selenium.webdriver.support.wait.WebDriverWait (session=\"ce0c9331ea4a2aff02251312ac73be96\")>\nmethod = <function presence_of_element_located.<locals>._predicate at 0x7efd34b9e980>\nmessage = ''\n\n    def until(self, method: Callable[[D], Union[Literal[False], T]], message: str = \"\") -> T:\n        \"\"\"Calls the method provided with the driver as an argument until the \\\n        return value does not evaluate to ``False``.\n    \n        :param method: callable(WebDriver)\n        :param message: optional message for :exc:`TimeoutException`\n        :returns: the result of the last call to `method`\n        :raises: :exc:`selenium.common.exceptions.TimeoutException` if timeout occurs\n        \"\"\"\n        screen = None\n        stacktrace = None\n    \n        end_time = time.monotonic() + self._timeout\n        while True:\n            try:\n                value = method(self._driver)\n                if value:\n                    return value\n            except self._ignored_exceptions as exc:\n                screen = getattr(exc, \"screen\", None)\n                stacktrace = getattr(exc, \"stacktrace\", None)\n            time.sleep(self._poll)\n            if time.monotonic() > end_time:\n                break\n>       raise TimeoutException(message, screen, stacktrace)\nE       selenium.common.exceptions.TimeoutException: Message: \nE       Stacktrace:\nE       #0 0x563df42ad05a <unknown>\nE       #1 0x563df3d4ca70 <unknown>\nE       #2 0x563df3d9e907 <unknown>\nE       #3 0x563df3d9eb01 <unknown>\nE       #4 0x563df3decd54 <unknown>\nE       #5 0x563df3dc440d <unknown>\nE       #6 0x563df3dea14f <unknown>\nE       #7 0x563df3dc41b3 <unknown>\nE       #8 0x563df3d9059b <unknown>\nE       #9 0x563df3d91971 <unknown>\nE       #10 0x563df427222b <unknown>\nE       #11 0x563df4275f79 <unknown>\nE       #12 0x563df4259309 <unknown>\nE       #13 0x563df4276b28 <unknown>\nE       #14 0x563df423dbef <unknown>\nE       #15 0x563df429a0e8 <unknown>\nE       #16 0x563df429a2c6 <unknown>\nE       #17 0x563df42ac036 <unknown>\nE       #18 0x7fd0f329caa4 <unknown>\nE       #19 0x7fd0f3329c3c <unknown>\n\n/opt/hostedtoolcache/Python/3.12.11/x64/lib/python3.12/site-packages/selenium/webdriver/support/wait.py:105: TimeoutException",
  "flaky" : false,
  "newFailed" : false,
  "beforeStages" : [ {
    "name" : "header_open",
    "time" : {
      "start" : 1755458334937,
      "stop" : 1755458398765,
      "duration" : 63828
    },
    "status" : "passed",
    "steps" : [ {
      "name" : "Открыть страницу 'https://app.dev.pulsewave.ru/auth/login'",
      "time" : {
        "start" : 1755458334937,
        "stop" : 1755458398765,
        "duration" : 63828
      },
      "status" : "passed",
      "steps" : [ {
        "name" : "Согласиться с использованием файлов cookies, если высветилось окно",
        "time" : {
          "start" : 1755458338497,
          "stop" : 1755458398765,
          "duration" : 60268
        },
        "status" : "passed",
        "steps" : [ {
          "name" : "Получить кнопку 'Принимаю всё' в сообщении о принятии файлов cookie на Главной странице",
          "time" : {
            "start" : 1755458338497,
            "stop" : 1755458398764,
            "duration" : 60267
          },
          "status" : "broken",
          "statusMessage" : "selenium.common.exceptions.TimeoutException: Message: \nStacktrace:\n#0 0x563df42ad05a <unknown>\n#1 0x563df3d4ca70 <unknown>\n#2 0x563df3d9e907 <unknown>\n#3 0x563df3d9eb01 <unknown>\n#4 0x563df3decd54 <unknown>\n#5 0x563df3dc440d <unknown>\n#6 0x563df3dea14f <unknown>\n#7 0x563df3dc41b3 <unknown>\n#8 0x563df3d9059b <unknown>\n#9 0x563df3d91971 <unknown>\n#10 0x563df427222b <unknown>\n#11 0x563df4275f79 <unknown>\n#12 0x563df4259309 <unknown>\n#13 0x563df4276b28 <unknown>\n#14 0x563df423dbef <unknown>\n#15 0x563df429a0e8 <unknown>\n#16 0x563df429a2c6 <unknown>\n#17 0x563df42ac036 <unknown>\n#18 0x7fd0f329caa4 <unknown>\n#19 0x7fd0f3329c3c <unknown>\n\n",
          "statusTrace" : "  File \"/opt/hostedtoolcache/Python/3.12.11/x64/lib/python3.12/site-packages/allure_commons/_allure.py\", line 192, in impl\n    return func(*a, **kw)\n           ^^^^^^^^^^^^^^\n  File \"/home/runner/work/PulseWave/PulseWave/pages/footer.py\", line 39, in get_allow_all_cookies\n    button_text = self.element_is_visible(self.locator.ALLOW_ALL_COOKIES)\n                  ^^^^^^^^^^^^^^^^^^^^^^^^^^^^^^^^^^^^^^^^^^^^^^^^^^^^^^^\n  File \"/opt/hostedtoolcache/Python/3.12.11/x64/lib/python3.12/site-packages/allure_commons/_allure.py\", line 192, in impl\n    return func(*a, **kw)\n           ^^^^^^^^^^^^^^\n  File \"/home/runner/work/PulseWave/PulseWave/pages/base_page.py\", line 20, in element_is_visible\n    element = self.element_is_present(locator)\n              ^^^^^^^^^^^^^^^^^^^^^^^^^^^^^^^^\n  File \"/opt/hostedtoolcache/Python/3.12.11/x64/lib/python3.12/site-packages/allure_commons/_allure.py\", line 192, in impl\n    return func(*a, **kw)\n           ^^^^^^^^^^^^^^\n  File \"/home/runner/work/PulseWave/PulseWave/pages/base_page.py\", line 39, in element_is_present\n    return Wait(self.driver, self.timeout).until(es.presence_of_element_located(locator))\n           ^^^^^^^^^^^^^^^^^^^^^^^^^^^^^^^^^^^^^^^^^^^^^^^^^^^^^^^^^^^^^^^^^^^^^^^^^^^^^^\n  File \"/opt/hostedtoolcache/Python/3.12.11/x64/lib/python3.12/site-packages/selenium/webdriver/support/wait.py\", line 105, in until\n    raise TimeoutException(message, screen, stacktrace)\n",
          "steps" : [ {
            "name" : "Проверить видимость элемента",
            "time" : {
              "start" : 1755458338497,
              "stop" : 1755458398764,
              "duration" : 60267
            },
            "status" : "broken",
            "statusMessage" : "selenium.common.exceptions.TimeoutException: Message: \nStacktrace:\n#0 0x563df42ad05a <unknown>\n#1 0x563df3d4ca70 <unknown>\n#2 0x563df3d9e907 <unknown>\n#3 0x563df3d9eb01 <unknown>\n#4 0x563df3decd54 <unknown>\n#5 0x563df3dc440d <unknown>\n#6 0x563df3dea14f <unknown>\n#7 0x563df3dc41b3 <unknown>\n#8 0x563df3d9059b <unknown>\n#9 0x563df3d91971 <unknown>\n#10 0x563df427222b <unknown>\n#11 0x563df4275f79 <unknown>\n#12 0x563df4259309 <unknown>\n#13 0x563df4276b28 <unknown>\n#14 0x563df423dbef <unknown>\n#15 0x563df429a0e8 <unknown>\n#16 0x563df429a2c6 <unknown>\n#17 0x563df42ac036 <unknown>\n#18 0x7fd0f329caa4 <unknown>\n#19 0x7fd0f3329c3c <unknown>\n\n",
            "statusTrace" : "  File \"/opt/hostedtoolcache/Python/3.12.11/x64/lib/python3.12/site-packages/allure_commons/_allure.py\", line 192, in impl\n    return func(*a, **kw)\n           ^^^^^^^^^^^^^^\n  File \"/home/runner/work/PulseWave/PulseWave/pages/base_page.py\", line 20, in element_is_visible\n    element = self.element_is_present(locator)\n              ^^^^^^^^^^^^^^^^^^^^^^^^^^^^^^^^\n  File \"/opt/hostedtoolcache/Python/3.12.11/x64/lib/python3.12/site-packages/allure_commons/_allure.py\", line 192, in impl\n    return func(*a, **kw)\n           ^^^^^^^^^^^^^^\n  File \"/home/runner/work/PulseWave/PulseWave/pages/base_page.py\", line 39, in element_is_present\n    return Wait(self.driver, self.timeout).until(es.presence_of_element_located(locator))\n           ^^^^^^^^^^^^^^^^^^^^^^^^^^^^^^^^^^^^^^^^^^^^^^^^^^^^^^^^^^^^^^^^^^^^^^^^^^^^^^\n  File \"/opt/hostedtoolcache/Python/3.12.11/x64/lib/python3.12/site-packages/selenium/webdriver/support/wait.py\", line 105, in until\n    raise TimeoutException(message, screen, stacktrace)\n",
            "steps" : [ {
              "name" : "Проверить присутствие элемента в DOM",
              "time" : {
                "start" : 1755458338497,
                "stop" : 1755458398764,
                "duration" : 60267
              },
              "status" : "broken",
              "statusMessage" : "selenium.common.exceptions.TimeoutException: Message: \nStacktrace:\n#0 0x563df42ad05a <unknown>\n#1 0x563df3d4ca70 <unknown>\n#2 0x563df3d9e907 <unknown>\n#3 0x563df3d9eb01 <unknown>\n#4 0x563df3decd54 <unknown>\n#5 0x563df3dc440d <unknown>\n#6 0x563df3dea14f <unknown>\n#7 0x563df3dc41b3 <unknown>\n#8 0x563df3d9059b <unknown>\n#9 0x563df3d91971 <unknown>\n#10 0x563df427222b <unknown>\n#11 0x563df4275f79 <unknown>\n#12 0x563df4259309 <unknown>\n#13 0x563df4276b28 <unknown>\n#14 0x563df423dbef <unknown>\n#15 0x563df429a0e8 <unknown>\n#16 0x563df429a2c6 <unknown>\n#17 0x563df42ac036 <unknown>\n#18 0x7fd0f329caa4 <unknown>\n#19 0x7fd0f3329c3c <unknown>\n\n",
              "statusTrace" : "  File \"/opt/hostedtoolcache/Python/3.12.11/x64/lib/python3.12/site-packages/allure_commons/_allure.py\", line 192, in impl\n    return func(*a, **kw)\n           ^^^^^^^^^^^^^^\n  File \"/home/runner/work/PulseWave/PulseWave/pages/base_page.py\", line 39, in element_is_present\n    return Wait(self.driver, self.timeout).until(es.presence_of_element_located(locator))\n           ^^^^^^^^^^^^^^^^^^^^^^^^^^^^^^^^^^^^^^^^^^^^^^^^^^^^^^^^^^^^^^^^^^^^^^^^^^^^^^\n  File \"/opt/hostedtoolcache/Python/3.12.11/x64/lib/python3.12/site-packages/selenium/webdriver/support/wait.py\", line 105, in until\n    raise TimeoutException(message, screen, stacktrace)\n",
              "steps" : [ ],
              "attachments" : [ ],
              "parameters" : [ {
                "name" : "locator",
                "value" : "('css selector', '.cookies__body .button__small')"
              } ],
              "stepsCount" : 0,
              "attachmentsCount" : 0,
              "shouldDisplayMessage" : true,
              "hasContent" : true
            } ],
            "attachments" : [ ],
            "parameters" : [ {
              "name" : "locator",
              "value" : "('css selector', '.cookies__body .button__small')"
            } ],
            "stepsCount" : 1,
            "attachmentsCount" : 0,
            "shouldDisplayMessage" : false,
            "hasContent" : true
          } ],
          "attachments" : [ ],
          "parameters" : [ ],
          "stepsCount" : 2,
          "attachmentsCount" : 0,
          "shouldDisplayMessage" : false,
          "hasContent" : true
        } ],
        "attachments" : [ ],
        "parameters" : [ {
          "name" : "driver",
          "value" : "<selenium.webdriver.chrome.webdriver.WebDriver (session=\"ce0c9331ea4a2aff02251312ac73be96\")>"
        } ],
        "stepsCount" : 3,
        "attachmentsCount" : 0,
        "shouldDisplayMessage" : false,
        "hasContent" : true
      } ],
      "attachments" : [ ],
      "parameters" : [ ],
      "stepsCount" : 4,
      "attachmentsCount" : 0,
      "shouldDisplayMessage" : false,
      "hasContent" : true
    } ],
    "attachments" : [ ],
    "parameters" : [ ],
    "stepsCount" : 5,
    "attachmentsCount" : 0,
    "shouldDisplayMessage" : false,
    "hasContent" : true
  }, {
    "name" : "driver",
    "time" : {
      "start" : 1755458334683,
      "stop" : 1755458334936,
      "duration" : 253
    },
    "status" : "passed",
    "steps" : [ ],
    "attachments" : [ ],
    "parameters" : [ ],
    "stepsCount" : 0,
    "attachmentsCount" : 0,
    "shouldDisplayMessage" : false,
    "hasContent" : false
  }, {
    "name" : "_session_faker",
    "time" : {
      "start" : 1755453542311,
      "stop" : 1755453542326,
      "duration" : 15
    },
    "status" : "passed",
    "steps" : [ ],
    "attachments" : [ ],
    "parameters" : [ ],
    "stepsCount" : 0,
    "attachmentsCount" : 0,
    "shouldDisplayMessage" : false,
    "hasContent" : false
  }, {
    "name" : "clear_allure_result_folder",
    "time" : {
      "start" : 1755453542326,
      "stop" : 1755453542326,
      "duration" : 0
    },
    "status" : "passed",
    "steps" : [ ],
    "attachments" : [ ],
    "parameters" : [ ],
    "stepsCount" : 0,
    "attachmentsCount" : 0,
    "shouldDisplayMessage" : false,
    "hasContent" : false
  } ],
  "testStage" : {
    "status" : "skipped",
    "statusMessage" : "XFAIL\n\nselenium.common.exceptions.TimeoutException: Message: \nStacktrace:\n#0 0x563df42ad05a <unknown>\n#1 0x563df3d4ca70 <unknown>\n#2 0x563df3d9e907 <unknown>\n#3 0x563df3d9eb01 <unknown>\n#4 0x563df3decd54 <unknown>\n#5 0x563df3dc440d <unknown>\n#6 0x563df3dea14f <unknown>\n#7 0x563df3dc41b3 <unknown>\n#8 0x563df3d9059b <unknown>\n#9 0x563df3d91971 <unknown>\n#10 0x563df427222b <unknown>\n#11 0x563df4275f79 <unknown>\n#12 0x563df4259309 <unknown>\n#13 0x563df4276b28 <unknown>\n#14 0x563df423dbef <unknown>\n#15 0x563df429a0e8 <unknown>\n#16 0x563df429a2c6 <unknown>\n#17 0x563df42ac036 <unknown>\n#18 0x7fd0f329caa4 <unknown>\n#19 0x7fd0f3329c3c <unknown>",
    "statusTrace" : "self = <tests.ui_tests.header_test.TestHeader object at 0x7efd3676e1e0>\nheader_open = <pages.header.HeaderPage object at 0x7efd367997c0>\ncss_property = 'font-size', figma = '18px', name = 'размера шрифта'\nurl = 'https://app.dev.pulsewave.ru/auth/login'\n\n    @pytest.mark.xfail\n    @pytest.mark.parametrize('url', [link.LOGIN_PAGE, link.PASSWORD_RECOVERY])\n    @pytest.mark.parametrize('css_property, figma, name', const.CHECK_BUTTON)\n    @pytest.mark.regress\n    def test_get_css_property_header_auth_signup(self, header_open, css_property, figma, name, url):\n        allure.dynamic.title(f\"H.8 Проверка {name} кнопки '{self.const.TEXT_SIGNUP} в хедере {url}'\")\n>       element = header_open.get_header_auth_login()\n\ntests/ui_tests/header_test.py:85: \n_ _ _ _ _ _ _ _ _ _ _ _ _ _ _ _ _ _ _ _ _ _ _ _ _ _ _ _ _ _ _ _ _ _ _ _ _ _ _ _ \npages/header.py:23: in get_header_auth_login\n    return self.element_is_visible(self.locator.AUTH_LOGIN)\npages/base_page.py:20: in element_is_visible\n    element = self.element_is_present(locator)\npages/base_page.py:39: in element_is_present\n    return Wait(self.driver, self.timeout).until(es.presence_of_element_located(locator))\n_ _ _ _ _ _ _ _ _ _ _ _ _ _ _ _ _ _ _ _ _ _ _ _ _ _ _ _ _ _ _ _ _ _ _ _ _ _ _ _ \n\nself = <selenium.webdriver.support.wait.WebDriverWait (session=\"ce0c9331ea4a2aff02251312ac73be96\")>\nmethod = <function presence_of_element_located.<locals>._predicate at 0x7efd34b9e980>\nmessage = ''\n\n    def until(self, method: Callable[[D], Union[Literal[False], T]], message: str = \"\") -> T:\n        \"\"\"Calls the method provided with the driver as an argument until the \\\n        return value does not evaluate to ``False``.\n    \n        :param method: callable(WebDriver)\n        :param message: optional message for :exc:`TimeoutException`\n        :returns: the result of the last call to `method`\n        :raises: :exc:`selenium.common.exceptions.TimeoutException` if timeout occurs\n        \"\"\"\n        screen = None\n        stacktrace = None\n    \n        end_time = time.monotonic() + self._timeout\n        while True:\n            try:\n                value = method(self._driver)\n                if value:\n                    return value\n            except self._ignored_exceptions as exc:\n                screen = getattr(exc, \"screen\", None)\n                stacktrace = getattr(exc, \"stacktrace\", None)\n            time.sleep(self._poll)\n            if time.monotonic() > end_time:\n                break\n>       raise TimeoutException(message, screen, stacktrace)\nE       selenium.common.exceptions.TimeoutException: Message: \nE       Stacktrace:\nE       #0 0x563df42ad05a <unknown>\nE       #1 0x563df3d4ca70 <unknown>\nE       #2 0x563df3d9e907 <unknown>\nE       #3 0x563df3d9eb01 <unknown>\nE       #4 0x563df3decd54 <unknown>\nE       #5 0x563df3dc440d <unknown>\nE       #6 0x563df3dea14f <unknown>\nE       #7 0x563df3dc41b3 <unknown>\nE       #8 0x563df3d9059b <unknown>\nE       #9 0x563df3d91971 <unknown>\nE       #10 0x563df427222b <unknown>\nE       #11 0x563df4275f79 <unknown>\nE       #12 0x563df4259309 <unknown>\nE       #13 0x563df4276b28 <unknown>\nE       #14 0x563df423dbef <unknown>\nE       #15 0x563df429a0e8 <unknown>\nE       #16 0x563df429a2c6 <unknown>\nE       #17 0x563df42ac036 <unknown>\nE       #18 0x7fd0f329caa4 <unknown>\nE       #19 0x7fd0f3329c3c <unknown>\n\n/opt/hostedtoolcache/Python/3.12.11/x64/lib/python3.12/site-packages/selenium/webdriver/support/wait.py:105: TimeoutException",
    "steps" : [ {
      "name" : "Проверка видимости кнопки 'Войти' в хэдере",
      "time" : {
        "start" : 1755458398765,
        "stop" : 1755458459128,
        "duration" : 60363
      },
      "status" : "broken",
      "statusMessage" : "selenium.common.exceptions.TimeoutException: Message: \nStacktrace:\n#0 0x563df42ad05a <unknown>\n#1 0x563df3d4ca70 <unknown>\n#2 0x563df3d9e907 <unknown>\n#3 0x563df3d9eb01 <unknown>\n#4 0x563df3decd54 <unknown>\n#5 0x563df3dc440d <unknown>\n#6 0x563df3dea14f <unknown>\n#7 0x563df3dc41b3 <unknown>\n#8 0x563df3d9059b <unknown>\n#9 0x563df3d91971 <unknown>\n#10 0x563df427222b <unknown>\n#11 0x563df4275f79 <unknown>\n#12 0x563df4259309 <unknown>\n#13 0x563df4276b28 <unknown>\n#14 0x563df423dbef <unknown>\n#15 0x563df429a0e8 <unknown>\n#16 0x563df429a2c6 <unknown>\n#17 0x563df42ac036 <unknown>\n#18 0x7fd0f329caa4 <unknown>\n#19 0x7fd0f3329c3c <unknown>\n\n",
      "statusTrace" : "  File \"/opt/hostedtoolcache/Python/3.12.11/x64/lib/python3.12/site-packages/allure_commons/_allure.py\", line 192, in impl\n    return func(*a, **kw)\n           ^^^^^^^^^^^^^^\n  File \"/home/runner/work/PulseWave/PulseWave/pages/header.py\", line 23, in get_header_auth_login\n    return self.element_is_visible(self.locator.AUTH_LOGIN)\n           ^^^^^^^^^^^^^^^^^^^^^^^^^^^^^^^^^^^^^^^^^^^^^^^^\n  File \"/opt/hostedtoolcache/Python/3.12.11/x64/lib/python3.12/site-packages/allure_commons/_allure.py\", line 192, in impl\n    return func(*a, **kw)\n           ^^^^^^^^^^^^^^\n  File \"/home/runner/work/PulseWave/PulseWave/pages/base_page.py\", line 20, in element_is_visible\n    element = self.element_is_present(locator)\n              ^^^^^^^^^^^^^^^^^^^^^^^^^^^^^^^^\n  File \"/opt/hostedtoolcache/Python/3.12.11/x64/lib/python3.12/site-packages/allure_commons/_allure.py\", line 192, in impl\n    return func(*a, **kw)\n           ^^^^^^^^^^^^^^\n  File \"/home/runner/work/PulseWave/PulseWave/pages/base_page.py\", line 39, in element_is_present\n    return Wait(self.driver, self.timeout).until(es.presence_of_element_located(locator))\n           ^^^^^^^^^^^^^^^^^^^^^^^^^^^^^^^^^^^^^^^^^^^^^^^^^^^^^^^^^^^^^^^^^^^^^^^^^^^^^^\n  File \"/opt/hostedtoolcache/Python/3.12.11/x64/lib/python3.12/site-packages/selenium/webdriver/support/wait.py\", line 105, in until\n    raise TimeoutException(message, screen, stacktrace)\n",
      "steps" : [ {
        "name" : "Проверить видимость элемента",
        "time" : {
          "start" : 1755458398766,
          "stop" : 1755458459127,
          "duration" : 60361
        },
        "status" : "broken",
        "statusMessage" : "selenium.common.exceptions.TimeoutException: Message: \nStacktrace:\n#0 0x563df42ad05a <unknown>\n#1 0x563df3d4ca70 <unknown>\n#2 0x563df3d9e907 <unknown>\n#3 0x563df3d9eb01 <unknown>\n#4 0x563df3decd54 <unknown>\n#5 0x563df3dc440d <unknown>\n#6 0x563df3dea14f <unknown>\n#7 0x563df3dc41b3 <unknown>\n#8 0x563df3d9059b <unknown>\n#9 0x563df3d91971 <unknown>\n#10 0x563df427222b <unknown>\n#11 0x563df4275f79 <unknown>\n#12 0x563df4259309 <unknown>\n#13 0x563df4276b28 <unknown>\n#14 0x563df423dbef <unknown>\n#15 0x563df429a0e8 <unknown>\n#16 0x563df429a2c6 <unknown>\n#17 0x563df42ac036 <unknown>\n#18 0x7fd0f329caa4 <unknown>\n#19 0x7fd0f3329c3c <unknown>\n\n",
        "statusTrace" : "  File \"/opt/hostedtoolcache/Python/3.12.11/x64/lib/python3.12/site-packages/allure_commons/_allure.py\", line 192, in impl\n    return func(*a, **kw)\n           ^^^^^^^^^^^^^^\n  File \"/home/runner/work/PulseWave/PulseWave/pages/base_page.py\", line 20, in element_is_visible\n    element = self.element_is_present(locator)\n              ^^^^^^^^^^^^^^^^^^^^^^^^^^^^^^^^\n  File \"/opt/hostedtoolcache/Python/3.12.11/x64/lib/python3.12/site-packages/allure_commons/_allure.py\", line 192, in impl\n    return func(*a, **kw)\n           ^^^^^^^^^^^^^^\n  File \"/home/runner/work/PulseWave/PulseWave/pages/base_page.py\", line 39, in element_is_present\n    return Wait(self.driver, self.timeout).until(es.presence_of_element_located(locator))\n           ^^^^^^^^^^^^^^^^^^^^^^^^^^^^^^^^^^^^^^^^^^^^^^^^^^^^^^^^^^^^^^^^^^^^^^^^^^^^^^\n  File \"/opt/hostedtoolcache/Python/3.12.11/x64/lib/python3.12/site-packages/selenium/webdriver/support/wait.py\", line 105, in until\n    raise TimeoutException(message, screen, stacktrace)\n",
        "steps" : [ {
          "name" : "Проверить присутствие элемента в DOM",
          "time" : {
            "start" : 1755458398766,
            "stop" : 1755458459127,
            "duration" : 60361
          },
          "status" : "broken",
          "statusMessage" : "selenium.common.exceptions.TimeoutException: Message: \nStacktrace:\n#0 0x563df42ad05a <unknown>\n#1 0x563df3d4ca70 <unknown>\n#2 0x563df3d9e907 <unknown>\n#3 0x563df3d9eb01 <unknown>\n#4 0x563df3decd54 <unknown>\n#5 0x563df3dc440d <unknown>\n#6 0x563df3dea14f <unknown>\n#7 0x563df3dc41b3 <unknown>\n#8 0x563df3d9059b <unknown>\n#9 0x563df3d91971 <unknown>\n#10 0x563df427222b <unknown>\n#11 0x563df4275f79 <unknown>\n#12 0x563df4259309 <unknown>\n#13 0x563df4276b28 <unknown>\n#14 0x563df423dbef <unknown>\n#15 0x563df429a0e8 <unknown>\n#16 0x563df429a2c6 <unknown>\n#17 0x563df42ac036 <unknown>\n#18 0x7fd0f329caa4 <unknown>\n#19 0x7fd0f3329c3c <unknown>\n\n",
          "statusTrace" : "  File \"/opt/hostedtoolcache/Python/3.12.11/x64/lib/python3.12/site-packages/allure_commons/_allure.py\", line 192, in impl\n    return func(*a, **kw)\n           ^^^^^^^^^^^^^^\n  File \"/home/runner/work/PulseWave/PulseWave/pages/base_page.py\", line 39, in element_is_present\n    return Wait(self.driver, self.timeout).until(es.presence_of_element_located(locator))\n           ^^^^^^^^^^^^^^^^^^^^^^^^^^^^^^^^^^^^^^^^^^^^^^^^^^^^^^^^^^^^^^^^^^^^^^^^^^^^^^\n  File \"/opt/hostedtoolcache/Python/3.12.11/x64/lib/python3.12/site-packages/selenium/webdriver/support/wait.py\", line 105, in until\n    raise TimeoutException(message, screen, stacktrace)\n",
          "steps" : [ ],
          "attachments" : [ ],
          "parameters" : [ {
            "name" : "locator",
            "value" : "('xpath', '//*[text()=\" Войти \"]')"
          } ],
          "stepsCount" : 0,
          "attachmentsCount" : 0,
          "shouldDisplayMessage" : true,
          "hasContent" : true
        } ],
        "attachments" : [ ],
        "parameters" : [ {
          "name" : "locator",
          "value" : "('xpath', '//*[text()=\" Войти \"]')"
        } ],
        "stepsCount" : 1,
        "attachmentsCount" : 0,
        "shouldDisplayMessage" : false,
        "hasContent" : true
      } ],
      "attachments" : [ ],
      "parameters" : [ ],
      "stepsCount" : 2,
      "attachmentsCount" : 0,
      "shouldDisplayMessage" : false,
      "hasContent" : true
    } ],
    "attachments" : [ {
      "name" : "Screenshot",
      "type" : "image/png",
      "size" : 0
    } ],
    "parameters" : [ ],
    "stepsCount" : 3,
    "attachmentsCount" : 1,
    "shouldDisplayMessage" : true,
    "hasContent" : true
  },
  "afterStages" : [ {
    "name" : "driver::0",
    "time" : {
      "start" : 1755458459203,
      "stop" : 1755458459285,
      "duration" : 82
    },
    "status" : "passed",
    "steps" : [ ],
    "attachments" : [ ],
    "parameters" : [ ],
    "stepsCount" : 0,
    "attachmentsCount" : 0,
    "shouldDisplayMessage" : false,
    "hasContent" : false
  } ],
  "labels" : [ {
    "name" : "epic",
    "value" : "Тестирование Хедера"
  }, {
    "name" : "tag",
    "value" : "regress"
  }, {
    "name" : "tag",
    "value" : "@pytest.mark.xfail"
  }, {
    "name" : "parentSuite",
    "value" : "tests.ui_tests"
  }, {
    "name" : "suite",
    "value" : "header_test"
  }, {
    "name" : "subSuite",
    "value" : "TestHeader"
  }, {
    "name" : "host",
    "value" : "pkrvmubgrv54qmi"
  }, {
    "name" : "thread",
    "value" : "2563-MainThread"
  }, {
    "name" : "framework",
    "value" : "pytest"
  }, {
    "name" : "language",
    "value" : "cpython3"
  }, {
    "name" : "package",
    "value" : "tests.ui_tests.header_test"
  }, {
    "name" : "resultFormat",
    "value" : "allure2"
  } ],
  "parameters" : [ {
    "name" : "css_property",
    "value" : "'font-size'"
  }, {
    "name" : "figma",
    "value" : "'18px'"
  }, {
    "name" : "name",
    "value" : "'размера шрифта'"
  }, {
    "name" : "url",
    "value" : "'https://app.dev.pulsewave.ru/auth/login'"
  } ],
  "links" : [ ],
  "hidden" : false,
  "retry" : false,
  "extra" : {
    "severity" : "normal",
    "retries" : [ ],
    "categories" : [ ],
    "tags" : [ "@pytest.mark.xfail", "regress" ]
  },
  "source" : "1d4a24027483be9a.json",
  "parameterValues" : [ "'font-size'", "'18px'", "'размера шрифта'", "'https://app.dev.pulsewave.ru/auth/login'" ]
}