{
  "uid" : "2232b095ba06e821",
  "name" : "H.8 Проверка цвета кнопки 'Регистрация в хедере https://app.dev.pulsewave.ru/auth/password?email='",
  "fullName" : "tests.ui_tests.header_test.TestHeader#test_get_css_property_header_auth_signup",
  "historyId" : "05af22f974f64d6bff182e1af126a33c",
  "time" : {
    "start" : 1755459089591,
    "stop" : 1755459089636,
    "duration" : 45
  },
  "status" : "skipped",
  "statusMessage" : "XFAIL\n\nAssertionError: Не прошла проверка соответствия цвета кнопки 'Регистрация' макету\nassert 'rgba(0, 0, 0, 0)' == 'rgba(252, 224, 88, 1)'\n  \n  - rgba(252, 224, 88, 1)\n  + rgba(0, 0, 0, 0)",
  "statusTrace" : "self = <tests.ui_tests.header_test.TestHeader object at 0x7efd36773140>\nheader_open = <pages.header.HeaderPage object at 0x7efd367967e0>\ncss_property = 'background-color', figma = 'rgba(252, 224, 88, 1)'\nname = 'цвета', url = 'https://app.dev.pulsewave.ru/auth/password?email='\n\n    @pytest.mark.xfail\n    @pytest.mark.parametrize('url', [link.LOGIN_PAGE, link.PASSWORD_RECOVERY])\n    @pytest.mark.parametrize('css_property, figma, name', const.CHECK_BUTTON)\n    @pytest.mark.regress\n    def test_get_css_property_header_auth_signup(self, header_open, css_property, figma, name, url):\n        allure.dynamic.title(f\"H.8 Проверка {name} кнопки '{self.const.TEXT_SIGNUP} в хедере {url}'\")\n        element = header_open.get_header_auth_login()\n        mean_css = element.value_of_css_property(css_property)\n        with allure.step(f\"Прошла проверка соответствия {name} кнопки '{self.const.TEXT_SIGNUP}' макету\"):\n>           assert mean_css == figma, \\\n                f\"Не прошла проверка соответствия {name} кнопки '{self.const.TEXT_SIGNUP}' макету\"\nE           AssertionError: Не прошла проверка соответствия цвета кнопки 'Регистрация' макету\nE           assert 'rgba(0, 0, 0, 0)' == 'rgba(252, 224, 88, 1)'\nE             \nE             - rgba(252, 224, 88, 1)\nE             + rgba(0, 0, 0, 0)\n\ntests/ui_tests/header_test.py:88: AssertionError",
  "flaky" : false,
  "newFailed" : false,
  "beforeStages" : [ {
    "name" : "driver",
    "time" : {
      "start" : 1755459025232,
      "stop" : 1755459025492,
      "duration" : 260
    },
    "status" : "passed",
    "steps" : [ ],
    "attachments" : [ ],
    "parameters" : [ ],
    "stepsCount" : 0,
    "attachmentsCount" : 0,
    "shouldDisplayMessage" : false,
    "hasContent" : false
  }, {
    "name" : "_session_faker",
    "time" : {
      "start" : 1755453542311,
      "stop" : 1755453542326,
      "duration" : 15
    },
    "status" : "passed",
    "steps" : [ ],
    "attachments" : [ ],
    "parameters" : [ ],
    "stepsCount" : 0,
    "attachmentsCount" : 0,
    "shouldDisplayMessage" : false,
    "hasContent" : false
  }, {
    "name" : "header_open",
    "time" : {
      "start" : 1755459025492,
      "stop" : 1755459089590,
      "duration" : 64098
    },
    "status" : "passed",
    "steps" : [ {
      "name" : "Открыть страницу 'https://app.dev.pulsewave.ru/auth/password?email='",
      "time" : {
        "start" : 1755459025492,
        "stop" : 1755459089590,
        "duration" : 64098
      },
      "status" : "passed",
      "steps" : [ {
        "name" : "Согласиться с использованием файлов cookies, если высветилось окно",
        "time" : {
          "start" : 1755459029351,
          "stop" : 1755459089590,
          "duration" : 60239
        },
        "status" : "passed",
        "steps" : [ {
          "name" : "Получить кнопку 'Принимаю всё' в сообщении о принятии файлов cookie на Главной странице",
          "time" : {
            "start" : 1755459029351,
            "stop" : 1755459089590,
            "duration" : 60239
          },
          "status" : "broken",
          "statusMessage" : "selenium.common.exceptions.TimeoutException: Message: \nStacktrace:\n#0 0x55d7de11305a <unknown>\n#1 0x55d7ddbb2a70 <unknown>\n#2 0x55d7ddc04907 <unknown>\n#3 0x55d7ddc04b01 <unknown>\n#4 0x55d7ddc52d54 <unknown>\n#5 0x55d7ddc2a40d <unknown>\n#6 0x55d7ddc5014f <unknown>\n#7 0x55d7ddc2a1b3 <unknown>\n#8 0x55d7ddbf659b <unknown>\n#9 0x55d7ddbf7971 <unknown>\n#10 0x55d7de0d822b <unknown>\n#11 0x55d7de0dbf79 <unknown>\n#12 0x55d7de0bf309 <unknown>\n#13 0x55d7de0dcb28 <unknown>\n#14 0x55d7de0a3bef <unknown>\n#15 0x55d7de1000e8 <unknown>\n#16 0x55d7de1002c6 <unknown>\n#17 0x55d7de112036 <unknown>\n#18 0x7f8d4069caa4 <unknown>\n#19 0x7f8d40729c3c <unknown>\n\n",
          "statusTrace" : "  File \"/opt/hostedtoolcache/Python/3.12.11/x64/lib/python3.12/site-packages/allure_commons/_allure.py\", line 192, in impl\n    return func(*a, **kw)\n           ^^^^^^^^^^^^^^\n  File \"/home/runner/work/PulseWave/PulseWave/pages/footer.py\", line 39, in get_allow_all_cookies\n    button_text = self.element_is_visible(self.locator.ALLOW_ALL_COOKIES)\n                  ^^^^^^^^^^^^^^^^^^^^^^^^^^^^^^^^^^^^^^^^^^^^^^^^^^^^^^^\n  File \"/opt/hostedtoolcache/Python/3.12.11/x64/lib/python3.12/site-packages/allure_commons/_allure.py\", line 192, in impl\n    return func(*a, **kw)\n           ^^^^^^^^^^^^^^\n  File \"/home/runner/work/PulseWave/PulseWave/pages/base_page.py\", line 20, in element_is_visible\n    element = self.element_is_present(locator)\n              ^^^^^^^^^^^^^^^^^^^^^^^^^^^^^^^^\n  File \"/opt/hostedtoolcache/Python/3.12.11/x64/lib/python3.12/site-packages/allure_commons/_allure.py\", line 192, in impl\n    return func(*a, **kw)\n           ^^^^^^^^^^^^^^\n  File \"/home/runner/work/PulseWave/PulseWave/pages/base_page.py\", line 39, in element_is_present\n    return Wait(self.driver, self.timeout).until(es.presence_of_element_located(locator))\n           ^^^^^^^^^^^^^^^^^^^^^^^^^^^^^^^^^^^^^^^^^^^^^^^^^^^^^^^^^^^^^^^^^^^^^^^^^^^^^^\n  File \"/opt/hostedtoolcache/Python/3.12.11/x64/lib/python3.12/site-packages/selenium/webdriver/support/wait.py\", line 105, in until\n    raise TimeoutException(message, screen, stacktrace)\n",
          "steps" : [ {
            "name" : "Проверить видимость элемента",
            "time" : {
              "start" : 1755459029351,
              "stop" : 1755459089589,
              "duration" : 60238
            },
            "status" : "broken",
            "statusMessage" : "selenium.common.exceptions.TimeoutException: Message: \nStacktrace:\n#0 0x55d7de11305a <unknown>\n#1 0x55d7ddbb2a70 <unknown>\n#2 0x55d7ddc04907 <unknown>\n#3 0x55d7ddc04b01 <unknown>\n#4 0x55d7ddc52d54 <unknown>\n#5 0x55d7ddc2a40d <unknown>\n#6 0x55d7ddc5014f <unknown>\n#7 0x55d7ddc2a1b3 <unknown>\n#8 0x55d7ddbf659b <unknown>\n#9 0x55d7ddbf7971 <unknown>\n#10 0x55d7de0d822b <unknown>\n#11 0x55d7de0dbf79 <unknown>\n#12 0x55d7de0bf309 <unknown>\n#13 0x55d7de0dcb28 <unknown>\n#14 0x55d7de0a3bef <unknown>\n#15 0x55d7de1000e8 <unknown>\n#16 0x55d7de1002c6 <unknown>\n#17 0x55d7de112036 <unknown>\n#18 0x7f8d4069caa4 <unknown>\n#19 0x7f8d40729c3c <unknown>\n\n",
            "statusTrace" : "  File \"/opt/hostedtoolcache/Python/3.12.11/x64/lib/python3.12/site-packages/allure_commons/_allure.py\", line 192, in impl\n    return func(*a, **kw)\n           ^^^^^^^^^^^^^^\n  File \"/home/runner/work/PulseWave/PulseWave/pages/base_page.py\", line 20, in element_is_visible\n    element = self.element_is_present(locator)\n              ^^^^^^^^^^^^^^^^^^^^^^^^^^^^^^^^\n  File \"/opt/hostedtoolcache/Python/3.12.11/x64/lib/python3.12/site-packages/allure_commons/_allure.py\", line 192, in impl\n    return func(*a, **kw)\n           ^^^^^^^^^^^^^^\n  File \"/home/runner/work/PulseWave/PulseWave/pages/base_page.py\", line 39, in element_is_present\n    return Wait(self.driver, self.timeout).until(es.presence_of_element_located(locator))\n           ^^^^^^^^^^^^^^^^^^^^^^^^^^^^^^^^^^^^^^^^^^^^^^^^^^^^^^^^^^^^^^^^^^^^^^^^^^^^^^\n  File \"/opt/hostedtoolcache/Python/3.12.11/x64/lib/python3.12/site-packages/selenium/webdriver/support/wait.py\", line 105, in until\n    raise TimeoutException(message, screen, stacktrace)\n",
            "steps" : [ {
              "name" : "Проверить присутствие элемента в DOM",
              "time" : {
                "start" : 1755459029351,
                "stop" : 1755459089589,
                "duration" : 60238
              },
              "status" : "broken",
              "statusMessage" : "selenium.common.exceptions.TimeoutException: Message: \nStacktrace:\n#0 0x55d7de11305a <unknown>\n#1 0x55d7ddbb2a70 <unknown>\n#2 0x55d7ddc04907 <unknown>\n#3 0x55d7ddc04b01 <unknown>\n#4 0x55d7ddc52d54 <unknown>\n#5 0x55d7ddc2a40d <unknown>\n#6 0x55d7ddc5014f <unknown>\n#7 0x55d7ddc2a1b3 <unknown>\n#8 0x55d7ddbf659b <unknown>\n#9 0x55d7ddbf7971 <unknown>\n#10 0x55d7de0d822b <unknown>\n#11 0x55d7de0dbf79 <unknown>\n#12 0x55d7de0bf309 <unknown>\n#13 0x55d7de0dcb28 <unknown>\n#14 0x55d7de0a3bef <unknown>\n#15 0x55d7de1000e8 <unknown>\n#16 0x55d7de1002c6 <unknown>\n#17 0x55d7de112036 <unknown>\n#18 0x7f8d4069caa4 <unknown>\n#19 0x7f8d40729c3c <unknown>\n\n",
              "statusTrace" : "  File \"/opt/hostedtoolcache/Python/3.12.11/x64/lib/python3.12/site-packages/allure_commons/_allure.py\", line 192, in impl\n    return func(*a, **kw)\n           ^^^^^^^^^^^^^^\n  File \"/home/runner/work/PulseWave/PulseWave/pages/base_page.py\", line 39, in element_is_present\n    return Wait(self.driver, self.timeout).until(es.presence_of_element_located(locator))\n           ^^^^^^^^^^^^^^^^^^^^^^^^^^^^^^^^^^^^^^^^^^^^^^^^^^^^^^^^^^^^^^^^^^^^^^^^^^^^^^\n  File \"/opt/hostedtoolcache/Python/3.12.11/x64/lib/python3.12/site-packages/selenium/webdriver/support/wait.py\", line 105, in until\n    raise TimeoutException(message, screen, stacktrace)\n",
              "steps" : [ ],
              "attachments" : [ ],
              "parameters" : [ {
                "name" : "locator",
                "value" : "('css selector', '.cookies__body .button__small')"
              } ],
              "stepsCount" : 0,
              "attachmentsCount" : 0,
              "shouldDisplayMessage" : true,
              "hasContent" : true
            } ],
            "attachments" : [ ],
            "parameters" : [ {
              "name" : "locator",
              "value" : "('css selector', '.cookies__body .button__small')"
            } ],
            "stepsCount" : 1,
            "attachmentsCount" : 0,
            "shouldDisplayMessage" : false,
            "hasContent" : true
          } ],
          "attachments" : [ ],
          "parameters" : [ ],
          "stepsCount" : 2,
          "attachmentsCount" : 0,
          "shouldDisplayMessage" : false,
          "hasContent" : true
        } ],
        "attachments" : [ ],
        "parameters" : [ {
          "name" : "driver",
          "value" : "<selenium.webdriver.chrome.webdriver.WebDriver (session=\"b9e3d5baffe79fb1a6d76f9329b27f67\")>"
        } ],
        "stepsCount" : 3,
        "attachmentsCount" : 0,
        "shouldDisplayMessage" : false,
        "hasContent" : true
      } ],
      "attachments" : [ ],
      "parameters" : [ ],
      "stepsCount" : 4,
      "attachmentsCount" : 0,
      "shouldDisplayMessage" : false,
      "hasContent" : true
    } ],
    "attachments" : [ ],
    "parameters" : [ ],
    "stepsCount" : 5,
    "attachmentsCount" : 0,
    "shouldDisplayMessage" : false,
    "hasContent" : true
  }, {
    "name" : "clear_allure_result_folder",
    "time" : {
      "start" : 1755453542326,
      "stop" : 1755453542326,
      "duration" : 0
    },
    "status" : "passed",
    "steps" : [ ],
    "attachments" : [ ],
    "parameters" : [ ],
    "stepsCount" : 0,
    "attachmentsCount" : 0,
    "shouldDisplayMessage" : false,
    "hasContent" : false
  } ],
  "testStage" : {
    "status" : "skipped",
    "statusMessage" : "XFAIL\n\nAssertionError: Не прошла проверка соответствия цвета кнопки 'Регистрация' макету\nassert 'rgba(0, 0, 0, 0)' == 'rgba(252, 224, 88, 1)'\n  \n  - rgba(252, 224, 88, 1)\n  + rgba(0, 0, 0, 0)",
    "statusTrace" : "self = <tests.ui_tests.header_test.TestHeader object at 0x7efd36773140>\nheader_open = <pages.header.HeaderPage object at 0x7efd367967e0>\ncss_property = 'background-color', figma = 'rgba(252, 224, 88, 1)'\nname = 'цвета', url = 'https://app.dev.pulsewave.ru/auth/password?email='\n\n    @pytest.mark.xfail\n    @pytest.mark.parametrize('url', [link.LOGIN_PAGE, link.PASSWORD_RECOVERY])\n    @pytest.mark.parametrize('css_property, figma, name', const.CHECK_BUTTON)\n    @pytest.mark.regress\n    def test_get_css_property_header_auth_signup(self, header_open, css_property, figma, name, url):\n        allure.dynamic.title(f\"H.8 Проверка {name} кнопки '{self.const.TEXT_SIGNUP} в хедере {url}'\")\n        element = header_open.get_header_auth_login()\n        mean_css = element.value_of_css_property(css_property)\n        with allure.step(f\"Прошла проверка соответствия {name} кнопки '{self.const.TEXT_SIGNUP}' макету\"):\n>           assert mean_css == figma, \\\n                f\"Не прошла проверка соответствия {name} кнопки '{self.const.TEXT_SIGNUP}' макету\"\nE           AssertionError: Не прошла проверка соответствия цвета кнопки 'Регистрация' макету\nE           assert 'rgba(0, 0, 0, 0)' == 'rgba(252, 224, 88, 1)'\nE             \nE             - rgba(252, 224, 88, 1)\nE             + rgba(0, 0, 0, 0)\n\ntests/ui_tests/header_test.py:88: AssertionError",
    "steps" : [ {
      "name" : "Проверка видимости кнопки 'Войти' в хэдере",
      "time" : {
        "start" : 1755459089591,
        "stop" : 1755459089626,
        "duration" : 35
      },
      "status" : "passed",
      "steps" : [ {
        "name" : "Проверить видимость элемента",
        "time" : {
          "start" : 1755459089591,
          "stop" : 1755459089626,
          "duration" : 35
        },
        "status" : "passed",
        "steps" : [ {
          "name" : "Проверить присутствие элемента в DOM",
          "time" : {
            "start" : 1755459089591,
            "stop" : 1755459089601,
            "duration" : 10
          },
          "status" : "passed",
          "steps" : [ ],
          "attachments" : [ ],
          "parameters" : [ {
            "name" : "locator",
            "value" : "('xpath', '//*[text()=\" Войти \"]')"
          } ],
          "stepsCount" : 0,
          "attachmentsCount" : 0,
          "shouldDisplayMessage" : false,
          "hasContent" : true
        }, {
          "name" : "Проскролить до элемента",
          "time" : {
            "start" : 1755459089601,
            "stop" : 1755459089606,
            "duration" : 5
          },
          "status" : "passed",
          "steps" : [ ],
          "attachments" : [ ],
          "parameters" : [ {
            "name" : "element",
            "value" : "<selenium.webdriver.remote.webelement.WebElement (session=\"b9e3d5baffe79fb1a6d76f9329b27f67\", element=\"f.DDA51C8DD6958997B81C558ADF9EFD6B.d.C7339E52B0D47841F50FB82F6AA23A8B.e.17\")>"
          } ],
          "stepsCount" : 0,
          "attachmentsCount" : 0,
          "shouldDisplayMessage" : false,
          "hasContent" : true
        } ],
        "attachments" : [ ],
        "parameters" : [ {
          "name" : "locator",
          "value" : "('xpath', '//*[text()=\" Войти \"]')"
        } ],
        "stepsCount" : 2,
        "attachmentsCount" : 0,
        "shouldDisplayMessage" : false,
        "hasContent" : true
      } ],
      "attachments" : [ ],
      "parameters" : [ ],
      "stepsCount" : 3,
      "attachmentsCount" : 0,
      "shouldDisplayMessage" : false,
      "hasContent" : true
    }, {
      "name" : "Прошла проверка соответствия цвета кнопки 'Регистрация' макету",
      "time" : {
        "start" : 1755459089636,
        "stop" : 1755459089636,
        "duration" : 0
      },
      "status" : "failed",
      "statusMessage" : "AssertionError: Не прошла проверка соответствия цвета кнопки 'Регистрация' макету\nassert 'rgba(0, 0, 0, 0)' == 'rgba(252, 224, 88, 1)'\n  \n  - rgba(252, 224, 88, 1)\n  + rgba(0, 0, 0, 0)\n",
      "statusTrace" : "  File \"/home/runner/work/PulseWave/PulseWave/tests/ui_tests/header_test.py\", line 88, in test_get_css_property_header_auth_signup\n    assert mean_css == figma, \\\n",
      "steps" : [ ],
      "attachments" : [ ],
      "parameters" : [ ],
      "stepsCount" : 0,
      "attachmentsCount" : 0,
      "shouldDisplayMessage" : true,
      "hasContent" : true
    } ],
    "attachments" : [ {
      "name" : "Screenshot",
      "type" : "image/png",
      "size" : 0
    } ],
    "parameters" : [ ],
    "stepsCount" : 5,
    "attachmentsCount" : 1,
    "shouldDisplayMessage" : true,
    "hasContent" : true
  },
  "afterStages" : [ {
    "name" : "driver::0",
    "time" : {
      "start" : 1755459089723,
      "stop" : 1755459089794,
      "duration" : 71
    },
    "status" : "passed",
    "steps" : [ ],
    "attachments" : [ ],
    "parameters" : [ ],
    "stepsCount" : 0,
    "attachmentsCount" : 0,
    "shouldDisplayMessage" : false,
    "hasContent" : false
  } ],
  "labels" : [ {
    "name" : "epic",
    "value" : "Тестирование Хедера"
  }, {
    "name" : "tag",
    "value" : "regress"
  }, {
    "name" : "tag",
    "value" : "@pytest.mark.xfail"
  }, {
    "name" : "parentSuite",
    "value" : "tests.ui_tests"
  }, {
    "name" : "suite",
    "value" : "header_test"
  }, {
    "name" : "subSuite",
    "value" : "TestHeader"
  }, {
    "name" : "host",
    "value" : "pkrvmubgrv54qmi"
  }, {
    "name" : "thread",
    "value" : "2563-MainThread"
  }, {
    "name" : "framework",
    "value" : "pytest"
  }, {
    "name" : "language",
    "value" : "cpython3"
  }, {
    "name" : "package",
    "value" : "tests.ui_tests.header_test"
  }, {
    "name" : "resultFormat",
    "value" : "allure2"
  } ],
  "parameters" : [ {
    "name" : "css_property",
    "value" : "'background-color'"
  }, {
    "name" : "figma",
    "value" : "'rgba(252, 224, 88, 1)'"
  }, {
    "name" : "name",
    "value" : "'цвета'"
  }, {
    "name" : "url",
    "value" : "'https://app.dev.pulsewave.ru/auth/password?email='"
  } ],
  "links" : [ ],
  "hidden" : false,
  "retry" : false,
  "extra" : {
    "severity" : "normal",
    "retries" : [ ],
    "categories" : [ ],
    "tags" : [ "@pytest.mark.xfail", "regress" ]
  },
  "source" : "2232b095ba06e821.json",
  "parameterValues" : [ "'background-color'", "'rgba(252, 224, 88, 1)'", "'цвета'", "'https://app.dev.pulsewave.ru/auth/password?email='" ]
}