{
  "uid" : "44135ffc9b43d0e9",
  "name" : "H.7 Проверка цвета кнопки 'Войти' в хедере https://app.dev.pulsewave.ru/auth/password?email=",
  "fullName" : "tests.ui_tests.header_test.TestHeader#test_get_css_property_header_auth_login",
  "historyId" : "39efc59526cb4f076b23924a3e14f44d",
  "time" : {
    "start" : 1755458334486,
    "stop" : 1755458334529,
    "duration" : 43
  },
  "status" : "skipped",
  "statusMessage" : "XFAIL\n\nAssertionError: Не прошла проверка соответствия цвета кнопки 'Войти' макету\nassert 'rgba(0, 0, 0, 0)' == 'rgba(252, 224, 88, 1)'\n  \n  - rgba(252, 224, 88, 1)\n  + rgba(0, 0, 0, 0)",
  "statusTrace" : "self = <tests.ui_tests.header_test.TestHeader object at 0x7efd36771d30>\nheader_open = <pages.header.HeaderPage object at 0x7efd36793e90>\ncss_property = 'background-color', figma = 'rgba(252, 224, 88, 1)'\nname = 'цвета', url = 'https://app.dev.pulsewave.ru/auth/password?email='\n\n    @pytest.mark.xfail\n    @pytest.mark.parametrize('url', [link.SIGNUP_PAGE, link.PASSWORD_RECOVERY])\n    @pytest.mark.parametrize('css_property, figma, name', const.CHECK_BUTTON)\n    @pytest.mark.regress\n    def test_get_css_property_header_auth_login(self, header_open, css_property, figma, name, url):\n        allure.dynamic.title(f\"H.7 Проверка {name} кнопки '{self.const.TEXT_LOGIN}' в хедере {url}\")\n        element = header_open.get_header_auth_login()\n        mean_css = element.value_of_css_property(css_property)\n        with allure.step(f\"Прошла проверка соответствия {name} кнопки '{self.const.TEXT_LOGIN}' макету\"):\n>           assert mean_css == figma, f\"Не прошла проверка соответствия {name} кнопки '{self.const.TEXT_LOGIN}' макету\"\nE           AssertionError: Не прошла проверка соответствия цвета кнопки 'Войти' макету\nE           assert 'rgba(0, 0, 0, 0)' == 'rgba(252, 224, 88, 1)'\nE             \nE             - rgba(252, 224, 88, 1)\nE             + rgba(0, 0, 0, 0)\n\ntests/ui_tests/header_test.py:77: AssertionError",
  "flaky" : false,
  "newFailed" : false,
  "beforeStages" : [ {
    "name" : "driver",
    "time" : {
      "start" : 1755458270770,
      "stop" : 1755458271037,
      "duration" : 267
    },
    "status" : "passed",
    "steps" : [ ],
    "attachments" : [ ],
    "parameters" : [ ],
    "stepsCount" : 0,
    "attachmentsCount" : 0,
    "shouldDisplayMessage" : false,
    "hasContent" : false
  }, {
    "name" : "header_open",
    "time" : {
      "start" : 1755458271037,
      "stop" : 1755458334485,
      "duration" : 63448
    },
    "status" : "passed",
    "steps" : [ {
      "name" : "Открыть страницу 'https://app.dev.pulsewave.ru/auth/password?email='",
      "time" : {
        "start" : 1755458271037,
        "stop" : 1755458334485,
        "duration" : 63448
      },
      "status" : "passed",
      "steps" : [ {
        "name" : "Согласиться с использованием файлов cookies, если высветилось окно",
        "time" : {
          "start" : 1755458274243,
          "stop" : 1755458334485,
          "duration" : 60242
        },
        "status" : "passed",
        "steps" : [ {
          "name" : "Получить кнопку 'Принимаю всё' в сообщении о принятии файлов cookie на Главной странице",
          "time" : {
            "start" : 1755458274243,
            "stop" : 1755458334485,
            "duration" : 60242
          },
          "status" : "broken",
          "statusMessage" : "selenium.common.exceptions.TimeoutException: Message: \nStacktrace:\n#0 0x55d50f50905a <unknown>\n#1 0x55d50efa8a70 <unknown>\n#2 0x55d50effa907 <unknown>\n#3 0x55d50effab01 <unknown>\n#4 0x55d50f048d54 <unknown>\n#5 0x55d50f02040d <unknown>\n#6 0x55d50f04614f <unknown>\n#7 0x55d50f0201b3 <unknown>\n#8 0x55d50efec59b <unknown>\n#9 0x55d50efed971 <unknown>\n#10 0x55d50f4ce22b <unknown>\n#11 0x55d50f4d1f79 <unknown>\n#12 0x55d50f4b5309 <unknown>\n#13 0x55d50f4d2b28 <unknown>\n#14 0x55d50f499bef <unknown>\n#15 0x55d50f4f60e8 <unknown>\n#16 0x55d50f4f62c6 <unknown>\n#17 0x55d50f508036 <unknown>\n#18 0x7fadc8a9caa4 <unknown>\n#19 0x7fadc8b29c3c <unknown>\n\n",
          "statusTrace" : "  File \"/opt/hostedtoolcache/Python/3.12.11/x64/lib/python3.12/site-packages/allure_commons/_allure.py\", line 192, in impl\n    return func(*a, **kw)\n           ^^^^^^^^^^^^^^\n  File \"/home/runner/work/PulseWave/PulseWave/pages/footer.py\", line 39, in get_allow_all_cookies\n    button_text = self.element_is_visible(self.locator.ALLOW_ALL_COOKIES)\n                  ^^^^^^^^^^^^^^^^^^^^^^^^^^^^^^^^^^^^^^^^^^^^^^^^^^^^^^^\n  File \"/opt/hostedtoolcache/Python/3.12.11/x64/lib/python3.12/site-packages/allure_commons/_allure.py\", line 192, in impl\n    return func(*a, **kw)\n           ^^^^^^^^^^^^^^\n  File \"/home/runner/work/PulseWave/PulseWave/pages/base_page.py\", line 20, in element_is_visible\n    element = self.element_is_present(locator)\n              ^^^^^^^^^^^^^^^^^^^^^^^^^^^^^^^^\n  File \"/opt/hostedtoolcache/Python/3.12.11/x64/lib/python3.12/site-packages/allure_commons/_allure.py\", line 192, in impl\n    return func(*a, **kw)\n           ^^^^^^^^^^^^^^\n  File \"/home/runner/work/PulseWave/PulseWave/pages/base_page.py\", line 39, in element_is_present\n    return Wait(self.driver, self.timeout).until(es.presence_of_element_located(locator))\n           ^^^^^^^^^^^^^^^^^^^^^^^^^^^^^^^^^^^^^^^^^^^^^^^^^^^^^^^^^^^^^^^^^^^^^^^^^^^^^^\n  File \"/opt/hostedtoolcache/Python/3.12.11/x64/lib/python3.12/site-packages/selenium/webdriver/support/wait.py\", line 105, in until\n    raise TimeoutException(message, screen, stacktrace)\n",
          "steps" : [ {
            "name" : "Проверить видимость элемента",
            "time" : {
              "start" : 1755458274243,
              "stop" : 1755458334485,
              "duration" : 60242
            },
            "status" : "broken",
            "statusMessage" : "selenium.common.exceptions.TimeoutException: Message: \nStacktrace:\n#0 0x55d50f50905a <unknown>\n#1 0x55d50efa8a70 <unknown>\n#2 0x55d50effa907 <unknown>\n#3 0x55d50effab01 <unknown>\n#4 0x55d50f048d54 <unknown>\n#5 0x55d50f02040d <unknown>\n#6 0x55d50f04614f <unknown>\n#7 0x55d50f0201b3 <unknown>\n#8 0x55d50efec59b <unknown>\n#9 0x55d50efed971 <unknown>\n#10 0x55d50f4ce22b <unknown>\n#11 0x55d50f4d1f79 <unknown>\n#12 0x55d50f4b5309 <unknown>\n#13 0x55d50f4d2b28 <unknown>\n#14 0x55d50f499bef <unknown>\n#15 0x55d50f4f60e8 <unknown>\n#16 0x55d50f4f62c6 <unknown>\n#17 0x55d50f508036 <unknown>\n#18 0x7fadc8a9caa4 <unknown>\n#19 0x7fadc8b29c3c <unknown>\n\n",
            "statusTrace" : "  File \"/opt/hostedtoolcache/Python/3.12.11/x64/lib/python3.12/site-packages/allure_commons/_allure.py\", line 192, in impl\n    return func(*a, **kw)\n           ^^^^^^^^^^^^^^\n  File \"/home/runner/work/PulseWave/PulseWave/pages/base_page.py\", line 20, in element_is_visible\n    element = self.element_is_present(locator)\n              ^^^^^^^^^^^^^^^^^^^^^^^^^^^^^^^^\n  File \"/opt/hostedtoolcache/Python/3.12.11/x64/lib/python3.12/site-packages/allure_commons/_allure.py\", line 192, in impl\n    return func(*a, **kw)\n           ^^^^^^^^^^^^^^\n  File \"/home/runner/work/PulseWave/PulseWave/pages/base_page.py\", line 39, in element_is_present\n    return Wait(self.driver, self.timeout).until(es.presence_of_element_located(locator))\n           ^^^^^^^^^^^^^^^^^^^^^^^^^^^^^^^^^^^^^^^^^^^^^^^^^^^^^^^^^^^^^^^^^^^^^^^^^^^^^^\n  File \"/opt/hostedtoolcache/Python/3.12.11/x64/lib/python3.12/site-packages/selenium/webdriver/support/wait.py\", line 105, in until\n    raise TimeoutException(message, screen, stacktrace)\n",
            "steps" : [ {
              "name" : "Проверить присутствие элемента в DOM",
              "time" : {
                "start" : 1755458274243,
                "stop" : 1755458334484,
                "duration" : 60241
              },
              "status" : "broken",
              "statusMessage" : "selenium.common.exceptions.TimeoutException: Message: \nStacktrace:\n#0 0x55d50f50905a <unknown>\n#1 0x55d50efa8a70 <unknown>\n#2 0x55d50effa907 <unknown>\n#3 0x55d50effab01 <unknown>\n#4 0x55d50f048d54 <unknown>\n#5 0x55d50f02040d <unknown>\n#6 0x55d50f04614f <unknown>\n#7 0x55d50f0201b3 <unknown>\n#8 0x55d50efec59b <unknown>\n#9 0x55d50efed971 <unknown>\n#10 0x55d50f4ce22b <unknown>\n#11 0x55d50f4d1f79 <unknown>\n#12 0x55d50f4b5309 <unknown>\n#13 0x55d50f4d2b28 <unknown>\n#14 0x55d50f499bef <unknown>\n#15 0x55d50f4f60e8 <unknown>\n#16 0x55d50f4f62c6 <unknown>\n#17 0x55d50f508036 <unknown>\n#18 0x7fadc8a9caa4 <unknown>\n#19 0x7fadc8b29c3c <unknown>\n\n",
              "statusTrace" : "  File \"/opt/hostedtoolcache/Python/3.12.11/x64/lib/python3.12/site-packages/allure_commons/_allure.py\", line 192, in impl\n    return func(*a, **kw)\n           ^^^^^^^^^^^^^^\n  File \"/home/runner/work/PulseWave/PulseWave/pages/base_page.py\", line 39, in element_is_present\n    return Wait(self.driver, self.timeout).until(es.presence_of_element_located(locator))\n           ^^^^^^^^^^^^^^^^^^^^^^^^^^^^^^^^^^^^^^^^^^^^^^^^^^^^^^^^^^^^^^^^^^^^^^^^^^^^^^\n  File \"/opt/hostedtoolcache/Python/3.12.11/x64/lib/python3.12/site-packages/selenium/webdriver/support/wait.py\", line 105, in until\n    raise TimeoutException(message, screen, stacktrace)\n",
              "steps" : [ ],
              "attachments" : [ ],
              "parameters" : [ {
                "name" : "locator",
                "value" : "('css selector', '.cookies__body .button__small')"
              } ],
              "stepsCount" : 0,
              "attachmentsCount" : 0,
              "shouldDisplayMessage" : true,
              "hasContent" : true
            } ],
            "attachments" : [ ],
            "parameters" : [ {
              "name" : "locator",
              "value" : "('css selector', '.cookies__body .button__small')"
            } ],
            "stepsCount" : 1,
            "attachmentsCount" : 0,
            "shouldDisplayMessage" : false,
            "hasContent" : true
          } ],
          "attachments" : [ ],
          "parameters" : [ ],
          "stepsCount" : 2,
          "attachmentsCount" : 0,
          "shouldDisplayMessage" : false,
          "hasContent" : true
        } ],
        "attachments" : [ ],
        "parameters" : [ {
          "name" : "driver",
          "value" : "<selenium.webdriver.chrome.webdriver.WebDriver (session=\"0dcce0b8c20267c5a2888e968fd66229\")>"
        } ],
        "stepsCount" : 3,
        "attachmentsCount" : 0,
        "shouldDisplayMessage" : false,
        "hasContent" : true
      } ],
      "attachments" : [ ],
      "parameters" : [ ],
      "stepsCount" : 4,
      "attachmentsCount" : 0,
      "shouldDisplayMessage" : false,
      "hasContent" : true
    } ],
    "attachments" : [ ],
    "parameters" : [ ],
    "stepsCount" : 5,
    "attachmentsCount" : 0,
    "shouldDisplayMessage" : false,
    "hasContent" : true
  }, {
    "name" : "_session_faker",
    "time" : {
      "start" : 1755453542311,
      "stop" : 1755453542326,
      "duration" : 15
    },
    "status" : "passed",
    "steps" : [ ],
    "attachments" : [ ],
    "parameters" : [ ],
    "stepsCount" : 0,
    "attachmentsCount" : 0,
    "shouldDisplayMessage" : false,
    "hasContent" : false
  }, {
    "name" : "clear_allure_result_folder",
    "time" : {
      "start" : 1755453542326,
      "stop" : 1755453542326,
      "duration" : 0
    },
    "status" : "passed",
    "steps" : [ ],
    "attachments" : [ ],
    "parameters" : [ ],
    "stepsCount" : 0,
    "attachmentsCount" : 0,
    "shouldDisplayMessage" : false,
    "hasContent" : false
  } ],
  "testStage" : {
    "status" : "skipped",
    "statusMessage" : "XFAIL\n\nAssertionError: Не прошла проверка соответствия цвета кнопки 'Войти' макету\nassert 'rgba(0, 0, 0, 0)' == 'rgba(252, 224, 88, 1)'\n  \n  - rgba(252, 224, 88, 1)\n  + rgba(0, 0, 0, 0)",
    "statusTrace" : "self = <tests.ui_tests.header_test.TestHeader object at 0x7efd36771d30>\nheader_open = <pages.header.HeaderPage object at 0x7efd36793e90>\ncss_property = 'background-color', figma = 'rgba(252, 224, 88, 1)'\nname = 'цвета', url = 'https://app.dev.pulsewave.ru/auth/password?email='\n\n    @pytest.mark.xfail\n    @pytest.mark.parametrize('url', [link.SIGNUP_PAGE, link.PASSWORD_RECOVERY])\n    @pytest.mark.parametrize('css_property, figma, name', const.CHECK_BUTTON)\n    @pytest.mark.regress\n    def test_get_css_property_header_auth_login(self, header_open, css_property, figma, name, url):\n        allure.dynamic.title(f\"H.7 Проверка {name} кнопки '{self.const.TEXT_LOGIN}' в хедере {url}\")\n        element = header_open.get_header_auth_login()\n        mean_css = element.value_of_css_property(css_property)\n        with allure.step(f\"Прошла проверка соответствия {name} кнопки '{self.const.TEXT_LOGIN}' макету\"):\n>           assert mean_css == figma, f\"Не прошла проверка соответствия {name} кнопки '{self.const.TEXT_LOGIN}' макету\"\nE           AssertionError: Не прошла проверка соответствия цвета кнопки 'Войти' макету\nE           assert 'rgba(0, 0, 0, 0)' == 'rgba(252, 224, 88, 1)'\nE             \nE             - rgba(252, 224, 88, 1)\nE             + rgba(0, 0, 0, 0)\n\ntests/ui_tests/header_test.py:77: AssertionError",
    "steps" : [ {
      "name" : "Проверка видимости кнопки 'Войти' в хэдере",
      "time" : {
        "start" : 1755458334486,
        "stop" : 1755458334520,
        "duration" : 34
      },
      "status" : "passed",
      "steps" : [ {
        "name" : "Проверить видимость элемента",
        "time" : {
          "start" : 1755458334486,
          "stop" : 1755458334520,
          "duration" : 34
        },
        "status" : "passed",
        "steps" : [ {
          "name" : "Проверить присутствие элемента в DOM",
          "time" : {
            "start" : 1755458334486,
            "stop" : 1755458334496,
            "duration" : 10
          },
          "status" : "passed",
          "steps" : [ ],
          "attachments" : [ ],
          "parameters" : [ {
            "name" : "locator",
            "value" : "('xpath', '//*[text()=\" Войти \"]')"
          } ],
          "stepsCount" : 0,
          "attachmentsCount" : 0,
          "shouldDisplayMessage" : false,
          "hasContent" : true
        }, {
          "name" : "Проскролить до элемента",
          "time" : {
            "start" : 1755458334496,
            "stop" : 1755458334501,
            "duration" : 5
          },
          "status" : "passed",
          "steps" : [ ],
          "attachments" : [ ],
          "parameters" : [ {
            "name" : "element",
            "value" : "<selenium.webdriver.remote.webelement.WebElement (session=\"0dcce0b8c20267c5a2888e968fd66229\", element=\"f.E65618996EEAC6AD0DD4B4D4D88635AC.d.C1D4ECC39AA96DD028EA6CE4FBF84A7B.e.15\")>"
          } ],
          "stepsCount" : 0,
          "attachmentsCount" : 0,
          "shouldDisplayMessage" : false,
          "hasContent" : true
        } ],
        "attachments" : [ ],
        "parameters" : [ {
          "name" : "locator",
          "value" : "('xpath', '//*[text()=\" Войти \"]')"
        } ],
        "stepsCount" : 2,
        "attachmentsCount" : 0,
        "shouldDisplayMessage" : false,
        "hasContent" : true
      } ],
      "attachments" : [ ],
      "parameters" : [ ],
      "stepsCount" : 3,
      "attachmentsCount" : 0,
      "shouldDisplayMessage" : false,
      "hasContent" : true
    }, {
      "name" : "Прошла проверка соответствия цвета кнопки 'Войти' макету",
      "time" : {
        "start" : 1755458334529,
        "stop" : 1755458334529,
        "duration" : 0
      },
      "status" : "failed",
      "statusMessage" : "AssertionError: Не прошла проверка соответствия цвета кнопки 'Войти' макету\nassert 'rgba(0, 0, 0, 0)' == 'rgba(252, 224, 88, 1)'\n  \n  - rgba(252, 224, 88, 1)\n  + rgba(0, 0, 0, 0)\n",
      "statusTrace" : "  File \"/home/runner/work/PulseWave/PulseWave/tests/ui_tests/header_test.py\", line 77, in test_get_css_property_header_auth_login\n    assert mean_css == figma, f\"Не прошла проверка соответствия {name} кнопки '{self.const.TEXT_LOGIN}' макету\"\n",
      "steps" : [ ],
      "attachments" : [ ],
      "parameters" : [ ],
      "stepsCount" : 0,
      "attachmentsCount" : 0,
      "shouldDisplayMessage" : true,
      "hasContent" : true
    } ],
    "attachments" : [ {
      "name" : "Screenshot",
      "type" : "image/png",
      "size" : 0
    } ],
    "parameters" : [ ],
    "stepsCount" : 5,
    "attachmentsCount" : 1,
    "shouldDisplayMessage" : true,
    "hasContent" : true
  },
  "afterStages" : [ {
    "name" : "driver::0",
    "time" : {
      "start" : 1755458334604,
      "stop" : 1755458334682,
      "duration" : 78
    },
    "status" : "passed",
    "steps" : [ ],
    "attachments" : [ ],
    "parameters" : [ ],
    "stepsCount" : 0,
    "attachmentsCount" : 0,
    "shouldDisplayMessage" : false,
    "hasContent" : false
  } ],
  "labels" : [ {
    "name" : "epic",
    "value" : "Тестирование Хедера"
  }, {
    "name" : "tag",
    "value" : "regress"
  }, {
    "name" : "tag",
    "value" : "@pytest.mark.xfail"
  }, {
    "name" : "parentSuite",
    "value" : "tests.ui_tests"
  }, {
    "name" : "suite",
    "value" : "header_test"
  }, {
    "name" : "subSuite",
    "value" : "TestHeader"
  }, {
    "name" : "host",
    "value" : "pkrvmubgrv54qmi"
  }, {
    "name" : "thread",
    "value" : "2563-MainThread"
  }, {
    "name" : "framework",
    "value" : "pytest"
  }, {
    "name" : "language",
    "value" : "cpython3"
  }, {
    "name" : "package",
    "value" : "tests.ui_tests.header_test"
  }, {
    "name" : "resultFormat",
    "value" : "allure2"
  } ],
  "parameters" : [ {
    "name" : "css_property",
    "value" : "'background-color'"
  }, {
    "name" : "figma",
    "value" : "'rgba(252, 224, 88, 1)'"
  }, {
    "name" : "name",
    "value" : "'цвета'"
  }, {
    "name" : "url",
    "value" : "'https://app.dev.pulsewave.ru/auth/password?email='"
  } ],
  "links" : [ ],
  "hidden" : false,
  "retry" : false,
  "extra" : {
    "severity" : "normal",
    "retries" : [ ],
    "categories" : [ ],
    "tags" : [ "@pytest.mark.xfail", "regress" ]
  },
  "source" : "44135ffc9b43d0e9.json",
  "parameterValues" : [ "'background-color'", "'rgba(252, 224, 88, 1)'", "'цвета'", "'https://app.dev.pulsewave.ru/auth/password?email='" ]
}