{
  "uid" : "13d86862823612ea",
  "name" : "3.2, 3.2.1 Восстановить пароль на корректный емайл",
  "fullName" : "tests.test_password_recovery.test_password_recovery.TestPasswordRecoveryPage#test_recovery_password_to_fill_correct_email",
  "historyId" : "3fbb91d2b204c3d1abb80d32ac377e08",
  "time" : {
    "start" : 1713865755773,
    "stop" : 1713865789471,
    "duration" : 33698
  },
  "status" : "skipped",
  "statusMessage" : "XFAIL\n\nselenium.common.exceptions.TimeoutException: Message: \nStacktrace:\n#0 0x55a958aab863 <unknown>\n#1 0x55a9587a18c6 <unknown>\n#2 0x55a9587ec618 <unknown>\n#3 0x55a9587ec6d1 <unknown>\n#4 0x55a95882f744 <unknown>\n#5 0x55a95880e5cd <unknown>\n#6 0x55a95882cc19 <unknown>\n#7 0x55a95880e343 <unknown>\n#8 0x55a9587df593 <unknown>\n#9 0x55a9587dff5e <unknown>\n#10 0x55a958a6f84b <unknown>\n#11 0x55a958a737a5 <unknown>\n#12 0x55a958a5d571 <unknown>\n#13 0x55a958a74332 <unknown>\n#14 0x55a958a4287f <unknown>\n#15 0x55a958a9a728 <unknown>\n#16 0x55a958a9a8fb <unknown>\n#17 0x55a958aaa9b4 <unknown>\n#18 0x7f40d3e94ac3 <unknown>",
  "statusTrace" : "self = <tests.test_password_recovery.test_password_recovery.TestPasswordRecoveryPage object at 0x7f7606b14530>\nrecovery_page_open = <pages.password_recovery_page.PasswordRecoveryPage object at 0x7f7606b57a10>\ndriver = <selenium.webdriver.chrome.webdriver.WebDriver (session=\"410be0a13cb8478c855b0ddd391b5a64\")>\n\n    @pytest.mark.xfail\n    @allure.title(\"3.2, 3.2.1 Восстановить пароль на корректный емайл\")\n    @pytest.mark.regress\n    def test_recovery_password_to_fill_correct_email(self, recovery_page_open, driver):\n        with allure.step('Заполнить поле емайл'):\n            recovery_page_open.fill_email_to_recovery_password(email_auth)\n        with allure.step(\"Нажать кнопку 'Продолжить'\"):\n            recovery_page_open.click_resume_button()\n        time.sleep(10)  # Получить ссылку на емайл\n        link = self.page.get_link_recovery_password_by_email()\n        driver.get(link)\n        with allure.step('Ввести пароль в поле пароль'):\n            recovery_page_open.fill_password_recovery(password0)\n        with allure.step('Ввести пароль в поле подтверждение пароля'):\n            recovery_page_open.fill_confirm_password_recovery(password0)\n        with allure.step(\"Нажать кнопку 'Сохранить пароль'\"):\n            recovery_page_open.click_resume_button()\n        with allure.step(\"Нажать кнопку 'Ок' - подтвердить переход на страницу авторизации\"):\n>           recovery_page_open.click_resume_button()\n\ntests/test_password_recovery/test_password_recovery.py:68: \n_ _ _ _ _ _ _ _ _ _ _ _ _ _ _ _ _ _ _ _ _ _ _ _ _ _ _ _ _ _ _ _ _ _ _ _ _ _ _ _ \npages/password_recovery_page.py:48: in click_resume_button\n    return self.element_is_clickable(self.locator.SUBMIT_BUTTON).click()\npages/base_page.py:60: in element_is_clickable\n    return Wait(self.driver, self.timeout).until(es.element_to_be_clickable(locator))\n_ _ _ _ _ _ _ _ _ _ _ _ _ _ _ _ _ _ _ _ _ _ _ _ _ _ _ _ _ _ _ _ _ _ _ _ _ _ _ _ \n\nself = <selenium.webdriver.support.wait.WebDriverWait (session=\"410be0a13cb8478c855b0ddd391b5a64\")>\nmethod = <function element_to_be_clickable.<locals>._predicate at 0x7f76051482c0>\nmessage = ''\n\n    def until(self, method: Callable[[D], Union[Literal[False], T]], message: str = \"\") -> T:\n        \"\"\"Calls the method provided with the driver as an argument until the \\\n        return value does not evaluate to ``False``.\n    \n        :param method: callable(WebDriver)\n        :param message: optional message for :exc:`TimeoutException`\n        :returns: the result of the last call to `method`\n        :raises: :exc:`selenium.common.exceptions.TimeoutException` if timeout occurs\n        \"\"\"\n        screen = None\n        stacktrace = None\n    \n        end_time = time.monotonic() + self._timeout\n        while True:\n            try:\n                value = method(self._driver)\n                if value:\n                    return value\n            except self._ignored_exceptions as exc:\n                screen = getattr(exc, \"screen\", None)\n                stacktrace = getattr(exc, \"stacktrace\", None)\n            time.sleep(self._poll)\n            if time.monotonic() > end_time:\n                break\n>       raise TimeoutException(message, screen, stacktrace)\nE       selenium.common.exceptions.TimeoutException: Message: \nE       Stacktrace:\nE       #0 0x55a958aab863 <unknown>\nE       #1 0x55a9587a18c6 <unknown>\nE       #2 0x55a9587ec618 <unknown>\nE       #3 0x55a9587ec6d1 <unknown>\nE       #4 0x55a95882f744 <unknown>\nE       #5 0x55a95880e5cd <unknown>\nE       #6 0x55a95882cc19 <unknown>\nE       #7 0x55a95880e343 <unknown>\nE       #8 0x55a9587df593 <unknown>\nE       #9 0x55a9587dff5e <unknown>\nE       #10 0x55a958a6f84b <unknown>\nE       #11 0x55a958a737a5 <unknown>\nE       #12 0x55a958a5d571 <unknown>\nE       #13 0x55a958a74332 <unknown>\nE       #14 0x55a958a4287f <unknown>\nE       #15 0x55a958a9a728 <unknown>\nE       #16 0x55a958a9a8fb <unknown>\nE       #17 0x55a958aaa9b4 <unknown>\nE       #18 0x7f40d3e94ac3 <unknown>\n\n/opt/hostedtoolcache/Python/3.12.3/x64/lib/python3.12/site-packages/selenium/webdriver/support/wait.py:105: TimeoutException",
  "flaky" : false,
  "newFailed" : false,
  "beforeStages" : [ {
    "name" : "_session_faker",
    "time" : {
      "start" : 1713864921459,
      "stop" : 1713864921477,
      "duration" : 18
    },
    "status" : "passed",
    "steps" : [ ],
    "attachments" : [ ],
    "parameters" : [ ],
    "stepsCount" : 0,
    "attachmentsCount" : 0,
    "shouldDisplayMessage" : false,
    "hasContent" : false
  }, {
    "name" : "driver",
    "time" : {
      "start" : 1713865752652,
      "stop" : 1713865752939,
      "duration" : 287
    },
    "status" : "passed",
    "steps" : [ ],
    "attachments" : [ ],
    "parameters" : [ ],
    "stepsCount" : 0,
    "attachmentsCount" : 0,
    "shouldDisplayMessage" : false,
    "hasContent" : false
  }, {
    "name" : "clear_allure_results_folder",
    "time" : {
      "start" : 1713864921477,
      "stop" : 1713864921477,
      "duration" : 0
    },
    "status" : "passed",
    "steps" : [ ],
    "attachments" : [ ],
    "parameters" : [ ],
    "stepsCount" : 0,
    "attachmentsCount" : 0,
    "shouldDisplayMessage" : false,
    "hasContent" : false
  }, {
    "name" : "recovery_page_open",
    "time" : {
      "start" : 1713865752939,
      "stop" : 1713865755772,
      "duration" : 2833
    },
    "status" : "passed",
    "steps" : [ {
      "name" : "Проверка видимости кнопки 'Принимаю все' в сообщении о принятии файлов cookie",
      "time" : {
        "start" : 1713865755711,
        "stop" : 1713865755743,
        "duration" : 32
      },
      "status" : "passed",
      "steps" : [ ],
      "attachments" : [ ],
      "parameters" : [ ],
      "stepsCount" : 0,
      "attachmentsCount" : 0,
      "shouldDisplayMessage" : false,
      "hasContent" : false
    } ],
    "attachments" : [ ],
    "parameters" : [ ],
    "stepsCount" : 1,
    "attachmentsCount" : 0,
    "shouldDisplayMessage" : false,
    "hasContent" : true
  } ],
  "testStage" : {
    "status" : "skipped",
    "statusMessage" : "XFAIL\n\nselenium.common.exceptions.TimeoutException: Message: \nStacktrace:\n#0 0x55a958aab863 <unknown>\n#1 0x55a9587a18c6 <unknown>\n#2 0x55a9587ec618 <unknown>\n#3 0x55a9587ec6d1 <unknown>\n#4 0x55a95882f744 <unknown>\n#5 0x55a95880e5cd <unknown>\n#6 0x55a95882cc19 <unknown>\n#7 0x55a95880e343 <unknown>\n#8 0x55a9587df593 <unknown>\n#9 0x55a9587dff5e <unknown>\n#10 0x55a958a6f84b <unknown>\n#11 0x55a958a737a5 <unknown>\n#12 0x55a958a5d571 <unknown>\n#13 0x55a958a74332 <unknown>\n#14 0x55a958a4287f <unknown>\n#15 0x55a958a9a728 <unknown>\n#16 0x55a958a9a8fb <unknown>\n#17 0x55a958aaa9b4 <unknown>\n#18 0x7f40d3e94ac3 <unknown>",
    "statusTrace" : "self = <tests.test_password_recovery.test_password_recovery.TestPasswordRecoveryPage object at 0x7f7606b14530>\nrecovery_page_open = <pages.password_recovery_page.PasswordRecoveryPage object at 0x7f7606b57a10>\ndriver = <selenium.webdriver.chrome.webdriver.WebDriver (session=\"410be0a13cb8478c855b0ddd391b5a64\")>\n\n    @pytest.mark.xfail\n    @allure.title(\"3.2, 3.2.1 Восстановить пароль на корректный емайл\")\n    @pytest.mark.regress\n    def test_recovery_password_to_fill_correct_email(self, recovery_page_open, driver):\n        with allure.step('Заполнить поле емайл'):\n            recovery_page_open.fill_email_to_recovery_password(email_auth)\n        with allure.step(\"Нажать кнопку 'Продолжить'\"):\n            recovery_page_open.click_resume_button()\n        time.sleep(10)  # Получить ссылку на емайл\n        link = self.page.get_link_recovery_password_by_email()\n        driver.get(link)\n        with allure.step('Ввести пароль в поле пароль'):\n            recovery_page_open.fill_password_recovery(password0)\n        with allure.step('Ввести пароль в поле подтверждение пароля'):\n            recovery_page_open.fill_confirm_password_recovery(password0)\n        with allure.step(\"Нажать кнопку 'Сохранить пароль'\"):\n            recovery_page_open.click_resume_button()\n        with allure.step(\"Нажать кнопку 'Ок' - подтвердить переход на страницу авторизации\"):\n>           recovery_page_open.click_resume_button()\n\ntests/test_password_recovery/test_password_recovery.py:68: \n_ _ _ _ _ _ _ _ _ _ _ _ _ _ _ _ _ _ _ _ _ _ _ _ _ _ _ _ _ _ _ _ _ _ _ _ _ _ _ _ \npages/password_recovery_page.py:48: in click_resume_button\n    return self.element_is_clickable(self.locator.SUBMIT_BUTTON).click()\npages/base_page.py:60: in element_is_clickable\n    return Wait(self.driver, self.timeout).until(es.element_to_be_clickable(locator))\n_ _ _ _ _ _ _ _ _ _ _ _ _ _ _ _ _ _ _ _ _ _ _ _ _ _ _ _ _ _ _ _ _ _ _ _ _ _ _ _ \n\nself = <selenium.webdriver.support.wait.WebDriverWait (session=\"410be0a13cb8478c855b0ddd391b5a64\")>\nmethod = <function element_to_be_clickable.<locals>._predicate at 0x7f76051482c0>\nmessage = ''\n\n    def until(self, method: Callable[[D], Union[Literal[False], T]], message: str = \"\") -> T:\n        \"\"\"Calls the method provided with the driver as an argument until the \\\n        return value does not evaluate to ``False``.\n    \n        :param method: callable(WebDriver)\n        :param message: optional message for :exc:`TimeoutException`\n        :returns: the result of the last call to `method`\n        :raises: :exc:`selenium.common.exceptions.TimeoutException` if timeout occurs\n        \"\"\"\n        screen = None\n        stacktrace = None\n    \n        end_time = time.monotonic() + self._timeout\n        while True:\n            try:\n                value = method(self._driver)\n                if value:\n                    return value\n            except self._ignored_exceptions as exc:\n                screen = getattr(exc, \"screen\", None)\n                stacktrace = getattr(exc, \"stacktrace\", None)\n            time.sleep(self._poll)\n            if time.monotonic() > end_time:\n                break\n>       raise TimeoutException(message, screen, stacktrace)\nE       selenium.common.exceptions.TimeoutException: Message: \nE       Stacktrace:\nE       #0 0x55a958aab863 <unknown>\nE       #1 0x55a9587a18c6 <unknown>\nE       #2 0x55a9587ec618 <unknown>\nE       #3 0x55a9587ec6d1 <unknown>\nE       #4 0x55a95882f744 <unknown>\nE       #5 0x55a95880e5cd <unknown>\nE       #6 0x55a95882cc19 <unknown>\nE       #7 0x55a95880e343 <unknown>\nE       #8 0x55a9587df593 <unknown>\nE       #9 0x55a9587dff5e <unknown>\nE       #10 0x55a958a6f84b <unknown>\nE       #11 0x55a958a737a5 <unknown>\nE       #12 0x55a958a5d571 <unknown>\nE       #13 0x55a958a74332 <unknown>\nE       #14 0x55a958a4287f <unknown>\nE       #15 0x55a958a9a728 <unknown>\nE       #16 0x55a958a9a8fb <unknown>\nE       #17 0x55a958aaa9b4 <unknown>\nE       #18 0x7f40d3e94ac3 <unknown>\n\n/opt/hostedtoolcache/Python/3.12.3/x64/lib/python3.12/site-packages/selenium/webdriver/support/wait.py:105: TimeoutException",
    "steps" : [ {
      "name" : "Заполнить поле емайл",
      "time" : {
        "start" : 1713865755773,
        "stop" : 1713865755849,
        "duration" : 76
      },
      "status" : "passed",
      "steps" : [ ],
      "attachments" : [ ],
      "parameters" : [ ],
      "stepsCount" : 0,
      "attachmentsCount" : 0,
      "shouldDisplayMessage" : false,
      "hasContent" : false
    }, {
      "name" : "Нажать кнопку 'Продолжить'",
      "time" : {
        "start" : 1713865755850,
        "stop" : 1713865755900,
        "duration" : 50
      },
      "status" : "passed",
      "steps" : [ ],
      "attachments" : [ ],
      "parameters" : [ ],
      "stepsCount" : 0,
      "attachmentsCount" : 0,
      "shouldDisplayMessage" : false,
      "hasContent" : false
    }, {
      "name" : "Получить ссылку для смены пароля на email",
      "time" : {
        "start" : 1713865765900,
        "stop" : 1713865768580,
        "duration" : 2680
      },
      "status" : "passed",
      "steps" : [ ],
      "attachments" : [ ],
      "parameters" : [ ],
      "stepsCount" : 0,
      "attachmentsCount" : 0,
      "shouldDisplayMessage" : false,
      "hasContent" : false
    }, {
      "name" : "Ввести пароль в поле пароль",
      "time" : {
        "start" : 1713865768850,
        "stop" : 1713865768919,
        "duration" : 69
      },
      "status" : "passed",
      "steps" : [ ],
      "attachments" : [ ],
      "parameters" : [ ],
      "stepsCount" : 0,
      "attachmentsCount" : 0,
      "shouldDisplayMessage" : false,
      "hasContent" : false
    }, {
      "name" : "Ввести пароль в поле подтверждение пароля",
      "time" : {
        "start" : 1713865768919,
        "stop" : 1713865768976,
        "duration" : 57
      },
      "status" : "passed",
      "steps" : [ ],
      "attachments" : [ ],
      "parameters" : [ ],
      "stepsCount" : 0,
      "attachmentsCount" : 0,
      "shouldDisplayMessage" : false,
      "hasContent" : false
    }, {
      "name" : "Нажать кнопку 'Сохранить пароль'",
      "time" : {
        "start" : 1713865768976,
        "stop" : 1713865769057,
        "duration" : 81
      },
      "status" : "passed",
      "steps" : [ ],
      "attachments" : [ ],
      "parameters" : [ ],
      "stepsCount" : 0,
      "attachmentsCount" : 0,
      "shouldDisplayMessage" : false,
      "hasContent" : false
    }, {
      "name" : "Нажать кнопку 'Ок' - подтвердить переход на страницу авторизации",
      "time" : {
        "start" : 1713865769057,
        "stop" : 1713865789470,
        "duration" : 20413
      },
      "status" : "broken",
      "statusMessage" : "selenium.common.exceptions.TimeoutException: Message: \nStacktrace:\n#0 0x55a958aab863 <unknown>\n#1 0x55a9587a18c6 <unknown>\n#2 0x55a9587ec618 <unknown>\n#3 0x55a9587ec6d1 <unknown>\n#4 0x55a95882f744 <unknown>\n#5 0x55a95880e5cd <unknown>\n#6 0x55a95882cc19 <unknown>\n#7 0x55a95880e343 <unknown>\n#8 0x55a9587df593 <unknown>\n#9 0x55a9587dff5e <unknown>\n#10 0x55a958a6f84b <unknown>\n#11 0x55a958a737a5 <unknown>\n#12 0x55a958a5d571 <unknown>\n#13 0x55a958a74332 <unknown>\n#14 0x55a958a4287f <unknown>\n#15 0x55a958a9a728 <unknown>\n#16 0x55a958a9a8fb <unknown>\n#17 0x55a958aaa9b4 <unknown>\n#18 0x7f40d3e94ac3 <unknown>\n\n",
      "statusTrace" : "  File \"/home/runner/work/PulseWave/PulseWave/tests/test_password_recovery/test_password_recovery.py\", line 68, in test_recovery_password_to_fill_correct_email\n    recovery_page_open.click_resume_button()\n  File \"/home/runner/work/PulseWave/PulseWave/pages/password_recovery_page.py\", line 48, in click_resume_button\n    return self.element_is_clickable(self.locator.SUBMIT_BUTTON).click()\n           ^^^^^^^^^^^^^^^^^^^^^^^^^^^^^^^^^^^^^^^^^^^^^^^^^^^^^\n  File \"/home/runner/work/PulseWave/PulseWave/pages/base_page.py\", line 60, in element_is_clickable\n    return Wait(self.driver, self.timeout).until(es.element_to_be_clickable(locator))\n           ^^^^^^^^^^^^^^^^^^^^^^^^^^^^^^^^^^^^^^^^^^^^^^^^^^^^^^^^^^^^^^^^^^^^^^^^^^\n  File \"/opt/hostedtoolcache/Python/3.12.3/x64/lib/python3.12/site-packages/selenium/webdriver/support/wait.py\", line 105, in until\n    raise TimeoutException(message, screen, stacktrace)\n",
      "steps" : [ ],
      "attachments" : [ ],
      "parameters" : [ ],
      "stepsCount" : 0,
      "attachmentsCount" : 0,
      "shouldDisplayMessage" : true,
      "hasContent" : true
    } ],
    "attachments" : [ {
      "uid" : "ff681cb9b1351e2b",
      "name" : "Screenshot",
      "source" : "ff681cb9b1351e2b.png",
      "type" : "image/png",
      "size" : 91537
    }, {
      "uid" : "9af62f0eca598c99",
      "name" : "HTML source",
      "source" : "9af62f0eca598c99.html",
      "type" : "text/html",
      "size" : 175875
    } ],
    "parameters" : [ ],
    "stepsCount" : 7,
    "attachmentsCount" : 2,
    "shouldDisplayMessage" : true,
    "hasContent" : true
  },
  "afterStages" : [ {
    "name" : "driver::0",
    "time" : {
      "start" : 1713865789648,
      "stop" : 1713865789709,
      "duration" : 61
    },
    "status" : "passed",
    "steps" : [ ],
    "attachments" : [ ],
    "parameters" : [ ],
    "stepsCount" : 0,
    "attachmentsCount" : 0,
    "shouldDisplayMessage" : false,
    "hasContent" : false
  } ],
  "labels" : [ {
    "name" : "epic",
    "value" : "Тестирование страницы 'Восстановление пароля'"
  }, {
    "name" : "tag",
    "value" : "regress"
  }, {
    "name" : "tag",
    "value" : "@pytest.mark.xfail"
  }, {
    "name" : "parentSuite",
    "value" : "tests.test_password_recovery"
  }, {
    "name" : "suite",
    "value" : "test_password_recovery"
  }, {
    "name" : "subSuite",
    "value" : "TestPasswordRecoveryPage"
  }, {
    "name" : "host",
    "value" : "fv-az840-576"
  }, {
    "name" : "thread",
    "value" : "2313-MainThread"
  }, {
    "name" : "framework",
    "value" : "pytest"
  }, {
    "name" : "language",
    "value" : "cpython3"
  }, {
    "name" : "package",
    "value" : "tests.test_password_recovery.test_password_recovery"
  }, {
    "name" : "resultFormat",
    "value" : "allure2"
  } ],
  "parameters" : [ {
    "name" : "browser",
    "value" : "'chrome'"
  } ],
  "links" : [ ],
  "hidden" : false,
  "retry" : false,
  "extra" : {
    "severity" : "normal",
    "retries" : [ ],
    "categories" : [ ],
    "history" : {
      "statistic" : {
        "failed" : 0,
        "broken" : 10,
        "skipped" : 6,
        "passed" : 31,
        "unknown" : 0,
        "total" : 47
      },
      "items" : [ {
        "uid" : "5771608072708779",
        "reportUrl" : "https://Nat754.github.io/PulseWave/3//#testresult/5771608072708779",
        "status" : "skipped",
        "statusDetails" : "XFAIL\n\nselenium.common.exceptions.TimeoutException: Message: \nStacktrace:\n#0 0x561ea55d2863 <unknown>\n#1 0x561ea52c88c6 <unknown>\n#2 0x561ea5313618 <unknown>\n#3 0x561ea53136d1 <unknown>\n#4 0x561ea5356744 <unknown>\n#5 0x561ea53355cd <unknown>\n#6 0x561ea5353c19 <unknown>\n#7 0x561ea5335343 <unknown>\n#8 0x561ea5306593 <unknown>\n#9 0x561ea5306f5e <unknown>\n#10 0x561ea559684b <unknown>\n#11 0x561ea559a7a5 <unknown>\n#12 0x561ea5584571 <unknown>\n#13 0x561ea559b332 <unknown>\n#14 0x561ea556987f <unknown>\n#15 0x561ea55c1728 <unknown>\n#16 0x561ea55c18fb <unknown>\n#17 0x561ea55d19b4 <unknown>\n#18 0x7f7a77294ac3 <unknown>",
        "time" : {
          "start" : 1713839507191,
          "stop" : 1713839540454,
          "duration" : 33263
        }
      }, {
        "uid" : "18bade06efd7fd6",
        "reportUrl" : "https://Nat754.github.io/PulseWave/203//#testresult/18bade06efd7fd6",
        "status" : "skipped",
        "statusDetails" : "XFAIL\n\nselenium.common.exceptions.TimeoutException: Message: \nStacktrace:\n#0 0x5616fc136863 <unknown>\n#1 0x5616fbe2c8c6 <unknown>\n#2 0x5616fbe77618 <unknown>\n#3 0x5616fbe776d1 <unknown>\n#4 0x5616fbeba744 <unknown>\n#5 0x5616fbe995cd <unknown>\n#6 0x5616fbeb7c19 <unknown>\n#7 0x5616fbe99343 <unknown>\n#8 0x5616fbe6a593 <unknown>\n#9 0x5616fbe6af5e <unknown>\n#10 0x5616fc0fa84b <unknown>\n#11 0x5616fc0fe7a5 <unknown>\n#12 0x5616fc0e8571 <unknown>\n#13 0x5616fc0ff332 <unknown>\n#14 0x5616fc0cd87f <unknown>\n#15 0x5616fc125728 <unknown>\n#16 0x5616fc1258fb <unknown>\n#17 0x5616fc1359b4 <unknown>\n#18 0x7f16a5694ac3 <unknown>",
        "time" : {
          "start" : 1713812628870,
          "stop" : 1713812662111,
          "duration" : 33241
        }
      }, {
        "uid" : "f783993ec75cf99d",
        "reportUrl" : "https://Nat754.github.io/PulseWave/202//#testresult/f783993ec75cf99d",
        "status" : "skipped",
        "statusDetails" : "XFAIL\n\nselenium.common.exceptions.TimeoutException: Message: \nStacktrace:\n#0 0x56539217e863 <unknown>\n#1 0x565391e748c6 <unknown>\n#2 0x565391ebf618 <unknown>\n#3 0x565391ebf6d1 <unknown>\n#4 0x565391f02744 <unknown>\n#5 0x565391ee15cd <unknown>\n#6 0x565391effc19 <unknown>\n#7 0x565391ee1343 <unknown>\n#8 0x565391eb2593 <unknown>\n#9 0x565391eb2f5e <unknown>\n#10 0x56539214284b <unknown>\n#11 0x5653921467a5 <unknown>\n#12 0x565392130571 <unknown>\n#13 0x565392147332 <unknown>\n#14 0x56539211587f <unknown>\n#15 0x56539216d728 <unknown>\n#16 0x56539216d8fb <unknown>\n#17 0x56539217d9b4 <unknown>\n#18 0x7f5499094ac3 <unknown>",
        "time" : {
          "start" : 1713789246705,
          "stop" : 1713789279860,
          "duration" : 33155
        }
      }, {
        "uid" : "c0e435c415e5b7ba",
        "reportUrl" : "https://Nat754.github.io/PulseWave/201//#testresult/c0e435c415e5b7ba",
        "status" : "skipped",
        "statusDetails" : "XFAIL\n\nselenium.common.exceptions.TimeoutException: Message: \nStacktrace:\n#0 0x55ad70080863 <unknown>\n#1 0x55ad6fd768c6 <unknown>\n#2 0x55ad6fdc1618 <unknown>\n#3 0x55ad6fdc16d1 <unknown>\n#4 0x55ad6fe04744 <unknown>\n#5 0x55ad6fde35cd <unknown>\n#6 0x55ad6fe01c19 <unknown>\n#7 0x55ad6fde3343 <unknown>\n#8 0x55ad6fdb4593 <unknown>\n#9 0x55ad6fdb4f5e <unknown>\n#10 0x55ad7004484b <unknown>\n#11 0x55ad700487a5 <unknown>\n#12 0x55ad70032571 <unknown>\n#13 0x55ad70049332 <unknown>\n#14 0x55ad7001787f <unknown>\n#15 0x55ad7006f728 <unknown>\n#16 0x55ad7006f8fb <unknown>\n#17 0x55ad7007f9b4 <unknown>\n#18 0x7f29a5894ac3 <unknown>",
        "time" : {
          "start" : 1713782527451,
          "stop" : 1713782560693,
          "duration" : 33242
        }
      }, {
        "uid" : "a3ec695a2e636102",
        "reportUrl" : "https://Nat754.github.io/PulseWave/200//#testresult/a3ec695a2e636102",
        "status" : "skipped",
        "statusDetails" : "XFAIL\n\nselenium.common.exceptions.TimeoutException: Message: \nStacktrace:\n#0 0x55a94360c863 <unknown>\n#1 0x55a9433028c6 <unknown>\n#2 0x55a94334d618 <unknown>\n#3 0x55a94334d6d1 <unknown>\n#4 0x55a943390744 <unknown>\n#5 0x55a94336f5cd <unknown>\n#6 0x55a94338dc19 <unknown>\n#7 0x55a94336f343 <unknown>\n#8 0x55a943340593 <unknown>\n#9 0x55a943340f5e <unknown>\n#10 0x55a9435d084b <unknown>\n#11 0x55a9435d47a5 <unknown>\n#12 0x55a9435be571 <unknown>\n#13 0x55a9435d5332 <unknown>\n#14 0x55a9435a387f <unknown>\n#15 0x55a9435fb728 <unknown>\n#16 0x55a9435fb8fb <unknown>\n#17 0x55a94360b9b4 <unknown>\n#18 0x7f5baa694ac3 <unknown>",
        "time" : {
          "start" : 1713779521466,
          "stop" : 1713779555393,
          "duration" : 33927
        }
      }, {
        "uid" : "5ea726cd9d3b23ef",
        "reportUrl" : "https://Nat754.github.io/PulseWave/2//#testresult/5ea726cd9d3b23ef",
        "status" : "broken",
        "statusDetails" : "selenium.common.exceptions.TimeoutException: Message: \nStacktrace:\n#0 0x55ebd1fd0863 <unknown>\n#1 0x55ebd1cc68c6 <unknown>\n#2 0x55ebd1d11618 <unknown>\n#3 0x55ebd1d116d1 <unknown>\n#4 0x55ebd1d54744 <unknown>\n#5 0x55ebd1d335cd <unknown>\n#6 0x55ebd1d51c19 <unknown>\n#7 0x55ebd1d33343 <unknown>\n#8 0x55ebd1d04593 <unknown>\n#9 0x55ebd1d04f5e <unknown>\n#10 0x55ebd1f9484b <unknown>\n#11 0x55ebd1f987a5 <unknown>\n#12 0x55ebd1f82571 <unknown>\n#13 0x55ebd1f99332 <unknown>\n#14 0x55ebd1f6787f <unknown>\n#15 0x55ebd1fbf728 <unknown>\n#16 0x55ebd1fbf8fb <unknown>\n#17 0x55ebd1fcf9b4 <unknown>\n#18 0x7f45f2894ac3 <unknown>",
        "time" : {
          "start" : 1713753099586,
          "stop" : 1713753132813,
          "duration" : 33227
        }
      }, {
        "uid" : "846f974876510229",
        "reportUrl" : "https://Nat754.github.io/PulseWave/1//#testresult/846f974876510229",
        "status" : "broken",
        "statusDetails" : "selenium.common.exceptions.TimeoutException: Message: \nStacktrace:\n#0 0x55f0f8277863 <unknown>\n#1 0x55f0f7f6d8c6 <unknown>\n#2 0x55f0f7fb8618 <unknown>\n#3 0x55f0f7fb86d1 <unknown>\n#4 0x55f0f7ffb744 <unknown>\n#5 0x55f0f7fda5cd <unknown>\n#6 0x55f0f7ff8c19 <unknown>\n#7 0x55f0f7fda343 <unknown>\n#8 0x55f0f7fab593 <unknown>\n#9 0x55f0f7fabf5e <unknown>\n#10 0x55f0f823b84b <unknown>\n#11 0x55f0f823f7a5 <unknown>\n#12 0x55f0f8229571 <unknown>\n#13 0x55f0f8240332 <unknown>\n#14 0x55f0f820e87f <unknown>\n#15 0x55f0f8266728 <unknown>\n#16 0x55f0f82668fb <unknown>\n#17 0x55f0f82769b4 <unknown>\n#18 0x7f0d8d494ac3 <unknown>",
        "time" : {
          "start" : 1713666972804,
          "stop" : 1713667006970,
          "duration" : 34166
        }
      }, {
        "uid" : "c068d60e2820fa01",
        "reportUrl" : "https://Nat754.github.io/PulseWave/198//#testresult/c068d60e2820fa01",
        "status" : "broken",
        "statusDetails" : "selenium.common.exceptions.TimeoutException: Message: \nStacktrace:\n#0 0x55680335a863 <unknown>\n#1 0x5568030508c6 <unknown>\n#2 0x55680309b618 <unknown>\n#3 0x55680309b6d1 <unknown>\n#4 0x5568030de744 <unknown>\n#5 0x5568030bd5cd <unknown>\n#6 0x5568030dbc19 <unknown>\n#7 0x5568030bd343 <unknown>\n#8 0x55680308e593 <unknown>\n#9 0x55680308ef5e <unknown>\n#10 0x55680331e84b <unknown>\n#11 0x5568033227a5 <unknown>\n#12 0x55680330c571 <unknown>\n#13 0x556803323332 <unknown>\n#14 0x5568032f187f <unknown>\n#15 0x556803349728 <unknown>\n#16 0x5568033498fb <unknown>\n#17 0x5568033599b4 <unknown>\n#18 0x7f598e894ac3 <unknown>",
        "time" : {
          "start" : 1713593645551,
          "stop" : 1713593679488,
          "duration" : 33937
        }
      }, {
        "uid" : "3a0a7751312899fd",
        "reportUrl" : "https://Nat754.github.io/PulseWave/196//#testresult/3a0a7751312899fd",
        "status" : "broken",
        "statusDetails" : "selenium.common.exceptions.TimeoutException: Message: \nStacktrace:\n#0 0x55f9f4bbb863 <unknown>\n#1 0x55f9f48b18c6 <unknown>\n#2 0x55f9f48fc618 <unknown>\n#3 0x55f9f48fc6d1 <unknown>\n#4 0x55f9f493f744 <unknown>\n#5 0x55f9f491e5cd <unknown>\n#6 0x55f9f493cc19 <unknown>\n#7 0x55f9f491e343 <unknown>\n#8 0x55f9f48ef593 <unknown>\n#9 0x55f9f48eff5e <unknown>\n#10 0x55f9f4b7f84b <unknown>\n#11 0x55f9f4b837a5 <unknown>\n#12 0x55f9f4b6d571 <unknown>\n#13 0x55f9f4b84332 <unknown>\n#14 0x55f9f4b5287f <unknown>\n#15 0x55f9f4baa728 <unknown>\n#16 0x55f9f4baa8fb <unknown>\n#17 0x55f9f4bba9b4 <unknown>\n#18 0x7f2b13c94ac3 <unknown>",
        "time" : {
          "start" : 1713436565715,
          "stop" : 1713436599784,
          "duration" : 34069
        }
      }, {
        "uid" : "1ec05caede66310f",
        "reportUrl" : "https://Nat754.github.io/PulseWave/197//#testresult/1ec05caede66310f",
        "status" : "passed",
        "time" : {
          "start" : 1713199318506,
          "stop" : 1713199334368,
          "duration" : 15862
        }
      }, {
        "uid" : "ebc9025175d09674",
        "reportUrl" : "https://Nat754.github.io/PulseWave/196//#testresult/ebc9025175d09674",
        "status" : "passed",
        "time" : {
          "start" : 1713101973576,
          "stop" : 1713101990342,
          "duration" : 16766
        }
      }, {
        "uid" : "4042bc8bb5d2753d",
        "reportUrl" : "https://Nat754.github.io/PulseWave/196//#testresult/4042bc8bb5d2753d",
        "status" : "passed",
        "time" : {
          "start" : 1711137243150,
          "stop" : 1711137258883,
          "duration" : 15733
        }
      }, {
        "uid" : "1f7992b6ba213e8f",
        "reportUrl" : "https://Nat754.github.io/PulseWave/195//#testresult/1f7992b6ba213e8f",
        "status" : "passed",
        "time" : {
          "start" : 1710361674590,
          "stop" : 1710361691442,
          "duration" : 16852
        }
      }, {
        "uid" : "a35507ad19ff57d6",
        "reportUrl" : "https://Nat754.github.io/PulseWave/194//#testresult/a35507ad19ff57d6",
        "status" : "passed",
        "time" : {
          "start" : 1710227142815,
          "stop" : 1710227159143,
          "duration" : 16328
        }
      }, {
        "uid" : "a1289257491b7e6b",
        "reportUrl" : "https://Nat754.github.io/PulseWave/193//#testresult/a1289257491b7e6b",
        "status" : "passed",
        "time" : {
          "start" : 1710181949708,
          "stop" : 1710181964613,
          "duration" : 14905
        }
      }, {
        "uid" : "6bcd7cfa6c56fdae",
        "reportUrl" : "https://Nat754.github.io/PulseWave/192//#testresult/6bcd7cfa6c56fdae",
        "status" : "passed",
        "time" : {
          "start" : 1710081492204,
          "stop" : 1710081507311,
          "duration" : 15107
        }
      }, {
        "uid" : "b733dde559a92a59",
        "reportUrl" : "https://Nat754.github.io/PulseWave/191//#testresult/b733dde559a92a59",
        "status" : "passed",
        "time" : {
          "start" : 1709991107907,
          "stop" : 1709991124131,
          "duration" : 16224
        }
      }, {
        "uid" : "4d47616bf5191006",
        "reportUrl" : "https://Nat754.github.io/PulseWave/190//#testresult/4d47616bf5191006",
        "status" : "passed",
        "time" : {
          "start" : 1709989322895,
          "stop" : 1709989339229,
          "duration" : 16334
        }
      }, {
        "uid" : "ea20fb79f2ad6e51",
        "reportUrl" : "https://Nat754.github.io/PulseWave/189//#testresult/ea20fb79f2ad6e51",
        "status" : "passed",
        "time" : {
          "start" : 1709932258598,
          "stop" : 1709932274416,
          "duration" : 15818
        }
      }, {
        "uid" : "e8a6e21f37771652",
        "reportUrl" : "https://Nat754.github.io/PulseWave/188//#testresult/e8a6e21f37771652",
        "status" : "passed",
        "time" : {
          "start" : 1709930241436,
          "stop" : 1709930257139,
          "duration" : 15703
        }
      } ]
    },
    "tags" : [ "@pytest.mark.xfail", "regress" ]
  },
  "source" : "13d86862823612ea.json",
  "parameterValues" : [ "'chrome'" ]
}