{
  "uid" : "dd0cc4bc59f4f60c",
  "name" : "R.5 Восстановить пароль на корректный емайл",
  "fullName" : "tests.ui_tests.password_recovery_test.TestPasswordRecoveryPage#test_recovery_password_to_fill_correct_email",
  "historyId" : "c89e92ccaf4be98f1027d5da5a586b20",
  "time" : {
    "start" : 1757105763186,
    "stop" : 1757105768133,
    "duration" : 4947
  },
  "status" : "broken",
  "statusMessage" : "selenium.common.exceptions.StaleElementReferenceException: Message: stale element reference: stale element not found in the current frame\n  (Session info: chrome=139.0.7258.154); For documentation on this error, please visit: https://www.selenium.dev/documentation/webdriver/troubleshooting/errors#stale-element-reference-exception\nStacktrace:\n#0 0x56318e87508a <unknown>\n#1 0x56318e314a70 <unknown>\n#2 0x56318e31b6bf <unknown>\n#3 0x56318e31df58 <unknown>\n#4 0x56318e31dfe3 <unknown>\n#5 0x56318e36143a <unknown>\n#6 0x56318e38c3e2 <unknown>\n#7 0x56318e35a49a <unknown>\n#8 0x56318e38c5ae <unknown>\n#9 0x56318e3b214f <unknown>\n#10 0x56318e38c1b3 <unknown>\n#11 0x56318e35859b <unknown>\n#12 0x56318e359971 <unknown>\n#13 0x56318e83a25b <unknown>\n#14 0x56318e83dfa9 <unknown>\n#15 0x56318e821339 <unknown>\n#16 0x56318e83eb58 <unknown>\n#17 0x56318e805c1f <unknown>\n#18 0x56318e862118 <unknown>\n#19 0x56318e8622f6 <unknown>\n#20 0x56318e874066 <unknown>\n#21 0x7fa5bd69caa4 <unknown>\n#22 0x7fa5bd729c3c <unknown>",
  "statusTrace" : "self = <tests.ui_tests.password_recovery_test.TestPasswordRecoveryPage object at 0x7f3c2f4c5070>\nrecovery_page_open = <pages.password_recovery_page.PasswordRecoveryPage object at 0x7f3c2f4f1f70>\ndriver = <selenium.webdriver.chrome.webdriver.WebDriver (session=\"57c18ded07a191dc30c75b5f110bd026\")>\n\n    @allure.title(\"R.5 Восстановить пароль на корректный емайл\")\n    def test_recovery_password_to_fill_correct_email(self, recovery_page_open, driver):\n        with allure.step('Заполнить поле емайл'):\n            recovery_page_open.fill_email_to_recovery_password(email_auth)\n        with allure.step(\"Нажать кнопку 'Продолжить'\"):\n            recovery_page_open.click_resume_button()\n        link = recovery_page_open.get_link_recovery_password_by_email()\n        driver.get(link)\n        with allure.step('Ввести пароль в поле пароль'):\n            recovery_page_open.fill_password_recovery(password0)\n        with allure.step('Ввести пароль в поле подтверждение пароля'):\n            recovery_page_open.fill_confirm_password_recovery(password0)\n        with allure.step(\"Нажать кнопку 'Сохранить пароль'\"):\n            recovery_page_open.click_resume_button()\n        with allure.step(\"Нажать кнопку 'Ок' - подтвердить переход на страницу авторизации\"):\n>           recovery_page_open.click_resume_button()\n\ntests/ui_tests/password_recovery_test.py:63: \n_ _ _ _ _ _ _ _ _ _ _ _ _ _ _ _ _ _ _ _ _ _ _ _ _ _ _ _ _ _ _ _ _ _ _ _ _ _ _ _ \npages/password_recovery_page.py:41: in click_resume_button\n    return self.element_is_clickable(self.locator.SUBMIT_BUTTON).click()\npages/base_page.py:68: in element_is_clickable\n    return Wait(self.driver, self.timeout).until(es.element_to_be_clickable(locator))\n/opt/hostedtoolcache/Python/3.12.11/x64/lib/python3.12/site-packages/selenium/webdriver/support/wait.py:96: in until\n    value = method(self._driver)\n/opt/hostedtoolcache/Python/3.12.11/x64/lib/python3.12/site-packages/selenium/webdriver/support/expected_conditions.py:365: in _predicate\n    if element and element.is_enabled():\n/opt/hostedtoolcache/Python/3.12.11/x64/lib/python3.12/site-packages/selenium/webdriver/remote/webelement.py:192: in is_enabled\n    return self._execute(Command.IS_ELEMENT_ENABLED)[\"value\"]\n/opt/hostedtoolcache/Python/3.12.11/x64/lib/python3.12/site-packages/selenium/webdriver/remote/webelement.py:395: in _execute\n    return self._parent.execute(command, params)\n/opt/hostedtoolcache/Python/3.12.11/x64/lib/python3.12/site-packages/selenium/webdriver/remote/webdriver.py:347: in execute\n    self.error_handler.check_response(response)\n_ _ _ _ _ _ _ _ _ _ _ _ _ _ _ _ _ _ _ _ _ _ _ _ _ _ _ _ _ _ _ _ _ _ _ _ _ _ _ _ \n\nself = <selenium.webdriver.remote.errorhandler.ErrorHandler object at 0x7f3c2f4f0410>\nresponse = {'status': 404, 'value': '{\"value\":{\"error\":\"stale element reference\",\"message\":\"stale element reference: stale elemen...\\\\n#20 0x56318e874066 \\\\u003Cunknown>\\\\n#21 0x7fa5bd69caa4 \\\\u003Cunknown>\\\\n#22 0x7fa5bd729c3c \\\\u003Cunknown>\\\\n\"}}'}\n\n    def check_response(self, response: Dict[str, Any]) -> None:\n        \"\"\"Checks that a JSON response from the WebDriver does not have an\n        error.\n    \n        :Args:\n         - response - The JSON response from the WebDriver server as a dictionary\n           object.\n    \n        :Raises: If the response contains an error message.\n        \"\"\"\n        status = response.get(\"status\", None)\n        if not status or status == ErrorCode.SUCCESS:\n            return\n        value = None\n        message = response.get(\"message\", \"\")\n        screen: str = response.get(\"screen\", \"\")\n        stacktrace = None\n        if isinstance(status, int):\n            value_json = response.get(\"value\", None)\n            if value_json and isinstance(value_json, str):\n                import json\n    \n                try:\n                    value = json.loads(value_json)\n                    if len(value) == 1:\n                        value = value[\"value\"]\n                    status = value.get(\"error\", None)\n                    if not status:\n                        status = value.get(\"status\", ErrorCode.UNKNOWN_ERROR)\n                        message = value.get(\"value\") or value.get(\"message\")\n                        if not isinstance(message, str):\n                            value = message\n                            message = message.get(\"message\")\n                    else:\n                        message = value.get(\"message\", None)\n                except ValueError:\n                    pass\n    \n        exception_class: Type[WebDriverException]\n        e = ErrorCode()\n        error_codes = [item for item in dir(e) if not item.startswith(\"__\")]\n        for error_code in error_codes:\n            error_info = getattr(ErrorCode, error_code)\n            if isinstance(error_info, list) and status in error_info:\n                exception_class = getattr(ExceptionMapping, error_code, WebDriverException)\n                break\n        else:\n            exception_class = WebDriverException\n    \n        if not value:\n            value = response[\"value\"]\n        if isinstance(value, str):\n            raise exception_class(value)\n        if message == \"\" and \"message\" in value:\n            message = value[\"message\"]\n    \n        screen = None  # type: ignore[assignment]\n        if \"screen\" in value:\n            screen = value[\"screen\"]\n    \n        stacktrace = None\n        st_value = value.get(\"stackTrace\") or value.get(\"stacktrace\")\n        if st_value:\n            if isinstance(st_value, str):\n                stacktrace = st_value.split(\"\\n\")\n            else:\n                stacktrace = []\n                try:\n                    for frame in st_value:\n                        line = frame.get(\"lineNumber\", \"\")\n                        file = frame.get(\"fileName\", \"<anonymous>\")\n                        if line:\n                            file = f\"{file}:{line}\"\n                        meth = frame.get(\"methodName\", \"<anonymous>\")\n                        if \"className\" in frame:\n                            meth = f\"{frame['className']}.{meth}\"\n                        msg = \"    at %s (%s)\"\n                        msg = msg % (meth, file)\n                        stacktrace.append(msg)\n                except TypeError:\n                    pass\n        if exception_class == UnexpectedAlertPresentException:\n            alert_text = None\n            if \"data\" in value:\n                alert_text = value[\"data\"].get(\"text\")\n            elif \"alert\" in value:\n                alert_text = value[\"alert\"].get(\"text\")\n            raise exception_class(message, screen, stacktrace, alert_text)  # type: ignore[call-arg]  # mypy is not smart enough here\n>       raise exception_class(message, screen, stacktrace)\nE       selenium.common.exceptions.StaleElementReferenceException: Message: stale element reference: stale element not found in the current frame\nE         (Session info: chrome=139.0.7258.154); For documentation on this error, please visit: https://www.selenium.dev/documentation/webdriver/troubleshooting/errors#stale-element-reference-exception\nE       Stacktrace:\nE       #0 0x56318e87508a <unknown>\nE       #1 0x56318e314a70 <unknown>\nE       #2 0x56318e31b6bf <unknown>\nE       #3 0x56318e31df58 <unknown>\nE       #4 0x56318e31dfe3 <unknown>\nE       #5 0x56318e36143a <unknown>\nE       #6 0x56318e38c3e2 <unknown>\nE       #7 0x56318e35a49a <unknown>\nE       #8 0x56318e38c5ae <unknown>\nE       #9 0x56318e3b214f <unknown>\nE       #10 0x56318e38c1b3 <unknown>\nE       #11 0x56318e35859b <unknown>\nE       #12 0x56318e359971 <unknown>\nE       #13 0x56318e83a25b <unknown>\nE       #14 0x56318e83dfa9 <unknown>\nE       #15 0x56318e821339 <unknown>\nE       #16 0x56318e83eb58 <unknown>\nE       #17 0x56318e805c1f <unknown>\nE       #18 0x56318e862118 <unknown>\nE       #19 0x56318e8622f6 <unknown>\nE       #20 0x56318e874066 <unknown>\nE       #21 0x7fa5bd69caa4 <unknown>\nE       #22 0x7fa5bd729c3c <unknown>\n\n/opt/hostedtoolcache/Python/3.12.11/x64/lib/python3.12/site-packages/selenium/webdriver/remote/errorhandler.py:229: StaleElementReferenceException",
  "flaky" : false,
  "newFailed" : false,
  "beforeStages" : [ {
    "name" : "recovery_page_open",
    "time" : {
      "start" : 1757105760823,
      "stop" : 1757105763185,
      "duration" : 2362
    },
    "status" : "passed",
    "steps" : [ {
      "name" : "Открыть страницу восстановления пароля",
      "time" : {
        "start" : 1757105760824,
        "stop" : 1757105763185,
        "duration" : 2361
      },
      "status" : "passed",
      "steps" : [ ],
      "attachments" : [ ],
      "parameters" : [ {
        "name" : "driver",
        "value" : "<selenium.webdriver.chrome.webdriver.WebDriver (session=\"57c18ded07a191dc30c75b5f110bd026\")>"
      } ],
      "stepsCount" : 0,
      "attachmentsCount" : 0,
      "shouldDisplayMessage" : false,
      "hasContent" : true
    } ],
    "attachments" : [ ],
    "parameters" : [ ],
    "stepsCount" : 1,
    "attachmentsCount" : 0,
    "shouldDisplayMessage" : false,
    "hasContent" : true
  }, {
    "name" : "_session_faker",
    "time" : {
      "start" : 1757104886985,
      "stop" : 1757104886999,
      "duration" : 14
    },
    "status" : "passed",
    "steps" : [ ],
    "attachments" : [ ],
    "parameters" : [ ],
    "stepsCount" : 0,
    "attachmentsCount" : 0,
    "shouldDisplayMessage" : false,
    "hasContent" : false
  }, {
    "name" : "clear_allure_result_folder",
    "time" : {
      "start" : 1757104886999,
      "stop" : 1757104886999,
      "duration" : 0
    },
    "status" : "passed",
    "steps" : [ ],
    "attachments" : [ ],
    "parameters" : [ ],
    "stepsCount" : 0,
    "attachmentsCount" : 0,
    "shouldDisplayMessage" : false,
    "hasContent" : false
  }, {
    "name" : "driver",
    "time" : {
      "start" : 1757105760547,
      "stop" : 1757105760823,
      "duration" : 276
    },
    "status" : "passed",
    "steps" : [ ],
    "attachments" : [ ],
    "parameters" : [ ],
    "stepsCount" : 0,
    "attachmentsCount" : 0,
    "shouldDisplayMessage" : false,
    "hasContent" : false
  } ],
  "testStage" : {
    "status" : "broken",
    "statusMessage" : "selenium.common.exceptions.StaleElementReferenceException: Message: stale element reference: stale element not found in the current frame\n  (Session info: chrome=139.0.7258.154); For documentation on this error, please visit: https://www.selenium.dev/documentation/webdriver/troubleshooting/errors#stale-element-reference-exception\nStacktrace:\n#0 0x56318e87508a <unknown>\n#1 0x56318e314a70 <unknown>\n#2 0x56318e31b6bf <unknown>\n#3 0x56318e31df58 <unknown>\n#4 0x56318e31dfe3 <unknown>\n#5 0x56318e36143a <unknown>\n#6 0x56318e38c3e2 <unknown>\n#7 0x56318e35a49a <unknown>\n#8 0x56318e38c5ae <unknown>\n#9 0x56318e3b214f <unknown>\n#10 0x56318e38c1b3 <unknown>\n#11 0x56318e35859b <unknown>\n#12 0x56318e359971 <unknown>\n#13 0x56318e83a25b <unknown>\n#14 0x56318e83dfa9 <unknown>\n#15 0x56318e821339 <unknown>\n#16 0x56318e83eb58 <unknown>\n#17 0x56318e805c1f <unknown>\n#18 0x56318e862118 <unknown>\n#19 0x56318e8622f6 <unknown>\n#20 0x56318e874066 <unknown>\n#21 0x7fa5bd69caa4 <unknown>\n#22 0x7fa5bd729c3c <unknown>",
    "statusTrace" : "self = <tests.ui_tests.password_recovery_test.TestPasswordRecoveryPage object at 0x7f3c2f4c5070>\nrecovery_page_open = <pages.password_recovery_page.PasswordRecoveryPage object at 0x7f3c2f4f1f70>\ndriver = <selenium.webdriver.chrome.webdriver.WebDriver (session=\"57c18ded07a191dc30c75b5f110bd026\")>\n\n    @allure.title(\"R.5 Восстановить пароль на корректный емайл\")\n    def test_recovery_password_to_fill_correct_email(self, recovery_page_open, driver):\n        with allure.step('Заполнить поле емайл'):\n            recovery_page_open.fill_email_to_recovery_password(email_auth)\n        with allure.step(\"Нажать кнопку 'Продолжить'\"):\n            recovery_page_open.click_resume_button()\n        link = recovery_page_open.get_link_recovery_password_by_email()\n        driver.get(link)\n        with allure.step('Ввести пароль в поле пароль'):\n            recovery_page_open.fill_password_recovery(password0)\n        with allure.step('Ввести пароль в поле подтверждение пароля'):\n            recovery_page_open.fill_confirm_password_recovery(password0)\n        with allure.step(\"Нажать кнопку 'Сохранить пароль'\"):\n            recovery_page_open.click_resume_button()\n        with allure.step(\"Нажать кнопку 'Ок' - подтвердить переход на страницу авторизации\"):\n>           recovery_page_open.click_resume_button()\n\ntests/ui_tests/password_recovery_test.py:63: \n_ _ _ _ _ _ _ _ _ _ _ _ _ _ _ _ _ _ _ _ _ _ _ _ _ _ _ _ _ _ _ _ _ _ _ _ _ _ _ _ \npages/password_recovery_page.py:41: in click_resume_button\n    return self.element_is_clickable(self.locator.SUBMIT_BUTTON).click()\npages/base_page.py:68: in element_is_clickable\n    return Wait(self.driver, self.timeout).until(es.element_to_be_clickable(locator))\n/opt/hostedtoolcache/Python/3.12.11/x64/lib/python3.12/site-packages/selenium/webdriver/support/wait.py:96: in until\n    value = method(self._driver)\n/opt/hostedtoolcache/Python/3.12.11/x64/lib/python3.12/site-packages/selenium/webdriver/support/expected_conditions.py:365: in _predicate\n    if element and element.is_enabled():\n/opt/hostedtoolcache/Python/3.12.11/x64/lib/python3.12/site-packages/selenium/webdriver/remote/webelement.py:192: in is_enabled\n    return self._execute(Command.IS_ELEMENT_ENABLED)[\"value\"]\n/opt/hostedtoolcache/Python/3.12.11/x64/lib/python3.12/site-packages/selenium/webdriver/remote/webelement.py:395: in _execute\n    return self._parent.execute(command, params)\n/opt/hostedtoolcache/Python/3.12.11/x64/lib/python3.12/site-packages/selenium/webdriver/remote/webdriver.py:347: in execute\n    self.error_handler.check_response(response)\n_ _ _ _ _ _ _ _ _ _ _ _ _ _ _ _ _ _ _ _ _ _ _ _ _ _ _ _ _ _ _ _ _ _ _ _ _ _ _ _ \n\nself = <selenium.webdriver.remote.errorhandler.ErrorHandler object at 0x7f3c2f4f0410>\nresponse = {'status': 404, 'value': '{\"value\":{\"error\":\"stale element reference\",\"message\":\"stale element reference: stale elemen...\\\\n#20 0x56318e874066 \\\\u003Cunknown>\\\\n#21 0x7fa5bd69caa4 \\\\u003Cunknown>\\\\n#22 0x7fa5bd729c3c \\\\u003Cunknown>\\\\n\"}}'}\n\n    def check_response(self, response: Dict[str, Any]) -> None:\n        \"\"\"Checks that a JSON response from the WebDriver does not have an\n        error.\n    \n        :Args:\n         - response - The JSON response from the WebDriver server as a dictionary\n           object.\n    \n        :Raises: If the response contains an error message.\n        \"\"\"\n        status = response.get(\"status\", None)\n        if not status or status == ErrorCode.SUCCESS:\n            return\n        value = None\n        message = response.get(\"message\", \"\")\n        screen: str = response.get(\"screen\", \"\")\n        stacktrace = None\n        if isinstance(status, int):\n            value_json = response.get(\"value\", None)\n            if value_json and isinstance(value_json, str):\n                import json\n    \n                try:\n                    value = json.loads(value_json)\n                    if len(value) == 1:\n                        value = value[\"value\"]\n                    status = value.get(\"error\", None)\n                    if not status:\n                        status = value.get(\"status\", ErrorCode.UNKNOWN_ERROR)\n                        message = value.get(\"value\") or value.get(\"message\")\n                        if not isinstance(message, str):\n                            value = message\n                            message = message.get(\"message\")\n                    else:\n                        message = value.get(\"message\", None)\n                except ValueError:\n                    pass\n    \n        exception_class: Type[WebDriverException]\n        e = ErrorCode()\n        error_codes = [item for item in dir(e) if not item.startswith(\"__\")]\n        for error_code in error_codes:\n            error_info = getattr(ErrorCode, error_code)\n            if isinstance(error_info, list) and status in error_info:\n                exception_class = getattr(ExceptionMapping, error_code, WebDriverException)\n                break\n        else:\n            exception_class = WebDriverException\n    \n        if not value:\n            value = response[\"value\"]\n        if isinstance(value, str):\n            raise exception_class(value)\n        if message == \"\" and \"message\" in value:\n            message = value[\"message\"]\n    \n        screen = None  # type: ignore[assignment]\n        if \"screen\" in value:\n            screen = value[\"screen\"]\n    \n        stacktrace = None\n        st_value = value.get(\"stackTrace\") or value.get(\"stacktrace\")\n        if st_value:\n            if isinstance(st_value, str):\n                stacktrace = st_value.split(\"\\n\")\n            else:\n                stacktrace = []\n                try:\n                    for frame in st_value:\n                        line = frame.get(\"lineNumber\", \"\")\n                        file = frame.get(\"fileName\", \"<anonymous>\")\n                        if line:\n                            file = f\"{file}:{line}\"\n                        meth = frame.get(\"methodName\", \"<anonymous>\")\n                        if \"className\" in frame:\n                            meth = f\"{frame['className']}.{meth}\"\n                        msg = \"    at %s (%s)\"\n                        msg = msg % (meth, file)\n                        stacktrace.append(msg)\n                except TypeError:\n                    pass\n        if exception_class == UnexpectedAlertPresentException:\n            alert_text = None\n            if \"data\" in value:\n                alert_text = value[\"data\"].get(\"text\")\n            elif \"alert\" in value:\n                alert_text = value[\"alert\"].get(\"text\")\n            raise exception_class(message, screen, stacktrace, alert_text)  # type: ignore[call-arg]  # mypy is not smart enough here\n>       raise exception_class(message, screen, stacktrace)\nE       selenium.common.exceptions.StaleElementReferenceException: Message: stale element reference: stale element not found in the current frame\nE         (Session info: chrome=139.0.7258.154); For documentation on this error, please visit: https://www.selenium.dev/documentation/webdriver/troubleshooting/errors#stale-element-reference-exception\nE       Stacktrace:\nE       #0 0x56318e87508a <unknown>\nE       #1 0x56318e314a70 <unknown>\nE       #2 0x56318e31b6bf <unknown>\nE       #3 0x56318e31df58 <unknown>\nE       #4 0x56318e31dfe3 <unknown>\nE       #5 0x56318e36143a <unknown>\nE       #6 0x56318e38c3e2 <unknown>\nE       #7 0x56318e35a49a <unknown>\nE       #8 0x56318e38c5ae <unknown>\nE       #9 0x56318e3b214f <unknown>\nE       #10 0x56318e38c1b3 <unknown>\nE       #11 0x56318e35859b <unknown>\nE       #12 0x56318e359971 <unknown>\nE       #13 0x56318e83a25b <unknown>\nE       #14 0x56318e83dfa9 <unknown>\nE       #15 0x56318e821339 <unknown>\nE       #16 0x56318e83eb58 <unknown>\nE       #17 0x56318e805c1f <unknown>\nE       #18 0x56318e862118 <unknown>\nE       #19 0x56318e8622f6 <unknown>\nE       #20 0x56318e874066 <unknown>\nE       #21 0x7fa5bd69caa4 <unknown>\nE       #22 0x7fa5bd729c3c <unknown>\n\n/opt/hostedtoolcache/Python/3.12.11/x64/lib/python3.12/site-packages/selenium/webdriver/remote/errorhandler.py:229: StaleElementReferenceException",
    "steps" : [ {
      "name" : "Заполнить поле емайл",
      "time" : {
        "start" : 1757105763186,
        "stop" : 1757105763281,
        "duration" : 95
      },
      "status" : "passed",
      "steps" : [ {
        "name" : "Проверить видимость элемента",
        "time" : {
          "start" : 1757105763186,
          "stop" : 1757105763221,
          "duration" : 35
        },
        "status" : "passed",
        "steps" : [ {
          "name" : "Проверить присутствие элемента в DOM",
          "time" : {
            "start" : 1757105763186,
            "stop" : 1757105763195,
            "duration" : 9
          },
          "status" : "passed",
          "steps" : [ ],
          "attachments" : [ ],
          "parameters" : [ {
            "name" : "locator",
            "value" : "('class name', 'input')"
          } ],
          "stepsCount" : 0,
          "attachmentsCount" : 0,
          "shouldDisplayMessage" : false,
          "hasContent" : true
        }, {
          "name" : "Проскролить до элемента",
          "time" : {
            "start" : 1757105763195,
            "stop" : 1757105763201,
            "duration" : 6
          },
          "status" : "passed",
          "steps" : [ ],
          "attachments" : [ ],
          "parameters" : [ {
            "name" : "element",
            "value" : "<selenium.webdriver.remote.webelement.WebElement (session=\"57c18ded07a191dc30c75b5f110bd026\", element=\"f.C4BF6CD72CE9B936ABEB5BCA7DDC2EB5.d.BBE6C424ECE7D5FEA2BE78AD83A2600C.e.5\")>"
          } ],
          "stepsCount" : 0,
          "attachmentsCount" : 0,
          "shouldDisplayMessage" : false,
          "hasContent" : true
        } ],
        "attachments" : [ ],
        "parameters" : [ {
          "name" : "locator",
          "value" : "('class name', 'input')"
        } ],
        "stepsCount" : 2,
        "attachmentsCount" : 0,
        "shouldDisplayMessage" : false,
        "hasContent" : true
      } ],
      "attachments" : [ ],
      "parameters" : [ ],
      "stepsCount" : 3,
      "attachmentsCount" : 0,
      "shouldDisplayMessage" : false,
      "hasContent" : true
    }, {
      "name" : "Нажать кнопку 'Продолжить'",
      "time" : {
        "start" : 1757105763281,
        "stop" : 1757105763380,
        "duration" : 99
      },
      "status" : "passed",
      "steps" : [ {
        "name" : "Проверить кликабельность элемента",
        "time" : {
          "start" : 1757105763282,
          "stop" : 1757105763327,
          "duration" : 45
        },
        "status" : "passed",
        "steps" : [ {
          "name" : "Проверить видимость элемента",
          "time" : {
            "start" : 1757105763282,
            "stop" : 1757105763309,
            "duration" : 27
          },
          "status" : "passed",
          "steps" : [ {
            "name" : "Проверить присутствие элемента в DOM",
            "time" : {
              "start" : 1757105763282,
              "stop" : 1757105763292,
              "duration" : 10
            },
            "status" : "passed",
            "steps" : [ ],
            "attachments" : [ ],
            "parameters" : [ {
              "name" : "locator",
              "value" : "('xpath', '//button[@type=\"submit\"]')"
            } ],
            "stepsCount" : 0,
            "attachmentsCount" : 0,
            "shouldDisplayMessage" : false,
            "hasContent" : true
          }, {
            "name" : "Проскролить до элемента",
            "time" : {
              "start" : 1757105763292,
              "stop" : 1757105763295,
              "duration" : 3
            },
            "status" : "passed",
            "steps" : [ ],
            "attachments" : [ ],
            "parameters" : [ {
              "name" : "element",
              "value" : "<selenium.webdriver.remote.webelement.WebElement (session=\"57c18ded07a191dc30c75b5f110bd026\", element=\"f.C4BF6CD72CE9B936ABEB5BCA7DDC2EB5.d.BBE6C424ECE7D5FEA2BE78AD83A2600C.e.13\")>"
            } ],
            "stepsCount" : 0,
            "attachmentsCount" : 0,
            "shouldDisplayMessage" : false,
            "hasContent" : true
          } ],
          "attachments" : [ ],
          "parameters" : [ {
            "name" : "locator",
            "value" : "('xpath', '//button[@type=\"submit\"]')"
          } ],
          "stepsCount" : 2,
          "attachmentsCount" : 0,
          "shouldDisplayMessage" : false,
          "hasContent" : true
        } ],
        "attachments" : [ ],
        "parameters" : [ {
          "name" : "locator",
          "value" : "('xpath', '//button[@type=\"submit\"]')"
        } ],
        "stepsCount" : 3,
        "attachmentsCount" : 0,
        "shouldDisplayMessage" : false,
        "hasContent" : true
      } ],
      "attachments" : [ ],
      "parameters" : [ ],
      "stepsCount" : 4,
      "attachmentsCount" : 0,
      "shouldDisplayMessage" : false,
      "hasContent" : true
    }, {
      "name" : "Получить ссылку для смены пароля на email",
      "time" : {
        "start" : 1757105763380,
        "stop" : 1757105766972,
        "duration" : 3592
      },
      "status" : "passed",
      "steps" : [ {
        "name" : "Прочитать сообщение",
        "time" : {
          "start" : 1757105763380,
          "stop" : 1757105766972,
          "duration" : 3592
        },
        "status" : "passed",
        "steps" : [ ],
        "attachments" : [ ],
        "parameters" : [ {
          "name" : "e_mail",
          "value" : "'tester_pulsewave@mail.ru'"
        }, {
          "name" : "passwrd",
          "value" : "'xaM2xjxRLvrj71pDpSzL'"
        } ],
        "stepsCount" : 0,
        "attachmentsCount" : 0,
        "shouldDisplayMessage" : false,
        "hasContent" : true
      } ],
      "attachments" : [ ],
      "parameters" : [ ],
      "stepsCount" : 1,
      "attachmentsCount" : 0,
      "shouldDisplayMessage" : false,
      "hasContent" : true
    }, {
      "name" : "Ввести пароль в поле пароль",
      "time" : {
        "start" : 1757105767275,
        "stop" : 1757105767385,
        "duration" : 110
      },
      "status" : "passed",
      "steps" : [ {
        "name" : "Проверить видимость элемента",
        "time" : {
          "start" : 1757105767275,
          "stop" : 1757105767314,
          "duration" : 39
        },
        "status" : "passed",
        "steps" : [ {
          "name" : "Проверить присутствие элемента в DOM",
          "time" : {
            "start" : 1757105767275,
            "stop" : 1757105767285,
            "duration" : 10
          },
          "status" : "passed",
          "steps" : [ ],
          "attachments" : [ ],
          "parameters" : [ {
            "name" : "locator",
            "value" : "('xpath', '(//input[@type=\"password\"])[1]')"
          } ],
          "stepsCount" : 0,
          "attachmentsCount" : 0,
          "shouldDisplayMessage" : false,
          "hasContent" : true
        }, {
          "name" : "Проскролить до элемента",
          "time" : {
            "start" : 1757105767285,
            "stop" : 1757105767290,
            "duration" : 5
          },
          "status" : "passed",
          "steps" : [ ],
          "attachments" : [ ],
          "parameters" : [ {
            "name" : "element",
            "value" : "<selenium.webdriver.remote.webelement.WebElement (session=\"57c18ded07a191dc30c75b5f110bd026\", element=\"f.C4BF6CD72CE9B936ABEB5BCA7DDC2EB5.d.D340251DF488156EEC814B1DA02E1C5B.e.18\")>"
          } ],
          "stepsCount" : 0,
          "attachmentsCount" : 0,
          "shouldDisplayMessage" : false,
          "hasContent" : true
        } ],
        "attachments" : [ ],
        "parameters" : [ {
          "name" : "locator",
          "value" : "('xpath', '(//input[@type=\"password\"])[1]')"
        } ],
        "stepsCount" : 2,
        "attachmentsCount" : 0,
        "shouldDisplayMessage" : false,
        "hasContent" : true
      } ],
      "attachments" : [ ],
      "parameters" : [ ],
      "stepsCount" : 3,
      "attachmentsCount" : 0,
      "shouldDisplayMessage" : false,
      "hasContent" : true
    }, {
      "name" : "Ввести пароль в поле подтверждение пароля",
      "time" : {
        "start" : 1757105767385,
        "stop" : 1757105767471,
        "duration" : 86
      },
      "status" : "passed",
      "steps" : [ {
        "name" : "Проверить видимость элемента",
        "time" : {
          "start" : 1757105767385,
          "stop" : 1757105767432,
          "duration" : 47
        },
        "status" : "passed",
        "steps" : [ {
          "name" : "Проверить присутствие элемента в DOM",
          "time" : {
            "start" : 1757105767385,
            "stop" : 1757105767413,
            "duration" : 28
          },
          "status" : "passed",
          "steps" : [ ],
          "attachments" : [ ],
          "parameters" : [ {
            "name" : "locator",
            "value" : "('xpath', '(//input[@type=\"password\"])[2]')"
          } ],
          "stepsCount" : 0,
          "attachmentsCount" : 0,
          "shouldDisplayMessage" : false,
          "hasContent" : true
        }, {
          "name" : "Проскролить до элемента",
          "time" : {
            "start" : 1757105767413,
            "stop" : 1757105767419,
            "duration" : 6
          },
          "status" : "passed",
          "steps" : [ ],
          "attachments" : [ ],
          "parameters" : [ {
            "name" : "element",
            "value" : "<selenium.webdriver.remote.webelement.WebElement (session=\"57c18ded07a191dc30c75b5f110bd026\", element=\"f.C4BF6CD72CE9B936ABEB5BCA7DDC2EB5.d.D340251DF488156EEC814B1DA02E1C5B.e.19\")>"
          } ],
          "stepsCount" : 0,
          "attachmentsCount" : 0,
          "shouldDisplayMessage" : false,
          "hasContent" : true
        } ],
        "attachments" : [ ],
        "parameters" : [ {
          "name" : "locator",
          "value" : "('xpath', '(//input[@type=\"password\"])[2]')"
        } ],
        "stepsCount" : 2,
        "attachmentsCount" : 0,
        "shouldDisplayMessage" : false,
        "hasContent" : true
      } ],
      "attachments" : [ ],
      "parameters" : [ ],
      "stepsCount" : 3,
      "attachmentsCount" : 0,
      "shouldDisplayMessage" : false,
      "hasContent" : true
    }, {
      "name" : "Нажать кнопку 'Сохранить пароль'",
      "time" : {
        "start" : 1757105767471,
        "stop" : 1757105767563,
        "duration" : 92
      },
      "status" : "passed",
      "steps" : [ {
        "name" : "Проверить кликабельность элемента",
        "time" : {
          "start" : 1757105767472,
          "stop" : 1757105767512,
          "duration" : 40
        },
        "status" : "passed",
        "steps" : [ {
          "name" : "Проверить видимость элемента",
          "time" : {
            "start" : 1757105767472,
            "stop" : 1757105767495,
            "duration" : 23
          },
          "status" : "passed",
          "steps" : [ {
            "name" : "Проверить присутствие элемента в DOM",
            "time" : {
              "start" : 1757105767472,
              "stop" : 1757105767477,
              "duration" : 5
            },
            "status" : "passed",
            "steps" : [ ],
            "attachments" : [ ],
            "parameters" : [ {
              "name" : "locator",
              "value" : "('xpath', '//button[@type=\"submit\"]')"
            } ],
            "stepsCount" : 0,
            "attachmentsCount" : 0,
            "shouldDisplayMessage" : false,
            "hasContent" : true
          }, {
            "name" : "Проскролить до элемента",
            "time" : {
              "start" : 1757105767478,
              "stop" : 1757105767482,
              "duration" : 4
            },
            "status" : "passed",
            "steps" : [ ],
            "attachments" : [ ],
            "parameters" : [ {
              "name" : "element",
              "value" : "<selenium.webdriver.remote.webelement.WebElement (session=\"57c18ded07a191dc30c75b5f110bd026\", element=\"f.C4BF6CD72CE9B936ABEB5BCA7DDC2EB5.d.D340251DF488156EEC814B1DA02E1C5B.e.28\")>"
            } ],
            "stepsCount" : 0,
            "attachmentsCount" : 0,
            "shouldDisplayMessage" : false,
            "hasContent" : true
          } ],
          "attachments" : [ ],
          "parameters" : [ {
            "name" : "locator",
            "value" : "('xpath', '//button[@type=\"submit\"]')"
          } ],
          "stepsCount" : 2,
          "attachmentsCount" : 0,
          "shouldDisplayMessage" : false,
          "hasContent" : true
        } ],
        "attachments" : [ ],
        "parameters" : [ {
          "name" : "locator",
          "value" : "('xpath', '//button[@type=\"submit\"]')"
        } ],
        "stepsCount" : 3,
        "attachmentsCount" : 0,
        "shouldDisplayMessage" : false,
        "hasContent" : true
      } ],
      "attachments" : [ ],
      "parameters" : [ ],
      "stepsCount" : 4,
      "attachmentsCount" : 0,
      "shouldDisplayMessage" : false,
      "hasContent" : true
    }, {
      "name" : "Нажать кнопку 'Ок' - подтвердить переход на страницу авторизации",
      "time" : {
        "start" : 1757105767563,
        "stop" : 1757105768132,
        "duration" : 569
      },
      "status" : "broken",
      "statusMessage" : "selenium.common.exceptions.StaleElementReferenceException: Message: stale element reference: stale element not found in the current frame\n  (Session info: chrome=139.0.7258.154); For documentation on this error, please visit: https://www.selenium.dev/documentation/webdriver/troubleshooting/errors#stale-element-reference-exception\nStacktrace:\n#0 0x56318e87508a <unknown>\n#1 0x56318e314a70 <unknown>\n#2 0x56318e31b6bf <unknown>\n#3 0x56318e31df58 <unknown>\n#4 0x56318e31dfe3 <unknown>\n#5 0x56318e36143a <unknown>\n#6 0x56318e38c3e2 <unknown>\n#7 0x56318e35a49a <unknown>\n#8 0x56318e38c5ae <unknown>\n#9 0x56318e3b214f <unknown>\n#10 0x56318e38c1b3 <unknown>\n#11 0x56318e35859b <unknown>\n#12 0x56318e359971 <unknown>\n#13 0x56318e83a25b <unknown>\n#14 0x56318e83dfa9 <unknown>\n#15 0x56318e821339 <unknown>\n#16 0x56318e83eb58 <unknown>\n#17 0x56318e805c1f <unknown>\n#18 0x56318e862118 <unknown>\n#19 0x56318e8622f6 <unknown>\n#20 0x56318e874066 <unknown>\n#21 0x7fa5bd69caa4 <unknown>\n#22 0x7fa5bd729c3c <unknown>\n\n",
      "statusTrace" : "  File \"/home/runner/work/PulseWave/PulseWave/tests/ui_tests/password_recovery_test.py\", line 63, in test_recovery_password_to_fill_correct_email\n    recovery_page_open.click_resume_button()\n  File \"/home/runner/work/PulseWave/PulseWave/pages/password_recovery_page.py\", line 41, in click_resume_button\n    return self.element_is_clickable(self.locator.SUBMIT_BUTTON).click()\n           ^^^^^^^^^^^^^^^^^^^^^^^^^^^^^^^^^^^^^^^^^^^^^^^^^^^^^\n  File \"/opt/hostedtoolcache/Python/3.12.11/x64/lib/python3.12/site-packages/allure_commons/_allure.py\", line 192, in impl\n    return func(*a, **kw)\n           ^^^^^^^^^^^^^^\n  File \"/home/runner/work/PulseWave/PulseWave/pages/base_page.py\", line 68, in element_is_clickable\n    return Wait(self.driver, self.timeout).until(es.element_to_be_clickable(locator))\n           ^^^^^^^^^^^^^^^^^^^^^^^^^^^^^^^^^^^^^^^^^^^^^^^^^^^^^^^^^^^^^^^^^^^^^^^^^^\n  File \"/opt/hostedtoolcache/Python/3.12.11/x64/lib/python3.12/site-packages/selenium/webdriver/support/wait.py\", line 96, in until\n    value = method(self._driver)\n            ^^^^^^^^^^^^^^^^^^^^\n  File \"/opt/hostedtoolcache/Python/3.12.11/x64/lib/python3.12/site-packages/selenium/webdriver/support/expected_conditions.py\", line 365, in _predicate\n    if element and element.is_enabled():\n                   ^^^^^^^^^^^^^^^^^^^^\n  File \"/opt/hostedtoolcache/Python/3.12.11/x64/lib/python3.12/site-packages/selenium/webdriver/remote/webelement.py\", line 192, in is_enabled\n    return self._execute(Command.IS_ELEMENT_ENABLED)[\"value\"]\n           ^^^^^^^^^^^^^^^^^^^^^^^^^^^^^^^^^^^^^^^^^\n  File \"/opt/hostedtoolcache/Python/3.12.11/x64/lib/python3.12/site-packages/selenium/webdriver/remote/webelement.py\", line 395, in _execute\n    return self._parent.execute(command, params)\n           ^^^^^^^^^^^^^^^^^^^^^^^^^^^^^^^^^^^^^\n  File \"/opt/hostedtoolcache/Python/3.12.11/x64/lib/python3.12/site-packages/selenium/webdriver/remote/webdriver.py\", line 347, in execute\n    self.error_handler.check_response(response)\n  File \"/opt/hostedtoolcache/Python/3.12.11/x64/lib/python3.12/site-packages/selenium/webdriver/remote/errorhandler.py\", line 229, in check_response\n    raise exception_class(message, screen, stacktrace)\n",
      "steps" : [ {
        "name" : "Проверить кликабельность элемента",
        "time" : {
          "start" : 1757105767563,
          "stop" : 1757105768131,
          "duration" : 568
        },
        "status" : "broken",
        "statusMessage" : "selenium.common.exceptions.StaleElementReferenceException: Message: stale element reference: stale element not found in the current frame\n  (Session info: chrome=139.0.7258.154); For documentation on this error, please visit: https://www.selenium.dev/documentation/webdriver/troubleshooting/errors#stale-element-reference-exception\nStacktrace:\n#0 0x56318e87508a <unknown>\n#1 0x56318e314a70 <unknown>\n#2 0x56318e31b6bf <unknown>\n#3 0x56318e31df58 <unknown>\n#4 0x56318e31dfe3 <unknown>\n#5 0x56318e36143a <unknown>\n#6 0x56318e38c3e2 <unknown>\n#7 0x56318e35a49a <unknown>\n#8 0x56318e38c5ae <unknown>\n#9 0x56318e3b214f <unknown>\n#10 0x56318e38c1b3 <unknown>\n#11 0x56318e35859b <unknown>\n#12 0x56318e359971 <unknown>\n#13 0x56318e83a25b <unknown>\n#14 0x56318e83dfa9 <unknown>\n#15 0x56318e821339 <unknown>\n#16 0x56318e83eb58 <unknown>\n#17 0x56318e805c1f <unknown>\n#18 0x56318e862118 <unknown>\n#19 0x56318e8622f6 <unknown>\n#20 0x56318e874066 <unknown>\n#21 0x7fa5bd69caa4 <unknown>\n#22 0x7fa5bd729c3c <unknown>\n\n",
        "statusTrace" : "  File \"/opt/hostedtoolcache/Python/3.12.11/x64/lib/python3.12/site-packages/allure_commons/_allure.py\", line 192, in impl\n    return func(*a, **kw)\n           ^^^^^^^^^^^^^^\n  File \"/home/runner/work/PulseWave/PulseWave/pages/base_page.py\", line 68, in element_is_clickable\n    return Wait(self.driver, self.timeout).until(es.element_to_be_clickable(locator))\n           ^^^^^^^^^^^^^^^^^^^^^^^^^^^^^^^^^^^^^^^^^^^^^^^^^^^^^^^^^^^^^^^^^^^^^^^^^^\n  File \"/opt/hostedtoolcache/Python/3.12.11/x64/lib/python3.12/site-packages/selenium/webdriver/support/wait.py\", line 96, in until\n    value = method(self._driver)\n            ^^^^^^^^^^^^^^^^^^^^\n  File \"/opt/hostedtoolcache/Python/3.12.11/x64/lib/python3.12/site-packages/selenium/webdriver/support/expected_conditions.py\", line 365, in _predicate\n    if element and element.is_enabled():\n                   ^^^^^^^^^^^^^^^^^^^^\n  File \"/opt/hostedtoolcache/Python/3.12.11/x64/lib/python3.12/site-packages/selenium/webdriver/remote/webelement.py\", line 192, in is_enabled\n    return self._execute(Command.IS_ELEMENT_ENABLED)[\"value\"]\n           ^^^^^^^^^^^^^^^^^^^^^^^^^^^^^^^^^^^^^^^^^\n  File \"/opt/hostedtoolcache/Python/3.12.11/x64/lib/python3.12/site-packages/selenium/webdriver/remote/webelement.py\", line 395, in _execute\n    return self._parent.execute(command, params)\n           ^^^^^^^^^^^^^^^^^^^^^^^^^^^^^^^^^^^^^\n  File \"/opt/hostedtoolcache/Python/3.12.11/x64/lib/python3.12/site-packages/selenium/webdriver/remote/webdriver.py\", line 347, in execute\n    self.error_handler.check_response(response)\n  File \"/opt/hostedtoolcache/Python/3.12.11/x64/lib/python3.12/site-packages/selenium/webdriver/remote/errorhandler.py\", line 229, in check_response\n    raise exception_class(message, screen, stacktrace)\n",
        "steps" : [ {
          "name" : "Проверить видимость элемента",
          "time" : {
            "start" : 1757105767563,
            "stop" : 1757105767584,
            "duration" : 21
          },
          "status" : "passed",
          "steps" : [ {
            "name" : "Проверить присутствие элемента в DOM",
            "time" : {
              "start" : 1757105767563,
              "stop" : 1757105767569,
              "duration" : 6
            },
            "status" : "passed",
            "steps" : [ ],
            "attachments" : [ ],
            "parameters" : [ {
              "name" : "locator",
              "value" : "('xpath', '//button[@type=\"submit\"]')"
            } ],
            "stepsCount" : 0,
            "attachmentsCount" : 0,
            "shouldDisplayMessage" : false,
            "hasContent" : true
          }, {
            "name" : "Проскролить до элемента",
            "time" : {
              "start" : 1757105767569,
              "stop" : 1757105767573,
              "duration" : 4
            },
            "status" : "passed",
            "steps" : [ ],
            "attachments" : [ ],
            "parameters" : [ {
              "name" : "element",
              "value" : "<selenium.webdriver.remote.webelement.WebElement (session=\"57c18ded07a191dc30c75b5f110bd026\", element=\"f.C4BF6CD72CE9B936ABEB5BCA7DDC2EB5.d.D340251DF488156EEC814B1DA02E1C5B.e.28\")>"
            } ],
            "stepsCount" : 0,
            "attachmentsCount" : 0,
            "shouldDisplayMessage" : false,
            "hasContent" : true
          } ],
          "attachments" : [ ],
          "parameters" : [ {
            "name" : "locator",
            "value" : "('xpath', '//button[@type=\"submit\"]')"
          } ],
          "stepsCount" : 2,
          "attachmentsCount" : 0,
          "shouldDisplayMessage" : false,
          "hasContent" : true
        } ],
        "attachments" : [ ],
        "parameters" : [ {
          "name" : "locator",
          "value" : "('xpath', '//button[@type=\"submit\"]')"
        } ],
        "stepsCount" : 3,
        "attachmentsCount" : 0,
        "shouldDisplayMessage" : true,
        "hasContent" : true
      } ],
      "attachments" : [ ],
      "parameters" : [ ],
      "stepsCount" : 4,
      "attachmentsCount" : 0,
      "shouldDisplayMessage" : false,
      "hasContent" : true
    } ],
    "attachments" : [ {
      "uid" : "56995af6f313ec26",
      "name" : "Screenshot",
      "source" : "56995af6f313ec26.png",
      "type" : "image/png",
      "size" : 94190
    }, {
      "uid" : "5eb875b75c720e7",
      "name" : "HTML source",
      "source" : "5eb875b75c720e7.html",
      "type" : "text/html",
      "size" : 39078
    } ],
    "parameters" : [ ],
    "stepsCount" : 29,
    "attachmentsCount" : 2,
    "shouldDisplayMessage" : true,
    "hasContent" : true
  },
  "afterStages" : [ {
    "name" : "driver::0",
    "time" : {
      "start" : 1757105768304,
      "stop" : 1757105768368,
      "duration" : 64
    },
    "status" : "passed",
    "steps" : [ ],
    "attachments" : [ ],
    "parameters" : [ ],
    "stepsCount" : 0,
    "attachmentsCount" : 0,
    "shouldDisplayMessage" : false,
    "hasContent" : false
  } ],
  "labels" : [ {
    "name" : "epic",
    "value" : "Тестирование страницы 'Восстановление пароля'"
  }, {
    "name" : "tag",
    "value" : "smoke"
  }, {
    "name" : "parentSuite",
    "value" : "tests.ui_tests"
  }, {
    "name" : "suite",
    "value" : "password_recovery_test"
  }, {
    "name" : "subSuite",
    "value" : "TestPasswordRecoveryPage"
  }, {
    "name" : "host",
    "value" : "pkrvm7jw40e0xgp"
  }, {
    "name" : "thread",
    "value" : "2521-MainThread"
  }, {
    "name" : "framework",
    "value" : "pytest"
  }, {
    "name" : "language",
    "value" : "cpython3"
  }, {
    "name" : "package",
    "value" : "tests.ui_tests.password_recovery_test"
  }, {
    "name" : "resultFormat",
    "value" : "allure2"
  } ],
  "parameters" : [ ],
  "links" : [ ],
  "hidden" : false,
  "retry" : false,
  "extra" : {
    "severity" : "normal",
    "retries" : [ ],
    "categories" : [ {
      "name" : "Test defects",
      "matchedStatuses" : [ ],
      "flaky" : false
    } ],
    "history" : {
      "statistic" : {
        "failed" : 0,
        "broken" : 3,
        "skipped" : 0,
        "passed" : 85,
        "unknown" : 0,
        "total" : 88
      },
      "items" : [ {
        "uid" : "6c27e8cfc7201ff0",
        "reportUrl" : "https://Nat754.github.io/PulseWave/502//#testresult/6c27e8cfc7201ff0",
        "status" : "passed",
        "time" : {
          "start" : 1757049389213,
          "stop" : 1757049395949,
          "duration" : 6736
        }
      }, {
        "uid" : "4dd9614b5836096b",
        "reportUrl" : "https://Nat754.github.io/PulseWave/502//#testresult/4dd9614b5836096b",
        "status" : "passed",
        "time" : {
          "start" : 1757046912573,
          "stop" : 1757046920351,
          "duration" : 7778
        }
      }, {
        "uid" : "c17819cb5e3a87b2",
        "reportUrl" : "https://Nat754.github.io/PulseWave/499//#testresult/c17819cb5e3a87b2",
        "status" : "passed",
        "time" : {
          "start" : 1756785111226,
          "stop" : 1756785123071,
          "duration" : 11845
        }
      }, {
        "uid" : "a21dd4096a002fde",
        "reportUrl" : "https://Nat754.github.io/PulseWave/498//#testresult/a21dd4096a002fde",
        "status" : "passed",
        "time" : {
          "start" : 1756699545388,
          "stop" : 1756699552243,
          "duration" : 6855
        }
      }, {
        "uid" : "2fde43c60bc56f2a",
        "reportUrl" : "https://Nat754.github.io/PulseWave/497//#testresult/2fde43c60bc56f2a",
        "status" : "passed",
        "time" : {
          "start" : 1756612296852,
          "stop" : 1756612303719,
          "duration" : 6867
        }
      }, {
        "uid" : "98cef47c098c8519",
        "reportUrl" : "https://Nat754.github.io/PulseWave/496//#testresult/98cef47c098c8519",
        "status" : "passed",
        "time" : {
          "start" : 1756525253956,
          "stop" : 1756525261135,
          "duration" : 7179
        }
      }, {
        "uid" : "86891810627376ae",
        "reportUrl" : "https://Nat754.github.io/PulseWave/495//#testresult/86891810627376ae",
        "status" : "passed",
        "time" : {
          "start" : 1756439402208,
          "stop" : 1756439410019,
          "duration" : 7811
        }
      }, {
        "uid" : "d47b1f666364d287",
        "reportUrl" : "https://Nat754.github.io/PulseWave/494//#testresult/d47b1f666364d287",
        "status" : "passed",
        "time" : {
          "start" : 1756352940148,
          "stop" : 1756352947576,
          "duration" : 7428
        }
      }, {
        "uid" : "5eb00252850dfe62",
        "reportUrl" : "https://Nat754.github.io/PulseWave/5//#testresult/5eb00252850dfe62",
        "status" : "passed",
        "time" : {
          "start" : 1756314725379,
          "stop" : 1756314733275,
          "duration" : 7896
        }
      }, {
        "uid" : "bab0a8eba7c6cb0a",
        "reportUrl" : "https://Nat754.github.io/PulseWave/4//#testresult/bab0a8eba7c6cb0a",
        "status" : "passed",
        "time" : {
          "start" : 1756312821335,
          "stop" : 1756312830755,
          "duration" : 9420
        }
      }, {
        "uid" : "41bd5341926ac1cc",
        "reportUrl" : "https://Nat754.github.io/PulseWave/493//#testresult/41bd5341926ac1cc",
        "status" : "passed",
        "time" : {
          "start" : 1756270259525,
          "stop" : 1756270266463,
          "duration" : 6938
        }
      }, {
        "uid" : "7980f238f82767d0",
        "reportUrl" : "https://Nat754.github.io/PulseWave/493//#testresult/7980f238f82767d0",
        "status" : "passed",
        "time" : {
          "start" : 1756266582500,
          "stop" : 1756266590072,
          "duration" : 7572
        }
      }, {
        "uid" : "d16907abfa287ad9",
        "reportUrl" : "https://Nat754.github.io/PulseWave/492//#testresult/d16907abfa287ad9",
        "status" : "passed",
        "time" : {
          "start" : 1756180532167,
          "stop" : 1756180539510,
          "duration" : 7343
        }
      }, {
        "uid" : "dcec30255bcd9334",
        "reportUrl" : "https://Nat754.github.io/PulseWave/491//#testresult/dcec30255bcd9334",
        "status" : "passed",
        "time" : {
          "start" : 1756094544212,
          "stop" : 1756094553624,
          "duration" : 9412
        }
      }, {
        "uid" : "b8e3e0210addb474",
        "reportUrl" : "https://Nat754.github.io/PulseWave/490//#testresult/b8e3e0210addb474",
        "status" : "passed",
        "time" : {
          "start" : 1756061871169,
          "stop" : 1756061878396,
          "duration" : 7227
        }
      }, {
        "uid" : "83913b783aecd966",
        "reportUrl" : "https://Nat754.github.io/PulseWave/490//#testresult/83913b783aecd966",
        "status" : "passed",
        "time" : {
          "start" : 1756008019762,
          "stop" : 1756008030890,
          "duration" : 11128
        }
      }, {
        "uid" : "98f8e4b7c094bc8f",
        "reportUrl" : "https://Nat754.github.io/PulseWave/489//#testresult/98f8e4b7c094bc8f",
        "status" : "passed",
        "time" : {
          "start" : 1755920889013,
          "stop" : 1755920900652,
          "duration" : 11639
        }
      }, {
        "uid" : "f5e4f516183e438e",
        "reportUrl" : "https://Nat754.github.io/PulseWave/488//#testresult/f5e4f516183e438e",
        "status" : "passed",
        "time" : {
          "start" : 1755834823463,
          "stop" : 1755834839176,
          "duration" : 15713
        }
      }, {
        "uid" : "b70537c4e5111486",
        "reportUrl" : "https://Nat754.github.io/PulseWave/487//#testresult/b70537c4e5111486",
        "status" : "passed",
        "time" : {
          "start" : 1755748401694,
          "stop" : 1755748408141,
          "duration" : 6447
        }
      }, {
        "uid" : "a248967c5328646a",
        "reportUrl" : "https://Nat754.github.io/PulseWave/486//#testresult/a248967c5328646a",
        "status" : "passed",
        "time" : {
          "start" : 1755662003978,
          "stop" : 1755662010334,
          "duration" : 6356
        }
      } ]
    },
    "tags" : [ "smoke" ]
  },
  "source" : "dd0cc4bc59f4f60c.json",
  "parameterValues" : [ ]
}