{
  "uid" : "11d3c1609292c1b1",
  "name" : "1.3, 1.3.1, 1.15 Регистрация с корректными email и паролем и с согласием на подписку",
  "fullName" : "tests.test_signup_page.test_signup_page.TestSignupPage#test_signup_with_correct_data_and_agree",
  "historyId" : "3f1a9a03cb3169fb36bf4b166c8deeee",
  "time" : {
    "start" : 1722767354903,
    "stop" : 1722767372304,
    "duration" : 17401
  },
  "status" : "broken",
  "statusMessage" : "selenium.common.exceptions.ElementClickInterceptedException: Message: element click intercepted: Element <svg data-v-1d5f154c=\"\" width=\"45\" height=\"45\" viewBox=\"0 0 45 45\" fill=\"none\" xmlns=\"http://www.w3.org/2000/svg\" class=\"avatar__icon\">...</svg> is not clickable at point (1800, 32). Other element would receive the click: <div data-v-91c04aa2=\"\" data-v-72c59a66=\"\" class=\"loader\">...</div>\n  (Session info: chrome-headless-shell=127.0.6533.72)\nStacktrace:\n#0 0x55ab3c6446ba <unknown>\n#1 0x55ab3c314730 <unknown>\n#2 0x55ab3c36aa96 <unknown>\n#3 0x55ab3c3689ad <unknown>\n#4 0x55ab3c366447 <unknown>\n#5 0x55ab3c36530e <unknown>\n#6 0x55ab3c358d66 <unknown>\n#7 0x55ab3c386a52 <unknown>\n#8 0x55ab3c358719 <unknown>\n#9 0x55ab3c386c1e <unknown>\n#10 0x55ab3c3a51ca <unknown>\n#11 0x55ab3c3867f3 <unknown>\n#12 0x55ab3c356ec9 <unknown>\n#13 0x55ab3c35791e <unknown>\n#14 0x55ab3c60a9eb <unknown>\n#15 0x55ab3c60e972 <unknown>\n#16 0x55ab3c5f7e15 <unknown>\n#17 0x55ab3c60f502 <unknown>\n#18 0x55ab3c5dcd2f <unknown>\n#19 0x55ab3c633578 <unknown>\n#20 0x55ab3c633750 <unknown>\n#21 0x55ab3c64348c <unknown>\n#22 0x7fcbb1094ac3 <unknown>",
  "statusTrace" : "self = <tests.test_signup_page.test_signup_page.TestSignupPage object at 0x7f92b0a5f4a0>\nsignup_page_open = <pages.signup_page.SignUpPage object at 0x7f92b0a80260>\ndriver = <selenium.webdriver.chrome.webdriver.WebDriver (session=\"957980f30d52254abab73a58af055064\")>\n\n    @allure.title(\"1.3, 1.3.1, 1.15 Регистрация с корректными email и паролем и с согласием на подписку\")\n    @pytest.mark.smoke\n    def test_signup_with_correct_data_and_agree(self, signup_page_open, driver):\n        with allure.step('Заполнить поле email корректными данными'):\n            signup_page_open.put_data_to_email_field(email1)\n        with allure.step('Заполнить поле пароль сильным паролем'):\n            signup_page_open.put_data_to_password_field(password0)\n        with allure.step('Заполнить поле подтверждение пароля сильным паролем'):\n            signup_page_open.put_data_to_confirm_password_field(password0)\n        signup_page_open.check_pulsewave_policy_message().click()\n        signup_page_open.click_button_submit()\n        element = signup_page_open.get_send_invite_message()\n        with allure.step(f'Получено сообщение необходимости подтвердить регистрацию: \"{self.signup.INVITE_MSG}\"'):\n            assert element.text == self.signup.INVITE_MSG, 'Нет сообщения успеха'\n        time.sleep(10)\n        link = signup_page_open.get_confirm_signup_to_email(email1, password1)\n        driver.get(link)\n        signup_page_open.click_button_submit()\n>       signup_page_open.click_button_avatar()\n\ntests/test_signup_page/test_signup_page.py:36: \n_ _ _ _ _ _ _ _ _ _ _ _ _ _ _ _ _ _ _ _ _ _ _ _ _ _ _ _ _ _ _ _ _ _ _ _ _ _ _ _ \npages/signup_page.py:93: in click_button_avatar\n    self.element_is_clickable(self.locator.BUTTON_AVATAR).click()\n/opt/hostedtoolcache/Python/3.12.4/x64/lib/python3.12/site-packages/selenium/webdriver/remote/webelement.py:94: in click\n    self._execute(Command.CLICK_ELEMENT)\n/opt/hostedtoolcache/Python/3.12.4/x64/lib/python3.12/site-packages/selenium/webdriver/remote/webelement.py:395: in _execute\n    return self._parent.execute(command, params)\n/opt/hostedtoolcache/Python/3.12.4/x64/lib/python3.12/site-packages/selenium/webdriver/remote/webdriver.py:347: in execute\n    self.error_handler.check_response(response)\n_ _ _ _ _ _ _ _ _ _ _ _ _ _ _ _ _ _ _ _ _ _ _ _ _ _ _ _ _ _ _ _ _ _ _ _ _ _ _ _ \n\nself = <selenium.webdriver.remote.errorhandler.ErrorHandler object at 0x7f92b0a7b650>\nresponse = {'status': 400, 'value': '{\"value\":{\"error\":\"element click intercepted\",\"message\":\"element click intercepted: Element ...\\\\n#20 0x55ab3c633750 \\\\u003Cunknown>\\\\n#21 0x55ab3c64348c \\\\u003Cunknown>\\\\n#22 0x7fcbb1094ac3 \\\\u003Cunknown>\\\\n\"}}'}\n\n    def check_response(self, response: Dict[str, Any]) -> None:\n        \"\"\"Checks that a JSON response from the WebDriver does not have an\n        error.\n    \n        :Args:\n         - response - The JSON response from the WebDriver server as a dictionary\n           object.\n    \n        :Raises: If the response contains an error message.\n        \"\"\"\n        status = response.get(\"status\", None)\n        if not status or status == ErrorCode.SUCCESS:\n            return\n        value = None\n        message = response.get(\"message\", \"\")\n        screen: str = response.get(\"screen\", \"\")\n        stacktrace = None\n        if isinstance(status, int):\n            value_json = response.get(\"value\", None)\n            if value_json and isinstance(value_json, str):\n                import json\n    \n                try:\n                    value = json.loads(value_json)\n                    if len(value) == 1:\n                        value = value[\"value\"]\n                    status = value.get(\"error\", None)\n                    if not status:\n                        status = value.get(\"status\", ErrorCode.UNKNOWN_ERROR)\n                        message = value.get(\"value\") or value.get(\"message\")\n                        if not isinstance(message, str):\n                            value = message\n                            message = message.get(\"message\")\n                    else:\n                        message = value.get(\"message\", None)\n                except ValueError:\n                    pass\n    \n        exception_class: Type[WebDriverException]\n        e = ErrorCode()\n        error_codes = [item for item in dir(e) if not item.startswith(\"__\")]\n        for error_code in error_codes:\n            error_info = getattr(ErrorCode, error_code)\n            if isinstance(error_info, list) and status in error_info:\n                exception_class = getattr(ExceptionMapping, error_code, WebDriverException)\n                break\n        else:\n            exception_class = WebDriverException\n    \n        if not value:\n            value = response[\"value\"]\n        if isinstance(value, str):\n            raise exception_class(value)\n        if message == \"\" and \"message\" in value:\n            message = value[\"message\"]\n    \n        screen = None  # type: ignore[assignment]\n        if \"screen\" in value:\n            screen = value[\"screen\"]\n    \n        stacktrace = None\n        st_value = value.get(\"stackTrace\") or value.get(\"stacktrace\")\n        if st_value:\n            if isinstance(st_value, str):\n                stacktrace = st_value.split(\"\\n\")\n            else:\n                stacktrace = []\n                try:\n                    for frame in st_value:\n                        line = frame.get(\"lineNumber\", \"\")\n                        file = frame.get(\"fileName\", \"<anonymous>\")\n                        if line:\n                            file = f\"{file}:{line}\"\n                        meth = frame.get(\"methodName\", \"<anonymous>\")\n                        if \"className\" in frame:\n                            meth = f\"{frame['className']}.{meth}\"\n                        msg = \"    at %s (%s)\"\n                        msg = msg % (meth, file)\n                        stacktrace.append(msg)\n                except TypeError:\n                    pass\n        if exception_class == UnexpectedAlertPresentException:\n            alert_text = None\n            if \"data\" in value:\n                alert_text = value[\"data\"].get(\"text\")\n            elif \"alert\" in value:\n                alert_text = value[\"alert\"].get(\"text\")\n            raise exception_class(message, screen, stacktrace, alert_text)  # type: ignore[call-arg]  # mypy is not smart enough here\n>       raise exception_class(message, screen, stacktrace)\nE       selenium.common.exceptions.ElementClickInterceptedException: Message: element click intercepted: Element <svg data-v-1d5f154c=\"\" width=\"45\" height=\"45\" viewBox=\"0 0 45 45\" fill=\"none\" xmlns=\"http://www.w3.org/2000/svg\" class=\"avatar__icon\">...</svg> is not clickable at point (1800, 32). Other element would receive the click: <div data-v-91c04aa2=\"\" data-v-72c59a66=\"\" class=\"loader\">...</div>\nE         (Session info: chrome-headless-shell=127.0.6533.72)\nE       Stacktrace:\nE       #0 0x55ab3c6446ba <unknown>\nE       #1 0x55ab3c314730 <unknown>\nE       #2 0x55ab3c36aa96 <unknown>\nE       #3 0x55ab3c3689ad <unknown>\nE       #4 0x55ab3c366447 <unknown>\nE       #5 0x55ab3c36530e <unknown>\nE       #6 0x55ab3c358d66 <unknown>\nE       #7 0x55ab3c386a52 <unknown>\nE       #8 0x55ab3c358719 <unknown>\nE       #9 0x55ab3c386c1e <unknown>\nE       #10 0x55ab3c3a51ca <unknown>\nE       #11 0x55ab3c3867f3 <unknown>\nE       #12 0x55ab3c356ec9 <unknown>\nE       #13 0x55ab3c35791e <unknown>\nE       #14 0x55ab3c60a9eb <unknown>\nE       #15 0x55ab3c60e972 <unknown>\nE       #16 0x55ab3c5f7e15 <unknown>\nE       #17 0x55ab3c60f502 <unknown>\nE       #18 0x55ab3c5dcd2f <unknown>\nE       #19 0x55ab3c633578 <unknown>\nE       #20 0x55ab3c633750 <unknown>\nE       #21 0x55ab3c64348c <unknown>\nE       #22 0x7fcbb1094ac3 <unknown>\n\n/opt/hostedtoolcache/Python/3.12.4/x64/lib/python3.12/site-packages/selenium/webdriver/remote/errorhandler.py:229: ElementClickInterceptedException",
  "flaky" : false,
  "newFailed" : false,
  "beforeStages" : [ {
    "name" : "_session_faker",
    "time" : {
      "start" : 1722766478921,
      "stop" : 1722766478939,
      "duration" : 18
    },
    "status" : "passed",
    "steps" : [ ],
    "attachments" : [ ],
    "parameters" : [ ],
    "stepsCount" : 0,
    "attachmentsCount" : 0,
    "shouldDisplayMessage" : false,
    "hasContent" : false
  }, {
    "name" : "signup_page_open",
    "time" : {
      "start" : 1722767351927,
      "stop" : 1722767354902,
      "duration" : 2975
    },
    "status" : "passed",
    "steps" : [ {
      "name" : "Проверка видимости кнопки 'Принимаю все' в сообщении о принятии файлов cookie",
      "time" : {
        "start" : 1722767354844,
        "stop" : 1722767354872,
        "duration" : 28
      },
      "status" : "passed",
      "steps" : [ ],
      "attachments" : [ ],
      "parameters" : [ ],
      "stepsCount" : 0,
      "attachmentsCount" : 0,
      "shouldDisplayMessage" : false,
      "hasContent" : false
    } ],
    "attachments" : [ ],
    "parameters" : [ ],
    "stepsCount" : 1,
    "attachmentsCount" : 0,
    "shouldDisplayMessage" : false,
    "hasContent" : true
  }, {
    "name" : "clear_allure_results_folder",
    "time" : {
      "start" : 1722766478940,
      "stop" : 1722766478940,
      "duration" : 0
    },
    "status" : "passed",
    "steps" : [ ],
    "attachments" : [ ],
    "parameters" : [ ],
    "stepsCount" : 0,
    "attachmentsCount" : 0,
    "shouldDisplayMessage" : false,
    "hasContent" : false
  }, {
    "name" : "driver",
    "time" : {
      "start" : 1722767351726,
      "stop" : 1722767351927,
      "duration" : 201
    },
    "status" : "passed",
    "steps" : [ ],
    "attachments" : [ ],
    "parameters" : [ ],
    "stepsCount" : 0,
    "attachmentsCount" : 0,
    "shouldDisplayMessage" : false,
    "hasContent" : false
  } ],
  "testStage" : {
    "status" : "broken",
    "statusMessage" : "selenium.common.exceptions.ElementClickInterceptedException: Message: element click intercepted: Element <svg data-v-1d5f154c=\"\" width=\"45\" height=\"45\" viewBox=\"0 0 45 45\" fill=\"none\" xmlns=\"http://www.w3.org/2000/svg\" class=\"avatar__icon\">...</svg> is not clickable at point (1800, 32). Other element would receive the click: <div data-v-91c04aa2=\"\" data-v-72c59a66=\"\" class=\"loader\">...</div>\n  (Session info: chrome-headless-shell=127.0.6533.72)\nStacktrace:\n#0 0x55ab3c6446ba <unknown>\n#1 0x55ab3c314730 <unknown>\n#2 0x55ab3c36aa96 <unknown>\n#3 0x55ab3c3689ad <unknown>\n#4 0x55ab3c366447 <unknown>\n#5 0x55ab3c36530e <unknown>\n#6 0x55ab3c358d66 <unknown>\n#7 0x55ab3c386a52 <unknown>\n#8 0x55ab3c358719 <unknown>\n#9 0x55ab3c386c1e <unknown>\n#10 0x55ab3c3a51ca <unknown>\n#11 0x55ab3c3867f3 <unknown>\n#12 0x55ab3c356ec9 <unknown>\n#13 0x55ab3c35791e <unknown>\n#14 0x55ab3c60a9eb <unknown>\n#15 0x55ab3c60e972 <unknown>\n#16 0x55ab3c5f7e15 <unknown>\n#17 0x55ab3c60f502 <unknown>\n#18 0x55ab3c5dcd2f <unknown>\n#19 0x55ab3c633578 <unknown>\n#20 0x55ab3c633750 <unknown>\n#21 0x55ab3c64348c <unknown>\n#22 0x7fcbb1094ac3 <unknown>",
    "statusTrace" : "self = <tests.test_signup_page.test_signup_page.TestSignupPage object at 0x7f92b0a5f4a0>\nsignup_page_open = <pages.signup_page.SignUpPage object at 0x7f92b0a80260>\ndriver = <selenium.webdriver.chrome.webdriver.WebDriver (session=\"957980f30d52254abab73a58af055064\")>\n\n    @allure.title(\"1.3, 1.3.1, 1.15 Регистрация с корректными email и паролем и с согласием на подписку\")\n    @pytest.mark.smoke\n    def test_signup_with_correct_data_and_agree(self, signup_page_open, driver):\n        with allure.step('Заполнить поле email корректными данными'):\n            signup_page_open.put_data_to_email_field(email1)\n        with allure.step('Заполнить поле пароль сильным паролем'):\n            signup_page_open.put_data_to_password_field(password0)\n        with allure.step('Заполнить поле подтверждение пароля сильным паролем'):\n            signup_page_open.put_data_to_confirm_password_field(password0)\n        signup_page_open.check_pulsewave_policy_message().click()\n        signup_page_open.click_button_submit()\n        element = signup_page_open.get_send_invite_message()\n        with allure.step(f'Получено сообщение необходимости подтвердить регистрацию: \"{self.signup.INVITE_MSG}\"'):\n            assert element.text == self.signup.INVITE_MSG, 'Нет сообщения успеха'\n        time.sleep(10)\n        link = signup_page_open.get_confirm_signup_to_email(email1, password1)\n        driver.get(link)\n        signup_page_open.click_button_submit()\n>       signup_page_open.click_button_avatar()\n\ntests/test_signup_page/test_signup_page.py:36: \n_ _ _ _ _ _ _ _ _ _ _ _ _ _ _ _ _ _ _ _ _ _ _ _ _ _ _ _ _ _ _ _ _ _ _ _ _ _ _ _ \npages/signup_page.py:93: in click_button_avatar\n    self.element_is_clickable(self.locator.BUTTON_AVATAR).click()\n/opt/hostedtoolcache/Python/3.12.4/x64/lib/python3.12/site-packages/selenium/webdriver/remote/webelement.py:94: in click\n    self._execute(Command.CLICK_ELEMENT)\n/opt/hostedtoolcache/Python/3.12.4/x64/lib/python3.12/site-packages/selenium/webdriver/remote/webelement.py:395: in _execute\n    return self._parent.execute(command, params)\n/opt/hostedtoolcache/Python/3.12.4/x64/lib/python3.12/site-packages/selenium/webdriver/remote/webdriver.py:347: in execute\n    self.error_handler.check_response(response)\n_ _ _ _ _ _ _ _ _ _ _ _ _ _ _ _ _ _ _ _ _ _ _ _ _ _ _ _ _ _ _ _ _ _ _ _ _ _ _ _ \n\nself = <selenium.webdriver.remote.errorhandler.ErrorHandler object at 0x7f92b0a7b650>\nresponse = {'status': 400, 'value': '{\"value\":{\"error\":\"element click intercepted\",\"message\":\"element click intercepted: Element ...\\\\n#20 0x55ab3c633750 \\\\u003Cunknown>\\\\n#21 0x55ab3c64348c \\\\u003Cunknown>\\\\n#22 0x7fcbb1094ac3 \\\\u003Cunknown>\\\\n\"}}'}\n\n    def check_response(self, response: Dict[str, Any]) -> None:\n        \"\"\"Checks that a JSON response from the WebDriver does not have an\n        error.\n    \n        :Args:\n         - response - The JSON response from the WebDriver server as a dictionary\n           object.\n    \n        :Raises: If the response contains an error message.\n        \"\"\"\n        status = response.get(\"status\", None)\n        if not status or status == ErrorCode.SUCCESS:\n            return\n        value = None\n        message = response.get(\"message\", \"\")\n        screen: str = response.get(\"screen\", \"\")\n        stacktrace = None\n        if isinstance(status, int):\n            value_json = response.get(\"value\", None)\n            if value_json and isinstance(value_json, str):\n                import json\n    \n                try:\n                    value = json.loads(value_json)\n                    if len(value) == 1:\n                        value = value[\"value\"]\n                    status = value.get(\"error\", None)\n                    if not status:\n                        status = value.get(\"status\", ErrorCode.UNKNOWN_ERROR)\n                        message = value.get(\"value\") or value.get(\"message\")\n                        if not isinstance(message, str):\n                            value = message\n                            message = message.get(\"message\")\n                    else:\n                        message = value.get(\"message\", None)\n                except ValueError:\n                    pass\n    \n        exception_class: Type[WebDriverException]\n        e = ErrorCode()\n        error_codes = [item for item in dir(e) if not item.startswith(\"__\")]\n        for error_code in error_codes:\n            error_info = getattr(ErrorCode, error_code)\n            if isinstance(error_info, list) and status in error_info:\n                exception_class = getattr(ExceptionMapping, error_code, WebDriverException)\n                break\n        else:\n            exception_class = WebDriverException\n    \n        if not value:\n            value = response[\"value\"]\n        if isinstance(value, str):\n            raise exception_class(value)\n        if message == \"\" and \"message\" in value:\n            message = value[\"message\"]\n    \n        screen = None  # type: ignore[assignment]\n        if \"screen\" in value:\n            screen = value[\"screen\"]\n    \n        stacktrace = None\n        st_value = value.get(\"stackTrace\") or value.get(\"stacktrace\")\n        if st_value:\n            if isinstance(st_value, str):\n                stacktrace = st_value.split(\"\\n\")\n            else:\n                stacktrace = []\n                try:\n                    for frame in st_value:\n                        line = frame.get(\"lineNumber\", \"\")\n                        file = frame.get(\"fileName\", \"<anonymous>\")\n                        if line:\n                            file = f\"{file}:{line}\"\n                        meth = frame.get(\"methodName\", \"<anonymous>\")\n                        if \"className\" in frame:\n                            meth = f\"{frame['className']}.{meth}\"\n                        msg = \"    at %s (%s)\"\n                        msg = msg % (meth, file)\n                        stacktrace.append(msg)\n                except TypeError:\n                    pass\n        if exception_class == UnexpectedAlertPresentException:\n            alert_text = None\n            if \"data\" in value:\n                alert_text = value[\"data\"].get(\"text\")\n            elif \"alert\" in value:\n                alert_text = value[\"alert\"].get(\"text\")\n            raise exception_class(message, screen, stacktrace, alert_text)  # type: ignore[call-arg]  # mypy is not smart enough here\n>       raise exception_class(message, screen, stacktrace)\nE       selenium.common.exceptions.ElementClickInterceptedException: Message: element click intercepted: Element <svg data-v-1d5f154c=\"\" width=\"45\" height=\"45\" viewBox=\"0 0 45 45\" fill=\"none\" xmlns=\"http://www.w3.org/2000/svg\" class=\"avatar__icon\">...</svg> is not clickable at point (1800, 32). Other element would receive the click: <div data-v-91c04aa2=\"\" data-v-72c59a66=\"\" class=\"loader\">...</div>\nE         (Session info: chrome-headless-shell=127.0.6533.72)\nE       Stacktrace:\nE       #0 0x55ab3c6446ba <unknown>\nE       #1 0x55ab3c314730 <unknown>\nE       #2 0x55ab3c36aa96 <unknown>\nE       #3 0x55ab3c3689ad <unknown>\nE       #4 0x55ab3c366447 <unknown>\nE       #5 0x55ab3c36530e <unknown>\nE       #6 0x55ab3c358d66 <unknown>\nE       #7 0x55ab3c386a52 <unknown>\nE       #8 0x55ab3c358719 <unknown>\nE       #9 0x55ab3c386c1e <unknown>\nE       #10 0x55ab3c3a51ca <unknown>\nE       #11 0x55ab3c3867f3 <unknown>\nE       #12 0x55ab3c356ec9 <unknown>\nE       #13 0x55ab3c35791e <unknown>\nE       #14 0x55ab3c60a9eb <unknown>\nE       #15 0x55ab3c60e972 <unknown>\nE       #16 0x55ab3c5f7e15 <unknown>\nE       #17 0x55ab3c60f502 <unknown>\nE       #18 0x55ab3c5dcd2f <unknown>\nE       #19 0x55ab3c633578 <unknown>\nE       #20 0x55ab3c633750 <unknown>\nE       #21 0x55ab3c64348c <unknown>\nE       #22 0x7fcbb1094ac3 <unknown>\n\n/opt/hostedtoolcache/Python/3.12.4/x64/lib/python3.12/site-packages/selenium/webdriver/remote/errorhandler.py:229: ElementClickInterceptedException",
    "steps" : [ {
      "name" : "Заполнить поле email корректными данными",
      "time" : {
        "start" : 1722767354903,
        "stop" : 1722767354975,
        "duration" : 72
      },
      "status" : "passed",
      "steps" : [ ],
      "attachments" : [ ],
      "parameters" : [ ],
      "stepsCount" : 0,
      "attachmentsCount" : 0,
      "shouldDisplayMessage" : false,
      "hasContent" : false
    }, {
      "name" : "Заполнить поле пароль сильным паролем",
      "time" : {
        "start" : 1722767354975,
        "stop" : 1722767355030,
        "duration" : 55
      },
      "status" : "passed",
      "steps" : [ ],
      "attachments" : [ ],
      "parameters" : [ ],
      "stepsCount" : 0,
      "attachmentsCount" : 0,
      "shouldDisplayMessage" : false,
      "hasContent" : false
    }, {
      "name" : "Заполнить поле подтверждение пароля сильным паролем",
      "time" : {
        "start" : 1722767355030,
        "stop" : 1722767355085,
        "duration" : 55
      },
      "status" : "passed",
      "steps" : [ ],
      "attachments" : [ ],
      "parameters" : [ ],
      "stepsCount" : 0,
      "attachmentsCount" : 0,
      "shouldDisplayMessage" : false,
      "hasContent" : false
    }, {
      "name" : "Видимость сообщения: 'Я согласен получать новости и обновления PulseWave'",
      "time" : {
        "start" : 1722767355085,
        "stop" : 1722767355108,
        "duration" : 23
      },
      "status" : "passed",
      "steps" : [ ],
      "attachments" : [ ],
      "parameters" : [ ],
      "stepsCount" : 0,
      "attachmentsCount" : 0,
      "shouldDisplayMessage" : false,
      "hasContent" : false
    }, {
      "name" : "Подтвердить изменения'",
      "time" : {
        "start" : 1722767355132,
        "stop" : 1722767355181,
        "duration" : 49
      },
      "status" : "passed",
      "steps" : [ ],
      "attachments" : [ ],
      "parameters" : [ ],
      "stepsCount" : 0,
      "attachmentsCount" : 0,
      "shouldDisplayMessage" : false,
      "hasContent" : false
    }, {
      "name" : "Получено сообщения о подтверждении регистрации",
      "time" : {
        "start" : 1722767355181,
        "stop" : 1722767357263,
        "duration" : 2082
      },
      "status" : "passed",
      "steps" : [ ],
      "attachments" : [ ],
      "parameters" : [ ],
      "stepsCount" : 0,
      "attachmentsCount" : 0,
      "shouldDisplayMessage" : false,
      "hasContent" : false
    }, {
      "name" : "Получено сообщение необходимости подтвердить регистрацию: \"Регистрация\nМы отправили вам письмо на test_pulsewave0@mail.ru.\nДля подтверждения регистрации и активации учётной записи пройдите по ссылке в письме.\nПисьмо не пришло?\nПроверьте папку Спам и нажмите кнопку «Отправить повторно».\"",
      "time" : {
        "start" : 1722767357263,
        "stop" : 1722767357273,
        "duration" : 10
      },
      "status" : "passed",
      "steps" : [ ],
      "attachments" : [ ],
      "parameters" : [ ],
      "stepsCount" : 0,
      "attachmentsCount" : 0,
      "shouldDisplayMessage" : false,
      "hasContent" : false
    }, {
      "name" : "Получить ссылку подтверждения регистрации пользователя на емайл",
      "time" : {
        "start" : 1722767367274,
        "stop" : 1722767370099,
        "duration" : 2825
      },
      "status" : "passed",
      "steps" : [ ],
      "attachments" : [ ],
      "parameters" : [ ],
      "stepsCount" : 0,
      "attachmentsCount" : 0,
      "shouldDisplayMessage" : false,
      "hasContent" : false
    }, {
      "name" : "Подтвердить изменения'",
      "time" : {
        "start" : 1722767370311,
        "stop" : 1722767370900,
        "duration" : 589
      },
      "status" : "passed",
      "steps" : [ ],
      "attachments" : [ ],
      "parameters" : [ ],
      "stepsCount" : 0,
      "attachmentsCount" : 0,
      "shouldDisplayMessage" : false,
      "hasContent" : false
    }, {
      "name" : "Нажать на иконку аватара",
      "time" : {
        "start" : 1722767370900,
        "stop" : 1722767372302,
        "duration" : 1402
      },
      "status" : "broken",
      "statusMessage" : "selenium.common.exceptions.ElementClickInterceptedException: Message: element click intercepted: Element <svg data-v-1d5f154c=\"\" width=\"45\" height=\"45\" viewBox=\"0 0 45 45\" fill=\"none\" xmlns=\"http://www.w3.org/2000/svg\" class=\"avatar__icon\">...</svg> is not clickable at point (1800, 32). Other element would receive the click: <div data-v-91c04aa2=\"\" data-v-72c59a66=\"\" class=\"loader\">...</div>\n  (Session info: chrome-headless-shell=127.0.6533.72)\nStacktrace:\n#0 0x55ab3c6446ba <unknown>\n#1 0x55ab3c314730 <unknown>\n#2 0x55ab3c36aa96 <unknown>\n#3 0x55ab3c3689ad <unknown>\n#4 0x55ab3c366447 <unknown>\n#5 0x55ab3c36530e <unknown>\n#6 0x55ab3c358d66 <unknown>\n#7 0x55ab3c386a52 <unknown>\n#8 0x55ab3c358719 <unknown>\n#9 0x55ab3c386c1e <unknown>\n#10 0x55ab3c3a51ca <unknown>\n#11 0x55ab3c3867f3 <unknown>\n#12 0x55ab3c356ec9 <unknown>\n#13 0x55ab3c35791e <unknown>\n#14 0x55ab3c60a9eb <unknown>\n#15 0x55ab3c60e972 <unknown>\n#16 0x55ab3c5f7e15 <unknown>\n#17 0x55ab3c60f502 <unknown>\n#18 0x55ab3c5dcd2f <unknown>\n#19 0x55ab3c633578 <unknown>\n#20 0x55ab3c633750 <unknown>\n#21 0x55ab3c64348c <unknown>\n#22 0x7fcbb1094ac3 <unknown>\n\n",
      "statusTrace" : "  File \"/opt/hostedtoolcache/Python/3.12.4/x64/lib/python3.12/site-packages/allure_commons/_allure.py\", line 192, in impl\n    return func(*a, **kw)\n           ^^^^^^^^^^^^^^\n  File \"/home/runner/work/PulseWave/PulseWave/pages/signup_page.py\", line 93, in click_button_avatar\n    self.element_is_clickable(self.locator.BUTTON_AVATAR).click()\n  File \"/opt/hostedtoolcache/Python/3.12.4/x64/lib/python3.12/site-packages/selenium/webdriver/remote/webelement.py\", line 94, in click\n    self._execute(Command.CLICK_ELEMENT)\n  File \"/opt/hostedtoolcache/Python/3.12.4/x64/lib/python3.12/site-packages/selenium/webdriver/remote/webelement.py\", line 395, in _execute\n    return self._parent.execute(command, params)\n           ^^^^^^^^^^^^^^^^^^^^^^^^^^^^^^^^^^^^^\n  File \"/opt/hostedtoolcache/Python/3.12.4/x64/lib/python3.12/site-packages/selenium/webdriver/remote/webdriver.py\", line 347, in execute\n    self.error_handler.check_response(response)\n  File \"/opt/hostedtoolcache/Python/3.12.4/x64/lib/python3.12/site-packages/selenium/webdriver/remote/errorhandler.py\", line 229, in check_response\n    raise exception_class(message, screen, stacktrace)\n",
      "steps" : [ ],
      "attachments" : [ ],
      "parameters" : [ ],
      "stepsCount" : 0,
      "attachmentsCount" : 0,
      "shouldDisplayMessage" : true,
      "hasContent" : true
    } ],
    "attachments" : [ {
      "uid" : "eb6c8e7d4d8cf4d0",
      "name" : "Screenshot",
      "source" : "eb6c8e7d4d8cf4d0.png",
      "type" : "image/png",
      "size" : 49728
    }, {
      "uid" : "9cba6fd62e1bb0cd",
      "name" : "HTML source",
      "source" : "9cba6fd62e1bb0cd.html",
      "type" : "text/html",
      "size" : 73453
    } ],
    "parameters" : [ ],
    "stepsCount" : 10,
    "attachmentsCount" : 2,
    "shouldDisplayMessage" : true,
    "hasContent" : true
  },
  "afterStages" : [ {
    "name" : "driver::0",
    "time" : {
      "start" : 1722767372604,
      "stop" : 1722767372666,
      "duration" : 62
    },
    "status" : "passed",
    "steps" : [ ],
    "attachments" : [ ],
    "parameters" : [ ],
    "stepsCount" : 0,
    "attachmentsCount" : 0,
    "shouldDisplayMessage" : false,
    "hasContent" : false
  } ],
  "labels" : [ {
    "name" : "epic",
    "value" : "Тестирование страницы 'Регистрация'"
  }, {
    "name" : "tag",
    "value" : "smoke"
  }, {
    "name" : "parentSuite",
    "value" : "tests.test_signup_page"
  }, {
    "name" : "suite",
    "value" : "test_signup_page"
  }, {
    "name" : "subSuite",
    "value" : "TestSignupPage"
  }, {
    "name" : "host",
    "value" : "fv-az973-948"
  }, {
    "name" : "thread",
    "value" : "2253-MainThread"
  }, {
    "name" : "framework",
    "value" : "pytest"
  }, {
    "name" : "language",
    "value" : "cpython3"
  }, {
    "name" : "package",
    "value" : "tests.test_signup_page.test_signup_page"
  }, {
    "name" : "resultFormat",
    "value" : "allure2"
  } ],
  "parameters" : [ {
    "name" : "browser",
    "value" : "'chrome'"
  } ],
  "links" : [ ],
  "hidden" : false,
  "retry" : false,
  "extra" : {
    "severity" : "normal",
    "retries" : [ ],
    "categories" : [ {
      "name" : "Test defects",
      "matchedStatuses" : [ ],
      "flaky" : false
    } ],
    "history" : {
      "statistic" : {
        "failed" : 0,
        "broken" : 10,
        "skipped" : 30,
        "passed" : 80,
        "unknown" : 0,
        "total" : 120
      },
      "items" : [ {
        "uid" : "32d30aa0fc444bfd",
        "reportUrl" : "https://Nat754.github.io/PulseWave/106//#testresult/32d30aa0fc444bfd",
        "status" : "broken",
        "statusDetails" : "selenium.common.exceptions.ElementClickInterceptedException: Message: element click intercepted: Element <svg data-v-1d5f154c=\"\" width=\"45\" height=\"45\" viewBox=\"0 0 45 45\" fill=\"none\" xmlns=\"http://www.w3.org/2000/svg\" class=\"avatar__icon\">...</svg> is not clickable at point (1800, 32). Other element would receive the click: <div data-v-91c04aa2=\"\" data-v-72c59a66=\"\" class=\"loader\">...</div>\n  (Session info: chrome-headless-shell=127.0.6533.72)\nStacktrace:\n#0 0x55d6fcf726ba <unknown>\n#1 0x55d6fcc42730 <unknown>\n#2 0x55d6fcc98a96 <unknown>\n#3 0x55d6fcc969ad <unknown>\n#4 0x55d6fcc94447 <unknown>\n#5 0x55d6fcc9330e <unknown>\n#6 0x55d6fcc86d66 <unknown>\n#7 0x55d6fccb4a52 <unknown>\n#8 0x55d6fcc86719 <unknown>\n#9 0x55d6fccb4c1e <unknown>\n#10 0x55d6fccd31ca <unknown>\n#11 0x55d6fccb47f3 <unknown>\n#12 0x55d6fcc84ec9 <unknown>\n#13 0x55d6fcc8591e <unknown>\n#14 0x55d6fcf389eb <unknown>\n#15 0x55d6fcf3c972 <unknown>\n#16 0x55d6fcf25e15 <unknown>\n#17 0x55d6fcf3d502 <unknown>\n#18 0x55d6fcf0ad2f <unknown>\n#19 0x55d6fcf61578 <unknown>\n#20 0x55d6fcf61750 <unknown>\n#21 0x55d6fcf7148c <unknown>\n#22 0x7f2b99494ac3 <unknown>",
        "time" : {
          "start" : 1722739647005,
          "stop" : 1722739663909,
          "duration" : 16904
        }
      }, {
        "uid" : "b2e8cf73277fc898",
        "reportUrl" : "https://Nat754.github.io/PulseWave/105//#testresult/b2e8cf73277fc898",
        "status" : "passed",
        "time" : {
          "start" : 1722653116091,
          "stop" : 1722653136607,
          "duration" : 20516
        }
      }, {
        "uid" : "9c513bdcfef9b708",
        "reportUrl" : "https://Nat754.github.io/PulseWave/104//#testresult/9c513bdcfef9b708",
        "status" : "broken",
        "statusDetails" : "selenium.common.exceptions.ElementClickInterceptedException: Message: element click intercepted: Element <svg data-v-1d5f154c=\"\" width=\"45\" height=\"45\" viewBox=\"0 0 45 45\" fill=\"none\" xmlns=\"http://www.w3.org/2000/svg\" class=\"avatar__icon\">...</svg> is not clickable at point (1800, 32). Other element would receive the click: <div data-v-91c04aa2=\"\" data-v-72c59a66=\"\" class=\"loader\">...</div>\n  (Session info: chrome-headless-shell=126.0.6478.182)\nStacktrace:\n#0 0x5650acfaac5a <unknown>\n#1 0x5650acc8de2c <unknown>\n#2 0x5650acce1406 <unknown>\n#3 0x5650accdf246 <unknown>\n#4 0x5650accdcc27 <unknown>\n#5 0x5650accdba60 <unknown>\n#6 0x5650acccf15f <unknown>\n#7 0x5650accfd5c2 <unknown>\n#8 0x5650acccead9 <unknown>\n#9 0x5650accfd78e <unknown>\n#10 0x5650acd1c303 <unknown>\n#11 0x5650accfd363 <unknown>\n#12 0x5650acccd247 <unknown>\n#13 0x5650acccdb9e <unknown>\n#14 0x5650acf7122b <unknown>\n#15 0x5650acf752d1 <unknown>\n#16 0x5650acf5cade <unknown>\n#17 0x5650acf75e32 <unknown>\n#18 0x5650acf4177f <unknown>\n#19 0x5650acf9a618 <unknown>\n#20 0x5650acf9a7f0 <unknown>\n#21 0x5650acfa9d8c <unknown>\n#22 0x7fdc83e94ac3 <unknown>",
        "time" : {
          "start" : 1722566820456,
          "stop" : 1722566838640,
          "duration" : 18184
        }
      }, {
        "uid" : "96160ab6fa78f70c",
        "reportUrl" : "https://Nat754.github.io/PulseWave/103//#testresult/96160ab6fa78f70c",
        "status" : "passed",
        "time" : {
          "start" : 1722480589785,
          "stop" : 1722480609310,
          "duration" : 19525
        }
      }, {
        "uid" : "eb8a1bdf87d7cecd",
        "reportUrl" : "https://Nat754.github.io/PulseWave/102//#testresult/eb8a1bdf87d7cecd",
        "status" : "broken",
        "statusDetails" : "selenium.common.exceptions.ElementClickInterceptedException: Message: element click intercepted: Element <svg data-v-1d5f154c=\"\" width=\"45\" height=\"45\" viewBox=\"0 0 45 45\" fill=\"none\" xmlns=\"http://www.w3.org/2000/svg\" class=\"avatar__icon\">...</svg> is not clickable at point (1800, 32). Other element would receive the click: <div data-v-91c04aa2=\"\" data-v-72c59a66=\"\" class=\"loader\">...</div>\n  (Session info: chrome-headless-shell=126.0.6478.182)\nStacktrace:\n#0 0x5563a35e4c5a <unknown>\n#1 0x5563a32c7e2c <unknown>\n#2 0x5563a331b406 <unknown>\n#3 0x5563a3319246 <unknown>\n#4 0x5563a3316c27 <unknown>\n#5 0x5563a3315a60 <unknown>\n#6 0x5563a330915f <unknown>\n#7 0x5563a33375c2 <unknown>\n#8 0x5563a3308ad9 <unknown>\n#9 0x5563a333778e <unknown>\n#10 0x5563a3356303 <unknown>\n#11 0x5563a3337363 <unknown>\n#12 0x5563a3307247 <unknown>\n#13 0x5563a3307b9e <unknown>\n#14 0x5563a35ab22b <unknown>\n#15 0x5563a35af2d1 <unknown>\n#16 0x5563a3596ade <unknown>\n#17 0x5563a35afe32 <unknown>\n#18 0x5563a357b77f <unknown>\n#19 0x5563a35d4618 <unknown>\n#20 0x5563a35d47f0 <unknown>\n#21 0x5563a35e3d8c <unknown>\n#22 0x7f3600294ac3 <unknown>",
        "time" : {
          "start" : 1722392559752,
          "stop" : 1722392576758,
          "duration" : 17006
        }
      }, {
        "uid" : "36d16ed6bc50e56c",
        "reportUrl" : "https://Nat754.github.io/PulseWave/101//#testresult/36d16ed6bc50e56c",
        "status" : "broken",
        "statusDetails" : "selenium.common.exceptions.ElementClickInterceptedException: Message: element click intercepted: Element <svg data-v-1d5f154c=\"\" width=\"45\" height=\"45\" viewBox=\"0 0 45 45\" fill=\"none\" xmlns=\"http://www.w3.org/2000/svg\" class=\"avatar__icon\">...</svg> is not clickable at point (1800, 32). Other element would receive the click: <div data-v-91c04aa2=\"\" data-v-72c59a66=\"\" class=\"loader\">...</div>\n  (Session info: chrome-headless-shell=126.0.6478.182)\nStacktrace:\n#0 0x55cf5d2b8c5a <unknown>\n#1 0x55cf5cf9be2c <unknown>\n#2 0x55cf5cfef406 <unknown>\n#3 0x55cf5cfed246 <unknown>\n#4 0x55cf5cfeac27 <unknown>\n#5 0x55cf5cfe9a60 <unknown>\n#6 0x55cf5cfdd15f <unknown>\n#7 0x55cf5d00b5c2 <unknown>\n#8 0x55cf5cfdcad9 <unknown>\n#9 0x55cf5d00b78e <unknown>\n#10 0x55cf5d02a303 <unknown>\n#11 0x55cf5d00b363 <unknown>\n#12 0x55cf5cfdb247 <unknown>\n#13 0x55cf5cfdbb9e <unknown>\n#14 0x55cf5d27f22b <unknown>\n#15 0x55cf5d2832d1 <unknown>\n#16 0x55cf5d26aade <unknown>\n#17 0x55cf5d283e32 <unknown>\n#18 0x55cf5d24f77f <unknown>\n#19 0x55cf5d2a8618 <unknown>\n#20 0x55cf5d2a87f0 <unknown>\n#21 0x55cf5d2b7d8c <unknown>\n#22 0x7f6d3b894ac3 <unknown>",
        "time" : {
          "start" : 1722307516501,
          "stop" : 1722307534114,
          "duration" : 17613
        }
      }, {
        "uid" : "134c4b29d934c880",
        "reportUrl" : "https://Nat754.github.io/PulseWave/100//#testresult/134c4b29d934c880",
        "status" : "broken",
        "statusDetails" : "selenium.common.exceptions.ElementClickInterceptedException: Message: element click intercepted: Element <svg data-v-1d5f154c=\"\" width=\"45\" height=\"45\" viewBox=\"0 0 45 45\" fill=\"none\" xmlns=\"http://www.w3.org/2000/svg\" class=\"avatar__icon\">...</svg> is not clickable at point (1800, 32). Other element would receive the click: <div data-v-91c04aa2=\"\" data-v-72c59a66=\"\" class=\"loader\">...</div>\n  (Session info: chrome-headless-shell=126.0.6478.182)\nStacktrace:\n#0 0x561557352c5a <unknown>\n#1 0x561557035e2c <unknown>\n#2 0x561557089406 <unknown>\n#3 0x561557087246 <unknown>\n#4 0x561557084c27 <unknown>\n#5 0x561557083a60 <unknown>\n#6 0x56155707715f <unknown>\n#7 0x5615570a55c2 <unknown>\n#8 0x561557076ad9 <unknown>\n#9 0x5615570a578e <unknown>\n#10 0x5615570c4303 <unknown>\n#11 0x5615570a5363 <unknown>\n#12 0x561557075247 <unknown>\n#13 0x561557075b9e <unknown>\n#14 0x56155731922b <unknown>\n#15 0x56155731d2d1 <unknown>\n#16 0x561557304ade <unknown>\n#17 0x56155731de32 <unknown>\n#18 0x5615572e977f <unknown>\n#19 0x561557342618 <unknown>\n#20 0x5615573427f0 <unknown>\n#21 0x561557351d8c <unknown>\n#22 0x7faf5c694ac3 <unknown>",
        "time" : {
          "start" : 1722221288089,
          "stop" : 1722221305279,
          "duration" : 17190
        }
      }, {
        "uid" : "54156bbea5418f9c",
        "reportUrl" : "https://Nat754.github.io/PulseWave/99//#testresult/54156bbea5418f9c",
        "status" : "passed",
        "time" : {
          "start" : 1722134697761,
          "stop" : 1722134716517,
          "duration" : 18756
        }
      }, {
        "uid" : "cb32367f29a6e778",
        "reportUrl" : "https://Nat754.github.io/PulseWave/98//#testresult/cb32367f29a6e778",
        "status" : "passed",
        "time" : {
          "start" : 1722047945395,
          "stop" : 1722047963188,
          "duration" : 17793
        }
      }, {
        "uid" : "9d58e348944b742a",
        "reportUrl" : "https://Nat754.github.io/PulseWave/214//#testresult/9d58e348944b742a",
        "status" : "passed",
        "time" : {
          "start" : 1722029977531,
          "stop" : 1722029995474,
          "duration" : 17943
        }
      }, {
        "uid" : "5fc7a9d568e7f7b3",
        "reportUrl" : "https://Nat754.github.io/PulseWave/97//#testresult/5fc7a9d568e7f7b3",
        "status" : "broken",
        "statusDetails" : "selenium.common.exceptions.ElementClickInterceptedException: Message: element click intercepted: Element <svg data-v-1d5f154c=\"\" width=\"45\" height=\"45\" viewBox=\"0 0 45 45\" fill=\"none\" xmlns=\"http://www.w3.org/2000/svg\" class=\"avatar__icon\">...</svg> is not clickable at point (1800, 32). Other element would receive the click: <div data-v-91c04aa2=\"\" data-v-72c59a66=\"\" class=\"loader\">...</div>\n  (Session info: chrome-headless-shell=126.0.6478.182)\nStacktrace:\n#0 0x563b1fe9bc5a <unknown>\n#1 0x563b1fb7ee2c <unknown>\n#2 0x563b1fbd2406 <unknown>\n#3 0x563b1fbd0246 <unknown>\n#4 0x563b1fbcdc27 <unknown>\n#5 0x563b1fbcca60 <unknown>\n#6 0x563b1fbc015f <unknown>\n#7 0x563b1fbee5c2 <unknown>\n#8 0x563b1fbbfad9 <unknown>\n#9 0x563b1fbee78e <unknown>\n#10 0x563b1fc0d303 <unknown>\n#11 0x563b1fbee363 <unknown>\n#12 0x563b1fbbe247 <unknown>\n#13 0x563b1fbbeb9e <unknown>\n#14 0x563b1fe6222b <unknown>\n#15 0x563b1fe662d1 <unknown>\n#16 0x563b1fe4dade <unknown>\n#17 0x563b1fe66e32 <unknown>\n#18 0x563b1fe3277f <unknown>\n#19 0x563b1fe8b618 <unknown>\n#20 0x563b1fe8b7f0 <unknown>\n#21 0x563b1fe9ad8c <unknown>\n#22 0x7f13a1694ac3 <unknown>",
        "time" : {
          "start" : 1722000015566,
          "stop" : 1722000033723,
          "duration" : 18157
        }
      }, {
        "uid" : "b0e975e3cef7f468",
        "reportUrl" : "https://Nat754.github.io/PulseWave/97//#testresult/b0e975e3cef7f468",
        "status" : "passed",
        "time" : {
          "start" : 1721961651856,
          "stop" : 1721961669727,
          "duration" : 17871
        }
      }, {
        "uid" : "73897880cde56758",
        "reportUrl" : "https://Nat754.github.io/PulseWave/96//#testresult/73897880cde56758",
        "status" : "passed",
        "time" : {
          "start" : 1721875300090,
          "stop" : 1721875318225,
          "duration" : 18135
        }
      }, {
        "uid" : "480d52afe7b9aa60",
        "reportUrl" : "https://Nat754.github.io/PulseWave/213//#testresult/480d52afe7b9aa60",
        "status" : "passed",
        "time" : {
          "start" : 1721797838436,
          "stop" : 1721797856261,
          "duration" : 17825
        }
      }, {
        "uid" : "60f63a0c7c718486",
        "reportUrl" : "https://Nat754.github.io/PulseWave/95//#testresult/60f63a0c7c718486",
        "status" : "passed",
        "time" : {
          "start" : 1721788838487,
          "stop" : 1721788856467,
          "duration" : 17980
        }
      }, {
        "uid" : "56a1b5bad4d2b5db",
        "reportUrl" : "https://Nat754.github.io/PulseWave/213//#testresult/56a1b5bad4d2b5db",
        "status" : "passed",
        "time" : {
          "start" : 1721766074696,
          "stop" : 1721766091828,
          "duration" : 17132
        }
      }, {
        "uid" : "74f2f9865148eb3a",
        "reportUrl" : "https://Nat754.github.io/PulseWave/94//#testresult/74f2f9865148eb3a",
        "status" : "broken",
        "statusDetails" : "selenium.common.exceptions.TimeoutException: Message: \nStacktrace:\n#0 0x561acf6ebc7a <unknown>\n#1 0x561acf3cee2c <unknown>\n#2 0x561acf41b661 <unknown>\n#3 0x561acf41b751 <unknown>\n#4 0x561acf45ff64 <unknown>\n#5 0x561acf43e5ed <unknown>\n#6 0x561acf45d303 <unknown>\n#7 0x561acf43e363 <unknown>\n#8 0x561acf40e247 <unknown>\n#9 0x561acf40eb9e <unknown>\n#10 0x561acf6b224b <unknown>\n#11 0x561acf6b62f1 <unknown>\n#12 0x561acf69dafe <unknown>\n#13 0x561acf6b6e52 <unknown>\n#14 0x561acf68279f <unknown>\n#15 0x561acf6db638 <unknown>\n#16 0x561acf6db810 <unknown>\n#17 0x561acf6eadac <unknown>\n#18 0x7fa103694ac3 <unknown>",
        "time" : {
          "start" : 1721718521747,
          "stop" : 1721718542505,
          "duration" : 20758
        }
      }, {
        "uid" : "b448d7ec3bfb5206",
        "reportUrl" : "https://Nat754.github.io/PulseWave/94//#testresult/b448d7ec3bfb5206",
        "status" : "passed",
        "time" : {
          "start" : 1721717642906,
          "stop" : 1721717661972,
          "duration" : 19066
        }
      }, {
        "uid" : "9430d24fede5aff7",
        "reportUrl" : "https://Nat754.github.io/PulseWave/94//#testresult/9430d24fede5aff7",
        "status" : "passed",
        "time" : {
          "start" : 1721702267023,
          "stop" : 1721702284533,
          "duration" : 17510
        }
      }, {
        "uid" : "98e14078d63fc77c",
        "reportUrl" : "https://Nat754.github.io/PulseWave/93//#testresult/98e14078d63fc77c",
        "status" : "passed",
        "time" : {
          "start" : 1721616188351,
          "stop" : 1721616206657,
          "duration" : 18306
        }
      } ]
    },
    "tags" : [ "smoke" ]
  },
  "source" : "11d3c1609292c1b1.json",
  "parameterValues" : [ "'chrome'" ]
}