{
  "uid" : "7a042ac327c592f9",
  "name" : "3.2, 3.2.1 Восстановить пароль на корректный емайл",
  "fullName" : "tests.test_password_recovery.test_password_recovery.TestPasswordRecoveryPage#test_recovery_password_to_fill_correct_email",
  "historyId" : "3fbb91d2b204c3d1abb80d32ac377e08",
  "time" : {
    "start" : 1738952441831,
    "stop" : 1738952466070,
    "duration" : 24239
  },
  "status" : "broken",
  "statusMessage" : "selenium.common.exceptions.TimeoutException: Message: \nStacktrace:\n#0 0x555d8b71e53a <unknown>\n#1 0x555d8b219f00 <unknown>\n#2 0x555d8b269c0c <unknown>\n#3 0x555d8b269e31 <unknown>\n#4 0x555d8b2afbd4 <unknown>\n#5 0x555d8b28e5cd <unknown>\n#6 0x555d8b2acf84 <unknown>\n#7 0x555d8b28e343 <unknown>\n#8 0x555d8b25b78a <unknown>\n#9 0x555d8b25c9de <unknown>\n#10 0x555d8b6e82cb <unknown>\n#11 0x555d8b6ec242 <unknown>\n#12 0x555d8b6d57ac <unknown>\n#13 0x555d8b6ecdf7 <unknown>\n#14 0x555d8b6b9b2f <unknown>\n#15 0x555d8b70d1a8 <unknown>\n#16 0x555d8b70d370 <unknown>\n#17 0x555d8b71d3b6 <unknown>\n#18 0x7f77d029ca94 <unknown>\n#19 0x7f77d0329c3c <unknown>",
  "statusTrace" : "self = <tests.test_password_recovery.test_password_recovery.TestPasswordRecoveryPage object at 0x7f56909b68d0>\nrecovery_page_open = <pages.password_recovery_page.PasswordRecoveryPage object at 0x7f56909de0f0>\ndriver = <selenium.webdriver.chrome.webdriver.WebDriver (session=\"84956aaf71c341494c3ae86a404d8e39\")>\n\n    @allure.title(\"3.2, 3.2.1 Восстановить пароль на корректный емайл\")\n    @pytest.mark.regress\n    def test_recovery_password_to_fill_correct_email(self, recovery_page_open, driver):\n        with allure.step('Заполнить поле емайл'):\n            recovery_page_open.fill_email_to_recovery_password(email_auth)\n        with allure.step(\"Нажать кнопку 'Продолжить'\"):\n            recovery_page_open.click_resume_button()\n        # time.sleep(15)  # Получить ссылку на емайл\n        link = self.page.get_link_recovery_password_by_email()\n        driver.get(link)\n        with allure.step('Ввести пароль в поле пароль'):\n            recovery_page_open.fill_password_recovery(password0)\n        with allure.step('Ввести пароль в поле подтверждение пароля'):\n            recovery_page_open.fill_confirm_password_recovery(password0)\n        with allure.step(\"Нажать кнопку 'Сохранить пароль'\"):\n>           recovery_page_open.click_resume_button()\n\ntests/test_password_recovery/test_password_recovery.py:68: \n_ _ _ _ _ _ _ _ _ _ _ _ _ _ _ _ _ _ _ _ _ _ _ _ _ _ _ _ _ _ _ _ _ _ _ _ _ _ _ _ \npages/password_recovery_page.py:41: in click_resume_button\n    return self.element_is_clickable(self.locator.SUBMIT_BUTTON).click()\npages/base_page.py:61: in element_is_clickable\n    return Wait(self.driver, self.timeout).until(es.element_to_be_clickable(locator))\n_ _ _ _ _ _ _ _ _ _ _ _ _ _ _ _ _ _ _ _ _ _ _ _ _ _ _ _ _ _ _ _ _ _ _ _ _ _ _ _ \n\nself = <selenium.webdriver.support.wait.WebDriverWait (session=\"84956aaf71c341494c3ae86a404d8e39\")>\nmethod = <function element_to_be_clickable.<locals>._predicate at 0x7f568eee1620>\nmessage = ''\n\n    def until(self, method: Callable[[D], Union[Literal[False], T]], message: str = \"\") -> T:\n        \"\"\"Calls the method provided with the driver as an argument until the \\\n        return value does not evaluate to ``False``.\n    \n        :param method: callable(WebDriver)\n        :param message: optional message for :exc:`TimeoutException`\n        :returns: the result of the last call to `method`\n        :raises: :exc:`selenium.common.exceptions.TimeoutException` if timeout occurs\n        \"\"\"\n        screen = None\n        stacktrace = None\n    \n        end_time = time.monotonic() + self._timeout\n        while True:\n            try:\n                value = method(self._driver)\n                if value:\n                    return value\n            except self._ignored_exceptions as exc:\n                screen = getattr(exc, \"screen\", None)\n                stacktrace = getattr(exc, \"stacktrace\", None)\n            time.sleep(self._poll)\n            if time.monotonic() > end_time:\n                break\n>       raise TimeoutException(message, screen, stacktrace)\nE       selenium.common.exceptions.TimeoutException: Message: \nE       Stacktrace:\nE       #0 0x555d8b71e53a <unknown>\nE       #1 0x555d8b219f00 <unknown>\nE       #2 0x555d8b269c0c <unknown>\nE       #3 0x555d8b269e31 <unknown>\nE       #4 0x555d8b2afbd4 <unknown>\nE       #5 0x555d8b28e5cd <unknown>\nE       #6 0x555d8b2acf84 <unknown>\nE       #7 0x555d8b28e343 <unknown>\nE       #8 0x555d8b25b78a <unknown>\nE       #9 0x555d8b25c9de <unknown>\nE       #10 0x555d8b6e82cb <unknown>\nE       #11 0x555d8b6ec242 <unknown>\nE       #12 0x555d8b6d57ac <unknown>\nE       #13 0x555d8b6ecdf7 <unknown>\nE       #14 0x555d8b6b9b2f <unknown>\nE       #15 0x555d8b70d1a8 <unknown>\nE       #16 0x555d8b70d370 <unknown>\nE       #17 0x555d8b71d3b6 <unknown>\nE       #18 0x7f77d029ca94 <unknown>\nE       #19 0x7f77d0329c3c <unknown>\n\n/opt/hostedtoolcache/Python/3.12.8/x64/lib/python3.12/site-packages/selenium/webdriver/support/wait.py:105: TimeoutException",
  "flaky" : false,
  "newFailed" : false,
  "beforeStages" : [ {
    "name" : "recovery_page_open",
    "time" : {
      "start" : 1738952438290,
      "stop" : 1738952441831,
      "duration" : 3541
    },
    "status" : "passed",
    "steps" : [ {
      "name" : "Проверка видимости кнопки 'Принимаю все' в сообщении о принятии файлов cookie",
      "time" : {
        "start" : 1738952441757,
        "stop" : 1738952441786,
        "duration" : 29
      },
      "status" : "passed",
      "steps" : [ ],
      "attachments" : [ ],
      "parameters" : [ ],
      "stepsCount" : 0,
      "attachmentsCount" : 0,
      "shouldDisplayMessage" : false,
      "hasContent" : false
    } ],
    "attachments" : [ ],
    "parameters" : [ ],
    "stepsCount" : 1,
    "attachmentsCount" : 0,
    "shouldDisplayMessage" : false,
    "hasContent" : true
  }, {
    "name" : "_session_faker",
    "time" : {
      "start" : 1738951815138,
      "stop" : 1738951815155,
      "duration" : 17
    },
    "status" : "passed",
    "steps" : [ ],
    "attachments" : [ ],
    "parameters" : [ ],
    "stepsCount" : 0,
    "attachmentsCount" : 0,
    "shouldDisplayMessage" : false,
    "hasContent" : false
  }, {
    "name" : "driver",
    "time" : {
      "start" : 1738952437956,
      "stop" : 1738952438290,
      "duration" : 334
    },
    "status" : "passed",
    "steps" : [ ],
    "attachments" : [ ],
    "parameters" : [ ],
    "stepsCount" : 0,
    "attachmentsCount" : 0,
    "shouldDisplayMessage" : false,
    "hasContent" : false
  }, {
    "name" : "clear_allure_results_folder",
    "time" : {
      "start" : 1738951815155,
      "stop" : 1738951815155,
      "duration" : 0
    },
    "status" : "passed",
    "steps" : [ ],
    "attachments" : [ ],
    "parameters" : [ ],
    "stepsCount" : 0,
    "attachmentsCount" : 0,
    "shouldDisplayMessage" : false,
    "hasContent" : false
  } ],
  "testStage" : {
    "status" : "broken",
    "statusMessage" : "selenium.common.exceptions.TimeoutException: Message: \nStacktrace:\n#0 0x555d8b71e53a <unknown>\n#1 0x555d8b219f00 <unknown>\n#2 0x555d8b269c0c <unknown>\n#3 0x555d8b269e31 <unknown>\n#4 0x555d8b2afbd4 <unknown>\n#5 0x555d8b28e5cd <unknown>\n#6 0x555d8b2acf84 <unknown>\n#7 0x555d8b28e343 <unknown>\n#8 0x555d8b25b78a <unknown>\n#9 0x555d8b25c9de <unknown>\n#10 0x555d8b6e82cb <unknown>\n#11 0x555d8b6ec242 <unknown>\n#12 0x555d8b6d57ac <unknown>\n#13 0x555d8b6ecdf7 <unknown>\n#14 0x555d8b6b9b2f <unknown>\n#15 0x555d8b70d1a8 <unknown>\n#16 0x555d8b70d370 <unknown>\n#17 0x555d8b71d3b6 <unknown>\n#18 0x7f77d029ca94 <unknown>\n#19 0x7f77d0329c3c <unknown>",
    "statusTrace" : "self = <tests.test_password_recovery.test_password_recovery.TestPasswordRecoveryPage object at 0x7f56909b68d0>\nrecovery_page_open = <pages.password_recovery_page.PasswordRecoveryPage object at 0x7f56909de0f0>\ndriver = <selenium.webdriver.chrome.webdriver.WebDriver (session=\"84956aaf71c341494c3ae86a404d8e39\")>\n\n    @allure.title(\"3.2, 3.2.1 Восстановить пароль на корректный емайл\")\n    @pytest.mark.regress\n    def test_recovery_password_to_fill_correct_email(self, recovery_page_open, driver):\n        with allure.step('Заполнить поле емайл'):\n            recovery_page_open.fill_email_to_recovery_password(email_auth)\n        with allure.step(\"Нажать кнопку 'Продолжить'\"):\n            recovery_page_open.click_resume_button()\n        # time.sleep(15)  # Получить ссылку на емайл\n        link = self.page.get_link_recovery_password_by_email()\n        driver.get(link)\n        with allure.step('Ввести пароль в поле пароль'):\n            recovery_page_open.fill_password_recovery(password0)\n        with allure.step('Ввести пароль в поле подтверждение пароля'):\n            recovery_page_open.fill_confirm_password_recovery(password0)\n        with allure.step(\"Нажать кнопку 'Сохранить пароль'\"):\n>           recovery_page_open.click_resume_button()\n\ntests/test_password_recovery/test_password_recovery.py:68: \n_ _ _ _ _ _ _ _ _ _ _ _ _ _ _ _ _ _ _ _ _ _ _ _ _ _ _ _ _ _ _ _ _ _ _ _ _ _ _ _ \npages/password_recovery_page.py:41: in click_resume_button\n    return self.element_is_clickable(self.locator.SUBMIT_BUTTON).click()\npages/base_page.py:61: in element_is_clickable\n    return Wait(self.driver, self.timeout).until(es.element_to_be_clickable(locator))\n_ _ _ _ _ _ _ _ _ _ _ _ _ _ _ _ _ _ _ _ _ _ _ _ _ _ _ _ _ _ _ _ _ _ _ _ _ _ _ _ \n\nself = <selenium.webdriver.support.wait.WebDriverWait (session=\"84956aaf71c341494c3ae86a404d8e39\")>\nmethod = <function element_to_be_clickable.<locals>._predicate at 0x7f568eee1620>\nmessage = ''\n\n    def until(self, method: Callable[[D], Union[Literal[False], T]], message: str = \"\") -> T:\n        \"\"\"Calls the method provided with the driver as an argument until the \\\n        return value does not evaluate to ``False``.\n    \n        :param method: callable(WebDriver)\n        :param message: optional message for :exc:`TimeoutException`\n        :returns: the result of the last call to `method`\n        :raises: :exc:`selenium.common.exceptions.TimeoutException` if timeout occurs\n        \"\"\"\n        screen = None\n        stacktrace = None\n    \n        end_time = time.monotonic() + self._timeout\n        while True:\n            try:\n                value = method(self._driver)\n                if value:\n                    return value\n            except self._ignored_exceptions as exc:\n                screen = getattr(exc, \"screen\", None)\n                stacktrace = getattr(exc, \"stacktrace\", None)\n            time.sleep(self._poll)\n            if time.monotonic() > end_time:\n                break\n>       raise TimeoutException(message, screen, stacktrace)\nE       selenium.common.exceptions.TimeoutException: Message: \nE       Stacktrace:\nE       #0 0x555d8b71e53a <unknown>\nE       #1 0x555d8b219f00 <unknown>\nE       #2 0x555d8b269c0c <unknown>\nE       #3 0x555d8b269e31 <unknown>\nE       #4 0x555d8b2afbd4 <unknown>\nE       #5 0x555d8b28e5cd <unknown>\nE       #6 0x555d8b2acf84 <unknown>\nE       #7 0x555d8b28e343 <unknown>\nE       #8 0x555d8b25b78a <unknown>\nE       #9 0x555d8b25c9de <unknown>\nE       #10 0x555d8b6e82cb <unknown>\nE       #11 0x555d8b6ec242 <unknown>\nE       #12 0x555d8b6d57ac <unknown>\nE       #13 0x555d8b6ecdf7 <unknown>\nE       #14 0x555d8b6b9b2f <unknown>\nE       #15 0x555d8b70d1a8 <unknown>\nE       #16 0x555d8b70d370 <unknown>\nE       #17 0x555d8b71d3b6 <unknown>\nE       #18 0x7f77d029ca94 <unknown>\nE       #19 0x7f77d0329c3c <unknown>\n\n/opt/hostedtoolcache/Python/3.12.8/x64/lib/python3.12/site-packages/selenium/webdriver/support/wait.py:105: TimeoutException",
    "steps" : [ {
      "name" : "Заполнить поле емайл",
      "time" : {
        "start" : 1738952441832,
        "stop" : 1738952441912,
        "duration" : 80
      },
      "status" : "passed",
      "steps" : [ ],
      "attachments" : [ ],
      "parameters" : [ ],
      "stepsCount" : 0,
      "attachmentsCount" : 0,
      "shouldDisplayMessage" : false,
      "hasContent" : false
    }, {
      "name" : "Нажать кнопку 'Продолжить'",
      "time" : {
        "start" : 1738952441912,
        "stop" : 1738952442000,
        "duration" : 88
      },
      "status" : "passed",
      "steps" : [ ],
      "attachments" : [ ],
      "parameters" : [ ],
      "stepsCount" : 0,
      "attachmentsCount" : 0,
      "shouldDisplayMessage" : false,
      "hasContent" : false
    }, {
      "name" : "Получить ссылку для смены пароля на email",
      "time" : {
        "start" : 1738952442000,
        "stop" : 1738952445094,
        "duration" : 3094
      },
      "status" : "passed",
      "steps" : [ {
        "name" : "Прочитать сообщение",
        "time" : {
          "start" : 1738952442000,
          "stop" : 1738952445094,
          "duration" : 3094
        },
        "status" : "passed",
        "steps" : [ ],
        "attachments" : [ ],
        "parameters" : [ {
          "name" : "e_mail",
          "value" : "'tester_pulsewave@mail.ru'"
        }, {
          "name" : "passwrd",
          "value" : "'xaM2xjxRLvrj71pDpSzL'"
        } ],
        "stepsCount" : 0,
        "attachmentsCount" : 0,
        "shouldDisplayMessage" : false,
        "hasContent" : true
      } ],
      "attachments" : [ ],
      "parameters" : [ ],
      "stepsCount" : 1,
      "attachmentsCount" : 0,
      "shouldDisplayMessage" : false,
      "hasContent" : true
    }, {
      "name" : "Ввести пароль в поле пароль",
      "time" : {
        "start" : 1738952445390,
        "stop" : 1738952445484,
        "duration" : 94
      },
      "status" : "passed",
      "steps" : [ ],
      "attachments" : [ ],
      "parameters" : [ ],
      "stepsCount" : 0,
      "attachmentsCount" : 0,
      "shouldDisplayMessage" : false,
      "hasContent" : false
    }, {
      "name" : "Ввести пароль в поле подтверждение пароля",
      "time" : {
        "start" : 1738952445484,
        "stop" : 1738952445539,
        "duration" : 55
      },
      "status" : "passed",
      "steps" : [ ],
      "attachments" : [ ],
      "parameters" : [ ],
      "stepsCount" : 0,
      "attachmentsCount" : 0,
      "shouldDisplayMessage" : false,
      "hasContent" : false
    }, {
      "name" : "Нажать кнопку 'Сохранить пароль'",
      "time" : {
        "start" : 1738952445539,
        "stop" : 1738952466069,
        "duration" : 20530
      },
      "status" : "broken",
      "statusMessage" : "selenium.common.exceptions.TimeoutException: Message: \nStacktrace:\n#0 0x555d8b71e53a <unknown>\n#1 0x555d8b219f00 <unknown>\n#2 0x555d8b269c0c <unknown>\n#3 0x555d8b269e31 <unknown>\n#4 0x555d8b2afbd4 <unknown>\n#5 0x555d8b28e5cd <unknown>\n#6 0x555d8b2acf84 <unknown>\n#7 0x555d8b28e343 <unknown>\n#8 0x555d8b25b78a <unknown>\n#9 0x555d8b25c9de <unknown>\n#10 0x555d8b6e82cb <unknown>\n#11 0x555d8b6ec242 <unknown>\n#12 0x555d8b6d57ac <unknown>\n#13 0x555d8b6ecdf7 <unknown>\n#14 0x555d8b6b9b2f <unknown>\n#15 0x555d8b70d1a8 <unknown>\n#16 0x555d8b70d370 <unknown>\n#17 0x555d8b71d3b6 <unknown>\n#18 0x7f77d029ca94 <unknown>\n#19 0x7f77d0329c3c <unknown>\n\n",
      "statusTrace" : "  File \"/home/runner/work/PulseWave/PulseWave/tests/test_password_recovery/test_password_recovery.py\", line 68, in test_recovery_password_to_fill_correct_email\n    recovery_page_open.click_resume_button()\n  File \"/home/runner/work/PulseWave/PulseWave/pages/password_recovery_page.py\", line 41, in click_resume_button\n    return self.element_is_clickable(self.locator.SUBMIT_BUTTON).click()\n           ^^^^^^^^^^^^^^^^^^^^^^^^^^^^^^^^^^^^^^^^^^^^^^^^^^^^^\n  File \"/home/runner/work/PulseWave/PulseWave/pages/base_page.py\", line 61, in element_is_clickable\n    return Wait(self.driver, self.timeout).until(es.element_to_be_clickable(locator))\n           ^^^^^^^^^^^^^^^^^^^^^^^^^^^^^^^^^^^^^^^^^^^^^^^^^^^^^^^^^^^^^^^^^^^^^^^^^^\n  File \"/opt/hostedtoolcache/Python/3.12.8/x64/lib/python3.12/site-packages/selenium/webdriver/support/wait.py\", line 105, in until\n    raise TimeoutException(message, screen, stacktrace)\n",
      "steps" : [ ],
      "attachments" : [ ],
      "parameters" : [ ],
      "stepsCount" : 0,
      "attachmentsCount" : 0,
      "shouldDisplayMessage" : true,
      "hasContent" : true
    } ],
    "attachments" : [ {
      "uid" : "7c490149aa607ca",
      "name" : "Screenshot",
      "source" : "7c490149aa607ca.png",
      "type" : "image/png",
      "size" : 81651
    }, {
      "uid" : "9505c343b1fb86e",
      "name" : "HTML source",
      "source" : "9505c343b1fb86e.html",
      "type" : "text/html",
      "size" : 176181
    } ],
    "parameters" : [ ],
    "stepsCount" : 7,
    "attachmentsCount" : 2,
    "shouldDisplayMessage" : true,
    "hasContent" : true
  },
  "afterStages" : [ {
    "name" : "driver::0",
    "time" : {
      "start" : 1738952466175,
      "stop" : 1738952466245,
      "duration" : 70
    },
    "status" : "passed",
    "steps" : [ ],
    "attachments" : [ ],
    "parameters" : [ ],
    "stepsCount" : 0,
    "attachmentsCount" : 0,
    "shouldDisplayMessage" : false,
    "hasContent" : false
  } ],
  "labels" : [ {
    "name" : "epic",
    "value" : "Тестирование страницы 'Восстановление пароля'"
  }, {
    "name" : "tag",
    "value" : "regress"
  }, {
    "name" : "parentSuite",
    "value" : "tests.test_password_recovery"
  }, {
    "name" : "suite",
    "value" : "test_password_recovery"
  }, {
    "name" : "subSuite",
    "value" : "TestPasswordRecoveryPage"
  }, {
    "name" : "host",
    "value" : "fv-az2023-331"
  }, {
    "name" : "thread",
    "value" : "2486-MainThread"
  }, {
    "name" : "framework",
    "value" : "pytest"
  }, {
    "name" : "language",
    "value" : "cpython3"
  }, {
    "name" : "package",
    "value" : "tests.test_password_recovery.test_password_recovery"
  }, {
    "name" : "resultFormat",
    "value" : "allure2"
  } ],
  "parameters" : [ {
    "name" : "browser",
    "value" : "'chrome'"
  } ],
  "links" : [ ],
  "hidden" : false,
  "retry" : false,
  "extra" : {
    "severity" : "normal",
    "retries" : [ ],
    "categories" : [ {
      "name" : "Test defects",
      "matchedStatuses" : [ ],
      "flaky" : false
    } ],
    "history" : {
      "statistic" : {
        "failed" : 0,
        "broken" : 17,
        "skipped" : 30,
        "passed" : 286,
        "unknown" : 0,
        "total" : 333
      },
      "items" : [ {
        "uid" : "7366b2ad838e2728",
        "reportUrl" : "https://Nat754.github.io/PulseWave/292//#testresult/7366b2ad838e2728",
        "status" : "broken",
        "statusDetails" : "selenium.common.exceptions.StaleElementReferenceException: Message: stale element reference: stale element not found in the current frame\n  (Session info: chrome=132.0.6834.159); For documentation on this error, please visit: https://www.selenium.dev/documentation/webdriver/troubleshooting/errors#stale-element-reference-exception\nStacktrace:\n#0 0x55fe762dc53a <unknown>\n#1 0x55fe75dd7f00 <unknown>\n#2 0x55fe75dde04c <unknown>\n#3 0x55fe75de084e <unknown>\n#4 0x55fe75e6c02c <unknown>\n#5 0x55fe75e4c5a2 <unknown>\n#6 0x55fe75e6af84 <unknown>\n#7 0x55fe75e4c343 <unknown>\n#8 0x55fe75e1978a <unknown>\n#9 0x55fe75e1a9de <unknown>\n#10 0x55fe762a62cb <unknown>\n#11 0x55fe762aa242 <unknown>\n#12 0x55fe762937ac <unknown>\n#13 0x55fe762aadf7 <unknown>\n#14 0x55fe76277b2f <unknown>\n#15 0x55fe762cb1a8 <unknown>\n#16 0x55fe762cb370 <unknown>\n#17 0x55fe762db3b6 <unknown>\n#18 0x7fe2dda9ca94 <unknown>\n#19 0x7fe2ddb29c3c <unknown>",
        "time" : {
          "start" : 1738865876453,
          "stop" : 1738865879195,
          "duration" : 2742
        }
      }, {
        "uid" : "f62dd65187dca739",
        "reportUrl" : "https://Nat754.github.io/PulseWave/291//#testresult/f62dd65187dca739",
        "status" : "passed",
        "time" : {
          "start" : 1738779567280,
          "stop" : 1738779572819,
          "duration" : 5539
        }
      }, {
        "uid" : "8766a4681b74fd60",
        "reportUrl" : "https://Nat754.github.io/PulseWave/290//#testresult/8766a4681b74fd60",
        "status" : "broken",
        "statusDetails" : "selenium.common.exceptions.TimeoutException: Message: \nStacktrace:\n#0 0x55e2da421dca <unknown>\n#1 0x55e2d9f183f0 <unknown>\n#2 0x55e2d9f6810c <unknown>\n#3 0x55e2d9f68331 <unknown>\n#4 0x55e2d9fae154 <unknown>\n#5 0x55e2d9f8cabd <unknown>\n#6 0x55e2d9fab4b3 <unknown>\n#7 0x55e2d9f8c833 <unknown>\n#8 0x55e2d9f595a0 <unknown>\n#9 0x55e2d9f5aece <unknown>\n#10 0x55e2da3ebbdb <unknown>\n#11 0x55e2da3efb67 <unknown>\n#12 0x55e2da3d73bc <unknown>\n#13 0x55e2da3f0727 <unknown>\n#14 0x55e2da3bb74f <unknown>\n#15 0x55e2da410938 <unknown>\n#16 0x55e2da410b00 <unknown>\n#17 0x55e2da420c46 <unknown>\n#18 0x7f6dcc89ca94 <unknown>\n#19 0x7f6dcc929c3c <unknown>",
        "time" : {
          "start" : 1738702964898,
          "stop" : 1738702988359,
          "duration" : 23461
        }
      }, {
        "uid" : "d1f91267cc81ef4f",
        "reportUrl" : "https://Nat754.github.io/PulseWave/290//#testresult/d1f91267cc81ef4f",
        "status" : "broken",
        "statusDetails" : "selenium.common.exceptions.TimeoutException: Message: \nStacktrace:\n#0 0x55bd28256dca <unknown>\n#1 0x55bd27d4d3f0 <unknown>\n#2 0x55bd27d9d10c <unknown>\n#3 0x55bd27d9d331 <unknown>\n#4 0x55bd27de3154 <unknown>\n#5 0x55bd27dc1abd <unknown>\n#6 0x55bd27de04b3 <unknown>\n#7 0x55bd27dc1833 <unknown>\n#8 0x55bd27d8e5a0 <unknown>\n#9 0x55bd27d8fece <unknown>\n#10 0x55bd28220bdb <unknown>\n#11 0x55bd28224b67 <unknown>\n#12 0x55bd2820c3bc <unknown>\n#13 0x55bd28225727 <unknown>\n#14 0x55bd281f074f <unknown>\n#15 0x55bd28245938 <unknown>\n#16 0x55bd28245b00 <unknown>\n#17 0x55bd28255c46 <unknown>\n#18 0x7f25caa9ca94 <unknown>\n#19 0x7f25cab29c3c <unknown>",
        "time" : {
          "start" : 1738693101928,
          "stop" : 1738693124921,
          "duration" : 22993
        }
      }, {
        "uid" : "fead04a315a32eed",
        "reportUrl" : "https://Nat754.github.io/PulseWave/289//#testresult/fead04a315a32eed",
        "status" : "passed",
        "time" : {
          "start" : 1738606744016,
          "stop" : 1738606751964,
          "duration" : 7948
        }
      }, {
        "uid" : "24f1c2b6298e07f3",
        "reportUrl" : "https://Nat754.github.io/PulseWave/288//#testresult/24f1c2b6298e07f3",
        "status" : "passed",
        "time" : {
          "start" : 1738521156445,
          "stop" : 1738521161589,
          "duration" : 5144
        }
      }, {
        "uid" : "2800cd5dd049e665",
        "reportUrl" : "https://Nat754.github.io/PulseWave/288//#testresult/2800cd5dd049e665",
        "status" : "broken",
        "statusDetails" : "selenium.common.exceptions.TimeoutException: Message: \nStacktrace:\n#0 0x5587a7ebadca <unknown>\n#1 0x5587a79b13f0 <unknown>\n#2 0x5587a7a0110c <unknown>\n#3 0x5587a7a01331 <unknown>\n#4 0x5587a7a47154 <unknown>\n#5 0x5587a7a25abd <unknown>\n#6 0x5587a7a444b3 <unknown>\n#7 0x5587a7a25833 <unknown>\n#8 0x5587a79f25a0 <unknown>\n#9 0x5587a79f3ece <unknown>\n#10 0x5587a7e84bdb <unknown>\n#11 0x5587a7e88b67 <unknown>\n#12 0x5587a7e703bc <unknown>\n#13 0x5587a7e89727 <unknown>\n#14 0x5587a7e5474f <unknown>\n#15 0x5587a7ea9938 <unknown>\n#16 0x5587a7ea9b00 <unknown>\n#17 0x5587a7eb9c46 <unknown>\n#18 0x7fc0d229ca94 <unknown>\n#19 0x7fc0d2329c3c <unknown>",
        "time" : {
          "start" : 1738520228791,
          "stop" : 1738520251865,
          "duration" : 23074
        }
      }, {
        "uid" : "d73086b06bbee23b",
        "reportUrl" : "https://Nat754.github.io/PulseWave/287//#testresult/d73086b06bbee23b",
        "status" : "passed",
        "time" : {
          "start" : 1738433816118,
          "stop" : 1738433821543,
          "duration" : 5425
        }
      }, {
        "uid" : "5e3e6811e358bd44",
        "reportUrl" : "https://Nat754.github.io/PulseWave/286//#testresult/5e3e6811e358bd44",
        "status" : "passed",
        "time" : {
          "start" : 1738347471594,
          "stop" : 1738347476866,
          "duration" : 5272
        }
      }, {
        "uid" : "98488f105b6443b0",
        "reportUrl" : "https://Nat754.github.io/PulseWave/285//#testresult/98488f105b6443b0",
        "status" : "passed",
        "time" : {
          "start" : 1738261092414,
          "stop" : 1738261098929,
          "duration" : 6515
        }
      }, {
        "uid" : "a5b49085d8b906ff",
        "reportUrl" : "https://Nat754.github.io/PulseWave/284//#testresult/a5b49085d8b906ff",
        "status" : "passed",
        "time" : {
          "start" : 1738174693447,
          "stop" : 1738174711035,
          "duration" : 17588
        }
      }, {
        "uid" : "34b54cfc4028b128",
        "reportUrl" : "https://Nat754.github.io/PulseWave/283//#testresult/34b54cfc4028b128",
        "status" : "passed",
        "time" : {
          "start" : 1738088283504,
          "stop" : 1738088292314,
          "duration" : 8810
        }
      }, {
        "uid" : "950c268db48e29cd",
        "reportUrl" : "https://Nat754.github.io/PulseWave/282//#testresult/950c268db48e29cd",
        "status" : "passed",
        "time" : {
          "start" : 1738001882048,
          "stop" : 1738001887033,
          "duration" : 4985
        }
      }, {
        "uid" : "336ad87f03a04e2a",
        "reportUrl" : "https://Nat754.github.io/PulseWave/281//#testresult/336ad87f03a04e2a",
        "status" : "passed",
        "time" : {
          "start" : 1737915441326,
          "stop" : 1737915451501,
          "duration" : 10175
        }
      }, {
        "uid" : "698273f91fcb0547",
        "reportUrl" : "https://Nat754.github.io/PulseWave/280//#testresult/698273f91fcb0547",
        "status" : "passed",
        "time" : {
          "start" : 1737829029753,
          "stop" : 1737829035737,
          "duration" : 5984
        }
      }, {
        "uid" : "e5cc01b83e452ffe",
        "reportUrl" : "https://Nat754.github.io/PulseWave/279//#testresult/e5cc01b83e452ffe",
        "status" : "passed",
        "time" : {
          "start" : 1737742677572,
          "stop" : 1737742682767,
          "duration" : 5195
        }
      }, {
        "uid" : "fdd219c84037ba65",
        "reportUrl" : "https://Nat754.github.io/PulseWave/278//#testresult/fdd219c84037ba65",
        "status" : "passed",
        "time" : {
          "start" : 1737656326832,
          "stop" : 1737656333112,
          "duration" : 6280
        }
      }, {
        "uid" : "bb752cffd069de05",
        "reportUrl" : "https://Nat754.github.io/PulseWave/277//#testresult/bb752cffd069de05",
        "status" : "passed",
        "time" : {
          "start" : 1737569894310,
          "stop" : 1737569904228,
          "duration" : 9918
        }
      }, {
        "uid" : "90933449f71fae9",
        "reportUrl" : "https://Nat754.github.io/PulseWave/276//#testresult/90933449f71fae9",
        "status" : "passed",
        "time" : {
          "start" : 1737558639677,
          "stop" : 1737558648758,
          "duration" : 9081
        }
      }, {
        "uid" : "30563ae55d714d6a",
        "reportUrl" : "https://Nat754.github.io/PulseWave/276//#testresult/30563ae55d714d6a",
        "status" : "passed",
        "time" : {
          "start" : 1737483649455,
          "stop" : 1737483656706,
          "duration" : 7251
        }
      } ]
    },
    "tags" : [ "regress" ]
  },
  "source" : "7a042ac327c592f9.json",
  "parameterValues" : [ "'chrome'" ]
}