{
  "uid" : "24149e254a8ef1a1",
  "name" : "1.3, 1.3.1, 1.15 Регистрация с корректными email и паролем и с согласием на подписку",
  "fullName" : "tests.test_signup_page.test_signup_page.TestSignupPage#test_signup_with_correct_data_and_agree",
  "historyId" : "3f1a9a03cb3169fb36bf4b166c8deeee",
  "time" : {
    "start" : 1734232314570,
    "stop" : 1734232353763,
    "duration" : 39193
  },
  "status" : "broken",
  "statusMessage" : "selenium.common.exceptions.TimeoutException: Message: \nStacktrace:\n#0 0x55b0128ea31a <unknown>\n#1 0x55b0124006e0 <unknown>\n#2 0x55b01244f3e6 <unknown>\n#3 0x55b01244f681 <unknown>\n#4 0x55b012494b04 <unknown>\n#5 0x55b01247348d <unknown>\n#6 0x55b012491ed7 <unknown>\n#7 0x55b012473203 <unknown>\n#8 0x55b012441cc0 <unknown>\n#9 0x55b012442c9e <unknown>\n#10 0x55b0128b7d0b <unknown>\n#11 0x55b0128bbc92 <unknown>\n#12 0x55b0128a4b3c <unknown>\n#13 0x55b0128bc807 <unknown>\n#14 0x55b01288a0df <unknown>\n#15 0x55b0128d9578 <unknown>\n#16 0x55b0128d9740 <unknown>\n#17 0x55b0128e9196 <unknown>\n#18 0x7f9e75a94ac3 <unknown>",
  "statusTrace" : "self = <tests.test_signup_page.test_signup_page.TestSignupPage object at 0x7f29a9491e80>\nsignup_page_open = <pages.signup_page.SignUpPage object at 0x7f29a94c5730>\ndriver = <selenium.webdriver.chrome.webdriver.WebDriver (session=\"490788beda9d6767f8a07c69b4a04d22\")>\n\n    @allure.title(\"1.3, 1.3.1, 1.15 Регистрация с корректными email и паролем и с согласием на подписку\")\n    @pytest.mark.smoke\n    def test_signup_with_correct_data_and_agree(self, signup_page_open, driver):\n        with allure.step('Заполнить поле email корректными данными'):\n            signup_page_open.put_data_to_email_field(email1)\n        with allure.step('Заполнить поле пароль сильным паролем'):\n            signup_page_open.put_data_to_password_field(password0)\n        with allure.step('Заполнить поле подтверждение пароля сильным паролем'):\n            signup_page_open.put_data_to_confirm_password_field(password0)\n        signup_page_open.check_pulsewave_policy_message().click()\n        signup_page_open.click_button_submit()\n        element = signup_page_open.get_send_invite_message()\n        with allure.step(f'Получено сообщение необходимости подтвердить регистрацию: \"{self.signup.INVITE_MSG}\"'):\n            assert element.text == self.signup.INVITE_MSG, 'Нет сообщения успеха'\n        time.sleep(15)\n        link = signup_page_open.get_confirm_signup_to_email(email1, password1)\n        driver.get(link)\n>       signup_page_open.click_button_submit()\n\ntests/test_signup_page/test_signup_page.py:37: \n_ _ _ _ _ _ _ _ _ _ _ _ _ _ _ _ _ _ _ _ _ _ _ _ _ _ _ _ _ _ _ _ _ _ _ _ _ _ _ _ \npages/signup_page.py:83: in click_button_submit\n    return self.element_is_visible(self.locator.SUBMIT_BUTTON).click()\npages/base_page.py:19: in element_is_visible\n    self.go_to_element(self.element_is_present(locator))\npages/base_page.py:35: in element_is_present\n    return Wait(self.driver, self.timeout).until(es.presence_of_element_located(locator))\n_ _ _ _ _ _ _ _ _ _ _ _ _ _ _ _ _ _ _ _ _ _ _ _ _ _ _ _ _ _ _ _ _ _ _ _ _ _ _ _ \n\nself = <selenium.webdriver.support.wait.WebDriverWait (session=\"490788beda9d6767f8a07c69b4a04d22\")>\nmethod = <function presence_of_element_located.<locals>._predicate at 0x7f29a7a423e0>\nmessage = ''\n\n    def until(self, method: Callable[[D], Union[Literal[False], T]], message: str = \"\") -> T:\n        \"\"\"Calls the method provided with the driver as an argument until the \\\n        return value does not evaluate to ``False``.\n    \n        :param method: callable(WebDriver)\n        :param message: optional message for :exc:`TimeoutException`\n        :returns: the result of the last call to `method`\n        :raises: :exc:`selenium.common.exceptions.TimeoutException` if timeout occurs\n        \"\"\"\n        screen = None\n        stacktrace = None\n    \n        end_time = time.monotonic() + self._timeout\n        while True:\n            try:\n                value = method(self._driver)\n                if value:\n                    return value\n            except self._ignored_exceptions as exc:\n                screen = getattr(exc, \"screen\", None)\n                stacktrace = getattr(exc, \"stacktrace\", None)\n            time.sleep(self._poll)\n            if time.monotonic() > end_time:\n                break\n>       raise TimeoutException(message, screen, stacktrace)\nE       selenium.common.exceptions.TimeoutException: Message: \nE       Stacktrace:\nE       #0 0x55b0128ea31a <unknown>\nE       #1 0x55b0124006e0 <unknown>\nE       #2 0x55b01244f3e6 <unknown>\nE       #3 0x55b01244f681 <unknown>\nE       #4 0x55b012494b04 <unknown>\nE       #5 0x55b01247348d <unknown>\nE       #6 0x55b012491ed7 <unknown>\nE       #7 0x55b012473203 <unknown>\nE       #8 0x55b012441cc0 <unknown>\nE       #9 0x55b012442c9e <unknown>\nE       #10 0x55b0128b7d0b <unknown>\nE       #11 0x55b0128bbc92 <unknown>\nE       #12 0x55b0128a4b3c <unknown>\nE       #13 0x55b0128bc807 <unknown>\nE       #14 0x55b01288a0df <unknown>\nE       #15 0x55b0128d9578 <unknown>\nE       #16 0x55b0128d9740 <unknown>\nE       #17 0x55b0128e9196 <unknown>\nE       #18 0x7f9e75a94ac3 <unknown>\n\n/opt/hostedtoolcache/Python/3.12.8/x64/lib/python3.12/site-packages/selenium/webdriver/support/wait.py:105: TimeoutException",
  "flaky" : false,
  "newFailed" : false,
  "beforeStages" : [ {
    "name" : "clear_allure_results_folder",
    "time" : {
      "start" : 1734231748181,
      "stop" : 1734231748181,
      "duration" : 0
    },
    "status" : "passed",
    "steps" : [ ],
    "attachments" : [ ],
    "parameters" : [ ],
    "stepsCount" : 0,
    "attachmentsCount" : 0,
    "shouldDisplayMessage" : false,
    "hasContent" : false
  }, {
    "name" : "_session_faker",
    "time" : {
      "start" : 1734231748162,
      "stop" : 1734231748181,
      "duration" : 19
    },
    "status" : "passed",
    "steps" : [ ],
    "attachments" : [ ],
    "parameters" : [ ],
    "stepsCount" : 0,
    "attachmentsCount" : 0,
    "shouldDisplayMessage" : false,
    "hasContent" : false
  }, {
    "name" : "driver",
    "time" : {
      "start" : 1734232311917,
      "stop" : 1734232312201,
      "duration" : 284
    },
    "status" : "passed",
    "steps" : [ ],
    "attachments" : [ ],
    "parameters" : [ ],
    "stepsCount" : 0,
    "attachmentsCount" : 0,
    "shouldDisplayMessage" : false,
    "hasContent" : false
  }, {
    "name" : "signup_page_open",
    "time" : {
      "start" : 1734232312201,
      "stop" : 1734232314569,
      "duration" : 2368
    },
    "status" : "passed",
    "steps" : [ {
      "name" : "Проверка видимости кнопки 'Принимаю все' в сообщении о принятии файлов cookie",
      "time" : {
        "start" : 1734232314494,
        "stop" : 1734232314524,
        "duration" : 30
      },
      "status" : "passed",
      "steps" : [ ],
      "attachments" : [ ],
      "parameters" : [ ],
      "stepsCount" : 0,
      "attachmentsCount" : 0,
      "shouldDisplayMessage" : false,
      "hasContent" : false
    } ],
    "attachments" : [ ],
    "parameters" : [ ],
    "stepsCount" : 1,
    "attachmentsCount" : 0,
    "shouldDisplayMessage" : false,
    "hasContent" : true
  } ],
  "testStage" : {
    "status" : "broken",
    "statusMessage" : "selenium.common.exceptions.TimeoutException: Message: \nStacktrace:\n#0 0x55b0128ea31a <unknown>\n#1 0x55b0124006e0 <unknown>\n#2 0x55b01244f3e6 <unknown>\n#3 0x55b01244f681 <unknown>\n#4 0x55b012494b04 <unknown>\n#5 0x55b01247348d <unknown>\n#6 0x55b012491ed7 <unknown>\n#7 0x55b012473203 <unknown>\n#8 0x55b012441cc0 <unknown>\n#9 0x55b012442c9e <unknown>\n#10 0x55b0128b7d0b <unknown>\n#11 0x55b0128bbc92 <unknown>\n#12 0x55b0128a4b3c <unknown>\n#13 0x55b0128bc807 <unknown>\n#14 0x55b01288a0df <unknown>\n#15 0x55b0128d9578 <unknown>\n#16 0x55b0128d9740 <unknown>\n#17 0x55b0128e9196 <unknown>\n#18 0x7f9e75a94ac3 <unknown>",
    "statusTrace" : "self = <tests.test_signup_page.test_signup_page.TestSignupPage object at 0x7f29a9491e80>\nsignup_page_open = <pages.signup_page.SignUpPage object at 0x7f29a94c5730>\ndriver = <selenium.webdriver.chrome.webdriver.WebDriver (session=\"490788beda9d6767f8a07c69b4a04d22\")>\n\n    @allure.title(\"1.3, 1.3.1, 1.15 Регистрация с корректными email и паролем и с согласием на подписку\")\n    @pytest.mark.smoke\n    def test_signup_with_correct_data_and_agree(self, signup_page_open, driver):\n        with allure.step('Заполнить поле email корректными данными'):\n            signup_page_open.put_data_to_email_field(email1)\n        with allure.step('Заполнить поле пароль сильным паролем'):\n            signup_page_open.put_data_to_password_field(password0)\n        with allure.step('Заполнить поле подтверждение пароля сильным паролем'):\n            signup_page_open.put_data_to_confirm_password_field(password0)\n        signup_page_open.check_pulsewave_policy_message().click()\n        signup_page_open.click_button_submit()\n        element = signup_page_open.get_send_invite_message()\n        with allure.step(f'Получено сообщение необходимости подтвердить регистрацию: \"{self.signup.INVITE_MSG}\"'):\n            assert element.text == self.signup.INVITE_MSG, 'Нет сообщения успеха'\n        time.sleep(15)\n        link = signup_page_open.get_confirm_signup_to_email(email1, password1)\n        driver.get(link)\n>       signup_page_open.click_button_submit()\n\ntests/test_signup_page/test_signup_page.py:37: \n_ _ _ _ _ _ _ _ _ _ _ _ _ _ _ _ _ _ _ _ _ _ _ _ _ _ _ _ _ _ _ _ _ _ _ _ _ _ _ _ \npages/signup_page.py:83: in click_button_submit\n    return self.element_is_visible(self.locator.SUBMIT_BUTTON).click()\npages/base_page.py:19: in element_is_visible\n    self.go_to_element(self.element_is_present(locator))\npages/base_page.py:35: in element_is_present\n    return Wait(self.driver, self.timeout).until(es.presence_of_element_located(locator))\n_ _ _ _ _ _ _ _ _ _ _ _ _ _ _ _ _ _ _ _ _ _ _ _ _ _ _ _ _ _ _ _ _ _ _ _ _ _ _ _ \n\nself = <selenium.webdriver.support.wait.WebDriverWait (session=\"490788beda9d6767f8a07c69b4a04d22\")>\nmethod = <function presence_of_element_located.<locals>._predicate at 0x7f29a7a423e0>\nmessage = ''\n\n    def until(self, method: Callable[[D], Union[Literal[False], T]], message: str = \"\") -> T:\n        \"\"\"Calls the method provided with the driver as an argument until the \\\n        return value does not evaluate to ``False``.\n    \n        :param method: callable(WebDriver)\n        :param message: optional message for :exc:`TimeoutException`\n        :returns: the result of the last call to `method`\n        :raises: :exc:`selenium.common.exceptions.TimeoutException` if timeout occurs\n        \"\"\"\n        screen = None\n        stacktrace = None\n    \n        end_time = time.monotonic() + self._timeout\n        while True:\n            try:\n                value = method(self._driver)\n                if value:\n                    return value\n            except self._ignored_exceptions as exc:\n                screen = getattr(exc, \"screen\", None)\n                stacktrace = getattr(exc, \"stacktrace\", None)\n            time.sleep(self._poll)\n            if time.monotonic() > end_time:\n                break\n>       raise TimeoutException(message, screen, stacktrace)\nE       selenium.common.exceptions.TimeoutException: Message: \nE       Stacktrace:\nE       #0 0x55b0128ea31a <unknown>\nE       #1 0x55b0124006e0 <unknown>\nE       #2 0x55b01244f3e6 <unknown>\nE       #3 0x55b01244f681 <unknown>\nE       #4 0x55b012494b04 <unknown>\nE       #5 0x55b01247348d <unknown>\nE       #6 0x55b012491ed7 <unknown>\nE       #7 0x55b012473203 <unknown>\nE       #8 0x55b012441cc0 <unknown>\nE       #9 0x55b012442c9e <unknown>\nE       #10 0x55b0128b7d0b <unknown>\nE       #11 0x55b0128bbc92 <unknown>\nE       #12 0x55b0128a4b3c <unknown>\nE       #13 0x55b0128bc807 <unknown>\nE       #14 0x55b01288a0df <unknown>\nE       #15 0x55b0128d9578 <unknown>\nE       #16 0x55b0128d9740 <unknown>\nE       #17 0x55b0128e9196 <unknown>\nE       #18 0x7f9e75a94ac3 <unknown>\n\n/opt/hostedtoolcache/Python/3.12.8/x64/lib/python3.12/site-packages/selenium/webdriver/support/wait.py:105: TimeoutException",
    "steps" : [ {
      "name" : "Заполнить поле email корректными данными",
      "time" : {
        "start" : 1734232314570,
        "stop" : 1734232314707,
        "duration" : 137
      },
      "status" : "passed",
      "steps" : [ ],
      "attachments" : [ ],
      "parameters" : [ ],
      "stepsCount" : 0,
      "attachmentsCount" : 0,
      "shouldDisplayMessage" : false,
      "hasContent" : false
    }, {
      "name" : "Заполнить поле пароль сильным паролем",
      "time" : {
        "start" : 1734232314707,
        "stop" : 1734232314786,
        "duration" : 79
      },
      "status" : "passed",
      "steps" : [ ],
      "attachments" : [ ],
      "parameters" : [ ],
      "stepsCount" : 0,
      "attachmentsCount" : 0,
      "shouldDisplayMessage" : false,
      "hasContent" : false
    }, {
      "name" : "Заполнить поле подтверждение пароля сильным паролем",
      "time" : {
        "start" : 1734232314786,
        "stop" : 1734232314847,
        "duration" : 61
      },
      "status" : "passed",
      "steps" : [ ],
      "attachments" : [ ],
      "parameters" : [ ],
      "stepsCount" : 0,
      "attachmentsCount" : 0,
      "shouldDisplayMessage" : false,
      "hasContent" : false
    }, {
      "name" : "Видимость сообщения: 'Я согласен получать новости и обновления PulseWave'",
      "time" : {
        "start" : 1734232314847,
        "stop" : 1734232314871,
        "duration" : 24
      },
      "status" : "passed",
      "steps" : [ ],
      "attachments" : [ ],
      "parameters" : [ ],
      "stepsCount" : 0,
      "attachmentsCount" : 0,
      "shouldDisplayMessage" : false,
      "hasContent" : false
    }, {
      "name" : "Подтвердить изменения'",
      "time" : {
        "start" : 1734232314915,
        "stop" : 1734232315049,
        "duration" : 134
      },
      "status" : "passed",
      "steps" : [ ],
      "attachments" : [ ],
      "parameters" : [ ],
      "stepsCount" : 0,
      "attachmentsCount" : 0,
      "shouldDisplayMessage" : false,
      "hasContent" : false
    }, {
      "name" : "Получено сообщения о подтверждении регистрации",
      "time" : {
        "start" : 1734232315049,
        "stop" : 1734232316613,
        "duration" : 1564
      },
      "status" : "passed",
      "steps" : [ ],
      "attachments" : [ ],
      "parameters" : [ ],
      "stepsCount" : 0,
      "attachmentsCount" : 0,
      "shouldDisplayMessage" : false,
      "hasContent" : false
    }, {
      "name" : "Получено сообщение необходимости подтвердить регистрацию: \"Регистрация\nМы отправили вам письмо на test_pulsewave0@mail.ru.\nДля подтверждения регистрации и активации учётной записи пройдите по ссылке в письме.\nПисьмо не пришло?\nПроверьте папку Спам и нажмите кнопку «Отправить повторно».\"",
      "time" : {
        "start" : 1734232316613,
        "stop" : 1734232316624,
        "duration" : 11
      },
      "status" : "passed",
      "steps" : [ ],
      "attachments" : [ ],
      "parameters" : [ ],
      "stepsCount" : 0,
      "attachmentsCount" : 0,
      "shouldDisplayMessage" : false,
      "hasContent" : false
    }, {
      "name" : "Получить ссылку подтверждения регистрации пользователя на емайл",
      "time" : {
        "start" : 1734232331624,
        "stop" : 1734232333491,
        "duration" : 1867
      },
      "status" : "passed",
      "steps" : [ ],
      "attachments" : [ ],
      "parameters" : [ ],
      "stepsCount" : 0,
      "attachmentsCount" : 0,
      "shouldDisplayMessage" : false,
      "hasContent" : false
    }, {
      "name" : "Подтвердить изменения'",
      "time" : {
        "start" : 1734232333707,
        "stop" : 1734232353762,
        "duration" : 20055
      },
      "status" : "broken",
      "statusMessage" : "selenium.common.exceptions.TimeoutException: Message: \nStacktrace:\n#0 0x55b0128ea31a <unknown>\n#1 0x55b0124006e0 <unknown>\n#2 0x55b01244f3e6 <unknown>\n#3 0x55b01244f681 <unknown>\n#4 0x55b012494b04 <unknown>\n#5 0x55b01247348d <unknown>\n#6 0x55b012491ed7 <unknown>\n#7 0x55b012473203 <unknown>\n#8 0x55b012441cc0 <unknown>\n#9 0x55b012442c9e <unknown>\n#10 0x55b0128b7d0b <unknown>\n#11 0x55b0128bbc92 <unknown>\n#12 0x55b0128a4b3c <unknown>\n#13 0x55b0128bc807 <unknown>\n#14 0x55b01288a0df <unknown>\n#15 0x55b0128d9578 <unknown>\n#16 0x55b0128d9740 <unknown>\n#17 0x55b0128e9196 <unknown>\n#18 0x7f9e75a94ac3 <unknown>\n\n",
      "statusTrace" : "  File \"/opt/hostedtoolcache/Python/3.12.8/x64/lib/python3.12/site-packages/allure_commons/_allure.py\", line 192, in impl\n    return func(*a, **kw)\n           ^^^^^^^^^^^^^^\n  File \"/home/runner/work/PulseWave/PulseWave/pages/signup_page.py\", line 83, in click_button_submit\n    return self.element_is_visible(self.locator.SUBMIT_BUTTON).click()\n           ^^^^^^^^^^^^^^^^^^^^^^^^^^^^^^^^^^^^^^^^^^^^^^^^^^^\n  File \"/home/runner/work/PulseWave/PulseWave/pages/base_page.py\", line 19, in element_is_visible\n    self.go_to_element(self.element_is_present(locator))\n                       ^^^^^^^^^^^^^^^^^^^^^^^^^^^^^^^^\n  File \"/home/runner/work/PulseWave/PulseWave/pages/base_page.py\", line 35, in element_is_present\n    return Wait(self.driver, self.timeout).until(es.presence_of_element_located(locator))\n           ^^^^^^^^^^^^^^^^^^^^^^^^^^^^^^^^^^^^^^^^^^^^^^^^^^^^^^^^^^^^^^^^^^^^^^^^^^^^^^\n  File \"/opt/hostedtoolcache/Python/3.12.8/x64/lib/python3.12/site-packages/selenium/webdriver/support/wait.py\", line 105, in until\n    raise TimeoutException(message, screen, stacktrace)\n",
      "steps" : [ ],
      "attachments" : [ ],
      "parameters" : [ ],
      "stepsCount" : 0,
      "attachmentsCount" : 0,
      "shouldDisplayMessage" : true,
      "hasContent" : true
    } ],
    "attachments" : [ {
      "uid" : "e2aa5d76dc1255d3",
      "name" : "Screenshot",
      "source" : "e2aa5d76dc1255d3.png",
      "type" : "image/png",
      "size" : 82508
    }, {
      "uid" : "32ac0018fae73398",
      "name" : "HTML source",
      "source" : "32ac0018fae73398.html",
      "type" : "text/html",
      "size" : 176181
    } ],
    "parameters" : [ ],
    "stepsCount" : 9,
    "attachmentsCount" : 2,
    "shouldDisplayMessage" : true,
    "hasContent" : true
  },
  "afterStages" : [ {
    "name" : "driver::0",
    "time" : {
      "start" : 1734232353918,
      "stop" : 1734232353991,
      "duration" : 73
    },
    "status" : "passed",
    "steps" : [ ],
    "attachments" : [ ],
    "parameters" : [ ],
    "stepsCount" : 0,
    "attachmentsCount" : 0,
    "shouldDisplayMessage" : false,
    "hasContent" : false
  } ],
  "labels" : [ {
    "name" : "epic",
    "value" : "Тестирование страницы 'Регистрация'"
  }, {
    "name" : "tag",
    "value" : "smoke"
  }, {
    "name" : "parentSuite",
    "value" : "tests.test_signup_page"
  }, {
    "name" : "suite",
    "value" : "test_signup_page"
  }, {
    "name" : "subSuite",
    "value" : "TestSignupPage"
  }, {
    "name" : "host",
    "value" : "fv-az849-670"
  }, {
    "name" : "thread",
    "value" : "2264-MainThread"
  }, {
    "name" : "framework",
    "value" : "pytest"
  }, {
    "name" : "language",
    "value" : "cpython3"
  }, {
    "name" : "package",
    "value" : "tests.test_signup_page.test_signup_page"
  }, {
    "name" : "resultFormat",
    "value" : "allure2"
  } ],
  "parameters" : [ {
    "name" : "browser",
    "value" : "'chrome'"
  } ],
  "links" : [ ],
  "hidden" : false,
  "retry" : false,
  "extra" : {
    "severity" : "normal",
    "retries" : [ ],
    "categories" : [ {
      "name" : "Test defects",
      "matchedStatuses" : [ ],
      "flaky" : false
    } ],
    "history" : {
      "statistic" : {
        "failed" : 0,
        "broken" : 26,
        "skipped" : 30,
        "passed" : 215,
        "unknown" : 0,
        "total" : 271
      },
      "items" : [ {
        "uid" : "62875f7f3794fa8a",
        "reportUrl" : "https://Nat754.github.io/PulseWave/238//#testresult/62875f7f3794fa8a",
        "status" : "passed",
        "time" : {
          "start" : 1734145449504,
          "stop" : 1734145473307,
          "duration" : 23803
        }
      }, {
        "uid" : "5dd9fa1c304f5faa",
        "reportUrl" : "https://Nat754.github.io/PulseWave/237//#testresult/5dd9fa1c304f5faa",
        "status" : "passed",
        "time" : {
          "start" : 1734059316697,
          "stop" : 1734059338962,
          "duration" : 22265
        }
      }, {
        "uid" : "fe5ef7db3835cad6",
        "reportUrl" : "https://Nat754.github.io/PulseWave/236//#testresult/fe5ef7db3835cad6",
        "status" : "passed",
        "time" : {
          "start" : 1733972926581,
          "stop" : 1733972949666,
          "duration" : 23085
        }
      }, {
        "uid" : "d9ef4a9110de2f2f",
        "reportUrl" : "https://Nat754.github.io/PulseWave/235//#testresult/d9ef4a9110de2f2f",
        "status" : "passed",
        "time" : {
          "start" : 1733887615558,
          "stop" : 1733887637444,
          "duration" : 21886
        }
      }, {
        "uid" : "1f1e9f7df368fef0",
        "reportUrl" : "https://Nat754.github.io/PulseWave/235//#testresult/1f1e9f7df368fef0",
        "status" : "passed",
        "time" : {
          "start" : 1733886357516,
          "stop" : 1733886380200,
          "duration" : 22684
        }
      }, {
        "uid" : "513567ac7fc8cc6a",
        "reportUrl" : "https://Nat754.github.io/PulseWave/234//#testresult/513567ac7fc8cc6a",
        "status" : "passed",
        "time" : {
          "start" : 1733800153412,
          "stop" : 1733800175850,
          "duration" : 22438
        }
      }, {
        "uid" : "dae469951a09a9f1",
        "reportUrl" : "https://Nat754.github.io/PulseWave/233//#testresult/dae469951a09a9f1",
        "status" : "passed",
        "time" : {
          "start" : 1733713803190,
          "stop" : 1733713825617,
          "duration" : 22427
        }
      }, {
        "uid" : "641ad86072f67b26",
        "reportUrl" : "https://Nat754.github.io/PulseWave/232//#testresult/641ad86072f67b26",
        "status" : "passed",
        "time" : {
          "start" : 1733627514429,
          "stop" : 1733627536561,
          "duration" : 22132
        }
      }, {
        "uid" : "ad44ebe386e9381",
        "reportUrl" : "https://Nat754.github.io/PulseWave/231//#testresult/ad44ebe386e9381",
        "status" : "passed",
        "time" : {
          "start" : 1733540682373,
          "stop" : 1733540704654,
          "duration" : 22281
        }
      }, {
        "uid" : "47762bc0887bb30f",
        "reportUrl" : "https://Nat754.github.io/PulseWave/230//#testresult/47762bc0887bb30f",
        "status" : "passed",
        "time" : {
          "start" : 1733454361414,
          "stop" : 1733454383270,
          "duration" : 21856
        }
      }, {
        "uid" : "84d09815c007865a",
        "reportUrl" : "https://Nat754.github.io/PulseWave/229//#testresult/84d09815c007865a",
        "status" : "passed",
        "time" : {
          "start" : 1733368069543,
          "stop" : 1733368092123,
          "duration" : 22580
        }
      }, {
        "uid" : "b068c0aadb8ee06f",
        "reportUrl" : "https://Nat754.github.io/PulseWave/228//#testresult/b068c0aadb8ee06f",
        "status" : "passed",
        "time" : {
          "start" : 1733281631742,
          "stop" : 1733281654000,
          "duration" : 22258
        }
      }, {
        "uid" : "e61978f0d3dfa3d5",
        "reportUrl" : "https://Nat754.github.io/PulseWave/227//#testresult/e61978f0d3dfa3d5",
        "status" : "passed",
        "time" : {
          "start" : 1733195459526,
          "stop" : 1733195483589,
          "duration" : 24063
        }
      }, {
        "uid" : "a59b77de8c1e3361",
        "reportUrl" : "https://Nat754.github.io/PulseWave/227//#testresult/a59b77de8c1e3361",
        "status" : "passed",
        "time" : {
          "start" : 1733142494946,
          "stop" : 1733142517599,
          "duration" : 22653
        }
      }, {
        "uid" : "dd2d2bb5ef64a72a",
        "reportUrl" : "https://Nat754.github.io/PulseWave/226//#testresult/dd2d2bb5ef64a72a",
        "status" : "passed",
        "time" : {
          "start" : 1733108923133,
          "stop" : 1733108944880,
          "duration" : 21747
        }
      }, {
        "uid" : "ffbb2c36322f19ce",
        "reportUrl" : "https://Nat754.github.io/PulseWave/225//#testresult/ffbb2c36322f19ce",
        "status" : "passed",
        "time" : {
          "start" : 1733023125113,
          "stop" : 1733023147171,
          "duration" : 22058
        }
      }, {
        "uid" : "dae400a7357f76bb",
        "reportUrl" : "https://Nat754.github.io/PulseWave/224//#testresult/dae400a7357f76bb",
        "status" : "passed",
        "time" : {
          "start" : 1732935550721,
          "stop" : 1732935573675,
          "duration" : 22954
        }
      }, {
        "uid" : "4f8f37b7a5dc4c89",
        "reportUrl" : "https://Nat754.github.io/PulseWave/223//#testresult/4f8f37b7a5dc4c89",
        "status" : "passed",
        "time" : {
          "start" : 1732849533281,
          "stop" : 1732849556103,
          "duration" : 22822
        }
      }, {
        "uid" : "59bdfbc2edf1ee1c",
        "reportUrl" : "https://Nat754.github.io/PulseWave/222//#testresult/59bdfbc2edf1ee1c",
        "status" : "passed",
        "time" : {
          "start" : 1732763215762,
          "stop" : 1732763240041,
          "duration" : 24279
        }
      }, {
        "uid" : "1d8ff0a0c37367e8",
        "reportUrl" : "https://Nat754.github.io/PulseWave/221//#testresult/1d8ff0a0c37367e8",
        "status" : "passed",
        "time" : {
          "start" : 1732676753000,
          "stop" : 1732676776423,
          "duration" : 23423
        }
      } ]
    },
    "tags" : [ "smoke" ]
  },
  "source" : "24149e254a8ef1a1.json",
  "parameterValues" : [ "'chrome'" ]
}