{
  "uid" : "f32aa147c3fbd0ec",
  "name" : "H.8 Проверка цвета шрифта кнопки 'Регистрация в хедере https://app.dev.pulsewave.ru/auth/login'",
  "fullName" : "tests.ui_tests.header_test.TestHeader#test_get_css_property_header_auth_signup",
  "historyId" : "91bba1232f9f086988fc904e15b685f3",
  "time" : {
    "start" : 1755469116058,
    "stop" : 1755469176434,
    "duration" : 60376
  },
  "status" : "skipped",
  "statusMessage" : "XFAIL\n\nselenium.common.exceptions.TimeoutException: Message: \nStacktrace:\n#0 0x5599b1f3b05a <unknown>\n#1 0x5599b19daa70 <unknown>\n#2 0x5599b1a2c907 <unknown>\n#3 0x5599b1a2cb01 <unknown>\n#4 0x5599b1a7ad54 <unknown>\n#5 0x5599b1a5240d <unknown>\n#6 0x5599b1a7814f <unknown>\n#7 0x5599b1a521b3 <unknown>\n#8 0x5599b1a1e59b <unknown>\n#9 0x5599b1a1f971 <unknown>\n#10 0x5599b1f0022b <unknown>\n#11 0x5599b1f03f79 <unknown>\n#12 0x5599b1ee7309 <unknown>\n#13 0x5599b1f04b28 <unknown>\n#14 0x5599b1ecbbef <unknown>\n#15 0x5599b1f280e8 <unknown>\n#16 0x5599b1f282c6 <unknown>\n#17 0x5599b1f3a036 <unknown>\n#18 0x7f545d69caa4 <unknown>\n#19 0x7f545d729c3c <unknown>",
  "statusTrace" : "self = <tests.ui_tests.header_test.TestHeader object at 0x7f049d1ba2a0>\nheader_open = <pages.header.HeaderPage object at 0x7f049d1e74a0>\ncss_property = 'color', figma = 'rgba(66, 66, 66, 1)', name = 'цвета шрифта'\nurl = 'https://app.dev.pulsewave.ru/auth/login'\n\n    @pytest.mark.xfail\n    @pytest.mark.parametrize('url', [link.LOGIN_PAGE, link.PASSWORD_RECOVERY])\n    @pytest.mark.parametrize('css_property, figma, name', const.CHECK_BUTTON)\n    @pytest.mark.regress\n    def test_get_css_property_header_auth_signup(self, header_open, css_property, figma, name, url):\n        allure.dynamic.title(f\"H.8 Проверка {name} кнопки '{self.const.TEXT_SIGNUP} в хедере {url}'\")\n>       element = header_open.get_header_auth_login()\n\ntests/ui_tests/header_test.py:85: \n_ _ _ _ _ _ _ _ _ _ _ _ _ _ _ _ _ _ _ _ _ _ _ _ _ _ _ _ _ _ _ _ _ _ _ _ _ _ _ _ \npages/header.py:23: in get_header_auth_login\n    return self.element_is_visible(self.locator.AUTH_LOGIN)\npages/base_page.py:20: in element_is_visible\n    element = self.element_is_present(locator)\npages/base_page.py:39: in element_is_present\n    return Wait(self.driver, self.timeout).until(es.presence_of_element_located(locator))\n_ _ _ _ _ _ _ _ _ _ _ _ _ _ _ _ _ _ _ _ _ _ _ _ _ _ _ _ _ _ _ _ _ _ _ _ _ _ _ _ \n\nself = <selenium.webdriver.support.wait.WebDriverWait (session=\"cc609c2844d7713e5bfd51586d6b138b\")>\nmethod = <function presence_of_element_located.<locals>._predicate at 0x7f049b68c4a0>\nmessage = ''\n\n    def until(self, method: Callable[[D], Union[Literal[False], T]], message: str = \"\") -> T:\n        \"\"\"Calls the method provided with the driver as an argument until the \\\n        return value does not evaluate to ``False``.\n    \n        :param method: callable(WebDriver)\n        :param message: optional message for :exc:`TimeoutException`\n        :returns: the result of the last call to `method`\n        :raises: :exc:`selenium.common.exceptions.TimeoutException` if timeout occurs\n        \"\"\"\n        screen = None\n        stacktrace = None\n    \n        end_time = time.monotonic() + self._timeout\n        while True:\n            try:\n                value = method(self._driver)\n                if value:\n                    return value\n            except self._ignored_exceptions as exc:\n                screen = getattr(exc, \"screen\", None)\n                stacktrace = getattr(exc, \"stacktrace\", None)\n            time.sleep(self._poll)\n            if time.monotonic() > end_time:\n                break\n>       raise TimeoutException(message, screen, stacktrace)\nE       selenium.common.exceptions.TimeoutException: Message: \nE       Stacktrace:\nE       #0 0x5599b1f3b05a <unknown>\nE       #1 0x5599b19daa70 <unknown>\nE       #2 0x5599b1a2c907 <unknown>\nE       #3 0x5599b1a2cb01 <unknown>\nE       #4 0x5599b1a7ad54 <unknown>\nE       #5 0x5599b1a5240d <unknown>\nE       #6 0x5599b1a7814f <unknown>\nE       #7 0x5599b1a521b3 <unknown>\nE       #8 0x5599b1a1e59b <unknown>\nE       #9 0x5599b1a1f971 <unknown>\nE       #10 0x5599b1f0022b <unknown>\nE       #11 0x5599b1f03f79 <unknown>\nE       #12 0x5599b1ee7309 <unknown>\nE       #13 0x5599b1f04b28 <unknown>\nE       #14 0x5599b1ecbbef <unknown>\nE       #15 0x5599b1f280e8 <unknown>\nE       #16 0x5599b1f282c6 <unknown>\nE       #17 0x5599b1f3a036 <unknown>\nE       #18 0x7f545d69caa4 <unknown>\nE       #19 0x7f545d729c3c <unknown>\n\n/opt/hostedtoolcache/Python/3.12.11/x64/lib/python3.12/site-packages/selenium/webdriver/support/wait.py:105: TimeoutException",
  "flaky" : false,
  "newFailed" : false,
  "beforeStages" : [ {
    "name" : "clear_allure_result_folder",
    "time" : {
      "start" : 1755464052906,
      "stop" : 1755464052906,
      "duration" : 0
    },
    "status" : "passed",
    "steps" : [ ],
    "attachments" : [ ],
    "parameters" : [ ],
    "stepsCount" : 0,
    "attachmentsCount" : 0,
    "shouldDisplayMessage" : false,
    "hasContent" : false
  }, {
    "name" : "driver",
    "time" : {
      "start" : 1755469052170,
      "stop" : 1755469052433,
      "duration" : 263
    },
    "status" : "passed",
    "steps" : [ ],
    "attachments" : [ ],
    "parameters" : [ ],
    "stepsCount" : 0,
    "attachmentsCount" : 0,
    "shouldDisplayMessage" : false,
    "hasContent" : false
  }, {
    "name" : "_session_faker",
    "time" : {
      "start" : 1755464052890,
      "stop" : 1755464052906,
      "duration" : 16
    },
    "status" : "passed",
    "steps" : [ ],
    "attachments" : [ ],
    "parameters" : [ ],
    "stepsCount" : 0,
    "attachmentsCount" : 0,
    "shouldDisplayMessage" : false,
    "hasContent" : false
  }, {
    "name" : "header_open",
    "time" : {
      "start" : 1755469052434,
      "stop" : 1755469116057,
      "duration" : 63623
    },
    "status" : "passed",
    "steps" : [ {
      "name" : "Открыть страницу 'https://app.dev.pulsewave.ru/auth/login'",
      "time" : {
        "start" : 1755469052434,
        "stop" : 1755469116057,
        "duration" : 63623
      },
      "status" : "passed",
      "steps" : [ {
        "name" : "Согласиться с использованием файлов cookies, если высветилось окно",
        "time" : {
          "start" : 1755469055789,
          "stop" : 1755469116057,
          "duration" : 60268
        },
        "status" : "passed",
        "steps" : [ {
          "name" : "Получить кнопку 'Принимаю всё' в сообщении о принятии файлов cookie на Главной странице",
          "time" : {
            "start" : 1755469055789,
            "stop" : 1755469116057,
            "duration" : 60268
          },
          "status" : "broken",
          "statusMessage" : "selenium.common.exceptions.TimeoutException: Message: \nStacktrace:\n#0 0x5599b1f3b05a <unknown>\n#1 0x5599b19daa70 <unknown>\n#2 0x5599b1a2c907 <unknown>\n#3 0x5599b1a2cb01 <unknown>\n#4 0x5599b1a7ad54 <unknown>\n#5 0x5599b1a5240d <unknown>\n#6 0x5599b1a7814f <unknown>\n#7 0x5599b1a521b3 <unknown>\n#8 0x5599b1a1e59b <unknown>\n#9 0x5599b1a1f971 <unknown>\n#10 0x5599b1f0022b <unknown>\n#11 0x5599b1f03f79 <unknown>\n#12 0x5599b1ee7309 <unknown>\n#13 0x5599b1f04b28 <unknown>\n#14 0x5599b1ecbbef <unknown>\n#15 0x5599b1f280e8 <unknown>\n#16 0x5599b1f282c6 <unknown>\n#17 0x5599b1f3a036 <unknown>\n#18 0x7f545d69caa4 <unknown>\n#19 0x7f545d729c3c <unknown>\n\n",
          "statusTrace" : "  File \"/opt/hostedtoolcache/Python/3.12.11/x64/lib/python3.12/site-packages/allure_commons/_allure.py\", line 192, in impl\n    return func(*a, **kw)\n           ^^^^^^^^^^^^^^\n  File \"/home/runner/work/PulseWave/PulseWave/pages/footer.py\", line 39, in get_allow_all_cookies\n    button_text = self.element_is_visible(self.locator.ALLOW_ALL_COOKIES)\n                  ^^^^^^^^^^^^^^^^^^^^^^^^^^^^^^^^^^^^^^^^^^^^^^^^^^^^^^^\n  File \"/opt/hostedtoolcache/Python/3.12.11/x64/lib/python3.12/site-packages/allure_commons/_allure.py\", line 192, in impl\n    return func(*a, **kw)\n           ^^^^^^^^^^^^^^\n  File \"/home/runner/work/PulseWave/PulseWave/pages/base_page.py\", line 20, in element_is_visible\n    element = self.element_is_present(locator)\n              ^^^^^^^^^^^^^^^^^^^^^^^^^^^^^^^^\n  File \"/opt/hostedtoolcache/Python/3.12.11/x64/lib/python3.12/site-packages/allure_commons/_allure.py\", line 192, in impl\n    return func(*a, **kw)\n           ^^^^^^^^^^^^^^\n  File \"/home/runner/work/PulseWave/PulseWave/pages/base_page.py\", line 39, in element_is_present\n    return Wait(self.driver, self.timeout).until(es.presence_of_element_located(locator))\n           ^^^^^^^^^^^^^^^^^^^^^^^^^^^^^^^^^^^^^^^^^^^^^^^^^^^^^^^^^^^^^^^^^^^^^^^^^^^^^^\n  File \"/opt/hostedtoolcache/Python/3.12.11/x64/lib/python3.12/site-packages/selenium/webdriver/support/wait.py\", line 105, in until\n    raise TimeoutException(message, screen, stacktrace)\n",
          "steps" : [ {
            "name" : "Проверить видимость элемента",
            "time" : {
              "start" : 1755469055789,
              "stop" : 1755469116056,
              "duration" : 60267
            },
            "status" : "broken",
            "statusMessage" : "selenium.common.exceptions.TimeoutException: Message: \nStacktrace:\n#0 0x5599b1f3b05a <unknown>\n#1 0x5599b19daa70 <unknown>\n#2 0x5599b1a2c907 <unknown>\n#3 0x5599b1a2cb01 <unknown>\n#4 0x5599b1a7ad54 <unknown>\n#5 0x5599b1a5240d <unknown>\n#6 0x5599b1a7814f <unknown>\n#7 0x5599b1a521b3 <unknown>\n#8 0x5599b1a1e59b <unknown>\n#9 0x5599b1a1f971 <unknown>\n#10 0x5599b1f0022b <unknown>\n#11 0x5599b1f03f79 <unknown>\n#12 0x5599b1ee7309 <unknown>\n#13 0x5599b1f04b28 <unknown>\n#14 0x5599b1ecbbef <unknown>\n#15 0x5599b1f280e8 <unknown>\n#16 0x5599b1f282c6 <unknown>\n#17 0x5599b1f3a036 <unknown>\n#18 0x7f545d69caa4 <unknown>\n#19 0x7f545d729c3c <unknown>\n\n",
            "statusTrace" : "  File \"/opt/hostedtoolcache/Python/3.12.11/x64/lib/python3.12/site-packages/allure_commons/_allure.py\", line 192, in impl\n    return func(*a, **kw)\n           ^^^^^^^^^^^^^^\n  File \"/home/runner/work/PulseWave/PulseWave/pages/base_page.py\", line 20, in element_is_visible\n    element = self.element_is_present(locator)\n              ^^^^^^^^^^^^^^^^^^^^^^^^^^^^^^^^\n  File \"/opt/hostedtoolcache/Python/3.12.11/x64/lib/python3.12/site-packages/allure_commons/_allure.py\", line 192, in impl\n    return func(*a, **kw)\n           ^^^^^^^^^^^^^^\n  File \"/home/runner/work/PulseWave/PulseWave/pages/base_page.py\", line 39, in element_is_present\n    return Wait(self.driver, self.timeout).until(es.presence_of_element_located(locator))\n           ^^^^^^^^^^^^^^^^^^^^^^^^^^^^^^^^^^^^^^^^^^^^^^^^^^^^^^^^^^^^^^^^^^^^^^^^^^^^^^\n  File \"/opt/hostedtoolcache/Python/3.12.11/x64/lib/python3.12/site-packages/selenium/webdriver/support/wait.py\", line 105, in until\n    raise TimeoutException(message, screen, stacktrace)\n",
            "steps" : [ {
              "name" : "Проверить присутствие элемента в DOM",
              "time" : {
                "start" : 1755469055789,
                "stop" : 1755469116056,
                "duration" : 60267
              },
              "status" : "broken",
              "statusMessage" : "selenium.common.exceptions.TimeoutException: Message: \nStacktrace:\n#0 0x5599b1f3b05a <unknown>\n#1 0x5599b19daa70 <unknown>\n#2 0x5599b1a2c907 <unknown>\n#3 0x5599b1a2cb01 <unknown>\n#4 0x5599b1a7ad54 <unknown>\n#5 0x5599b1a5240d <unknown>\n#6 0x5599b1a7814f <unknown>\n#7 0x5599b1a521b3 <unknown>\n#8 0x5599b1a1e59b <unknown>\n#9 0x5599b1a1f971 <unknown>\n#10 0x5599b1f0022b <unknown>\n#11 0x5599b1f03f79 <unknown>\n#12 0x5599b1ee7309 <unknown>\n#13 0x5599b1f04b28 <unknown>\n#14 0x5599b1ecbbef <unknown>\n#15 0x5599b1f280e8 <unknown>\n#16 0x5599b1f282c6 <unknown>\n#17 0x5599b1f3a036 <unknown>\n#18 0x7f545d69caa4 <unknown>\n#19 0x7f545d729c3c <unknown>\n\n",
              "statusTrace" : "  File \"/opt/hostedtoolcache/Python/3.12.11/x64/lib/python3.12/site-packages/allure_commons/_allure.py\", line 192, in impl\n    return func(*a, **kw)\n           ^^^^^^^^^^^^^^\n  File \"/home/runner/work/PulseWave/PulseWave/pages/base_page.py\", line 39, in element_is_present\n    return Wait(self.driver, self.timeout).until(es.presence_of_element_located(locator))\n           ^^^^^^^^^^^^^^^^^^^^^^^^^^^^^^^^^^^^^^^^^^^^^^^^^^^^^^^^^^^^^^^^^^^^^^^^^^^^^^\n  File \"/opt/hostedtoolcache/Python/3.12.11/x64/lib/python3.12/site-packages/selenium/webdriver/support/wait.py\", line 105, in until\n    raise TimeoutException(message, screen, stacktrace)\n",
              "steps" : [ ],
              "attachments" : [ ],
              "parameters" : [ {
                "name" : "locator",
                "value" : "('css selector', '.cookies__body .button__small')"
              } ],
              "stepsCount" : 0,
              "attachmentsCount" : 0,
              "shouldDisplayMessage" : true,
              "hasContent" : true
            } ],
            "attachments" : [ ],
            "parameters" : [ {
              "name" : "locator",
              "value" : "('css selector', '.cookies__body .button__small')"
            } ],
            "stepsCount" : 1,
            "attachmentsCount" : 0,
            "shouldDisplayMessage" : false,
            "hasContent" : true
          } ],
          "attachments" : [ ],
          "parameters" : [ ],
          "stepsCount" : 2,
          "attachmentsCount" : 0,
          "shouldDisplayMessage" : false,
          "hasContent" : true
        } ],
        "attachments" : [ ],
        "parameters" : [ {
          "name" : "driver",
          "value" : "<selenium.webdriver.chrome.webdriver.WebDriver (session=\"cc609c2844d7713e5bfd51586d6b138b\")>"
        } ],
        "stepsCount" : 3,
        "attachmentsCount" : 0,
        "shouldDisplayMessage" : false,
        "hasContent" : true
      } ],
      "attachments" : [ ],
      "parameters" : [ ],
      "stepsCount" : 4,
      "attachmentsCount" : 0,
      "shouldDisplayMessage" : false,
      "hasContent" : true
    } ],
    "attachments" : [ ],
    "parameters" : [ ],
    "stepsCount" : 5,
    "attachmentsCount" : 0,
    "shouldDisplayMessage" : false,
    "hasContent" : true
  } ],
  "testStage" : {
    "status" : "skipped",
    "statusMessage" : "XFAIL\n\nselenium.common.exceptions.TimeoutException: Message: \nStacktrace:\n#0 0x5599b1f3b05a <unknown>\n#1 0x5599b19daa70 <unknown>\n#2 0x5599b1a2c907 <unknown>\n#3 0x5599b1a2cb01 <unknown>\n#4 0x5599b1a7ad54 <unknown>\n#5 0x5599b1a5240d <unknown>\n#6 0x5599b1a7814f <unknown>\n#7 0x5599b1a521b3 <unknown>\n#8 0x5599b1a1e59b <unknown>\n#9 0x5599b1a1f971 <unknown>\n#10 0x5599b1f0022b <unknown>\n#11 0x5599b1f03f79 <unknown>\n#12 0x5599b1ee7309 <unknown>\n#13 0x5599b1f04b28 <unknown>\n#14 0x5599b1ecbbef <unknown>\n#15 0x5599b1f280e8 <unknown>\n#16 0x5599b1f282c6 <unknown>\n#17 0x5599b1f3a036 <unknown>\n#18 0x7f545d69caa4 <unknown>\n#19 0x7f545d729c3c <unknown>",
    "statusTrace" : "self = <tests.ui_tests.header_test.TestHeader object at 0x7f049d1ba2a0>\nheader_open = <pages.header.HeaderPage object at 0x7f049d1e74a0>\ncss_property = 'color', figma = 'rgba(66, 66, 66, 1)', name = 'цвета шрифта'\nurl = 'https://app.dev.pulsewave.ru/auth/login'\n\n    @pytest.mark.xfail\n    @pytest.mark.parametrize('url', [link.LOGIN_PAGE, link.PASSWORD_RECOVERY])\n    @pytest.mark.parametrize('css_property, figma, name', const.CHECK_BUTTON)\n    @pytest.mark.regress\n    def test_get_css_property_header_auth_signup(self, header_open, css_property, figma, name, url):\n        allure.dynamic.title(f\"H.8 Проверка {name} кнопки '{self.const.TEXT_SIGNUP} в хедере {url}'\")\n>       element = header_open.get_header_auth_login()\n\ntests/ui_tests/header_test.py:85: \n_ _ _ _ _ _ _ _ _ _ _ _ _ _ _ _ _ _ _ _ _ _ _ _ _ _ _ _ _ _ _ _ _ _ _ _ _ _ _ _ \npages/header.py:23: in get_header_auth_login\n    return self.element_is_visible(self.locator.AUTH_LOGIN)\npages/base_page.py:20: in element_is_visible\n    element = self.element_is_present(locator)\npages/base_page.py:39: in element_is_present\n    return Wait(self.driver, self.timeout).until(es.presence_of_element_located(locator))\n_ _ _ _ _ _ _ _ _ _ _ _ _ _ _ _ _ _ _ _ _ _ _ _ _ _ _ _ _ _ _ _ _ _ _ _ _ _ _ _ \n\nself = <selenium.webdriver.support.wait.WebDriverWait (session=\"cc609c2844d7713e5bfd51586d6b138b\")>\nmethod = <function presence_of_element_located.<locals>._predicate at 0x7f049b68c4a0>\nmessage = ''\n\n    def until(self, method: Callable[[D], Union[Literal[False], T]], message: str = \"\") -> T:\n        \"\"\"Calls the method provided with the driver as an argument until the \\\n        return value does not evaluate to ``False``.\n    \n        :param method: callable(WebDriver)\n        :param message: optional message for :exc:`TimeoutException`\n        :returns: the result of the last call to `method`\n        :raises: :exc:`selenium.common.exceptions.TimeoutException` if timeout occurs\n        \"\"\"\n        screen = None\n        stacktrace = None\n    \n        end_time = time.monotonic() + self._timeout\n        while True:\n            try:\n                value = method(self._driver)\n                if value:\n                    return value\n            except self._ignored_exceptions as exc:\n                screen = getattr(exc, \"screen\", None)\n                stacktrace = getattr(exc, \"stacktrace\", None)\n            time.sleep(self._poll)\n            if time.monotonic() > end_time:\n                break\n>       raise TimeoutException(message, screen, stacktrace)\nE       selenium.common.exceptions.TimeoutException: Message: \nE       Stacktrace:\nE       #0 0x5599b1f3b05a <unknown>\nE       #1 0x5599b19daa70 <unknown>\nE       #2 0x5599b1a2c907 <unknown>\nE       #3 0x5599b1a2cb01 <unknown>\nE       #4 0x5599b1a7ad54 <unknown>\nE       #5 0x5599b1a5240d <unknown>\nE       #6 0x5599b1a7814f <unknown>\nE       #7 0x5599b1a521b3 <unknown>\nE       #8 0x5599b1a1e59b <unknown>\nE       #9 0x5599b1a1f971 <unknown>\nE       #10 0x5599b1f0022b <unknown>\nE       #11 0x5599b1f03f79 <unknown>\nE       #12 0x5599b1ee7309 <unknown>\nE       #13 0x5599b1f04b28 <unknown>\nE       #14 0x5599b1ecbbef <unknown>\nE       #15 0x5599b1f280e8 <unknown>\nE       #16 0x5599b1f282c6 <unknown>\nE       #17 0x5599b1f3a036 <unknown>\nE       #18 0x7f545d69caa4 <unknown>\nE       #19 0x7f545d729c3c <unknown>\n\n/opt/hostedtoolcache/Python/3.12.11/x64/lib/python3.12/site-packages/selenium/webdriver/support/wait.py:105: TimeoutException",
    "steps" : [ {
      "name" : "Проверка видимости кнопки 'Войти' в хэдере",
      "time" : {
        "start" : 1755469116058,
        "stop" : 1755469176434,
        "duration" : 60376
      },
      "status" : "broken",
      "statusMessage" : "selenium.common.exceptions.TimeoutException: Message: \nStacktrace:\n#0 0x5599b1f3b05a <unknown>\n#1 0x5599b19daa70 <unknown>\n#2 0x5599b1a2c907 <unknown>\n#3 0x5599b1a2cb01 <unknown>\n#4 0x5599b1a7ad54 <unknown>\n#5 0x5599b1a5240d <unknown>\n#6 0x5599b1a7814f <unknown>\n#7 0x5599b1a521b3 <unknown>\n#8 0x5599b1a1e59b <unknown>\n#9 0x5599b1a1f971 <unknown>\n#10 0x5599b1f0022b <unknown>\n#11 0x5599b1f03f79 <unknown>\n#12 0x5599b1ee7309 <unknown>\n#13 0x5599b1f04b28 <unknown>\n#14 0x5599b1ecbbef <unknown>\n#15 0x5599b1f280e8 <unknown>\n#16 0x5599b1f282c6 <unknown>\n#17 0x5599b1f3a036 <unknown>\n#18 0x7f545d69caa4 <unknown>\n#19 0x7f545d729c3c <unknown>\n\n",
      "statusTrace" : "  File \"/opt/hostedtoolcache/Python/3.12.11/x64/lib/python3.12/site-packages/allure_commons/_allure.py\", line 192, in impl\n    return func(*a, **kw)\n           ^^^^^^^^^^^^^^\n  File \"/home/runner/work/PulseWave/PulseWave/pages/header.py\", line 23, in get_header_auth_login\n    return self.element_is_visible(self.locator.AUTH_LOGIN)\n           ^^^^^^^^^^^^^^^^^^^^^^^^^^^^^^^^^^^^^^^^^^^^^^^^\n  File \"/opt/hostedtoolcache/Python/3.12.11/x64/lib/python3.12/site-packages/allure_commons/_allure.py\", line 192, in impl\n    return func(*a, **kw)\n           ^^^^^^^^^^^^^^\n  File \"/home/runner/work/PulseWave/PulseWave/pages/base_page.py\", line 20, in element_is_visible\n    element = self.element_is_present(locator)\n              ^^^^^^^^^^^^^^^^^^^^^^^^^^^^^^^^\n  File \"/opt/hostedtoolcache/Python/3.12.11/x64/lib/python3.12/site-packages/allure_commons/_allure.py\", line 192, in impl\n    return func(*a, **kw)\n           ^^^^^^^^^^^^^^\n  File \"/home/runner/work/PulseWave/PulseWave/pages/base_page.py\", line 39, in element_is_present\n    return Wait(self.driver, self.timeout).until(es.presence_of_element_located(locator))\n           ^^^^^^^^^^^^^^^^^^^^^^^^^^^^^^^^^^^^^^^^^^^^^^^^^^^^^^^^^^^^^^^^^^^^^^^^^^^^^^\n  File \"/opt/hostedtoolcache/Python/3.12.11/x64/lib/python3.12/site-packages/selenium/webdriver/support/wait.py\", line 105, in until\n    raise TimeoutException(message, screen, stacktrace)\n",
      "steps" : [ {
        "name" : "Проверить видимость элемента",
        "time" : {
          "start" : 1755469116058,
          "stop" : 1755469176434,
          "duration" : 60376
        },
        "status" : "broken",
        "statusMessage" : "selenium.common.exceptions.TimeoutException: Message: \nStacktrace:\n#0 0x5599b1f3b05a <unknown>\n#1 0x5599b19daa70 <unknown>\n#2 0x5599b1a2c907 <unknown>\n#3 0x5599b1a2cb01 <unknown>\n#4 0x5599b1a7ad54 <unknown>\n#5 0x5599b1a5240d <unknown>\n#6 0x5599b1a7814f <unknown>\n#7 0x5599b1a521b3 <unknown>\n#8 0x5599b1a1e59b <unknown>\n#9 0x5599b1a1f971 <unknown>\n#10 0x5599b1f0022b <unknown>\n#11 0x5599b1f03f79 <unknown>\n#12 0x5599b1ee7309 <unknown>\n#13 0x5599b1f04b28 <unknown>\n#14 0x5599b1ecbbef <unknown>\n#15 0x5599b1f280e8 <unknown>\n#16 0x5599b1f282c6 <unknown>\n#17 0x5599b1f3a036 <unknown>\n#18 0x7f545d69caa4 <unknown>\n#19 0x7f545d729c3c <unknown>\n\n",
        "statusTrace" : "  File \"/opt/hostedtoolcache/Python/3.12.11/x64/lib/python3.12/site-packages/allure_commons/_allure.py\", line 192, in impl\n    return func(*a, **kw)\n           ^^^^^^^^^^^^^^\n  File \"/home/runner/work/PulseWave/PulseWave/pages/base_page.py\", line 20, in element_is_visible\n    element = self.element_is_present(locator)\n              ^^^^^^^^^^^^^^^^^^^^^^^^^^^^^^^^\n  File \"/opt/hostedtoolcache/Python/3.12.11/x64/lib/python3.12/site-packages/allure_commons/_allure.py\", line 192, in impl\n    return func(*a, **kw)\n           ^^^^^^^^^^^^^^\n  File \"/home/runner/work/PulseWave/PulseWave/pages/base_page.py\", line 39, in element_is_present\n    return Wait(self.driver, self.timeout).until(es.presence_of_element_located(locator))\n           ^^^^^^^^^^^^^^^^^^^^^^^^^^^^^^^^^^^^^^^^^^^^^^^^^^^^^^^^^^^^^^^^^^^^^^^^^^^^^^\n  File \"/opt/hostedtoolcache/Python/3.12.11/x64/lib/python3.12/site-packages/selenium/webdriver/support/wait.py\", line 105, in until\n    raise TimeoutException(message, screen, stacktrace)\n",
        "steps" : [ {
          "name" : "Проверить присутствие элемента в DOM",
          "time" : {
            "start" : 1755469116058,
            "stop" : 1755469176433,
            "duration" : 60375
          },
          "status" : "broken",
          "statusMessage" : "selenium.common.exceptions.TimeoutException: Message: \nStacktrace:\n#0 0x5599b1f3b05a <unknown>\n#1 0x5599b19daa70 <unknown>\n#2 0x5599b1a2c907 <unknown>\n#3 0x5599b1a2cb01 <unknown>\n#4 0x5599b1a7ad54 <unknown>\n#5 0x5599b1a5240d <unknown>\n#6 0x5599b1a7814f <unknown>\n#7 0x5599b1a521b3 <unknown>\n#8 0x5599b1a1e59b <unknown>\n#9 0x5599b1a1f971 <unknown>\n#10 0x5599b1f0022b <unknown>\n#11 0x5599b1f03f79 <unknown>\n#12 0x5599b1ee7309 <unknown>\n#13 0x5599b1f04b28 <unknown>\n#14 0x5599b1ecbbef <unknown>\n#15 0x5599b1f280e8 <unknown>\n#16 0x5599b1f282c6 <unknown>\n#17 0x5599b1f3a036 <unknown>\n#18 0x7f545d69caa4 <unknown>\n#19 0x7f545d729c3c <unknown>\n\n",
          "statusTrace" : "  File \"/opt/hostedtoolcache/Python/3.12.11/x64/lib/python3.12/site-packages/allure_commons/_allure.py\", line 192, in impl\n    return func(*a, **kw)\n           ^^^^^^^^^^^^^^\n  File \"/home/runner/work/PulseWave/PulseWave/pages/base_page.py\", line 39, in element_is_present\n    return Wait(self.driver, self.timeout).until(es.presence_of_element_located(locator))\n           ^^^^^^^^^^^^^^^^^^^^^^^^^^^^^^^^^^^^^^^^^^^^^^^^^^^^^^^^^^^^^^^^^^^^^^^^^^^^^^\n  File \"/opt/hostedtoolcache/Python/3.12.11/x64/lib/python3.12/site-packages/selenium/webdriver/support/wait.py\", line 105, in until\n    raise TimeoutException(message, screen, stacktrace)\n",
          "steps" : [ ],
          "attachments" : [ ],
          "parameters" : [ {
            "name" : "locator",
            "value" : "('xpath', '//*[text()=\" Войти \"]')"
          } ],
          "stepsCount" : 0,
          "attachmentsCount" : 0,
          "shouldDisplayMessage" : true,
          "hasContent" : true
        } ],
        "attachments" : [ ],
        "parameters" : [ {
          "name" : "locator",
          "value" : "('xpath', '//*[text()=\" Войти \"]')"
        } ],
        "stepsCount" : 1,
        "attachmentsCount" : 0,
        "shouldDisplayMessage" : false,
        "hasContent" : true
      } ],
      "attachments" : [ ],
      "parameters" : [ ],
      "stepsCount" : 2,
      "attachmentsCount" : 0,
      "shouldDisplayMessage" : false,
      "hasContent" : true
    } ],
    "attachments" : [ {
      "uid" : "900a7666b3e620ec",
      "name" : "Screenshot",
      "source" : "900a7666b3e620ec.png",
      "type" : "image/png",
      "size" : 56917
    }, {
      "uid" : "2eb1143b155b6747",
      "name" : "HTML source",
      "source" : "2eb1143b155b6747.html",
      "type" : "text/html",
      "size" : 39946
    } ],
    "parameters" : [ ],
    "stepsCount" : 3,
    "attachmentsCount" : 2,
    "shouldDisplayMessage" : true,
    "hasContent" : true
  },
  "afterStages" : [ {
    "name" : "driver::0",
    "time" : {
      "start" : 1755469176538,
      "stop" : 1755469176620,
      "duration" : 82
    },
    "status" : "passed",
    "steps" : [ ],
    "attachments" : [ ],
    "parameters" : [ ],
    "stepsCount" : 0,
    "attachmentsCount" : 0,
    "shouldDisplayMessage" : false,
    "hasContent" : false
  } ],
  "labels" : [ {
    "name" : "epic",
    "value" : "Тестирование Хедера"
  }, {
    "name" : "tag",
    "value" : "regress"
  }, {
    "name" : "tag",
    "value" : "@pytest.mark.xfail"
  }, {
    "name" : "parentSuite",
    "value" : "tests.ui_tests"
  }, {
    "name" : "suite",
    "value" : "header_test"
  }, {
    "name" : "subSuite",
    "value" : "TestHeader"
  }, {
    "name" : "host",
    "value" : "pkrvmubgrv54qmi"
  }, {
    "name" : "thread",
    "value" : "2556-MainThread"
  }, {
    "name" : "framework",
    "value" : "pytest"
  }, {
    "name" : "language",
    "value" : "cpython3"
  }, {
    "name" : "package",
    "value" : "tests.ui_tests.header_test"
  }, {
    "name" : "resultFormat",
    "value" : "allure2"
  } ],
  "parameters" : [ {
    "name" : "css_property",
    "value" : "'color'"
  }, {
    "name" : "figma",
    "value" : "'rgba(66, 66, 66, 1)'"
  }, {
    "name" : "name",
    "value" : "'цвета шрифта'"
  }, {
    "name" : "url",
    "value" : "'https://app.dev.pulsewave.ru/auth/login'"
  } ],
  "links" : [ ],
  "hidden" : false,
  "retry" : false,
  "extra" : {
    "severity" : "normal",
    "retries" : [ ],
    "categories" : [ ],
    "history" : {
      "statistic" : {
        "failed" : 0,
        "broken" : 0,
        "skipped" : 2,
        "passed" : 0,
        "unknown" : 0,
        "total" : 2
      },
      "items" : [ {
        "uid" : "63337b7853f94d0",
        "reportUrl" : "https://Nat754.github.io/PulseWave/238//#testresult/63337b7853f94d0",
        "status" : "skipped",
        "statusDetails" : "XFAIL\n\nselenium.common.exceptions.TimeoutException: Message: \nStacktrace:\n#0 0x56210678605a <unknown>\n#1 0x562106225a70 <unknown>\n#2 0x562106277907 <unknown>\n#3 0x562106277b01 <unknown>\n#4 0x5621062c5d54 <unknown>\n#5 0x56210629d40d <unknown>\n#6 0x5621062c314f <unknown>\n#7 0x56210629d1b3 <unknown>\n#8 0x56210626959b <unknown>\n#9 0x56210626a971 <unknown>\n#10 0x56210674b22b <unknown>\n#11 0x56210674ef79 <unknown>\n#12 0x562106732309 <unknown>\n#13 0x56210674fb28 <unknown>\n#14 0x562106716bef <unknown>\n#15 0x5621067730e8 <unknown>\n#16 0x5621067732c6 <unknown>\n#17 0x562106785036 <unknown>\n#18 0x7f5220a9caa4 <unknown>\n#19 0x7f5220b29c3c <unknown>",
        "time" : {
          "start" : 1755458587679,
          "stop" : 1755458648028,
          "duration" : 60349
        }
      } ]
    },
    "tags" : [ "@pytest.mark.xfail", "regress" ]
  },
  "source" : "f32aa147c3fbd0ec.json",
  "parameterValues" : [ "'color'", "'rgba(66, 66, 66, 1)'", "'цвета шрифта'", "'https://app.dev.pulsewave.ru/auth/login'" ]
}