{
  "uid" : "8fc7876337340cf2",
  "name" : "1.11 Регистрация с уже зарегистрированным email и корректными паролем и подтверждением пароля",
  "fullName" : "tests.test_signup_page.test_signup_page.TestSignupPage#test_signup_with_old_email_and_correct_passwords",
  "historyId" : "6c260bf3e317b79db8865100ef09bfec",
  "time" : {
    "start" : 1731293782872,
    "stop" : 1731293803179,
    "duration" : 20307
  },
  "status" : "broken",
  "statusMessage" : "selenium.common.exceptions.TimeoutException: Message: \nStacktrace:\n#0 0x55cff55cf13a <unknown>\n#1 0x55cff50ea460 <unknown>\n#2 0x55cff5136f96 <unknown>\n#3 0x55cff5137221 <unknown>\n#4 0x55cff517c5d4 <unknown>\n#5 0x55cff515b03d <unknown>\n#6 0x55cff5179af6 <unknown>\n#7 0x55cff515adb3 <unknown>\n#8 0x55cff5129c10 <unknown>\n#9 0x55cff512abee <unknown>\n#10 0x55cff559b3cb <unknown>\n#11 0x55cff559f368 <unknown>\n#12 0x55cff5588eec <unknown>\n#13 0x55cff559fee7 <unknown>\n#14 0x55cff556e13f <unknown>\n#15 0x55cff55bd858 <unknown>\n#16 0x55cff55bda20 <unknown>\n#17 0x55cff55cdfb6 <unknown>\n#18 0x7fed13894ac3 <unknown>",
  "statusTrace" : "self = <tests.test_signup_page.test_signup_page.TestSignupPage object at 0x7f8d131b5a60>\nsignup_page_open = <pages.signup_page.SignUpPage object at 0x7f8d131ef4a0>\n\n    @allure.title(\"1.11 Регистрация с уже зарегистрированным email и корректными паролем и подтверждением пароля\")\n    @pytest.mark.smoke\n    def test_signup_with_old_email_and_correct_passwords(self, signup_page_open):\n        with allure.step('Заполнить поле email ранее зарегистрированным емайлом'):\n            signup_page_open.put_data_to_email_field(email_auth)\n        with allure.step('Заполнить поле пароль сильным паролем'):\n            signup_page_open.put_data_to_password_field(password0)\n        with allure.step('Заполнить поле подтверждение пароля сильным паролем'):\n            signup_page_open.put_data_to_confirm_password_field(password0)\n        signup_page_open.click_button_submit()\n>       element = signup_page_open.get_error_message()\n\ntests/test_signup_page/test_signup_page.py:71: \n_ _ _ _ _ _ _ _ _ _ _ _ _ _ _ _ _ _ _ _ _ _ _ _ _ _ _ _ _ _ _ _ _ _ _ _ _ _ _ _ \npages/signup_page.py:83: in get_error_message\n    return self.element_is_visible(self.locator.WEAK_PASSWORD)\npages/base_page.py:19: in element_is_visible\n    self.go_to_element(self.element_is_present(locator))\npages/base_page.py:35: in element_is_present\n    return Wait(self.driver, self.timeout).until(es.presence_of_element_located(locator))\n_ _ _ _ _ _ _ _ _ _ _ _ _ _ _ _ _ _ _ _ _ _ _ _ _ _ _ _ _ _ _ _ _ _ _ _ _ _ _ _ \n\nself = <selenium.webdriver.support.wait.WebDriverWait (session=\"aa98364ef573f3d0f09f9877cbe7e713\")>\nmethod = <function presence_of_element_located.<locals>._predicate at 0x7f8d13381da0>\nmessage = ''\n\n    def until(self, method: Callable[[D], Union[Literal[False], T]], message: str = \"\") -> T:\n        \"\"\"Calls the method provided with the driver as an argument until the \\\n        return value does not evaluate to ``False``.\n    \n        :param method: callable(WebDriver)\n        :param message: optional message for :exc:`TimeoutException`\n        :returns: the result of the last call to `method`\n        :raises: :exc:`selenium.common.exceptions.TimeoutException` if timeout occurs\n        \"\"\"\n        screen = None\n        stacktrace = None\n    \n        end_time = time.monotonic() + self._timeout\n        while True:\n            try:\n                value = method(self._driver)\n                if value:\n                    return value\n            except self._ignored_exceptions as exc:\n                screen = getattr(exc, \"screen\", None)\n                stacktrace = getattr(exc, \"stacktrace\", None)\n            time.sleep(self._poll)\n            if time.monotonic() > end_time:\n                break\n>       raise TimeoutException(message, screen, stacktrace)\nE       selenium.common.exceptions.TimeoutException: Message: \nE       Stacktrace:\nE       #0 0x55cff55cf13a <unknown>\nE       #1 0x55cff50ea460 <unknown>\nE       #2 0x55cff5136f96 <unknown>\nE       #3 0x55cff5137221 <unknown>\nE       #4 0x55cff517c5d4 <unknown>\nE       #5 0x55cff515b03d <unknown>\nE       #6 0x55cff5179af6 <unknown>\nE       #7 0x55cff515adb3 <unknown>\nE       #8 0x55cff5129c10 <unknown>\nE       #9 0x55cff512abee <unknown>\nE       #10 0x55cff559b3cb <unknown>\nE       #11 0x55cff559f368 <unknown>\nE       #12 0x55cff5588eec <unknown>\nE       #13 0x55cff559fee7 <unknown>\nE       #14 0x55cff556e13f <unknown>\nE       #15 0x55cff55bd858 <unknown>\nE       #16 0x55cff55bda20 <unknown>\nE       #17 0x55cff55cdfb6 <unknown>\nE       #18 0x7fed13894ac3 <unknown>\n\n/opt/hostedtoolcache/Python/3.12.7/x64/lib/python3.12/site-packages/selenium/webdriver/support/wait.py:105: TimeoutException",
  "flaky" : false,
  "newFailed" : false,
  "beforeStages" : [ {
    "name" : "driver",
    "time" : {
      "start" : 1731293780109,
      "stop" : 1731293780391,
      "duration" : 282
    },
    "status" : "passed",
    "steps" : [ ],
    "attachments" : [ ],
    "parameters" : [ ],
    "stepsCount" : 0,
    "attachmentsCount" : 0,
    "shouldDisplayMessage" : false,
    "hasContent" : false
  }, {
    "name" : "signup_page_open",
    "time" : {
      "start" : 1731293780391,
      "stop" : 1731293782871,
      "duration" : 2480
    },
    "status" : "passed",
    "steps" : [ {
      "name" : "Проверка видимости кнопки 'Принимаю все' в сообщении о принятии файлов cookie",
      "time" : {
        "start" : 1731293782811,
        "stop" : 1731293782840,
        "duration" : 29
      },
      "status" : "passed",
      "steps" : [ ],
      "attachments" : [ ],
      "parameters" : [ ],
      "stepsCount" : 0,
      "attachmentsCount" : 0,
      "shouldDisplayMessage" : false,
      "hasContent" : false
    } ],
    "attachments" : [ ],
    "parameters" : [ ],
    "stepsCount" : 1,
    "attachmentsCount" : 0,
    "shouldDisplayMessage" : false,
    "hasContent" : true
  }, {
    "name" : "_session_faker",
    "time" : {
      "start" : 1731292978474,
      "stop" : 1731292978492,
      "duration" : 18
    },
    "status" : "passed",
    "steps" : [ ],
    "attachments" : [ ],
    "parameters" : [ ],
    "stepsCount" : 0,
    "attachmentsCount" : 0,
    "shouldDisplayMessage" : false,
    "hasContent" : false
  }, {
    "name" : "clear_allure_results_folder",
    "time" : {
      "start" : 1731292978492,
      "stop" : 1731292978492,
      "duration" : 0
    },
    "status" : "passed",
    "steps" : [ ],
    "attachments" : [ ],
    "parameters" : [ ],
    "stepsCount" : 0,
    "attachmentsCount" : 0,
    "shouldDisplayMessage" : false,
    "hasContent" : false
  } ],
  "testStage" : {
    "status" : "broken",
    "statusMessage" : "selenium.common.exceptions.TimeoutException: Message: \nStacktrace:\n#0 0x55cff55cf13a <unknown>\n#1 0x55cff50ea460 <unknown>\n#2 0x55cff5136f96 <unknown>\n#3 0x55cff5137221 <unknown>\n#4 0x55cff517c5d4 <unknown>\n#5 0x55cff515b03d <unknown>\n#6 0x55cff5179af6 <unknown>\n#7 0x55cff515adb3 <unknown>\n#8 0x55cff5129c10 <unknown>\n#9 0x55cff512abee <unknown>\n#10 0x55cff559b3cb <unknown>\n#11 0x55cff559f368 <unknown>\n#12 0x55cff5588eec <unknown>\n#13 0x55cff559fee7 <unknown>\n#14 0x55cff556e13f <unknown>\n#15 0x55cff55bd858 <unknown>\n#16 0x55cff55bda20 <unknown>\n#17 0x55cff55cdfb6 <unknown>\n#18 0x7fed13894ac3 <unknown>",
    "statusTrace" : "self = <tests.test_signup_page.test_signup_page.TestSignupPage object at 0x7f8d131b5a60>\nsignup_page_open = <pages.signup_page.SignUpPage object at 0x7f8d131ef4a0>\n\n    @allure.title(\"1.11 Регистрация с уже зарегистрированным email и корректными паролем и подтверждением пароля\")\n    @pytest.mark.smoke\n    def test_signup_with_old_email_and_correct_passwords(self, signup_page_open):\n        with allure.step('Заполнить поле email ранее зарегистрированным емайлом'):\n            signup_page_open.put_data_to_email_field(email_auth)\n        with allure.step('Заполнить поле пароль сильным паролем'):\n            signup_page_open.put_data_to_password_field(password0)\n        with allure.step('Заполнить поле подтверждение пароля сильным паролем'):\n            signup_page_open.put_data_to_confirm_password_field(password0)\n        signup_page_open.click_button_submit()\n>       element = signup_page_open.get_error_message()\n\ntests/test_signup_page/test_signup_page.py:71: \n_ _ _ _ _ _ _ _ _ _ _ _ _ _ _ _ _ _ _ _ _ _ _ _ _ _ _ _ _ _ _ _ _ _ _ _ _ _ _ _ \npages/signup_page.py:83: in get_error_message\n    return self.element_is_visible(self.locator.WEAK_PASSWORD)\npages/base_page.py:19: in element_is_visible\n    self.go_to_element(self.element_is_present(locator))\npages/base_page.py:35: in element_is_present\n    return Wait(self.driver, self.timeout).until(es.presence_of_element_located(locator))\n_ _ _ _ _ _ _ _ _ _ _ _ _ _ _ _ _ _ _ _ _ _ _ _ _ _ _ _ _ _ _ _ _ _ _ _ _ _ _ _ \n\nself = <selenium.webdriver.support.wait.WebDriverWait (session=\"aa98364ef573f3d0f09f9877cbe7e713\")>\nmethod = <function presence_of_element_located.<locals>._predicate at 0x7f8d13381da0>\nmessage = ''\n\n    def until(self, method: Callable[[D], Union[Literal[False], T]], message: str = \"\") -> T:\n        \"\"\"Calls the method provided with the driver as an argument until the \\\n        return value does not evaluate to ``False``.\n    \n        :param method: callable(WebDriver)\n        :param message: optional message for :exc:`TimeoutException`\n        :returns: the result of the last call to `method`\n        :raises: :exc:`selenium.common.exceptions.TimeoutException` if timeout occurs\n        \"\"\"\n        screen = None\n        stacktrace = None\n    \n        end_time = time.monotonic() + self._timeout\n        while True:\n            try:\n                value = method(self._driver)\n                if value:\n                    return value\n            except self._ignored_exceptions as exc:\n                screen = getattr(exc, \"screen\", None)\n                stacktrace = getattr(exc, \"stacktrace\", None)\n            time.sleep(self._poll)\n            if time.monotonic() > end_time:\n                break\n>       raise TimeoutException(message, screen, stacktrace)\nE       selenium.common.exceptions.TimeoutException: Message: \nE       Stacktrace:\nE       #0 0x55cff55cf13a <unknown>\nE       #1 0x55cff50ea460 <unknown>\nE       #2 0x55cff5136f96 <unknown>\nE       #3 0x55cff5137221 <unknown>\nE       #4 0x55cff517c5d4 <unknown>\nE       #5 0x55cff515b03d <unknown>\nE       #6 0x55cff5179af6 <unknown>\nE       #7 0x55cff515adb3 <unknown>\nE       #8 0x55cff5129c10 <unknown>\nE       #9 0x55cff512abee <unknown>\nE       #10 0x55cff559b3cb <unknown>\nE       #11 0x55cff559f368 <unknown>\nE       #12 0x55cff5588eec <unknown>\nE       #13 0x55cff559fee7 <unknown>\nE       #14 0x55cff556e13f <unknown>\nE       #15 0x55cff55bd858 <unknown>\nE       #16 0x55cff55bda20 <unknown>\nE       #17 0x55cff55cdfb6 <unknown>\nE       #18 0x7fed13894ac3 <unknown>\n\n/opt/hostedtoolcache/Python/3.12.7/x64/lib/python3.12/site-packages/selenium/webdriver/support/wait.py:105: TimeoutException",
    "steps" : [ {
      "name" : "Заполнить поле email ранее зарегистрированным емайлом",
      "time" : {
        "start" : 1731293782872,
        "stop" : 1731293782960,
        "duration" : 88
      },
      "status" : "passed",
      "steps" : [ ],
      "attachments" : [ ],
      "parameters" : [ ],
      "stepsCount" : 0,
      "attachmentsCount" : 0,
      "shouldDisplayMessage" : false,
      "hasContent" : false
    }, {
      "name" : "Заполнить поле пароль сильным паролем",
      "time" : {
        "start" : 1731293782960,
        "stop" : 1731293783037,
        "duration" : 77
      },
      "status" : "passed",
      "steps" : [ ],
      "attachments" : [ ],
      "parameters" : [ ],
      "stepsCount" : 0,
      "attachmentsCount" : 0,
      "shouldDisplayMessage" : false,
      "hasContent" : false
    }, {
      "name" : "Заполнить поле подтверждение пароля сильным паролем",
      "time" : {
        "start" : 1731293783037,
        "stop" : 1731293783110,
        "duration" : 73
      },
      "status" : "passed",
      "steps" : [ ],
      "attachments" : [ ],
      "parameters" : [ ],
      "stepsCount" : 0,
      "attachmentsCount" : 0,
      "shouldDisplayMessage" : false,
      "hasContent" : false
    }, {
      "name" : "Подтвердить изменения'",
      "time" : {
        "start" : 1731293783110,
        "stop" : 1731293783169,
        "duration" : 59
      },
      "status" : "passed",
      "steps" : [ ],
      "attachments" : [ ],
      "parameters" : [ ],
      "stepsCount" : 0,
      "attachmentsCount" : 0,
      "shouldDisplayMessage" : false,
      "hasContent" : false
    }, {
      "name" : "Проверка сообщения",
      "time" : {
        "start" : 1731293783169,
        "stop" : 1731293803178,
        "duration" : 20009
      },
      "status" : "broken",
      "statusMessage" : "selenium.common.exceptions.TimeoutException: Message: \nStacktrace:\n#0 0x55cff55cf13a <unknown>\n#1 0x55cff50ea460 <unknown>\n#2 0x55cff5136f96 <unknown>\n#3 0x55cff5137221 <unknown>\n#4 0x55cff517c5d4 <unknown>\n#5 0x55cff515b03d <unknown>\n#6 0x55cff5179af6 <unknown>\n#7 0x55cff515adb3 <unknown>\n#8 0x55cff5129c10 <unknown>\n#9 0x55cff512abee <unknown>\n#10 0x55cff559b3cb <unknown>\n#11 0x55cff559f368 <unknown>\n#12 0x55cff5588eec <unknown>\n#13 0x55cff559fee7 <unknown>\n#14 0x55cff556e13f <unknown>\n#15 0x55cff55bd858 <unknown>\n#16 0x55cff55bda20 <unknown>\n#17 0x55cff55cdfb6 <unknown>\n#18 0x7fed13894ac3 <unknown>\n\n",
      "statusTrace" : "  File \"/opt/hostedtoolcache/Python/3.12.7/x64/lib/python3.12/site-packages/allure_commons/_allure.py\", line 192, in impl\n    return func(*a, **kw)\n           ^^^^^^^^^^^^^^\n  File \"/home/runner/work/PulseWave/PulseWave/pages/signup_page.py\", line 83, in get_error_message\n    return self.element_is_visible(self.locator.WEAK_PASSWORD)\n           ^^^^^^^^^^^^^^^^^^^^^^^^^^^^^^^^^^^^^^^^^^^^^^^^^^^\n  File \"/home/runner/work/PulseWave/PulseWave/pages/base_page.py\", line 19, in element_is_visible\n    self.go_to_element(self.element_is_present(locator))\n                       ^^^^^^^^^^^^^^^^^^^^^^^^^^^^^^^^\n  File \"/home/runner/work/PulseWave/PulseWave/pages/base_page.py\", line 35, in element_is_present\n    return Wait(self.driver, self.timeout).until(es.presence_of_element_located(locator))\n           ^^^^^^^^^^^^^^^^^^^^^^^^^^^^^^^^^^^^^^^^^^^^^^^^^^^^^^^^^^^^^^^^^^^^^^^^^^^^^^\n  File \"/opt/hostedtoolcache/Python/3.12.7/x64/lib/python3.12/site-packages/selenium/webdriver/support/wait.py\", line 105, in until\n    raise TimeoutException(message, screen, stacktrace)\n",
      "steps" : [ ],
      "attachments" : [ ],
      "parameters" : [ ],
      "stepsCount" : 0,
      "attachmentsCount" : 0,
      "shouldDisplayMessage" : true,
      "hasContent" : true
    } ],
    "attachments" : [ {
      "uid" : "d4b799494dde7bde",
      "name" : "Screenshot",
      "source" : "d4b799494dde7bde.png",
      "type" : "image/png",
      "size" : 89442
    }, {
      "uid" : "cc3b54bc1e447ca2",
      "name" : "HTML source",
      "source" : "cc3b54bc1e447ca2.html",
      "type" : "text/html",
      "size" : 98949
    } ],
    "parameters" : [ ],
    "stepsCount" : 5,
    "attachmentsCount" : 2,
    "shouldDisplayMessage" : true,
    "hasContent" : true
  },
  "afterStages" : [ {
    "name" : "driver::0",
    "time" : {
      "start" : 1731293803352,
      "stop" : 1731293803417,
      "duration" : 65
    },
    "status" : "passed",
    "steps" : [ ],
    "attachments" : [ ],
    "parameters" : [ ],
    "stepsCount" : 0,
    "attachmentsCount" : 0,
    "shouldDisplayMessage" : false,
    "hasContent" : false
  } ],
  "labels" : [ {
    "name" : "epic",
    "value" : "Тестирование страницы 'Регистрация'"
  }, {
    "name" : "tag",
    "value" : "smoke"
  }, {
    "name" : "parentSuite",
    "value" : "tests.test_signup_page"
  }, {
    "name" : "suite",
    "value" : "test_signup_page"
  }, {
    "name" : "subSuite",
    "value" : "TestSignupPage"
  }, {
    "name" : "host",
    "value" : "fv-az1152-547"
  }, {
    "name" : "thread",
    "value" : "2285-MainThread"
  }, {
    "name" : "framework",
    "value" : "pytest"
  }, {
    "name" : "language",
    "value" : "cpython3"
  }, {
    "name" : "package",
    "value" : "tests.test_signup_page.test_signup_page"
  }, {
    "name" : "resultFormat",
    "value" : "allure2"
  } ],
  "parameters" : [ {
    "name" : "browser",
    "value" : "'chrome'"
  } ],
  "links" : [ ],
  "hidden" : false,
  "retry" : false,
  "extra" : {
    "severity" : "normal",
    "retries" : [ ],
    "categories" : [ {
      "name" : "Test defects",
      "matchedStatuses" : [ ],
      "flaky" : false
    } ],
    "history" : {
      "statistic" : {
        "failed" : 0,
        "broken" : 7,
        "skipped" : 0,
        "passed" : 223,
        "unknown" : 0,
        "total" : 230
      },
      "items" : [ {
        "uid" : "7be260e896de55d",
        "reportUrl" : "https://Nat754.github.io/PulseWave/204//#testresult/7be260e896de55d",
        "status" : "broken",
        "statusDetails" : "selenium.common.exceptions.TimeoutException: Message: \nStacktrace:\n#0 0x55a199ef913a <unknown>\n#1 0x55a199a14460 <unknown>\n#2 0x55a199a60f96 <unknown>\n#3 0x55a199a61221 <unknown>\n#4 0x55a199aa65d4 <unknown>\n#5 0x55a199a8503d <unknown>\n#6 0x55a199aa3af6 <unknown>\n#7 0x55a199a84db3 <unknown>\n#8 0x55a199a53c10 <unknown>\n#9 0x55a199a54bee <unknown>\n#10 0x55a199ec53cb <unknown>\n#11 0x55a199ec9368 <unknown>\n#12 0x55a199eb2eec <unknown>\n#13 0x55a199ec9ee7 <unknown>\n#14 0x55a199e9813f <unknown>\n#15 0x55a199ee7858 <unknown>\n#16 0x55a199ee7a20 <unknown>\n#17 0x55a199ef7fb6 <unknown>\n#18 0x7f0076a94ac3 <unknown>",
        "time" : {
          "start" : 1731207509374,
          "stop" : 1731207529665,
          "duration" : 20291
        }
      }, {
        "uid" : "52d4f4474f91c21b",
        "reportUrl" : "https://Nat754.github.io/PulseWave/203//#testresult/52d4f4474f91c21b",
        "status" : "broken",
        "statusDetails" : "selenium.common.exceptions.TimeoutException: Message: \nStacktrace:\n#0 0x5581439dc13a <unknown>\n#1 0x5581434f7460 <unknown>\n#2 0x558143543f96 <unknown>\n#3 0x558143544221 <unknown>\n#4 0x5581435895d4 <unknown>\n#5 0x55814356803d <unknown>\n#6 0x558143586af6 <unknown>\n#7 0x558143567db3 <unknown>\n#8 0x558143536c10 <unknown>\n#9 0x558143537bee <unknown>\n#10 0x5581439a83cb <unknown>\n#11 0x5581439ac368 <unknown>\n#12 0x558143995eec <unknown>\n#13 0x5581439acee7 <unknown>\n#14 0x55814397b13f <unknown>\n#15 0x5581439ca858 <unknown>\n#16 0x5581439caa20 <unknown>\n#17 0x5581439dafb6 <unknown>\n#18 0x7fb87be94ac3 <unknown>",
        "time" : {
          "start" : 1731120864520,
          "stop" : 1731120884834,
          "duration" : 20314
        }
      }, {
        "uid" : "2450cbfa3f17e4f",
        "reportUrl" : "https://Nat754.github.io/PulseWave/202//#testresult/2450cbfa3f17e4f",
        "status" : "broken",
        "statusDetails" : "selenium.common.exceptions.TimeoutException: Message: \nStacktrace:\n#0 0x55e42a13c13a <unknown>\n#1 0x55e429c57460 <unknown>\n#2 0x55e429ca3f96 <unknown>\n#3 0x55e429ca4221 <unknown>\n#4 0x55e429ce95d4 <unknown>\n#5 0x55e429cc803d <unknown>\n#6 0x55e429ce6af6 <unknown>\n#7 0x55e429cc7db3 <unknown>\n#8 0x55e429c96c10 <unknown>\n#9 0x55e429c97bee <unknown>\n#10 0x55e42a1083cb <unknown>\n#11 0x55e42a10c368 <unknown>\n#12 0x55e42a0f5eec <unknown>\n#13 0x55e42a10cee7 <unknown>\n#14 0x55e42a0db13f <unknown>\n#15 0x55e42a12a858 <unknown>\n#16 0x55e42a12aa20 <unknown>\n#17 0x55e42a13afb6 <unknown>\n#18 0x7fb49fc94ac3 <unknown>",
        "time" : {
          "start" : 1731034459884,
          "stop" : 1731034480190,
          "duration" : 20306
        }
      }, {
        "uid" : "286992e439315029",
        "reportUrl" : "https://Nat754.github.io/PulseWave/201//#testresult/286992e439315029",
        "status" : "passed",
        "time" : {
          "start" : 1730948079693,
          "stop" : 1730948081047,
          "duration" : 1354
        }
      }, {
        "uid" : "d96c376dfd1b2d21",
        "reportUrl" : "https://Nat754.github.io/PulseWave/224//#testresult/d96c376dfd1b2d21",
        "status" : "passed",
        "time" : {
          "start" : 1730929525282,
          "stop" : 1730929526673,
          "duration" : 1391
        }
      }, {
        "uid" : "1c47756ad0cba67f",
        "reportUrl" : "https://Nat754.github.io/PulseWave/200//#testresult/1c47756ad0cba67f",
        "status" : "passed",
        "time" : {
          "start" : 1730925504136,
          "stop" : 1730925505498,
          "duration" : 1362
        }
      }, {
        "uid" : "503aba8d0a474c95",
        "reportUrl" : "https://Nat754.github.io/PulseWave/200//#testresult/503aba8d0a474c95",
        "status" : "passed",
        "time" : {
          "start" : 1730861789251,
          "stop" : 1730861790642,
          "duration" : 1391
        }
      }, {
        "uid" : "cd02d0c9da989508",
        "reportUrl" : "https://Nat754.github.io/PulseWave/199//#testresult/cd02d0c9da989508",
        "status" : "passed",
        "time" : {
          "start" : 1730779615989,
          "stop" : 1730779617344,
          "duration" : 1355
        }
      }, {
        "uid" : "5c948460fc1ae0d8",
        "reportUrl" : "https://Nat754.github.io/PulseWave/191//#testresult/5c948460fc1ae0d8",
        "status" : "passed",
        "time" : {
          "start" : 1730084815236,
          "stop" : 1730084816608,
          "duration" : 1372
        }
      }, {
        "uid" : "d315bd9964385018",
        "reportUrl" : "https://Nat754.github.io/PulseWave/190//#testresult/d315bd9964385018",
        "status" : "passed",
        "time" : {
          "start" : 1729998338350,
          "stop" : 1729998339701,
          "duration" : 1351
        }
      }, {
        "uid" : "56deedf74ae55600",
        "reportUrl" : "https://Nat754.github.io/PulseWave/223//#testresult/56deedf74ae55600",
        "status" : "passed",
        "time" : {
          "start" : 1729975029094,
          "stop" : 1729975030431,
          "duration" : 1337
        }
      }, {
        "uid" : "3f7ae3a2a1128f6a",
        "reportUrl" : "https://Nat754.github.io/PulseWave/222//#testresult/3f7ae3a2a1128f6a",
        "status" : "passed",
        "time" : {
          "start" : 1729970468329,
          "stop" : 1729970469692,
          "duration" : 1363
        }
      }, {
        "uid" : "961a2e66f4bef276",
        "reportUrl" : "https://Nat754.github.io/PulseWave/222//#testresult/961a2e66f4bef276",
        "status" : "passed",
        "time" : {
          "start" : 1729968513898,
          "stop" : 1729968515244,
          "duration" : 1346
        }
      }, {
        "uid" : "ee7884ba424971d1",
        "reportUrl" : "https://Nat754.github.io/PulseWave/222//#testresult/ee7884ba424971d1",
        "status" : "passed",
        "time" : {
          "start" : 1729967087009,
          "stop" : 1729967088363,
          "duration" : 1354
        }
      }, {
        "uid" : "c5b99afbf7fb4a5c",
        "reportUrl" : "https://Nat754.github.io/PulseWave/221//#testresult/c5b99afbf7fb4a5c",
        "status" : "passed",
        "time" : {
          "start" : 1729942639424,
          "stop" : 1729942640742,
          "duration" : 1318
        }
      }, {
        "uid" : "16fdb1ffaeff9f73",
        "reportUrl" : "https://Nat754.github.io/PulseWave/220//#testresult/16fdb1ffaeff9f73",
        "status" : "passed",
        "time" : {
          "start" : 1729937514490,
          "stop" : 1729937515829,
          "duration" : 1339
        }
      }, {
        "uid" : "30ec75c1ca734ae5",
        "reportUrl" : "https://Nat754.github.io/PulseWave/189//#testresult/30ec75c1ca734ae5",
        "status" : "passed",
        "time" : {
          "start" : 1729911239810,
          "stop" : 1729911241169,
          "duration" : 1359
        }
      }, {
        "uid" : "a4aa2d739e871962",
        "reportUrl" : "https://Nat754.github.io/PulseWave/219//#testresult/a4aa2d739e871962",
        "status" : "passed",
        "time" : {
          "start" : 1729880501876,
          "stop" : 1729880503207,
          "duration" : 1331
        }
      }, {
        "uid" : "1afbdbff041630c4",
        "reportUrl" : "https://Nat754.github.io/PulseWave/188//#testresult/1afbdbff041630c4",
        "status" : "passed",
        "time" : {
          "start" : 1729825323845,
          "stop" : 1729825325736,
          "duration" : 1891
        }
      }, {
        "uid" : "c438017074868053",
        "reportUrl" : "https://Nat754.github.io/PulseWave/218//#testresult/c438017074868053",
        "status" : "passed",
        "time" : {
          "start" : 1729790742319,
          "stop" : 1729790743684,
          "duration" : 1365
        }
      } ]
    },
    "tags" : [ "smoke" ]
  },
  "source" : "8fc7876337340cf2.json",
  "parameterValues" : [ "'chrome'" ]
}