{
  "uid" : "2bd4b1f4890b537f",
  "name" : "Авторизация с некорректным емайл",
  "fullName" : "tests.test_login_page.test_login_page.TestLoginPage#test_login_not_auth_email",
  "historyId" : "0e65d6f6bf1c1aaf9dd9ac40391dc314",
  "time" : {
    "start" : 1751222608566,
    "stop" : 1751222608566,
    "duration" : 0
  },
  "status" : "broken",
  "statusMessage" : "selenium.common.exceptions.TimeoutException: Message: \nStacktrace:\n#0 0x5653aba2f45a <unknown>\n#1 0x5653ab4d4760 <unknown>\n#2 0x5653ab526127 <unknown>\n#3 0x5653ab526321 <unknown>\n#4 0x5653ab574e94 <unknown>\n#5 0x5653ab54be7d <unknown>\n#6 0x5653ab57230b <unknown>\n#7 0x5653ab54bc23 <unknown>\n#8 0x5653ab5184a5 <unknown>\n#9 0x5653ab519111 <unknown>\n#10 0x5653ab9f3f1b <unknown>\n#11 0x5653ab9f7e19 <unknown>\n#12 0x5653ab9daac9 <unknown>\n#13 0x5653ab9f89c8 <unknown>\n#14 0x5653ab9bf34f <unknown>\n#15 0x5653aba1ca28 <unknown>\n#16 0x5653aba1cc06 <unknown>\n#17 0x5653aba2e336 <unknown>\n#18 0x7fd02509caa4 <unknown>\n#19 0x7fd025129c3c <unknown>",
  "statusTrace" : "driver = <selenium.webdriver.chrome.webdriver.WebDriver (session=\"b644f5bf573c6dba8abcd3becd6559d6\")>\n\n    @pytest.fixture(scope='function')\n    def login_page_open(driver):\n        login_page = LoginPage(driver)\n        driver.get(Links.LOGIN_PAGE)\n>       login_page.get_allow_all_cookies().click()\n\ntests/test_login_page/conftest.py:10: \n_ _ _ _ _ _ _ _ _ _ _ _ _ _ _ _ _ _ _ _ _ _ _ _ _ _ _ _ _ _ _ _ _ _ _ _ _ _ _ _ \npages/login_page.py:20: in get_allow_all_cookies\n    return self.element_is_visible(self.locator.ALLOW_ALL_COOKIES)\npages/base_page.py:19: in element_is_visible\n    self.go_to_element(self.element_is_present(locator))\npages/base_page.py:35: in element_is_present\n    return Wait(self.driver, self.timeout).until(es.presence_of_element_located(locator))\n_ _ _ _ _ _ _ _ _ _ _ _ _ _ _ _ _ _ _ _ _ _ _ _ _ _ _ _ _ _ _ _ _ _ _ _ _ _ _ _ \n\nself = <selenium.webdriver.support.wait.WebDriverWait (session=\"b644f5bf573c6dba8abcd3becd6559d6\")>\nmethod = <function presence_of_element_located.<locals>._predicate at 0x7fd948c8f4c0>\nmessage = ''\n\n    def until(self, method: Callable[[D], Union[Literal[False], T]], message: str = \"\") -> T:\n        \"\"\"Calls the method provided with the driver as an argument until the \\\n        return value does not evaluate to ``False``.\n    \n        :param method: callable(WebDriver)\n        :param message: optional message for :exc:`TimeoutException`\n        :returns: the result of the last call to `method`\n        :raises: :exc:`selenium.common.exceptions.TimeoutException` if timeout occurs\n        \"\"\"\n        screen = None\n        stacktrace = None\n    \n        end_time = time.monotonic() + self._timeout\n        while True:\n            try:\n                value = method(self._driver)\n                if value:\n                    return value\n            except self._ignored_exceptions as exc:\n                screen = getattr(exc, \"screen\", None)\n                stacktrace = getattr(exc, \"stacktrace\", None)\n            time.sleep(self._poll)\n            if time.monotonic() > end_time:\n                break\n>       raise TimeoutException(message, screen, stacktrace)\nE       selenium.common.exceptions.TimeoutException: Message: \nE       Stacktrace:\nE       #0 0x5653aba2f45a <unknown>\nE       #1 0x5653ab4d4760 <unknown>\nE       #2 0x5653ab526127 <unknown>\nE       #3 0x5653ab526321 <unknown>\nE       #4 0x5653ab574e94 <unknown>\nE       #5 0x5653ab54be7d <unknown>\nE       #6 0x5653ab57230b <unknown>\nE       #7 0x5653ab54bc23 <unknown>\nE       #8 0x5653ab5184a5 <unknown>\nE       #9 0x5653ab519111 <unknown>\nE       #10 0x5653ab9f3f1b <unknown>\nE       #11 0x5653ab9f7e19 <unknown>\nE       #12 0x5653ab9daac9 <unknown>\nE       #13 0x5653ab9f89c8 <unknown>\nE       #14 0x5653ab9bf34f <unknown>\nE       #15 0x5653aba1ca28 <unknown>\nE       #16 0x5653aba1cc06 <unknown>\nE       #17 0x5653aba2e336 <unknown>\nE       #18 0x7fd02509caa4 <unknown>\nE       #19 0x7fd025129c3c <unknown>\n\n/opt/hostedtoolcache/Python/3.12.11/x64/lib/python3.12/site-packages/selenium/webdriver/support/wait.py:105: TimeoutException",
  "flaky" : false,
  "newFailed" : false,
  "beforeStages" : [ {
    "name" : "_session_faker",
    "time" : {
      "start" : 1751220637139,
      "stop" : 1751220637155,
      "duration" : 16
    },
    "status" : "passed",
    "steps" : [ ],
    "attachments" : [ ],
    "parameters" : [ ],
    "stepsCount" : 0,
    "attachmentsCount" : 0,
    "shouldDisplayMessage" : false,
    "hasContent" : false
  }, {
    "name" : "clear_allure_results_folder",
    "time" : {
      "start" : 1751220637155,
      "stop" : 1751220637155,
      "duration" : 0
    },
    "status" : "passed",
    "steps" : [ ],
    "attachments" : [ ],
    "parameters" : [ ],
    "stepsCount" : 0,
    "attachmentsCount" : 0,
    "shouldDisplayMessage" : false,
    "hasContent" : false
  }, {
    "name" : "login_page_open",
    "time" : {
      "start" : 1751222608920,
      "stop" : 1751222630373,
      "duration" : 21453
    },
    "status" : "broken",
    "statusMessage" : "selenium.common.exceptions.TimeoutException: Message: \nStacktrace:\n#0 0x5653aba2f45a <unknown>\n#1 0x5653ab4d4760 <unknown>\n#2 0x5653ab526127 <unknown>\n#3 0x5653ab526321 <unknown>\n#4 0x5653ab574e94 <unknown>\n#5 0x5653ab54be7d <unknown>\n#6 0x5653ab57230b <unknown>\n#7 0x5653ab54bc23 <unknown>\n#8 0x5653ab5184a5 <unknown>\n#9 0x5653ab519111 <unknown>\n#10 0x5653ab9f3f1b <unknown>\n#11 0x5653ab9f7e19 <unknown>\n#12 0x5653ab9daac9 <unknown>\n#13 0x5653ab9f89c8 <unknown>\n#14 0x5653ab9bf34f <unknown>\n#15 0x5653aba1ca28 <unknown>\n#16 0x5653aba1cc06 <unknown>\n#17 0x5653aba2e336 <unknown>\n#18 0x7fd02509caa4 <unknown>\n#19 0x7fd025129c3c <unknown>\n\n",
    "statusTrace" : "  File \"/opt/hostedtoolcache/Python/3.12.11/x64/lib/python3.12/site-packages/pluggy/_callers.py\", line 38, in run_old_style_hookwrapper\n    res = yield\n          ^^^^^\n  File \"/opt/hostedtoolcache/Python/3.12.11/x64/lib/python3.12/site-packages/pluggy/_callers.py\", line 139, in _multicall\n    teardown.throw(exception)\n  File \"/opt/hostedtoolcache/Python/3.12.11/x64/lib/python3.12/site-packages/_pytest/setuponly.py\", line 36, in pytest_fixture_setup\n    return (yield)\n            ^^^^^\n  File \"/opt/hostedtoolcache/Python/3.12.11/x64/lib/python3.12/site-packages/pluggy/_callers.py\", line 121, in _multicall\n    res = hook_impl.function(*args)\n          ^^^^^^^^^^^^^^^^^^^^^^^^^\n  File \"/opt/hostedtoolcache/Python/3.12.11/x64/lib/python3.12/site-packages/_pytest/fixtures.py\", line 1140, in pytest_fixture_setup\n    result = call_fixture_func(fixturefunc, request, kwargs)\n             ^^^^^^^^^^^^^^^^^^^^^^^^^^^^^^^^^^^^^^^^^^^^^^^\n  File \"/opt/hostedtoolcache/Python/3.12.11/x64/lib/python3.12/site-packages/_pytest/fixtures.py\", line 917, in call_fixture_func\n    fixture_result = fixturefunc(**kwargs)\n                     ^^^^^^^^^^^^^^^^^^^^^\n  File \"/home/runner/work/PulseWave/PulseWave/tests/test_login_page/conftest.py\", line 10, in login_page_open\n    login_page.get_allow_all_cookies().click()\n    ^^^^^^^^^^^^^^^^^^^^^^^^^^^^^^^^^^\n  File \"/opt/hostedtoolcache/Python/3.12.11/x64/lib/python3.12/site-packages/allure_commons/_allure.py\", line 192, in impl\n    return func(*a, **kw)\n           ^^^^^^^^^^^^^^\n  File \"/home/runner/work/PulseWave/PulseWave/pages/login_page.py\", line 20, in get_allow_all_cookies\n    return self.element_is_visible(self.locator.ALLOW_ALL_COOKIES)\n           ^^^^^^^^^^^^^^^^^^^^^^^^^^^^^^^^^^^^^^^^^^^^^^^^^^^^^^^\n  File \"/home/runner/work/PulseWave/PulseWave/pages/base_page.py\", line 19, in element_is_visible\n    self.go_to_element(self.element_is_present(locator))\n                       ^^^^^^^^^^^^^^^^^^^^^^^^^^^^^^^^\n  File \"/home/runner/work/PulseWave/PulseWave/pages/base_page.py\", line 35, in element_is_present\n    return Wait(self.driver, self.timeout).until(es.presence_of_element_located(locator))\n           ^^^^^^^^^^^^^^^^^^^^^^^^^^^^^^^^^^^^^^^^^^^^^^^^^^^^^^^^^^^^^^^^^^^^^^^^^^^^^^\n  File \"/opt/hostedtoolcache/Python/3.12.11/x64/lib/python3.12/site-packages/selenium/webdriver/support/wait.py\", line 105, in until\n    raise TimeoutException(message, screen, stacktrace)\n",
    "steps" : [ {
      "name" : "Проверка видимости кнопки 'Принимаю все' в сообщении о принятии файлов cookie",
      "time" : {
        "start" : 1751222610321,
        "stop" : 1751222630373,
        "duration" : 20052
      },
      "status" : "broken",
      "statusMessage" : "selenium.common.exceptions.TimeoutException: Message: \nStacktrace:\n#0 0x5653aba2f45a <unknown>\n#1 0x5653ab4d4760 <unknown>\n#2 0x5653ab526127 <unknown>\n#3 0x5653ab526321 <unknown>\n#4 0x5653ab574e94 <unknown>\n#5 0x5653ab54be7d <unknown>\n#6 0x5653ab57230b <unknown>\n#7 0x5653ab54bc23 <unknown>\n#8 0x5653ab5184a5 <unknown>\n#9 0x5653ab519111 <unknown>\n#10 0x5653ab9f3f1b <unknown>\n#11 0x5653ab9f7e19 <unknown>\n#12 0x5653ab9daac9 <unknown>\n#13 0x5653ab9f89c8 <unknown>\n#14 0x5653ab9bf34f <unknown>\n#15 0x5653aba1ca28 <unknown>\n#16 0x5653aba1cc06 <unknown>\n#17 0x5653aba2e336 <unknown>\n#18 0x7fd02509caa4 <unknown>\n#19 0x7fd025129c3c <unknown>\n\n",
      "statusTrace" : "  File \"/opt/hostedtoolcache/Python/3.12.11/x64/lib/python3.12/site-packages/allure_commons/_allure.py\", line 192, in impl\n    return func(*a, **kw)\n           ^^^^^^^^^^^^^^\n  File \"/home/runner/work/PulseWave/PulseWave/pages/login_page.py\", line 20, in get_allow_all_cookies\n    return self.element_is_visible(self.locator.ALLOW_ALL_COOKIES)\n           ^^^^^^^^^^^^^^^^^^^^^^^^^^^^^^^^^^^^^^^^^^^^^^^^^^^^^^^\n  File \"/home/runner/work/PulseWave/PulseWave/pages/base_page.py\", line 19, in element_is_visible\n    self.go_to_element(self.element_is_present(locator))\n                       ^^^^^^^^^^^^^^^^^^^^^^^^^^^^^^^^\n  File \"/home/runner/work/PulseWave/PulseWave/pages/base_page.py\", line 35, in element_is_present\n    return Wait(self.driver, self.timeout).until(es.presence_of_element_located(locator))\n           ^^^^^^^^^^^^^^^^^^^^^^^^^^^^^^^^^^^^^^^^^^^^^^^^^^^^^^^^^^^^^^^^^^^^^^^^^^^^^^\n  File \"/opt/hostedtoolcache/Python/3.12.11/x64/lib/python3.12/site-packages/selenium/webdriver/support/wait.py\", line 105, in until\n    raise TimeoutException(message, screen, stacktrace)\n",
      "steps" : [ ],
      "attachments" : [ ],
      "parameters" : [ ],
      "stepsCount" : 0,
      "attachmentsCount" : 0,
      "shouldDisplayMessage" : true,
      "hasContent" : true
    } ],
    "attachments" : [ ],
    "parameters" : [ ],
    "stepsCount" : 1,
    "attachmentsCount" : 0,
    "shouldDisplayMessage" : false,
    "hasContent" : true
  }, {
    "name" : "driver",
    "time" : {
      "start" : 1751222608567,
      "stop" : 1751222608920,
      "duration" : 353
    },
    "status" : "passed",
    "steps" : [ ],
    "attachments" : [ ],
    "parameters" : [ ],
    "stepsCount" : 0,
    "attachmentsCount" : 0,
    "shouldDisplayMessage" : false,
    "hasContent" : false
  } ],
  "afterStages" : [ {
    "name" : "driver::0",
    "time" : {
      "start" : 1751222630391,
      "stop" : 1751222630456,
      "duration" : 65
    },
    "status" : "passed",
    "steps" : [ ],
    "attachments" : [ ],
    "parameters" : [ ],
    "stepsCount" : 0,
    "attachmentsCount" : 0,
    "shouldDisplayMessage" : false,
    "hasContent" : false
  } ],
  "labels" : [ {
    "name" : "epic",
    "value" : "Тестирование страницы 'Войти'"
  }, {
    "name" : "tag",
    "value" : "smoke"
  }, {
    "name" : "parentSuite",
    "value" : "tests.test_login_page"
  }, {
    "name" : "suite",
    "value" : "test_login_page"
  }, {
    "name" : "subSuite",
    "value" : "TestLoginPage"
  }, {
    "name" : "host",
    "value" : "pkrvmbietmlfzoi"
  }, {
    "name" : "thread",
    "value" : "2672-MainThread"
  }, {
    "name" : "framework",
    "value" : "pytest"
  }, {
    "name" : "language",
    "value" : "cpython3"
  }, {
    "name" : "package",
    "value" : "tests.test_login_page.test_login_page"
  }, {
    "name" : "resultFormat",
    "value" : "allure2"
  } ],
  "parameters" : [ {
    "name" : "browser",
    "value" : "'chrome'"
  } ],
  "links" : [ ],
  "hidden" : false,
  "retry" : false,
  "extra" : {
    "severity" : "normal",
    "retries" : [ ],
    "categories" : [ {
      "name" : "Test defects",
      "matchedStatuses" : [ ],
      "flaky" : false
    } ],
    "history" : {
      "statistic" : {
        "failed" : 0,
        "broken" : 16,
        "skipped" : 0,
        "passed" : 473,
        "unknown" : 0,
        "total" : 489
      },
      "items" : [ {
        "uid" : "ab3a56bca1c88185",
        "reportUrl" : "https://Nat754.github.io/PulseWave/434//#testresult/ab3a56bca1c88185",
        "status" : "passed",
        "time" : {
          "start" : 1751174816423,
          "stop" : 1751174817761,
          "duration" : 1338
        }
      }, {
        "uid" : "bc67704f3aef757a",
        "reportUrl" : "https://Nat754.github.io/PulseWave/434//#testresult/bc67704f3aef757a",
        "status" : "passed",
        "time" : {
          "start" : 1751145433368,
          "stop" : 1751145434677,
          "duration" : 1309
        }
      }, {
        "uid" : "ebdbecb72824aef",
        "reportUrl" : "https://Nat754.github.io/PulseWave/434//#testresult/ebdbecb72824aef",
        "status" : "passed",
        "time" : {
          "start" : 1751134706228,
          "stop" : 1751134707552,
          "duration" : 1324
        }
      }, {
        "uid" : "9128ac317685425f",
        "reportUrl" : "https://Nat754.github.io/PulseWave/433//#testresult/9128ac317685425f",
        "status" : "passed",
        "time" : {
          "start" : 1751048263186,
          "stop" : 1751048264483,
          "duration" : 1297
        }
      }, {
        "uid" : "62b80af563c0f263",
        "reportUrl" : "https://Nat754.github.io/PulseWave/432//#testresult/62b80af563c0f263",
        "status" : "passed",
        "time" : {
          "start" : 1750961899688,
          "stop" : 1750961900992,
          "duration" : 1304
        }
      }, {
        "uid" : "23b5a6210c001b4a",
        "reportUrl" : "https://Nat754.github.io/PulseWave/431//#testresult/23b5a6210c001b4a",
        "status" : "passed",
        "time" : {
          "start" : 1750877288016,
          "stop" : 1750877289338,
          "duration" : 1322
        }
      }, {
        "uid" : "c08597d56ace195b",
        "reportUrl" : "https://Nat754.github.io/PulseWave/431//#testresult/c08597d56ace195b",
        "status" : "passed",
        "time" : {
          "start" : 1750875524579,
          "stop" : 1750875525887,
          "duration" : 1308
        }
      }, {
        "uid" : "31c876fa0a0ec1c7",
        "reportUrl" : "https://Nat754.github.io/PulseWave/430//#testresult/31c876fa0a0ec1c7",
        "status" : "passed",
        "time" : {
          "start" : 1750789090606,
          "stop" : 1750789091900,
          "duration" : 1294
        }
      }, {
        "uid" : "6b06a7afb453c96d",
        "reportUrl" : "https://Nat754.github.io/PulseWave/429//#testresult/6b06a7afb453c96d",
        "status" : "passed",
        "time" : {
          "start" : 1750702732033,
          "stop" : 1750702733344,
          "duration" : 1311
        }
      }, {
        "uid" : "e7fe4bedfd620f59",
        "reportUrl" : "https://Nat754.github.io/PulseWave/428//#testresult/e7fe4bedfd620f59",
        "status" : "passed",
        "time" : {
          "start" : 1750616173921,
          "stop" : 1750616175225,
          "duration" : 1304
        }
      }, {
        "uid" : "574b7a4cac284945",
        "reportUrl" : "https://Nat754.github.io/PulseWave/427//#testresult/574b7a4cac284945",
        "status" : "passed",
        "time" : {
          "start" : 1750529743336,
          "stop" : 1750529744655,
          "duration" : 1319
        }
      }, {
        "uid" : "291bdbfe41663d09",
        "reportUrl" : "https://Nat754.github.io/PulseWave/426//#testresult/291bdbfe41663d09",
        "status" : "passed",
        "time" : {
          "start" : 1750443477923,
          "stop" : 1750443479220,
          "duration" : 1297
        }
      }, {
        "uid" : "1b855267d83d7dc2",
        "reportUrl" : "https://Nat754.github.io/PulseWave/425//#testresult/1b855267d83d7dc2",
        "status" : "passed",
        "time" : {
          "start" : 1750393682183,
          "stop" : 1750393683509,
          "duration" : 1326
        }
      }, {
        "uid" : "5595229129016bd6",
        "reportUrl" : "https://Nat754.github.io/PulseWave/425//#testresult/5595229129016bd6",
        "status" : "passed",
        "time" : {
          "start" : 1750376296277,
          "stop" : 1750376297593,
          "duration" : 1316
        }
      }, {
        "uid" : "3f1e50e5c5b06b58",
        "reportUrl" : "https://Nat754.github.io/PulseWave/424//#testresult/3f1e50e5c5b06b58",
        "status" : "passed",
        "time" : {
          "start" : 1750284606883,
          "stop" : 1750284608219,
          "duration" : 1336
        }
      }, {
        "uid" : "13c2432c7bd72bec",
        "reportUrl" : "https://Nat754.github.io/PulseWave/423//#testresult/13c2432c7bd72bec",
        "status" : "passed",
        "time" : {
          "start" : 1750184266808,
          "stop" : 1750184268133,
          "duration" : 1325
        }
      }, {
        "uid" : "82db2c35565329e7",
        "reportUrl" : "https://Nat754.github.io/PulseWave/422//#testresult/82db2c35565329e7",
        "status" : "passed",
        "time" : {
          "start" : 1750098011444,
          "stop" : 1750098012771,
          "duration" : 1327
        }
      }, {
        "uid" : "a2142b8ee5d8be60",
        "reportUrl" : "https://Nat754.github.io/PulseWave/421//#testresult/a2142b8ee5d8be60",
        "status" : "passed",
        "time" : {
          "start" : 1750011523240,
          "stop" : 1750011524543,
          "duration" : 1303
        }
      }, {
        "uid" : "ef2dde0351656233",
        "reportUrl" : "https://Nat754.github.io/PulseWave/420//#testresult/ef2dde0351656233",
        "status" : "passed",
        "time" : {
          "start" : 1749925061931,
          "stop" : 1749925063246,
          "duration" : 1315
        }
      }, {
        "uid" : "4e1c02a1c1c04d68",
        "reportUrl" : "https://Nat754.github.io/PulseWave/419//#testresult/4e1c02a1c1c04d68",
        "status" : "passed",
        "time" : {
          "start" : 1749838818931,
          "stop" : 1749838820267,
          "duration" : 1336
        }
      } ]
    },
    "tags" : [ "smoke" ]
  },
  "source" : "2bd4b1f4890b537f.json",
  "parameterValues" : [ "'chrome'" ]
}