{
  "uid" : "2db968981eef5ae0",
  "name" : "Проверка текста кнопки 'Зарегистрироваться'",
  "fullName" : "tests.test_main_page.test_main_page.TestMainPage#test_get_text_body_auth_signup",
  "historyId" : "41f4ffcdcaeadd68202f630634e2fcc9",
  "time" : {
    "start" : 1751223213774,
    "stop" : 1751223213774,
    "duration" : 0
  },
  "status" : "broken",
  "statusMessage" : "selenium.common.exceptions.TimeoutException: Message: \nStacktrace:\n#0 0x55dbfdee345a <unknown>\n#1 0x55dbfd988760 <unknown>\n#2 0x55dbfd9da127 <unknown>\n#3 0x55dbfd9da321 <unknown>\n#4 0x55dbfda28e94 <unknown>\n#5 0x55dbfd9ffe7d <unknown>\n#6 0x55dbfda2630b <unknown>\n#7 0x55dbfd9ffc23 <unknown>\n#8 0x55dbfd9cc4a5 <unknown>\n#9 0x55dbfd9cd111 <unknown>\n#10 0x55dbfdea7f1b <unknown>\n#11 0x55dbfdeabe19 <unknown>\n#12 0x55dbfde8eac9 <unknown>\n#13 0x55dbfdeac9c8 <unknown>\n#14 0x55dbfde7334f <unknown>\n#15 0x55dbfded0a28 <unknown>\n#16 0x55dbfded0c06 <unknown>\n#17 0x55dbfdee2336 <unknown>\n#18 0x7fd53009caa4 <unknown>\n#19 0x7fd530129c3c <unknown>",
  "statusTrace" : "driver = <selenium.webdriver.chrome.webdriver.WebDriver (session=\"7925449c838b7a71399e2bf3ab8622c0\")>\n\n    @pytest.fixture(scope='function')\n    def main_page_open(driver):\n        main_page = MainPage(driver)\n        driver.get(Links.MAIN_PAGE)\n>       main_page.get_allow_all_cookies().click()\n\ntests/test_main_page/conftest.py:10: \n_ _ _ _ _ _ _ _ _ _ _ _ _ _ _ _ _ _ _ _ _ _ _ _ _ _ _ _ _ _ _ _ _ _ _ _ _ _ _ _ \npages/main_page.py:24: in get_allow_all_cookies\n    return self.element_is_visible(self.locator.ALLOW_ALL_COOKIES)\npages/base_page.py:19: in element_is_visible\n    self.go_to_element(self.element_is_present(locator))\npages/base_page.py:35: in element_is_present\n    return Wait(self.driver, self.timeout).until(es.presence_of_element_located(locator))\n_ _ _ _ _ _ _ _ _ _ _ _ _ _ _ _ _ _ _ _ _ _ _ _ _ _ _ _ _ _ _ _ _ _ _ _ _ _ _ _ \n\nself = <selenium.webdriver.support.wait.WebDriverWait (session=\"7925449c838b7a71399e2bf3ab8622c0\")>\nmethod = <function presence_of_element_located.<locals>._predicate at 0x7fd946f9e980>\nmessage = ''\n\n    def until(self, method: Callable[[D], Union[Literal[False], T]], message: str = \"\") -> T:\n        \"\"\"Calls the method provided with the driver as an argument until the \\\n        return value does not evaluate to ``False``.\n    \n        :param method: callable(WebDriver)\n        :param message: optional message for :exc:`TimeoutException`\n        :returns: the result of the last call to `method`\n        :raises: :exc:`selenium.common.exceptions.TimeoutException` if timeout occurs\n        \"\"\"\n        screen = None\n        stacktrace = None\n    \n        end_time = time.monotonic() + self._timeout\n        while True:\n            try:\n                value = method(self._driver)\n                if value:\n                    return value\n            except self._ignored_exceptions as exc:\n                screen = getattr(exc, \"screen\", None)\n                stacktrace = getattr(exc, \"stacktrace\", None)\n            time.sleep(self._poll)\n            if time.monotonic() > end_time:\n                break\n>       raise TimeoutException(message, screen, stacktrace)\nE       selenium.common.exceptions.TimeoutException: Message: \nE       Stacktrace:\nE       #0 0x55dbfdee345a <unknown>\nE       #1 0x55dbfd988760 <unknown>\nE       #2 0x55dbfd9da127 <unknown>\nE       #3 0x55dbfd9da321 <unknown>\nE       #4 0x55dbfda28e94 <unknown>\nE       #5 0x55dbfd9ffe7d <unknown>\nE       #6 0x55dbfda2630b <unknown>\nE       #7 0x55dbfd9ffc23 <unknown>\nE       #8 0x55dbfd9cc4a5 <unknown>\nE       #9 0x55dbfd9cd111 <unknown>\nE       #10 0x55dbfdea7f1b <unknown>\nE       #11 0x55dbfdeabe19 <unknown>\nE       #12 0x55dbfde8eac9 <unknown>\nE       #13 0x55dbfdeac9c8 <unknown>\nE       #14 0x55dbfde7334f <unknown>\nE       #15 0x55dbfded0a28 <unknown>\nE       #16 0x55dbfded0c06 <unknown>\nE       #17 0x55dbfdee2336 <unknown>\nE       #18 0x7fd53009caa4 <unknown>\nE       #19 0x7fd530129c3c <unknown>\n\n/opt/hostedtoolcache/Python/3.12.11/x64/lib/python3.12/site-packages/selenium/webdriver/support/wait.py:105: TimeoutException",
  "flaky" : false,
  "newFailed" : false,
  "beforeStages" : [ {
    "name" : "_session_faker",
    "time" : {
      "start" : 1751220637139,
      "stop" : 1751220637155,
      "duration" : 16
    },
    "status" : "passed",
    "steps" : [ ],
    "attachments" : [ ],
    "parameters" : [ ],
    "stepsCount" : 0,
    "attachmentsCount" : 0,
    "shouldDisplayMessage" : false,
    "hasContent" : false
  }, {
    "name" : "main_page_open",
    "time" : {
      "start" : 1751223214114,
      "stop" : 1751223235998,
      "duration" : 21884
    },
    "status" : "broken",
    "statusMessage" : "selenium.common.exceptions.TimeoutException: Message: \nStacktrace:\n#0 0x55dbfdee345a <unknown>\n#1 0x55dbfd988760 <unknown>\n#2 0x55dbfd9da127 <unknown>\n#3 0x55dbfd9da321 <unknown>\n#4 0x55dbfda28e94 <unknown>\n#5 0x55dbfd9ffe7d <unknown>\n#6 0x55dbfda2630b <unknown>\n#7 0x55dbfd9ffc23 <unknown>\n#8 0x55dbfd9cc4a5 <unknown>\n#9 0x55dbfd9cd111 <unknown>\n#10 0x55dbfdea7f1b <unknown>\n#11 0x55dbfdeabe19 <unknown>\n#12 0x55dbfde8eac9 <unknown>\n#13 0x55dbfdeac9c8 <unknown>\n#14 0x55dbfde7334f <unknown>\n#15 0x55dbfded0a28 <unknown>\n#16 0x55dbfded0c06 <unknown>\n#17 0x55dbfdee2336 <unknown>\n#18 0x7fd53009caa4 <unknown>\n#19 0x7fd530129c3c <unknown>\n\n",
    "statusTrace" : "  File \"/opt/hostedtoolcache/Python/3.12.11/x64/lib/python3.12/site-packages/pluggy/_callers.py\", line 38, in run_old_style_hookwrapper\n    res = yield\n          ^^^^^\n  File \"/opt/hostedtoolcache/Python/3.12.11/x64/lib/python3.12/site-packages/pluggy/_callers.py\", line 139, in _multicall\n    teardown.throw(exception)\n  File \"/opt/hostedtoolcache/Python/3.12.11/x64/lib/python3.12/site-packages/_pytest/setuponly.py\", line 36, in pytest_fixture_setup\n    return (yield)\n            ^^^^^\n  File \"/opt/hostedtoolcache/Python/3.12.11/x64/lib/python3.12/site-packages/pluggy/_callers.py\", line 121, in _multicall\n    res = hook_impl.function(*args)\n          ^^^^^^^^^^^^^^^^^^^^^^^^^\n  File \"/opt/hostedtoolcache/Python/3.12.11/x64/lib/python3.12/site-packages/_pytest/fixtures.py\", line 1140, in pytest_fixture_setup\n    result = call_fixture_func(fixturefunc, request, kwargs)\n             ^^^^^^^^^^^^^^^^^^^^^^^^^^^^^^^^^^^^^^^^^^^^^^^\n  File \"/opt/hostedtoolcache/Python/3.12.11/x64/lib/python3.12/site-packages/_pytest/fixtures.py\", line 917, in call_fixture_func\n    fixture_result = fixturefunc(**kwargs)\n                     ^^^^^^^^^^^^^^^^^^^^^\n  File \"/home/runner/work/PulseWave/PulseWave/tests/test_main_page/conftest.py\", line 10, in main_page_open\n    main_page.get_allow_all_cookies().click()\n    ^^^^^^^^^^^^^^^^^^^^^^^^^^^^^^^^^\n  File \"/opt/hostedtoolcache/Python/3.12.11/x64/lib/python3.12/site-packages/allure_commons/_allure.py\", line 192, in impl\n    return func(*a, **kw)\n           ^^^^^^^^^^^^^^\n  File \"/home/runner/work/PulseWave/PulseWave/pages/main_page.py\", line 24, in get_allow_all_cookies\n    return self.element_is_visible(self.locator.ALLOW_ALL_COOKIES)\n           ^^^^^^^^^^^^^^^^^^^^^^^^^^^^^^^^^^^^^^^^^^^^^^^^^^^^^^^\n  File \"/home/runner/work/PulseWave/PulseWave/pages/base_page.py\", line 19, in element_is_visible\n    self.go_to_element(self.element_is_present(locator))\n                       ^^^^^^^^^^^^^^^^^^^^^^^^^^^^^^^^\n  File \"/home/runner/work/PulseWave/PulseWave/pages/base_page.py\", line 35, in element_is_present\n    return Wait(self.driver, self.timeout).until(es.presence_of_element_located(locator))\n           ^^^^^^^^^^^^^^^^^^^^^^^^^^^^^^^^^^^^^^^^^^^^^^^^^^^^^^^^^^^^^^^^^^^^^^^^^^^^^^\n  File \"/opt/hostedtoolcache/Python/3.12.11/x64/lib/python3.12/site-packages/selenium/webdriver/support/wait.py\", line 105, in until\n    raise TimeoutException(message, screen, stacktrace)\n",
    "steps" : [ {
      "name" : "Проверка видимости кнопки 'Принимаю всё' в сообщении о принятии файлов cookie на Главной странице",
      "time" : {
        "start" : 1751223215993,
        "stop" : 1751223235997,
        "duration" : 20004
      },
      "status" : "broken",
      "statusMessage" : "selenium.common.exceptions.TimeoutException: Message: \nStacktrace:\n#0 0x55dbfdee345a <unknown>\n#1 0x55dbfd988760 <unknown>\n#2 0x55dbfd9da127 <unknown>\n#3 0x55dbfd9da321 <unknown>\n#4 0x55dbfda28e94 <unknown>\n#5 0x55dbfd9ffe7d <unknown>\n#6 0x55dbfda2630b <unknown>\n#7 0x55dbfd9ffc23 <unknown>\n#8 0x55dbfd9cc4a5 <unknown>\n#9 0x55dbfd9cd111 <unknown>\n#10 0x55dbfdea7f1b <unknown>\n#11 0x55dbfdeabe19 <unknown>\n#12 0x55dbfde8eac9 <unknown>\n#13 0x55dbfdeac9c8 <unknown>\n#14 0x55dbfde7334f <unknown>\n#15 0x55dbfded0a28 <unknown>\n#16 0x55dbfded0c06 <unknown>\n#17 0x55dbfdee2336 <unknown>\n#18 0x7fd53009caa4 <unknown>\n#19 0x7fd530129c3c <unknown>\n\n",
      "statusTrace" : "  File \"/opt/hostedtoolcache/Python/3.12.11/x64/lib/python3.12/site-packages/allure_commons/_allure.py\", line 192, in impl\n    return func(*a, **kw)\n           ^^^^^^^^^^^^^^\n  File \"/home/runner/work/PulseWave/PulseWave/pages/main_page.py\", line 24, in get_allow_all_cookies\n    return self.element_is_visible(self.locator.ALLOW_ALL_COOKIES)\n           ^^^^^^^^^^^^^^^^^^^^^^^^^^^^^^^^^^^^^^^^^^^^^^^^^^^^^^^\n  File \"/home/runner/work/PulseWave/PulseWave/pages/base_page.py\", line 19, in element_is_visible\n    self.go_to_element(self.element_is_present(locator))\n                       ^^^^^^^^^^^^^^^^^^^^^^^^^^^^^^^^\n  File \"/home/runner/work/PulseWave/PulseWave/pages/base_page.py\", line 35, in element_is_present\n    return Wait(self.driver, self.timeout).until(es.presence_of_element_located(locator))\n           ^^^^^^^^^^^^^^^^^^^^^^^^^^^^^^^^^^^^^^^^^^^^^^^^^^^^^^^^^^^^^^^^^^^^^^^^^^^^^^\n  File \"/opt/hostedtoolcache/Python/3.12.11/x64/lib/python3.12/site-packages/selenium/webdriver/support/wait.py\", line 105, in until\n    raise TimeoutException(message, screen, stacktrace)\n",
      "steps" : [ ],
      "attachments" : [ ],
      "parameters" : [ ],
      "stepsCount" : 0,
      "attachmentsCount" : 0,
      "shouldDisplayMessage" : true,
      "hasContent" : true
    } ],
    "attachments" : [ ],
    "parameters" : [ ],
    "stepsCount" : 1,
    "attachmentsCount" : 0,
    "shouldDisplayMessage" : false,
    "hasContent" : true
  }, {
    "name" : "clear_allure_results_folder",
    "time" : {
      "start" : 1751220637155,
      "stop" : 1751220637155,
      "duration" : 0
    },
    "status" : "passed",
    "steps" : [ ],
    "attachments" : [ ],
    "parameters" : [ ],
    "stepsCount" : 0,
    "attachmentsCount" : 0,
    "shouldDisplayMessage" : false,
    "hasContent" : false
  }, {
    "name" : "driver",
    "time" : {
      "start" : 1751223213775,
      "stop" : 1751223214114,
      "duration" : 339
    },
    "status" : "passed",
    "steps" : [ ],
    "attachments" : [ ],
    "parameters" : [ ],
    "stepsCount" : 0,
    "attachmentsCount" : 0,
    "shouldDisplayMessage" : false,
    "hasContent" : false
  } ],
  "afterStages" : [ {
    "name" : "driver::0",
    "time" : {
      "start" : 1751223236010,
      "stop" : 1751223236077,
      "duration" : 67
    },
    "status" : "passed",
    "steps" : [ ],
    "attachments" : [ ],
    "parameters" : [ ],
    "stepsCount" : 0,
    "attachmentsCount" : 0,
    "shouldDisplayMessage" : false,
    "hasContent" : false
  } ],
  "labels" : [ {
    "name" : "epic",
    "value" : "Тестирование Главной страницы"
  }, {
    "name" : "tag",
    "value" : "regress"
  }, {
    "name" : "parentSuite",
    "value" : "tests.test_main_page"
  }, {
    "name" : "suite",
    "value" : "test_main_page"
  }, {
    "name" : "subSuite",
    "value" : "TestMainPage"
  }, {
    "name" : "host",
    "value" : "pkrvmbietmlfzoi"
  }, {
    "name" : "thread",
    "value" : "2672-MainThread"
  }, {
    "name" : "framework",
    "value" : "pytest"
  }, {
    "name" : "language",
    "value" : "cpython3"
  }, {
    "name" : "package",
    "value" : "tests.test_main_page.test_main_page"
  }, {
    "name" : "resultFormat",
    "value" : "allure2"
  } ],
  "parameters" : [ {
    "name" : "browser",
    "value" : "'chrome'"
  } ],
  "links" : [ ],
  "hidden" : false,
  "retry" : false,
  "extra" : {
    "severity" : "normal",
    "retries" : [ ],
    "categories" : [ {
      "name" : "Test defects",
      "matchedStatuses" : [ ],
      "flaky" : false
    } ],
    "history" : {
      "statistic" : {
        "failed" : 0,
        "broken" : 4,
        "skipped" : 0,
        "passed" : 485,
        "unknown" : 0,
        "total" : 489
      },
      "items" : [ {
        "uid" : "dda783b4ec7941ac",
        "reportUrl" : "https://Nat754.github.io/PulseWave/434//#testresult/dda783b4ec7941ac",
        "status" : "passed",
        "time" : {
          "start" : 1751174903503,
          "stop" : 1751174903548,
          "duration" : 45
        }
      }, {
        "uid" : "3a92cc17a5b90d1e",
        "reportUrl" : "https://Nat754.github.io/PulseWave/434//#testresult/3a92cc17a5b90d1e",
        "status" : "passed",
        "time" : {
          "start" : 1751145522321,
          "stop" : 1751145522361,
          "duration" : 40
        }
      }, {
        "uid" : "4c9698492c1e5d3c",
        "reportUrl" : "https://Nat754.github.io/PulseWave/434//#testresult/4c9698492c1e5d3c",
        "status" : "passed",
        "time" : {
          "start" : 1751134825346,
          "stop" : 1751134825389,
          "duration" : 43
        }
      }, {
        "uid" : "564574204d620fc6",
        "reportUrl" : "https://Nat754.github.io/PulseWave/433//#testresult/564574204d620fc6",
        "status" : "passed",
        "time" : {
          "start" : 1751048351129,
          "stop" : 1751048351172,
          "duration" : 43
        }
      }, {
        "uid" : "dfaab4ca20f5aa9c",
        "reportUrl" : "https://Nat754.github.io/PulseWave/432//#testresult/dfaab4ca20f5aa9c",
        "status" : "passed",
        "time" : {
          "start" : 1750961984936,
          "stop" : 1750961984975,
          "duration" : 39
        }
      }, {
        "uid" : "4ad66786bb1f137e",
        "reportUrl" : "https://Nat754.github.io/PulseWave/431//#testresult/4ad66786bb1f137e",
        "status" : "passed",
        "time" : {
          "start" : 1750877402238,
          "stop" : 1750877402277,
          "duration" : 39
        }
      }, {
        "uid" : "787dd0d38e0a8012",
        "reportUrl" : "https://Nat754.github.io/PulseWave/431//#testresult/787dd0d38e0a8012",
        "status" : "passed",
        "time" : {
          "start" : 1750875611230,
          "stop" : 1750875611276,
          "duration" : 46
        }
      }, {
        "uid" : "557de2e32bd29776",
        "reportUrl" : "https://Nat754.github.io/PulseWave/430//#testresult/557de2e32bd29776",
        "status" : "passed",
        "time" : {
          "start" : 1750789176535,
          "stop" : 1750789176578,
          "duration" : 43
        }
      }, {
        "uid" : "e07cd282517f344",
        "reportUrl" : "https://Nat754.github.io/PulseWave/429//#testresult/e07cd282517f344",
        "status" : "passed",
        "time" : {
          "start" : 1750702828501,
          "stop" : 1750702828542,
          "duration" : 41
        }
      }, {
        "uid" : "aa0f0d9381ab0205",
        "reportUrl" : "https://Nat754.github.io/PulseWave/428//#testresult/aa0f0d9381ab0205",
        "status" : "passed",
        "time" : {
          "start" : 1750616261261,
          "stop" : 1750616261303,
          "duration" : 42
        }
      }, {
        "uid" : "9e0f5d27ec2bf0fd",
        "reportUrl" : "https://Nat754.github.io/PulseWave/427//#testresult/9e0f5d27ec2bf0fd",
        "status" : "passed",
        "time" : {
          "start" : 1750529827874,
          "stop" : 1750529827917,
          "duration" : 43
        }
      }, {
        "uid" : "4c4c924a8480e08",
        "reportUrl" : "https://Nat754.github.io/PulseWave/426//#testresult/4c4c924a8480e08",
        "status" : "passed",
        "time" : {
          "start" : 1750443572940,
          "stop" : 1750443572982,
          "duration" : 42
        }
      }, {
        "uid" : "c77c8081735c3ab9",
        "reportUrl" : "https://Nat754.github.io/PulseWave/425//#testresult/c77c8081735c3ab9",
        "status" : "passed",
        "time" : {
          "start" : 1750393768519,
          "stop" : 1750393768557,
          "duration" : 38
        }
      }, {
        "uid" : "893745a8447e2df9",
        "reportUrl" : "https://Nat754.github.io/PulseWave/425//#testresult/893745a8447e2df9",
        "status" : "passed",
        "time" : {
          "start" : 1750376403241,
          "stop" : 1750376403280,
          "duration" : 39
        }
      }, {
        "uid" : "80879a53bb61626",
        "reportUrl" : "https://Nat754.github.io/PulseWave/424//#testresult/80879a53bb61626",
        "status" : "passed",
        "time" : {
          "start" : 1750284701867,
          "stop" : 1750284701909,
          "duration" : 42
        }
      }, {
        "uid" : "890515e0048d5db3",
        "reportUrl" : "https://Nat754.github.io/PulseWave/423//#testresult/890515e0048d5db3",
        "status" : "passed",
        "time" : {
          "start" : 1750184351199,
          "stop" : 1750184351242,
          "duration" : 43
        }
      }, {
        "uid" : "7c2ffcb194bfd48c",
        "reportUrl" : "https://Nat754.github.io/PulseWave/422//#testresult/7c2ffcb194bfd48c",
        "status" : "passed",
        "time" : {
          "start" : 1750098129038,
          "stop" : 1750098129081,
          "duration" : 43
        }
      }, {
        "uid" : "d14b072c87966e17",
        "reportUrl" : "https://Nat754.github.io/PulseWave/421//#testresult/d14b072c87966e17",
        "status" : "passed",
        "time" : {
          "start" : 1750011640380,
          "stop" : 1750011640420,
          "duration" : 40
        }
      }, {
        "uid" : "ece9b841f02ec8ab",
        "reportUrl" : "https://Nat754.github.io/PulseWave/420//#testresult/ece9b841f02ec8ab",
        "status" : "passed",
        "time" : {
          "start" : 1749925170535,
          "stop" : 1749925170573,
          "duration" : 38
        }
      }, {
        "uid" : "997641f4487cbaa3",
        "reportUrl" : "https://Nat754.github.io/PulseWave/419//#testresult/997641f4487cbaa3",
        "status" : "passed",
        "time" : {
          "start" : 1749838936218,
          "stop" : 1749838936258,
          "duration" : 40
        }
      } ]
    },
    "tags" : [ "regress" ]
  },
  "source" : "2db968981eef5ae0.json",
  "parameterValues" : [ "'chrome'" ]
}