{
  "uid" : "559162442142ee6f",
  "name" : "test_get_css_property[font-family-Mulish, sans-serif-\\u0448\\u0440\\u0438\\u0444\\u0442\\u0430-chrome]",
  "fullName" : "tests.test_login_page.test_login_page.TestLoginPage#test_get_css_property",
  "historyId" : "6c6fadebabf5f07baafb4e5464e41ff5",
  "time" : {
    "start" : 1751222496210,
    "stop" : 1751222496210,
    "duration" : 0
  },
  "status" : "broken",
  "statusMessage" : "selenium.common.exceptions.TimeoutException: Message: \nStacktrace:\n#0 0x55db4045045a <unknown>\n#1 0x55db3fef5760 <unknown>\n#2 0x55db3ff47127 <unknown>\n#3 0x55db3ff47321 <unknown>\n#4 0x55db3ff95e94 <unknown>\n#5 0x55db3ff6ce7d <unknown>\n#6 0x55db3ff9330b <unknown>\n#7 0x55db3ff6cc23 <unknown>\n#8 0x55db3ff394a5 <unknown>\n#9 0x55db3ff3a111 <unknown>\n#10 0x55db40414f1b <unknown>\n#11 0x55db40418e19 <unknown>\n#12 0x55db403fbac9 <unknown>\n#13 0x55db404199c8 <unknown>\n#14 0x55db403e034f <unknown>\n#15 0x55db4043da28 <unknown>\n#16 0x55db4043dc06 <unknown>\n#17 0x55db4044f336 <unknown>\n#18 0x7f711ca9caa4 <unknown>\n#19 0x7f711cb29c3c <unknown>",
  "statusTrace" : "driver = <selenium.webdriver.chrome.webdriver.WebDriver (session=\"bae1ce903746ef9b6a0000291084a34c\")>\n\n    @pytest.fixture(scope='function')\n    def login_page_open(driver):\n        login_page = LoginPage(driver)\n        driver.get(Links.LOGIN_PAGE)\n>       login_page.get_allow_all_cookies().click()\n\ntests/test_login_page/conftest.py:10: \n_ _ _ _ _ _ _ _ _ _ _ _ _ _ _ _ _ _ _ _ _ _ _ _ _ _ _ _ _ _ _ _ _ _ _ _ _ _ _ _ \npages/login_page.py:20: in get_allow_all_cookies\n    return self.element_is_visible(self.locator.ALLOW_ALL_COOKIES)\npages/base_page.py:19: in element_is_visible\n    self.go_to_element(self.element_is_present(locator))\npages/base_page.py:35: in element_is_present\n    return Wait(self.driver, self.timeout).until(es.presence_of_element_located(locator))\n_ _ _ _ _ _ _ _ _ _ _ _ _ _ _ _ _ _ _ _ _ _ _ _ _ _ _ _ _ _ _ _ _ _ _ _ _ _ _ _ \n\nself = <selenium.webdriver.support.wait.WebDriverWait (session=\"bae1ce903746ef9b6a0000291084a34c\")>\nmethod = <function presence_of_element_located.<locals>._predicate at 0x7fd948c8ec00>\nmessage = ''\n\n    def until(self, method: Callable[[D], Union[Literal[False], T]], message: str = \"\") -> T:\n        \"\"\"Calls the method provided with the driver as an argument until the \\\n        return value does not evaluate to ``False``.\n    \n        :param method: callable(WebDriver)\n        :param message: optional message for :exc:`TimeoutException`\n        :returns: the result of the last call to `method`\n        :raises: :exc:`selenium.common.exceptions.TimeoutException` if timeout occurs\n        \"\"\"\n        screen = None\n        stacktrace = None\n    \n        end_time = time.monotonic() + self._timeout\n        while True:\n            try:\n                value = method(self._driver)\n                if value:\n                    return value\n            except self._ignored_exceptions as exc:\n                screen = getattr(exc, \"screen\", None)\n                stacktrace = getattr(exc, \"stacktrace\", None)\n            time.sleep(self._poll)\n            if time.monotonic() > end_time:\n                break\n>       raise TimeoutException(message, screen, stacktrace)\nE       selenium.common.exceptions.TimeoutException: Message: \nE       Stacktrace:\nE       #0 0x55db4045045a <unknown>\nE       #1 0x55db3fef5760 <unknown>\nE       #2 0x55db3ff47127 <unknown>\nE       #3 0x55db3ff47321 <unknown>\nE       #4 0x55db3ff95e94 <unknown>\nE       #5 0x55db3ff6ce7d <unknown>\nE       #6 0x55db3ff9330b <unknown>\nE       #7 0x55db3ff6cc23 <unknown>\nE       #8 0x55db3ff394a5 <unknown>\nE       #9 0x55db3ff3a111 <unknown>\nE       #10 0x55db40414f1b <unknown>\nE       #11 0x55db40418e19 <unknown>\nE       #12 0x55db403fbac9 <unknown>\nE       #13 0x55db404199c8 <unknown>\nE       #14 0x55db403e034f <unknown>\nE       #15 0x55db4043da28 <unknown>\nE       #16 0x55db4043dc06 <unknown>\nE       #17 0x55db4044f336 <unknown>\nE       #18 0x7f711ca9caa4 <unknown>\nE       #19 0x7f711cb29c3c <unknown>\n\n/opt/hostedtoolcache/Python/3.12.11/x64/lib/python3.12/site-packages/selenium/webdriver/support/wait.py:105: TimeoutException",
  "flaky" : false,
  "newFailed" : false,
  "beforeStages" : [ {
    "name" : "driver",
    "time" : {
      "start" : 1751222496210,
      "stop" : 1751222496540,
      "duration" : 330
    },
    "status" : "passed",
    "steps" : [ ],
    "attachments" : [ ],
    "parameters" : [ ],
    "stepsCount" : 0,
    "attachmentsCount" : 0,
    "shouldDisplayMessage" : false,
    "hasContent" : false
  }, {
    "name" : "_session_faker",
    "time" : {
      "start" : 1751220637139,
      "stop" : 1751220637155,
      "duration" : 16
    },
    "status" : "passed",
    "steps" : [ ],
    "attachments" : [ ],
    "parameters" : [ ],
    "stepsCount" : 0,
    "attachmentsCount" : 0,
    "shouldDisplayMessage" : false,
    "hasContent" : false
  }, {
    "name" : "login_page_open",
    "time" : {
      "start" : 1751222496540,
      "stop" : 1751222518676,
      "duration" : 22136
    },
    "status" : "broken",
    "statusMessage" : "selenium.common.exceptions.TimeoutException: Message: \nStacktrace:\n#0 0x55db4045045a <unknown>\n#1 0x55db3fef5760 <unknown>\n#2 0x55db3ff47127 <unknown>\n#3 0x55db3ff47321 <unknown>\n#4 0x55db3ff95e94 <unknown>\n#5 0x55db3ff6ce7d <unknown>\n#6 0x55db3ff9330b <unknown>\n#7 0x55db3ff6cc23 <unknown>\n#8 0x55db3ff394a5 <unknown>\n#9 0x55db3ff3a111 <unknown>\n#10 0x55db40414f1b <unknown>\n#11 0x55db40418e19 <unknown>\n#12 0x55db403fbac9 <unknown>\n#13 0x55db404199c8 <unknown>\n#14 0x55db403e034f <unknown>\n#15 0x55db4043da28 <unknown>\n#16 0x55db4043dc06 <unknown>\n#17 0x55db4044f336 <unknown>\n#18 0x7f711ca9caa4 <unknown>\n#19 0x7f711cb29c3c <unknown>\n\n",
    "statusTrace" : "  File \"/opt/hostedtoolcache/Python/3.12.11/x64/lib/python3.12/site-packages/pluggy/_callers.py\", line 38, in run_old_style_hookwrapper\n    res = yield\n          ^^^^^\n  File \"/opt/hostedtoolcache/Python/3.12.11/x64/lib/python3.12/site-packages/pluggy/_callers.py\", line 139, in _multicall\n    teardown.throw(exception)\n  File \"/opt/hostedtoolcache/Python/3.12.11/x64/lib/python3.12/site-packages/_pytest/setuponly.py\", line 36, in pytest_fixture_setup\n    return (yield)\n            ^^^^^\n  File \"/opt/hostedtoolcache/Python/3.12.11/x64/lib/python3.12/site-packages/pluggy/_callers.py\", line 121, in _multicall\n    res = hook_impl.function(*args)\n          ^^^^^^^^^^^^^^^^^^^^^^^^^\n  File \"/opt/hostedtoolcache/Python/3.12.11/x64/lib/python3.12/site-packages/_pytest/fixtures.py\", line 1140, in pytest_fixture_setup\n    result = call_fixture_func(fixturefunc, request, kwargs)\n             ^^^^^^^^^^^^^^^^^^^^^^^^^^^^^^^^^^^^^^^^^^^^^^^\n  File \"/opt/hostedtoolcache/Python/3.12.11/x64/lib/python3.12/site-packages/_pytest/fixtures.py\", line 917, in call_fixture_func\n    fixture_result = fixturefunc(**kwargs)\n                     ^^^^^^^^^^^^^^^^^^^^^\n  File \"/home/runner/work/PulseWave/PulseWave/tests/test_login_page/conftest.py\", line 10, in login_page_open\n    login_page.get_allow_all_cookies().click()\n    ^^^^^^^^^^^^^^^^^^^^^^^^^^^^^^^^^^\n  File \"/opt/hostedtoolcache/Python/3.12.11/x64/lib/python3.12/site-packages/allure_commons/_allure.py\", line 192, in impl\n    return func(*a, **kw)\n           ^^^^^^^^^^^^^^\n  File \"/home/runner/work/PulseWave/PulseWave/pages/login_page.py\", line 20, in get_allow_all_cookies\n    return self.element_is_visible(self.locator.ALLOW_ALL_COOKIES)\n           ^^^^^^^^^^^^^^^^^^^^^^^^^^^^^^^^^^^^^^^^^^^^^^^^^^^^^^^\n  File \"/home/runner/work/PulseWave/PulseWave/pages/base_page.py\", line 19, in element_is_visible\n    self.go_to_element(self.element_is_present(locator))\n                       ^^^^^^^^^^^^^^^^^^^^^^^^^^^^^^^^\n  File \"/home/runner/work/PulseWave/PulseWave/pages/base_page.py\", line 35, in element_is_present\n    return Wait(self.driver, self.timeout).until(es.presence_of_element_located(locator))\n           ^^^^^^^^^^^^^^^^^^^^^^^^^^^^^^^^^^^^^^^^^^^^^^^^^^^^^^^^^^^^^^^^^^^^^^^^^^^^^^\n  File \"/opt/hostedtoolcache/Python/3.12.11/x64/lib/python3.12/site-packages/selenium/webdriver/support/wait.py\", line 105, in until\n    raise TimeoutException(message, screen, stacktrace)\n",
    "steps" : [ {
      "name" : "Проверка видимости кнопки 'Принимаю все' в сообщении о принятии файлов cookie",
      "time" : {
        "start" : 1751222498170,
        "stop" : 1751222518675,
        "duration" : 20505
      },
      "status" : "broken",
      "statusMessage" : "selenium.common.exceptions.TimeoutException: Message: \nStacktrace:\n#0 0x55db4045045a <unknown>\n#1 0x55db3fef5760 <unknown>\n#2 0x55db3ff47127 <unknown>\n#3 0x55db3ff47321 <unknown>\n#4 0x55db3ff95e94 <unknown>\n#5 0x55db3ff6ce7d <unknown>\n#6 0x55db3ff9330b <unknown>\n#7 0x55db3ff6cc23 <unknown>\n#8 0x55db3ff394a5 <unknown>\n#9 0x55db3ff3a111 <unknown>\n#10 0x55db40414f1b <unknown>\n#11 0x55db40418e19 <unknown>\n#12 0x55db403fbac9 <unknown>\n#13 0x55db404199c8 <unknown>\n#14 0x55db403e034f <unknown>\n#15 0x55db4043da28 <unknown>\n#16 0x55db4043dc06 <unknown>\n#17 0x55db4044f336 <unknown>\n#18 0x7f711ca9caa4 <unknown>\n#19 0x7f711cb29c3c <unknown>\n\n",
      "statusTrace" : "  File \"/opt/hostedtoolcache/Python/3.12.11/x64/lib/python3.12/site-packages/allure_commons/_allure.py\", line 192, in impl\n    return func(*a, **kw)\n           ^^^^^^^^^^^^^^\n  File \"/home/runner/work/PulseWave/PulseWave/pages/login_page.py\", line 20, in get_allow_all_cookies\n    return self.element_is_visible(self.locator.ALLOW_ALL_COOKIES)\n           ^^^^^^^^^^^^^^^^^^^^^^^^^^^^^^^^^^^^^^^^^^^^^^^^^^^^^^^\n  File \"/home/runner/work/PulseWave/PulseWave/pages/base_page.py\", line 19, in element_is_visible\n    self.go_to_element(self.element_is_present(locator))\n                       ^^^^^^^^^^^^^^^^^^^^^^^^^^^^^^^^\n  File \"/home/runner/work/PulseWave/PulseWave/pages/base_page.py\", line 35, in element_is_present\n    return Wait(self.driver, self.timeout).until(es.presence_of_element_located(locator))\n           ^^^^^^^^^^^^^^^^^^^^^^^^^^^^^^^^^^^^^^^^^^^^^^^^^^^^^^^^^^^^^^^^^^^^^^^^^^^^^^\n  File \"/opt/hostedtoolcache/Python/3.12.11/x64/lib/python3.12/site-packages/selenium/webdriver/support/wait.py\", line 105, in until\n    raise TimeoutException(message, screen, stacktrace)\n",
      "steps" : [ ],
      "attachments" : [ ],
      "parameters" : [ ],
      "stepsCount" : 0,
      "attachmentsCount" : 0,
      "shouldDisplayMessage" : true,
      "hasContent" : true
    } ],
    "attachments" : [ ],
    "parameters" : [ ],
    "stepsCount" : 1,
    "attachmentsCount" : 0,
    "shouldDisplayMessage" : false,
    "hasContent" : true
  }, {
    "name" : "clear_allure_results_folder",
    "time" : {
      "start" : 1751220637155,
      "stop" : 1751220637155,
      "duration" : 0
    },
    "status" : "passed",
    "steps" : [ ],
    "attachments" : [ ],
    "parameters" : [ ],
    "stepsCount" : 0,
    "attachmentsCount" : 0,
    "shouldDisplayMessage" : false,
    "hasContent" : false
  } ],
  "afterStages" : [ {
    "name" : "driver::0",
    "time" : {
      "start" : 1751222518693,
      "stop" : 1751222518757,
      "duration" : 64
    },
    "status" : "passed",
    "steps" : [ ],
    "attachments" : [ ],
    "parameters" : [ ],
    "stepsCount" : 0,
    "attachmentsCount" : 0,
    "shouldDisplayMessage" : false,
    "hasContent" : false
  } ],
  "labels" : [ {
    "name" : "epic",
    "value" : "Тестирование страницы 'Войти'"
  }, {
    "name" : "tag",
    "value" : "regress"
  }, {
    "name" : "parentSuite",
    "value" : "tests.test_login_page"
  }, {
    "name" : "suite",
    "value" : "test_login_page"
  }, {
    "name" : "subSuite",
    "value" : "TestLoginPage"
  }, {
    "name" : "host",
    "value" : "pkrvmbietmlfzoi"
  }, {
    "name" : "thread",
    "value" : "2672-MainThread"
  }, {
    "name" : "framework",
    "value" : "pytest"
  }, {
    "name" : "language",
    "value" : "cpython3"
  }, {
    "name" : "package",
    "value" : "tests.test_login_page.test_login_page"
  }, {
    "name" : "resultFormat",
    "value" : "allure2"
  } ],
  "parameters" : [ {
    "name" : "browser",
    "value" : "'chrome'"
  }, {
    "name" : "css_property",
    "value" : "'font-family'"
  }, {
    "name" : "figma",
    "value" : "'Mulish, sans-serif'"
  }, {
    "name" : "name",
    "value" : "'шрифта'"
  } ],
  "links" : [ ],
  "hidden" : false,
  "retry" : false,
  "extra" : {
    "severity" : "normal",
    "retries" : [ ],
    "categories" : [ {
      "name" : "Test defects",
      "matchedStatuses" : [ ],
      "flaky" : false
    } ],
    "history" : {
      "statistic" : {
        "failed" : 0,
        "broken" : 4,
        "skipped" : 0,
        "passed" : 485,
        "unknown" : 0,
        "total" : 489
      },
      "items" : [ {
        "uid" : "130b67c8e1087c92",
        "reportUrl" : "https://Nat754.github.io/PulseWave/434//#testresult/130b67c8e1087c92",
        "status" : "passed",
        "time" : {
          "start" : 1751174797657,
          "stop" : 1751174797698,
          "duration" : 41
        }
      }, {
        "uid" : "982ca21a5edca32b",
        "reportUrl" : "https://Nat754.github.io/PulseWave/434//#testresult/982ca21a5edca32b",
        "status" : "passed",
        "time" : {
          "start" : 1751145413585,
          "stop" : 1751145413622,
          "duration" : 37
        }
      }, {
        "uid" : "4e3fadee620d5026",
        "reportUrl" : "https://Nat754.github.io/PulseWave/434//#testresult/4e3fadee620d5026",
        "status" : "passed",
        "time" : {
          "start" : 1751134681425,
          "stop" : 1751134681459,
          "duration" : 34
        }
      }, {
        "uid" : "5f25d134e500eff0",
        "reportUrl" : "https://Nat754.github.io/PulseWave/433//#testresult/5f25d134e500eff0",
        "status" : "passed",
        "time" : {
          "start" : 1751048244383,
          "stop" : 1751048244419,
          "duration" : 36
        }
      }, {
        "uid" : "970b56f41dfa6519",
        "reportUrl" : "https://Nat754.github.io/PulseWave/432//#testresult/970b56f41dfa6519",
        "status" : "passed",
        "time" : {
          "start" : 1750961880331,
          "stop" : 1750961880379,
          "duration" : 48
        }
      }, {
        "uid" : "b32a0550f3df0fdd",
        "reportUrl" : "https://Nat754.github.io/PulseWave/431//#testresult/b32a0550f3df0fdd",
        "status" : "passed",
        "time" : {
          "start" : 1750877263213,
          "stop" : 1750877263759,
          "duration" : 546
        }
      }, {
        "uid" : "6b0d8ab27e55190a",
        "reportUrl" : "https://Nat754.github.io/PulseWave/431//#testresult/6b0d8ab27e55190a",
        "status" : "passed",
        "time" : {
          "start" : 1750875506098,
          "stop" : 1750875506137,
          "duration" : 39
        }
      }, {
        "uid" : "33a8b86cf1a80cde",
        "reportUrl" : "https://Nat754.github.io/PulseWave/430//#testresult/33a8b86cf1a80cde",
        "status" : "passed",
        "time" : {
          "start" : 1750789071416,
          "stop" : 1750789071450,
          "duration" : 34
        }
      }, {
        "uid" : "e58f589645ded166",
        "reportUrl" : "https://Nat754.github.io/PulseWave/429//#testresult/e58f589645ded166",
        "status" : "passed",
        "time" : {
          "start" : 1750702711818,
          "stop" : 1750702711853,
          "duration" : 35
        }
      }, {
        "uid" : "85baa20e70eeb8f5",
        "reportUrl" : "https://Nat754.github.io/PulseWave/428//#testresult/85baa20e70eeb8f5",
        "status" : "passed",
        "time" : {
          "start" : 1750616154754,
          "stop" : 1750616154790,
          "duration" : 36
        }
      }, {
        "uid" : "79290fcb89b374df",
        "reportUrl" : "https://Nat754.github.io/PulseWave/427//#testresult/79290fcb89b374df",
        "status" : "passed",
        "time" : {
          "start" : 1750529724442,
          "stop" : 1750529724485,
          "duration" : 43
        }
      }, {
        "uid" : "f4030a9c61c9351e",
        "reportUrl" : "https://Nat754.github.io/PulseWave/426//#testresult/f4030a9c61c9351e",
        "status" : "passed",
        "time" : {
          "start" : 1750443457966,
          "stop" : 1750443458002,
          "duration" : 36
        }
      }, {
        "uid" : "421e84d34639e29b",
        "reportUrl" : "https://Nat754.github.io/PulseWave/425//#testresult/421e84d34639e29b",
        "status" : "passed",
        "time" : {
          "start" : 1750393663116,
          "stop" : 1750393663151,
          "duration" : 35
        }
      }, {
        "uid" : "6cfe6effc788a833",
        "reportUrl" : "https://Nat754.github.io/PulseWave/425//#testresult/6cfe6effc788a833",
        "status" : "passed",
        "time" : {
          "start" : 1750376275048,
          "stop" : 1750376275081,
          "duration" : 33
        }
      }, {
        "uid" : "279b9f8eb62d1a69",
        "reportUrl" : "https://Nat754.github.io/PulseWave/424//#testresult/279b9f8eb62d1a69",
        "status" : "passed",
        "time" : {
          "start" : 1750284586679,
          "stop" : 1750284586720,
          "duration" : 41
        }
      }, {
        "uid" : "a47f1ce7c815f957",
        "reportUrl" : "https://Nat754.github.io/PulseWave/423//#testresult/a47f1ce7c815f957",
        "status" : "passed",
        "time" : {
          "start" : 1750184248168,
          "stop" : 1750184248207,
          "duration" : 39
        }
      }, {
        "uid" : "7d4d59e6b057e0a0",
        "reportUrl" : "https://Nat754.github.io/PulseWave/422//#testresult/7d4d59e6b057e0a0",
        "status" : "passed",
        "time" : {
          "start" : 1750097986307,
          "stop" : 1750097986344,
          "duration" : 37
        }
      }, {
        "uid" : "ff5caec8d51e17a4",
        "reportUrl" : "https://Nat754.github.io/PulseWave/421//#testresult/ff5caec8d51e17a4",
        "status" : "passed",
        "time" : {
          "start" : 1750011497925,
          "stop" : 1750011497962,
          "duration" : 37
        }
      }, {
        "uid" : "fa75cbe8daa71299",
        "reportUrl" : "https://Nat754.github.io/PulseWave/420//#testresult/fa75cbe8daa71299",
        "status" : "passed",
        "time" : {
          "start" : 1749925038071,
          "stop" : 1749925038116,
          "duration" : 45
        }
      }, {
        "uid" : "f80ed704899779cd",
        "reportUrl" : "https://Nat754.github.io/PulseWave/419//#testresult/f80ed704899779cd",
        "status" : "passed",
        "time" : {
          "start" : 1749838793648,
          "stop" : 1749838793688,
          "duration" : 40
        }
      } ]
    },
    "tags" : [ "regress" ]
  },
  "source" : "559162442142ee6f.json",
  "parameterValues" : [ "'chrome'", "'font-family'", "'Mulish, sans-serif'", "'шрифта'" ]
}