{
  "uid" : "5c5ceabd613b62cc",
  "name" : "Проверка текста элемента 'Ваша безопасность и конфиденциальность для нас на первом месте!'",
  "fullName" : "tests.test_main_page.test_main_page.TestMainPage#test_get_text_body_first_safety",
  "historyId" : "2d14f40b04107ab626ff86c7067e5683",
  "time" : {
    "start" : 1751223303185,
    "stop" : 1751223303185,
    "duration" : 0
  },
  "status" : "broken",
  "statusMessage" : "selenium.common.exceptions.TimeoutException: Message: \nStacktrace:\n#0 0x55de5087f45a <unknown>\n#1 0x55de50324760 <unknown>\n#2 0x55de50376127 <unknown>\n#3 0x55de50376321 <unknown>\n#4 0x55de503c4e94 <unknown>\n#5 0x55de5039be7d <unknown>\n#6 0x55de503c230b <unknown>\n#7 0x55de5039bc23 <unknown>\n#8 0x55de503684a5 <unknown>\n#9 0x55de50369111 <unknown>\n#10 0x55de50843f1b <unknown>\n#11 0x55de50847e19 <unknown>\n#12 0x55de5082aac9 <unknown>\n#13 0x55de508489c8 <unknown>\n#14 0x55de5080f34f <unknown>\n#15 0x55de5086ca28 <unknown>\n#16 0x55de5086cc06 <unknown>\n#17 0x55de5087e336 <unknown>\n#18 0x7f331d29caa4 <unknown>\n#19 0x7f331d329c3c <unknown>",
  "statusTrace" : "driver = <selenium.webdriver.chrome.webdriver.WebDriver (session=\"951598998833e482e7db62f5603cdd84\")>\n\n    @pytest.fixture(scope='function')\n    def main_page_open(driver):\n        main_page = MainPage(driver)\n        driver.get(Links.MAIN_PAGE)\n>       main_page.get_allow_all_cookies().click()\n\ntests/test_main_page/conftest.py:10: \n_ _ _ _ _ _ _ _ _ _ _ _ _ _ _ _ _ _ _ _ _ _ _ _ _ _ _ _ _ _ _ _ _ _ _ _ _ _ _ _ \npages/main_page.py:24: in get_allow_all_cookies\n    return self.element_is_visible(self.locator.ALLOW_ALL_COOKIES)\npages/base_page.py:19: in element_is_visible\n    self.go_to_element(self.element_is_present(locator))\npages/base_page.py:35: in element_is_present\n    return Wait(self.driver, self.timeout).until(es.presence_of_element_located(locator))\n_ _ _ _ _ _ _ _ _ _ _ _ _ _ _ _ _ _ _ _ _ _ _ _ _ _ _ _ _ _ _ _ _ _ _ _ _ _ _ _ \n\nself = <selenium.webdriver.support.wait.WebDriverWait (session=\"951598998833e482e7db62f5603cdd84\")>\nmethod = <function presence_of_element_located.<locals>._predicate at 0x7fd946f9ef20>\nmessage = ''\n\n    def until(self, method: Callable[[D], Union[Literal[False], T]], message: str = \"\") -> T:\n        \"\"\"Calls the method provided with the driver as an argument until the \\\n        return value does not evaluate to ``False``.\n    \n        :param method: callable(WebDriver)\n        :param message: optional message for :exc:`TimeoutException`\n        :returns: the result of the last call to `method`\n        :raises: :exc:`selenium.common.exceptions.TimeoutException` if timeout occurs\n        \"\"\"\n        screen = None\n        stacktrace = None\n    \n        end_time = time.monotonic() + self._timeout\n        while True:\n            try:\n                value = method(self._driver)\n                if value:\n                    return value\n            except self._ignored_exceptions as exc:\n                screen = getattr(exc, \"screen\", None)\n                stacktrace = getattr(exc, \"stacktrace\", None)\n            time.sleep(self._poll)\n            if time.monotonic() > end_time:\n                break\n>       raise TimeoutException(message, screen, stacktrace)\nE       selenium.common.exceptions.TimeoutException: Message: \nE       Stacktrace:\nE       #0 0x55de5087f45a <unknown>\nE       #1 0x55de50324760 <unknown>\nE       #2 0x55de50376127 <unknown>\nE       #3 0x55de50376321 <unknown>\nE       #4 0x55de503c4e94 <unknown>\nE       #5 0x55de5039be7d <unknown>\nE       #6 0x55de503c230b <unknown>\nE       #7 0x55de5039bc23 <unknown>\nE       #8 0x55de503684a5 <unknown>\nE       #9 0x55de50369111 <unknown>\nE       #10 0x55de50843f1b <unknown>\nE       #11 0x55de50847e19 <unknown>\nE       #12 0x55de5082aac9 <unknown>\nE       #13 0x55de508489c8 <unknown>\nE       #14 0x55de5080f34f <unknown>\nE       #15 0x55de5086ca28 <unknown>\nE       #16 0x55de5086cc06 <unknown>\nE       #17 0x55de5087e336 <unknown>\nE       #18 0x7f331d29caa4 <unknown>\nE       #19 0x7f331d329c3c <unknown>\n\n/opt/hostedtoolcache/Python/3.12.11/x64/lib/python3.12/site-packages/selenium/webdriver/support/wait.py:105: TimeoutException",
  "flaky" : false,
  "newFailed" : false,
  "beforeStages" : [ {
    "name" : "_session_faker",
    "time" : {
      "start" : 1751220637139,
      "stop" : 1751220637155,
      "duration" : 16
    },
    "status" : "passed",
    "steps" : [ ],
    "attachments" : [ ],
    "parameters" : [ ],
    "stepsCount" : 0,
    "attachmentsCount" : 0,
    "shouldDisplayMessage" : false,
    "hasContent" : false
  }, {
    "name" : "main_page_open",
    "time" : {
      "start" : 1751223303512,
      "stop" : 1751223325483,
      "duration" : 21971
    },
    "status" : "broken",
    "statusMessage" : "selenium.common.exceptions.TimeoutException: Message: \nStacktrace:\n#0 0x55de5087f45a <unknown>\n#1 0x55de50324760 <unknown>\n#2 0x55de50376127 <unknown>\n#3 0x55de50376321 <unknown>\n#4 0x55de503c4e94 <unknown>\n#5 0x55de5039be7d <unknown>\n#6 0x55de503c230b <unknown>\n#7 0x55de5039bc23 <unknown>\n#8 0x55de503684a5 <unknown>\n#9 0x55de50369111 <unknown>\n#10 0x55de50843f1b <unknown>\n#11 0x55de50847e19 <unknown>\n#12 0x55de5082aac9 <unknown>\n#13 0x55de508489c8 <unknown>\n#14 0x55de5080f34f <unknown>\n#15 0x55de5086ca28 <unknown>\n#16 0x55de5086cc06 <unknown>\n#17 0x55de5087e336 <unknown>\n#18 0x7f331d29caa4 <unknown>\n#19 0x7f331d329c3c <unknown>\n\n",
    "statusTrace" : "  File \"/opt/hostedtoolcache/Python/3.12.11/x64/lib/python3.12/site-packages/pluggy/_callers.py\", line 38, in run_old_style_hookwrapper\n    res = yield\n          ^^^^^\n  File \"/opt/hostedtoolcache/Python/3.12.11/x64/lib/python3.12/site-packages/pluggy/_callers.py\", line 139, in _multicall\n    teardown.throw(exception)\n  File \"/opt/hostedtoolcache/Python/3.12.11/x64/lib/python3.12/site-packages/_pytest/setuponly.py\", line 36, in pytest_fixture_setup\n    return (yield)\n            ^^^^^\n  File \"/opt/hostedtoolcache/Python/3.12.11/x64/lib/python3.12/site-packages/pluggy/_callers.py\", line 121, in _multicall\n    res = hook_impl.function(*args)\n          ^^^^^^^^^^^^^^^^^^^^^^^^^\n  File \"/opt/hostedtoolcache/Python/3.12.11/x64/lib/python3.12/site-packages/_pytest/fixtures.py\", line 1140, in pytest_fixture_setup\n    result = call_fixture_func(fixturefunc, request, kwargs)\n             ^^^^^^^^^^^^^^^^^^^^^^^^^^^^^^^^^^^^^^^^^^^^^^^\n  File \"/opt/hostedtoolcache/Python/3.12.11/x64/lib/python3.12/site-packages/_pytest/fixtures.py\", line 917, in call_fixture_func\n    fixture_result = fixturefunc(**kwargs)\n                     ^^^^^^^^^^^^^^^^^^^^^\n  File \"/home/runner/work/PulseWave/PulseWave/tests/test_main_page/conftest.py\", line 10, in main_page_open\n    main_page.get_allow_all_cookies().click()\n    ^^^^^^^^^^^^^^^^^^^^^^^^^^^^^^^^^\n  File \"/opt/hostedtoolcache/Python/3.12.11/x64/lib/python3.12/site-packages/allure_commons/_allure.py\", line 192, in impl\n    return func(*a, **kw)\n           ^^^^^^^^^^^^^^\n  File \"/home/runner/work/PulseWave/PulseWave/pages/main_page.py\", line 24, in get_allow_all_cookies\n    return self.element_is_visible(self.locator.ALLOW_ALL_COOKIES)\n           ^^^^^^^^^^^^^^^^^^^^^^^^^^^^^^^^^^^^^^^^^^^^^^^^^^^^^^^\n  File \"/home/runner/work/PulseWave/PulseWave/pages/base_page.py\", line 19, in element_is_visible\n    self.go_to_element(self.element_is_present(locator))\n                       ^^^^^^^^^^^^^^^^^^^^^^^^^^^^^^^^\n  File \"/home/runner/work/PulseWave/PulseWave/pages/base_page.py\", line 35, in element_is_present\n    return Wait(self.driver, self.timeout).until(es.presence_of_element_located(locator))\n           ^^^^^^^^^^^^^^^^^^^^^^^^^^^^^^^^^^^^^^^^^^^^^^^^^^^^^^^^^^^^^^^^^^^^^^^^^^^^^^\n  File \"/opt/hostedtoolcache/Python/3.12.11/x64/lib/python3.12/site-packages/selenium/webdriver/support/wait.py\", line 105, in until\n    raise TimeoutException(message, screen, stacktrace)\n",
    "steps" : [ {
      "name" : "Проверка видимости кнопки 'Принимаю всё' в сообщении о принятии файлов cookie на Главной странице",
      "time" : {
        "start" : 1751223304984,
        "stop" : 1751223325483,
        "duration" : 20499
      },
      "status" : "broken",
      "statusMessage" : "selenium.common.exceptions.TimeoutException: Message: \nStacktrace:\n#0 0x55de5087f45a <unknown>\n#1 0x55de50324760 <unknown>\n#2 0x55de50376127 <unknown>\n#3 0x55de50376321 <unknown>\n#4 0x55de503c4e94 <unknown>\n#5 0x55de5039be7d <unknown>\n#6 0x55de503c230b <unknown>\n#7 0x55de5039bc23 <unknown>\n#8 0x55de503684a5 <unknown>\n#9 0x55de50369111 <unknown>\n#10 0x55de50843f1b <unknown>\n#11 0x55de50847e19 <unknown>\n#12 0x55de5082aac9 <unknown>\n#13 0x55de508489c8 <unknown>\n#14 0x55de5080f34f <unknown>\n#15 0x55de5086ca28 <unknown>\n#16 0x55de5086cc06 <unknown>\n#17 0x55de5087e336 <unknown>\n#18 0x7f331d29caa4 <unknown>\n#19 0x7f331d329c3c <unknown>\n\n",
      "statusTrace" : "  File \"/opt/hostedtoolcache/Python/3.12.11/x64/lib/python3.12/site-packages/allure_commons/_allure.py\", line 192, in impl\n    return func(*a, **kw)\n           ^^^^^^^^^^^^^^\n  File \"/home/runner/work/PulseWave/PulseWave/pages/main_page.py\", line 24, in get_allow_all_cookies\n    return self.element_is_visible(self.locator.ALLOW_ALL_COOKIES)\n           ^^^^^^^^^^^^^^^^^^^^^^^^^^^^^^^^^^^^^^^^^^^^^^^^^^^^^^^\n  File \"/home/runner/work/PulseWave/PulseWave/pages/base_page.py\", line 19, in element_is_visible\n    self.go_to_element(self.element_is_present(locator))\n                       ^^^^^^^^^^^^^^^^^^^^^^^^^^^^^^^^\n  File \"/home/runner/work/PulseWave/PulseWave/pages/base_page.py\", line 35, in element_is_present\n    return Wait(self.driver, self.timeout).until(es.presence_of_element_located(locator))\n           ^^^^^^^^^^^^^^^^^^^^^^^^^^^^^^^^^^^^^^^^^^^^^^^^^^^^^^^^^^^^^^^^^^^^^^^^^^^^^^\n  File \"/opt/hostedtoolcache/Python/3.12.11/x64/lib/python3.12/site-packages/selenium/webdriver/support/wait.py\", line 105, in until\n    raise TimeoutException(message, screen, stacktrace)\n",
      "steps" : [ ],
      "attachments" : [ ],
      "parameters" : [ ],
      "stepsCount" : 0,
      "attachmentsCount" : 0,
      "shouldDisplayMessage" : true,
      "hasContent" : true
    } ],
    "attachments" : [ ],
    "parameters" : [ ],
    "stepsCount" : 1,
    "attachmentsCount" : 0,
    "shouldDisplayMessage" : false,
    "hasContent" : true
  }, {
    "name" : "driver",
    "time" : {
      "start" : 1751223303185,
      "stop" : 1751223303511,
      "duration" : 326
    },
    "status" : "passed",
    "steps" : [ ],
    "attachments" : [ ],
    "parameters" : [ ],
    "stepsCount" : 0,
    "attachmentsCount" : 0,
    "shouldDisplayMessage" : false,
    "hasContent" : false
  }, {
    "name" : "clear_allure_results_folder",
    "time" : {
      "start" : 1751220637155,
      "stop" : 1751220637155,
      "duration" : 0
    },
    "status" : "passed",
    "steps" : [ ],
    "attachments" : [ ],
    "parameters" : [ ],
    "stepsCount" : 0,
    "attachmentsCount" : 0,
    "shouldDisplayMessage" : false,
    "hasContent" : false
  } ],
  "afterStages" : [ {
    "name" : "driver::0",
    "time" : {
      "start" : 1751223325495,
      "stop" : 1751223325559,
      "duration" : 64
    },
    "status" : "passed",
    "steps" : [ ],
    "attachments" : [ ],
    "parameters" : [ ],
    "stepsCount" : 0,
    "attachmentsCount" : 0,
    "shouldDisplayMessage" : false,
    "hasContent" : false
  } ],
  "labels" : [ {
    "name" : "epic",
    "value" : "Тестирование Главной страницы"
  }, {
    "name" : "tag",
    "value" : "regress"
  }, {
    "name" : "parentSuite",
    "value" : "tests.test_main_page"
  }, {
    "name" : "suite",
    "value" : "test_main_page"
  }, {
    "name" : "subSuite",
    "value" : "TestMainPage"
  }, {
    "name" : "host",
    "value" : "pkrvmbietmlfzoi"
  }, {
    "name" : "thread",
    "value" : "2672-MainThread"
  }, {
    "name" : "framework",
    "value" : "pytest"
  }, {
    "name" : "language",
    "value" : "cpython3"
  }, {
    "name" : "package",
    "value" : "tests.test_main_page.test_main_page"
  }, {
    "name" : "resultFormat",
    "value" : "allure2"
  } ],
  "parameters" : [ {
    "name" : "browser",
    "value" : "'chrome'"
  } ],
  "links" : [ ],
  "hidden" : false,
  "retry" : false,
  "extra" : {
    "severity" : "normal",
    "retries" : [ ],
    "categories" : [ {
      "name" : "Test defects",
      "matchedStatuses" : [ ],
      "flaky" : false
    } ],
    "history" : {
      "statistic" : {
        "failed" : 0,
        "broken" : 4,
        "skipped" : 0,
        "passed" : 485,
        "unknown" : 0,
        "total" : 489
      },
      "items" : [ {
        "uid" : "dec850d32ec29880",
        "reportUrl" : "https://Nat754.github.io/PulseWave/434//#testresult/dec850d32ec29880",
        "status" : "passed",
        "time" : {
          "start" : 1751174915111,
          "stop" : 1751174915154,
          "duration" : 43
        }
      }, {
        "uid" : "491969540c57ef8a",
        "reportUrl" : "https://Nat754.github.io/PulseWave/434//#testresult/491969540c57ef8a",
        "status" : "passed",
        "time" : {
          "start" : 1751145534187,
          "stop" : 1751145534234,
          "duration" : 47
        }
      }, {
        "uid" : "698ce35224dbbcfb",
        "reportUrl" : "https://Nat754.github.io/PulseWave/434//#testresult/698ce35224dbbcfb",
        "status" : "passed",
        "time" : {
          "start" : 1751134842009,
          "stop" : 1751134842054,
          "duration" : 45
        }
      }, {
        "uid" : "5e1894af9f37b821",
        "reportUrl" : "https://Nat754.github.io/PulseWave/433//#testresult/5e1894af9f37b821",
        "status" : "passed",
        "time" : {
          "start" : 1751048362833,
          "stop" : 1751048362878,
          "duration" : 45
        }
      }, {
        "uid" : "a300bd39dd7fbba4",
        "reportUrl" : "https://Nat754.github.io/PulseWave/432//#testresult/a300bd39dd7fbba4",
        "status" : "passed",
        "time" : {
          "start" : 1750961997690,
          "stop" : 1750961997747,
          "duration" : 57
        }
      }, {
        "uid" : "4883698f99270027",
        "reportUrl" : "https://Nat754.github.io/PulseWave/431//#testresult/4883698f99270027",
        "status" : "passed",
        "time" : {
          "start" : 1750877417642,
          "stop" : 1750877417684,
          "duration" : 42
        }
      }, {
        "uid" : "2be824d383a873de",
        "reportUrl" : "https://Nat754.github.io/PulseWave/431//#testresult/2be824d383a873de",
        "status" : "passed",
        "time" : {
          "start" : 1750875622837,
          "stop" : 1750875622884,
          "duration" : 47
        }
      }, {
        "uid" : "2c6e8a0e0af7ba85",
        "reportUrl" : "https://Nat754.github.io/PulseWave/430//#testresult/2c6e8a0e0af7ba85",
        "status" : "passed",
        "time" : {
          "start" : 1750789187639,
          "stop" : 1750789187679,
          "duration" : 40
        }
      }, {
        "uid" : "2ba067df55d3c1ec",
        "reportUrl" : "https://Nat754.github.io/PulseWave/429//#testresult/2ba067df55d3c1ec",
        "status" : "passed",
        "time" : {
          "start" : 1750702842187,
          "stop" : 1750702842232,
          "duration" : 45
        }
      }, {
        "uid" : "514cadf8083cacbf",
        "reportUrl" : "https://Nat754.github.io/PulseWave/428//#testresult/514cadf8083cacbf",
        "status" : "passed",
        "time" : {
          "start" : 1750616272902,
          "stop" : 1750616272949,
          "duration" : 47
        }
      }, {
        "uid" : "52e3b16d1af9d3c9",
        "reportUrl" : "https://Nat754.github.io/PulseWave/427//#testresult/52e3b16d1af9d3c9",
        "status" : "passed",
        "time" : {
          "start" : 1750529840227,
          "stop" : 1750529840271,
          "duration" : 44
        }
      }, {
        "uid" : "cdc3db3f6e5eb58e",
        "reportUrl" : "https://Nat754.github.io/PulseWave/426//#testresult/cdc3db3f6e5eb58e",
        "status" : "passed",
        "time" : {
          "start" : 1750443585693,
          "stop" : 1750443585735,
          "duration" : 42
        }
      }, {
        "uid" : "dec74c3b87891e44",
        "reportUrl" : "https://Nat754.github.io/PulseWave/425//#testresult/dec74c3b87891e44",
        "status" : "passed",
        "time" : {
          "start" : 1750393779829,
          "stop" : 1750393779877,
          "duration" : 48
        }
      }, {
        "uid" : "5b08187b651f1080",
        "reportUrl" : "https://Nat754.github.io/PulseWave/425//#testresult/5b08187b651f1080",
        "status" : "passed",
        "time" : {
          "start" : 1750376417113,
          "stop" : 1750376417155,
          "duration" : 42
        }
      }, {
        "uid" : "a9362cd2224f7349",
        "reportUrl" : "https://Nat754.github.io/PulseWave/424//#testresult/a9362cd2224f7349",
        "status" : "passed",
        "time" : {
          "start" : 1750284715192,
          "stop" : 1750284715237,
          "duration" : 45
        }
      }, {
        "uid" : "4fa958150e45070c",
        "reportUrl" : "https://Nat754.github.io/PulseWave/423//#testresult/4fa958150e45070c",
        "status" : "passed",
        "time" : {
          "start" : 1750184362163,
          "stop" : 1750184362208,
          "duration" : 45
        }
      }, {
        "uid" : "c5408671cb0f26f8",
        "reportUrl" : "https://Nat754.github.io/PulseWave/422//#testresult/c5408671cb0f26f8",
        "status" : "passed",
        "time" : {
          "start" : 1750098145026,
          "stop" : 1750098145070,
          "duration" : 44
        }
      }, {
        "uid" : "f7bae9d71fdfed39",
        "reportUrl" : "https://Nat754.github.io/PulseWave/421//#testresult/f7bae9d71fdfed39",
        "status" : "passed",
        "time" : {
          "start" : 1750011656447,
          "stop" : 1750011656492,
          "duration" : 45
        }
      }, {
        "uid" : "db50db408212bcc8",
        "reportUrl" : "https://Nat754.github.io/PulseWave/420//#testresult/db50db408212bcc8",
        "status" : "passed",
        "time" : {
          "start" : 1749925184893,
          "stop" : 1749925184935,
          "duration" : 42
        }
      }, {
        "uid" : "be4298c4a5a2e316",
        "reportUrl" : "https://Nat754.github.io/PulseWave/419//#testresult/be4298c4a5a2e316",
        "status" : "passed",
        "time" : {
          "start" : 1749838951725,
          "stop" : 1749838951769,
          "duration" : 44
        }
      } ]
    },
    "tags" : [ "regress" ]
  },
  "source" : "5c5ceabd613b62cc.json",
  "parameterValues" : [ "'chrome'" ]
}