{
  "uid" : "5f4777cdf73ade9b",
  "name" : "W1. Проверка перехода в рабочее пространство авторизованного пользователя",
  "fullName" : "tests.test_workspace_page.test_workspace_page.TestWorkspacePage#test_auth_user_redirect_to_workspace",
  "historyId" : "dea3adc0e8423d7a5d3cbd4aa8bdb53f",
  "time" : {
    "start" : 1751223954426,
    "stop" : 1751223954426,
    "duration" : 0
  },
  "status" : "broken",
  "statusMessage" : "selenium.common.exceptions.TimeoutException: Message: \nStacktrace:\n#0 0x55c68b89d45a <unknown>\n#1 0x55c68b342760 <unknown>\n#2 0x55c68b394127 <unknown>\n#3 0x55c68b394321 <unknown>\n#4 0x55c68b3e2e94 <unknown>\n#5 0x55c68b3b9e7d <unknown>\n#6 0x55c68b3e030b <unknown>\n#7 0x55c68b3b9c23 <unknown>\n#8 0x55c68b3864a5 <unknown>\n#9 0x55c68b387111 <unknown>\n#10 0x55c68b861f1b <unknown>\n#11 0x55c68b865e19 <unknown>\n#12 0x55c68b848ac9 <unknown>\n#13 0x55c68b8669c8 <unknown>\n#14 0x55c68b82d34f <unknown>\n#15 0x55c68b88aa28 <unknown>\n#16 0x55c68b88ac06 <unknown>\n#17 0x55c68b89c336 <unknown>\n#18 0x7ff841c9caa4 <unknown>\n#19 0x7ff841d29c3c <unknown>",
  "statusTrace" : "driver = <selenium.webdriver.chrome.webdriver.WebDriver (session=\"79e70db98da4c1f2a9dea40614b051a5\")>\n\n    @pytest.fixture(scope='function')\n    def auth_user(driver):\n        page_auth_user = LoginPage(driver)\n        driver.get(Links.LOGIN_PAGE)\n>       page_auth_user.get_allow_all_cookies().click()\n\ntests/conftest.py:12: \n_ _ _ _ _ _ _ _ _ _ _ _ _ _ _ _ _ _ _ _ _ _ _ _ _ _ _ _ _ _ _ _ _ _ _ _ _ _ _ _ \npages/login_page.py:20: in get_allow_all_cookies\n    return self.element_is_visible(self.locator.ALLOW_ALL_COOKIES)\npages/base_page.py:19: in element_is_visible\n    self.go_to_element(self.element_is_present(locator))\npages/base_page.py:35: in element_is_present\n    return Wait(self.driver, self.timeout).until(es.presence_of_element_located(locator))\n_ _ _ _ _ _ _ _ _ _ _ _ _ _ _ _ _ _ _ _ _ _ _ _ _ _ _ _ _ _ _ _ _ _ _ _ _ _ _ _ \n\nself = <selenium.webdriver.support.wait.WebDriverWait (session=\"79e70db98da4c1f2a9dea40614b051a5\")>\nmethod = <function presence_of_element_located.<locals>._predicate at 0x7fd946f9cb80>\nmessage = ''\n\n    def until(self, method: Callable[[D], Union[Literal[False], T]], message: str = \"\") -> T:\n        \"\"\"Calls the method provided with the driver as an argument until the \\\n        return value does not evaluate to ``False``.\n    \n        :param method: callable(WebDriver)\n        :param message: optional message for :exc:`TimeoutException`\n        :returns: the result of the last call to `method`\n        :raises: :exc:`selenium.common.exceptions.TimeoutException` if timeout occurs\n        \"\"\"\n        screen = None\n        stacktrace = None\n    \n        end_time = time.monotonic() + self._timeout\n        while True:\n            try:\n                value = method(self._driver)\n                if value:\n                    return value\n            except self._ignored_exceptions as exc:\n                screen = getattr(exc, \"screen\", None)\n                stacktrace = getattr(exc, \"stacktrace\", None)\n            time.sleep(self._poll)\n            if time.monotonic() > end_time:\n                break\n>       raise TimeoutException(message, screen, stacktrace)\nE       selenium.common.exceptions.TimeoutException: Message: \nE       Stacktrace:\nE       #0 0x55c68b89d45a <unknown>\nE       #1 0x55c68b342760 <unknown>\nE       #2 0x55c68b394127 <unknown>\nE       #3 0x55c68b394321 <unknown>\nE       #4 0x55c68b3e2e94 <unknown>\nE       #5 0x55c68b3b9e7d <unknown>\nE       #6 0x55c68b3e030b <unknown>\nE       #7 0x55c68b3b9c23 <unknown>\nE       #8 0x55c68b3864a5 <unknown>\nE       #9 0x55c68b387111 <unknown>\nE       #10 0x55c68b861f1b <unknown>\nE       #11 0x55c68b865e19 <unknown>\nE       #12 0x55c68b848ac9 <unknown>\nE       #13 0x55c68b8669c8 <unknown>\nE       #14 0x55c68b82d34f <unknown>\nE       #15 0x55c68b88aa28 <unknown>\nE       #16 0x55c68b88ac06 <unknown>\nE       #17 0x55c68b89c336 <unknown>\nE       #18 0x7ff841c9caa4 <unknown>\nE       #19 0x7ff841d29c3c <unknown>\n\n/opt/hostedtoolcache/Python/3.12.11/x64/lib/python3.12/site-packages/selenium/webdriver/support/wait.py:105: TimeoutException",
  "flaky" : false,
  "newFailed" : false,
  "beforeStages" : [ {
    "name" : "auth_user",
    "time" : {
      "start" : 1751223954767,
      "stop" : 1751223976281,
      "duration" : 21514
    },
    "status" : "broken",
    "statusMessage" : "selenium.common.exceptions.TimeoutException: Message: \nStacktrace:\n#0 0x55c68b89d45a <unknown>\n#1 0x55c68b342760 <unknown>\n#2 0x55c68b394127 <unknown>\n#3 0x55c68b394321 <unknown>\n#4 0x55c68b3e2e94 <unknown>\n#5 0x55c68b3b9e7d <unknown>\n#6 0x55c68b3e030b <unknown>\n#7 0x55c68b3b9c23 <unknown>\n#8 0x55c68b3864a5 <unknown>\n#9 0x55c68b387111 <unknown>\n#10 0x55c68b861f1b <unknown>\n#11 0x55c68b865e19 <unknown>\n#12 0x55c68b848ac9 <unknown>\n#13 0x55c68b8669c8 <unknown>\n#14 0x55c68b82d34f <unknown>\n#15 0x55c68b88aa28 <unknown>\n#16 0x55c68b88ac06 <unknown>\n#17 0x55c68b89c336 <unknown>\n#18 0x7ff841c9caa4 <unknown>\n#19 0x7ff841d29c3c <unknown>\n\n",
    "statusTrace" : "  File \"/opt/hostedtoolcache/Python/3.12.11/x64/lib/python3.12/site-packages/pluggy/_callers.py\", line 38, in run_old_style_hookwrapper\n    res = yield\n          ^^^^^\n  File \"/opt/hostedtoolcache/Python/3.12.11/x64/lib/python3.12/site-packages/pluggy/_callers.py\", line 139, in _multicall\n    teardown.throw(exception)\n  File \"/opt/hostedtoolcache/Python/3.12.11/x64/lib/python3.12/site-packages/_pytest/setuponly.py\", line 36, in pytest_fixture_setup\n    return (yield)\n            ^^^^^\n  File \"/opt/hostedtoolcache/Python/3.12.11/x64/lib/python3.12/site-packages/pluggy/_callers.py\", line 121, in _multicall\n    res = hook_impl.function(*args)\n          ^^^^^^^^^^^^^^^^^^^^^^^^^\n  File \"/opt/hostedtoolcache/Python/3.12.11/x64/lib/python3.12/site-packages/_pytest/fixtures.py\", line 1140, in pytest_fixture_setup\n    result = call_fixture_func(fixturefunc, request, kwargs)\n             ^^^^^^^^^^^^^^^^^^^^^^^^^^^^^^^^^^^^^^^^^^^^^^^\n  File \"/opt/hostedtoolcache/Python/3.12.11/x64/lib/python3.12/site-packages/_pytest/fixtures.py\", line 917, in call_fixture_func\n    fixture_result = fixturefunc(**kwargs)\n                     ^^^^^^^^^^^^^^^^^^^^^\n  File \"/home/runner/work/PulseWave/PulseWave/tests/conftest.py\", line 12, in auth_user\n    page_auth_user.get_allow_all_cookies().click()\n    ^^^^^^^^^^^^^^^^^^^^^^^^^^^^^^^^^^^^^^\n  File \"/opt/hostedtoolcache/Python/3.12.11/x64/lib/python3.12/site-packages/allure_commons/_allure.py\", line 192, in impl\n    return func(*a, **kw)\n           ^^^^^^^^^^^^^^\n  File \"/home/runner/work/PulseWave/PulseWave/pages/login_page.py\", line 20, in get_allow_all_cookies\n    return self.element_is_visible(self.locator.ALLOW_ALL_COOKIES)\n           ^^^^^^^^^^^^^^^^^^^^^^^^^^^^^^^^^^^^^^^^^^^^^^^^^^^^^^^\n  File \"/home/runner/work/PulseWave/PulseWave/pages/base_page.py\", line 19, in element_is_visible\n    self.go_to_element(self.element_is_present(locator))\n                       ^^^^^^^^^^^^^^^^^^^^^^^^^^^^^^^^\n  File \"/home/runner/work/PulseWave/PulseWave/pages/base_page.py\", line 35, in element_is_present\n    return Wait(self.driver, self.timeout).until(es.presence_of_element_located(locator))\n           ^^^^^^^^^^^^^^^^^^^^^^^^^^^^^^^^^^^^^^^^^^^^^^^^^^^^^^^^^^^^^^^^^^^^^^^^^^^^^^\n  File \"/opt/hostedtoolcache/Python/3.12.11/x64/lib/python3.12/site-packages/selenium/webdriver/support/wait.py\", line 105, in until\n    raise TimeoutException(message, screen, stacktrace)\n",
    "steps" : [ {
      "name" : "Проверка видимости кнопки 'Принимаю все' в сообщении о принятии файлов cookie",
      "time" : {
        "start" : 1751223956276,
        "stop" : 1751223976280,
        "duration" : 20004
      },
      "status" : "broken",
      "statusMessage" : "selenium.common.exceptions.TimeoutException: Message: \nStacktrace:\n#0 0x55c68b89d45a <unknown>\n#1 0x55c68b342760 <unknown>\n#2 0x55c68b394127 <unknown>\n#3 0x55c68b394321 <unknown>\n#4 0x55c68b3e2e94 <unknown>\n#5 0x55c68b3b9e7d <unknown>\n#6 0x55c68b3e030b <unknown>\n#7 0x55c68b3b9c23 <unknown>\n#8 0x55c68b3864a5 <unknown>\n#9 0x55c68b387111 <unknown>\n#10 0x55c68b861f1b <unknown>\n#11 0x55c68b865e19 <unknown>\n#12 0x55c68b848ac9 <unknown>\n#13 0x55c68b8669c8 <unknown>\n#14 0x55c68b82d34f <unknown>\n#15 0x55c68b88aa28 <unknown>\n#16 0x55c68b88ac06 <unknown>\n#17 0x55c68b89c336 <unknown>\n#18 0x7ff841c9caa4 <unknown>\n#19 0x7ff841d29c3c <unknown>\n\n",
      "statusTrace" : "  File \"/opt/hostedtoolcache/Python/3.12.11/x64/lib/python3.12/site-packages/allure_commons/_allure.py\", line 192, in impl\n    return func(*a, **kw)\n           ^^^^^^^^^^^^^^\n  File \"/home/runner/work/PulseWave/PulseWave/pages/login_page.py\", line 20, in get_allow_all_cookies\n    return self.element_is_visible(self.locator.ALLOW_ALL_COOKIES)\n           ^^^^^^^^^^^^^^^^^^^^^^^^^^^^^^^^^^^^^^^^^^^^^^^^^^^^^^^\n  File \"/home/runner/work/PulseWave/PulseWave/pages/base_page.py\", line 19, in element_is_visible\n    self.go_to_element(self.element_is_present(locator))\n                       ^^^^^^^^^^^^^^^^^^^^^^^^^^^^^^^^\n  File \"/home/runner/work/PulseWave/PulseWave/pages/base_page.py\", line 35, in element_is_present\n    return Wait(self.driver, self.timeout).until(es.presence_of_element_located(locator))\n           ^^^^^^^^^^^^^^^^^^^^^^^^^^^^^^^^^^^^^^^^^^^^^^^^^^^^^^^^^^^^^^^^^^^^^^^^^^^^^^\n  File \"/opt/hostedtoolcache/Python/3.12.11/x64/lib/python3.12/site-packages/selenium/webdriver/support/wait.py\", line 105, in until\n    raise TimeoutException(message, screen, stacktrace)\n",
      "steps" : [ ],
      "attachments" : [ ],
      "parameters" : [ ],
      "stepsCount" : 0,
      "attachmentsCount" : 0,
      "shouldDisplayMessage" : true,
      "hasContent" : true
    } ],
    "attachments" : [ ],
    "parameters" : [ ],
    "stepsCount" : 1,
    "attachmentsCount" : 0,
    "shouldDisplayMessage" : false,
    "hasContent" : true
  }, {
    "name" : "_session_faker",
    "time" : {
      "start" : 1751220637139,
      "stop" : 1751220637155,
      "duration" : 16
    },
    "status" : "passed",
    "steps" : [ ],
    "attachments" : [ ],
    "parameters" : [ ],
    "stepsCount" : 0,
    "attachmentsCount" : 0,
    "shouldDisplayMessage" : false,
    "hasContent" : false
  }, {
    "name" : "clear_allure_results_folder",
    "time" : {
      "start" : 1751220637155,
      "stop" : 1751220637155,
      "duration" : 0
    },
    "status" : "passed",
    "steps" : [ ],
    "attachments" : [ ],
    "parameters" : [ ],
    "stepsCount" : 0,
    "attachmentsCount" : 0,
    "shouldDisplayMessage" : false,
    "hasContent" : false
  }, {
    "name" : "driver",
    "time" : {
      "start" : 1751223954427,
      "stop" : 1751223954767,
      "duration" : 340
    },
    "status" : "passed",
    "steps" : [ ],
    "attachments" : [ ],
    "parameters" : [ ],
    "stepsCount" : 0,
    "attachmentsCount" : 0,
    "shouldDisplayMessage" : false,
    "hasContent" : false
  } ],
  "afterStages" : [ {
    "name" : "driver::0",
    "time" : {
      "start" : 1751223976292,
      "stop" : 1751223976356,
      "duration" : 64
    },
    "status" : "passed",
    "steps" : [ ],
    "attachments" : [ ],
    "parameters" : [ ],
    "stepsCount" : 0,
    "attachmentsCount" : 0,
    "shouldDisplayMessage" : false,
    "hasContent" : false
  } ],
  "labels" : [ {
    "name" : "epic",
    "value" : "Тестирование страницы 'Рабочие пространства'"
  }, {
    "name" : "tag",
    "value" : "regress"
  }, {
    "name" : "parentSuite",
    "value" : "tests.test_workspace_page"
  }, {
    "name" : "suite",
    "value" : "test_workspace_page"
  }, {
    "name" : "subSuite",
    "value" : "TestWorkspacePage"
  }, {
    "name" : "host",
    "value" : "pkrvmbietmlfzoi"
  }, {
    "name" : "thread",
    "value" : "2672-MainThread"
  }, {
    "name" : "framework",
    "value" : "pytest"
  }, {
    "name" : "language",
    "value" : "cpython3"
  }, {
    "name" : "package",
    "value" : "tests.test_workspace_page.test_workspace_page"
  }, {
    "name" : "resultFormat",
    "value" : "allure2"
  } ],
  "parameters" : [ {
    "name" : "browser",
    "value" : "'chrome'"
  } ],
  "links" : [ ],
  "hidden" : false,
  "retry" : false,
  "extra" : {
    "severity" : "normal",
    "retries" : [ ],
    "categories" : [ {
      "name" : "Test defects",
      "matchedStatuses" : [ ],
      "flaky" : false
    } ],
    "history" : {
      "statistic" : {
        "failed" : 0,
        "broken" : 4,
        "skipped" : 0,
        "passed" : 483,
        "unknown" : 0,
        "total" : 487
      },
      "items" : [ {
        "uid" : "98ab23f9f0759245",
        "reportUrl" : "https://Nat754.github.io/PulseWave/434//#testresult/98ab23f9f0759245",
        "status" : "passed",
        "time" : {
          "start" : 1751175084358,
          "stop" : 1751175084361,
          "duration" : 3
        }
      }, {
        "uid" : "ac0e0bac85986457",
        "reportUrl" : "https://Nat754.github.io/PulseWave/434//#testresult/ac0e0bac85986457",
        "status" : "passed",
        "time" : {
          "start" : 1751145681361,
          "stop" : 1751145681364,
          "duration" : 3
        }
      }, {
        "uid" : "be9c49291710e49e",
        "reportUrl" : "https://Nat754.github.io/PulseWave/434//#testresult/be9c49291710e49e",
        "status" : "passed",
        "time" : {
          "start" : 1751135014487,
          "stop" : 1751135014490,
          "duration" : 3
        }
      }, {
        "uid" : "e0891f8f312a5b92",
        "reportUrl" : "https://Nat754.github.io/PulseWave/433//#testresult/e0891f8f312a5b92",
        "status" : "passed",
        "time" : {
          "start" : 1751048492336,
          "stop" : 1751048492339,
          "duration" : 3
        }
      }, {
        "uid" : "767c2aa9bc62edef",
        "reportUrl" : "https://Nat754.github.io/PulseWave/432//#testresult/767c2aa9bc62edef",
        "status" : "passed",
        "time" : {
          "start" : 1750962127665,
          "stop" : 1750962127669,
          "duration" : 4
        }
      }, {
        "uid" : "c09f52ff1ccbe5e7",
        "reportUrl" : "https://Nat754.github.io/PulseWave/431//#testresult/c09f52ff1ccbe5e7",
        "status" : "passed",
        "time" : {
          "start" : 1750877588710,
          "stop" : 1750877588713,
          "duration" : 3
        }
      }, {
        "uid" : "e79c87b4d51e21be",
        "reportUrl" : "https://Nat754.github.io/PulseWave/431//#testresult/e79c87b4d51e21be",
        "status" : "passed",
        "time" : {
          "start" : 1750875753646,
          "stop" : 1750875753649,
          "duration" : 3
        }
      }, {
        "uid" : "210d0ec25a48e60a",
        "reportUrl" : "https://Nat754.github.io/PulseWave/430//#testresult/210d0ec25a48e60a",
        "status" : "passed",
        "time" : {
          "start" : 1750789328773,
          "stop" : 1750789328776,
          "duration" : 3
        }
      }, {
        "uid" : "db7973aa46feee6f",
        "reportUrl" : "https://Nat754.github.io/PulseWave/429//#testresult/db7973aa46feee6f",
        "status" : "passed",
        "time" : {
          "start" : 1750703010659,
          "stop" : 1750703010662,
          "duration" : 3
        }
      }, {
        "uid" : "835225acce9dea24",
        "reportUrl" : "https://Nat754.github.io/PulseWave/428//#testresult/835225acce9dea24",
        "status" : "passed",
        "time" : {
          "start" : 1750616415477,
          "stop" : 1750616415481,
          "duration" : 4
        }
      }, {
        "uid" : "579b990a341a2eb8",
        "reportUrl" : "https://Nat754.github.io/PulseWave/427//#testresult/579b990a341a2eb8",
        "status" : "passed",
        "time" : {
          "start" : 1750529989800,
          "stop" : 1750529989803,
          "duration" : 3
        }
      }, {
        "uid" : "39275bf80cf96b47",
        "reportUrl" : "https://Nat754.github.io/PulseWave/426//#testresult/39275bf80cf96b47",
        "status" : "passed",
        "time" : {
          "start" : 1750443725816,
          "stop" : 1750443725819,
          "duration" : 3
        }
      }, {
        "uid" : "ea7fbae8efb53d6b",
        "reportUrl" : "https://Nat754.github.io/PulseWave/425//#testresult/ea7fbae8efb53d6b",
        "status" : "passed",
        "time" : {
          "start" : 1750393919658,
          "stop" : 1750393919661,
          "duration" : 3
        }
      }, {
        "uid" : "52f6fc8e36a42d48",
        "reportUrl" : "https://Nat754.github.io/PulseWave/425//#testresult/52f6fc8e36a42d48",
        "status" : "passed",
        "time" : {
          "start" : 1750376587955,
          "stop" : 1750376587958,
          "duration" : 3
        }
      }, {
        "uid" : "e85f38aee304efb6",
        "reportUrl" : "https://Nat754.github.io/PulseWave/424//#testresult/e85f38aee304efb6",
        "status" : "passed",
        "time" : {
          "start" : 1750284881277,
          "stop" : 1750284881280,
          "duration" : 3
        }
      }, {
        "uid" : "c377da38f8f3328b",
        "reportUrl" : "https://Nat754.github.io/PulseWave/423//#testresult/c377da38f8f3328b",
        "status" : "passed",
        "time" : {
          "start" : 1750184488261,
          "stop" : 1750184488264,
          "duration" : 3
        }
      }, {
        "uid" : "22978514844466e4",
        "reportUrl" : "https://Nat754.github.io/PulseWave/422//#testresult/22978514844466e4",
        "status" : "passed",
        "time" : {
          "start" : 1750098316197,
          "stop" : 1750098316200,
          "duration" : 3
        }
      }, {
        "uid" : "f46f19b95664d94d",
        "reportUrl" : "https://Nat754.github.io/PulseWave/421//#testresult/f46f19b95664d94d",
        "status" : "passed",
        "time" : {
          "start" : 1750011841017,
          "stop" : 1750011841020,
          "duration" : 3
        }
      }, {
        "uid" : "11cd63482cf4fb3c",
        "reportUrl" : "https://Nat754.github.io/PulseWave/420//#testresult/11cd63482cf4fb3c",
        "status" : "passed",
        "time" : {
          "start" : 1749925367738,
          "stop" : 1749925367741,
          "duration" : 3
        }
      }, {
        "uid" : "20ee364505ae33a",
        "reportUrl" : "https://Nat754.github.io/PulseWave/419//#testresult/20ee364505ae33a",
        "status" : "passed",
        "time" : {
          "start" : 1749839154750,
          "stop" : 1749839154753,
          "duration" : 3
        }
      } ]
    },
    "tags" : [ "regress" ]
  },
  "source" : "5f4777cdf73ade9b.json",
  "parameterValues" : [ "'chrome'" ]
}