{
  "uid" : "9b97b1740d991122",
  "name" : "Проверка текста заголовка 'Войти'",
  "fullName" : "tests.test_login_page.test_login_page.TestLoginPage#test_get_title_login",
  "historyId" : "2e05324a12b278607da390aa4f8d237e",
  "time" : {
    "start" : 1751222429371,
    "stop" : 1751222429371,
    "duration" : 0
  },
  "status" : "broken",
  "statusMessage" : "selenium.common.exceptions.TimeoutException: Message: \nStacktrace:\n#0 0x5578c22cb45a <unknown>\n#1 0x5578c1d70760 <unknown>\n#2 0x5578c1dc2127 <unknown>\n#3 0x5578c1dc2321 <unknown>\n#4 0x5578c1e10e94 <unknown>\n#5 0x5578c1de7e7d <unknown>\n#6 0x5578c1e0e30b <unknown>\n#7 0x5578c1de7c23 <unknown>\n#8 0x5578c1db44a5 <unknown>\n#9 0x5578c1db5111 <unknown>\n#10 0x5578c228ff1b <unknown>\n#11 0x5578c2293e19 <unknown>\n#12 0x5578c2276ac9 <unknown>\n#13 0x5578c22949c8 <unknown>\n#14 0x5578c225b34f <unknown>\n#15 0x5578c22b8a28 <unknown>\n#16 0x5578c22b8c06 <unknown>\n#17 0x5578c22ca336 <unknown>\n#18 0x7fef3889caa4 <unknown>\n#19 0x7fef38929c3c <unknown>",
  "statusTrace" : "driver = <selenium.webdriver.chrome.webdriver.WebDriver (session=\"0c25667ebb8036aee529957b4f367caf\")>\n\n    @pytest.fixture(scope='function')\n    def login_page_open(driver):\n        login_page = LoginPage(driver)\n        driver.get(Links.LOGIN_PAGE)\n>       login_page.get_allow_all_cookies().click()\n\ntests/test_login_page/conftest.py:10: \n_ _ _ _ _ _ _ _ _ _ _ _ _ _ _ _ _ _ _ _ _ _ _ _ _ _ _ _ _ _ _ _ _ _ _ _ _ _ _ _ \npages/login_page.py:20: in get_allow_all_cookies\n    return self.element_is_visible(self.locator.ALLOW_ALL_COOKIES)\npages/base_page.py:19: in element_is_visible\n    self.go_to_element(self.element_is_present(locator))\npages/base_page.py:35: in element_is_present\n    return Wait(self.driver, self.timeout).until(es.presence_of_element_located(locator))\n_ _ _ _ _ _ _ _ _ _ _ _ _ _ _ _ _ _ _ _ _ _ _ _ _ _ _ _ _ _ _ _ _ _ _ _ _ _ _ _ \n\nself = <selenium.webdriver.support.wait.WebDriverWait (session=\"0c25667ebb8036aee529957b4f367caf\")>\nmethod = <function presence_of_element_located.<locals>._predicate at 0x7fd948c8d120>\nmessage = ''\n\n    def until(self, method: Callable[[D], Union[Literal[False], T]], message: str = \"\") -> T:\n        \"\"\"Calls the method provided with the driver as an argument until the \\\n        return value does not evaluate to ``False``.\n    \n        :param method: callable(WebDriver)\n        :param message: optional message for :exc:`TimeoutException`\n        :returns: the result of the last call to `method`\n        :raises: :exc:`selenium.common.exceptions.TimeoutException` if timeout occurs\n        \"\"\"\n        screen = None\n        stacktrace = None\n    \n        end_time = time.monotonic() + self._timeout\n        while True:\n            try:\n                value = method(self._driver)\n                if value:\n                    return value\n            except self._ignored_exceptions as exc:\n                screen = getattr(exc, \"screen\", None)\n                stacktrace = getattr(exc, \"stacktrace\", None)\n            time.sleep(self._poll)\n            if time.monotonic() > end_time:\n                break\n>       raise TimeoutException(message, screen, stacktrace)\nE       selenium.common.exceptions.TimeoutException: Message: \nE       Stacktrace:\nE       #0 0x5578c22cb45a <unknown>\nE       #1 0x5578c1d70760 <unknown>\nE       #2 0x5578c1dc2127 <unknown>\nE       #3 0x5578c1dc2321 <unknown>\nE       #4 0x5578c1e10e94 <unknown>\nE       #5 0x5578c1de7e7d <unknown>\nE       #6 0x5578c1e0e30b <unknown>\nE       #7 0x5578c1de7c23 <unknown>\nE       #8 0x5578c1db44a5 <unknown>\nE       #9 0x5578c1db5111 <unknown>\nE       #10 0x5578c228ff1b <unknown>\nE       #11 0x5578c2293e19 <unknown>\nE       #12 0x5578c2276ac9 <unknown>\nE       #13 0x5578c22949c8 <unknown>\nE       #14 0x5578c225b34f <unknown>\nE       #15 0x5578c22b8a28 <unknown>\nE       #16 0x5578c22b8c06 <unknown>\nE       #17 0x5578c22ca336 <unknown>\nE       #18 0x7fef3889caa4 <unknown>\nE       #19 0x7fef38929c3c <unknown>\n\n/opt/hostedtoolcache/Python/3.12.11/x64/lib/python3.12/site-packages/selenium/webdriver/support/wait.py:105: TimeoutException",
  "flaky" : false,
  "newFailed" : false,
  "beforeStages" : [ {
    "name" : "driver",
    "time" : {
      "start" : 1751222429372,
      "stop" : 1751222429710,
      "duration" : 338
    },
    "status" : "passed",
    "steps" : [ ],
    "attachments" : [ ],
    "parameters" : [ ],
    "stepsCount" : 0,
    "attachmentsCount" : 0,
    "shouldDisplayMessage" : false,
    "hasContent" : false
  }, {
    "name" : "_session_faker",
    "time" : {
      "start" : 1751220637139,
      "stop" : 1751220637155,
      "duration" : 16
    },
    "status" : "passed",
    "steps" : [ ],
    "attachments" : [ ],
    "parameters" : [ ],
    "stepsCount" : 0,
    "attachmentsCount" : 0,
    "shouldDisplayMessage" : false,
    "hasContent" : false
  }, {
    "name" : "clear_allure_results_folder",
    "time" : {
      "start" : 1751220637155,
      "stop" : 1751220637155,
      "duration" : 0
    },
    "status" : "passed",
    "steps" : [ ],
    "attachments" : [ ],
    "parameters" : [ ],
    "stepsCount" : 0,
    "attachmentsCount" : 0,
    "shouldDisplayMessage" : false,
    "hasContent" : false
  }, {
    "name" : "login_page_open",
    "time" : {
      "start" : 1751222429710,
      "stop" : 1751222451954,
      "duration" : 22244
    },
    "status" : "broken",
    "statusMessage" : "selenium.common.exceptions.TimeoutException: Message: \nStacktrace:\n#0 0x5578c22cb45a <unknown>\n#1 0x5578c1d70760 <unknown>\n#2 0x5578c1dc2127 <unknown>\n#3 0x5578c1dc2321 <unknown>\n#4 0x5578c1e10e94 <unknown>\n#5 0x5578c1de7e7d <unknown>\n#6 0x5578c1e0e30b <unknown>\n#7 0x5578c1de7c23 <unknown>\n#8 0x5578c1db44a5 <unknown>\n#9 0x5578c1db5111 <unknown>\n#10 0x5578c228ff1b <unknown>\n#11 0x5578c2293e19 <unknown>\n#12 0x5578c2276ac9 <unknown>\n#13 0x5578c22949c8 <unknown>\n#14 0x5578c225b34f <unknown>\n#15 0x5578c22b8a28 <unknown>\n#16 0x5578c22b8c06 <unknown>\n#17 0x5578c22ca336 <unknown>\n#18 0x7fef3889caa4 <unknown>\n#19 0x7fef38929c3c <unknown>\n\n",
    "statusTrace" : "  File \"/opt/hostedtoolcache/Python/3.12.11/x64/lib/python3.12/site-packages/pluggy/_callers.py\", line 38, in run_old_style_hookwrapper\n    res = yield\n          ^^^^^\n  File \"/opt/hostedtoolcache/Python/3.12.11/x64/lib/python3.12/site-packages/pluggy/_callers.py\", line 139, in _multicall\n    teardown.throw(exception)\n  File \"/opt/hostedtoolcache/Python/3.12.11/x64/lib/python3.12/site-packages/_pytest/setuponly.py\", line 36, in pytest_fixture_setup\n    return (yield)\n            ^^^^^\n  File \"/opt/hostedtoolcache/Python/3.12.11/x64/lib/python3.12/site-packages/pluggy/_callers.py\", line 121, in _multicall\n    res = hook_impl.function(*args)\n          ^^^^^^^^^^^^^^^^^^^^^^^^^\n  File \"/opt/hostedtoolcache/Python/3.12.11/x64/lib/python3.12/site-packages/_pytest/fixtures.py\", line 1140, in pytest_fixture_setup\n    result = call_fixture_func(fixturefunc, request, kwargs)\n             ^^^^^^^^^^^^^^^^^^^^^^^^^^^^^^^^^^^^^^^^^^^^^^^\n  File \"/opt/hostedtoolcache/Python/3.12.11/x64/lib/python3.12/site-packages/_pytest/fixtures.py\", line 917, in call_fixture_func\n    fixture_result = fixturefunc(**kwargs)\n                     ^^^^^^^^^^^^^^^^^^^^^\n  File \"/home/runner/work/PulseWave/PulseWave/tests/test_login_page/conftest.py\", line 10, in login_page_open\n    login_page.get_allow_all_cookies().click()\n    ^^^^^^^^^^^^^^^^^^^^^^^^^^^^^^^^^^\n  File \"/opt/hostedtoolcache/Python/3.12.11/x64/lib/python3.12/site-packages/allure_commons/_allure.py\", line 192, in impl\n    return func(*a, **kw)\n           ^^^^^^^^^^^^^^\n  File \"/home/runner/work/PulseWave/PulseWave/pages/login_page.py\", line 20, in get_allow_all_cookies\n    return self.element_is_visible(self.locator.ALLOW_ALL_COOKIES)\n           ^^^^^^^^^^^^^^^^^^^^^^^^^^^^^^^^^^^^^^^^^^^^^^^^^^^^^^^\n  File \"/home/runner/work/PulseWave/PulseWave/pages/base_page.py\", line 19, in element_is_visible\n    self.go_to_element(self.element_is_present(locator))\n                       ^^^^^^^^^^^^^^^^^^^^^^^^^^^^^^^^\n  File \"/home/runner/work/PulseWave/PulseWave/pages/base_page.py\", line 35, in element_is_present\n    return Wait(self.driver, self.timeout).until(es.presence_of_element_located(locator))\n           ^^^^^^^^^^^^^^^^^^^^^^^^^^^^^^^^^^^^^^^^^^^^^^^^^^^^^^^^^^^^^^^^^^^^^^^^^^^^^^\n  File \"/opt/hostedtoolcache/Python/3.12.11/x64/lib/python3.12/site-packages/selenium/webdriver/support/wait.py\", line 105, in until\n    raise TimeoutException(message, screen, stacktrace)\n",
    "steps" : [ {
      "name" : "Проверка видимости кнопки 'Принимаю все' в сообщении о принятии файлов cookie",
      "time" : {
        "start" : 1751222431470,
        "stop" : 1751222451953,
        "duration" : 20483
      },
      "status" : "broken",
      "statusMessage" : "selenium.common.exceptions.TimeoutException: Message: \nStacktrace:\n#0 0x5578c22cb45a <unknown>\n#1 0x5578c1d70760 <unknown>\n#2 0x5578c1dc2127 <unknown>\n#3 0x5578c1dc2321 <unknown>\n#4 0x5578c1e10e94 <unknown>\n#5 0x5578c1de7e7d <unknown>\n#6 0x5578c1e0e30b <unknown>\n#7 0x5578c1de7c23 <unknown>\n#8 0x5578c1db44a5 <unknown>\n#9 0x5578c1db5111 <unknown>\n#10 0x5578c228ff1b <unknown>\n#11 0x5578c2293e19 <unknown>\n#12 0x5578c2276ac9 <unknown>\n#13 0x5578c22949c8 <unknown>\n#14 0x5578c225b34f <unknown>\n#15 0x5578c22b8a28 <unknown>\n#16 0x5578c22b8c06 <unknown>\n#17 0x5578c22ca336 <unknown>\n#18 0x7fef3889caa4 <unknown>\n#19 0x7fef38929c3c <unknown>\n\n",
      "statusTrace" : "  File \"/opt/hostedtoolcache/Python/3.12.11/x64/lib/python3.12/site-packages/allure_commons/_allure.py\", line 192, in impl\n    return func(*a, **kw)\n           ^^^^^^^^^^^^^^\n  File \"/home/runner/work/PulseWave/PulseWave/pages/login_page.py\", line 20, in get_allow_all_cookies\n    return self.element_is_visible(self.locator.ALLOW_ALL_COOKIES)\n           ^^^^^^^^^^^^^^^^^^^^^^^^^^^^^^^^^^^^^^^^^^^^^^^^^^^^^^^\n  File \"/home/runner/work/PulseWave/PulseWave/pages/base_page.py\", line 19, in element_is_visible\n    self.go_to_element(self.element_is_present(locator))\n                       ^^^^^^^^^^^^^^^^^^^^^^^^^^^^^^^^\n  File \"/home/runner/work/PulseWave/PulseWave/pages/base_page.py\", line 35, in element_is_present\n    return Wait(self.driver, self.timeout).until(es.presence_of_element_located(locator))\n           ^^^^^^^^^^^^^^^^^^^^^^^^^^^^^^^^^^^^^^^^^^^^^^^^^^^^^^^^^^^^^^^^^^^^^^^^^^^^^^\n  File \"/opt/hostedtoolcache/Python/3.12.11/x64/lib/python3.12/site-packages/selenium/webdriver/support/wait.py\", line 105, in until\n    raise TimeoutException(message, screen, stacktrace)\n",
      "steps" : [ ],
      "attachments" : [ ],
      "parameters" : [ ],
      "stepsCount" : 0,
      "attachmentsCount" : 0,
      "shouldDisplayMessage" : true,
      "hasContent" : true
    } ],
    "attachments" : [ ],
    "parameters" : [ ],
    "stepsCount" : 1,
    "attachmentsCount" : 0,
    "shouldDisplayMessage" : false,
    "hasContent" : true
  } ],
  "afterStages" : [ {
    "name" : "driver::0",
    "time" : {
      "start" : 1751222451965,
      "stop" : 1751222452032,
      "duration" : 67
    },
    "status" : "passed",
    "steps" : [ ],
    "attachments" : [ ],
    "parameters" : [ ],
    "stepsCount" : 0,
    "attachmentsCount" : 0,
    "shouldDisplayMessage" : false,
    "hasContent" : false
  } ],
  "labels" : [ {
    "name" : "epic",
    "value" : "Тестирование страницы 'Войти'"
  }, {
    "name" : "tag",
    "value" : "regress"
  }, {
    "name" : "parentSuite",
    "value" : "tests.test_login_page"
  }, {
    "name" : "suite",
    "value" : "test_login_page"
  }, {
    "name" : "subSuite",
    "value" : "TestLoginPage"
  }, {
    "name" : "host",
    "value" : "pkrvmbietmlfzoi"
  }, {
    "name" : "thread",
    "value" : "2672-MainThread"
  }, {
    "name" : "framework",
    "value" : "pytest"
  }, {
    "name" : "language",
    "value" : "cpython3"
  }, {
    "name" : "package",
    "value" : "tests.test_login_page.test_login_page"
  }, {
    "name" : "resultFormat",
    "value" : "allure2"
  } ],
  "parameters" : [ {
    "name" : "browser",
    "value" : "'chrome'"
  } ],
  "links" : [ ],
  "hidden" : false,
  "retry" : false,
  "extra" : {
    "severity" : "normal",
    "retries" : [ ],
    "categories" : [ {
      "name" : "Test defects",
      "matchedStatuses" : [ ],
      "flaky" : false
    } ],
    "history" : {
      "statistic" : {
        "failed" : 0,
        "broken" : 4,
        "skipped" : 0,
        "passed" : 485,
        "unknown" : 0,
        "total" : 489
      },
      "items" : [ {
        "uid" : "2dc6a43447100fa0",
        "reportUrl" : "https://Nat754.github.io/PulseWave/434//#testresult/2dc6a43447100fa0",
        "status" : "passed",
        "time" : {
          "start" : 1751174789007,
          "stop" : 1751174789050,
          "duration" : 43
        }
      }, {
        "uid" : "652d2d011afd98bd",
        "reportUrl" : "https://Nat754.github.io/PulseWave/434//#testresult/652d2d011afd98bd",
        "status" : "passed",
        "time" : {
          "start" : 1751145403606,
          "stop" : 1751145403645,
          "duration" : 39
        }
      }, {
        "uid" : "21550bfdef483a8c",
        "reportUrl" : "https://Nat754.github.io/PulseWave/434//#testresult/21550bfdef483a8c",
        "status" : "passed",
        "time" : {
          "start" : 1751134669367,
          "stop" : 1751134669404,
          "duration" : 37
        }
      }, {
        "uid" : "33af03a50ddc0e80",
        "reportUrl" : "https://Nat754.github.io/PulseWave/433//#testresult/33af03a50ddc0e80",
        "status" : "passed",
        "time" : {
          "start" : 1751048235920,
          "stop" : 1751048235962,
          "duration" : 42
        }
      }, {
        "uid" : "ff5157a321388504",
        "reportUrl" : "https://Nat754.github.io/PulseWave/432//#testresult/ff5157a321388504",
        "status" : "passed",
        "time" : {
          "start" : 1750961872052,
          "stop" : 1750961872089,
          "duration" : 37
        }
      }, {
        "uid" : "68e9870626a82abf",
        "reportUrl" : "https://Nat754.github.io/PulseWave/431//#testresult/68e9870626a82abf",
        "status" : "passed",
        "time" : {
          "start" : 1750877252019,
          "stop" : 1750877252056,
          "duration" : 37
        }
      }, {
        "uid" : "fa8b47b6d55a94ea",
        "reportUrl" : "https://Nat754.github.io/PulseWave/431//#testresult/fa8b47b6d55a94ea",
        "status" : "passed",
        "time" : {
          "start" : 1750875497471,
          "stop" : 1750875497513,
          "duration" : 42
        }
      }, {
        "uid" : "387e967c44d95915",
        "reportUrl" : "https://Nat754.github.io/PulseWave/430//#testresult/387e967c44d95915",
        "status" : "passed",
        "time" : {
          "start" : 1750789062658,
          "stop" : 1750789062699,
          "duration" : 41
        }
      }, {
        "uid" : "f950f65e93b8f139",
        "reportUrl" : "https://Nat754.github.io/PulseWave/429//#testresult/f950f65e93b8f139",
        "status" : "passed",
        "time" : {
          "start" : 1750702701772,
          "stop" : 1750702701812,
          "duration" : 40
        }
      }, {
        "uid" : "c26c2ef8fd057ddf",
        "reportUrl" : "https://Nat754.github.io/PulseWave/428//#testresult/c26c2ef8fd057ddf",
        "status" : "passed",
        "time" : {
          "start" : 1750616146150,
          "stop" : 1750616146191,
          "duration" : 41
        }
      }, {
        "uid" : "6c553e43483d872a",
        "reportUrl" : "https://Nat754.github.io/PulseWave/427//#testresult/6c553e43483d872a",
        "status" : "passed",
        "time" : {
          "start" : 1750529715789,
          "stop" : 1750529715828,
          "duration" : 39
        }
      }, {
        "uid" : "3855cb503184706e",
        "reportUrl" : "https://Nat754.github.io/PulseWave/426//#testresult/3855cb503184706e",
        "status" : "passed",
        "time" : {
          "start" : 1750443448242,
          "stop" : 1750443448290,
          "duration" : 48
        }
      }, {
        "uid" : "608fee454230b166",
        "reportUrl" : "https://Nat754.github.io/PulseWave/425//#testresult/608fee454230b166",
        "status" : "passed",
        "time" : {
          "start" : 1750393654467,
          "stop" : 1750393654507,
          "duration" : 40
        }
      }, {
        "uid" : "72bfbbab240661b6",
        "reportUrl" : "https://Nat754.github.io/PulseWave/425//#testresult/72bfbbab240661b6",
        "status" : "passed",
        "time" : {
          "start" : 1750376263326,
          "stop" : 1750376263363,
          "duration" : 37
        }
      }, {
        "uid" : "d3c159e45c9d9cf3",
        "reportUrl" : "https://Nat754.github.io/PulseWave/424//#testresult/d3c159e45c9d9cf3",
        "status" : "passed",
        "time" : {
          "start" : 1750284577422,
          "stop" : 1750284577463,
          "duration" : 41
        }
      }, {
        "uid" : "33cef8492287c35f",
        "reportUrl" : "https://Nat754.github.io/PulseWave/423//#testresult/33cef8492287c35f",
        "status" : "passed",
        "time" : {
          "start" : 1750184240078,
          "stop" : 1750184240128,
          "duration" : 50
        }
      }, {
        "uid" : "8cb4eb734596fa8b",
        "reportUrl" : "https://Nat754.github.io/PulseWave/422//#testresult/8cb4eb734596fa8b",
        "status" : "passed",
        "time" : {
          "start" : 1750097974984,
          "stop" : 1750097975023,
          "duration" : 39
        }
      }, {
        "uid" : "b1115c33b7f914b3",
        "reportUrl" : "https://Nat754.github.io/PulseWave/421//#testresult/b1115c33b7f914b3",
        "status" : "passed",
        "time" : {
          "start" : 1750011485687,
          "stop" : 1750011485727,
          "duration" : 40
        }
      }, {
        "uid" : "e38037718c00edff",
        "reportUrl" : "https://Nat754.github.io/PulseWave/420//#testresult/e38037718c00edff",
        "status" : "passed",
        "time" : {
          "start" : 1749925027412,
          "stop" : 1749925027456,
          "duration" : 44
        }
      }, {
        "uid" : "f03f04004f760abd",
        "reportUrl" : "https://Nat754.github.io/PulseWave/419//#testresult/f03f04004f760abd",
        "status" : "passed",
        "time" : {
          "start" : 1749838781341,
          "stop" : 1749838781384,
          "duration" : 43
        }
      } ]
    },
    "tags" : [ "regress" ]
  },
  "source" : "9b97b1740d991122.json",
  "parameterValues" : [ "'chrome'" ]
}