{
  "uid" : "a85032b808fae7de",
  "name" : "1.16 Проверка текста заголовка 'Регистрация'",
  "fullName" : "tests.test_signup_page.test_signup_page.TestSignupPage#test_get_title_signup",
  "historyId" : "8a7597b4ab7bcf34529f81f9610ec239",
  "time" : {
    "start" : 1751223618921,
    "stop" : 1751223618921,
    "duration" : 0
  },
  "status" : "broken",
  "statusMessage" : "selenium.common.exceptions.TimeoutException: Message: \nStacktrace:\n#0 0x55879fefd45a <unknown>\n#1 0x55879f9a2760 <unknown>\n#2 0x55879f9f4127 <unknown>\n#3 0x55879f9f4321 <unknown>\n#4 0x55879fa42e94 <unknown>\n#5 0x55879fa19e7d <unknown>\n#6 0x55879fa4030b <unknown>\n#7 0x55879fa19c23 <unknown>\n#8 0x55879f9e64a5 <unknown>\n#9 0x55879f9e7111 <unknown>\n#10 0x55879fec1f1b <unknown>\n#11 0x55879fec5e19 <unknown>\n#12 0x55879fea8ac9 <unknown>\n#13 0x55879fec69c8 <unknown>\n#14 0x55879fe8d34f <unknown>\n#15 0x55879feeaa28 <unknown>\n#16 0x55879feeac06 <unknown>\n#17 0x55879fefc336 <unknown>\n#18 0x7ff21ce9caa4 <unknown>\n#19 0x7ff21cf29c3c <unknown>",
  "statusTrace" : "driver = <selenium.webdriver.chrome.webdriver.WebDriver (session=\"64230712f77685c41d9aca0922fb026a\")>\n\n    @pytest.fixture(scope='function')\n    def signup_page_open(driver):\n        signup_page = SignUpPage(driver)\n        driver.get(Links.SIGNUP_PAGE)\n>       signup_page.get_allow_all_cookies().click()\n\ntests/test_signup_page/conftest.py:10: \n_ _ _ _ _ _ _ _ _ _ _ _ _ _ _ _ _ _ _ _ _ _ _ _ _ _ _ _ _ _ _ _ _ _ _ _ _ _ _ _ \npages/signup_page.py:36: in get_allow_all_cookies\n    return self.element_is_visible(self.locator.ALLOW_ALL_COOKIES)\npages/base_page.py:19: in element_is_visible\n    self.go_to_element(self.element_is_present(locator))\npages/base_page.py:35: in element_is_present\n    return Wait(self.driver, self.timeout).until(es.presence_of_element_located(locator))\n_ _ _ _ _ _ _ _ _ _ _ _ _ _ _ _ _ _ _ _ _ _ _ _ _ _ _ _ _ _ _ _ _ _ _ _ _ _ _ _ \n\nself = <selenium.webdriver.support.wait.WebDriverWait (session=\"64230712f77685c41d9aca0922fb026a\")>\nmethod = <function presence_of_element_located.<locals>._predicate at 0x7fd946f9ec00>\nmessage = ''\n\n    def until(self, method: Callable[[D], Union[Literal[False], T]], message: str = \"\") -> T:\n        \"\"\"Calls the method provided with the driver as an argument until the \\\n        return value does not evaluate to ``False``.\n    \n        :param method: callable(WebDriver)\n        :param message: optional message for :exc:`TimeoutException`\n        :returns: the result of the last call to `method`\n        :raises: :exc:`selenium.common.exceptions.TimeoutException` if timeout occurs\n        \"\"\"\n        screen = None\n        stacktrace = None\n    \n        end_time = time.monotonic() + self._timeout\n        while True:\n            try:\n                value = method(self._driver)\n                if value:\n                    return value\n            except self._ignored_exceptions as exc:\n                screen = getattr(exc, \"screen\", None)\n                stacktrace = getattr(exc, \"stacktrace\", None)\n            time.sleep(self._poll)\n            if time.monotonic() > end_time:\n                break\n>       raise TimeoutException(message, screen, stacktrace)\nE       selenium.common.exceptions.TimeoutException: Message: \nE       Stacktrace:\nE       #0 0x55879fefd45a <unknown>\nE       #1 0x55879f9a2760 <unknown>\nE       #2 0x55879f9f4127 <unknown>\nE       #3 0x55879f9f4321 <unknown>\nE       #4 0x55879fa42e94 <unknown>\nE       #5 0x55879fa19e7d <unknown>\nE       #6 0x55879fa4030b <unknown>\nE       #7 0x55879fa19c23 <unknown>\nE       #8 0x55879f9e64a5 <unknown>\nE       #9 0x55879f9e7111 <unknown>\nE       #10 0x55879fec1f1b <unknown>\nE       #11 0x55879fec5e19 <unknown>\nE       #12 0x55879fea8ac9 <unknown>\nE       #13 0x55879fec69c8 <unknown>\nE       #14 0x55879fe8d34f <unknown>\nE       #15 0x55879feeaa28 <unknown>\nE       #16 0x55879feeac06 <unknown>\nE       #17 0x55879fefc336 <unknown>\nE       #18 0x7ff21ce9caa4 <unknown>\nE       #19 0x7ff21cf29c3c <unknown>\n\n/opt/hostedtoolcache/Python/3.12.11/x64/lib/python3.12/site-packages/selenium/webdriver/support/wait.py:105: TimeoutException",
  "flaky" : false,
  "newFailed" : false,
  "beforeStages" : [ {
    "name" : "driver",
    "time" : {
      "start" : 1751223618922,
      "stop" : 1751223619262,
      "duration" : 340
    },
    "status" : "passed",
    "steps" : [ ],
    "attachments" : [ ],
    "parameters" : [ ],
    "stepsCount" : 0,
    "attachmentsCount" : 0,
    "shouldDisplayMessage" : false,
    "hasContent" : false
  }, {
    "name" : "_session_faker",
    "time" : {
      "start" : 1751220637139,
      "stop" : 1751220637155,
      "duration" : 16
    },
    "status" : "passed",
    "steps" : [ ],
    "attachments" : [ ],
    "parameters" : [ ],
    "stepsCount" : 0,
    "attachmentsCount" : 0,
    "shouldDisplayMessage" : false,
    "hasContent" : false
  }, {
    "name" : "clear_allure_results_folder",
    "time" : {
      "start" : 1751220637155,
      "stop" : 1751220637155,
      "duration" : 0
    },
    "status" : "passed",
    "steps" : [ ],
    "attachments" : [ ],
    "parameters" : [ ],
    "stepsCount" : 0,
    "attachmentsCount" : 0,
    "shouldDisplayMessage" : false,
    "hasContent" : false
  }, {
    "name" : "signup_page_open",
    "time" : {
      "start" : 1751223619262,
      "stop" : 1751223641170,
      "duration" : 21908
    },
    "status" : "broken",
    "statusMessage" : "selenium.common.exceptions.TimeoutException: Message: \nStacktrace:\n#0 0x55879fefd45a <unknown>\n#1 0x55879f9a2760 <unknown>\n#2 0x55879f9f4127 <unknown>\n#3 0x55879f9f4321 <unknown>\n#4 0x55879fa42e94 <unknown>\n#5 0x55879fa19e7d <unknown>\n#6 0x55879fa4030b <unknown>\n#7 0x55879fa19c23 <unknown>\n#8 0x55879f9e64a5 <unknown>\n#9 0x55879f9e7111 <unknown>\n#10 0x55879fec1f1b <unknown>\n#11 0x55879fec5e19 <unknown>\n#12 0x55879fea8ac9 <unknown>\n#13 0x55879fec69c8 <unknown>\n#14 0x55879fe8d34f <unknown>\n#15 0x55879feeaa28 <unknown>\n#16 0x55879feeac06 <unknown>\n#17 0x55879fefc336 <unknown>\n#18 0x7ff21ce9caa4 <unknown>\n#19 0x7ff21cf29c3c <unknown>\n\n",
    "statusTrace" : "  File \"/opt/hostedtoolcache/Python/3.12.11/x64/lib/python3.12/site-packages/pluggy/_callers.py\", line 38, in run_old_style_hookwrapper\n    res = yield\n          ^^^^^\n  File \"/opt/hostedtoolcache/Python/3.12.11/x64/lib/python3.12/site-packages/pluggy/_callers.py\", line 139, in _multicall\n    teardown.throw(exception)\n  File \"/opt/hostedtoolcache/Python/3.12.11/x64/lib/python3.12/site-packages/_pytest/setuponly.py\", line 36, in pytest_fixture_setup\n    return (yield)\n            ^^^^^\n  File \"/opt/hostedtoolcache/Python/3.12.11/x64/lib/python3.12/site-packages/pluggy/_callers.py\", line 121, in _multicall\n    res = hook_impl.function(*args)\n          ^^^^^^^^^^^^^^^^^^^^^^^^^\n  File \"/opt/hostedtoolcache/Python/3.12.11/x64/lib/python3.12/site-packages/_pytest/fixtures.py\", line 1140, in pytest_fixture_setup\n    result = call_fixture_func(fixturefunc, request, kwargs)\n             ^^^^^^^^^^^^^^^^^^^^^^^^^^^^^^^^^^^^^^^^^^^^^^^\n  File \"/opt/hostedtoolcache/Python/3.12.11/x64/lib/python3.12/site-packages/_pytest/fixtures.py\", line 917, in call_fixture_func\n    fixture_result = fixturefunc(**kwargs)\n                     ^^^^^^^^^^^^^^^^^^^^^\n  File \"/home/runner/work/PulseWave/PulseWave/tests/test_signup_page/conftest.py\", line 10, in signup_page_open\n    signup_page.get_allow_all_cookies().click()\n    ^^^^^^^^^^^^^^^^^^^^^^^^^^^^^^^^^^^\n  File \"/opt/hostedtoolcache/Python/3.12.11/x64/lib/python3.12/site-packages/allure_commons/_allure.py\", line 192, in impl\n    return func(*a, **kw)\n           ^^^^^^^^^^^^^^\n  File \"/home/runner/work/PulseWave/PulseWave/pages/signup_page.py\", line 36, in get_allow_all_cookies\n    return self.element_is_visible(self.locator.ALLOW_ALL_COOKIES)\n           ^^^^^^^^^^^^^^^^^^^^^^^^^^^^^^^^^^^^^^^^^^^^^^^^^^^^^^^\n  File \"/home/runner/work/PulseWave/PulseWave/pages/base_page.py\", line 19, in element_is_visible\n    self.go_to_element(self.element_is_present(locator))\n                       ^^^^^^^^^^^^^^^^^^^^^^^^^^^^^^^^\n  File \"/home/runner/work/PulseWave/PulseWave/pages/base_page.py\", line 35, in element_is_present\n    return Wait(self.driver, self.timeout).until(es.presence_of_element_located(locator))\n           ^^^^^^^^^^^^^^^^^^^^^^^^^^^^^^^^^^^^^^^^^^^^^^^^^^^^^^^^^^^^^^^^^^^^^^^^^^^^^^\n  File \"/opt/hostedtoolcache/Python/3.12.11/x64/lib/python3.12/site-packages/selenium/webdriver/support/wait.py\", line 105, in until\n    raise TimeoutException(message, screen, stacktrace)\n",
    "steps" : [ {
      "name" : "Проверка видимости кнопки 'Принимаю все' в сообщении о принятии файлов cookie",
      "time" : {
        "start" : 1751223620686,
        "stop" : 1751223641170,
        "duration" : 20484
      },
      "status" : "broken",
      "statusMessage" : "selenium.common.exceptions.TimeoutException: Message: \nStacktrace:\n#0 0x55879fefd45a <unknown>\n#1 0x55879f9a2760 <unknown>\n#2 0x55879f9f4127 <unknown>\n#3 0x55879f9f4321 <unknown>\n#4 0x55879fa42e94 <unknown>\n#5 0x55879fa19e7d <unknown>\n#6 0x55879fa4030b <unknown>\n#7 0x55879fa19c23 <unknown>\n#8 0x55879f9e64a5 <unknown>\n#9 0x55879f9e7111 <unknown>\n#10 0x55879fec1f1b <unknown>\n#11 0x55879fec5e19 <unknown>\n#12 0x55879fea8ac9 <unknown>\n#13 0x55879fec69c8 <unknown>\n#14 0x55879fe8d34f <unknown>\n#15 0x55879feeaa28 <unknown>\n#16 0x55879feeac06 <unknown>\n#17 0x55879fefc336 <unknown>\n#18 0x7ff21ce9caa4 <unknown>\n#19 0x7ff21cf29c3c <unknown>\n\n",
      "statusTrace" : "  File \"/opt/hostedtoolcache/Python/3.12.11/x64/lib/python3.12/site-packages/allure_commons/_allure.py\", line 192, in impl\n    return func(*a, **kw)\n           ^^^^^^^^^^^^^^\n  File \"/home/runner/work/PulseWave/PulseWave/pages/signup_page.py\", line 36, in get_allow_all_cookies\n    return self.element_is_visible(self.locator.ALLOW_ALL_COOKIES)\n           ^^^^^^^^^^^^^^^^^^^^^^^^^^^^^^^^^^^^^^^^^^^^^^^^^^^^^^^\n  File \"/home/runner/work/PulseWave/PulseWave/pages/base_page.py\", line 19, in element_is_visible\n    self.go_to_element(self.element_is_present(locator))\n                       ^^^^^^^^^^^^^^^^^^^^^^^^^^^^^^^^\n  File \"/home/runner/work/PulseWave/PulseWave/pages/base_page.py\", line 35, in element_is_present\n    return Wait(self.driver, self.timeout).until(es.presence_of_element_located(locator))\n           ^^^^^^^^^^^^^^^^^^^^^^^^^^^^^^^^^^^^^^^^^^^^^^^^^^^^^^^^^^^^^^^^^^^^^^^^^^^^^^\n  File \"/opt/hostedtoolcache/Python/3.12.11/x64/lib/python3.12/site-packages/selenium/webdriver/support/wait.py\", line 105, in until\n    raise TimeoutException(message, screen, stacktrace)\n",
      "steps" : [ ],
      "attachments" : [ ],
      "parameters" : [ ],
      "stepsCount" : 0,
      "attachmentsCount" : 0,
      "shouldDisplayMessage" : true,
      "hasContent" : true
    } ],
    "attachments" : [ ],
    "parameters" : [ ],
    "stepsCount" : 1,
    "attachmentsCount" : 0,
    "shouldDisplayMessage" : false,
    "hasContent" : true
  } ],
  "afterStages" : [ {
    "name" : "driver::0",
    "time" : {
      "start" : 1751223641183,
      "stop" : 1751223641248,
      "duration" : 65
    },
    "status" : "passed",
    "steps" : [ ],
    "attachments" : [ ],
    "parameters" : [ ],
    "stepsCount" : 0,
    "attachmentsCount" : 0,
    "shouldDisplayMessage" : false,
    "hasContent" : false
  } ],
  "labels" : [ {
    "name" : "epic",
    "value" : "Тестирование страницы 'Регистрация'"
  }, {
    "name" : "tag",
    "value" : "regress"
  }, {
    "name" : "parentSuite",
    "value" : "tests.test_signup_page"
  }, {
    "name" : "suite",
    "value" : "test_signup_page"
  }, {
    "name" : "subSuite",
    "value" : "TestSignupPage"
  }, {
    "name" : "host",
    "value" : "pkrvmbietmlfzoi"
  }, {
    "name" : "thread",
    "value" : "2672-MainThread"
  }, {
    "name" : "framework",
    "value" : "pytest"
  }, {
    "name" : "language",
    "value" : "cpython3"
  }, {
    "name" : "package",
    "value" : "tests.test_signup_page.test_signup_page"
  }, {
    "name" : "resultFormat",
    "value" : "allure2"
  } ],
  "parameters" : [ {
    "name" : "browser",
    "value" : "'chrome'"
  } ],
  "links" : [ ],
  "hidden" : false,
  "retry" : false,
  "extra" : {
    "severity" : "normal",
    "retries" : [ ],
    "categories" : [ {
      "name" : "Test defects",
      "matchedStatuses" : [ ],
      "flaky" : false
    } ],
    "history" : {
      "statistic" : {
        "failed" : 0,
        "broken" : 4,
        "skipped" : 0,
        "passed" : 485,
        "unknown" : 0,
        "total" : 489
      },
      "items" : [ {
        "uid" : "531f06c458ea627b",
        "reportUrl" : "https://Nat754.github.io/PulseWave/434//#testresult/531f06c458ea627b",
        "status" : "passed",
        "time" : {
          "start" : 1751175019798,
          "stop" : 1751175019841,
          "duration" : 43
        }
      }, {
        "uid" : "d0adf86328278dd8",
        "reportUrl" : "https://Nat754.github.io/PulseWave/434//#testresult/d0adf86328278dd8",
        "status" : "passed",
        "time" : {
          "start" : 1751145618120,
          "stop" : 1751145618162,
          "duration" : 42
        }
      }, {
        "uid" : "e95e0e8a90900cbe",
        "reportUrl" : "https://Nat754.github.io/PulseWave/434//#testresult/e95e0e8a90900cbe",
        "status" : "passed",
        "time" : {
          "start" : 1751134932363,
          "stop" : 1751134932401,
          "duration" : 38
        }
      }, {
        "uid" : "bbd8728b570ae774",
        "reportUrl" : "https://Nat754.github.io/PulseWave/433//#testresult/bbd8728b570ae774",
        "status" : "passed",
        "time" : {
          "start" : 1751048430355,
          "stop" : 1751048430394,
          "duration" : 39
        }
      }, {
        "uid" : "2e1f6ecf8e527892",
        "reportUrl" : "https://Nat754.github.io/PulseWave/432//#testresult/2e1f6ecf8e527892",
        "status" : "passed",
        "time" : {
          "start" : 1750962065392,
          "stop" : 1750962065433,
          "duration" : 41
        }
      }, {
        "uid" : "3e259fe00b4f23a7",
        "reportUrl" : "https://Nat754.github.io/PulseWave/431//#testresult/3e259fe00b4f23a7",
        "status" : "passed",
        "time" : {
          "start" : 1750877507396,
          "stop" : 1750877507433,
          "duration" : 37
        }
      }, {
        "uid" : "4789206a46aaab54",
        "reportUrl" : "https://Nat754.github.io/PulseWave/431//#testresult/4789206a46aaab54",
        "status" : "passed",
        "time" : {
          "start" : 1750875691528,
          "stop" : 1750875691568,
          "duration" : 40
        }
      }, {
        "uid" : "1fc7951285b5e5fd",
        "reportUrl" : "https://Nat754.github.io/PulseWave/430//#testresult/1fc7951285b5e5fd",
        "status" : "passed",
        "time" : {
          "start" : 1750789265483,
          "stop" : 1750789265523,
          "duration" : 40
        }
      }, {
        "uid" : "bf32809ae8c4e71",
        "reportUrl" : "https://Nat754.github.io/PulseWave/429//#testresult/bf32809ae8c4e71",
        "status" : "passed",
        "time" : {
          "start" : 1750702943289,
          "stop" : 1750702943328,
          "duration" : 39
        }
      }, {
        "uid" : "87a216576af7e222",
        "reportUrl" : "https://Nat754.github.io/PulseWave/428//#testresult/87a216576af7e222",
        "status" : "passed",
        "time" : {
          "start" : 1750616347348,
          "stop" : 1750616347391,
          "duration" : 43
        }
      }, {
        "uid" : "e50ef66a9ab66bf0",
        "reportUrl" : "https://Nat754.github.io/PulseWave/427//#testresult/e50ef66a9ab66bf0",
        "status" : "passed",
        "time" : {
          "start" : 1750529915335,
          "stop" : 1750529915373,
          "duration" : 38
        }
      }, {
        "uid" : "377af176a4eb0fb4",
        "reportUrl" : "https://Nat754.github.io/PulseWave/426//#testresult/377af176a4eb0fb4",
        "status" : "passed",
        "time" : {
          "start" : 1750443658616,
          "stop" : 1750443658652,
          "duration" : 36
        }
      }, {
        "uid" : "4f1d693c905a1288",
        "reportUrl" : "https://Nat754.github.io/PulseWave/425//#testresult/4f1d693c905a1288",
        "status" : "passed",
        "time" : {
          "start" : 1750393857198,
          "stop" : 1750393857235,
          "duration" : 37
        }
      }, {
        "uid" : "3fe0ac80c99dd4b0",
        "reportUrl" : "https://Nat754.github.io/PulseWave/425//#testresult/3fe0ac80c99dd4b0",
        "status" : "passed",
        "time" : {
          "start" : 1750376504944,
          "stop" : 1750376504982,
          "duration" : 38
        }
      }, {
        "uid" : "2d0477b8323cccd4",
        "reportUrl" : "https://Nat754.github.io/PulseWave/424//#testresult/2d0477b8323cccd4",
        "status" : "passed",
        "time" : {
          "start" : 1750284799850,
          "stop" : 1750284799904,
          "duration" : 54
        }
      }, {
        "uid" : "d524aaab1019d83e",
        "reportUrl" : "https://Nat754.github.io/PulseWave/423//#testresult/d524aaab1019d83e",
        "status" : "passed",
        "time" : {
          "start" : 1750184427662,
          "stop" : 1750184427704,
          "duration" : 42
        }
      }, {
        "uid" : "1ab6e3cf9c9f265",
        "reportUrl" : "https://Nat754.github.io/PulseWave/422//#testresult/1ab6e3cf9c9f265",
        "status" : "passed",
        "time" : {
          "start" : 1750098235087,
          "stop" : 1750098235127,
          "duration" : 40
        }
      }, {
        "uid" : "7076df7bcc86c5c3",
        "reportUrl" : "https://Nat754.github.io/PulseWave/421//#testresult/7076df7bcc86c5c3",
        "status" : "passed",
        "time" : {
          "start" : 1750011755555,
          "stop" : 1750011755595,
          "duration" : 40
        }
      }, {
        "uid" : "338e261655433926",
        "reportUrl" : "https://Nat754.github.io/PulseWave/420//#testresult/338e261655433926",
        "status" : "passed",
        "time" : {
          "start" : 1749925291868,
          "stop" : 1749925291906,
          "duration" : 38
        }
      }, {
        "uid" : "b386a685ed66f515",
        "reportUrl" : "https://Nat754.github.io/PulseWave/419//#testresult/b386a685ed66f515",
        "status" : "passed",
        "time" : {
          "start" : 1749839060958,
          "stop" : 1749839060996,
          "duration" : 38
        }
      } ]
    },
    "tags" : [ "regress" ]
  },
  "source" : "a85032b808fae7de.json",
  "parameterValues" : [ "'chrome'" ]
}