{
  "uid" : "fe29d8336502fc5a",
  "name" : "Проверка текста элемента 'Одно приложениe для решения всех Ваших задач!'",
  "fullName" : "tests.test_main_page.test_main_page.TestMainPage#test_get_text_body_main_subtitle",
  "historyId" : "0bf359fe7ae853763e6b017889dc7c02",
  "time" : {
    "start" : 1751223347997,
    "stop" : 1751223347997,
    "duration" : 0
  },
  "status" : "broken",
  "statusMessage" : "selenium.common.exceptions.TimeoutException: Message: \nStacktrace:\n#0 0x55e125dd545a <unknown>\n#1 0x55e12587a760 <unknown>\n#2 0x55e1258cc127 <unknown>\n#3 0x55e1258cc321 <unknown>\n#4 0x55e12591ae94 <unknown>\n#5 0x55e1258f1e7d <unknown>\n#6 0x55e12591830b <unknown>\n#7 0x55e1258f1c23 <unknown>\n#8 0x55e1258be4a5 <unknown>\n#9 0x55e1258bf111 <unknown>\n#10 0x55e125d99f1b <unknown>\n#11 0x55e125d9de19 <unknown>\n#12 0x55e125d80ac9 <unknown>\n#13 0x55e125d9e9c8 <unknown>\n#14 0x55e125d6534f <unknown>\n#15 0x55e125dc2a28 <unknown>\n#16 0x55e125dc2c06 <unknown>\n#17 0x55e125dd4336 <unknown>\n#18 0x7f45e989caa4 <unknown>\n#19 0x7f45e9929c3c <unknown>",
  "statusTrace" : "driver = <selenium.webdriver.chrome.webdriver.WebDriver (session=\"85f4980ed73ec119f887d3f5fa3f6df2\")>\n\n    @pytest.fixture(scope='function')\n    def main_page_open(driver):\n        main_page = MainPage(driver)\n        driver.get(Links.MAIN_PAGE)\n>       main_page.get_allow_all_cookies().click()\n\ntests/test_main_page/conftest.py:10: \n_ _ _ _ _ _ _ _ _ _ _ _ _ _ _ _ _ _ _ _ _ _ _ _ _ _ _ _ _ _ _ _ _ _ _ _ _ _ _ _ \npages/main_page.py:24: in get_allow_all_cookies\n    return self.element_is_visible(self.locator.ALLOW_ALL_COOKIES)\npages/base_page.py:19: in element_is_visible\n    self.go_to_element(self.element_is_present(locator))\npages/base_page.py:35: in element_is_present\n    return Wait(self.driver, self.timeout).until(es.presence_of_element_located(locator))\n_ _ _ _ _ _ _ _ _ _ _ _ _ _ _ _ _ _ _ _ _ _ _ _ _ _ _ _ _ _ _ _ _ _ _ _ _ _ _ _ \n\nself = <selenium.webdriver.support.wait.WebDriverWait (session=\"85f4980ed73ec119f887d3f5fa3f6df2\")>\nmethod = <function presence_of_element_located.<locals>._predicate at 0x7fd946f9f4c0>\nmessage = ''\n\n    def until(self, method: Callable[[D], Union[Literal[False], T]], message: str = \"\") -> T:\n        \"\"\"Calls the method provided with the driver as an argument until the \\\n        return value does not evaluate to ``False``.\n    \n        :param method: callable(WebDriver)\n        :param message: optional message for :exc:`TimeoutException`\n        :returns: the result of the last call to `method`\n        :raises: :exc:`selenium.common.exceptions.TimeoutException` if timeout occurs\n        \"\"\"\n        screen = None\n        stacktrace = None\n    \n        end_time = time.monotonic() + self._timeout\n        while True:\n            try:\n                value = method(self._driver)\n                if value:\n                    return value\n            except self._ignored_exceptions as exc:\n                screen = getattr(exc, \"screen\", None)\n                stacktrace = getattr(exc, \"stacktrace\", None)\n            time.sleep(self._poll)\n            if time.monotonic() > end_time:\n                break\n>       raise TimeoutException(message, screen, stacktrace)\nE       selenium.common.exceptions.TimeoutException: Message: \nE       Stacktrace:\nE       #0 0x55e125dd545a <unknown>\nE       #1 0x55e12587a760 <unknown>\nE       #2 0x55e1258cc127 <unknown>\nE       #3 0x55e1258cc321 <unknown>\nE       #4 0x55e12591ae94 <unknown>\nE       #5 0x55e1258f1e7d <unknown>\nE       #6 0x55e12591830b <unknown>\nE       #7 0x55e1258f1c23 <unknown>\nE       #8 0x55e1258be4a5 <unknown>\nE       #9 0x55e1258bf111 <unknown>\nE       #10 0x55e125d99f1b <unknown>\nE       #11 0x55e125d9de19 <unknown>\nE       #12 0x55e125d80ac9 <unknown>\nE       #13 0x55e125d9e9c8 <unknown>\nE       #14 0x55e125d6534f <unknown>\nE       #15 0x55e125dc2a28 <unknown>\nE       #16 0x55e125dc2c06 <unknown>\nE       #17 0x55e125dd4336 <unknown>\nE       #18 0x7f45e989caa4 <unknown>\nE       #19 0x7f45e9929c3c <unknown>\n\n/opt/hostedtoolcache/Python/3.12.11/x64/lib/python3.12/site-packages/selenium/webdriver/support/wait.py:105: TimeoutException",
  "flaky" : false,
  "newFailed" : false,
  "beforeStages" : [ {
    "name" : "main_page_open",
    "time" : {
      "start" : 1751223348342,
      "stop" : 1751223370342,
      "duration" : 22000
    },
    "status" : "broken",
    "statusMessage" : "selenium.common.exceptions.TimeoutException: Message: \nStacktrace:\n#0 0x55e125dd545a <unknown>\n#1 0x55e12587a760 <unknown>\n#2 0x55e1258cc127 <unknown>\n#3 0x55e1258cc321 <unknown>\n#4 0x55e12591ae94 <unknown>\n#5 0x55e1258f1e7d <unknown>\n#6 0x55e12591830b <unknown>\n#7 0x55e1258f1c23 <unknown>\n#8 0x55e1258be4a5 <unknown>\n#9 0x55e1258bf111 <unknown>\n#10 0x55e125d99f1b <unknown>\n#11 0x55e125d9de19 <unknown>\n#12 0x55e125d80ac9 <unknown>\n#13 0x55e125d9e9c8 <unknown>\n#14 0x55e125d6534f <unknown>\n#15 0x55e125dc2a28 <unknown>\n#16 0x55e125dc2c06 <unknown>\n#17 0x55e125dd4336 <unknown>\n#18 0x7f45e989caa4 <unknown>\n#19 0x7f45e9929c3c <unknown>\n\n",
    "statusTrace" : "  File \"/opt/hostedtoolcache/Python/3.12.11/x64/lib/python3.12/site-packages/pluggy/_callers.py\", line 38, in run_old_style_hookwrapper\n    res = yield\n          ^^^^^\n  File \"/opt/hostedtoolcache/Python/3.12.11/x64/lib/python3.12/site-packages/pluggy/_callers.py\", line 139, in _multicall\n    teardown.throw(exception)\n  File \"/opt/hostedtoolcache/Python/3.12.11/x64/lib/python3.12/site-packages/_pytest/setuponly.py\", line 36, in pytest_fixture_setup\n    return (yield)\n            ^^^^^\n  File \"/opt/hostedtoolcache/Python/3.12.11/x64/lib/python3.12/site-packages/pluggy/_callers.py\", line 121, in _multicall\n    res = hook_impl.function(*args)\n          ^^^^^^^^^^^^^^^^^^^^^^^^^\n  File \"/opt/hostedtoolcache/Python/3.12.11/x64/lib/python3.12/site-packages/_pytest/fixtures.py\", line 1140, in pytest_fixture_setup\n    result = call_fixture_func(fixturefunc, request, kwargs)\n             ^^^^^^^^^^^^^^^^^^^^^^^^^^^^^^^^^^^^^^^^^^^^^^^\n  File \"/opt/hostedtoolcache/Python/3.12.11/x64/lib/python3.12/site-packages/_pytest/fixtures.py\", line 917, in call_fixture_func\n    fixture_result = fixturefunc(**kwargs)\n                     ^^^^^^^^^^^^^^^^^^^^^\n  File \"/home/runner/work/PulseWave/PulseWave/tests/test_main_page/conftest.py\", line 10, in main_page_open\n    main_page.get_allow_all_cookies().click()\n    ^^^^^^^^^^^^^^^^^^^^^^^^^^^^^^^^^\n  File \"/opt/hostedtoolcache/Python/3.12.11/x64/lib/python3.12/site-packages/allure_commons/_allure.py\", line 192, in impl\n    return func(*a, **kw)\n           ^^^^^^^^^^^^^^\n  File \"/home/runner/work/PulseWave/PulseWave/pages/main_page.py\", line 24, in get_allow_all_cookies\n    return self.element_is_visible(self.locator.ALLOW_ALL_COOKIES)\n           ^^^^^^^^^^^^^^^^^^^^^^^^^^^^^^^^^^^^^^^^^^^^^^^^^^^^^^^\n  File \"/home/runner/work/PulseWave/PulseWave/pages/base_page.py\", line 19, in element_is_visible\n    self.go_to_element(self.element_is_present(locator))\n                       ^^^^^^^^^^^^^^^^^^^^^^^^^^^^^^^^\n  File \"/home/runner/work/PulseWave/PulseWave/pages/base_page.py\", line 35, in element_is_present\n    return Wait(self.driver, self.timeout).until(es.presence_of_element_located(locator))\n           ^^^^^^^^^^^^^^^^^^^^^^^^^^^^^^^^^^^^^^^^^^^^^^^^^^^^^^^^^^^^^^^^^^^^^^^^^^^^^^\n  File \"/opt/hostedtoolcache/Python/3.12.11/x64/lib/python3.12/site-packages/selenium/webdriver/support/wait.py\", line 105, in until\n    raise TimeoutException(message, screen, stacktrace)\n",
    "steps" : [ {
      "name" : "Проверка видимости кнопки 'Принимаю всё' в сообщении о принятии файлов cookie на Главной странице",
      "time" : {
        "start" : 1751223349840,
        "stop" : 1751223370342,
        "duration" : 20502
      },
      "status" : "broken",
      "statusMessage" : "selenium.common.exceptions.TimeoutException: Message: \nStacktrace:\n#0 0x55e125dd545a <unknown>\n#1 0x55e12587a760 <unknown>\n#2 0x55e1258cc127 <unknown>\n#3 0x55e1258cc321 <unknown>\n#4 0x55e12591ae94 <unknown>\n#5 0x55e1258f1e7d <unknown>\n#6 0x55e12591830b <unknown>\n#7 0x55e1258f1c23 <unknown>\n#8 0x55e1258be4a5 <unknown>\n#9 0x55e1258bf111 <unknown>\n#10 0x55e125d99f1b <unknown>\n#11 0x55e125d9de19 <unknown>\n#12 0x55e125d80ac9 <unknown>\n#13 0x55e125d9e9c8 <unknown>\n#14 0x55e125d6534f <unknown>\n#15 0x55e125dc2a28 <unknown>\n#16 0x55e125dc2c06 <unknown>\n#17 0x55e125dd4336 <unknown>\n#18 0x7f45e989caa4 <unknown>\n#19 0x7f45e9929c3c <unknown>\n\n",
      "statusTrace" : "  File \"/opt/hostedtoolcache/Python/3.12.11/x64/lib/python3.12/site-packages/allure_commons/_allure.py\", line 192, in impl\n    return func(*a, **kw)\n           ^^^^^^^^^^^^^^\n  File \"/home/runner/work/PulseWave/PulseWave/pages/main_page.py\", line 24, in get_allow_all_cookies\n    return self.element_is_visible(self.locator.ALLOW_ALL_COOKIES)\n           ^^^^^^^^^^^^^^^^^^^^^^^^^^^^^^^^^^^^^^^^^^^^^^^^^^^^^^^\n  File \"/home/runner/work/PulseWave/PulseWave/pages/base_page.py\", line 19, in element_is_visible\n    self.go_to_element(self.element_is_present(locator))\n                       ^^^^^^^^^^^^^^^^^^^^^^^^^^^^^^^^\n  File \"/home/runner/work/PulseWave/PulseWave/pages/base_page.py\", line 35, in element_is_present\n    return Wait(self.driver, self.timeout).until(es.presence_of_element_located(locator))\n           ^^^^^^^^^^^^^^^^^^^^^^^^^^^^^^^^^^^^^^^^^^^^^^^^^^^^^^^^^^^^^^^^^^^^^^^^^^^^^^\n  File \"/opt/hostedtoolcache/Python/3.12.11/x64/lib/python3.12/site-packages/selenium/webdriver/support/wait.py\", line 105, in until\n    raise TimeoutException(message, screen, stacktrace)\n",
      "steps" : [ ],
      "attachments" : [ ],
      "parameters" : [ ],
      "stepsCount" : 0,
      "attachmentsCount" : 0,
      "shouldDisplayMessage" : true,
      "hasContent" : true
    } ],
    "attachments" : [ ],
    "parameters" : [ ],
    "stepsCount" : 1,
    "attachmentsCount" : 0,
    "shouldDisplayMessage" : false,
    "hasContent" : true
  }, {
    "name" : "_session_faker",
    "time" : {
      "start" : 1751220637139,
      "stop" : 1751220637155,
      "duration" : 16
    },
    "status" : "passed",
    "steps" : [ ],
    "attachments" : [ ],
    "parameters" : [ ],
    "stepsCount" : 0,
    "attachmentsCount" : 0,
    "shouldDisplayMessage" : false,
    "hasContent" : false
  }, {
    "name" : "clear_allure_results_folder",
    "time" : {
      "start" : 1751220637155,
      "stop" : 1751220637155,
      "duration" : 0
    },
    "status" : "passed",
    "steps" : [ ],
    "attachments" : [ ],
    "parameters" : [ ],
    "stepsCount" : 0,
    "attachmentsCount" : 0,
    "shouldDisplayMessage" : false,
    "hasContent" : false
  }, {
    "name" : "driver",
    "time" : {
      "start" : 1751223347998,
      "stop" : 1751223348342,
      "duration" : 344
    },
    "status" : "passed",
    "steps" : [ ],
    "attachments" : [ ],
    "parameters" : [ ],
    "stepsCount" : 0,
    "attachmentsCount" : 0,
    "shouldDisplayMessage" : false,
    "hasContent" : false
  } ],
  "afterStages" : [ {
    "name" : "driver::0",
    "time" : {
      "start" : 1751223370357,
      "stop" : 1751223370422,
      "duration" : 65
    },
    "status" : "passed",
    "steps" : [ ],
    "attachments" : [ ],
    "parameters" : [ ],
    "stepsCount" : 0,
    "attachmentsCount" : 0,
    "shouldDisplayMessage" : false,
    "hasContent" : false
  } ],
  "labels" : [ {
    "name" : "epic",
    "value" : "Тестирование Главной страницы"
  }, {
    "name" : "tag",
    "value" : "regress"
  }, {
    "name" : "parentSuite",
    "value" : "tests.test_main_page"
  }, {
    "name" : "suite",
    "value" : "test_main_page"
  }, {
    "name" : "subSuite",
    "value" : "TestMainPage"
  }, {
    "name" : "host",
    "value" : "pkrvmbietmlfzoi"
  }, {
    "name" : "thread",
    "value" : "2672-MainThread"
  }, {
    "name" : "framework",
    "value" : "pytest"
  }, {
    "name" : "language",
    "value" : "cpython3"
  }, {
    "name" : "package",
    "value" : "tests.test_main_page.test_main_page"
  }, {
    "name" : "resultFormat",
    "value" : "allure2"
  } ],
  "parameters" : [ {
    "name" : "browser",
    "value" : "'chrome'"
  } ],
  "links" : [ ],
  "hidden" : false,
  "retry" : false,
  "extra" : {
    "severity" : "normal",
    "retries" : [ ],
    "categories" : [ {
      "name" : "Test defects",
      "matchedStatuses" : [ ],
      "flaky" : false
    } ],
    "history" : {
      "statistic" : {
        "failed" : 0,
        "broken" : 4,
        "skipped" : 0,
        "passed" : 485,
        "unknown" : 0,
        "total" : 489
      },
      "items" : [ {
        "uid" : "47d527e5d69bb964",
        "reportUrl" : "https://Nat754.github.io/PulseWave/434//#testresult/47d527e5d69bb964",
        "status" : "passed",
        "time" : {
          "start" : 1751174921033,
          "stop" : 1751174921077,
          "duration" : 44
        }
      }, {
        "uid" : "94970ad2af10fee0",
        "reportUrl" : "https://Nat754.github.io/PulseWave/434//#testresult/94970ad2af10fee0",
        "status" : "passed",
        "time" : {
          "start" : 1751145540098,
          "stop" : 1751145540142,
          "duration" : 44
        }
      }, {
        "uid" : "1240302fc931810f",
        "reportUrl" : "https://Nat754.github.io/PulseWave/434//#testresult/1240302fc931810f",
        "status" : "passed",
        "time" : {
          "start" : 1751134850075,
          "stop" : 1751134850117,
          "duration" : 42
        }
      }, {
        "uid" : "65c0fd72b3714827",
        "reportUrl" : "https://Nat754.github.io/PulseWave/433//#testresult/65c0fd72b3714827",
        "status" : "passed",
        "time" : {
          "start" : 1751048368917,
          "stop" : 1751048368961,
          "duration" : 44
        }
      }, {
        "uid" : "205b77fe968c0bcb",
        "reportUrl" : "https://Nat754.github.io/PulseWave/432//#testresult/205b77fe968c0bcb",
        "status" : "passed",
        "time" : {
          "start" : 1750962003786,
          "stop" : 1750962003828,
          "duration" : 42
        }
      }, {
        "uid" : "5e293d8a13aa7894",
        "reportUrl" : "https://Nat754.github.io/PulseWave/431//#testresult/5e293d8a13aa7894",
        "status" : "passed",
        "time" : {
          "start" : 1750877425459,
          "stop" : 1750877425499,
          "duration" : 40
        }
      }, {
        "uid" : "80d70aaf4dc90536",
        "reportUrl" : "https://Nat754.github.io/PulseWave/431//#testresult/80d70aaf4dc90536",
        "status" : "passed",
        "time" : {
          "start" : 1750875629143,
          "stop" : 1750875629186,
          "duration" : 43
        }
      }, {
        "uid" : "8b7c7b511ac9a6b8",
        "reportUrl" : "https://Nat754.github.io/PulseWave/430//#testresult/8b7c7b511ac9a6b8",
        "status" : "passed",
        "time" : {
          "start" : 1750789193160,
          "stop" : 1750789193199,
          "duration" : 39
        }
      }, {
        "uid" : "c44047182d833ffb",
        "reportUrl" : "https://Nat754.github.io/PulseWave/429//#testresult/c44047182d833ffb",
        "status" : "passed",
        "time" : {
          "start" : 1750702848984,
          "stop" : 1750702849025,
          "duration" : 41
        }
      }, {
        "uid" : "b4fc04b00383573f",
        "reportUrl" : "https://Nat754.github.io/PulseWave/428//#testresult/b4fc04b00383573f",
        "status" : "passed",
        "time" : {
          "start" : 1750616278724,
          "stop" : 1750616278778,
          "duration" : 54
        }
      }, {
        "uid" : "3a27df5593530ec7",
        "reportUrl" : "https://Nat754.github.io/PulseWave/427//#testresult/3a27df5593530ec7",
        "status" : "passed",
        "time" : {
          "start" : 1750529845949,
          "stop" : 1750529845988,
          "duration" : 39
        }
      }, {
        "uid" : "184e1bb3afb7539f",
        "reportUrl" : "https://Nat754.github.io/PulseWave/426//#testresult/184e1bb3afb7539f",
        "status" : "passed",
        "time" : {
          "start" : 1750443591973,
          "stop" : 1750443592024,
          "duration" : 51
        }
      }, {
        "uid" : "5357510c6c9d4655",
        "reportUrl" : "https://Nat754.github.io/PulseWave/425//#testresult/5357510c6c9d4655",
        "status" : "passed",
        "time" : {
          "start" : 1750393785683,
          "stop" : 1750393785723,
          "duration" : 40
        }
      }, {
        "uid" : "64f06e2cf667f2bb",
        "reportUrl" : "https://Nat754.github.io/PulseWave/425//#testresult/64f06e2cf667f2bb",
        "status" : "passed",
        "time" : {
          "start" : 1750376424741,
          "stop" : 1750376424780,
          "duration" : 39
        }
      }, {
        "uid" : "f0ab349135f23cc2",
        "reportUrl" : "https://Nat754.github.io/PulseWave/424//#testresult/f0ab349135f23cc2",
        "status" : "passed",
        "time" : {
          "start" : 1750284721731,
          "stop" : 1750284721773,
          "duration" : 42
        }
      }, {
        "uid" : "ab717daccc74c0d8",
        "reportUrl" : "https://Nat754.github.io/PulseWave/423//#testresult/ab717daccc74c0d8",
        "status" : "passed",
        "time" : {
          "start" : 1750184367841,
          "stop" : 1750184367884,
          "duration" : 43
        }
      }, {
        "uid" : "89e69d6541840c6f",
        "reportUrl" : "https://Nat754.github.io/PulseWave/422//#testresult/89e69d6541840c6f",
        "status" : "passed",
        "time" : {
          "start" : 1750098153673,
          "stop" : 1750098153713,
          "duration" : 40
        }
      }, {
        "uid" : "e270246f2454ee9d",
        "reportUrl" : "https://Nat754.github.io/PulseWave/421//#testresult/e270246f2454ee9d",
        "status" : "passed",
        "time" : {
          "start" : 1750011664453,
          "stop" : 1750011664493,
          "duration" : 40
        }
      }, {
        "uid" : "4b6c49efcccb2724",
        "reportUrl" : "https://Nat754.github.io/PulseWave/420//#testresult/4b6c49efcccb2724",
        "status" : "passed",
        "time" : {
          "start" : 1749925192747,
          "stop" : 1749925192785,
          "duration" : 38
        }
      }, {
        "uid" : "66beb80bd08e931e",
        "reportUrl" : "https://Nat754.github.io/PulseWave/419//#testresult/66beb80bd08e931e",
        "status" : "passed",
        "time" : {
          "start" : 1749838959765,
          "stop" : 1749838959809,
          "duration" : 44
        }
      } ]
    },
    "tags" : [ "regress" ]
  },
  "source" : "fe29d8336502fc5a.json",
  "parameterValues" : [ "'chrome'" ]
}