{
  "uid" : "34023f1b93733bc7",
  "name" : "W6. Проверка перехода в Рабочие пространства по ссылке На главную",
  "fullName" : "tests.ui_tests.workspace_page_test.TestWorkspacePage#test_link_to_main",
  "historyId" : "11b6bcc6781dc77aebf9b14e0d813be0",
  "time" : {
    "start" : 1753036769709,
    "stop" : 1753036770061,
    "duration" : 352
  },
  "status" : "broken",
  "statusMessage" : "selenium.common.exceptions.StaleElementReferenceException: Message: stale element reference: stale element not found in the current frame\n  (Session info: chrome=138.0.7204.100); For documentation on this error, please visit: https://www.selenium.dev/documentation/webdriver/troubleshooting/errors#stale-element-reference-exception\nStacktrace:\n#0 0x55c5562d923a <unknown>\n#1 0x55c555d83ab0 <unknown>\n#2 0x55c555d8a748 <unknown>\n#3 0x55c555d8cfe8 <unknown>\n#4 0x55c555d8d073 <unknown>\n#5 0x55c555ddc469 <unknown>\n#6 0x55c555dd9ef5 <unknown>\n#7 0x55c555dd7a62 <unknown>\n#8 0x55c555dd7180 <unknown>\n#9 0x55c555dc9ced <unknown>\n#10 0x55c555dfb1a2 <unknown>\n#11 0x55c555dc928a <unknown>\n#12 0x55c555dfb36e <unknown>\n#13 0x55c555e20fee <unknown>\n#14 0x55c555dfaf73 <unknown>\n#15 0x55c555dc7aeb <unknown>\n#16 0x55c555dc8751 <unknown>\n#17 0x55c55629db4b <unknown>\n#18 0x55c5562a1929 <unknown>\n#19 0x55c556284929 <unknown>\n#20 0x55c5562a24e8 <unknown>\n#21 0x55c5562690df <unknown>\n#22 0x55c5562c68e8 <unknown>\n#23 0x55c5562c6ac6 <unknown>\n#24 0x55c5562d8556 <unknown>\n#25 0x7f0c5c89caa4 <unknown>\n#26 0x7f0c5c929c3c <unknown>",
  "statusTrace" : "self = <tests.ui_tests.workspace_page_test.TestWorkspacePage object at 0x7f2e81cac110>\nauth_user = <pages.login_page.LoginPage object at 0x7f2e81cd9670>\ndriver = <selenium.webdriver.chrome.webdriver.WebDriver (session=\"19559320a1740939136fe0765ab794ca\")>\n\n    @allure.title(f\"W6. Проверка перехода в {wsconst.WORKSPACE_TITLE} по ссылке {message.TO_MAIN_TEXT}\")\n    @pytest.mark.regress\n    def test_link_to_main(self, auth_user, driver):\n        page = SignUpPage(driver)\n>       page.click_button_avatar()\n\ntests/ui_tests/workspace_page_test.py:60: \n_ _ _ _ _ _ _ _ _ _ _ _ _ _ _ _ _ _ _ _ _ _ _ _ _ _ _ _ _ _ _ _ _ _ _ _ _ _ _ _ \npages/signup_page.py:90: in click_button_avatar\n    self.element_is_clickable(self.locator.BUTTON_AVATAR).click()\n/opt/hostedtoolcache/Python/3.12.11/x64/lib/python3.12/site-packages/selenium/webdriver/remote/webelement.py:94: in click\n    self._execute(Command.CLICK_ELEMENT)\n/opt/hostedtoolcache/Python/3.12.11/x64/lib/python3.12/site-packages/selenium/webdriver/remote/webelement.py:395: in _execute\n    return self._parent.execute(command, params)\n/opt/hostedtoolcache/Python/3.12.11/x64/lib/python3.12/site-packages/selenium/webdriver/remote/webdriver.py:347: in execute\n    self.error_handler.check_response(response)\n_ _ _ _ _ _ _ _ _ _ _ _ _ _ _ _ _ _ _ _ _ _ _ _ _ _ _ _ _ _ _ _ _ _ _ _ _ _ _ _ \n\nself = <selenium.webdriver.remote.errorhandler.ErrorHandler object at 0x7f2e81cce810>\nresponse = {'status': 404, 'value': '{\"value\":{\"error\":\"stale element reference\",\"message\":\"stale element reference: stale elemen...\\\\n#24 0x55c5562d8556 \\\\u003Cunknown>\\\\n#25 0x7f0c5c89caa4 \\\\u003Cunknown>\\\\n#26 0x7f0c5c929c3c \\\\u003Cunknown>\\\\n\"}}'}\n\n    def check_response(self, response: Dict[str, Any]) -> None:\n        \"\"\"Checks that a JSON response from the WebDriver does not have an\n        error.\n    \n        :Args:\n         - response - The JSON response from the WebDriver server as a dictionary\n           object.\n    \n        :Raises: If the response contains an error message.\n        \"\"\"\n        status = response.get(\"status\", None)\n        if not status or status == ErrorCode.SUCCESS:\n            return\n        value = None\n        message = response.get(\"message\", \"\")\n        screen: str = response.get(\"screen\", \"\")\n        stacktrace = None\n        if isinstance(status, int):\n            value_json = response.get(\"value\", None)\n            if value_json and isinstance(value_json, str):\n                import json\n    \n                try:\n                    value = json.loads(value_json)\n                    if len(value) == 1:\n                        value = value[\"value\"]\n                    status = value.get(\"error\", None)\n                    if not status:\n                        status = value.get(\"status\", ErrorCode.UNKNOWN_ERROR)\n                        message = value.get(\"value\") or value.get(\"message\")\n                        if not isinstance(message, str):\n                            value = message\n                            message = message.get(\"message\")\n                    else:\n                        message = value.get(\"message\", None)\n                except ValueError:\n                    pass\n    \n        exception_class: Type[WebDriverException]\n        e = ErrorCode()\n        error_codes = [item for item in dir(e) if not item.startswith(\"__\")]\n        for error_code in error_codes:\n            error_info = getattr(ErrorCode, error_code)\n            if isinstance(error_info, list) and status in error_info:\n                exception_class = getattr(ExceptionMapping, error_code, WebDriverException)\n                break\n        else:\n            exception_class = WebDriverException\n    \n        if not value:\n            value = response[\"value\"]\n        if isinstance(value, str):\n            raise exception_class(value)\n        if message == \"\" and \"message\" in value:\n            message = value[\"message\"]\n    \n        screen = None  # type: ignore[assignment]\n        if \"screen\" in value:\n            screen = value[\"screen\"]\n    \n        stacktrace = None\n        st_value = value.get(\"stackTrace\") or value.get(\"stacktrace\")\n        if st_value:\n            if isinstance(st_value, str):\n                stacktrace = st_value.split(\"\\n\")\n            else:\n                stacktrace = []\n                try:\n                    for frame in st_value:\n                        line = frame.get(\"lineNumber\", \"\")\n                        file = frame.get(\"fileName\", \"<anonymous>\")\n                        if line:\n                            file = f\"{file}:{line}\"\n                        meth = frame.get(\"methodName\", \"<anonymous>\")\n                        if \"className\" in frame:\n                            meth = f\"{frame['className']}.{meth}\"\n                        msg = \"    at %s (%s)\"\n                        msg = msg % (meth, file)\n                        stacktrace.append(msg)\n                except TypeError:\n                    pass\n        if exception_class == UnexpectedAlertPresentException:\n            alert_text = None\n            if \"data\" in value:\n                alert_text = value[\"data\"].get(\"text\")\n            elif \"alert\" in value:\n                alert_text = value[\"alert\"].get(\"text\")\n            raise exception_class(message, screen, stacktrace, alert_text)  # type: ignore[call-arg]  # mypy is not smart enough here\n>       raise exception_class(message, screen, stacktrace)\nE       selenium.common.exceptions.StaleElementReferenceException: Message: stale element reference: stale element not found in the current frame\nE         (Session info: chrome=138.0.7204.100); For documentation on this error, please visit: https://www.selenium.dev/documentation/webdriver/troubleshooting/errors#stale-element-reference-exception\nE       Stacktrace:\nE       #0 0x55c5562d923a <unknown>\nE       #1 0x55c555d83ab0 <unknown>\nE       #2 0x55c555d8a748 <unknown>\nE       #3 0x55c555d8cfe8 <unknown>\nE       #4 0x55c555d8d073 <unknown>\nE       #5 0x55c555ddc469 <unknown>\nE       #6 0x55c555dd9ef5 <unknown>\nE       #7 0x55c555dd7a62 <unknown>\nE       #8 0x55c555dd7180 <unknown>\nE       #9 0x55c555dc9ced <unknown>\nE       #10 0x55c555dfb1a2 <unknown>\nE       #11 0x55c555dc928a <unknown>\nE       #12 0x55c555dfb36e <unknown>\nE       #13 0x55c555e20fee <unknown>\nE       #14 0x55c555dfaf73 <unknown>\nE       #15 0x55c555dc7aeb <unknown>\nE       #16 0x55c555dc8751 <unknown>\nE       #17 0x55c55629db4b <unknown>\nE       #18 0x55c5562a1929 <unknown>\nE       #19 0x55c556284929 <unknown>\nE       #20 0x55c5562a24e8 <unknown>\nE       #21 0x55c5562690df <unknown>\nE       #22 0x55c5562c68e8 <unknown>\nE       #23 0x55c5562c6ac6 <unknown>\nE       #24 0x55c5562d8556 <unknown>\nE       #25 0x7f0c5c89caa4 <unknown>\nE       #26 0x7f0c5c929c3c <unknown>\n\n/opt/hostedtoolcache/Python/3.12.11/x64/lib/python3.12/site-packages/selenium/webdriver/remote/errorhandler.py:229: StaleElementReferenceException",
  "flaky" : false,
  "newFailed" : false,
  "beforeStages" : [ {
    "name" : "_session_faker",
    "time" : {
      "start" : 1753035087226,
      "stop" : 1753035087241,
      "duration" : 15
    },
    "status" : "passed",
    "steps" : [ ],
    "attachments" : [ ],
    "parameters" : [ ],
    "stepsCount" : 0,
    "attachmentsCount" : 0,
    "shouldDisplayMessage" : false,
    "hasContent" : false
  }, {
    "name" : "clear_allure_results_folder",
    "time" : {
      "start" : 1753035087241,
      "stop" : 1753035087241,
      "duration" : 0
    },
    "status" : "passed",
    "steps" : [ ],
    "attachments" : [ ],
    "parameters" : [ ],
    "stepsCount" : 0,
    "attachmentsCount" : 0,
    "shouldDisplayMessage" : false,
    "hasContent" : false
  }, {
    "name" : "driver",
    "time" : {
      "start" : 1753036764182,
      "stop" : 1753036764522,
      "duration" : 340
    },
    "status" : "passed",
    "steps" : [ ],
    "attachments" : [ ],
    "parameters" : [ ],
    "stepsCount" : 0,
    "attachmentsCount" : 0,
    "shouldDisplayMessage" : false,
    "hasContent" : false
  }, {
    "name" : "auth_user",
    "time" : {
      "start" : 1753036764522,
      "stop" : 1753036769708,
      "duration" : 5186
    },
    "status" : "passed",
    "steps" : [ {
      "name" : "Проверка видимости кнопки 'Принимаю все' в сообщении о принятии файлов cookie",
      "time" : {
        "start" : 1753036767326,
        "stop" : 1753036767356,
        "duration" : 30
      },
      "status" : "passed",
      "steps" : [ {
        "name" : "Проверить видимость элемента",
        "time" : {
          "start" : 1753036767327,
          "stop" : 1753036767356,
          "duration" : 29
        },
        "status" : "passed",
        "steps" : [ {
          "name" : "Проверить присутствие элемента в DOM",
          "time" : {
            "start" : 1753036767327,
            "stop" : 1753036767337,
            "duration" : 10
          },
          "status" : "passed",
          "steps" : [ ],
          "attachments" : [ ],
          "parameters" : [ {
            "name" : "locator",
            "value" : "('css selector', '.cookies__body .button__small')"
          } ],
          "stepsCount" : 0,
          "attachmentsCount" : 0,
          "shouldDisplayMessage" : false,
          "hasContent" : true
        }, {
          "name" : "Проскролить до элемента",
          "time" : {
            "start" : 1753036767337,
            "stop" : 1753036767341,
            "duration" : 4
          },
          "status" : "passed",
          "steps" : [ ],
          "attachments" : [ ],
          "parameters" : [ {
            "name" : "element",
            "value" : "<selenium.webdriver.remote.webelement.WebElement (session=\"19559320a1740939136fe0765ab794ca\", element=\"f.E21FAFAF6FF5C55599268ACEE7A38F1D.d.7FC589A96DBF0AF4F2D40C3E6E477376.e.14\")>"
          } ],
          "stepsCount" : 0,
          "attachmentsCount" : 0,
          "shouldDisplayMessage" : false,
          "hasContent" : true
        } ],
        "attachments" : [ ],
        "parameters" : [ {
          "name" : "locator",
          "value" : "('css selector', '.cookies__body .button__small')"
        } ],
        "stepsCount" : 2,
        "attachmentsCount" : 0,
        "shouldDisplayMessage" : false,
        "hasContent" : true
      } ],
      "attachments" : [ ],
      "parameters" : [ ],
      "stepsCount" : 3,
      "attachmentsCount" : 0,
      "shouldDisplayMessage" : false,
      "hasContent" : true
    }, {
      "name" : "Проверить видимость элемента",
      "time" : {
        "start" : 1753036767423,
        "stop" : 1753036767452,
        "duration" : 29
      },
      "status" : "passed",
      "steps" : [ {
        "name" : "Проверить присутствие элемента в DOM",
        "time" : {
          "start" : 1753036767423,
          "stop" : 1753036767434,
          "duration" : 11
        },
        "status" : "passed",
        "steps" : [ ],
        "attachments" : [ ],
        "parameters" : [ {
          "name" : "locator",
          "value" : "('xpath', '//input[@type=\"email\"]')"
        } ],
        "stepsCount" : 0,
        "attachmentsCount" : 0,
        "shouldDisplayMessage" : false,
        "hasContent" : true
      }, {
        "name" : "Проскролить до элемента",
        "time" : {
          "start" : 1753036767434,
          "stop" : 1753036767438,
          "duration" : 4
        },
        "status" : "passed",
        "steps" : [ ],
        "attachments" : [ ],
        "parameters" : [ {
          "name" : "element",
          "value" : "<selenium.webdriver.remote.webelement.WebElement (session=\"19559320a1740939136fe0765ab794ca\", element=\"f.E21FAFAF6FF5C55599268ACEE7A38F1D.d.7FC589A96DBF0AF4F2D40C3E6E477376.e.6\")>"
        } ],
        "stepsCount" : 0,
        "attachmentsCount" : 0,
        "shouldDisplayMessage" : false,
        "hasContent" : true
      } ],
      "attachments" : [ ],
      "parameters" : [ {
        "name" : "locator",
        "value" : "('xpath', '//input[@type=\"email\"]')"
      } ],
      "stepsCount" : 2,
      "attachmentsCount" : 0,
      "shouldDisplayMessage" : false,
      "hasContent" : true
    }, {
      "name" : "Проверить видимость элемента",
      "time" : {
        "start" : 1753036767517,
        "stop" : 1753036767541,
        "duration" : 24
      },
      "status" : "passed",
      "steps" : [ {
        "name" : "Проверить присутствие элемента в DOM",
        "time" : {
          "start" : 1753036767517,
          "stop" : 1753036767526,
          "duration" : 9
        },
        "status" : "passed",
        "steps" : [ ],
        "attachments" : [ ],
        "parameters" : [ {
          "name" : "locator",
          "value" : "('xpath', '//input[@type=\"password\"]')"
        } ],
        "stepsCount" : 0,
        "attachmentsCount" : 0,
        "shouldDisplayMessage" : false,
        "hasContent" : true
      }, {
        "name" : "Проскролить до элемента",
        "time" : {
          "start" : 1753036767526,
          "stop" : 1753036767529,
          "duration" : 3
        },
        "status" : "passed",
        "steps" : [ ],
        "attachments" : [ ],
        "parameters" : [ {
          "name" : "element",
          "value" : "<selenium.webdriver.remote.webelement.WebElement (session=\"19559320a1740939136fe0765ab794ca\", element=\"f.E21FAFAF6FF5C55599268ACEE7A38F1D.d.7FC589A96DBF0AF4F2D40C3E6E477376.e.5\")>"
        } ],
        "stepsCount" : 0,
        "attachmentsCount" : 0,
        "shouldDisplayMessage" : false,
        "hasContent" : true
      } ],
      "attachments" : [ ],
      "parameters" : [ {
        "name" : "locator",
        "value" : "('xpath', '//input[@type=\"password\"]')"
      } ],
      "stepsCount" : 2,
      "attachmentsCount" : 0,
      "shouldDisplayMessage" : false,
      "hasContent" : true
    }, {
      "name" : "Нажать кнопку 'Войти'",
      "time" : {
        "start" : 1753036767584,
        "stop" : 1753036767674,
        "duration" : 90
      },
      "status" : "passed",
      "steps" : [ {
        "name" : "Проверить кликабельность элемента",
        "time" : {
          "start" : 1753036767584,
          "stop" : 1753036767625,
          "duration" : 41
        },
        "status" : "passed",
        "steps" : [ {
          "name" : "Проверить видимость элемента",
          "time" : {
            "start" : 1753036767585,
            "stop" : 1753036767608,
            "duration" : 23
          },
          "status" : "passed",
          "steps" : [ {
            "name" : "Проверить присутствие элемента в DOM",
            "time" : {
              "start" : 1753036767585,
              "stop" : 1753036767593,
              "duration" : 8
            },
            "status" : "passed",
            "steps" : [ ],
            "attachments" : [ ],
            "parameters" : [ {
              "name" : "locator",
              "value" : "('xpath', '//button[@type=\"submit\"]')"
            } ],
            "stepsCount" : 0,
            "attachmentsCount" : 0,
            "shouldDisplayMessage" : false,
            "hasContent" : true
          }, {
            "name" : "Проскролить до элемента",
            "time" : {
              "start" : 1753036767593,
              "stop" : 1753036767597,
              "duration" : 4
            },
            "status" : "passed",
            "steps" : [ ],
            "attachments" : [ ],
            "parameters" : [ {
              "name" : "element",
              "value" : "<selenium.webdriver.remote.webelement.WebElement (session=\"19559320a1740939136fe0765ab794ca\", element=\"f.E21FAFAF6FF5C55599268ACEE7A38F1D.d.7FC589A96DBF0AF4F2D40C3E6E477376.e.10\")>"
            } ],
            "stepsCount" : 0,
            "attachmentsCount" : 0,
            "shouldDisplayMessage" : false,
            "hasContent" : true
          } ],
          "attachments" : [ ],
          "parameters" : [ {
            "name" : "locator",
            "value" : "('xpath', '//button[@type=\"submit\"]')"
          } ],
          "stepsCount" : 2,
          "attachmentsCount" : 0,
          "shouldDisplayMessage" : false,
          "hasContent" : true
        } ],
        "attachments" : [ ],
        "parameters" : [ {
          "name" : "locator",
          "value" : "('xpath', '//button[@type=\"submit\"]')"
        } ],
        "stepsCount" : 3,
        "attachmentsCount" : 0,
        "shouldDisplayMessage" : false,
        "hasContent" : true
      } ],
      "attachments" : [ ],
      "parameters" : [ ],
      "stepsCount" : 4,
      "attachmentsCount" : 0,
      "shouldDisplayMessage" : false,
      "hasContent" : true
    }, {
      "name" : "Ждать обновление страницы",
      "time" : {
        "start" : 1753036767674,
        "stop" : 1753036769693,
        "duration" : 2019
      },
      "status" : "passed",
      "steps" : [ {
        "name" : "Проверка смены url",
        "time" : {
          "start" : 1753036767674,
          "stop" : 1753036769693,
          "duration" : 2019
        },
        "status" : "passed",
        "steps" : [ ],
        "attachments" : [ ],
        "parameters" : [ {
          "name" : "url",
          "value" : "'https://app.pulsewave.ru/auth/login'"
        } ],
        "stepsCount" : 0,
        "attachmentsCount" : 0,
        "shouldDisplayMessage" : false,
        "hasContent" : true
      } ],
      "attachments" : [ ],
      "parameters" : [ ],
      "stepsCount" : 1,
      "attachmentsCount" : 0,
      "shouldDisplayMessage" : false,
      "hasContent" : true
    }, {
      "name" : "Проверка отсутствия лоадера",
      "time" : {
        "start" : 1753036769693,
        "stop" : 1753036769708,
        "duration" : 15
      },
      "status" : "passed",
      "steps" : [ {
        "name" : "Проверить невидимость, но присутствие элемента в DOM",
        "time" : {
          "start" : 1753036769694,
          "stop" : 1753036769708,
          "duration" : 14
        },
        "status" : "passed",
        "steps" : [ ],
        "attachments" : [ ],
        "parameters" : [ {
          "name" : "locator",
          "value" : "('css selector', '.loader .icon')"
        } ],
        "stepsCount" : 0,
        "attachmentsCount" : 0,
        "shouldDisplayMessage" : false,
        "hasContent" : true
      } ],
      "attachments" : [ ],
      "parameters" : [ ],
      "stepsCount" : 1,
      "attachmentsCount" : 0,
      "shouldDisplayMessage" : false,
      "hasContent" : true
    } ],
    "attachments" : [ ],
    "parameters" : [ ],
    "stepsCount" : 19,
    "attachmentsCount" : 0,
    "shouldDisplayMessage" : false,
    "hasContent" : true
  } ],
  "testStage" : {
    "status" : "broken",
    "statusMessage" : "selenium.common.exceptions.StaleElementReferenceException: Message: stale element reference: stale element not found in the current frame\n  (Session info: chrome=138.0.7204.100); For documentation on this error, please visit: https://www.selenium.dev/documentation/webdriver/troubleshooting/errors#stale-element-reference-exception\nStacktrace:\n#0 0x55c5562d923a <unknown>\n#1 0x55c555d83ab0 <unknown>\n#2 0x55c555d8a748 <unknown>\n#3 0x55c555d8cfe8 <unknown>\n#4 0x55c555d8d073 <unknown>\n#5 0x55c555ddc469 <unknown>\n#6 0x55c555dd9ef5 <unknown>\n#7 0x55c555dd7a62 <unknown>\n#8 0x55c555dd7180 <unknown>\n#9 0x55c555dc9ced <unknown>\n#10 0x55c555dfb1a2 <unknown>\n#11 0x55c555dc928a <unknown>\n#12 0x55c555dfb36e <unknown>\n#13 0x55c555e20fee <unknown>\n#14 0x55c555dfaf73 <unknown>\n#15 0x55c555dc7aeb <unknown>\n#16 0x55c555dc8751 <unknown>\n#17 0x55c55629db4b <unknown>\n#18 0x55c5562a1929 <unknown>\n#19 0x55c556284929 <unknown>\n#20 0x55c5562a24e8 <unknown>\n#21 0x55c5562690df <unknown>\n#22 0x55c5562c68e8 <unknown>\n#23 0x55c5562c6ac6 <unknown>\n#24 0x55c5562d8556 <unknown>\n#25 0x7f0c5c89caa4 <unknown>\n#26 0x7f0c5c929c3c <unknown>",
    "statusTrace" : "self = <tests.ui_tests.workspace_page_test.TestWorkspacePage object at 0x7f2e81cac110>\nauth_user = <pages.login_page.LoginPage object at 0x7f2e81cd9670>\ndriver = <selenium.webdriver.chrome.webdriver.WebDriver (session=\"19559320a1740939136fe0765ab794ca\")>\n\n    @allure.title(f\"W6. Проверка перехода в {wsconst.WORKSPACE_TITLE} по ссылке {message.TO_MAIN_TEXT}\")\n    @pytest.mark.regress\n    def test_link_to_main(self, auth_user, driver):\n        page = SignUpPage(driver)\n>       page.click_button_avatar()\n\ntests/ui_tests/workspace_page_test.py:60: \n_ _ _ _ _ _ _ _ _ _ _ _ _ _ _ _ _ _ _ _ _ _ _ _ _ _ _ _ _ _ _ _ _ _ _ _ _ _ _ _ \npages/signup_page.py:90: in click_button_avatar\n    self.element_is_clickable(self.locator.BUTTON_AVATAR).click()\n/opt/hostedtoolcache/Python/3.12.11/x64/lib/python3.12/site-packages/selenium/webdriver/remote/webelement.py:94: in click\n    self._execute(Command.CLICK_ELEMENT)\n/opt/hostedtoolcache/Python/3.12.11/x64/lib/python3.12/site-packages/selenium/webdriver/remote/webelement.py:395: in _execute\n    return self._parent.execute(command, params)\n/opt/hostedtoolcache/Python/3.12.11/x64/lib/python3.12/site-packages/selenium/webdriver/remote/webdriver.py:347: in execute\n    self.error_handler.check_response(response)\n_ _ _ _ _ _ _ _ _ _ _ _ _ _ _ _ _ _ _ _ _ _ _ _ _ _ _ _ _ _ _ _ _ _ _ _ _ _ _ _ \n\nself = <selenium.webdriver.remote.errorhandler.ErrorHandler object at 0x7f2e81cce810>\nresponse = {'status': 404, 'value': '{\"value\":{\"error\":\"stale element reference\",\"message\":\"stale element reference: stale elemen...\\\\n#24 0x55c5562d8556 \\\\u003Cunknown>\\\\n#25 0x7f0c5c89caa4 \\\\u003Cunknown>\\\\n#26 0x7f0c5c929c3c \\\\u003Cunknown>\\\\n\"}}'}\n\n    def check_response(self, response: Dict[str, Any]) -> None:\n        \"\"\"Checks that a JSON response from the WebDriver does not have an\n        error.\n    \n        :Args:\n         - response - The JSON response from the WebDriver server as a dictionary\n           object.\n    \n        :Raises: If the response contains an error message.\n        \"\"\"\n        status = response.get(\"status\", None)\n        if not status or status == ErrorCode.SUCCESS:\n            return\n        value = None\n        message = response.get(\"message\", \"\")\n        screen: str = response.get(\"screen\", \"\")\n        stacktrace = None\n        if isinstance(status, int):\n            value_json = response.get(\"value\", None)\n            if value_json and isinstance(value_json, str):\n                import json\n    \n                try:\n                    value = json.loads(value_json)\n                    if len(value) == 1:\n                        value = value[\"value\"]\n                    status = value.get(\"error\", None)\n                    if not status:\n                        status = value.get(\"status\", ErrorCode.UNKNOWN_ERROR)\n                        message = value.get(\"value\") or value.get(\"message\")\n                        if not isinstance(message, str):\n                            value = message\n                            message = message.get(\"message\")\n                    else:\n                        message = value.get(\"message\", None)\n                except ValueError:\n                    pass\n    \n        exception_class: Type[WebDriverException]\n        e = ErrorCode()\n        error_codes = [item for item in dir(e) if not item.startswith(\"__\")]\n        for error_code in error_codes:\n            error_info = getattr(ErrorCode, error_code)\n            if isinstance(error_info, list) and status in error_info:\n                exception_class = getattr(ExceptionMapping, error_code, WebDriverException)\n                break\n        else:\n            exception_class = WebDriverException\n    \n        if not value:\n            value = response[\"value\"]\n        if isinstance(value, str):\n            raise exception_class(value)\n        if message == \"\" and \"message\" in value:\n            message = value[\"message\"]\n    \n        screen = None  # type: ignore[assignment]\n        if \"screen\" in value:\n            screen = value[\"screen\"]\n    \n        stacktrace = None\n        st_value = value.get(\"stackTrace\") or value.get(\"stacktrace\")\n        if st_value:\n            if isinstance(st_value, str):\n                stacktrace = st_value.split(\"\\n\")\n            else:\n                stacktrace = []\n                try:\n                    for frame in st_value:\n                        line = frame.get(\"lineNumber\", \"\")\n                        file = frame.get(\"fileName\", \"<anonymous>\")\n                        if line:\n                            file = f\"{file}:{line}\"\n                        meth = frame.get(\"methodName\", \"<anonymous>\")\n                        if \"className\" in frame:\n                            meth = f\"{frame['className']}.{meth}\"\n                        msg = \"    at %s (%s)\"\n                        msg = msg % (meth, file)\n                        stacktrace.append(msg)\n                except TypeError:\n                    pass\n        if exception_class == UnexpectedAlertPresentException:\n            alert_text = None\n            if \"data\" in value:\n                alert_text = value[\"data\"].get(\"text\")\n            elif \"alert\" in value:\n                alert_text = value[\"alert\"].get(\"text\")\n            raise exception_class(message, screen, stacktrace, alert_text)  # type: ignore[call-arg]  # mypy is not smart enough here\n>       raise exception_class(message, screen, stacktrace)\nE       selenium.common.exceptions.StaleElementReferenceException: Message: stale element reference: stale element not found in the current frame\nE         (Session info: chrome=138.0.7204.100); For documentation on this error, please visit: https://www.selenium.dev/documentation/webdriver/troubleshooting/errors#stale-element-reference-exception\nE       Stacktrace:\nE       #0 0x55c5562d923a <unknown>\nE       #1 0x55c555d83ab0 <unknown>\nE       #2 0x55c555d8a748 <unknown>\nE       #3 0x55c555d8cfe8 <unknown>\nE       #4 0x55c555d8d073 <unknown>\nE       #5 0x55c555ddc469 <unknown>\nE       #6 0x55c555dd9ef5 <unknown>\nE       #7 0x55c555dd7a62 <unknown>\nE       #8 0x55c555dd7180 <unknown>\nE       #9 0x55c555dc9ced <unknown>\nE       #10 0x55c555dfb1a2 <unknown>\nE       #11 0x55c555dc928a <unknown>\nE       #12 0x55c555dfb36e <unknown>\nE       #13 0x55c555e20fee <unknown>\nE       #14 0x55c555dfaf73 <unknown>\nE       #15 0x55c555dc7aeb <unknown>\nE       #16 0x55c555dc8751 <unknown>\nE       #17 0x55c55629db4b <unknown>\nE       #18 0x55c5562a1929 <unknown>\nE       #19 0x55c556284929 <unknown>\nE       #20 0x55c5562a24e8 <unknown>\nE       #21 0x55c5562690df <unknown>\nE       #22 0x55c5562c68e8 <unknown>\nE       #23 0x55c5562c6ac6 <unknown>\nE       #24 0x55c5562d8556 <unknown>\nE       #25 0x7f0c5c89caa4 <unknown>\nE       #26 0x7f0c5c929c3c <unknown>\n\n/opt/hostedtoolcache/Python/3.12.11/x64/lib/python3.12/site-packages/selenium/webdriver/remote/errorhandler.py:229: StaleElementReferenceException",
    "steps" : [ {
      "name" : "Нажать на иконку аватара",
      "time" : {
        "start" : 1753036769709,
        "stop" : 1753036770061,
        "duration" : 352
      },
      "status" : "broken",
      "statusMessage" : "selenium.common.exceptions.StaleElementReferenceException: Message: stale element reference: stale element not found in the current frame\n  (Session info: chrome=138.0.7204.100); For documentation on this error, please visit: https://www.selenium.dev/documentation/webdriver/troubleshooting/errors#stale-element-reference-exception\nStacktrace:\n#0 0x55c5562d923a <unknown>\n#1 0x55c555d83ab0 <unknown>\n#2 0x55c555d8a748 <unknown>\n#3 0x55c555d8cfe8 <unknown>\n#4 0x55c555d8d073 <unknown>\n#5 0x55c555ddc469 <unknown>\n#6 0x55c555dd9ef5 <unknown>\n#7 0x55c555dd7a62 <unknown>\n#8 0x55c555dd7180 <unknown>\n#9 0x55c555dc9ced <unknown>\n#10 0x55c555dfb1a2 <unknown>\n#11 0x55c555dc928a <unknown>\n#12 0x55c555dfb36e <unknown>\n#13 0x55c555e20fee <unknown>\n#14 0x55c555dfaf73 <unknown>\n#15 0x55c555dc7aeb <unknown>\n#16 0x55c555dc8751 <unknown>\n#17 0x55c55629db4b <unknown>\n#18 0x55c5562a1929 <unknown>\n#19 0x55c556284929 <unknown>\n#20 0x55c5562a24e8 <unknown>\n#21 0x55c5562690df <unknown>\n#22 0x55c5562c68e8 <unknown>\n#23 0x55c5562c6ac6 <unknown>\n#24 0x55c5562d8556 <unknown>\n#25 0x7f0c5c89caa4 <unknown>\n#26 0x7f0c5c929c3c <unknown>\n\n",
      "statusTrace" : "  File \"/opt/hostedtoolcache/Python/3.12.11/x64/lib/python3.12/site-packages/allure_commons/_allure.py\", line 192, in impl\n    return func(*a, **kw)\n           ^^^^^^^^^^^^^^\n  File \"/home/runner/work/PulseWave/PulseWave/pages/signup_page.py\", line 90, in click_button_avatar\n    self.element_is_clickable(self.locator.BUTTON_AVATAR).click()\n  File \"/opt/hostedtoolcache/Python/3.12.11/x64/lib/python3.12/site-packages/selenium/webdriver/remote/webelement.py\", line 94, in click\n    self._execute(Command.CLICK_ELEMENT)\n  File \"/opt/hostedtoolcache/Python/3.12.11/x64/lib/python3.12/site-packages/selenium/webdriver/remote/webelement.py\", line 395, in _execute\n    return self._parent.execute(command, params)\n           ^^^^^^^^^^^^^^^^^^^^^^^^^^^^^^^^^^^^^\n  File \"/opt/hostedtoolcache/Python/3.12.11/x64/lib/python3.12/site-packages/selenium/webdriver/remote/webdriver.py\", line 347, in execute\n    self.error_handler.check_response(response)\n  File \"/opt/hostedtoolcache/Python/3.12.11/x64/lib/python3.12/site-packages/selenium/webdriver/remote/errorhandler.py\", line 229, in check_response\n    raise exception_class(message, screen, stacktrace)\n",
      "steps" : [ {
        "name" : "Проверить присутствие элемента в DOM",
        "time" : {
          "start" : 1753036769709,
          "stop" : 1753036769716,
          "duration" : 7
        },
        "status" : "passed",
        "steps" : [ ],
        "attachments" : [ ],
        "parameters" : [ {
          "name" : "locator",
          "value" : "('class name', 'avatar')"
        } ],
        "stepsCount" : 0,
        "attachmentsCount" : 0,
        "shouldDisplayMessage" : false,
        "hasContent" : true
      }, {
        "name" : "Переместить курсор мыши к центру элемента, показывая ховер",
        "time" : {
          "start" : 1753036769716,
          "stop" : 1753036769974,
          "duration" : 258
        },
        "status" : "passed",
        "steps" : [ ],
        "attachments" : [ ],
        "parameters" : [ {
          "name" : "element",
          "value" : "<selenium.webdriver.remote.webelement.WebElement (session=\"19559320a1740939136fe0765ab794ca\", element=\"f.E21FAFAF6FF5C55599268ACEE7A38F1D.d.7FC589A96DBF0AF4F2D40C3E6E477376.e.23\")>"
        } ],
        "stepsCount" : 0,
        "attachmentsCount" : 0,
        "shouldDisplayMessage" : false,
        "hasContent" : true
      }, {
        "name" : "Проверить кликабельность элемента",
        "time" : {
          "start" : 1753036769974,
          "stop" : 1753036770011,
          "duration" : 37
        },
        "status" : "passed",
        "steps" : [ {
          "name" : "Проверить видимость элемента",
          "time" : {
            "start" : 1753036769975,
            "stop" : 1753036769995,
            "duration" : 20
          },
          "status" : "passed",
          "steps" : [ {
            "name" : "Проверить присутствие элемента в DOM",
            "time" : {
              "start" : 1753036769975,
              "stop" : 1753036769980,
              "duration" : 5
            },
            "status" : "passed",
            "steps" : [ ],
            "attachments" : [ ],
            "parameters" : [ {
              "name" : "locator",
              "value" : "('class name', 'avatar')"
            } ],
            "stepsCount" : 0,
            "attachmentsCount" : 0,
            "shouldDisplayMessage" : false,
            "hasContent" : true
          }, {
            "name" : "Проскролить до элемента",
            "time" : {
              "start" : 1753036769980,
              "stop" : 1753036769983,
              "duration" : 3
            },
            "status" : "passed",
            "steps" : [ ],
            "attachments" : [ ],
            "parameters" : [ {
              "name" : "element",
              "value" : "<selenium.webdriver.remote.webelement.WebElement (session=\"19559320a1740939136fe0765ab794ca\", element=\"f.E21FAFAF6FF5C55599268ACEE7A38F1D.d.7FC589A96DBF0AF4F2D40C3E6E477376.e.23\")>"
            } ],
            "stepsCount" : 0,
            "attachmentsCount" : 0,
            "shouldDisplayMessage" : false,
            "hasContent" : true
          } ],
          "attachments" : [ ],
          "parameters" : [ {
            "name" : "locator",
            "value" : "('class name', 'avatar')"
          } ],
          "stepsCount" : 2,
          "attachmentsCount" : 0,
          "shouldDisplayMessage" : false,
          "hasContent" : true
        } ],
        "attachments" : [ ],
        "parameters" : [ {
          "name" : "locator",
          "value" : "('class name', 'avatar')"
        } ],
        "stepsCount" : 3,
        "attachmentsCount" : 0,
        "shouldDisplayMessage" : false,
        "hasContent" : true
      } ],
      "attachments" : [ ],
      "parameters" : [ ],
      "stepsCount" : 6,
      "attachmentsCount" : 0,
      "shouldDisplayMessage" : true,
      "hasContent" : true
    } ],
    "attachments" : [ {
      "uid" : "29ae6acdb248a4cc",
      "name" : "Screenshot",
      "source" : "29ae6acdb248a4cc.png",
      "type" : "image/png",
      "size" : 238507
    }, {
      "uid" : "bded993f071bb4ab",
      "name" : "HTML source",
      "source" : "bded993f071bb4ab.html",
      "type" : "text/html",
      "size" : 110306
    } ],
    "parameters" : [ ],
    "stepsCount" : 7,
    "attachmentsCount" : 2,
    "shouldDisplayMessage" : true,
    "hasContent" : true
  },
  "afterStages" : [ {
    "name" : "driver::0",
    "time" : {
      "start" : 1753036770289,
      "stop" : 1753036770353,
      "duration" : 64
    },
    "status" : "passed",
    "steps" : [ ],
    "attachments" : [ ],
    "parameters" : [ ],
    "stepsCount" : 0,
    "attachmentsCount" : 0,
    "shouldDisplayMessage" : false,
    "hasContent" : false
  } ],
  "labels" : [ {
    "name" : "epic",
    "value" : "Тестирование страницы 'Рабочие пространства'"
  }, {
    "name" : "tag",
    "value" : "regress"
  }, {
    "name" : "parentSuite",
    "value" : "tests.ui_tests"
  }, {
    "name" : "suite",
    "value" : "workspace_page_test"
  }, {
    "name" : "subSuite",
    "value" : "TestWorkspacePage"
  }, {
    "name" : "host",
    "value" : "pkrvmq0rgcvqdmg"
  }, {
    "name" : "thread",
    "value" : "2626-MainThread"
  }, {
    "name" : "framework",
    "value" : "pytest"
  }, {
    "name" : "language",
    "value" : "cpython3"
  }, {
    "name" : "package",
    "value" : "tests.ui_tests.workspace_page_test"
  }, {
    "name" : "resultFormat",
    "value" : "allure2"
  } ],
  "parameters" : [ ],
  "links" : [ ],
  "hidden" : false,
  "retry" : false,
  "extra" : {
    "severity" : "normal",
    "retries" : [ ],
    "categories" : [ {
      "name" : "Test defects",
      "matchedStatuses" : [ ],
      "flaky" : false
    } ],
    "history" : {
      "statistic" : {
        "failed" : 0,
        "broken" : 3,
        "skipped" : 0,
        "passed" : 22,
        "unknown" : 0,
        "total" : 25
      },
      "items" : [ {
        "uid" : "b2dd5c052b144a70",
        "reportUrl" : "https://Nat754.github.io/PulseWave/455//#testresult/b2dd5c052b144a70",
        "status" : "passed",
        "time" : {
          "start" : 1752950459807,
          "stop" : 1752950460793,
          "duration" : 986
        }
      }, {
        "uid" : "2fdab8e532680b53",
        "reportUrl" : "https://Nat754.github.io/PulseWave/454//#testresult/2fdab8e532680b53",
        "status" : "passed",
        "time" : {
          "start" : 1752864139955,
          "stop" : 1752864140935,
          "duration" : 980
        }
      }, {
        "uid" : "e802dbfa7d252ce9",
        "reportUrl" : "https://Nat754.github.io/PulseWave/453//#testresult/e802dbfa7d252ce9",
        "status" : "passed",
        "time" : {
          "start" : 1752777660664,
          "stop" : 1752777661650,
          "duration" : 986
        }
      }, {
        "uid" : "49c11e190ed642ef",
        "reportUrl" : "https://Nat754.github.io/PulseWave/452//#testresult/49c11e190ed642ef",
        "status" : "passed",
        "time" : {
          "start" : 1752691423817,
          "stop" : 1752691424796,
          "duration" : 979
        }
      }, {
        "uid" : "36f9abf43d22bb0f",
        "reportUrl" : "https://Nat754.github.io/PulseWave/451//#testresult/36f9abf43d22bb0f",
        "status" : "passed",
        "time" : {
          "start" : 1752605037146,
          "stop" : 1752605038650,
          "duration" : 1504
        }
      }, {
        "uid" : "305658e7a7db6b28",
        "reportUrl" : "https://Nat754.github.io/PulseWave/450//#testresult/305658e7a7db6b28",
        "status" : "passed",
        "time" : {
          "start" : 1752518481997,
          "stop" : 1752518483482,
          "duration" : 1485
        }
      }, {
        "uid" : "bc839d5af9743af1",
        "reportUrl" : "https://Nat754.github.io/PulseWave/449//#testresult/bc839d5af9743af1",
        "status" : "passed",
        "time" : {
          "start" : 1752431967093,
          "stop" : 1752431968606,
          "duration" : 1513
        }
      }, {
        "uid" : "2e3c2b3bd856b0a9",
        "reportUrl" : "https://Nat754.github.io/PulseWave/448//#testresult/2e3c2b3bd856b0a9",
        "status" : "passed",
        "time" : {
          "start" : 1752347658319,
          "stop" : 1752347659318,
          "duration" : 999
        }
      }, {
        "uid" : "9cfcd0d23fc9484a",
        "reportUrl" : "https://Nat754.github.io/PulseWave/448//#testresult/9cfcd0d23fc9484a",
        "status" : "passed",
        "time" : {
          "start" : 1752345567126,
          "stop" : 1752345568627,
          "duration" : 1501
        }
      }, {
        "uid" : "e7b37cabb1616bff",
        "reportUrl" : "https://Nat754.github.io/PulseWave/447//#testresult/e7b37cabb1616bff",
        "status" : "passed",
        "time" : {
          "start" : 1752335463207,
          "stop" : 1752335464707,
          "duration" : 1500
        }
      }, {
        "uid" : "f005c069ba1a1ea1",
        "reportUrl" : "https://Nat754.github.io/PulseWave/447//#testresult/f005c069ba1a1ea1",
        "status" : "broken",
        "statusDetails" : "selenium.common.exceptions.StaleElementReferenceException: Message: stale element reference: stale element not found in the current frame\n  (Session info: chrome=138.0.7204.49); For documentation on this error, please visit: https://www.selenium.dev/documentation/webdriver/troubleshooting/errors#stale-element-reference-exception\nStacktrace:\n#0 0x55a7c8ba226a <unknown>\n#1 0x55a7c864cab0 <unknown>\n#2 0x55a7c8653748 <unknown>\n#3 0x55a7c8655fe8 <unknown>\n#4 0x55a7c8656073 <unknown>\n#5 0x55a7c869923a <unknown>\n#6 0x55a7c86c41a2 <unknown>\n#7 0x55a7c869228a <unknown>\n#8 0x55a7c86c436e <unknown>\n#9 0x55a7c86e9fee <unknown>\n#10 0x55a7c86c3f73 <unknown>\n#11 0x55a7c8690aeb <unknown>\n#12 0x55a7c8691751 <unknown>\n#13 0x55a7c8b66b7b <unknown>\n#14 0x55a7c8b6a959 <unknown>\n#15 0x55a7c8b4d959 <unknown>\n#16 0x55a7c8b6b518 <unknown>\n#17 0x55a7c8b3210f <unknown>\n#18 0x55a7c8b8f918 <unknown>\n#19 0x55a7c8b8faf6 <unknown>\n#20 0x55a7c8ba1586 <unknown>\n#21 0x7f5146a9caa4 <unknown>\n#22 0x7f5146b29c3c <unknown>",
        "time" : {
          "start" : 1752259257837,
          "stop" : 1752259258152,
          "duration" : 315
        }
      }, {
        "uid" : "1d2f7048c0469cde",
        "reportUrl" : "https://Nat754.github.io/PulseWave/446//#testresult/1d2f7048c0469cde",
        "status" : "passed",
        "time" : {
          "start" : 1752172925725,
          "stop" : 1752172926734,
          "duration" : 1009
        }
      }, {
        "uid" : "a24086136301e17d",
        "reportUrl" : "https://Nat754.github.io/PulseWave/445//#testresult/a24086136301e17d",
        "status" : "passed",
        "time" : {
          "start" : 1752086605952,
          "stop" : 1752086607433,
          "duration" : 1481
        }
      }, {
        "uid" : "92156bc196fbbf02",
        "reportUrl" : "https://Nat754.github.io/PulseWave/444//#testresult/92156bc196fbbf02",
        "status" : "passed",
        "time" : {
          "start" : 1752000188299,
          "stop" : 1752000189792,
          "duration" : 1493
        }
      }, {
        "uid" : "a72c90aa858456a3",
        "reportUrl" : "https://Nat754.github.io/PulseWave/443//#testresult/a72c90aa858456a3",
        "status" : "passed",
        "time" : {
          "start" : 1751913622154,
          "stop" : 1751913623141,
          "duration" : 987
        }
      }, {
        "uid" : "edb707d313e275b1",
        "reportUrl" : "https://Nat754.github.io/PulseWave/442//#testresult/edb707d313e275b1",
        "status" : "passed",
        "time" : {
          "start" : 1751827202944,
          "stop" : 1751827203925,
          "duration" : 981
        }
      }, {
        "uid" : "31aaa0ab1b102b61",
        "reportUrl" : "https://Nat754.github.io/PulseWave/441//#testresult/31aaa0ab1b102b61",
        "status" : "passed",
        "time" : {
          "start" : 1751740856647,
          "stop" : 1751740858138,
          "duration" : 1491
        }
      }, {
        "uid" : "792085e9f9c603ad",
        "reportUrl" : "https://Nat754.github.io/PulseWave/440//#testresult/792085e9f9c603ad",
        "status" : "passed",
        "time" : {
          "start" : 1751654366093,
          "stop" : 1751654367579,
          "duration" : 1486
        }
      }, {
        "uid" : "42bd558fc0ae31c2",
        "reportUrl" : "https://Nat754.github.io/PulseWave/439//#testresult/42bd558fc0ae31c2",
        "status" : "passed",
        "time" : {
          "start" : 1751568030223,
          "stop" : 1751568031723,
          "duration" : 1500
        }
      }, {
        "uid" : "a34d015f2f6aee12",
        "reportUrl" : "https://Nat754.github.io/PulseWave/438//#testresult/a34d015f2f6aee12",
        "status" : "broken",
        "statusDetails" : "selenium.common.exceptions.StaleElementReferenceException: Message: stale element reference: stale element not found in the current frame\n  (Session info: chrome=137.0.7151.119); For documentation on this error, please visit: https://www.selenium.dev/documentation/webdriver/troubleshooting/errors#stale-element-reference-exception\nStacktrace:\n#0 0x5605f3e7045a <unknown>\n#1 0x5605f3915760 <unknown>\n#2 0x5605f391c3f8 <unknown>\n#3 0x5605f391ec88 <unknown>\n#4 0x5605f391ed13 <unknown>\n#5 0x5605f396dea9 <unknown>\n#6 0x5605f396b935 <unknown>\n#7 0x5605f39694a2 <unknown>\n#8 0x5605f3968bc0 <unknown>\n#9 0x5605f395b32d <unknown>\n#10 0x5605f398ce52 <unknown>\n#11 0x5605f395acaa <unknown>\n#12 0x5605f398d01e <unknown>\n#13 0x5605f39b330b <unknown>\n#14 0x5605f398cc23 <unknown>\n#15 0x5605f39594a5 <unknown>\n#16 0x5605f395a111 <unknown>\n#17 0x5605f3e34f1b <unknown>\n#18 0x5605f3e38e19 <unknown>\n#19 0x5605f3e1bac9 <unknown>\n#20 0x5605f3e399c8 <unknown>\n#21 0x5605f3e0034f <unknown>\n#22 0x5605f3e5da28 <unknown>\n#23 0x5605f3e5dc06 <unknown>\n#24 0x5605f3e6f336 <unknown>\n#25 0x7f3b1469caa4 <unknown>\n#26 0x7f3b14729c3c <unknown>",
        "time" : {
          "start" : 1751492537631,
          "stop" : 1751492537968,
          "duration" : 337
        }
      } ]
    },
    "tags" : [ "regress" ]
  },
  "source" : "34023f1b93733bc7.json",
  "parameterValues" : [ ]
}