{
  "uid" : "5d28f5312f18ee1f",
  "name" : "W5. Проверка что авторизованный пользователь может выйти из аккаунта",
  "fullName" : "tests.ui_tests.workspace_page_test.TestWorkspacePage#test_auth_user_logout",
  "historyId" : "dac260a22ab710fc2bcf1d54e48def1b",
  "time" : {
    "start" : 1753077459932,
    "stop" : 1753077460255,
    "duration" : 323
  },
  "status" : "broken",
  "statusMessage" : "selenium.common.exceptions.StaleElementReferenceException: Message: stale element reference: stale element not found in the current frame\n  (Session info: chrome=138.0.7204.100); For documentation on this error, please visit: https://www.selenium.dev/documentation/webdriver/troubleshooting/errors#stale-element-reference-exception\nStacktrace:\n#0 0x55744ba9123a <unknown>\n#1 0x55744b53bab0 <unknown>\n#2 0x55744b542748 <unknown>\n#3 0x55744b544fe8 <unknown>\n#4 0x55744b545073 <unknown>\n#5 0x55744b58f70c <unknown>\n#6 0x55744b58eab3 <unknown>\n#7 0x55744b58190a <unknown>\n#8 0x55744b5b31a2 <unknown>\n#9 0x55744b58128a <unknown>\n#10 0x55744b5b336e <unknown>\n#11 0x55744b5d8fee <unknown>\n#12 0x55744b5b2f73 <unknown>\n#13 0x55744b57faeb <unknown>\n#14 0x55744b580751 <unknown>\n#15 0x55744ba55b4b <unknown>\n#16 0x55744ba59929 <unknown>\n#17 0x55744ba3c929 <unknown>\n#18 0x55744ba5a4e8 <unknown>\n#19 0x55744ba210df <unknown>\n#20 0x55744ba7e8e8 <unknown>\n#21 0x55744ba7eac6 <unknown>\n#22 0x55744ba90556 <unknown>\n#23 0x7f4ebec9caa4 <unknown>\n#24 0x7f4ebed29c3c <unknown>",
  "statusTrace" : "self = <tests.ui_tests.workspace_page_test.TestWorkspacePage object at 0x7fde4e6e8e30>\nauth_user = <pages.login_page.LoginPage object at 0x7fde4e7173b0>\ndriver = <selenium.webdriver.chrome.webdriver.WebDriver (session=\"d643de898dbdbf6df79e7de359287421\")>\n\n    @allure.title(\"W5. Проверка что авторизованный пользователь может выйти из аккаунта\")\n    @pytest.mark.regress\n    def test_auth_user_logout(self, auth_user, driver):\n        page = SignUpPage(driver)\n>       page.click_button_avatar()\n\ntests/ui_tests/workspace_page_test.py:50: \n_ _ _ _ _ _ _ _ _ _ _ _ _ _ _ _ _ _ _ _ _ _ _ _ _ _ _ _ _ _ _ _ _ _ _ _ _ _ _ _ \npages/signup_page.py:90: in click_button_avatar\n    self.element_is_clickable(self.locator.BUTTON_AVATAR).click()\n/opt/hostedtoolcache/Python/3.12.11/x64/lib/python3.12/site-packages/selenium/webdriver/remote/webelement.py:94: in click\n    self._execute(Command.CLICK_ELEMENT)\n/opt/hostedtoolcache/Python/3.12.11/x64/lib/python3.12/site-packages/selenium/webdriver/remote/webelement.py:395: in _execute\n    return self._parent.execute(command, params)\n/opt/hostedtoolcache/Python/3.12.11/x64/lib/python3.12/site-packages/selenium/webdriver/remote/webdriver.py:347: in execute\n    self.error_handler.check_response(response)\n_ _ _ _ _ _ _ _ _ _ _ _ _ _ _ _ _ _ _ _ _ _ _ _ _ _ _ _ _ _ _ _ _ _ _ _ _ _ _ _ \n\nself = <selenium.webdriver.remote.errorhandler.ErrorHandler object at 0x7fde4e715430>\nresponse = {'status': 404, 'value': '{\"value\":{\"error\":\"stale element reference\",\"message\":\"stale element reference: stale elemen...\\\\n#22 0x55744ba90556 \\\\u003Cunknown>\\\\n#23 0x7f4ebec9caa4 \\\\u003Cunknown>\\\\n#24 0x7f4ebed29c3c \\\\u003Cunknown>\\\\n\"}}'}\n\n    def check_response(self, response: Dict[str, Any]) -> None:\n        \"\"\"Checks that a JSON response from the WebDriver does not have an\n        error.\n    \n        :Args:\n         - response - The JSON response from the WebDriver server as a dictionary\n           object.\n    \n        :Raises: If the response contains an error message.\n        \"\"\"\n        status = response.get(\"status\", None)\n        if not status or status == ErrorCode.SUCCESS:\n            return\n        value = None\n        message = response.get(\"message\", \"\")\n        screen: str = response.get(\"screen\", \"\")\n        stacktrace = None\n        if isinstance(status, int):\n            value_json = response.get(\"value\", None)\n            if value_json and isinstance(value_json, str):\n                import json\n    \n                try:\n                    value = json.loads(value_json)\n                    if len(value) == 1:\n                        value = value[\"value\"]\n                    status = value.get(\"error\", None)\n                    if not status:\n                        status = value.get(\"status\", ErrorCode.UNKNOWN_ERROR)\n                        message = value.get(\"value\") or value.get(\"message\")\n                        if not isinstance(message, str):\n                            value = message\n                            message = message.get(\"message\")\n                    else:\n                        message = value.get(\"message\", None)\n                except ValueError:\n                    pass\n    \n        exception_class: Type[WebDriverException]\n        e = ErrorCode()\n        error_codes = [item for item in dir(e) if not item.startswith(\"__\")]\n        for error_code in error_codes:\n            error_info = getattr(ErrorCode, error_code)\n            if isinstance(error_info, list) and status in error_info:\n                exception_class = getattr(ExceptionMapping, error_code, WebDriverException)\n                break\n        else:\n            exception_class = WebDriverException\n    \n        if not value:\n            value = response[\"value\"]\n        if isinstance(value, str):\n            raise exception_class(value)\n        if message == \"\" and \"message\" in value:\n            message = value[\"message\"]\n    \n        screen = None  # type: ignore[assignment]\n        if \"screen\" in value:\n            screen = value[\"screen\"]\n    \n        stacktrace = None\n        st_value = value.get(\"stackTrace\") or value.get(\"stacktrace\")\n        if st_value:\n            if isinstance(st_value, str):\n                stacktrace = st_value.split(\"\\n\")\n            else:\n                stacktrace = []\n                try:\n                    for frame in st_value:\n                        line = frame.get(\"lineNumber\", \"\")\n                        file = frame.get(\"fileName\", \"<anonymous>\")\n                        if line:\n                            file = f\"{file}:{line}\"\n                        meth = frame.get(\"methodName\", \"<anonymous>\")\n                        if \"className\" in frame:\n                            meth = f\"{frame['className']}.{meth}\"\n                        msg = \"    at %s (%s)\"\n                        msg = msg % (meth, file)\n                        stacktrace.append(msg)\n                except TypeError:\n                    pass\n        if exception_class == UnexpectedAlertPresentException:\n            alert_text = None\n            if \"data\" in value:\n                alert_text = value[\"data\"].get(\"text\")\n            elif \"alert\" in value:\n                alert_text = value[\"alert\"].get(\"text\")\n            raise exception_class(message, screen, stacktrace, alert_text)  # type: ignore[call-arg]  # mypy is not smart enough here\n>       raise exception_class(message, screen, stacktrace)\nE       selenium.common.exceptions.StaleElementReferenceException: Message: stale element reference: stale element not found in the current frame\nE         (Session info: chrome=138.0.7204.100); For documentation on this error, please visit: https://www.selenium.dev/documentation/webdriver/troubleshooting/errors#stale-element-reference-exception\nE       Stacktrace:\nE       #0 0x55744ba9123a <unknown>\nE       #1 0x55744b53bab0 <unknown>\nE       #2 0x55744b542748 <unknown>\nE       #3 0x55744b544fe8 <unknown>\nE       #4 0x55744b545073 <unknown>\nE       #5 0x55744b58f70c <unknown>\nE       #6 0x55744b58eab3 <unknown>\nE       #7 0x55744b58190a <unknown>\nE       #8 0x55744b5b31a2 <unknown>\nE       #9 0x55744b58128a <unknown>\nE       #10 0x55744b5b336e <unknown>\nE       #11 0x55744b5d8fee <unknown>\nE       #12 0x55744b5b2f73 <unknown>\nE       #13 0x55744b57faeb <unknown>\nE       #14 0x55744b580751 <unknown>\nE       #15 0x55744ba55b4b <unknown>\nE       #16 0x55744ba59929 <unknown>\nE       #17 0x55744ba3c929 <unknown>\nE       #18 0x55744ba5a4e8 <unknown>\nE       #19 0x55744ba210df <unknown>\nE       #20 0x55744ba7e8e8 <unknown>\nE       #21 0x55744ba7eac6 <unknown>\nE       #22 0x55744ba90556 <unknown>\nE       #23 0x7f4ebec9caa4 <unknown>\nE       #24 0x7f4ebed29c3c <unknown>\n\n/opt/hostedtoolcache/Python/3.12.11/x64/lib/python3.12/site-packages/selenium/webdriver/remote/errorhandler.py:229: StaleElementReferenceException",
  "flaky" : false,
  "newFailed" : false,
  "beforeStages" : [ {
    "name" : "_session_faker",
    "time" : {
      "start" : 1753075811379,
      "stop" : 1753075811394,
      "duration" : 15
    },
    "status" : "passed",
    "steps" : [ ],
    "attachments" : [ ],
    "parameters" : [ ],
    "stepsCount" : 0,
    "attachmentsCount" : 0,
    "shouldDisplayMessage" : false,
    "hasContent" : false
  }, {
    "name" : "auth_user",
    "time" : {
      "start" : 1753077454779,
      "stop" : 1753077459931,
      "duration" : 5152
    },
    "status" : "passed",
    "steps" : [ {
      "name" : "Проверка видимости кнопки 'Принимаю все' в сообщении о принятии файлов cookie",
      "time" : {
        "start" : 1753077457561,
        "stop" : 1753077457591,
        "duration" : 30
      },
      "status" : "passed",
      "steps" : [ {
        "name" : "Проверить видимость элемента",
        "time" : {
          "start" : 1753077457561,
          "stop" : 1753077457590,
          "duration" : 29
        },
        "status" : "passed",
        "steps" : [ {
          "name" : "Проверить присутствие элемента в DOM",
          "time" : {
            "start" : 1753077457561,
            "stop" : 1753077457572,
            "duration" : 11
          },
          "status" : "passed",
          "steps" : [ ],
          "attachments" : [ ],
          "parameters" : [ {
            "name" : "locator",
            "value" : "('css selector', '.cookies__body .button__small')"
          } ],
          "stepsCount" : 0,
          "attachmentsCount" : 0,
          "shouldDisplayMessage" : false,
          "hasContent" : true
        }, {
          "name" : "Проскролить до элемента",
          "time" : {
            "start" : 1753077457572,
            "stop" : 1753077457576,
            "duration" : 4
          },
          "status" : "passed",
          "steps" : [ ],
          "attachments" : [ ],
          "parameters" : [ {
            "name" : "element",
            "value" : "<selenium.webdriver.remote.webelement.WebElement (session=\"d643de898dbdbf6df79e7de359287421\", element=\"f.FD7053DF721EEE1334E8F9A04254793D.d.BB9D261D325AE301432247F4694DA14E.e.14\")>"
          } ],
          "stepsCount" : 0,
          "attachmentsCount" : 0,
          "shouldDisplayMessage" : false,
          "hasContent" : true
        } ],
        "attachments" : [ ],
        "parameters" : [ {
          "name" : "locator",
          "value" : "('css selector', '.cookies__body .button__small')"
        } ],
        "stepsCount" : 2,
        "attachmentsCount" : 0,
        "shouldDisplayMessage" : false,
        "hasContent" : true
      } ],
      "attachments" : [ ],
      "parameters" : [ ],
      "stepsCount" : 3,
      "attachmentsCount" : 0,
      "shouldDisplayMessage" : false,
      "hasContent" : true
    }, {
      "name" : "Проверить видимость элемента",
      "time" : {
        "start" : 1753077457654,
        "stop" : 1753077457680,
        "duration" : 26
      },
      "status" : "passed",
      "steps" : [ {
        "name" : "Проверить присутствие элемента в DOM",
        "time" : {
          "start" : 1753077457654,
          "stop" : 1753077457663,
          "duration" : 9
        },
        "status" : "passed",
        "steps" : [ ],
        "attachments" : [ ],
        "parameters" : [ {
          "name" : "locator",
          "value" : "('xpath', '//input[@type=\"email\"]')"
        } ],
        "stepsCount" : 0,
        "attachmentsCount" : 0,
        "shouldDisplayMessage" : false,
        "hasContent" : true
      }, {
        "name" : "Проскролить до элемента",
        "time" : {
          "start" : 1753077457663,
          "stop" : 1753077457667,
          "duration" : 4
        },
        "status" : "passed",
        "steps" : [ ],
        "attachments" : [ ],
        "parameters" : [ {
          "name" : "element",
          "value" : "<selenium.webdriver.remote.webelement.WebElement (session=\"d643de898dbdbf6df79e7de359287421\", element=\"f.FD7053DF721EEE1334E8F9A04254793D.d.BB9D261D325AE301432247F4694DA14E.e.6\")>"
        } ],
        "stepsCount" : 0,
        "attachmentsCount" : 0,
        "shouldDisplayMessage" : false,
        "hasContent" : true
      } ],
      "attachments" : [ ],
      "parameters" : [ {
        "name" : "locator",
        "value" : "('xpath', '//input[@type=\"email\"]')"
      } ],
      "stepsCount" : 2,
      "attachmentsCount" : 0,
      "shouldDisplayMessage" : false,
      "hasContent" : true
    }, {
      "name" : "Проверить видимость элемента",
      "time" : {
        "start" : 1753077457745,
        "stop" : 1753077457768,
        "duration" : 23
      },
      "status" : "passed",
      "steps" : [ {
        "name" : "Проверить присутствие элемента в DOM",
        "time" : {
          "start" : 1753077457745,
          "stop" : 1753077457753,
          "duration" : 8
        },
        "status" : "passed",
        "steps" : [ ],
        "attachments" : [ ],
        "parameters" : [ {
          "name" : "locator",
          "value" : "('xpath', '//input[@type=\"password\"]')"
        } ],
        "stepsCount" : 0,
        "attachmentsCount" : 0,
        "shouldDisplayMessage" : false,
        "hasContent" : true
      }, {
        "name" : "Проскролить до элемента",
        "time" : {
          "start" : 1753077457754,
          "stop" : 1753077457757,
          "duration" : 3
        },
        "status" : "passed",
        "steps" : [ ],
        "attachments" : [ ],
        "parameters" : [ {
          "name" : "element",
          "value" : "<selenium.webdriver.remote.webelement.WebElement (session=\"d643de898dbdbf6df79e7de359287421\", element=\"f.FD7053DF721EEE1334E8F9A04254793D.d.BB9D261D325AE301432247F4694DA14E.e.5\")>"
        } ],
        "stepsCount" : 0,
        "attachmentsCount" : 0,
        "shouldDisplayMessage" : false,
        "hasContent" : true
      } ],
      "attachments" : [ ],
      "parameters" : [ {
        "name" : "locator",
        "value" : "('xpath', '//input[@type=\"password\"]')"
      } ],
      "stepsCount" : 2,
      "attachmentsCount" : 0,
      "shouldDisplayMessage" : false,
      "hasContent" : true
    }, {
      "name" : "Нажать кнопку 'Войти'",
      "time" : {
        "start" : 1753077457808,
        "stop" : 1753077457897,
        "duration" : 89
      },
      "status" : "passed",
      "steps" : [ {
        "name" : "Проверить кликабельность элемента",
        "time" : {
          "start" : 1753077457808,
          "stop" : 1753077457848,
          "duration" : 40
        },
        "status" : "passed",
        "steps" : [ {
          "name" : "Проверить видимость элемента",
          "time" : {
            "start" : 1753077457808,
            "stop" : 1753077457832,
            "duration" : 24
          },
          "status" : "passed",
          "steps" : [ {
            "name" : "Проверить присутствие элемента в DOM",
            "time" : {
              "start" : 1753077457808,
              "stop" : 1753077457817,
              "duration" : 9
            },
            "status" : "passed",
            "steps" : [ ],
            "attachments" : [ ],
            "parameters" : [ {
              "name" : "locator",
              "value" : "('xpath', '//button[@type=\"submit\"]')"
            } ],
            "stepsCount" : 0,
            "attachmentsCount" : 0,
            "shouldDisplayMessage" : false,
            "hasContent" : true
          }, {
            "name" : "Проскролить до элемента",
            "time" : {
              "start" : 1753077457817,
              "stop" : 1753077457821,
              "duration" : 4
            },
            "status" : "passed",
            "steps" : [ ],
            "attachments" : [ ],
            "parameters" : [ {
              "name" : "element",
              "value" : "<selenium.webdriver.remote.webelement.WebElement (session=\"d643de898dbdbf6df79e7de359287421\", element=\"f.FD7053DF721EEE1334E8F9A04254793D.d.BB9D261D325AE301432247F4694DA14E.e.10\")>"
            } ],
            "stepsCount" : 0,
            "attachmentsCount" : 0,
            "shouldDisplayMessage" : false,
            "hasContent" : true
          } ],
          "attachments" : [ ],
          "parameters" : [ {
            "name" : "locator",
            "value" : "('xpath', '//button[@type=\"submit\"]')"
          } ],
          "stepsCount" : 2,
          "attachmentsCount" : 0,
          "shouldDisplayMessage" : false,
          "hasContent" : true
        } ],
        "attachments" : [ ],
        "parameters" : [ {
          "name" : "locator",
          "value" : "('xpath', '//button[@type=\"submit\"]')"
        } ],
        "stepsCount" : 3,
        "attachmentsCount" : 0,
        "shouldDisplayMessage" : false,
        "hasContent" : true
      } ],
      "attachments" : [ ],
      "parameters" : [ ],
      "stepsCount" : 4,
      "attachmentsCount" : 0,
      "shouldDisplayMessage" : false,
      "hasContent" : true
    }, {
      "name" : "Ждать обновление страницы",
      "time" : {
        "start" : 1753077457897,
        "stop" : 1753077459916,
        "duration" : 2019
      },
      "status" : "passed",
      "steps" : [ {
        "name" : "Проверка смены url",
        "time" : {
          "start" : 1753077457897,
          "stop" : 1753077459916,
          "duration" : 2019
        },
        "status" : "passed",
        "steps" : [ ],
        "attachments" : [ ],
        "parameters" : [ {
          "name" : "url",
          "value" : "'https://app.pulsewave.ru/auth/login'"
        } ],
        "stepsCount" : 0,
        "attachmentsCount" : 0,
        "shouldDisplayMessage" : false,
        "hasContent" : true
      } ],
      "attachments" : [ ],
      "parameters" : [ ],
      "stepsCount" : 1,
      "attachmentsCount" : 0,
      "shouldDisplayMessage" : false,
      "hasContent" : true
    }, {
      "name" : "Проверка отсутствия лоадера",
      "time" : {
        "start" : 1753077459916,
        "stop" : 1753077459931,
        "duration" : 15
      },
      "status" : "passed",
      "steps" : [ {
        "name" : "Проверить невидимость, но присутствие элемента в DOM",
        "time" : {
          "start" : 1753077459916,
          "stop" : 1753077459931,
          "duration" : 15
        },
        "status" : "passed",
        "steps" : [ ],
        "attachments" : [ ],
        "parameters" : [ {
          "name" : "locator",
          "value" : "('css selector', '.loader .icon')"
        } ],
        "stepsCount" : 0,
        "attachmentsCount" : 0,
        "shouldDisplayMessage" : false,
        "hasContent" : true
      } ],
      "attachments" : [ ],
      "parameters" : [ ],
      "stepsCount" : 1,
      "attachmentsCount" : 0,
      "shouldDisplayMessage" : false,
      "hasContent" : true
    } ],
    "attachments" : [ ],
    "parameters" : [ ],
    "stepsCount" : 19,
    "attachmentsCount" : 0,
    "shouldDisplayMessage" : false,
    "hasContent" : true
  }, {
    "name" : "driver",
    "time" : {
      "start" : 1753077454453,
      "stop" : 1753077454779,
      "duration" : 326
    },
    "status" : "passed",
    "steps" : [ ],
    "attachments" : [ ],
    "parameters" : [ ],
    "stepsCount" : 0,
    "attachmentsCount" : 0,
    "shouldDisplayMessage" : false,
    "hasContent" : false
  }, {
    "name" : "clear_allure_results_folder",
    "time" : {
      "start" : 1753075811394,
      "stop" : 1753075811394,
      "duration" : 0
    },
    "status" : "passed",
    "steps" : [ ],
    "attachments" : [ ],
    "parameters" : [ ],
    "stepsCount" : 0,
    "attachmentsCount" : 0,
    "shouldDisplayMessage" : false,
    "hasContent" : false
  } ],
  "testStage" : {
    "status" : "broken",
    "statusMessage" : "selenium.common.exceptions.StaleElementReferenceException: Message: stale element reference: stale element not found in the current frame\n  (Session info: chrome=138.0.7204.100); For documentation on this error, please visit: https://www.selenium.dev/documentation/webdriver/troubleshooting/errors#stale-element-reference-exception\nStacktrace:\n#0 0x55744ba9123a <unknown>\n#1 0x55744b53bab0 <unknown>\n#2 0x55744b542748 <unknown>\n#3 0x55744b544fe8 <unknown>\n#4 0x55744b545073 <unknown>\n#5 0x55744b58f70c <unknown>\n#6 0x55744b58eab3 <unknown>\n#7 0x55744b58190a <unknown>\n#8 0x55744b5b31a2 <unknown>\n#9 0x55744b58128a <unknown>\n#10 0x55744b5b336e <unknown>\n#11 0x55744b5d8fee <unknown>\n#12 0x55744b5b2f73 <unknown>\n#13 0x55744b57faeb <unknown>\n#14 0x55744b580751 <unknown>\n#15 0x55744ba55b4b <unknown>\n#16 0x55744ba59929 <unknown>\n#17 0x55744ba3c929 <unknown>\n#18 0x55744ba5a4e8 <unknown>\n#19 0x55744ba210df <unknown>\n#20 0x55744ba7e8e8 <unknown>\n#21 0x55744ba7eac6 <unknown>\n#22 0x55744ba90556 <unknown>\n#23 0x7f4ebec9caa4 <unknown>\n#24 0x7f4ebed29c3c <unknown>",
    "statusTrace" : "self = <tests.ui_tests.workspace_page_test.TestWorkspacePage object at 0x7fde4e6e8e30>\nauth_user = <pages.login_page.LoginPage object at 0x7fde4e7173b0>\ndriver = <selenium.webdriver.chrome.webdriver.WebDriver (session=\"d643de898dbdbf6df79e7de359287421\")>\n\n    @allure.title(\"W5. Проверка что авторизованный пользователь может выйти из аккаунта\")\n    @pytest.mark.regress\n    def test_auth_user_logout(self, auth_user, driver):\n        page = SignUpPage(driver)\n>       page.click_button_avatar()\n\ntests/ui_tests/workspace_page_test.py:50: \n_ _ _ _ _ _ _ _ _ _ _ _ _ _ _ _ _ _ _ _ _ _ _ _ _ _ _ _ _ _ _ _ _ _ _ _ _ _ _ _ \npages/signup_page.py:90: in click_button_avatar\n    self.element_is_clickable(self.locator.BUTTON_AVATAR).click()\n/opt/hostedtoolcache/Python/3.12.11/x64/lib/python3.12/site-packages/selenium/webdriver/remote/webelement.py:94: in click\n    self._execute(Command.CLICK_ELEMENT)\n/opt/hostedtoolcache/Python/3.12.11/x64/lib/python3.12/site-packages/selenium/webdriver/remote/webelement.py:395: in _execute\n    return self._parent.execute(command, params)\n/opt/hostedtoolcache/Python/3.12.11/x64/lib/python3.12/site-packages/selenium/webdriver/remote/webdriver.py:347: in execute\n    self.error_handler.check_response(response)\n_ _ _ _ _ _ _ _ _ _ _ _ _ _ _ _ _ _ _ _ _ _ _ _ _ _ _ _ _ _ _ _ _ _ _ _ _ _ _ _ \n\nself = <selenium.webdriver.remote.errorhandler.ErrorHandler object at 0x7fde4e715430>\nresponse = {'status': 404, 'value': '{\"value\":{\"error\":\"stale element reference\",\"message\":\"stale element reference: stale elemen...\\\\n#22 0x55744ba90556 \\\\u003Cunknown>\\\\n#23 0x7f4ebec9caa4 \\\\u003Cunknown>\\\\n#24 0x7f4ebed29c3c \\\\u003Cunknown>\\\\n\"}}'}\n\n    def check_response(self, response: Dict[str, Any]) -> None:\n        \"\"\"Checks that a JSON response from the WebDriver does not have an\n        error.\n    \n        :Args:\n         - response - The JSON response from the WebDriver server as a dictionary\n           object.\n    \n        :Raises: If the response contains an error message.\n        \"\"\"\n        status = response.get(\"status\", None)\n        if not status or status == ErrorCode.SUCCESS:\n            return\n        value = None\n        message = response.get(\"message\", \"\")\n        screen: str = response.get(\"screen\", \"\")\n        stacktrace = None\n        if isinstance(status, int):\n            value_json = response.get(\"value\", None)\n            if value_json and isinstance(value_json, str):\n                import json\n    \n                try:\n                    value = json.loads(value_json)\n                    if len(value) == 1:\n                        value = value[\"value\"]\n                    status = value.get(\"error\", None)\n                    if not status:\n                        status = value.get(\"status\", ErrorCode.UNKNOWN_ERROR)\n                        message = value.get(\"value\") or value.get(\"message\")\n                        if not isinstance(message, str):\n                            value = message\n                            message = message.get(\"message\")\n                    else:\n                        message = value.get(\"message\", None)\n                except ValueError:\n                    pass\n    \n        exception_class: Type[WebDriverException]\n        e = ErrorCode()\n        error_codes = [item for item in dir(e) if not item.startswith(\"__\")]\n        for error_code in error_codes:\n            error_info = getattr(ErrorCode, error_code)\n            if isinstance(error_info, list) and status in error_info:\n                exception_class = getattr(ExceptionMapping, error_code, WebDriverException)\n                break\n        else:\n            exception_class = WebDriverException\n    \n        if not value:\n            value = response[\"value\"]\n        if isinstance(value, str):\n            raise exception_class(value)\n        if message == \"\" and \"message\" in value:\n            message = value[\"message\"]\n    \n        screen = None  # type: ignore[assignment]\n        if \"screen\" in value:\n            screen = value[\"screen\"]\n    \n        stacktrace = None\n        st_value = value.get(\"stackTrace\") or value.get(\"stacktrace\")\n        if st_value:\n            if isinstance(st_value, str):\n                stacktrace = st_value.split(\"\\n\")\n            else:\n                stacktrace = []\n                try:\n                    for frame in st_value:\n                        line = frame.get(\"lineNumber\", \"\")\n                        file = frame.get(\"fileName\", \"<anonymous>\")\n                        if line:\n                            file = f\"{file}:{line}\"\n                        meth = frame.get(\"methodName\", \"<anonymous>\")\n                        if \"className\" in frame:\n                            meth = f\"{frame['className']}.{meth}\"\n                        msg = \"    at %s (%s)\"\n                        msg = msg % (meth, file)\n                        stacktrace.append(msg)\n                except TypeError:\n                    pass\n        if exception_class == UnexpectedAlertPresentException:\n            alert_text = None\n            if \"data\" in value:\n                alert_text = value[\"data\"].get(\"text\")\n            elif \"alert\" in value:\n                alert_text = value[\"alert\"].get(\"text\")\n            raise exception_class(message, screen, stacktrace, alert_text)  # type: ignore[call-arg]  # mypy is not smart enough here\n>       raise exception_class(message, screen, stacktrace)\nE       selenium.common.exceptions.StaleElementReferenceException: Message: stale element reference: stale element not found in the current frame\nE         (Session info: chrome=138.0.7204.100); For documentation on this error, please visit: https://www.selenium.dev/documentation/webdriver/troubleshooting/errors#stale-element-reference-exception\nE       Stacktrace:\nE       #0 0x55744ba9123a <unknown>\nE       #1 0x55744b53bab0 <unknown>\nE       #2 0x55744b542748 <unknown>\nE       #3 0x55744b544fe8 <unknown>\nE       #4 0x55744b545073 <unknown>\nE       #5 0x55744b58f70c <unknown>\nE       #6 0x55744b58eab3 <unknown>\nE       #7 0x55744b58190a <unknown>\nE       #8 0x55744b5b31a2 <unknown>\nE       #9 0x55744b58128a <unknown>\nE       #10 0x55744b5b336e <unknown>\nE       #11 0x55744b5d8fee <unknown>\nE       #12 0x55744b5b2f73 <unknown>\nE       #13 0x55744b57faeb <unknown>\nE       #14 0x55744b580751 <unknown>\nE       #15 0x55744ba55b4b <unknown>\nE       #16 0x55744ba59929 <unknown>\nE       #17 0x55744ba3c929 <unknown>\nE       #18 0x55744ba5a4e8 <unknown>\nE       #19 0x55744ba210df <unknown>\nE       #20 0x55744ba7e8e8 <unknown>\nE       #21 0x55744ba7eac6 <unknown>\nE       #22 0x55744ba90556 <unknown>\nE       #23 0x7f4ebec9caa4 <unknown>\nE       #24 0x7f4ebed29c3c <unknown>\n\n/opt/hostedtoolcache/Python/3.12.11/x64/lib/python3.12/site-packages/selenium/webdriver/remote/errorhandler.py:229: StaleElementReferenceException",
    "steps" : [ {
      "name" : "Нажать на иконку аватара",
      "time" : {
        "start" : 1753077459932,
        "stop" : 1753077460254,
        "duration" : 322
      },
      "status" : "broken",
      "statusMessage" : "selenium.common.exceptions.StaleElementReferenceException: Message: stale element reference: stale element not found in the current frame\n  (Session info: chrome=138.0.7204.100); For documentation on this error, please visit: https://www.selenium.dev/documentation/webdriver/troubleshooting/errors#stale-element-reference-exception\nStacktrace:\n#0 0x55744ba9123a <unknown>\n#1 0x55744b53bab0 <unknown>\n#2 0x55744b542748 <unknown>\n#3 0x55744b544fe8 <unknown>\n#4 0x55744b545073 <unknown>\n#5 0x55744b58f70c <unknown>\n#6 0x55744b58eab3 <unknown>\n#7 0x55744b58190a <unknown>\n#8 0x55744b5b31a2 <unknown>\n#9 0x55744b58128a <unknown>\n#10 0x55744b5b336e <unknown>\n#11 0x55744b5d8fee <unknown>\n#12 0x55744b5b2f73 <unknown>\n#13 0x55744b57faeb <unknown>\n#14 0x55744b580751 <unknown>\n#15 0x55744ba55b4b <unknown>\n#16 0x55744ba59929 <unknown>\n#17 0x55744ba3c929 <unknown>\n#18 0x55744ba5a4e8 <unknown>\n#19 0x55744ba210df <unknown>\n#20 0x55744ba7e8e8 <unknown>\n#21 0x55744ba7eac6 <unknown>\n#22 0x55744ba90556 <unknown>\n#23 0x7f4ebec9caa4 <unknown>\n#24 0x7f4ebed29c3c <unknown>\n\n",
      "statusTrace" : "  File \"/opt/hostedtoolcache/Python/3.12.11/x64/lib/python3.12/site-packages/allure_commons/_allure.py\", line 192, in impl\n    return func(*a, **kw)\n           ^^^^^^^^^^^^^^\n  File \"/home/runner/work/PulseWave/PulseWave/pages/signup_page.py\", line 90, in click_button_avatar\n    self.element_is_clickable(self.locator.BUTTON_AVATAR).click()\n  File \"/opt/hostedtoolcache/Python/3.12.11/x64/lib/python3.12/site-packages/selenium/webdriver/remote/webelement.py\", line 94, in click\n    self._execute(Command.CLICK_ELEMENT)\n  File \"/opt/hostedtoolcache/Python/3.12.11/x64/lib/python3.12/site-packages/selenium/webdriver/remote/webelement.py\", line 395, in _execute\n    return self._parent.execute(command, params)\n           ^^^^^^^^^^^^^^^^^^^^^^^^^^^^^^^^^^^^^\n  File \"/opt/hostedtoolcache/Python/3.12.11/x64/lib/python3.12/site-packages/selenium/webdriver/remote/webdriver.py\", line 347, in execute\n    self.error_handler.check_response(response)\n  File \"/opt/hostedtoolcache/Python/3.12.11/x64/lib/python3.12/site-packages/selenium/webdriver/remote/errorhandler.py\", line 229, in check_response\n    raise exception_class(message, screen, stacktrace)\n",
      "steps" : [ {
        "name" : "Проверить присутствие элемента в DOM",
        "time" : {
          "start" : 1753077459932,
          "stop" : 1753077459939,
          "duration" : 7
        },
        "status" : "passed",
        "steps" : [ ],
        "attachments" : [ ],
        "parameters" : [ {
          "name" : "locator",
          "value" : "('class name', 'avatar')"
        } ],
        "stepsCount" : 0,
        "attachmentsCount" : 0,
        "shouldDisplayMessage" : false,
        "hasContent" : true
      }, {
        "name" : "Переместить курсор мыши к центру элемента, показывая ховер",
        "time" : {
          "start" : 1753077459939,
          "stop" : 1753077460197,
          "duration" : 258
        },
        "status" : "passed",
        "steps" : [ ],
        "attachments" : [ ],
        "parameters" : [ {
          "name" : "element",
          "value" : "<selenium.webdriver.remote.webelement.WebElement (session=\"d643de898dbdbf6df79e7de359287421\", element=\"f.FD7053DF721EEE1334E8F9A04254793D.d.BB9D261D325AE301432247F4694DA14E.e.23\")>"
        } ],
        "stepsCount" : 0,
        "attachmentsCount" : 0,
        "shouldDisplayMessage" : false,
        "hasContent" : true
      }, {
        "name" : "Проверить кликабельность элемента",
        "time" : {
          "start" : 1753077460197,
          "stop" : 1753077460233,
          "duration" : 36
        },
        "status" : "passed",
        "steps" : [ {
          "name" : "Проверить видимость элемента",
          "time" : {
            "start" : 1753077460197,
            "stop" : 1753077460218,
            "duration" : 21
          },
          "status" : "passed",
          "steps" : [ {
            "name" : "Проверить присутствие элемента в DOM",
            "time" : {
              "start" : 1753077460197,
              "stop" : 1753077460203,
              "duration" : 6
            },
            "status" : "passed",
            "steps" : [ ],
            "attachments" : [ ],
            "parameters" : [ {
              "name" : "locator",
              "value" : "('class name', 'avatar')"
            } ],
            "stepsCount" : 0,
            "attachmentsCount" : 0,
            "shouldDisplayMessage" : false,
            "hasContent" : true
          }, {
            "name" : "Проскролить до элемента",
            "time" : {
              "start" : 1753077460203,
              "stop" : 1753077460207,
              "duration" : 4
            },
            "status" : "passed",
            "steps" : [ ],
            "attachments" : [ ],
            "parameters" : [ {
              "name" : "element",
              "value" : "<selenium.webdriver.remote.webelement.WebElement (session=\"d643de898dbdbf6df79e7de359287421\", element=\"f.FD7053DF721EEE1334E8F9A04254793D.d.BB9D261D325AE301432247F4694DA14E.e.23\")>"
            } ],
            "stepsCount" : 0,
            "attachmentsCount" : 0,
            "shouldDisplayMessage" : false,
            "hasContent" : true
          } ],
          "attachments" : [ ],
          "parameters" : [ {
            "name" : "locator",
            "value" : "('class name', 'avatar')"
          } ],
          "stepsCount" : 2,
          "attachmentsCount" : 0,
          "shouldDisplayMessage" : false,
          "hasContent" : true
        } ],
        "attachments" : [ ],
        "parameters" : [ {
          "name" : "locator",
          "value" : "('class name', 'avatar')"
        } ],
        "stepsCount" : 3,
        "attachmentsCount" : 0,
        "shouldDisplayMessage" : false,
        "hasContent" : true
      } ],
      "attachments" : [ ],
      "parameters" : [ ],
      "stepsCount" : 6,
      "attachmentsCount" : 0,
      "shouldDisplayMessage" : true,
      "hasContent" : true
    } ],
    "attachments" : [ {
      "uid" : "b5b2a7f7ccc169da",
      "name" : "Screenshot",
      "source" : "b5b2a7f7ccc169da.png",
      "type" : "image/png",
      "size" : 238485
    }, {
      "uid" : "484d6fb2c68867fa",
      "name" : "HTML source",
      "source" : "484d6fb2c68867fa.html",
      "type" : "text/html",
      "size" : 110306
    } ],
    "parameters" : [ ],
    "stepsCount" : 7,
    "attachmentsCount" : 2,
    "shouldDisplayMessage" : true,
    "hasContent" : true
  },
  "afterStages" : [ {
    "name" : "driver::0",
    "time" : {
      "start" : 1753077460477,
      "stop" : 1753077460538,
      "duration" : 61
    },
    "status" : "passed",
    "steps" : [ ],
    "attachments" : [ ],
    "parameters" : [ ],
    "stepsCount" : 0,
    "attachmentsCount" : 0,
    "shouldDisplayMessage" : false,
    "hasContent" : false
  } ],
  "labels" : [ {
    "name" : "epic",
    "value" : "Тестирование страницы 'Рабочие пространства'"
  }, {
    "name" : "tag",
    "value" : "regress"
  }, {
    "name" : "parentSuite",
    "value" : "tests.ui_tests"
  }, {
    "name" : "suite",
    "value" : "workspace_page_test"
  }, {
    "name" : "subSuite",
    "value" : "TestWorkspacePage"
  }, {
    "name" : "host",
    "value" : "pkrvmq0rgcvqdmg"
  }, {
    "name" : "thread",
    "value" : "2542-MainThread"
  }, {
    "name" : "framework",
    "value" : "pytest"
  }, {
    "name" : "language",
    "value" : "cpython3"
  }, {
    "name" : "package",
    "value" : "tests.ui_tests.workspace_page_test"
  }, {
    "name" : "resultFormat",
    "value" : "allure2"
  } ],
  "parameters" : [ ],
  "links" : [ ],
  "hidden" : false,
  "retry" : false,
  "extra" : {
    "severity" : "normal",
    "retries" : [ ],
    "categories" : [ {
      "name" : "Test defects",
      "matchedStatuses" : [ ],
      "flaky" : false
    } ],
    "history" : {
      "statistic" : {
        "failed" : 0,
        "broken" : 5,
        "skipped" : 0,
        "passed" : 23,
        "unknown" : 0,
        "total" : 28
      },
      "items" : [ {
        "uid" : "b192ea7bb95fbb5d",
        "reportUrl" : "https://Nat754.github.io/PulseWave/456//#testresult/b192ea7bb95fbb5d",
        "status" : "broken",
        "statusDetails" : "selenium.common.exceptions.StaleElementReferenceException: Message: stale element reference: stale element not found in the current frame\n  (Session info: chrome=138.0.7204.100); For documentation on this error, please visit: https://www.selenium.dev/documentation/webdriver/troubleshooting/errors#stale-element-reference-exception\nStacktrace:\n#0 0x55e03784623a <unknown>\n#1 0x55e0372f0ab0 <unknown>\n#2 0x55e0372f7748 <unknown>\n#3 0x55e0372f9fe8 <unknown>\n#4 0x55e0372fa073 <unknown>\n#5 0x55e03733d23a <unknown>\n#6 0x55e0373681a2 <unknown>\n#7 0x55e03733628a <unknown>\n#8 0x55e03736836e <unknown>\n#9 0x55e03738dfee <unknown>\n#10 0x55e037367f73 <unknown>\n#11 0x55e037334aeb <unknown>\n#12 0x55e037335751 <unknown>\n#13 0x55e03780ab4b <unknown>\n#14 0x55e03780e929 <unknown>\n#15 0x55e0377f1929 <unknown>\n#16 0x55e03780f4e8 <unknown>\n#17 0x55e0377d60df <unknown>\n#18 0x55e0378338e8 <unknown>\n#19 0x55e037833ac6 <unknown>\n#20 0x55e037845556 <unknown>\n#21 0x7f0233e9caa4 <unknown>\n#22 0x7f0233f29c3c <unknown>",
        "time" : {
          "start" : 1753043964475,
          "stop" : 1753043964787,
          "duration" : 312
        }
      }, {
        "uid" : "ba5764079c542277",
        "reportUrl" : "https://Nat754.github.io/PulseWave/456//#testresult/ba5764079c542277",
        "status" : "passed",
        "time" : {
          "start" : 1753041248163,
          "stop" : 1753041249159,
          "duration" : 996
        }
      }, {
        "uid" : "ea08b3bb6bb0298a",
        "reportUrl" : "https://Nat754.github.io/PulseWave/456//#testresult/ea08b3bb6bb0298a",
        "status" : "broken",
        "statusDetails" : "selenium.common.exceptions.StaleElementReferenceException: Message: stale element reference: stale element not found in the current frame\n  (Session info: chrome=138.0.7204.100); For documentation on this error, please visit: https://www.selenium.dev/documentation/webdriver/troubleshooting/errors#stale-element-reference-exception\nStacktrace:\n#0 0x5608fce3d23a <unknown>\n#1 0x5608fc8e7ab0 <unknown>\n#2 0x5608fc8ee748 <unknown>\n#3 0x5608fc8f0fe8 <unknown>\n#4 0x5608fc8f1073 <unknown>\n#5 0x5608fc93423a <unknown>\n#6 0x5608fc95f1a2 <unknown>\n#7 0x5608fc92d28a <unknown>\n#8 0x5608fc95f36e <unknown>\n#9 0x5608fc984fee <unknown>\n#10 0x5608fc95ef73 <unknown>\n#11 0x5608fc92baeb <unknown>\n#12 0x5608fc92c751 <unknown>\n#13 0x5608fce01b4b <unknown>\n#14 0x5608fce05929 <unknown>\n#15 0x5608fcde8929 <unknown>\n#16 0x5608fce064e8 <unknown>\n#17 0x5608fcdcd0df <unknown>\n#18 0x5608fce2a8e8 <unknown>\n#19 0x5608fce2aac6 <unknown>\n#20 0x5608fce3c556 <unknown>\n#21 0x7fa5c329caa4 <unknown>\n#22 0x7fa5c3329c3c <unknown>",
        "time" : {
          "start" : 1753036763563,
          "stop" : 1753036763877,
          "duration" : 314
        }
      }, {
        "uid" : "408be19407c93285",
        "reportUrl" : "https://Nat754.github.io/PulseWave/455//#testresult/408be19407c93285",
        "status" : "passed",
        "time" : {
          "start" : 1752950452080,
          "stop" : 1752950453087,
          "duration" : 1007
        }
      }, {
        "uid" : "b2dc44162f4b2751",
        "reportUrl" : "https://Nat754.github.io/PulseWave/454//#testresult/b2dc44162f4b2751",
        "status" : "passed",
        "time" : {
          "start" : 1752864133141,
          "stop" : 1752864134134,
          "duration" : 993
        }
      }, {
        "uid" : "76577872ee7c7646",
        "reportUrl" : "https://Nat754.github.io/PulseWave/453//#testresult/76577872ee7c7646",
        "status" : "passed",
        "time" : {
          "start" : 1752777654698,
          "stop" : 1752777655209,
          "duration" : 511
        }
      }, {
        "uid" : "d1509cca77c0b115",
        "reportUrl" : "https://Nat754.github.io/PulseWave/452//#testresult/d1509cca77c0b115",
        "status" : "passed",
        "time" : {
          "start" : 1752691415096,
          "stop" : 1752691416099,
          "duration" : 1003
        }
      }, {
        "uid" : "d2b3f7d893a5c194",
        "reportUrl" : "https://Nat754.github.io/PulseWave/451//#testresult/d2b3f7d893a5c194",
        "status" : "passed",
        "time" : {
          "start" : 1752605029880,
          "stop" : 1752605030890,
          "duration" : 1010
        }
      }, {
        "uid" : "b7e992d46c21ede9",
        "reportUrl" : "https://Nat754.github.io/PulseWave/450//#testresult/b7e992d46c21ede9",
        "status" : "passed",
        "time" : {
          "start" : 1752518475566,
          "stop" : 1752518476557,
          "duration" : 991
        }
      }, {
        "uid" : "c89064231b3ba7e9",
        "reportUrl" : "https://Nat754.github.io/PulseWave/449//#testresult/c89064231b3ba7e9",
        "status" : "passed",
        "time" : {
          "start" : 1752431961557,
          "stop" : 1752431962053,
          "duration" : 496
        }
      }, {
        "uid" : "68a666895085372",
        "reportUrl" : "https://Nat754.github.io/PulseWave/448//#testresult/68a666895085372",
        "status" : "passed",
        "time" : {
          "start" : 1752347651829,
          "stop" : 1752347652831,
          "duration" : 1002
        }
      }, {
        "uid" : "152d21cd5585b12e",
        "reportUrl" : "https://Nat754.github.io/PulseWave/448//#testresult/152d21cd5585b12e",
        "status" : "passed",
        "time" : {
          "start" : 1752345560999,
          "stop" : 1752345562006,
          "duration" : 1007
        }
      }, {
        "uid" : "c4ddc1fe02b9ad2d",
        "reportUrl" : "https://Nat754.github.io/PulseWave/447//#testresult/c4ddc1fe02b9ad2d",
        "status" : "passed",
        "time" : {
          "start" : 1752335454902,
          "stop" : 1752335455928,
          "duration" : 1026
        }
      }, {
        "uid" : "f5ec32e9e263081d",
        "reportUrl" : "https://Nat754.github.io/PulseWave/447//#testresult/f5ec32e9e263081d",
        "status" : "passed",
        "time" : {
          "start" : 1752259251511,
          "stop" : 1752259252014,
          "duration" : 503
        }
      }, {
        "uid" : "5ddc6d792cf591d4",
        "reportUrl" : "https://Nat754.github.io/PulseWave/446//#testresult/5ddc6d792cf591d4",
        "status" : "passed",
        "time" : {
          "start" : 1752172919476,
          "stop" : 1752172919987,
          "duration" : 511
        }
      }, {
        "uid" : "af15dd20896f79bf",
        "reportUrl" : "https://Nat754.github.io/PulseWave/445//#testresult/af15dd20896f79bf",
        "status" : "passed",
        "time" : {
          "start" : 1752086597800,
          "stop" : 1752086598805,
          "duration" : 1005
        }
      }, {
        "uid" : "aecaef28d13725f",
        "reportUrl" : "https://Nat754.github.io/PulseWave/444//#testresult/aecaef28d13725f",
        "status" : "passed",
        "time" : {
          "start" : 1752000181093,
          "stop" : 1752000181607,
          "duration" : 514
        }
      }, {
        "uid" : "5c0bfbf90ddf19a7",
        "reportUrl" : "https://Nat754.github.io/PulseWave/443//#testresult/5c0bfbf90ddf19a7",
        "status" : "broken",
        "statusDetails" : "selenium.common.exceptions.StaleElementReferenceException: Message: stale element reference: stale element not found in the current frame\n  (Session info: chrome=137.0.7151.119); For documentation on this error, please visit: https://www.selenium.dev/documentation/webdriver/troubleshooting/errors#stale-element-reference-exception\nStacktrace:\n#0 0x5579a68d945a <unknown>\n#1 0x5579a637e760 <unknown>\n#2 0x5579a63853f8 <unknown>\n#3 0x5579a6387c88 <unknown>\n#4 0x5579a6387d13 <unknown>\n#5 0x5579a63d1e2e <unknown>\n#6 0x5579a63c42a3 <unknown>\n#7 0x5579a63f5e52 <unknown>\n#8 0x5579a63c3caa <unknown>\n#9 0x5579a63f601e <unknown>\n#10 0x5579a641c30b <unknown>\n#11 0x5579a63f5c23 <unknown>\n#12 0x5579a63c24a5 <unknown>\n#13 0x5579a63c3111 <unknown>\n#14 0x5579a689df1b <unknown>\n#15 0x5579a68a1e19 <unknown>\n#16 0x5579a6884ac9 <unknown>\n#17 0x5579a68a29c8 <unknown>\n#18 0x5579a686934f <unknown>\n#19 0x5579a68c6a28 <unknown>\n#20 0x5579a68c6c06 <unknown>\n#21 0x5579a68d8336 <unknown>\n#22 0x7f697b69caa4 <unknown>\n#23 0x7f697b729c3c <unknown>",
        "time" : {
          "start" : 1751913616701,
          "stop" : 1751913617017,
          "duration" : 316
        }
      }, {
        "uid" : "8e92d7486a9068e2",
        "reportUrl" : "https://Nat754.github.io/PulseWave/442//#testresult/8e92d7486a9068e2",
        "status" : "passed",
        "time" : {
          "start" : 1751827197133,
          "stop" : 1751827197637,
          "duration" : 504
        }
      }, {
        "uid" : "7060f92ebfd122d7",
        "reportUrl" : "https://Nat754.github.io/PulseWave/441//#testresult/7060f92ebfd122d7",
        "status" : "passed",
        "time" : {
          "start" : 1751740848961,
          "stop" : 1751740849958,
          "duration" : 997
        }
      } ]
    },
    "tags" : [ "regress" ]
  },
  "source" : "5d28f5312f18ee1f.json",
  "parameterValues" : [ ]
}