{
  "uid" : "869c7672ad6ebca5",
  "name" : "Проверка перехода в Рабочие пространства по ссылке На главную",
  "fullName" : "tests.test_workspace_page.test_workspace_page.TestWorkspacePage#test_link_to_main",
  "historyId" : "11b6f02ab206056145597ed767926875",
  "time" : {
    "start" : 1716345756921,
    "stop" : 1716345757243,
    "duration" : 322
  },
  "status" : "broken",
  "statusMessage" : "selenium.common.exceptions.StaleElementReferenceException: Message: stale element reference: stale element not found in the current frame\n  (Session info: chrome-headless-shell=125.0.6422.60); For documentation on this error, please visit: https://www.selenium.dev/documentation/webdriver/troubleshooting/errors#stale-element-reference-exception\nStacktrace:\n#0 0x555e06e0deca <unknown>\n#1 0x555e06af745c <unknown>\n#2 0x555e06afcb69 <unknown>\n#3 0x555e06afe915 <unknown>\n#4 0x555e06afe99c <unknown>\n#5 0x555e06b47a06 <unknown>\n#6 0x555e06b45b57 <unknown>\n#7 0x555e06b4497c <unknown>\n#8 0x555e06b380ff <unknown>\n#9 0x555e06b664b2 <unknown>\n#10 0x555e06b37a79 <unknown>\n#11 0x555e06b6667e <unknown>\n#12 0x555e06b852cc <unknown>\n#13 0x555e06b66253 <unknown>\n#14 0x555e06b361c7 <unknown>\n#15 0x555e06b36b3e <unknown>\n#16 0x555e06dd430b <unknown>\n#17 0x555e06dd83b7 <unknown>\n#18 0x555e06dc0e3e <unknown>\n#19 0x555e06dd8e82 <unknown>\n#20 0x555e06da57df <unknown>\n#21 0x555e06dfd1b8 <unknown>\n#22 0x555e06dfd38b <unknown>\n#23 0x555e06e0cffc <unknown>\n#24 0x7f7012c94ac3 <unknown>",
  "statusTrace" : "self = <tests.test_workspace_page.test_workspace_page.TestWorkspacePage object at 0x7f48419bcb90>\nauth_user = <pages.login_page.LoginPage object at 0x7f48419d74d0>\ndriver = <selenium.webdriver.chrome.webdriver.WebDriver (session=\"7e999bc9d0b691246b4dc333f8ce14d9\")>\n\n    @allure.title(f\"Проверка перехода в {wsconst.WORKSPACE_TITLE} по ссылке {message.TO_MAIN_TEXT}\")\n    @pytest.mark.regress\n    def test_link_to_main(self, auth_user, driver):\n        page = SignUpPage(driver)\n>       page.click_button_avatar()\n\ntests/test_workspace_page/test_workspace_page.py:60: \n_ _ _ _ _ _ _ _ _ _ _ _ _ _ _ _ _ _ _ _ _ _ _ _ _ _ _ _ _ _ _ _ _ _ _ _ _ _ _ _ \npages/signup_page.py:93: in click_button_avatar\n    self.element_is_clickable(self.locator.BUTTON_AVATAR).click()\n/opt/hostedtoolcache/Python/3.12.3/x64/lib/python3.12/site-packages/selenium/webdriver/remote/webelement.py:94: in click\n    self._execute(Command.CLICK_ELEMENT)\n/opt/hostedtoolcache/Python/3.12.3/x64/lib/python3.12/site-packages/selenium/webdriver/remote/webelement.py:395: in _execute\n    return self._parent.execute(command, params)\n/opt/hostedtoolcache/Python/3.12.3/x64/lib/python3.12/site-packages/selenium/webdriver/remote/webdriver.py:347: in execute\n    self.error_handler.check_response(response)\n_ _ _ _ _ _ _ _ _ _ _ _ _ _ _ _ _ _ _ _ _ _ _ _ _ _ _ _ _ _ _ _ _ _ _ _ _ _ _ _ \n\nself = <selenium.webdriver.remote.errorhandler.ErrorHandler object at 0x7f48419d5e20>\nresponse = {'status': 404, 'value': '{\"value\":{\"error\":\"stale element reference\",\"message\":\"stale element reference: stale elemen...\\\\n#22 0x555e06dfd38b \\\\u003Cunknown>\\\\n#23 0x555e06e0cffc \\\\u003Cunknown>\\\\n#24 0x7f7012c94ac3 \\\\u003Cunknown>\\\\n\"}}'}\n\n    def check_response(self, response: Dict[str, Any]) -> None:\n        \"\"\"Checks that a JSON response from the WebDriver does not have an\n        error.\n    \n        :Args:\n         - response - The JSON response from the WebDriver server as a dictionary\n           object.\n    \n        :Raises: If the response contains an error message.\n        \"\"\"\n        status = response.get(\"status\", None)\n        if not status or status == ErrorCode.SUCCESS:\n            return\n        value = None\n        message = response.get(\"message\", \"\")\n        screen: str = response.get(\"screen\", \"\")\n        stacktrace = None\n        if isinstance(status, int):\n            value_json = response.get(\"value\", None)\n            if value_json and isinstance(value_json, str):\n                import json\n    \n                try:\n                    value = json.loads(value_json)\n                    if len(value) == 1:\n                        value = value[\"value\"]\n                    status = value.get(\"error\", None)\n                    if not status:\n                        status = value.get(\"status\", ErrorCode.UNKNOWN_ERROR)\n                        message = value.get(\"value\") or value.get(\"message\")\n                        if not isinstance(message, str):\n                            value = message\n                            message = message.get(\"message\")\n                    else:\n                        message = value.get(\"message\", None)\n                except ValueError:\n                    pass\n    \n        exception_class: Type[WebDriverException]\n        e = ErrorCode()\n        error_codes = [item for item in dir(e) if not item.startswith(\"__\")]\n        for error_code in error_codes:\n            error_info = getattr(ErrorCode, error_code)\n            if isinstance(error_info, list) and status in error_info:\n                exception_class = getattr(ExceptionMapping, error_code, WebDriverException)\n                break\n        else:\n            exception_class = WebDriverException\n    \n        if not value:\n            value = response[\"value\"]\n        if isinstance(value, str):\n            raise exception_class(value)\n        if message == \"\" and \"message\" in value:\n            message = value[\"message\"]\n    \n        screen = None  # type: ignore[assignment]\n        if \"screen\" in value:\n            screen = value[\"screen\"]\n    \n        stacktrace = None\n        st_value = value.get(\"stackTrace\") or value.get(\"stacktrace\")\n        if st_value:\n            if isinstance(st_value, str):\n                stacktrace = st_value.split(\"\\n\")\n            else:\n                stacktrace = []\n                try:\n                    for frame in st_value:\n                        line = frame.get(\"lineNumber\", \"\")\n                        file = frame.get(\"fileName\", \"<anonymous>\")\n                        if line:\n                            file = f\"{file}:{line}\"\n                        meth = frame.get(\"methodName\", \"<anonymous>\")\n                        if \"className\" in frame:\n                            meth = f\"{frame['className']}.{meth}\"\n                        msg = \"    at %s (%s)\"\n                        msg = msg % (meth, file)\n                        stacktrace.append(msg)\n                except TypeError:\n                    pass\n        if exception_class == UnexpectedAlertPresentException:\n            alert_text = None\n            if \"data\" in value:\n                alert_text = value[\"data\"].get(\"text\")\n            elif \"alert\" in value:\n                alert_text = value[\"alert\"].get(\"text\")\n            raise exception_class(message, screen, stacktrace, alert_text)  # type: ignore[call-arg]  # mypy is not smart enough here\n>       raise exception_class(message, screen, stacktrace)\nE       selenium.common.exceptions.StaleElementReferenceException: Message: stale element reference: stale element not found in the current frame\nE         (Session info: chrome-headless-shell=125.0.6422.60); For documentation on this error, please visit: https://www.selenium.dev/documentation/webdriver/troubleshooting/errors#stale-element-reference-exception\nE       Stacktrace:\nE       #0 0x555e06e0deca <unknown>\nE       #1 0x555e06af745c <unknown>\nE       #2 0x555e06afcb69 <unknown>\nE       #3 0x555e06afe915 <unknown>\nE       #4 0x555e06afe99c <unknown>\nE       #5 0x555e06b47a06 <unknown>\nE       #6 0x555e06b45b57 <unknown>\nE       #7 0x555e06b4497c <unknown>\nE       #8 0x555e06b380ff <unknown>\nE       #9 0x555e06b664b2 <unknown>\nE       #10 0x555e06b37a79 <unknown>\nE       #11 0x555e06b6667e <unknown>\nE       #12 0x555e06b852cc <unknown>\nE       #13 0x555e06b66253 <unknown>\nE       #14 0x555e06b361c7 <unknown>\nE       #15 0x555e06b36b3e <unknown>\nE       #16 0x555e06dd430b <unknown>\nE       #17 0x555e06dd83b7 <unknown>\nE       #18 0x555e06dc0e3e <unknown>\nE       #19 0x555e06dd8e82 <unknown>\nE       #20 0x555e06da57df <unknown>\nE       #21 0x555e06dfd1b8 <unknown>\nE       #22 0x555e06dfd38b <unknown>\nE       #23 0x555e06e0cffc <unknown>\nE       #24 0x7f7012c94ac3 <unknown>\n\n/opt/hostedtoolcache/Python/3.12.3/x64/lib/python3.12/site-packages/selenium/webdriver/remote/errorhandler.py:229: StaleElementReferenceException",
  "flaky" : false,
  "newFailed" : false,
  "beforeStages" : [ {
    "name" : "clear_allure_results_folder",
    "time" : {
      "start" : 1716344541478,
      "stop" : 1716344541478,
      "duration" : 0
    },
    "status" : "passed",
    "steps" : [ ],
    "attachments" : [ ],
    "parameters" : [ ],
    "stepsCount" : 0,
    "attachmentsCount" : 0,
    "shouldDisplayMessage" : false,
    "hasContent" : false
  }, {
    "name" : "driver",
    "time" : {
      "start" : 1716345751742,
      "stop" : 1716345751940,
      "duration" : 198
    },
    "status" : "passed",
    "steps" : [ ],
    "attachments" : [ ],
    "parameters" : [ ],
    "stepsCount" : 0,
    "attachmentsCount" : 0,
    "shouldDisplayMessage" : false,
    "hasContent" : false
  }, {
    "name" : "auth_user",
    "time" : {
      "start" : 1716345751940,
      "stop" : 1716345756921,
      "duration" : 4981
    },
    "status" : "passed",
    "steps" : [ {
      "name" : "Проверка видимости кнопки 'Принимаю все' в сообщении о принятии файлов cookie",
      "time" : {
        "start" : 1716345755168,
        "stop" : 1716345755197,
        "duration" : 29
      },
      "status" : "passed",
      "steps" : [ ],
      "attachments" : [ ],
      "parameters" : [ ],
      "stepsCount" : 0,
      "attachmentsCount" : 0,
      "shouldDisplayMessage" : false,
      "hasContent" : false
    }, {
      "name" : "Нажать кнопку 'Войти'",
      "time" : {
        "start" : 1716345755358,
        "stop" : 1716345755406,
        "duration" : 48
      },
      "status" : "passed",
      "steps" : [ ],
      "attachments" : [ ],
      "parameters" : [ ],
      "stepsCount" : 0,
      "attachmentsCount" : 0,
      "shouldDisplayMessage" : false,
      "hasContent" : false
    }, {
      "name" : "Ждать обновление страницы",
      "time" : {
        "start" : 1716345755406,
        "stop" : 1716345756921,
        "duration" : 1515
      },
      "status" : "passed",
      "steps" : [ ],
      "attachments" : [ ],
      "parameters" : [ ],
      "stepsCount" : 0,
      "attachmentsCount" : 0,
      "shouldDisplayMessage" : false,
      "hasContent" : false
    } ],
    "attachments" : [ ],
    "parameters" : [ ],
    "stepsCount" : 3,
    "attachmentsCount" : 0,
    "shouldDisplayMessage" : false,
    "hasContent" : true
  }, {
    "name" : "_session_faker",
    "time" : {
      "start" : 1716344541461,
      "stop" : 1716344541478,
      "duration" : 17
    },
    "status" : "passed",
    "steps" : [ ],
    "attachments" : [ ],
    "parameters" : [ ],
    "stepsCount" : 0,
    "attachmentsCount" : 0,
    "shouldDisplayMessage" : false,
    "hasContent" : false
  } ],
  "testStage" : {
    "status" : "broken",
    "statusMessage" : "selenium.common.exceptions.StaleElementReferenceException: Message: stale element reference: stale element not found in the current frame\n  (Session info: chrome-headless-shell=125.0.6422.60); For documentation on this error, please visit: https://www.selenium.dev/documentation/webdriver/troubleshooting/errors#stale-element-reference-exception\nStacktrace:\n#0 0x555e06e0deca <unknown>\n#1 0x555e06af745c <unknown>\n#2 0x555e06afcb69 <unknown>\n#3 0x555e06afe915 <unknown>\n#4 0x555e06afe99c <unknown>\n#5 0x555e06b47a06 <unknown>\n#6 0x555e06b45b57 <unknown>\n#7 0x555e06b4497c <unknown>\n#8 0x555e06b380ff <unknown>\n#9 0x555e06b664b2 <unknown>\n#10 0x555e06b37a79 <unknown>\n#11 0x555e06b6667e <unknown>\n#12 0x555e06b852cc <unknown>\n#13 0x555e06b66253 <unknown>\n#14 0x555e06b361c7 <unknown>\n#15 0x555e06b36b3e <unknown>\n#16 0x555e06dd430b <unknown>\n#17 0x555e06dd83b7 <unknown>\n#18 0x555e06dc0e3e <unknown>\n#19 0x555e06dd8e82 <unknown>\n#20 0x555e06da57df <unknown>\n#21 0x555e06dfd1b8 <unknown>\n#22 0x555e06dfd38b <unknown>\n#23 0x555e06e0cffc <unknown>\n#24 0x7f7012c94ac3 <unknown>",
    "statusTrace" : "self = <tests.test_workspace_page.test_workspace_page.TestWorkspacePage object at 0x7f48419bcb90>\nauth_user = <pages.login_page.LoginPage object at 0x7f48419d74d0>\ndriver = <selenium.webdriver.chrome.webdriver.WebDriver (session=\"7e999bc9d0b691246b4dc333f8ce14d9\")>\n\n    @allure.title(f\"Проверка перехода в {wsconst.WORKSPACE_TITLE} по ссылке {message.TO_MAIN_TEXT}\")\n    @pytest.mark.regress\n    def test_link_to_main(self, auth_user, driver):\n        page = SignUpPage(driver)\n>       page.click_button_avatar()\n\ntests/test_workspace_page/test_workspace_page.py:60: \n_ _ _ _ _ _ _ _ _ _ _ _ _ _ _ _ _ _ _ _ _ _ _ _ _ _ _ _ _ _ _ _ _ _ _ _ _ _ _ _ \npages/signup_page.py:93: in click_button_avatar\n    self.element_is_clickable(self.locator.BUTTON_AVATAR).click()\n/opt/hostedtoolcache/Python/3.12.3/x64/lib/python3.12/site-packages/selenium/webdriver/remote/webelement.py:94: in click\n    self._execute(Command.CLICK_ELEMENT)\n/opt/hostedtoolcache/Python/3.12.3/x64/lib/python3.12/site-packages/selenium/webdriver/remote/webelement.py:395: in _execute\n    return self._parent.execute(command, params)\n/opt/hostedtoolcache/Python/3.12.3/x64/lib/python3.12/site-packages/selenium/webdriver/remote/webdriver.py:347: in execute\n    self.error_handler.check_response(response)\n_ _ _ _ _ _ _ _ _ _ _ _ _ _ _ _ _ _ _ _ _ _ _ _ _ _ _ _ _ _ _ _ _ _ _ _ _ _ _ _ \n\nself = <selenium.webdriver.remote.errorhandler.ErrorHandler object at 0x7f48419d5e20>\nresponse = {'status': 404, 'value': '{\"value\":{\"error\":\"stale element reference\",\"message\":\"stale element reference: stale elemen...\\\\n#22 0x555e06dfd38b \\\\u003Cunknown>\\\\n#23 0x555e06e0cffc \\\\u003Cunknown>\\\\n#24 0x7f7012c94ac3 \\\\u003Cunknown>\\\\n\"}}'}\n\n    def check_response(self, response: Dict[str, Any]) -> None:\n        \"\"\"Checks that a JSON response from the WebDriver does not have an\n        error.\n    \n        :Args:\n         - response - The JSON response from the WebDriver server as a dictionary\n           object.\n    \n        :Raises: If the response contains an error message.\n        \"\"\"\n        status = response.get(\"status\", None)\n        if not status or status == ErrorCode.SUCCESS:\n            return\n        value = None\n        message = response.get(\"message\", \"\")\n        screen: str = response.get(\"screen\", \"\")\n        stacktrace = None\n        if isinstance(status, int):\n            value_json = response.get(\"value\", None)\n            if value_json and isinstance(value_json, str):\n                import json\n    \n                try:\n                    value = json.loads(value_json)\n                    if len(value) == 1:\n                        value = value[\"value\"]\n                    status = value.get(\"error\", None)\n                    if not status:\n                        status = value.get(\"status\", ErrorCode.UNKNOWN_ERROR)\n                        message = value.get(\"value\") or value.get(\"message\")\n                        if not isinstance(message, str):\n                            value = message\n                            message = message.get(\"message\")\n                    else:\n                        message = value.get(\"message\", None)\n                except ValueError:\n                    pass\n    \n        exception_class: Type[WebDriverException]\n        e = ErrorCode()\n        error_codes = [item for item in dir(e) if not item.startswith(\"__\")]\n        for error_code in error_codes:\n            error_info = getattr(ErrorCode, error_code)\n            if isinstance(error_info, list) and status in error_info:\n                exception_class = getattr(ExceptionMapping, error_code, WebDriverException)\n                break\n        else:\n            exception_class = WebDriverException\n    \n        if not value:\n            value = response[\"value\"]\n        if isinstance(value, str):\n            raise exception_class(value)\n        if message == \"\" and \"message\" in value:\n            message = value[\"message\"]\n    \n        screen = None  # type: ignore[assignment]\n        if \"screen\" in value:\n            screen = value[\"screen\"]\n    \n        stacktrace = None\n        st_value = value.get(\"stackTrace\") or value.get(\"stacktrace\")\n        if st_value:\n            if isinstance(st_value, str):\n                stacktrace = st_value.split(\"\\n\")\n            else:\n                stacktrace = []\n                try:\n                    for frame in st_value:\n                        line = frame.get(\"lineNumber\", \"\")\n                        file = frame.get(\"fileName\", \"<anonymous>\")\n                        if line:\n                            file = f\"{file}:{line}\"\n                        meth = frame.get(\"methodName\", \"<anonymous>\")\n                        if \"className\" in frame:\n                            meth = f\"{frame['className']}.{meth}\"\n                        msg = \"    at %s (%s)\"\n                        msg = msg % (meth, file)\n                        stacktrace.append(msg)\n                except TypeError:\n                    pass\n        if exception_class == UnexpectedAlertPresentException:\n            alert_text = None\n            if \"data\" in value:\n                alert_text = value[\"data\"].get(\"text\")\n            elif \"alert\" in value:\n                alert_text = value[\"alert\"].get(\"text\")\n            raise exception_class(message, screen, stacktrace, alert_text)  # type: ignore[call-arg]  # mypy is not smart enough here\n>       raise exception_class(message, screen, stacktrace)\nE       selenium.common.exceptions.StaleElementReferenceException: Message: stale element reference: stale element not found in the current frame\nE         (Session info: chrome-headless-shell=125.0.6422.60); For documentation on this error, please visit: https://www.selenium.dev/documentation/webdriver/troubleshooting/errors#stale-element-reference-exception\nE       Stacktrace:\nE       #0 0x555e06e0deca <unknown>\nE       #1 0x555e06af745c <unknown>\nE       #2 0x555e06afcb69 <unknown>\nE       #3 0x555e06afe915 <unknown>\nE       #4 0x555e06afe99c <unknown>\nE       #5 0x555e06b47a06 <unknown>\nE       #6 0x555e06b45b57 <unknown>\nE       #7 0x555e06b4497c <unknown>\nE       #8 0x555e06b380ff <unknown>\nE       #9 0x555e06b664b2 <unknown>\nE       #10 0x555e06b37a79 <unknown>\nE       #11 0x555e06b6667e <unknown>\nE       #12 0x555e06b852cc <unknown>\nE       #13 0x555e06b66253 <unknown>\nE       #14 0x555e06b361c7 <unknown>\nE       #15 0x555e06b36b3e <unknown>\nE       #16 0x555e06dd430b <unknown>\nE       #17 0x555e06dd83b7 <unknown>\nE       #18 0x555e06dc0e3e <unknown>\nE       #19 0x555e06dd8e82 <unknown>\nE       #20 0x555e06da57df <unknown>\nE       #21 0x555e06dfd1b8 <unknown>\nE       #22 0x555e06dfd38b <unknown>\nE       #23 0x555e06e0cffc <unknown>\nE       #24 0x7f7012c94ac3 <unknown>\n\n/opt/hostedtoolcache/Python/3.12.3/x64/lib/python3.12/site-packages/selenium/webdriver/remote/errorhandler.py:229: StaleElementReferenceException",
    "steps" : [ {
      "name" : "Нажать на иконку аватара",
      "time" : {
        "start" : 1716345756922,
        "stop" : 1716345757242,
        "duration" : 320
      },
      "status" : "broken",
      "statusMessage" : "selenium.common.exceptions.StaleElementReferenceException: Message: stale element reference: stale element not found in the current frame\n  (Session info: chrome-headless-shell=125.0.6422.60); For documentation on this error, please visit: https://www.selenium.dev/documentation/webdriver/troubleshooting/errors#stale-element-reference-exception\nStacktrace:\n#0 0x555e06e0deca <unknown>\n#1 0x555e06af745c <unknown>\n#2 0x555e06afcb69 <unknown>\n#3 0x555e06afe915 <unknown>\n#4 0x555e06afe99c <unknown>\n#5 0x555e06b47a06 <unknown>\n#6 0x555e06b45b57 <unknown>\n#7 0x555e06b4497c <unknown>\n#8 0x555e06b380ff <unknown>\n#9 0x555e06b664b2 <unknown>\n#10 0x555e06b37a79 <unknown>\n#11 0x555e06b6667e <unknown>\n#12 0x555e06b852cc <unknown>\n#13 0x555e06b66253 <unknown>\n#14 0x555e06b361c7 <unknown>\n#15 0x555e06b36b3e <unknown>\n#16 0x555e06dd430b <unknown>\n#17 0x555e06dd83b7 <unknown>\n#18 0x555e06dc0e3e <unknown>\n#19 0x555e06dd8e82 <unknown>\n#20 0x555e06da57df <unknown>\n#21 0x555e06dfd1b8 <unknown>\n#22 0x555e06dfd38b <unknown>\n#23 0x555e06e0cffc <unknown>\n#24 0x7f7012c94ac3 <unknown>\n\n",
      "statusTrace" : "  File \"/opt/hostedtoolcache/Python/3.12.3/x64/lib/python3.12/site-packages/allure_commons/_allure.py\", line 192, in impl\n    return func(*a, **kw)\n           ^^^^^^^^^^^^^^\n  File \"/home/runner/work/PulseWave/PulseWave/pages/signup_page.py\", line 93, in click_button_avatar\n    self.element_is_clickable(self.locator.BUTTON_AVATAR).click()\n  File \"/opt/hostedtoolcache/Python/3.12.3/x64/lib/python3.12/site-packages/selenium/webdriver/remote/webelement.py\", line 94, in click\n    self._execute(Command.CLICK_ELEMENT)\n  File \"/opt/hostedtoolcache/Python/3.12.3/x64/lib/python3.12/site-packages/selenium/webdriver/remote/webelement.py\", line 395, in _execute\n    return self._parent.execute(command, params)\n           ^^^^^^^^^^^^^^^^^^^^^^^^^^^^^^^^^^^^^\n  File \"/opt/hostedtoolcache/Python/3.12.3/x64/lib/python3.12/site-packages/selenium/webdriver/remote/webdriver.py\", line 347, in execute\n    self.error_handler.check_response(response)\n  File \"/opt/hostedtoolcache/Python/3.12.3/x64/lib/python3.12/site-packages/selenium/webdriver/remote/errorhandler.py\", line 229, in check_response\n    raise exception_class(message, screen, stacktrace)\n",
      "steps" : [ ],
      "attachments" : [ ],
      "parameters" : [ ],
      "stepsCount" : 0,
      "attachmentsCount" : 0,
      "shouldDisplayMessage" : true,
      "hasContent" : true
    } ],
    "attachments" : [ {
      "uid" : "362de4abab1aeabd",
      "name" : "Screenshot",
      "source" : "362de4abab1aeabd.png",
      "type" : "image/png",
      "size" : 51343
    }, {
      "uid" : "3a6555faed450538",
      "name" : "HTML source",
      "source" : "3a6555faed450538.html",
      "type" : "text/html",
      "size" : 72617
    } ],
    "parameters" : [ ],
    "stepsCount" : 1,
    "attachmentsCount" : 2,
    "shouldDisplayMessage" : true,
    "hasContent" : true
  },
  "afterStages" : [ {
    "name" : "driver::0",
    "time" : {
      "start" : 1716345757389,
      "stop" : 1716345757450,
      "duration" : 61
    },
    "status" : "passed",
    "steps" : [ ],
    "attachments" : [ ],
    "parameters" : [ ],
    "stepsCount" : 0,
    "attachmentsCount" : 0,
    "shouldDisplayMessage" : false,
    "hasContent" : false
  } ],
  "labels" : [ {
    "name" : "epic",
    "value" : "Тестирование страницы 'Рабочие пространства'"
  }, {
    "name" : "tag",
    "value" : "regress"
  }, {
    "name" : "parentSuite",
    "value" : "tests.test_workspace_page"
  }, {
    "name" : "suite",
    "value" : "test_workspace_page"
  }, {
    "name" : "subSuite",
    "value" : "TestWorkspacePage"
  }, {
    "name" : "host",
    "value" : "fv-az1437-547"
  }, {
    "name" : "thread",
    "value" : "2280-MainThread"
  }, {
    "name" : "framework",
    "value" : "pytest"
  }, {
    "name" : "language",
    "value" : "cpython3"
  }, {
    "name" : "package",
    "value" : "tests.test_workspace_page.test_workspace_page"
  }, {
    "name" : "resultFormat",
    "value" : "allure2"
  } ],
  "parameters" : [ {
    "name" : "browser",
    "value" : "'chrome'"
  } ],
  "links" : [ ],
  "hidden" : false,
  "retry" : false,
  "extra" : {
    "severity" : "normal",
    "retries" : [ ],
    "categories" : [ {
      "name" : "Test defects",
      "matchedStatuses" : [ ],
      "flaky" : false
    } ],
    "history" : {
      "statistic" : {
        "failed" : 0,
        "broken" : 8,
        "skipped" : 0,
        "passed" : 30,
        "unknown" : 0,
        "total" : 38
      },
      "items" : [ {
        "uid" : "3fa72ab8779315d8",
        "reportUrl" : "https://Nat754.github.io/PulseWave/31//#testresult/3fa72ab8779315d8",
        "status" : "passed",
        "time" : {
          "start" : 1716259033098,
          "stop" : 1716259033527,
          "duration" : 429
        }
      }, {
        "uid" : "1d14cca13baf5dd",
        "reportUrl" : "https://Nat754.github.io/PulseWave/30//#testresult/1d14cca13baf5dd",
        "status" : "passed",
        "time" : {
          "start" : 1716173022724,
          "stop" : 1716173023145,
          "duration" : 421
        }
      }, {
        "uid" : "9d87c14277c69a20",
        "reportUrl" : "https://Nat754.github.io/PulseWave/29//#testresult/9d87c14277c69a20",
        "status" : "passed",
        "time" : {
          "start" : 1716086468380,
          "stop" : 1716086468806,
          "duration" : 426
        }
      }, {
        "uid" : "6ee56f7fde1c0426",
        "reportUrl" : "https://Nat754.github.io/PulseWave/28//#testresult/6ee56f7fde1c0426",
        "status" : "passed",
        "time" : {
          "start" : 1715999851833,
          "stop" : 1715999852261,
          "duration" : 428
        }
      }, {
        "uid" : "149467f3a4b77e85",
        "reportUrl" : "https://Nat754.github.io/PulseWave/27//#testresult/149467f3a4b77e85",
        "status" : "passed",
        "time" : {
          "start" : 1715913701445,
          "stop" : 1715913701867,
          "duration" : 422
        }
      }, {
        "uid" : "3d34daffe42e3fa0",
        "reportUrl" : "https://Nat754.github.io/PulseWave/212//#testresult/3d34daffe42e3fa0",
        "status" : "passed",
        "time" : {
          "start" : 1715842362258,
          "stop" : 1715842362692,
          "duration" : 434
        }
      }, {
        "uid" : "3b460f98e3e55138",
        "reportUrl" : "https://Nat754.github.io/PulseWave/26//#testresult/3b460f98e3e55138",
        "status" : "passed",
        "time" : {
          "start" : 1715827132317,
          "stop" : 1715827132751,
          "duration" : 434
        }
      }, {
        "uid" : "b3401411e69b52c9",
        "reportUrl" : "https://Nat754.github.io/PulseWave/25//#testresult/b3401411e69b52c9",
        "status" : "passed",
        "time" : {
          "start" : 1715741215996,
          "stop" : 1715741216421,
          "duration" : 425
        }
      }, {
        "uid" : "204cab619a64d4d1",
        "reportUrl" : "https://Nat754.github.io/PulseWave/24//#testresult/204cab619a64d4d1",
        "status" : "passed",
        "time" : {
          "start" : 1715654532443,
          "stop" : 1715654532859,
          "duration" : 416
        }
      }, {
        "uid" : "2e20f963518c2448",
        "reportUrl" : "https://Nat754.github.io/PulseWave/23//#testresult/2e20f963518c2448",
        "status" : "passed",
        "time" : {
          "start" : 1715568042115,
          "stop" : 1715568042546,
          "duration" : 431
        }
      }, {
        "uid" : "5235710471bb241e",
        "reportUrl" : "https://Nat754.github.io/PulseWave/22//#testresult/5235710471bb241e",
        "status" : "passed",
        "time" : {
          "start" : 1715481788076,
          "stop" : 1715481788497,
          "duration" : 421
        }
      }, {
        "uid" : "5e39f50331f7caf0",
        "reportUrl" : "https://Nat754.github.io/PulseWave/21//#testresult/5e39f50331f7caf0",
        "status" : "passed",
        "time" : {
          "start" : 1715394884244,
          "stop" : 1715394884666,
          "duration" : 422
        }
      }, {
        "uid" : "365f8a4f68845f8",
        "reportUrl" : "https://Nat754.github.io/PulseWave/20//#testresult/365f8a4f68845f8",
        "status" : "broken",
        "statusDetails" : "selenium.common.exceptions.StaleElementReferenceException: Message: stale element reference: stale element not found in the current frame\n  (Session info: chrome-headless-shell=124.0.6367.60); For documentation on this error, please visit: https://www.selenium.dev/documentation/webdriver/troubleshooting/errors#stale-element-reference-exception\nStacktrace:\n#0 0x55e2c3954e33 <unknown>\n#1 0x55e2c3644567 <unknown>\n#2 0x55e2c3649b05 <unknown>\n#3 0x55e2c364b87f <unknown>\n#4 0x55e2c364b90c <unknown>\n#5 0x55e2c3689d80 <unknown>\n#6 0x55e2c36b1362 <unknown>\n#7 0x55e2c3683ac8 <unknown>\n#8 0x55e2c36b152e <unknown>\n#9 0x55e2c36cfae2 <unknown>\n#10 0x55e2c36b1103 <unknown>\n#11 0x55e2c36821ba <unknown>\n#12 0x55e2c3682b8e <unknown>\n#13 0x55e2c391959b <unknown>\n#14 0x55e2c391d34b <unknown>\n#15 0x55e2c3905681 <unknown>\n#16 0x55e2c391deb2 <unknown>\n#17 0x55e2c38ea6af <unknown>\n#18 0x55e2c3944428 <unknown>\n#19 0x55e2c3944600 <unknown>\n#20 0x55e2c3953f84 <unknown>\n#21 0x7f0b98294ac3 <unknown>",
        "time" : {
          "start" : 1715309132633,
          "stop" : 1715309132941,
          "duration" : 308
        }
      }, {
        "uid" : "5c9fbb569ed82750",
        "reportUrl" : "https://Nat754.github.io/PulseWave/19//#testresult/5c9fbb569ed82750",
        "status" : "passed",
        "time" : {
          "start" : 1715222412391,
          "stop" : 1715222412817,
          "duration" : 426
        }
      }, {
        "uid" : "bc64653747714b4a",
        "reportUrl" : "https://Nat754.github.io/PulseWave/18//#testresult/bc64653747714b4a",
        "status" : "passed",
        "time" : {
          "start" : 1715135002825,
          "stop" : 1715135003244,
          "duration" : 419
        }
      }, {
        "uid" : "270be46625884788",
        "reportUrl" : "https://Nat754.github.io/PulseWave/17//#testresult/270be46625884788",
        "status" : "passed",
        "time" : {
          "start" : 1715049678960,
          "stop" : 1715049679385,
          "duration" : 425
        }
      }, {
        "uid" : "d4042c72679cb1c8",
        "reportUrl" : "https://Nat754.github.io/PulseWave/16//#testresult/d4042c72679cb1c8",
        "status" : "passed",
        "time" : {
          "start" : 1714963073054,
          "stop" : 1714963073476,
          "duration" : 422
        }
      }, {
        "uid" : "961411d02ccb196a",
        "reportUrl" : "https://Nat754.github.io/PulseWave/15//#testresult/961411d02ccb196a",
        "status" : "broken",
        "statusDetails" : "selenium.common.exceptions.StaleElementReferenceException: Message: stale element reference: stale element not found in the current frame\n  (Session info: chrome-headless-shell=124.0.6367.60); For documentation on this error, please visit: https://www.selenium.dev/documentation/webdriver/troubleshooting/errors#stale-element-reference-exception\nStacktrace:\n#0 0x55ae5cf11e33 <unknown>\n#1 0x55ae5cc01567 <unknown>\n#2 0x55ae5cc06b05 <unknown>\n#3 0x55ae5cc0887f <unknown>\n#4 0x55ae5cc0890c <unknown>\n#5 0x55ae5cc4e43c <unknown>\n#6 0x55ae5cc4d396 <unknown>\n#7 0x55ae5cc41139 <unknown>\n#8 0x55ae5cc6e362 <unknown>\n#9 0x55ae5cc40ac8 <unknown>\n#10 0x55ae5cc6e52e <unknown>\n#11 0x55ae5cc8cae2 <unknown>\n#12 0x55ae5cc6e103 <unknown>\n#13 0x55ae5cc3f1ba <unknown>\n#14 0x55ae5cc3fb8e <unknown>\n#15 0x55ae5ced659b <unknown>\n#16 0x55ae5ceda34b <unknown>\n#17 0x55ae5cec2681 <unknown>\n#18 0x55ae5cedaeb2 <unknown>\n#19 0x55ae5cea76af <unknown>\n#20 0x55ae5cf01428 <unknown>\n#21 0x55ae5cf01600 <unknown>\n#22 0x55ae5cf10f84 <unknown>\n#23 0x7fbbeec94ac3 <unknown>",
        "time" : {
          "start" : 1714876808633,
          "stop" : 1714876808945,
          "duration" : 312
        }
      }, {
        "uid" : "1111392c5154e1b4",
        "reportUrl" : "https://Nat754.github.io/PulseWave/14//#testresult/1111392c5154e1b4",
        "status" : "passed",
        "time" : {
          "start" : 1714828187935,
          "stop" : 1714828188360,
          "duration" : 425
        }
      }, {
        "uid" : "deda88c2f9906cfb",
        "reportUrl" : "https://Nat754.github.io/PulseWave/14//#testresult/deda88c2f9906cfb",
        "status" : "passed",
        "time" : {
          "start" : 1714789809812,
          "stop" : 1714789810236,
          "duration" : 424
        }
      } ]
    },
    "tags" : [ "regress" ]
  },
  "source" : "869c7672ad6ebca5.json",
  "parameterValues" : [ "'chrome'" ]
}