{
  "uid" : "e98d2ba5b4d52b7b",
  "name" : "1.23 Регистрация с корректными email и паролем без согласия на подписку",
  "fullName" : "tests.test_signup_page.test_signup_page.TestSignupPage#test_signup_with_correct_email_and_password",
  "historyId" : "a88141a3f07444f200b9b46dcc4041fe",
  "time" : {
    "start" : 1750284825580,
    "stop" : 1750284846408,
    "duration" : 20828
  },
  "status" : "broken",
  "statusMessage" : "selenium.common.exceptions.TimeoutException: Message: \nStacktrace:\n#0 0x56479dabb29a <unknown>\n#1 0x56479d527040 <unknown>\n#2 0x56479d578990 <unknown>\n#3 0x56479d578b81 <unknown>\n#4 0x56479d5c7664 <unknown>\n#5 0x56479d59e6bd <unknown>\n#6 0x56479d5c4ace <unknown>\n#7 0x56479d59e463 <unknown>\n#8 0x56479d56ac55 <unknown>\n#9 0x56479d56b8c1 <unknown>\n#10 0x56479da801bb <unknown>\n#11 0x56479da840c9 <unknown>\n#12 0x56479da68a39 <unknown>\n#13 0x56479da84c78 <unknown>\n#14 0x56479da4d6bf <unknown>\n#15 0x56479daa8948 <unknown>\n#16 0x56479daa8b26 <unknown>\n#17 0x56479daba176 <unknown>\n#18 0x7f2f2609caa4 <unknown>\n#19 0x7f2f26129c3c <unknown>",
  "statusTrace" : "self = <tests.test_signup_page.test_signup_page.TestSignupPage object at 0x7f504a5c9a90>\nsignup_page_open = <pages.signup_page.SignUpPage object at 0x7f504a5fe1b0>\ndriver = <selenium.webdriver.chrome.webdriver.WebDriver (session=\"74303267a30247f2b7de37a8a8c7e6b7\")>\n\n    @allure.title(\"1.23 Регистрация с корректными email и паролем без согласия на подписку\")\n    @pytest.mark.smoke\n    def test_signup_with_correct_email_and_password(self, signup_page_open, driver):\n        with allure.step('Заполнить поле email корректными данными'):\n            signup_page_open.put_data_to_email_field(email1)\n        with allure.step('Заполнить поле пароль сильным паролем'):\n            signup_page_open.put_data_to_password_field(password0)\n        with allure.step('Заполнить поле подтверждение пароля сильным паролем'):\n            signup_page_open.put_data_to_confirm_password_field(password0)\n        signup_page_open.click_button_submit()\n>       element = signup_page_open.get_send_invite_message()\n\ntests/test_signup_page/test_signup_page.py:142: \n_ _ _ _ _ _ _ _ _ _ _ _ _ _ _ _ _ _ _ _ _ _ _ _ _ _ _ _ _ _ _ _ _ _ _ _ _ _ _ _ \npages/signup_page.py:84: in get_send_invite_message\n    return self.element_is_visible(self.locator.SEND_INVITE_EMAIL)\npages/base_page.py:19: in element_is_visible\n    self.go_to_element(self.element_is_present(locator))\npages/base_page.py:35: in element_is_present\n    return Wait(self.driver, self.timeout).until(es.presence_of_element_located(locator))\n_ _ _ _ _ _ _ _ _ _ _ _ _ _ _ _ _ _ _ _ _ _ _ _ _ _ _ _ _ _ _ _ _ _ _ _ _ _ _ _ \n\nself = <selenium.webdriver.support.wait.WebDriverWait (session=\"74303267a30247f2b7de37a8a8c7e6b7\")>\nmethod = <function presence_of_element_located.<locals>._predicate at 0x7f5048a85800>\nmessage = ''\n\n    def until(self, method: Callable[[D], Union[Literal[False], T]], message: str = \"\") -> T:\n        \"\"\"Calls the method provided with the driver as an argument until the \\\n        return value does not evaluate to ``False``.\n    \n        :param method: callable(WebDriver)\n        :param message: optional message for :exc:`TimeoutException`\n        :returns: the result of the last call to `method`\n        :raises: :exc:`selenium.common.exceptions.TimeoutException` if timeout occurs\n        \"\"\"\n        screen = None\n        stacktrace = None\n    \n        end_time = time.monotonic() + self._timeout\n        while True:\n            try:\n                value = method(self._driver)\n                if value:\n                    return value\n            except self._ignored_exceptions as exc:\n                screen = getattr(exc, \"screen\", None)\n                stacktrace = getattr(exc, \"stacktrace\", None)\n            time.sleep(self._poll)\n            if time.monotonic() > end_time:\n                break\n>       raise TimeoutException(message, screen, stacktrace)\nE       selenium.common.exceptions.TimeoutException: Message: \nE       Stacktrace:\nE       #0 0x56479dabb29a <unknown>\nE       #1 0x56479d527040 <unknown>\nE       #2 0x56479d578990 <unknown>\nE       #3 0x56479d578b81 <unknown>\nE       #4 0x56479d5c7664 <unknown>\nE       #5 0x56479d59e6bd <unknown>\nE       #6 0x56479d5c4ace <unknown>\nE       #7 0x56479d59e463 <unknown>\nE       #8 0x56479d56ac55 <unknown>\nE       #9 0x56479d56b8c1 <unknown>\nE       #10 0x56479da801bb <unknown>\nE       #11 0x56479da840c9 <unknown>\nE       #12 0x56479da68a39 <unknown>\nE       #13 0x56479da84c78 <unknown>\nE       #14 0x56479da4d6bf <unknown>\nE       #15 0x56479daa8948 <unknown>\nE       #16 0x56479daa8b26 <unknown>\nE       #17 0x56479daba176 <unknown>\nE       #18 0x7f2f2609caa4 <unknown>\nE       #19 0x7f2f26129c3c <unknown>\n\n/opt/hostedtoolcache/Python/3.12.10/x64/lib/python3.12/site-packages/selenium/webdriver/support/wait.py:105: TimeoutException",
  "flaky" : false,
  "newFailed" : false,
  "beforeStages" : [ {
    "name" : "_session_faker",
    "time" : {
      "start" : 1750270335857,
      "stop" : 1750270335872,
      "duration" : 15
    },
    "status" : "passed",
    "steps" : [ ],
    "attachments" : [ ],
    "parameters" : [ ],
    "stepsCount" : 0,
    "attachmentsCount" : 0,
    "shouldDisplayMessage" : false,
    "hasContent" : false
  }, {
    "name" : "signup_page_open",
    "time" : {
      "start" : 1750284822902,
      "stop" : 1750284825580,
      "duration" : 2678
    },
    "status" : "passed",
    "steps" : [ {
      "name" : "Проверка видимости кнопки 'Принимаю все' в сообщении о принятии файлов cookie",
      "time" : {
        "start" : 1750284825500,
        "stop" : 1750284825533,
        "duration" : 33
      },
      "status" : "passed",
      "steps" : [ ],
      "attachments" : [ ],
      "parameters" : [ ],
      "stepsCount" : 0,
      "attachmentsCount" : 0,
      "shouldDisplayMessage" : false,
      "hasContent" : false
    } ],
    "attachments" : [ ],
    "parameters" : [ ],
    "stepsCount" : 1,
    "attachmentsCount" : 0,
    "shouldDisplayMessage" : false,
    "hasContent" : true
  }, {
    "name" : "clear_allure_results_folder",
    "time" : {
      "start" : 1750270335872,
      "stop" : 1750270335872,
      "duration" : 0
    },
    "status" : "passed",
    "steps" : [ ],
    "attachments" : [ ],
    "parameters" : [ ],
    "stepsCount" : 0,
    "attachmentsCount" : 0,
    "shouldDisplayMessage" : false,
    "hasContent" : false
  }, {
    "name" : "driver",
    "time" : {
      "start" : 1750284822547,
      "stop" : 1750284822902,
      "duration" : 355
    },
    "status" : "passed",
    "steps" : [ ],
    "attachments" : [ ],
    "parameters" : [ ],
    "stepsCount" : 0,
    "attachmentsCount" : 0,
    "shouldDisplayMessage" : false,
    "hasContent" : false
  } ],
  "testStage" : {
    "status" : "broken",
    "statusMessage" : "selenium.common.exceptions.TimeoutException: Message: \nStacktrace:\n#0 0x56479dabb29a <unknown>\n#1 0x56479d527040 <unknown>\n#2 0x56479d578990 <unknown>\n#3 0x56479d578b81 <unknown>\n#4 0x56479d5c7664 <unknown>\n#5 0x56479d59e6bd <unknown>\n#6 0x56479d5c4ace <unknown>\n#7 0x56479d59e463 <unknown>\n#8 0x56479d56ac55 <unknown>\n#9 0x56479d56b8c1 <unknown>\n#10 0x56479da801bb <unknown>\n#11 0x56479da840c9 <unknown>\n#12 0x56479da68a39 <unknown>\n#13 0x56479da84c78 <unknown>\n#14 0x56479da4d6bf <unknown>\n#15 0x56479daa8948 <unknown>\n#16 0x56479daa8b26 <unknown>\n#17 0x56479daba176 <unknown>\n#18 0x7f2f2609caa4 <unknown>\n#19 0x7f2f26129c3c <unknown>",
    "statusTrace" : "self = <tests.test_signup_page.test_signup_page.TestSignupPage object at 0x7f504a5c9a90>\nsignup_page_open = <pages.signup_page.SignUpPage object at 0x7f504a5fe1b0>\ndriver = <selenium.webdriver.chrome.webdriver.WebDriver (session=\"74303267a30247f2b7de37a8a8c7e6b7\")>\n\n    @allure.title(\"1.23 Регистрация с корректными email и паролем без согласия на подписку\")\n    @pytest.mark.smoke\n    def test_signup_with_correct_email_and_password(self, signup_page_open, driver):\n        with allure.step('Заполнить поле email корректными данными'):\n            signup_page_open.put_data_to_email_field(email1)\n        with allure.step('Заполнить поле пароль сильным паролем'):\n            signup_page_open.put_data_to_password_field(password0)\n        with allure.step('Заполнить поле подтверждение пароля сильным паролем'):\n            signup_page_open.put_data_to_confirm_password_field(password0)\n        signup_page_open.click_button_submit()\n>       element = signup_page_open.get_send_invite_message()\n\ntests/test_signup_page/test_signup_page.py:142: \n_ _ _ _ _ _ _ _ _ _ _ _ _ _ _ _ _ _ _ _ _ _ _ _ _ _ _ _ _ _ _ _ _ _ _ _ _ _ _ _ \npages/signup_page.py:84: in get_send_invite_message\n    return self.element_is_visible(self.locator.SEND_INVITE_EMAIL)\npages/base_page.py:19: in element_is_visible\n    self.go_to_element(self.element_is_present(locator))\npages/base_page.py:35: in element_is_present\n    return Wait(self.driver, self.timeout).until(es.presence_of_element_located(locator))\n_ _ _ _ _ _ _ _ _ _ _ _ _ _ _ _ _ _ _ _ _ _ _ _ _ _ _ _ _ _ _ _ _ _ _ _ _ _ _ _ \n\nself = <selenium.webdriver.support.wait.WebDriverWait (session=\"74303267a30247f2b7de37a8a8c7e6b7\")>\nmethod = <function presence_of_element_located.<locals>._predicate at 0x7f5048a85800>\nmessage = ''\n\n    def until(self, method: Callable[[D], Union[Literal[False], T]], message: str = \"\") -> T:\n        \"\"\"Calls the method provided with the driver as an argument until the \\\n        return value does not evaluate to ``False``.\n    \n        :param method: callable(WebDriver)\n        :param message: optional message for :exc:`TimeoutException`\n        :returns: the result of the last call to `method`\n        :raises: :exc:`selenium.common.exceptions.TimeoutException` if timeout occurs\n        \"\"\"\n        screen = None\n        stacktrace = None\n    \n        end_time = time.monotonic() + self._timeout\n        while True:\n            try:\n                value = method(self._driver)\n                if value:\n                    return value\n            except self._ignored_exceptions as exc:\n                screen = getattr(exc, \"screen\", None)\n                stacktrace = getattr(exc, \"stacktrace\", None)\n            time.sleep(self._poll)\n            if time.monotonic() > end_time:\n                break\n>       raise TimeoutException(message, screen, stacktrace)\nE       selenium.common.exceptions.TimeoutException: Message: \nE       Stacktrace:\nE       #0 0x56479dabb29a <unknown>\nE       #1 0x56479d527040 <unknown>\nE       #2 0x56479d578990 <unknown>\nE       #3 0x56479d578b81 <unknown>\nE       #4 0x56479d5c7664 <unknown>\nE       #5 0x56479d59e6bd <unknown>\nE       #6 0x56479d5c4ace <unknown>\nE       #7 0x56479d59e463 <unknown>\nE       #8 0x56479d56ac55 <unknown>\nE       #9 0x56479d56b8c1 <unknown>\nE       #10 0x56479da801bb <unknown>\nE       #11 0x56479da840c9 <unknown>\nE       #12 0x56479da68a39 <unknown>\nE       #13 0x56479da84c78 <unknown>\nE       #14 0x56479da4d6bf <unknown>\nE       #15 0x56479daa8948 <unknown>\nE       #16 0x56479daa8b26 <unknown>\nE       #17 0x56479daba176 <unknown>\nE       #18 0x7f2f2609caa4 <unknown>\nE       #19 0x7f2f26129c3c <unknown>\n\n/opt/hostedtoolcache/Python/3.12.10/x64/lib/python3.12/site-packages/selenium/webdriver/support/wait.py:105: TimeoutException",
    "steps" : [ {
      "name" : "Заполнить поле email корректными данными",
      "time" : {
        "start" : 1750284825580,
        "stop" : 1750284825665,
        "duration" : 85
      },
      "status" : "passed",
      "steps" : [ ],
      "attachments" : [ ],
      "parameters" : [ ],
      "stepsCount" : 0,
      "attachmentsCount" : 0,
      "shouldDisplayMessage" : false,
      "hasContent" : false
    }, {
      "name" : "Заполнить поле пароль сильным паролем",
      "time" : {
        "start" : 1750284825665,
        "stop" : 1750284825760,
        "duration" : 95
      },
      "status" : "passed",
      "steps" : [ ],
      "attachments" : [ ],
      "parameters" : [ ],
      "stepsCount" : 0,
      "attachmentsCount" : 0,
      "shouldDisplayMessage" : false,
      "hasContent" : false
    }, {
      "name" : "Заполнить поле подтверждение пароля сильным паролем",
      "time" : {
        "start" : 1750284825760,
        "stop" : 1750284825823,
        "duration" : 63
      },
      "status" : "passed",
      "steps" : [ ],
      "attachments" : [ ],
      "parameters" : [ ],
      "stepsCount" : 0,
      "attachmentsCount" : 0,
      "shouldDisplayMessage" : false,
      "hasContent" : false
    }, {
      "name" : "Подтвердить изменения'",
      "time" : {
        "start" : 1750284825823,
        "stop" : 1750284825899,
        "duration" : 76
      },
      "status" : "passed",
      "steps" : [ ],
      "attachments" : [ ],
      "parameters" : [ ],
      "stepsCount" : 0,
      "attachmentsCount" : 0,
      "shouldDisplayMessage" : false,
      "hasContent" : false
    }, {
      "name" : "Получено сообщения о подтверждении регистрации",
      "time" : {
        "start" : 1750284825899,
        "stop" : 1750284846407,
        "duration" : 20508
      },
      "status" : "broken",
      "statusMessage" : "selenium.common.exceptions.TimeoutException: Message: \nStacktrace:\n#0 0x56479dabb29a <unknown>\n#1 0x56479d527040 <unknown>\n#2 0x56479d578990 <unknown>\n#3 0x56479d578b81 <unknown>\n#4 0x56479d5c7664 <unknown>\n#5 0x56479d59e6bd <unknown>\n#6 0x56479d5c4ace <unknown>\n#7 0x56479d59e463 <unknown>\n#8 0x56479d56ac55 <unknown>\n#9 0x56479d56b8c1 <unknown>\n#10 0x56479da801bb <unknown>\n#11 0x56479da840c9 <unknown>\n#12 0x56479da68a39 <unknown>\n#13 0x56479da84c78 <unknown>\n#14 0x56479da4d6bf <unknown>\n#15 0x56479daa8948 <unknown>\n#16 0x56479daa8b26 <unknown>\n#17 0x56479daba176 <unknown>\n#18 0x7f2f2609caa4 <unknown>\n#19 0x7f2f26129c3c <unknown>\n\n",
      "statusTrace" : "  File \"/opt/hostedtoolcache/Python/3.12.10/x64/lib/python3.12/site-packages/allure_commons/_allure.py\", line 192, in impl\n    return func(*a, **kw)\n           ^^^^^^^^^^^^^^\n  File \"/home/runner/work/PulseWave/PulseWave/pages/signup_page.py\", line 84, in get_send_invite_message\n    return self.element_is_visible(self.locator.SEND_INVITE_EMAIL)\n           ^^^^^^^^^^^^^^^^^^^^^^^^^^^^^^^^^^^^^^^^^^^^^^^^^^^^^^^\n  File \"/home/runner/work/PulseWave/PulseWave/pages/base_page.py\", line 19, in element_is_visible\n    self.go_to_element(self.element_is_present(locator))\n                       ^^^^^^^^^^^^^^^^^^^^^^^^^^^^^^^^\n  File \"/home/runner/work/PulseWave/PulseWave/pages/base_page.py\", line 35, in element_is_present\n    return Wait(self.driver, self.timeout).until(es.presence_of_element_located(locator))\n           ^^^^^^^^^^^^^^^^^^^^^^^^^^^^^^^^^^^^^^^^^^^^^^^^^^^^^^^^^^^^^^^^^^^^^^^^^^^^^^\n  File \"/opt/hostedtoolcache/Python/3.12.10/x64/lib/python3.12/site-packages/selenium/webdriver/support/wait.py\", line 105, in until\n    raise TimeoutException(message, screen, stacktrace)\n",
      "steps" : [ ],
      "attachments" : [ ],
      "parameters" : [ ],
      "stepsCount" : 0,
      "attachmentsCount" : 0,
      "shouldDisplayMessage" : true,
      "hasContent" : true
    } ],
    "attachments" : [ {
      "uid" : "b5f7a1e04545fde2",
      "name" : "Screenshot",
      "source" : "b5f7a1e04545fde2.png",
      "type" : "image/png",
      "size" : 82635
    }, {
      "uid" : "664860b0d76de871",
      "name" : "HTML source",
      "source" : "664860b0d76de871.html",
      "type" : "text/html",
      "size" : 102962
    } ],
    "parameters" : [ ],
    "stepsCount" : 5,
    "attachmentsCount" : 2,
    "shouldDisplayMessage" : true,
    "hasContent" : true
  },
  "afterStages" : [ {
    "name" : "driver::0",
    "time" : {
      "start" : 1750284846525,
      "stop" : 1750284846587,
      "duration" : 62
    },
    "status" : "passed",
    "steps" : [ ],
    "attachments" : [ ],
    "parameters" : [ ],
    "stepsCount" : 0,
    "attachmentsCount" : 0,
    "shouldDisplayMessage" : false,
    "hasContent" : false
  } ],
  "labels" : [ {
    "name" : "epic",
    "value" : "Тестирование страницы 'Регистрация'"
  }, {
    "name" : "tag",
    "value" : "smoke"
  }, {
    "name" : "parentSuite",
    "value" : "tests.test_signup_page"
  }, {
    "name" : "suite",
    "value" : "test_signup_page"
  }, {
    "name" : "subSuite",
    "value" : "TestSignupPage"
  }, {
    "name" : "host",
    "value" : "pkrvmxyh4eaekms"
  }, {
    "name" : "thread",
    "value" : "2532-MainThread"
  }, {
    "name" : "framework",
    "value" : "pytest"
  }, {
    "name" : "language",
    "value" : "cpython3"
  }, {
    "name" : "package",
    "value" : "tests.test_signup_page.test_signup_page"
  }, {
    "name" : "resultFormat",
    "value" : "allure2"
  } ],
  "parameters" : [ {
    "name" : "browser",
    "value" : "'chrome'"
  } ],
  "links" : [ ],
  "hidden" : false,
  "retry" : false,
  "extra" : {
    "severity" : "normal",
    "retries" : [ ],
    "categories" : [ {
      "name" : "Test defects",
      "matchedStatuses" : [ ],
      "flaky" : false
    } ],
    "history" : {
      "statistic" : {
        "failed" : 0,
        "broken" : 43,
        "skipped" : 30,
        "passed" : 401,
        "unknown" : 0,
        "total" : 474
      },
      "items" : [ {
        "uid" : "14ab8c84364e1657",
        "reportUrl" : "https://Nat754.github.io/PulseWave/423//#testresult/14ab8c84364e1657",
        "status" : "passed",
        "time" : {
          "start" : 1750184447538,
          "stop" : 1750184455550,
          "duration" : 8012
        }
      }, {
        "uid" : "ffb76fa6f8ed1d75",
        "reportUrl" : "https://Nat754.github.io/PulseWave/422//#testresult/ffb76fa6f8ed1d75",
        "status" : "passed",
        "time" : {
          "start" : 1750098262345,
          "stop" : 1750098273507,
          "duration" : 11162
        }
      }, {
        "uid" : "a6b5356b65f6c08",
        "reportUrl" : "https://Nat754.github.io/PulseWave/421//#testresult/a6b5356b65f6c08",
        "status" : "passed",
        "time" : {
          "start" : 1750011784338,
          "stop" : 1750011798753,
          "duration" : 14415
        }
      }, {
        "uid" : "aa77aaa960c05da1",
        "reportUrl" : "https://Nat754.github.io/PulseWave/420//#testresult/aa77aaa960c05da1",
        "status" : "passed",
        "time" : {
          "start" : 1749925319259,
          "stop" : 1749925328529,
          "duration" : 9270
        }
      }, {
        "uid" : "753a01ba232b42f",
        "reportUrl" : "https://Nat754.github.io/PulseWave/419//#testresult/753a01ba232b42f",
        "status" : "passed",
        "time" : {
          "start" : 1749839091221,
          "stop" : 1749839112538,
          "duration" : 21317
        }
      }, {
        "uid" : "f05d1c2d5f3093bc",
        "reportUrl" : "https://Nat754.github.io/PulseWave/418//#testresult/f05d1c2d5f3093bc",
        "status" : "passed",
        "time" : {
          "start" : 1749752494577,
          "stop" : 1749752507280,
          "duration" : 12703
        }
      }, {
        "uid" : "1d64f1e810202af9",
        "reportUrl" : "https://Nat754.github.io/PulseWave/417//#testresult/1d64f1e810202af9",
        "status" : "passed",
        "time" : {
          "start" : 1749666176467,
          "stop" : 1749666186306,
          "duration" : 9839
        }
      }, {
        "uid" : "500c76d243347905",
        "reportUrl" : "https://Nat754.github.io/PulseWave/416//#testresult/500c76d243347905",
        "status" : "passed",
        "time" : {
          "start" : 1749579690700,
          "stop" : 1749579718330,
          "duration" : 27630
        }
      }, {
        "uid" : "c226da8becebbef5",
        "reportUrl" : "https://Nat754.github.io/PulseWave/415//#testresult/c226da8becebbef5",
        "status" : "passed",
        "time" : {
          "start" : 1749493427768,
          "stop" : 1749493452810,
          "duration" : 25042
        }
      }, {
        "uid" : "40dd1b50c831a245",
        "reportUrl" : "https://Nat754.github.io/PulseWave/414//#testresult/40dd1b50c831a245",
        "status" : "passed",
        "time" : {
          "start" : 1749410359305,
          "stop" : 1749410367301,
          "duration" : 7996
        }
      }, {
        "uid" : "830217371149d124",
        "reportUrl" : "https://Nat754.github.io/PulseWave/413//#testresult/830217371149d124",
        "status" : "passed",
        "time" : {
          "start" : 1749320344232,
          "stop" : 1749320362747,
          "duration" : 18515
        }
      }, {
        "uid" : "88f9fc1b8f21ac8c",
        "reportUrl" : "https://Nat754.github.io/PulseWave/412//#testresult/88f9fc1b8f21ac8c",
        "status" : "passed",
        "time" : {
          "start" : 1749234105380,
          "stop" : 1749234113299,
          "duration" : 7919
        }
      }, {
        "uid" : "7ac24e78929302a2",
        "reportUrl" : "https://Nat754.github.io/PulseWave/410//#testresult/7ac24e78929302a2",
        "status" : "passed",
        "time" : {
          "start" : 1749061285553,
          "stop" : 1749061294515,
          "duration" : 8962
        }
      }, {
        "uid" : "c7d89a48f7c90418",
        "reportUrl" : "https://Nat754.github.io/PulseWave/409//#testresult/c7d89a48f7c90418",
        "status" : "passed",
        "time" : {
          "start" : 1748975031054,
          "stop" : 1748975042351,
          "duration" : 11297
        }
      }, {
        "uid" : "ecea7a8c9f043f04",
        "reportUrl" : "https://Nat754.github.io/PulseWave/408//#testresult/ecea7a8c9f043f04",
        "status" : "passed",
        "time" : {
          "start" : 1748888571991,
          "stop" : 1748888581427,
          "duration" : 9436
        }
      }, {
        "uid" : "dd56c2bd07e2864",
        "reportUrl" : "https://Nat754.github.io/PulseWave/233//#testresult/dd56c2bd07e2864",
        "status" : "passed",
        "time" : {
          "start" : 1748802813980,
          "stop" : 1748802825473,
          "duration" : 11493
        }
      }, {
        "uid" : "e1e25b852b5dcb58",
        "reportUrl" : "https://Nat754.github.io/PulseWave/407//#testresult/e1e25b852b5dcb58",
        "status" : "passed",
        "time" : {
          "start" : 1748802016890,
          "stop" : 1748802025412,
          "duration" : 8522
        }
      }, {
        "uid" : "748d4434f949444f",
        "reportUrl" : "https://Nat754.github.io/PulseWave/232//#testresult/748d4434f949444f",
        "status" : "passed",
        "time" : {
          "start" : 1748800606842,
          "stop" : 1748800623253,
          "duration" : 16411
        }
      }, {
        "uid" : "df6f678d09d177f8",
        "reportUrl" : "https://Nat754.github.io/PulseWave/406//#testresult/df6f678d09d177f8",
        "status" : "passed",
        "time" : {
          "start" : 1748797129682,
          "stop" : 1748797137878,
          "duration" : 8196
        }
      }, {
        "uid" : "e9d5dad810417829",
        "reportUrl" : "https://Nat754.github.io/PulseWave/406//#testresult/e9d5dad810417829",
        "status" : "passed",
        "time" : {
          "start" : 1748715546140,
          "stop" : 1748715553856,
          "duration" : 7716
        }
      } ]
    },
    "tags" : [ "smoke" ]
  },
  "source" : "e98d2ba5b4d52b7b.json",
  "parameterValues" : [ "'chrome'" ]
}