{
  "uid" : "ea42e8af5813fc0e",
  "name" : "1.11 Регистрация с уже зарегистрированным email и корректными паролем и подтверждением пароля",
  "fullName" : "tests.test_signup_page.test_signup_page.TestSignupPage#test_signup_with_old_email_and_correct_passwords",
  "historyId" : "6c260bf3e317b79db8865100ef09bfec",
  "time" : {
    "start" : 1732417616159,
    "stop" : 1732417636512,
    "duration" : 20353
  },
  "status" : "skipped",
  "statusMessage" : "XFAIL Баг на бэке - изменилось описание ошибки\n\nselenium.common.exceptions.TimeoutException: Message: \nStacktrace:\n#0 0x5582d54ef4ca <unknown>\n#1 0x5582d5002620 <unknown>\n#2 0x5582d5051306 <unknown>\n#3 0x5582d50515a1 <unknown>\n#4 0x5582d5096a04 <unknown>\n#5 0x5582d507539d <unknown>\n#6 0x5582d5093de0 <unknown>\n#7 0x5582d5075113 <unknown>\n#8 0x5582d5043be0 <unknown>\n#9 0x5582d5044bbe <unknown>\n#10 0x5582d54bbe4b <unknown>\n#11 0x5582d54bfde2 <unknown>\n#12 0x5582d54a8d2c <unknown>\n#13 0x5582d54c0957 <unknown>\n#14 0x5582d548e4bf <unknown>\n#15 0x5582d54de348 <unknown>\n#16 0x5582d54de510 <unknown>\n#17 0x5582d54ee346 <unknown>\n#18 0x7fe080294ac3 <unknown>",
  "statusTrace" : "self = <tests.test_signup_page.test_signup_page.TestSignupPage object at 0x7fd7e4342b40>\nsignup_page_open = <pages.signup_page.SignUpPage object at 0x7fd7e43748f0>\n\n    @pytest.mark.xfail(reason='Баг на бэке - изменилось описание ошибки')\n    @allure.title(\"1.11 Регистрация с уже зарегистрированным email и корректными паролем и подтверждением пароля\")\n    @pytest.mark.smoke\n    def test_signup_with_old_email_and_correct_passwords(self, signup_page_open):\n        with allure.step('Заполнить поле email ранее зарегистрированным емайлом'):\n            signup_page_open.put_data_to_email_field(email_auth)\n        with allure.step('Заполнить поле пароль сильным паролем'):\n            signup_page_open.put_data_to_password_field(password0)\n        with allure.step('Заполнить поле подтверждение пароля сильным паролем'):\n            signup_page_open.put_data_to_confirm_password_field(password0)\n        signup_page_open.click_button_submit()\n>       element = signup_page_open.get_error_message()\n\ntests/test_signup_page/test_signup_page.py:72: \n_ _ _ _ _ _ _ _ _ _ _ _ _ _ _ _ _ _ _ _ _ _ _ _ _ _ _ _ _ _ _ _ _ _ _ _ _ _ _ _ \npages/signup_page.py:87: in get_error_message\n    return self.element_is_visible(self.locator.WEAK_PASSWORD)\npages/base_page.py:19: in element_is_visible\n    self.go_to_element(self.element_is_present(locator))\npages/base_page.py:35: in element_is_present\n    return Wait(self.driver, self.timeout).until(es.presence_of_element_located(locator))\n_ _ _ _ _ _ _ _ _ _ _ _ _ _ _ _ _ _ _ _ _ _ _ _ _ _ _ _ _ _ _ _ _ _ _ _ _ _ _ _ \n\nself = <selenium.webdriver.support.wait.WebDriverWait (session=\"5d924a203624d9a4d66f42f42fec5ba2\")>\nmethod = <function presence_of_element_located.<locals>._predicate at 0x7fd7e2922660>\nmessage = ''\n\n    def until(self, method: Callable[[D], Union[Literal[False], T]], message: str = \"\") -> T:\n        \"\"\"Calls the method provided with the driver as an argument until the \\\n        return value does not evaluate to ``False``.\n    \n        :param method: callable(WebDriver)\n        :param message: optional message for :exc:`TimeoutException`\n        :returns: the result of the last call to `method`\n        :raises: :exc:`selenium.common.exceptions.TimeoutException` if timeout occurs\n        \"\"\"\n        screen = None\n        stacktrace = None\n    \n        end_time = time.monotonic() + self._timeout\n        while True:\n            try:\n                value = method(self._driver)\n                if value:\n                    return value\n            except self._ignored_exceptions as exc:\n                screen = getattr(exc, \"screen\", None)\n                stacktrace = getattr(exc, \"stacktrace\", None)\n            time.sleep(self._poll)\n            if time.monotonic() > end_time:\n                break\n>       raise TimeoutException(message, screen, stacktrace)\nE       selenium.common.exceptions.TimeoutException: Message: \nE       Stacktrace:\nE       #0 0x5582d54ef4ca <unknown>\nE       #1 0x5582d5002620 <unknown>\nE       #2 0x5582d5051306 <unknown>\nE       #3 0x5582d50515a1 <unknown>\nE       #4 0x5582d5096a04 <unknown>\nE       #5 0x5582d507539d <unknown>\nE       #6 0x5582d5093de0 <unknown>\nE       #7 0x5582d5075113 <unknown>\nE       #8 0x5582d5043be0 <unknown>\nE       #9 0x5582d5044bbe <unknown>\nE       #10 0x5582d54bbe4b <unknown>\nE       #11 0x5582d54bfde2 <unknown>\nE       #12 0x5582d54a8d2c <unknown>\nE       #13 0x5582d54c0957 <unknown>\nE       #14 0x5582d548e4bf <unknown>\nE       #15 0x5582d54de348 <unknown>\nE       #16 0x5582d54de510 <unknown>\nE       #17 0x5582d54ee346 <unknown>\nE       #18 0x7fe080294ac3 <unknown>\n\n/opt/hostedtoolcache/Python/3.12.7/x64/lib/python3.12/site-packages/selenium/webdriver/support/wait.py:105: TimeoutException",
  "flaky" : false,
  "newFailed" : false,
  "beforeStages" : [ {
    "name" : "signup_page_open",
    "time" : {
      "start" : 1732417613496,
      "stop" : 1732417616159,
      "duration" : 2663
    },
    "status" : "passed",
    "steps" : [ {
      "name" : "Проверка видимости кнопки 'Принимаю все' в сообщении о принятии файлов cookie",
      "time" : {
        "start" : 1732417616057,
        "stop" : 1732417616104,
        "duration" : 47
      },
      "status" : "passed",
      "steps" : [ ],
      "attachments" : [ ],
      "parameters" : [ ],
      "stepsCount" : 0,
      "attachmentsCount" : 0,
      "shouldDisplayMessage" : false,
      "hasContent" : false
    } ],
    "attachments" : [ ],
    "parameters" : [ ],
    "stepsCount" : 1,
    "attachmentsCount" : 0,
    "shouldDisplayMessage" : false,
    "hasContent" : true
  }, {
    "name" : "clear_allure_results_folder",
    "time" : {
      "start" : 1732417037917,
      "stop" : 1732417037917,
      "duration" : 0
    },
    "status" : "passed",
    "steps" : [ ],
    "attachments" : [ ],
    "parameters" : [ ],
    "stepsCount" : 0,
    "attachmentsCount" : 0,
    "shouldDisplayMessage" : false,
    "hasContent" : false
  }, {
    "name" : "driver",
    "time" : {
      "start" : 1732417613208,
      "stop" : 1732417613496,
      "duration" : 288
    },
    "status" : "passed",
    "steps" : [ ],
    "attachments" : [ ],
    "parameters" : [ ],
    "stepsCount" : 0,
    "attachmentsCount" : 0,
    "shouldDisplayMessage" : false,
    "hasContent" : false
  }, {
    "name" : "_session_faker",
    "time" : {
      "start" : 1732417037899,
      "stop" : 1732417037917,
      "duration" : 18
    },
    "status" : "passed",
    "steps" : [ ],
    "attachments" : [ ],
    "parameters" : [ ],
    "stepsCount" : 0,
    "attachmentsCount" : 0,
    "shouldDisplayMessage" : false,
    "hasContent" : false
  } ],
  "testStage" : {
    "status" : "skipped",
    "statusMessage" : "XFAIL Баг на бэке - изменилось описание ошибки\n\nselenium.common.exceptions.TimeoutException: Message: \nStacktrace:\n#0 0x5582d54ef4ca <unknown>\n#1 0x5582d5002620 <unknown>\n#2 0x5582d5051306 <unknown>\n#3 0x5582d50515a1 <unknown>\n#4 0x5582d5096a04 <unknown>\n#5 0x5582d507539d <unknown>\n#6 0x5582d5093de0 <unknown>\n#7 0x5582d5075113 <unknown>\n#8 0x5582d5043be0 <unknown>\n#9 0x5582d5044bbe <unknown>\n#10 0x5582d54bbe4b <unknown>\n#11 0x5582d54bfde2 <unknown>\n#12 0x5582d54a8d2c <unknown>\n#13 0x5582d54c0957 <unknown>\n#14 0x5582d548e4bf <unknown>\n#15 0x5582d54de348 <unknown>\n#16 0x5582d54de510 <unknown>\n#17 0x5582d54ee346 <unknown>\n#18 0x7fe080294ac3 <unknown>",
    "statusTrace" : "self = <tests.test_signup_page.test_signup_page.TestSignupPage object at 0x7fd7e4342b40>\nsignup_page_open = <pages.signup_page.SignUpPage object at 0x7fd7e43748f0>\n\n    @pytest.mark.xfail(reason='Баг на бэке - изменилось описание ошибки')\n    @allure.title(\"1.11 Регистрация с уже зарегистрированным email и корректными паролем и подтверждением пароля\")\n    @pytest.mark.smoke\n    def test_signup_with_old_email_and_correct_passwords(self, signup_page_open):\n        with allure.step('Заполнить поле email ранее зарегистрированным емайлом'):\n            signup_page_open.put_data_to_email_field(email_auth)\n        with allure.step('Заполнить поле пароль сильным паролем'):\n            signup_page_open.put_data_to_password_field(password0)\n        with allure.step('Заполнить поле подтверждение пароля сильным паролем'):\n            signup_page_open.put_data_to_confirm_password_field(password0)\n        signup_page_open.click_button_submit()\n>       element = signup_page_open.get_error_message()\n\ntests/test_signup_page/test_signup_page.py:72: \n_ _ _ _ _ _ _ _ _ _ _ _ _ _ _ _ _ _ _ _ _ _ _ _ _ _ _ _ _ _ _ _ _ _ _ _ _ _ _ _ \npages/signup_page.py:87: in get_error_message\n    return self.element_is_visible(self.locator.WEAK_PASSWORD)\npages/base_page.py:19: in element_is_visible\n    self.go_to_element(self.element_is_present(locator))\npages/base_page.py:35: in element_is_present\n    return Wait(self.driver, self.timeout).until(es.presence_of_element_located(locator))\n_ _ _ _ _ _ _ _ _ _ _ _ _ _ _ _ _ _ _ _ _ _ _ _ _ _ _ _ _ _ _ _ _ _ _ _ _ _ _ _ \n\nself = <selenium.webdriver.support.wait.WebDriverWait (session=\"5d924a203624d9a4d66f42f42fec5ba2\")>\nmethod = <function presence_of_element_located.<locals>._predicate at 0x7fd7e2922660>\nmessage = ''\n\n    def until(self, method: Callable[[D], Union[Literal[False], T]], message: str = \"\") -> T:\n        \"\"\"Calls the method provided with the driver as an argument until the \\\n        return value does not evaluate to ``False``.\n    \n        :param method: callable(WebDriver)\n        :param message: optional message for :exc:`TimeoutException`\n        :returns: the result of the last call to `method`\n        :raises: :exc:`selenium.common.exceptions.TimeoutException` if timeout occurs\n        \"\"\"\n        screen = None\n        stacktrace = None\n    \n        end_time = time.monotonic() + self._timeout\n        while True:\n            try:\n                value = method(self._driver)\n                if value:\n                    return value\n            except self._ignored_exceptions as exc:\n                screen = getattr(exc, \"screen\", None)\n                stacktrace = getattr(exc, \"stacktrace\", None)\n            time.sleep(self._poll)\n            if time.monotonic() > end_time:\n                break\n>       raise TimeoutException(message, screen, stacktrace)\nE       selenium.common.exceptions.TimeoutException: Message: \nE       Stacktrace:\nE       #0 0x5582d54ef4ca <unknown>\nE       #1 0x5582d5002620 <unknown>\nE       #2 0x5582d5051306 <unknown>\nE       #3 0x5582d50515a1 <unknown>\nE       #4 0x5582d5096a04 <unknown>\nE       #5 0x5582d507539d <unknown>\nE       #6 0x5582d5093de0 <unknown>\nE       #7 0x5582d5075113 <unknown>\nE       #8 0x5582d5043be0 <unknown>\nE       #9 0x5582d5044bbe <unknown>\nE       #10 0x5582d54bbe4b <unknown>\nE       #11 0x5582d54bfde2 <unknown>\nE       #12 0x5582d54a8d2c <unknown>\nE       #13 0x5582d54c0957 <unknown>\nE       #14 0x5582d548e4bf <unknown>\nE       #15 0x5582d54de348 <unknown>\nE       #16 0x5582d54de510 <unknown>\nE       #17 0x5582d54ee346 <unknown>\nE       #18 0x7fe080294ac3 <unknown>\n\n/opt/hostedtoolcache/Python/3.12.7/x64/lib/python3.12/site-packages/selenium/webdriver/support/wait.py:105: TimeoutException",
    "steps" : [ {
      "name" : "Заполнить поле email ранее зарегистрированным емайлом",
      "time" : {
        "start" : 1732417616160,
        "stop" : 1732417616253,
        "duration" : 93
      },
      "status" : "passed",
      "steps" : [ ],
      "attachments" : [ ],
      "parameters" : [ ],
      "stepsCount" : 0,
      "attachmentsCount" : 0,
      "shouldDisplayMessage" : false,
      "hasContent" : false
    }, {
      "name" : "Заполнить поле пароль сильным паролем",
      "time" : {
        "start" : 1732417616253,
        "stop" : 1732417616316,
        "duration" : 63
      },
      "status" : "passed",
      "steps" : [ ],
      "attachments" : [ ],
      "parameters" : [ ],
      "stepsCount" : 0,
      "attachmentsCount" : 0,
      "shouldDisplayMessage" : false,
      "hasContent" : false
    }, {
      "name" : "Заполнить поле подтверждение пароля сильным паролем",
      "time" : {
        "start" : 1732417616316,
        "stop" : 1732417616380,
        "duration" : 64
      },
      "status" : "passed",
      "steps" : [ ],
      "attachments" : [ ],
      "parameters" : [ ],
      "stepsCount" : 0,
      "attachmentsCount" : 0,
      "shouldDisplayMessage" : false,
      "hasContent" : false
    }, {
      "name" : "Подтвердить изменения'",
      "time" : {
        "start" : 1732417616380,
        "stop" : 1732417616451,
        "duration" : 71
      },
      "status" : "passed",
      "steps" : [ ],
      "attachments" : [ ],
      "parameters" : [ ],
      "stepsCount" : 0,
      "attachmentsCount" : 0,
      "shouldDisplayMessage" : false,
      "hasContent" : false
    }, {
      "name" : "Проверка сообщения",
      "time" : {
        "start" : 1732417616451,
        "stop" : 1732417636511,
        "duration" : 20060
      },
      "status" : "broken",
      "statusMessage" : "selenium.common.exceptions.TimeoutException: Message: \nStacktrace:\n#0 0x5582d54ef4ca <unknown>\n#1 0x5582d5002620 <unknown>\n#2 0x5582d5051306 <unknown>\n#3 0x5582d50515a1 <unknown>\n#4 0x5582d5096a04 <unknown>\n#5 0x5582d507539d <unknown>\n#6 0x5582d5093de0 <unknown>\n#7 0x5582d5075113 <unknown>\n#8 0x5582d5043be0 <unknown>\n#9 0x5582d5044bbe <unknown>\n#10 0x5582d54bbe4b <unknown>\n#11 0x5582d54bfde2 <unknown>\n#12 0x5582d54a8d2c <unknown>\n#13 0x5582d54c0957 <unknown>\n#14 0x5582d548e4bf <unknown>\n#15 0x5582d54de348 <unknown>\n#16 0x5582d54de510 <unknown>\n#17 0x5582d54ee346 <unknown>\n#18 0x7fe080294ac3 <unknown>\n\n",
      "statusTrace" : "  File \"/opt/hostedtoolcache/Python/3.12.7/x64/lib/python3.12/site-packages/allure_commons/_allure.py\", line 192, in impl\n    return func(*a, **kw)\n           ^^^^^^^^^^^^^^\n  File \"/home/runner/work/PulseWave/PulseWave/pages/signup_page.py\", line 87, in get_error_message\n    return self.element_is_visible(self.locator.WEAK_PASSWORD)\n           ^^^^^^^^^^^^^^^^^^^^^^^^^^^^^^^^^^^^^^^^^^^^^^^^^^^\n  File \"/home/runner/work/PulseWave/PulseWave/pages/base_page.py\", line 19, in element_is_visible\n    self.go_to_element(self.element_is_present(locator))\n                       ^^^^^^^^^^^^^^^^^^^^^^^^^^^^^^^^\n  File \"/home/runner/work/PulseWave/PulseWave/pages/base_page.py\", line 35, in element_is_present\n    return Wait(self.driver, self.timeout).until(es.presence_of_element_located(locator))\n           ^^^^^^^^^^^^^^^^^^^^^^^^^^^^^^^^^^^^^^^^^^^^^^^^^^^^^^^^^^^^^^^^^^^^^^^^^^^^^^\n  File \"/opt/hostedtoolcache/Python/3.12.7/x64/lib/python3.12/site-packages/selenium/webdriver/support/wait.py\", line 105, in until\n    raise TimeoutException(message, screen, stacktrace)\n",
      "steps" : [ ],
      "attachments" : [ ],
      "parameters" : [ ],
      "stepsCount" : 0,
      "attachmentsCount" : 0,
      "shouldDisplayMessage" : true,
      "hasContent" : true
    } ],
    "attachments" : [ {
      "uid" : "975299031b3054b7",
      "name" : "Screenshot",
      "source" : "975299031b3054b7.png",
      "type" : "image/png",
      "size" : 82354
    }, {
      "uid" : "600c14d47b890cfc",
      "name" : "HTML source",
      "source" : "600c14d47b890cfc.html",
      "type" : "text/html",
      "size" : 98655
    } ],
    "parameters" : [ ],
    "stepsCount" : 5,
    "attachmentsCount" : 2,
    "shouldDisplayMessage" : true,
    "hasContent" : true
  },
  "afterStages" : [ {
    "name" : "driver::0",
    "time" : {
      "start" : 1732417636637,
      "stop" : 1732417636708,
      "duration" : 71
    },
    "status" : "passed",
    "steps" : [ ],
    "attachments" : [ ],
    "parameters" : [ ],
    "stepsCount" : 0,
    "attachmentsCount" : 0,
    "shouldDisplayMessage" : false,
    "hasContent" : false
  } ],
  "labels" : [ {
    "name" : "epic",
    "value" : "Тестирование страницы 'Регистрация'"
  }, {
    "name" : "tag",
    "value" : "smoke"
  }, {
    "name" : "tag",
    "value" : "@pytest.mark.xfail(reason='Баг на бэке - изменилось описание ошибки')"
  }, {
    "name" : "parentSuite",
    "value" : "tests.test_signup_page"
  }, {
    "name" : "suite",
    "value" : "test_signup_page"
  }, {
    "name" : "subSuite",
    "value" : "TestSignupPage"
  }, {
    "name" : "host",
    "value" : "fv-az700-443"
  }, {
    "name" : "thread",
    "value" : "2334-MainThread"
  }, {
    "name" : "framework",
    "value" : "pytest"
  }, {
    "name" : "language",
    "value" : "cpython3"
  }, {
    "name" : "package",
    "value" : "tests.test_signup_page.test_signup_page"
  }, {
    "name" : "resultFormat",
    "value" : "allure2"
  } ],
  "parameters" : [ {
    "name" : "browser",
    "value" : "'chrome'"
  } ],
  "links" : [ ],
  "hidden" : false,
  "retry" : false,
  "extra" : {
    "severity" : "normal",
    "retries" : [ ],
    "categories" : [ ],
    "history" : {
      "statistic" : {
        "failed" : 0,
        "broken" : 11,
        "skipped" : 3,
        "passed" : 233,
        "unknown" : 0,
        "total" : 247
      },
      "items" : [ {
        "uid" : "4d106d667addf67c",
        "reportUrl" : "https://Nat754.github.io/PulseWave/226//#testresult/4d106d667addf67c",
        "status" : "skipped",
        "statusDetails" : "XFAIL Баг на бэке - изменилось описание ошибки\n\nselenium.common.exceptions.TimeoutException: Message: \nStacktrace:\n#0 0x5576faf9f4ca <unknown>\n#1 0x5576faab2620 <unknown>\n#2 0x5576fab01306 <unknown>\n#3 0x5576fab015a1 <unknown>\n#4 0x5576fab46a04 <unknown>\n#5 0x5576fab2539d <unknown>\n#6 0x5576fab43de0 <unknown>\n#7 0x5576fab25113 <unknown>\n#8 0x5576faaf3be0 <unknown>\n#9 0x5576faaf4bbe <unknown>\n#10 0x5576faf6be4b <unknown>\n#11 0x5576faf6fde2 <unknown>\n#12 0x5576faf58d2c <unknown>\n#13 0x5576faf70957 <unknown>\n#14 0x5576faf3e4bf <unknown>\n#15 0x5576faf8e348 <unknown>\n#16 0x5576faf8e510 <unknown>\n#17 0x5576faf9e346 <unknown>\n#18 0x7f4fa0c94ac3 <unknown>",
        "time" : {
          "start" : 1732400288508,
          "stop" : 1732400308860,
          "duration" : 20352
        }
      }, {
        "uid" : "273fc3a924f839c2",
        "reportUrl" : "https://Nat754.github.io/PulseWave/226//#testresult/273fc3a924f839c2",
        "status" : "skipped",
        "statusDetails" : "XFAIL Баг на бэке - изменилось описание ошибки\n\nselenium.common.exceptions.TimeoutException: Message: \nStacktrace:\n#0 0x5576dc3aa4ca <unknown>\n#1 0x5576dbebd620 <unknown>\n#2 0x5576dbf0c306 <unknown>\n#3 0x5576dbf0c5a1 <unknown>\n#4 0x5576dbf51a04 <unknown>\n#5 0x5576dbf3039d <unknown>\n#6 0x5576dbf4ede0 <unknown>\n#7 0x5576dbf30113 <unknown>\n#8 0x5576dbefebe0 <unknown>\n#9 0x5576dbeffbbe <unknown>\n#10 0x5576dc376e4b <unknown>\n#11 0x5576dc37ade2 <unknown>\n#12 0x5576dc363d2c <unknown>\n#13 0x5576dc37b957 <unknown>\n#14 0x5576dc3494bf <unknown>\n#15 0x5576dc399348 <unknown>\n#16 0x5576dc399510 <unknown>\n#17 0x5576dc3a9346 <unknown>\n#18 0x7f1716a94ac3 <unknown>",
        "time" : {
          "start" : 1732399187225,
          "stop" : 1732399207579,
          "duration" : 20354
        }
      }, {
        "uid" : "16d1f1f1de20f2d9",
        "reportUrl" : "https://Nat754.github.io/PulseWave/217//#testresult/16d1f1f1de20f2d9",
        "status" : "passed",
        "time" : {
          "start" : 1732330919039,
          "stop" : 1732330920913,
          "duration" : 1874
        }
      }, {
        "uid" : "564b58fea59f5bc",
        "reportUrl" : "https://Nat754.github.io/PulseWave/216//#testresult/564b58fea59f5bc",
        "status" : "passed",
        "time" : {
          "start" : 1732244861547,
          "stop" : 1732244863427,
          "duration" : 1880
        }
      }, {
        "uid" : "e5593397c6ffe789",
        "reportUrl" : "https://Nat754.github.io/PulseWave/215//#testresult/e5593397c6ffe789",
        "status" : "passed",
        "time" : {
          "start" : 1732158175068,
          "stop" : 1732158176951,
          "duration" : 1883
        }
      }, {
        "uid" : "b8e35351fcd49c75",
        "reportUrl" : "https://Nat754.github.io/PulseWave/214//#testresult/b8e35351fcd49c75",
        "status" : "passed",
        "time" : {
          "start" : 1732071801026,
          "stop" : 1732071802912,
          "duration" : 1886
        }
      }, {
        "uid" : "9dbec0031830db89",
        "reportUrl" : "https://Nat754.github.io/PulseWave/213//#testresult/9dbec0031830db89",
        "status" : "passed",
        "time" : {
          "start" : 1731985526021,
          "stop" : 1731985527888,
          "duration" : 1867
        }
      }, {
        "uid" : "c3e590a2ff151bd1",
        "reportUrl" : "https://Nat754.github.io/PulseWave/212//#testresult/c3e590a2ff151bd1",
        "status" : "passed",
        "time" : {
          "start" : 1731899319170,
          "stop" : 1731899321044,
          "duration" : 1874
        }
      }, {
        "uid" : "8d285c5949a87a58",
        "reportUrl" : "https://Nat754.github.io/PulseWave/211//#testresult/8d285c5949a87a58",
        "status" : "passed",
        "time" : {
          "start" : 1731812867779,
          "stop" : 1731812869673,
          "duration" : 1894
        }
      }, {
        "uid" : "4b9359b324ac8b3c",
        "reportUrl" : "https://Nat754.github.io/PulseWave/210//#testresult/4b9359b324ac8b3c",
        "status" : "passed",
        "time" : {
          "start" : 1731726055214,
          "stop" : 1731726057081,
          "duration" : 1867
        }
      }, {
        "uid" : "87f04e185e3929a8",
        "reportUrl" : "https://Nat754.github.io/PulseWave/225//#testresult/87f04e185e3929a8",
        "status" : "passed",
        "time" : {
          "start" : 1731669267754,
          "stop" : 1731669269603,
          "duration" : 1849
        }
      }, {
        "uid" : "406773b2c40b9f63",
        "reportUrl" : "https://Nat754.github.io/PulseWave/209//#testresult/406773b2c40b9f63",
        "status" : "passed",
        "time" : {
          "start" : 1731656078411,
          "stop" : 1731656080293,
          "duration" : 1882
        }
      }, {
        "uid" : "1b98a08f7c732863",
        "reportUrl" : "https://Nat754.github.io/PulseWave/209//#testresult/1b98a08f7c732863",
        "status" : "broken",
        "statusDetails" : "selenium.common.exceptions.TimeoutException: Message: \nStacktrace:\n#0 0x556634e234ca <unknown>\n#1 0x556634936620 <unknown>\n#2 0x556634985306 <unknown>\n#3 0x5566349855a1 <unknown>\n#4 0x5566349caa04 <unknown>\n#5 0x5566349a939d <unknown>\n#6 0x5566349c7de0 <unknown>\n#7 0x5566349a9113 <unknown>\n#8 0x556634977be0 <unknown>\n#9 0x556634978bbe <unknown>\n#10 0x556634defe4b <unknown>\n#11 0x556634df3de2 <unknown>\n#12 0x556634ddcd2c <unknown>\n#13 0x556634df4957 <unknown>\n#14 0x556634dc24bf <unknown>\n#15 0x556634e12348 <unknown>\n#16 0x556634e12510 <unknown>\n#17 0x556634e22346 <unknown>\n#18 0x7f5f27094ac3 <unknown>",
        "time" : {
          "start" : 1731640090468,
          "stop" : 1731640110838,
          "duration" : 20370
        }
      }, {
        "uid" : "4da8656cd48e6ef1",
        "reportUrl" : "https://Nat754.github.io/PulseWave/208//#testresult/4da8656cd48e6ef1",
        "status" : "broken",
        "statusDetails" : "selenium.common.exceptions.TimeoutException: Message: \nStacktrace:\n#0 0x55a2b567513a <unknown>\n#1 0x55a2b5190460 <unknown>\n#2 0x55a2b51dcf96 <unknown>\n#3 0x55a2b51dd221 <unknown>\n#4 0x55a2b52225d4 <unknown>\n#5 0x55a2b520103d <unknown>\n#6 0x55a2b521faf6 <unknown>\n#7 0x55a2b5200db3 <unknown>\n#8 0x55a2b51cfc10 <unknown>\n#9 0x55a2b51d0bee <unknown>\n#10 0x55a2b56413cb <unknown>\n#11 0x55a2b5645368 <unknown>\n#12 0x55a2b562eeec <unknown>\n#13 0x55a2b5645ee7 <unknown>\n#14 0x55a2b561413f <unknown>\n#15 0x55a2b5663858 <unknown>\n#16 0x55a2b5663a20 <unknown>\n#17 0x55a2b5673fb6 <unknown>\n#18 0x7f13ed494ac3 <unknown>",
        "time" : {
          "start" : 1731552999194,
          "stop" : 1731553019961,
          "duration" : 20767
        }
      }, {
        "uid" : "cfdbd581c0d5b299",
        "reportUrl" : "https://Nat754.github.io/PulseWave/207//#testresult/cfdbd581c0d5b299",
        "status" : "broken",
        "statusDetails" : "selenium.common.exceptions.TimeoutException: Message: \nStacktrace:\n#0 0x561001f0513a <unknown>\n#1 0x561001a20460 <unknown>\n#2 0x561001a6cf96 <unknown>\n#3 0x561001a6d221 <unknown>\n#4 0x561001ab25d4 <unknown>\n#5 0x561001a9103d <unknown>\n#6 0x561001aafaf6 <unknown>\n#7 0x561001a90db3 <unknown>\n#8 0x561001a5fc10 <unknown>\n#9 0x561001a60bee <unknown>\n#10 0x561001ed13cb <unknown>\n#11 0x561001ed5368 <unknown>\n#12 0x561001ebeeec <unknown>\n#13 0x561001ed5ee7 <unknown>\n#14 0x561001ea413f <unknown>\n#15 0x561001ef3858 <unknown>\n#16 0x561001ef3a20 <unknown>\n#17 0x561001f03fb6 <unknown>\n#18 0x7fdad4e94ac3 <unknown>",
        "time" : {
          "start" : 1731466721674,
          "stop" : 1731466741947,
          "duration" : 20273
        }
      }, {
        "uid" : "b83abd4fea279f0e",
        "reportUrl" : "https://Nat754.github.io/PulseWave/206//#testresult/b83abd4fea279f0e",
        "status" : "broken",
        "statusDetails" : "selenium.common.exceptions.TimeoutException: Message: \nStacktrace:\n#0 0x55853337c13a <unknown>\n#1 0x558532e97460 <unknown>\n#2 0x558532ee3f96 <unknown>\n#3 0x558532ee4221 <unknown>\n#4 0x558532f295d4 <unknown>\n#5 0x558532f0803d <unknown>\n#6 0x558532f26af6 <unknown>\n#7 0x558532f07db3 <unknown>\n#8 0x558532ed6c10 <unknown>\n#9 0x558532ed7bee <unknown>\n#10 0x5585333483cb <unknown>\n#11 0x55853334c368 <unknown>\n#12 0x558533335eec <unknown>\n#13 0x55853334cee7 <unknown>\n#14 0x55853331b13f <unknown>\n#15 0x55853336a858 <unknown>\n#16 0x55853336aa20 <unknown>\n#17 0x55853337afb6 <unknown>\n#18 0x7f23b8494ac3 <unknown>",
        "time" : {
          "start" : 1731379960665,
          "stop" : 1731379980978,
          "duration" : 20313
        }
      }, {
        "uid" : "8fc7876337340cf2",
        "reportUrl" : "https://Nat754.github.io/PulseWave/205//#testresult/8fc7876337340cf2",
        "status" : "broken",
        "statusDetails" : "selenium.common.exceptions.TimeoutException: Message: \nStacktrace:\n#0 0x55cff55cf13a <unknown>\n#1 0x55cff50ea460 <unknown>\n#2 0x55cff5136f96 <unknown>\n#3 0x55cff5137221 <unknown>\n#4 0x55cff517c5d4 <unknown>\n#5 0x55cff515b03d <unknown>\n#6 0x55cff5179af6 <unknown>\n#7 0x55cff515adb3 <unknown>\n#8 0x55cff5129c10 <unknown>\n#9 0x55cff512abee <unknown>\n#10 0x55cff559b3cb <unknown>\n#11 0x55cff559f368 <unknown>\n#12 0x55cff5588eec <unknown>\n#13 0x55cff559fee7 <unknown>\n#14 0x55cff556e13f <unknown>\n#15 0x55cff55bd858 <unknown>\n#16 0x55cff55bda20 <unknown>\n#17 0x55cff55cdfb6 <unknown>\n#18 0x7fed13894ac3 <unknown>",
        "time" : {
          "start" : 1731293782872,
          "stop" : 1731293803179,
          "duration" : 20307
        }
      }, {
        "uid" : "7be260e896de55d",
        "reportUrl" : "https://Nat754.github.io/PulseWave/204//#testresult/7be260e896de55d",
        "status" : "broken",
        "statusDetails" : "selenium.common.exceptions.TimeoutException: Message: \nStacktrace:\n#0 0x55a199ef913a <unknown>\n#1 0x55a199a14460 <unknown>\n#2 0x55a199a60f96 <unknown>\n#3 0x55a199a61221 <unknown>\n#4 0x55a199aa65d4 <unknown>\n#5 0x55a199a8503d <unknown>\n#6 0x55a199aa3af6 <unknown>\n#7 0x55a199a84db3 <unknown>\n#8 0x55a199a53c10 <unknown>\n#9 0x55a199a54bee <unknown>\n#10 0x55a199ec53cb <unknown>\n#11 0x55a199ec9368 <unknown>\n#12 0x55a199eb2eec <unknown>\n#13 0x55a199ec9ee7 <unknown>\n#14 0x55a199e9813f <unknown>\n#15 0x55a199ee7858 <unknown>\n#16 0x55a199ee7a20 <unknown>\n#17 0x55a199ef7fb6 <unknown>\n#18 0x7f0076a94ac3 <unknown>",
        "time" : {
          "start" : 1731207509374,
          "stop" : 1731207529665,
          "duration" : 20291
        }
      }, {
        "uid" : "52d4f4474f91c21b",
        "reportUrl" : "https://Nat754.github.io/PulseWave/203//#testresult/52d4f4474f91c21b",
        "status" : "broken",
        "statusDetails" : "selenium.common.exceptions.TimeoutException: Message: \nStacktrace:\n#0 0x5581439dc13a <unknown>\n#1 0x5581434f7460 <unknown>\n#2 0x558143543f96 <unknown>\n#3 0x558143544221 <unknown>\n#4 0x5581435895d4 <unknown>\n#5 0x55814356803d <unknown>\n#6 0x558143586af6 <unknown>\n#7 0x558143567db3 <unknown>\n#8 0x558143536c10 <unknown>\n#9 0x558143537bee <unknown>\n#10 0x5581439a83cb <unknown>\n#11 0x5581439ac368 <unknown>\n#12 0x558143995eec <unknown>\n#13 0x5581439acee7 <unknown>\n#14 0x55814397b13f <unknown>\n#15 0x5581439ca858 <unknown>\n#16 0x5581439caa20 <unknown>\n#17 0x5581439dafb6 <unknown>\n#18 0x7fb87be94ac3 <unknown>",
        "time" : {
          "start" : 1731120864520,
          "stop" : 1731120884834,
          "duration" : 20314
        }
      }, {
        "uid" : "2450cbfa3f17e4f",
        "reportUrl" : "https://Nat754.github.io/PulseWave/202//#testresult/2450cbfa3f17e4f",
        "status" : "broken",
        "statusDetails" : "selenium.common.exceptions.TimeoutException: Message: \nStacktrace:\n#0 0x55e42a13c13a <unknown>\n#1 0x55e429c57460 <unknown>\n#2 0x55e429ca3f96 <unknown>\n#3 0x55e429ca4221 <unknown>\n#4 0x55e429ce95d4 <unknown>\n#5 0x55e429cc803d <unknown>\n#6 0x55e429ce6af6 <unknown>\n#7 0x55e429cc7db3 <unknown>\n#8 0x55e429c96c10 <unknown>\n#9 0x55e429c97bee <unknown>\n#10 0x55e42a1083cb <unknown>\n#11 0x55e42a10c368 <unknown>\n#12 0x55e42a0f5eec <unknown>\n#13 0x55e42a10cee7 <unknown>\n#14 0x55e42a0db13f <unknown>\n#15 0x55e42a12a858 <unknown>\n#16 0x55e42a12aa20 <unknown>\n#17 0x55e42a13afb6 <unknown>\n#18 0x7fb49fc94ac3 <unknown>",
        "time" : {
          "start" : 1731034459884,
          "stop" : 1731034480190,
          "duration" : 20306
        }
      } ]
    },
    "tags" : [ "@pytest.mark.xfail(reason='Баг на бэке - изменилось описание ошибки')", "smoke" ]
  },
  "source" : "ea42e8af5813fc0e.json",
  "parameterValues" : [ "'chrome'" ]
}