{
  "uid" : "163ba7083d8af0e7",
  "name" : "Авторизация с некорректным паролем",
  "fullName" : "tests.test_login_page.test_login_page.TestLoginPage#test_login_wrong_password",
  "historyId" : "4c7e173506486012d7a4dfec4bb9f09a",
  "time" : {
    "start" : 1714443590704,
    "stop" : 1714443590704,
    "duration" : 0
  },
  "status" : "broken",
  "statusMessage" : "selenium.common.exceptions.WebDriverException: Message: unknown error: net::ERR_CONNECTION_REFUSED\n  (Session info: chrome-headless-shell=124.0.6367.60)\nStacktrace:\n#0 0x555bfbc40e33 <unknown>\n#1 0x555bfb930567 <unknown>\n#2 0x555bfb928879 <unknown>\n#3 0x555bfb918852 <unknown>\n#4 0x555bfb919e44 <unknown>\n#5 0x555bfb918bbe <unknown>\n#6 0x555bfb9182e0 <unknown>\n#7 0x555bfb918181 <unknown>\n#8 0x555bfb9160ec <unknown>\n#9 0x555bfb91660a <unknown>\n#10 0x555bfb932eef <unknown>\n#11 0x555bfb9bc695 <unknown>\n#12 0x555bfb99d362 <unknown>\n#13 0x555bfb9bbae2 <unknown>\n#14 0x555bfb99d103 <unknown>\n#15 0x555bfb96e1ba <unknown>\n#16 0x555bfb96eb8e <unknown>\n#17 0x555bfbc0559b <unknown>\n#18 0x555bfbc0934b <unknown>\n#19 0x555bfbbf1681 <unknown>\n#20 0x555bfbc09eb2 <unknown>\n#21 0x555bfbbd66af <unknown>\n#22 0x555bfbc30428 <unknown>\n#23 0x555bfbc30600 <unknown>\n#24 0x555bfbc3ff84 <unknown>\n#25 0x7f8ac6294ac3 <unknown>",
  "statusTrace" : "driver = <selenium.webdriver.chrome.webdriver.WebDriver (session=\"0cba715b8163038f9190cd2a32af3c9c\")>\n\n    @pytest.fixture(scope='function')\n    def login_page_open(driver):\n        login_page = LoginPage(driver)\n>       driver.get(Constant.LOGIN_PAGE)\n\ntests/test_login_page/conftest.py:9: \n_ _ _ _ _ _ _ _ _ _ _ _ _ _ _ _ _ _ _ _ _ _ _ _ _ _ _ _ _ _ _ _ _ _ _ _ _ _ _ _ \n/opt/hostedtoolcache/Python/3.12.3/x64/lib/python3.12/site-packages/selenium/webdriver/remote/webdriver.py:356: in get\n    self.execute(Command.GET, {\"url\": url})\n/opt/hostedtoolcache/Python/3.12.3/x64/lib/python3.12/site-packages/selenium/webdriver/remote/webdriver.py:347: in execute\n    self.error_handler.check_response(response)\n_ _ _ _ _ _ _ _ _ _ _ _ _ _ _ _ _ _ _ _ _ _ _ _ _ _ _ _ _ _ _ _ _ _ _ _ _ _ _ _ \n\nself = <selenium.webdriver.remote.errorhandler.ErrorHandler object at 0x7f17c7c12c30>\nresponse = {'status': 500, 'value': '{\"value\":{\"error\":\"unknown error\",\"message\":\"unknown error: net::ERR_CONNECTION_REFUSED\\\\n  ...\\\\n#23 0x555bfbc30600 \\\\u003Cunknown>\\\\n#24 0x555bfbc3ff84 \\\\u003Cunknown>\\\\n#25 0x7f8ac6294ac3 \\\\u003Cunknown>\\\\n\"}}'}\n\n    def check_response(self, response: Dict[str, Any]) -> None:\n        \"\"\"Checks that a JSON response from the WebDriver does not have an\n        error.\n    \n        :Args:\n         - response - The JSON response from the WebDriver server as a dictionary\n           object.\n    \n        :Raises: If the response contains an error message.\n        \"\"\"\n        status = response.get(\"status\", None)\n        if not status or status == ErrorCode.SUCCESS:\n            return\n        value = None\n        message = response.get(\"message\", \"\")\n        screen: str = response.get(\"screen\", \"\")\n        stacktrace = None\n        if isinstance(status, int):\n            value_json = response.get(\"value\", None)\n            if value_json and isinstance(value_json, str):\n                import json\n    \n                try:\n                    value = json.loads(value_json)\n                    if len(value) == 1:\n                        value = value[\"value\"]\n                    status = value.get(\"error\", None)\n                    if not status:\n                        status = value.get(\"status\", ErrorCode.UNKNOWN_ERROR)\n                        message = value.get(\"value\") or value.get(\"message\")\n                        if not isinstance(message, str):\n                            value = message\n                            message = message.get(\"message\")\n                    else:\n                        message = value.get(\"message\", None)\n                except ValueError:\n                    pass\n    \n        exception_class: Type[WebDriverException]\n        e = ErrorCode()\n        error_codes = [item for item in dir(e) if not item.startswith(\"__\")]\n        for error_code in error_codes:\n            error_info = getattr(ErrorCode, error_code)\n            if isinstance(error_info, list) and status in error_info:\n                exception_class = getattr(ExceptionMapping, error_code, WebDriverException)\n                break\n        else:\n            exception_class = WebDriverException\n    \n        if not value:\n            value = response[\"value\"]\n        if isinstance(value, str):\n            raise exception_class(value)\n        if message == \"\" and \"message\" in value:\n            message = value[\"message\"]\n    \n        screen = None  # type: ignore[assignment]\n        if \"screen\" in value:\n            screen = value[\"screen\"]\n    \n        stacktrace = None\n        st_value = value.get(\"stackTrace\") or value.get(\"stacktrace\")\n        if st_value:\n            if isinstance(st_value, str):\n                stacktrace = st_value.split(\"\\n\")\n            else:\n                stacktrace = []\n                try:\n                    for frame in st_value:\n                        line = frame.get(\"lineNumber\", \"\")\n                        file = frame.get(\"fileName\", \"<anonymous>\")\n                        if line:\n                            file = f\"{file}:{line}\"\n                        meth = frame.get(\"methodName\", \"<anonymous>\")\n                        if \"className\" in frame:\n                            meth = f\"{frame['className']}.{meth}\"\n                        msg = \"    at %s (%s)\"\n                        msg = msg % (meth, file)\n                        stacktrace.append(msg)\n                except TypeError:\n                    pass\n        if exception_class == UnexpectedAlertPresentException:\n            alert_text = None\n            if \"data\" in value:\n                alert_text = value[\"data\"].get(\"text\")\n            elif \"alert\" in value:\n                alert_text = value[\"alert\"].get(\"text\")\n            raise exception_class(message, screen, stacktrace, alert_text)  # type: ignore[call-arg]  # mypy is not smart enough here\n>       raise exception_class(message, screen, stacktrace)\nE       selenium.common.exceptions.WebDriverException: Message: unknown error: net::ERR_CONNECTION_REFUSED\nE         (Session info: chrome-headless-shell=124.0.6367.60)\nE       Stacktrace:\nE       #0 0x555bfbc40e33 <unknown>\nE       #1 0x555bfb930567 <unknown>\nE       #2 0x555bfb928879 <unknown>\nE       #3 0x555bfb918852 <unknown>\nE       #4 0x555bfb919e44 <unknown>\nE       #5 0x555bfb918bbe <unknown>\nE       #6 0x555bfb9182e0 <unknown>\nE       #7 0x555bfb918181 <unknown>\nE       #8 0x555bfb9160ec <unknown>\nE       #9 0x555bfb91660a <unknown>\nE       #10 0x555bfb932eef <unknown>\nE       #11 0x555bfb9bc695 <unknown>\nE       #12 0x555bfb99d362 <unknown>\nE       #13 0x555bfb9bbae2 <unknown>\nE       #14 0x555bfb99d103 <unknown>\nE       #15 0x555bfb96e1ba <unknown>\nE       #16 0x555bfb96eb8e <unknown>\nE       #17 0x555bfbc0559b <unknown>\nE       #18 0x555bfbc0934b <unknown>\nE       #19 0x555bfbbf1681 <unknown>\nE       #20 0x555bfbc09eb2 <unknown>\nE       #21 0x555bfbbd66af <unknown>\nE       #22 0x555bfbc30428 <unknown>\nE       #23 0x555bfbc30600 <unknown>\nE       #24 0x555bfbc3ff84 <unknown>\nE       #25 0x7f8ac6294ac3 <unknown>\n\n/opt/hostedtoolcache/Python/3.12.3/x64/lib/python3.12/site-packages/selenium/webdriver/remote/errorhandler.py:229: WebDriverException",
  "flaky" : false,
  "newFailed" : false,
  "beforeStages" : [ {
    "name" : "login_page_open",
    "time" : {
      "start" : 1714443590904,
      "stop" : 1714443591122,
      "duration" : 218
    },
    "status" : "broken",
    "statusMessage" : "selenium.common.exceptions.WebDriverException: Message: unknown error: net::ERR_CONNECTION_REFUSED\n  (Session info: chrome-headless-shell=124.0.6367.60)\nStacktrace:\n#0 0x555bfbc40e33 <unknown>\n#1 0x555bfb930567 <unknown>\n#2 0x555bfb928879 <unknown>\n#3 0x555bfb918852 <unknown>\n#4 0x555bfb919e44 <unknown>\n#5 0x555bfb918bbe <unknown>\n#6 0x555bfb9182e0 <unknown>\n#7 0x555bfb918181 <unknown>\n#8 0x555bfb9160ec <unknown>\n#9 0x555bfb91660a <unknown>\n#10 0x555bfb932eef <unknown>\n#11 0x555bfb9bc695 <unknown>\n#12 0x555bfb99d362 <unknown>\n#13 0x555bfb9bbae2 <unknown>\n#14 0x555bfb99d103 <unknown>\n#15 0x555bfb96e1ba <unknown>\n#16 0x555bfb96eb8e <unknown>\n#17 0x555bfbc0559b <unknown>\n#18 0x555bfbc0934b <unknown>\n#19 0x555bfbbf1681 <unknown>\n#20 0x555bfbc09eb2 <unknown>\n#21 0x555bfbbd66af <unknown>\n#22 0x555bfbc30428 <unknown>\n#23 0x555bfbc30600 <unknown>\n#24 0x555bfbc3ff84 <unknown>\n#25 0x7f8ac6294ac3 <unknown>\n\n",
    "statusTrace" : "  File \"/opt/hostedtoolcache/Python/3.12.3/x64/lib/python3.12/site-packages/pluggy/_callers.py\", line 167, in _multicall\n    teardown.throw(outcome._exception)\n  File \"/opt/hostedtoolcache/Python/3.12.3/x64/lib/python3.12/site-packages/_pytest/setuponly.py\", line 36, in pytest_fixture_setup\n    return (yield)\n            ^^^^^\n  File \"/opt/hostedtoolcache/Python/3.12.3/x64/lib/python3.12/site-packages/pluggy/_callers.py\", line 103, in _multicall\n    res = hook_impl.function(*args)\n          ^^^^^^^^^^^^^^^^^^^^^^^^^\n  File \"/opt/hostedtoolcache/Python/3.12.3/x64/lib/python3.12/site-packages/_pytest/fixtures.py\", line 1140, in pytest_fixture_setup\n    result = call_fixture_func(fixturefunc, request, kwargs)\n             ^^^^^^^^^^^^^^^^^^^^^^^^^^^^^^^^^^^^^^^^^^^^^^^\n  File \"/opt/hostedtoolcache/Python/3.12.3/x64/lib/python3.12/site-packages/_pytest/fixtures.py\", line 917, in call_fixture_func\n    fixture_result = fixturefunc(**kwargs)\n                     ^^^^^^^^^^^^^^^^^^^^^\n  File \"/home/runner/work/PulseWave/PulseWave/tests/test_login_page/conftest.py\", line 9, in login_page_open\n    driver.get(Constant.LOGIN_PAGE)\n  File \"/opt/hostedtoolcache/Python/3.12.3/x64/lib/python3.12/site-packages/selenium/webdriver/remote/webdriver.py\", line 356, in get\n    self.execute(Command.GET, {\"url\": url})\n  File \"/opt/hostedtoolcache/Python/3.12.3/x64/lib/python3.12/site-packages/selenium/webdriver/remote/webdriver.py\", line 347, in execute\n    self.error_handler.check_response(response)\n  File \"/opt/hostedtoolcache/Python/3.12.3/x64/lib/python3.12/site-packages/selenium/webdriver/remote/errorhandler.py\", line 229, in check_response\n    raise exception_class(message, screen, stacktrace)\n",
    "steps" : [ ],
    "attachments" : [ ],
    "parameters" : [ ],
    "stepsCount" : 0,
    "attachmentsCount" : 0,
    "shouldDisplayMessage" : true,
    "hasContent" : true
  }, {
    "name" : "clear_allure_results_folder",
    "time" : {
      "start" : 1714443483373,
      "stop" : 1714443483373,
      "duration" : 0
    },
    "status" : "passed",
    "steps" : [ ],
    "attachments" : [ ],
    "parameters" : [ ],
    "stepsCount" : 0,
    "attachmentsCount" : 0,
    "shouldDisplayMessage" : false,
    "hasContent" : false
  }, {
    "name" : "_session_faker",
    "time" : {
      "start" : 1714443483355,
      "stop" : 1714443483372,
      "duration" : 17
    },
    "status" : "passed",
    "steps" : [ ],
    "attachments" : [ ],
    "parameters" : [ ],
    "stepsCount" : 0,
    "attachmentsCount" : 0,
    "shouldDisplayMessage" : false,
    "hasContent" : false
  }, {
    "name" : "driver",
    "time" : {
      "start" : 1714443590705,
      "stop" : 1714443590904,
      "duration" : 199
    },
    "status" : "passed",
    "steps" : [ ],
    "attachments" : [ ],
    "parameters" : [ ],
    "stepsCount" : 0,
    "attachmentsCount" : 0,
    "shouldDisplayMessage" : false,
    "hasContent" : false
  } ],
  "afterStages" : [ {
    "name" : "driver::0",
    "time" : {
      "start" : 1714443591156,
      "stop" : 1714443591213,
      "duration" : 57
    },
    "status" : "passed",
    "steps" : [ ],
    "attachments" : [ ],
    "parameters" : [ ],
    "stepsCount" : 0,
    "attachmentsCount" : 0,
    "shouldDisplayMessage" : false,
    "hasContent" : false
  } ],
  "labels" : [ {
    "name" : "epic",
    "value" : "Тестирование страницы 'Войти'"
  }, {
    "name" : "tag",
    "value" : "smoke"
  }, {
    "name" : "parentSuite",
    "value" : "tests.test_login_page"
  }, {
    "name" : "suite",
    "value" : "test_login_page"
  }, {
    "name" : "subSuite",
    "value" : "TestLoginPage"
  }, {
    "name" : "host",
    "value" : "fv-az1385-609"
  }, {
    "name" : "thread",
    "value" : "2312-MainThread"
  }, {
    "name" : "framework",
    "value" : "pytest"
  }, {
    "name" : "language",
    "value" : "cpython3"
  }, {
    "name" : "package",
    "value" : "tests.test_login_page.test_login_page"
  }, {
    "name" : "resultFormat",
    "value" : "allure2"
  } ],
  "parameters" : [ {
    "name" : "browser",
    "value" : "'chrome'"
  } ],
  "links" : [ ],
  "hidden" : false,
  "retry" : false,
  "extra" : {
    "severity" : "normal",
    "retries" : [ ],
    "categories" : [ {
      "name" : "Test defects",
      "matchedStatuses" : [ ],
      "flaky" : false
    } ],
    "history" : {
      "statistic" : {
        "failed" : 0,
        "broken" : 3,
        "skipped" : 0,
        "passed" : 11,
        "unknown" : 0,
        "total" : 14
      },
      "items" : [ {
        "uid" : "711358c1cbf329c3",
        "reportUrl" : "https://Nat754.github.io/PulseWave/9//#testresult/711358c1cbf329c3",
        "status" : "broken",
        "statusDetails" : "selenium.common.exceptions.WebDriverException: Message: unknown error: net::ERR_CONNECTION_REFUSED\n  (Session info: chrome-headless-shell=124.0.6367.60)\nStacktrace:\n#0 0x55b0a7899e33 <unknown>\n#1 0x55b0a7589567 <unknown>\n#2 0x55b0a7581879 <unknown>\n#3 0x55b0a7571852 <unknown>\n#4 0x55b0a7572e44 <unknown>\n#5 0x55b0a7571bbe <unknown>\n#6 0x55b0a75712e0 <unknown>\n#7 0x55b0a7571181 <unknown>\n#8 0x55b0a756f0ec <unknown>\n#9 0x55b0a756f60a <unknown>\n#10 0x55b0a758beef <unknown>\n#11 0x55b0a7615695 <unknown>\n#12 0x55b0a75f6362 <unknown>\n#13 0x55b0a7614ae2 <unknown>\n#14 0x55b0a75f6103 <unknown>\n#15 0x55b0a75c71ba <unknown>\n#16 0x55b0a75c7b8e <unknown>\n#17 0x55b0a785e59b <unknown>\n#18 0x55b0a786234b <unknown>\n#19 0x55b0a784a681 <unknown>\n#20 0x55b0a7862eb2 <unknown>\n#21 0x55b0a782f6af <unknown>\n#22 0x55b0a7889428 <unknown>\n#23 0x55b0a7889600 <unknown>\n#24 0x55b0a7898f84 <unknown>\n#25 0x7f24fc294ac3 <unknown>",
        "time" : {
          "start" : 1714357245049,
          "stop" : 1714357245049,
          "duration" : 0
        }
      }, {
        "uid" : "e6ff9814cf0da340",
        "reportUrl" : "https://Nat754.github.io/PulseWave/8//#testresult/e6ff9814cf0da340",
        "status" : "broken",
        "statusDetails" : "selenium.common.exceptions.TimeoutException: Message: \nStacktrace:\n#0 0x56014435ae33 <unknown>\n#1 0x56014404a567 <unknown>\n#2 0x56014409527d <unknown>\n#3 0x560144095331 <unknown>\n#4 0x5601440d8624 <unknown>\n#5 0x5601440b738d <unknown>\n#6 0x5601440d5ae2 <unknown>\n#7 0x5601440b7103 <unknown>\n#8 0x5601440881ba <unknown>\n#9 0x560144088b8e <unknown>\n#10 0x56014431f59b <unknown>\n#11 0x56014432334b <unknown>\n#12 0x56014430b681 <unknown>\n#13 0x560144323eb2 <unknown>\n#14 0x5601442f06af <unknown>\n#15 0x56014434a428 <unknown>\n#16 0x56014434a600 <unknown>\n#17 0x560144359f84 <unknown>\n#18 0x7f6f3a494ac3 <unknown>",
        "time" : {
          "start" : 1714273052957,
          "stop" : 1714273052957,
          "duration" : 0
        }
      }, {
        "uid" : "25101ec9c77aff6f",
        "reportUrl" : "https://Nat754.github.io/PulseWave/7//#testresult/25101ec9c77aff6f",
        "status" : "passed",
        "time" : {
          "start" : 1714185052540,
          "stop" : 1714185055333,
          "duration" : 2793
        }
      }, {
        "uid" : "ad03417ccca3587e",
        "reportUrl" : "https://Nat754.github.io/PulseWave/6//#testresult/ad03417ccca3587e",
        "status" : "passed",
        "time" : {
          "start" : 1714148509641,
          "stop" : 1714148512451,
          "duration" : 2810
        }
      }, {
        "uid" : "16ce349b0a985c27",
        "reportUrl" : "https://Nat754.github.io/PulseWave/6//#testresult/16ce349b0a985c27",
        "status" : "passed",
        "time" : {
          "start" : 1714098560281,
          "stop" : 1714098562561,
          "duration" : 2280
        }
      }, {
        "uid" : "a00bd395d92a7a",
        "reportUrl" : "https://Nat754.github.io/PulseWave/5//#testresult/a00bd395d92a7a",
        "status" : "passed",
        "time" : {
          "start" : 1714014433114,
          "stop" : 1714014435399,
          "duration" : 2285
        }
      }, {
        "uid" : "3d15c60ad68eef0d",
        "reportUrl" : "https://Nat754.github.io/PulseWave/211//#testresult/3d15c60ad68eef0d",
        "status" : "passed",
        "time" : {
          "start" : 1713945931718,
          "stop" : 1713945935515,
          "duration" : 3797
        }
      }, {
        "uid" : "31ed903ec6995bae",
        "reportUrl" : "https://Nat754.github.io/PulseWave/4//#testresult/31ed903ec6995bae",
        "status" : "passed",
        "time" : {
          "start" : 1713925724476,
          "stop" : 1713925726753,
          "duration" : 2277
        }
      }, {
        "uid" : "fa81f314d1e0d844",
        "reportUrl" : "https://Nat754.github.io/PulseWave/211//#testresult/fa81f314d1e0d844",
        "status" : "passed",
        "time" : {
          "start" : 1713901584808,
          "stop" : 1713901587101,
          "duration" : 2293
        }
      }, {
        "uid" : "67b3c4c2f2eabafa",
        "reportUrl" : "https://Nat754.github.io/PulseWave/210//#testresult/67b3c4c2f2eabafa",
        "status" : "passed",
        "time" : {
          "start" : 1713885792709,
          "stop" : 1713885796006,
          "duration" : 3297
        }
      }, {
        "uid" : "4b0bcf0783ac702a",
        "reportUrl" : "https://Nat754.github.io/PulseWave/209//#testresult/4b0bcf0783ac702a",
        "status" : "passed",
        "time" : {
          "start" : 1713883686414,
          "stop" : 1713883688683,
          "duration" : 2269
        }
      }, {
        "uid" : "8e710feed1b8244c",
        "reportUrl" : "https://Nat754.github.io/PulseWave/209//#testresult/8e710feed1b8244c",
        "status" : "passed",
        "time" : {
          "start" : 1713882210684,
          "stop" : 1713882213464,
          "duration" : 2780
        }
      }, {
        "uid" : "d37803fcdb25ee66",
        "reportUrl" : "https://Nat754.github.io/PulseWave/208//#testresult/d37803fcdb25ee66",
        "status" : "passed",
        "time" : {
          "start" : 1713879388784,
          "stop" : 1713879391064,
          "duration" : 2280
        }
      } ]
    },
    "tags" : [ "smoke" ]
  },
  "source" : "163ba7083d8af0e7.json",
  "parameterValues" : [ "'chrome'" ]
}