{
  "uid" : "2fe607486d76ee1",
  "name" : "test_get_css_property_body_first_safety[color-rgba(16, 16, 18, 1)-\\u0446\\u0432\\u0435\\u0442\\u0430 \\u0448\\u0440\\u0438\\u0444\\u0442\\u0430-chrome]",
  "fullName" : "tests.test_main_page.test_main_page.TestMainPage#test_get_css_property_body_first_safety",
  "historyId" : "ae481c03411502249aa4d59d91e4a245",
  "time" : {
    "start" : 1714443600898,
    "stop" : 1714443600898,
    "duration" : 0
  },
  "status" : "broken",
  "statusMessage" : "selenium.common.exceptions.WebDriverException: Message: unknown error: net::ERR_CONNECTION_REFUSED\n  (Session info: chrome-headless-shell=124.0.6367.60)\nStacktrace:\n#0 0x55e356a75e33 <unknown>\n#1 0x55e356765567 <unknown>\n#2 0x55e35675d879 <unknown>\n#3 0x55e35674d852 <unknown>\n#4 0x55e35674ee44 <unknown>\n#5 0x55e35674dbbe <unknown>\n#6 0x55e35674d2e0 <unknown>\n#7 0x55e35674d181 <unknown>\n#8 0x55e35674b0ec <unknown>\n#9 0x55e35674b60a <unknown>\n#10 0x55e356767eef <unknown>\n#11 0x55e3567f1695 <unknown>\n#12 0x55e3567d2362 <unknown>\n#13 0x55e3567f0ae2 <unknown>\n#14 0x55e3567d2103 <unknown>\n#15 0x55e3567a31ba <unknown>\n#16 0x55e3567a3b8e <unknown>\n#17 0x55e356a3a59b <unknown>\n#18 0x55e356a3e34b <unknown>\n#19 0x55e356a26681 <unknown>\n#20 0x55e356a3eeb2 <unknown>\n#21 0x55e356a0b6af <unknown>\n#22 0x55e356a65428 <unknown>\n#23 0x55e356a65600 <unknown>\n#24 0x55e356a74f84 <unknown>\n#25 0x7f43ddc94ac3 <unknown>",
  "statusTrace" : "driver = <selenium.webdriver.chrome.webdriver.WebDriver (session=\"39b48a933b144879ead493e87eddc2eb\")>\n\n    @pytest.fixture(scope='function')\n    def main_page_open(driver):\n        main_page = MainPage(driver)\n>       driver.get(Constant.MAIN_PAGE)\n\ntests/test_main_page/conftest.py:9: \n_ _ _ _ _ _ _ _ _ _ _ _ _ _ _ _ _ _ _ _ _ _ _ _ _ _ _ _ _ _ _ _ _ _ _ _ _ _ _ _ \n/opt/hostedtoolcache/Python/3.12.3/x64/lib/python3.12/site-packages/selenium/webdriver/remote/webdriver.py:356: in get\n    self.execute(Command.GET, {\"url\": url})\n/opt/hostedtoolcache/Python/3.12.3/x64/lib/python3.12/site-packages/selenium/webdriver/remote/webdriver.py:347: in execute\n    self.error_handler.check_response(response)\n_ _ _ _ _ _ _ _ _ _ _ _ _ _ _ _ _ _ _ _ _ _ _ _ _ _ _ _ _ _ _ _ _ _ _ _ _ _ _ _ \n\nself = <selenium.webdriver.remote.errorhandler.ErrorHandler object at 0x7f17c7c042f0>\nresponse = {'status': 500, 'value': '{\"value\":{\"error\":\"unknown error\",\"message\":\"unknown error: net::ERR_CONNECTION_REFUSED\\\\n  ...\\\\n#23 0x55e356a65600 \\\\u003Cunknown>\\\\n#24 0x55e356a74f84 \\\\u003Cunknown>\\\\n#25 0x7f43ddc94ac3 \\\\u003Cunknown>\\\\n\"}}'}\n\n    def check_response(self, response: Dict[str, Any]) -> None:\n        \"\"\"Checks that a JSON response from the WebDriver does not have an\n        error.\n    \n        :Args:\n         - response - The JSON response from the WebDriver server as a dictionary\n           object.\n    \n        :Raises: If the response contains an error message.\n        \"\"\"\n        status = response.get(\"status\", None)\n        if not status or status == ErrorCode.SUCCESS:\n            return\n        value = None\n        message = response.get(\"message\", \"\")\n        screen: str = response.get(\"screen\", \"\")\n        stacktrace = None\n        if isinstance(status, int):\n            value_json = response.get(\"value\", None)\n            if value_json and isinstance(value_json, str):\n                import json\n    \n                try:\n                    value = json.loads(value_json)\n                    if len(value) == 1:\n                        value = value[\"value\"]\n                    status = value.get(\"error\", None)\n                    if not status:\n                        status = value.get(\"status\", ErrorCode.UNKNOWN_ERROR)\n                        message = value.get(\"value\") or value.get(\"message\")\n                        if not isinstance(message, str):\n                            value = message\n                            message = message.get(\"message\")\n                    else:\n                        message = value.get(\"message\", None)\n                except ValueError:\n                    pass\n    \n        exception_class: Type[WebDriverException]\n        e = ErrorCode()\n        error_codes = [item for item in dir(e) if not item.startswith(\"__\")]\n        for error_code in error_codes:\n            error_info = getattr(ErrorCode, error_code)\n            if isinstance(error_info, list) and status in error_info:\n                exception_class = getattr(ExceptionMapping, error_code, WebDriverException)\n                break\n        else:\n            exception_class = WebDriverException\n    \n        if not value:\n            value = response[\"value\"]\n        if isinstance(value, str):\n            raise exception_class(value)\n        if message == \"\" and \"message\" in value:\n            message = value[\"message\"]\n    \n        screen = None  # type: ignore[assignment]\n        if \"screen\" in value:\n            screen = value[\"screen\"]\n    \n        stacktrace = None\n        st_value = value.get(\"stackTrace\") or value.get(\"stacktrace\")\n        if st_value:\n            if isinstance(st_value, str):\n                stacktrace = st_value.split(\"\\n\")\n            else:\n                stacktrace = []\n                try:\n                    for frame in st_value:\n                        line = frame.get(\"lineNumber\", \"\")\n                        file = frame.get(\"fileName\", \"<anonymous>\")\n                        if line:\n                            file = f\"{file}:{line}\"\n                        meth = frame.get(\"methodName\", \"<anonymous>\")\n                        if \"className\" in frame:\n                            meth = f\"{frame['className']}.{meth}\"\n                        msg = \"    at %s (%s)\"\n                        msg = msg % (meth, file)\n                        stacktrace.append(msg)\n                except TypeError:\n                    pass\n        if exception_class == UnexpectedAlertPresentException:\n            alert_text = None\n            if \"data\" in value:\n                alert_text = value[\"data\"].get(\"text\")\n            elif \"alert\" in value:\n                alert_text = value[\"alert\"].get(\"text\")\n            raise exception_class(message, screen, stacktrace, alert_text)  # type: ignore[call-arg]  # mypy is not smart enough here\n>       raise exception_class(message, screen, stacktrace)\nE       selenium.common.exceptions.WebDriverException: Message: unknown error: net::ERR_CONNECTION_REFUSED\nE         (Session info: chrome-headless-shell=124.0.6367.60)\nE       Stacktrace:\nE       #0 0x55e356a75e33 <unknown>\nE       #1 0x55e356765567 <unknown>\nE       #2 0x55e35675d879 <unknown>\nE       #3 0x55e35674d852 <unknown>\nE       #4 0x55e35674ee44 <unknown>\nE       #5 0x55e35674dbbe <unknown>\nE       #6 0x55e35674d2e0 <unknown>\nE       #7 0x55e35674d181 <unknown>\nE       #8 0x55e35674b0ec <unknown>\nE       #9 0x55e35674b60a <unknown>\nE       #10 0x55e356767eef <unknown>\nE       #11 0x55e3567f1695 <unknown>\nE       #12 0x55e3567d2362 <unknown>\nE       #13 0x55e3567f0ae2 <unknown>\nE       #14 0x55e3567d2103 <unknown>\nE       #15 0x55e3567a31ba <unknown>\nE       #16 0x55e3567a3b8e <unknown>\nE       #17 0x55e356a3a59b <unknown>\nE       #18 0x55e356a3e34b <unknown>\nE       #19 0x55e356a26681 <unknown>\nE       #20 0x55e356a3eeb2 <unknown>\nE       #21 0x55e356a0b6af <unknown>\nE       #22 0x55e356a65428 <unknown>\nE       #23 0x55e356a65600 <unknown>\nE       #24 0x55e356a74f84 <unknown>\nE       #25 0x7f43ddc94ac3 <unknown>\n\n/opt/hostedtoolcache/Python/3.12.3/x64/lib/python3.12/site-packages/selenium/webdriver/remote/errorhandler.py:229: WebDriverException",
  "flaky" : false,
  "newFailed" : false,
  "beforeStages" : [ {
    "name" : "main_page_open",
    "time" : {
      "start" : 1714443601097,
      "stop" : 1714443601315,
      "duration" : 218
    },
    "status" : "broken",
    "statusMessage" : "selenium.common.exceptions.WebDriverException: Message: unknown error: net::ERR_CONNECTION_REFUSED\n  (Session info: chrome-headless-shell=124.0.6367.60)\nStacktrace:\n#0 0x55e356a75e33 <unknown>\n#1 0x55e356765567 <unknown>\n#2 0x55e35675d879 <unknown>\n#3 0x55e35674d852 <unknown>\n#4 0x55e35674ee44 <unknown>\n#5 0x55e35674dbbe <unknown>\n#6 0x55e35674d2e0 <unknown>\n#7 0x55e35674d181 <unknown>\n#8 0x55e35674b0ec <unknown>\n#9 0x55e35674b60a <unknown>\n#10 0x55e356767eef <unknown>\n#11 0x55e3567f1695 <unknown>\n#12 0x55e3567d2362 <unknown>\n#13 0x55e3567f0ae2 <unknown>\n#14 0x55e3567d2103 <unknown>\n#15 0x55e3567a31ba <unknown>\n#16 0x55e3567a3b8e <unknown>\n#17 0x55e356a3a59b <unknown>\n#18 0x55e356a3e34b <unknown>\n#19 0x55e356a26681 <unknown>\n#20 0x55e356a3eeb2 <unknown>\n#21 0x55e356a0b6af <unknown>\n#22 0x55e356a65428 <unknown>\n#23 0x55e356a65600 <unknown>\n#24 0x55e356a74f84 <unknown>\n#25 0x7f43ddc94ac3 <unknown>\n\n",
    "statusTrace" : "  File \"/opt/hostedtoolcache/Python/3.12.3/x64/lib/python3.12/site-packages/pluggy/_callers.py\", line 167, in _multicall\n    teardown.throw(outcome._exception)\n  File \"/opt/hostedtoolcache/Python/3.12.3/x64/lib/python3.12/site-packages/_pytest/setuponly.py\", line 36, in pytest_fixture_setup\n    return (yield)\n            ^^^^^\n  File \"/opt/hostedtoolcache/Python/3.12.3/x64/lib/python3.12/site-packages/pluggy/_callers.py\", line 103, in _multicall\n    res = hook_impl.function(*args)\n          ^^^^^^^^^^^^^^^^^^^^^^^^^\n  File \"/opt/hostedtoolcache/Python/3.12.3/x64/lib/python3.12/site-packages/_pytest/fixtures.py\", line 1140, in pytest_fixture_setup\n    result = call_fixture_func(fixturefunc, request, kwargs)\n             ^^^^^^^^^^^^^^^^^^^^^^^^^^^^^^^^^^^^^^^^^^^^^^^\n  File \"/opt/hostedtoolcache/Python/3.12.3/x64/lib/python3.12/site-packages/_pytest/fixtures.py\", line 917, in call_fixture_func\n    fixture_result = fixturefunc(**kwargs)\n                     ^^^^^^^^^^^^^^^^^^^^^\n  File \"/home/runner/work/PulseWave/PulseWave/tests/test_main_page/conftest.py\", line 9, in main_page_open\n    driver.get(Constant.MAIN_PAGE)\n  File \"/opt/hostedtoolcache/Python/3.12.3/x64/lib/python3.12/site-packages/selenium/webdriver/remote/webdriver.py\", line 356, in get\n    self.execute(Command.GET, {\"url\": url})\n  File \"/opt/hostedtoolcache/Python/3.12.3/x64/lib/python3.12/site-packages/selenium/webdriver/remote/webdriver.py\", line 347, in execute\n    self.error_handler.check_response(response)\n  File \"/opt/hostedtoolcache/Python/3.12.3/x64/lib/python3.12/site-packages/selenium/webdriver/remote/errorhandler.py\", line 229, in check_response\n    raise exception_class(message, screen, stacktrace)\n",
    "steps" : [ ],
    "attachments" : [ ],
    "parameters" : [ ],
    "stepsCount" : 0,
    "attachmentsCount" : 0,
    "shouldDisplayMessage" : true,
    "hasContent" : true
  }, {
    "name" : "clear_allure_results_folder",
    "time" : {
      "start" : 1714443483373,
      "stop" : 1714443483373,
      "duration" : 0
    },
    "status" : "passed",
    "steps" : [ ],
    "attachments" : [ ],
    "parameters" : [ ],
    "stepsCount" : 0,
    "attachmentsCount" : 0,
    "shouldDisplayMessage" : false,
    "hasContent" : false
  }, {
    "name" : "_session_faker",
    "time" : {
      "start" : 1714443483355,
      "stop" : 1714443483372,
      "duration" : 17
    },
    "status" : "passed",
    "steps" : [ ],
    "attachments" : [ ],
    "parameters" : [ ],
    "stepsCount" : 0,
    "attachmentsCount" : 0,
    "shouldDisplayMessage" : false,
    "hasContent" : false
  }, {
    "name" : "driver",
    "time" : {
      "start" : 1714443600899,
      "stop" : 1714443601097,
      "duration" : 198
    },
    "status" : "passed",
    "steps" : [ ],
    "attachments" : [ ],
    "parameters" : [ ],
    "stepsCount" : 0,
    "attachmentsCount" : 0,
    "shouldDisplayMessage" : false,
    "hasContent" : false
  } ],
  "afterStages" : [ {
    "name" : "driver::0",
    "time" : {
      "start" : 1714443601345,
      "stop" : 1714443601403,
      "duration" : 58
    },
    "status" : "passed",
    "steps" : [ ],
    "attachments" : [ ],
    "parameters" : [ ],
    "stepsCount" : 0,
    "attachmentsCount" : 0,
    "shouldDisplayMessage" : false,
    "hasContent" : false
  } ],
  "labels" : [ {
    "name" : "epic",
    "value" : "Тестирование Главной страницы"
  }, {
    "name" : "tag",
    "value" : "regress"
  }, {
    "name" : "parentSuite",
    "value" : "tests.test_main_page"
  }, {
    "name" : "suite",
    "value" : "test_main_page"
  }, {
    "name" : "subSuite",
    "value" : "TestMainPage"
  }, {
    "name" : "host",
    "value" : "fv-az1385-609"
  }, {
    "name" : "thread",
    "value" : "2312-MainThread"
  }, {
    "name" : "framework",
    "value" : "pytest"
  }, {
    "name" : "language",
    "value" : "cpython3"
  }, {
    "name" : "package",
    "value" : "tests.test_main_page.test_main_page"
  }, {
    "name" : "resultFormat",
    "value" : "allure2"
  } ],
  "parameters" : [ {
    "name" : "browser",
    "value" : "'chrome'"
  }, {
    "name" : "css_property",
    "value" : "'color'"
  }, {
    "name" : "figma",
    "value" : "'rgba(16, 16, 18, 1)'"
  }, {
    "name" : "name",
    "value" : "'цвета шрифта'"
  } ],
  "links" : [ ],
  "hidden" : false,
  "retry" : false,
  "extra" : {
    "severity" : "normal",
    "retries" : [ ],
    "categories" : [ {
      "name" : "Test defects",
      "matchedStatuses" : [ ],
      "flaky" : false
    } ],
    "history" : {
      "statistic" : {
        "failed" : 0,
        "broken" : 3,
        "skipped" : 0,
        "passed" : 11,
        "unknown" : 0,
        "total" : 14
      },
      "items" : [ {
        "uid" : "592a30d874e47239",
        "reportUrl" : "https://Nat754.github.io/PulseWave/9//#testresult/592a30d874e47239",
        "status" : "broken",
        "statusDetails" : "selenium.common.exceptions.WebDriverException: Message: unknown error: net::ERR_CONNECTION_REFUSED\n  (Session info: chrome-headless-shell=124.0.6367.60)\nStacktrace:\n#0 0x5619f5f6de33 <unknown>\n#1 0x5619f5c5d567 <unknown>\n#2 0x5619f5c55879 <unknown>\n#3 0x5619f5c45852 <unknown>\n#4 0x5619f5c46e44 <unknown>\n#5 0x5619f5c45bbe <unknown>\n#6 0x5619f5c452e0 <unknown>\n#7 0x5619f5c45181 <unknown>\n#8 0x5619f5c430ec <unknown>\n#9 0x5619f5c4360a <unknown>\n#10 0x5619f5c5feef <unknown>\n#11 0x5619f5ce9695 <unknown>\n#12 0x5619f5cca362 <unknown>\n#13 0x5619f5ce8ae2 <unknown>\n#14 0x5619f5cca103 <unknown>\n#15 0x5619f5c9b1ba <unknown>\n#16 0x5619f5c9bb8e <unknown>\n#17 0x5619f5f3259b <unknown>\n#18 0x5619f5f3634b <unknown>\n#19 0x5619f5f1e681 <unknown>\n#20 0x5619f5f36eb2 <unknown>\n#21 0x5619f5f036af <unknown>\n#22 0x5619f5f5d428 <unknown>\n#23 0x5619f5f5d600 <unknown>\n#24 0x5619f5f6cf84 <unknown>\n#25 0x7f1b7a094ac3 <unknown>",
        "time" : {
          "start" : 1714357253902,
          "stop" : 1714357253902,
          "duration" : 0
        }
      }, {
        "uid" : "95f8955bb42b1987",
        "reportUrl" : "https://Nat754.github.io/PulseWave/8//#testresult/95f8955bb42b1987",
        "status" : "broken",
        "statusDetails" : "selenium.common.exceptions.TimeoutException: Message: \nStacktrace:\n#0 0x55c2931abe33 <unknown>\n#1 0x55c292e9b567 <unknown>\n#2 0x55c292ee627d <unknown>\n#3 0x55c292ee6331 <unknown>\n#4 0x55c292f29624 <unknown>\n#5 0x55c292f0838d <unknown>\n#6 0x55c292f26ae2 <unknown>\n#7 0x55c292f08103 <unknown>\n#8 0x55c292ed91ba <unknown>\n#9 0x55c292ed9b8e <unknown>\n#10 0x55c29317059b <unknown>\n#11 0x55c29317434b <unknown>\n#12 0x55c29315c681 <unknown>\n#13 0x55c293174eb2 <unknown>\n#14 0x55c2931416af <unknown>\n#15 0x55c29319b428 <unknown>\n#16 0x55c29319b600 <unknown>\n#17 0x55c2931aaf84 <unknown>\n#18 0x7fc24d094ac3 <unknown>",
        "time" : {
          "start" : 1714273474554,
          "stop" : 1714273474554,
          "duration" : 0
        }
      }, {
        "uid" : "1612eece5ed7bd68",
        "reportUrl" : "https://Nat754.github.io/PulseWave/7//#testresult/1612eece5ed7bd68",
        "status" : "passed",
        "time" : {
          "start" : 1714185139178,
          "stop" : 1714185139216,
          "duration" : 38
        }
      }, {
        "uid" : "2533703ac5e29d0a",
        "reportUrl" : "https://Nat754.github.io/PulseWave/6//#testresult/2533703ac5e29d0a",
        "status" : "passed",
        "time" : {
          "start" : 1714148578499,
          "stop" : 1714148578538,
          "duration" : 39
        }
      }, {
        "uid" : "ac1b271d29356686",
        "reportUrl" : "https://Nat754.github.io/PulseWave/6//#testresult/ac1b271d29356686",
        "status" : "passed",
        "time" : {
          "start" : 1714098628688,
          "stop" : 1714098628725,
          "duration" : 37
        }
      }, {
        "uid" : "ec3fb5142dac5c0a",
        "reportUrl" : "https://Nat754.github.io/PulseWave/5//#testresult/ec3fb5142dac5c0a",
        "status" : "passed",
        "time" : {
          "start" : 1714014492208,
          "stop" : 1714014492245,
          "duration" : 37
        }
      }, {
        "uid" : "36c6bf6b682f0755",
        "reportUrl" : "https://Nat754.github.io/PulseWave/211//#testresult/36c6bf6b682f0755",
        "status" : "passed",
        "time" : {
          "start" : 1713945996129,
          "stop" : 1713945996165,
          "duration" : 36
        }
      }, {
        "uid" : "444c1e1ebd9d60c4",
        "reportUrl" : "https://Nat754.github.io/PulseWave/4//#testresult/444c1e1ebd9d60c4",
        "status" : "passed",
        "time" : {
          "start" : 1713925786776,
          "stop" : 1713925786811,
          "duration" : 35
        }
      }, {
        "uid" : "f8acab870901a322",
        "reportUrl" : "https://Nat754.github.io/PulseWave/211//#testresult/f8acab870901a322",
        "status" : "passed",
        "time" : {
          "start" : 1713901654921,
          "stop" : 1713901654958,
          "duration" : 37
        }
      }, {
        "uid" : "3b5a9dfd0135bfc1",
        "reportUrl" : "https://Nat754.github.io/PulseWave/210//#testresult/3b5a9dfd0135bfc1",
        "status" : "passed",
        "time" : {
          "start" : 1713885875730,
          "stop" : 1713885875765,
          "duration" : 35
        }
      }, {
        "uid" : "498b4f02cbf80f76",
        "reportUrl" : "https://Nat754.github.io/PulseWave/209//#testresult/498b4f02cbf80f76",
        "status" : "passed",
        "time" : {
          "start" : 1713883765384,
          "stop" : 1713883765420,
          "duration" : 36
        }
      }, {
        "uid" : "815ad2548bd4a21",
        "reportUrl" : "https://Nat754.github.io/PulseWave/209//#testresult/815ad2548bd4a21",
        "status" : "passed",
        "time" : {
          "start" : 1713882293830,
          "stop" : 1713882293866,
          "duration" : 36
        }
      }, {
        "uid" : "69bb0094e9e4c577",
        "reportUrl" : "https://Nat754.github.io/PulseWave/208//#testresult/69bb0094e9e4c577",
        "status" : "passed",
        "time" : {
          "start" : 1713879472566,
          "stop" : 1713879472605,
          "duration" : 39
        }
      } ]
    },
    "tags" : [ "regress" ]
  },
  "source" : "2fe607486d76ee1.json",
  "parameterValues" : [ "'chrome'", "'color'", "'rgba(16, 16, 18, 1)'", "'цвета шрифта'" ]
}