{
  "uid" : "36ec1a485a69325c",
  "name" : "Проверка заголовка рабочего пространства",
  "fullName" : "tests.test_workspace_page.test_workspace_page.TestWorkspacePage#test_auth_user_get_title_workspace",
  "historyId" : "1f06eb4cda58ff0a8bb2d21b1cb5cacb",
  "time" : {
    "start" : 1714443624326,
    "stop" : 1714443624326,
    "duration" : 0
  },
  "status" : "broken",
  "statusMessage" : "selenium.common.exceptions.WebDriverException: Message: unknown error: net::ERR_CONNECTION_REFUSED\n  (Session info: chrome-headless-shell=124.0.6367.60)\nStacktrace:\n#0 0x55fd26207e33 <unknown>\n#1 0x55fd25ef7567 <unknown>\n#2 0x55fd25eef879 <unknown>\n#3 0x55fd25edf852 <unknown>\n#4 0x55fd25ee0e44 <unknown>\n#5 0x55fd25edfbbe <unknown>\n#6 0x55fd25edf2e0 <unknown>\n#7 0x55fd25edf181 <unknown>\n#8 0x55fd25edd0ec <unknown>\n#9 0x55fd25edd60a <unknown>\n#10 0x55fd25ef9eef <unknown>\n#11 0x55fd25f83695 <unknown>\n#12 0x55fd25f64362 <unknown>\n#13 0x55fd25f82ae2 <unknown>\n#14 0x55fd25f64103 <unknown>\n#15 0x55fd25f351ba <unknown>\n#16 0x55fd25f35b8e <unknown>\n#17 0x55fd261cc59b <unknown>\n#18 0x55fd261d034b <unknown>\n#19 0x55fd261b8681 <unknown>\n#20 0x55fd261d0eb2 <unknown>\n#21 0x55fd2619d6af <unknown>\n#22 0x55fd261f7428 <unknown>\n#23 0x55fd261f7600 <unknown>\n#24 0x55fd26206f84 <unknown>\n#25 0x7f7a05a94ac3 <unknown>",
  "statusTrace" : "driver = <selenium.webdriver.chrome.webdriver.WebDriver (session=\"e7e9b0cddf49ce57331903bc22454f25\")>\n\n    @pytest.fixture(scope='function')\n    def auth_user(driver):\n        page_auth_user = LoginPage(driver)\n>       driver.get(Constant.LOGIN_PAGE)\n\ntests/conftest.py:10: \n_ _ _ _ _ _ _ _ _ _ _ _ _ _ _ _ _ _ _ _ _ _ _ _ _ _ _ _ _ _ _ _ _ _ _ _ _ _ _ _ \n/opt/hostedtoolcache/Python/3.12.3/x64/lib/python3.12/site-packages/selenium/webdriver/remote/webdriver.py:356: in get\n    self.execute(Command.GET, {\"url\": url})\n/opt/hostedtoolcache/Python/3.12.3/x64/lib/python3.12/site-packages/selenium/webdriver/remote/webdriver.py:347: in execute\n    self.error_handler.check_response(response)\n_ _ _ _ _ _ _ _ _ _ _ _ _ _ _ _ _ _ _ _ _ _ _ _ _ _ _ _ _ _ _ _ _ _ _ _ _ _ _ _ \n\nself = <selenium.webdriver.remote.errorhandler.ErrorHandler object at 0x7f17c7c285c0>\nresponse = {'status': 500, 'value': '{\"value\":{\"error\":\"unknown error\",\"message\":\"unknown error: net::ERR_CONNECTION_REFUSED\\\\n  ...\\\\n#23 0x55fd261f7600 \\\\u003Cunknown>\\\\n#24 0x55fd26206f84 \\\\u003Cunknown>\\\\n#25 0x7f7a05a94ac3 \\\\u003Cunknown>\\\\n\"}}'}\n\n    def check_response(self, response: Dict[str, Any]) -> None:\n        \"\"\"Checks that a JSON response from the WebDriver does not have an\n        error.\n    \n        :Args:\n         - response - The JSON response from the WebDriver server as a dictionary\n           object.\n    \n        :Raises: If the response contains an error message.\n        \"\"\"\n        status = response.get(\"status\", None)\n        if not status or status == ErrorCode.SUCCESS:\n            return\n        value = None\n        message = response.get(\"message\", \"\")\n        screen: str = response.get(\"screen\", \"\")\n        stacktrace = None\n        if isinstance(status, int):\n            value_json = response.get(\"value\", None)\n            if value_json and isinstance(value_json, str):\n                import json\n    \n                try:\n                    value = json.loads(value_json)\n                    if len(value) == 1:\n                        value = value[\"value\"]\n                    status = value.get(\"error\", None)\n                    if not status:\n                        status = value.get(\"status\", ErrorCode.UNKNOWN_ERROR)\n                        message = value.get(\"value\") or value.get(\"message\")\n                        if not isinstance(message, str):\n                            value = message\n                            message = message.get(\"message\")\n                    else:\n                        message = value.get(\"message\", None)\n                except ValueError:\n                    pass\n    \n        exception_class: Type[WebDriverException]\n        e = ErrorCode()\n        error_codes = [item for item in dir(e) if not item.startswith(\"__\")]\n        for error_code in error_codes:\n            error_info = getattr(ErrorCode, error_code)\n            if isinstance(error_info, list) and status in error_info:\n                exception_class = getattr(ExceptionMapping, error_code, WebDriverException)\n                break\n        else:\n            exception_class = WebDriverException\n    \n        if not value:\n            value = response[\"value\"]\n        if isinstance(value, str):\n            raise exception_class(value)\n        if message == \"\" and \"message\" in value:\n            message = value[\"message\"]\n    \n        screen = None  # type: ignore[assignment]\n        if \"screen\" in value:\n            screen = value[\"screen\"]\n    \n        stacktrace = None\n        st_value = value.get(\"stackTrace\") or value.get(\"stacktrace\")\n        if st_value:\n            if isinstance(st_value, str):\n                stacktrace = st_value.split(\"\\n\")\n            else:\n                stacktrace = []\n                try:\n                    for frame in st_value:\n                        line = frame.get(\"lineNumber\", \"\")\n                        file = frame.get(\"fileName\", \"<anonymous>\")\n                        if line:\n                            file = f\"{file}:{line}\"\n                        meth = frame.get(\"methodName\", \"<anonymous>\")\n                        if \"className\" in frame:\n                            meth = f\"{frame['className']}.{meth}\"\n                        msg = \"    at %s (%s)\"\n                        msg = msg % (meth, file)\n                        stacktrace.append(msg)\n                except TypeError:\n                    pass\n        if exception_class == UnexpectedAlertPresentException:\n            alert_text = None\n            if \"data\" in value:\n                alert_text = value[\"data\"].get(\"text\")\n            elif \"alert\" in value:\n                alert_text = value[\"alert\"].get(\"text\")\n            raise exception_class(message, screen, stacktrace, alert_text)  # type: ignore[call-arg]  # mypy is not smart enough here\n>       raise exception_class(message, screen, stacktrace)\nE       selenium.common.exceptions.WebDriverException: Message: unknown error: net::ERR_CONNECTION_REFUSED\nE         (Session info: chrome-headless-shell=124.0.6367.60)\nE       Stacktrace:\nE       #0 0x55fd26207e33 <unknown>\nE       #1 0x55fd25ef7567 <unknown>\nE       #2 0x55fd25eef879 <unknown>\nE       #3 0x55fd25edf852 <unknown>\nE       #4 0x55fd25ee0e44 <unknown>\nE       #5 0x55fd25edfbbe <unknown>\nE       #6 0x55fd25edf2e0 <unknown>\nE       #7 0x55fd25edf181 <unknown>\nE       #8 0x55fd25edd0ec <unknown>\nE       #9 0x55fd25edd60a <unknown>\nE       #10 0x55fd25ef9eef <unknown>\nE       #11 0x55fd25f83695 <unknown>\nE       #12 0x55fd25f64362 <unknown>\nE       #13 0x55fd25f82ae2 <unknown>\nE       #14 0x55fd25f64103 <unknown>\nE       #15 0x55fd25f351ba <unknown>\nE       #16 0x55fd25f35b8e <unknown>\nE       #17 0x55fd261cc59b <unknown>\nE       #18 0x55fd261d034b <unknown>\nE       #19 0x55fd261b8681 <unknown>\nE       #20 0x55fd261d0eb2 <unknown>\nE       #21 0x55fd2619d6af <unknown>\nE       #22 0x55fd261f7428 <unknown>\nE       #23 0x55fd261f7600 <unknown>\nE       #24 0x55fd26206f84 <unknown>\nE       #25 0x7f7a05a94ac3 <unknown>\n\n/opt/hostedtoolcache/Python/3.12.3/x64/lib/python3.12/site-packages/selenium/webdriver/remote/errorhandler.py:229: WebDriverException",
  "flaky" : false,
  "newFailed" : false,
  "beforeStages" : [ {
    "name" : "auth_user",
    "time" : {
      "start" : 1714443624527,
      "stop" : 1714443624746,
      "duration" : 219
    },
    "status" : "broken",
    "statusMessage" : "selenium.common.exceptions.WebDriverException: Message: unknown error: net::ERR_CONNECTION_REFUSED\n  (Session info: chrome-headless-shell=124.0.6367.60)\nStacktrace:\n#0 0x55fd26207e33 <unknown>\n#1 0x55fd25ef7567 <unknown>\n#2 0x55fd25eef879 <unknown>\n#3 0x55fd25edf852 <unknown>\n#4 0x55fd25ee0e44 <unknown>\n#5 0x55fd25edfbbe <unknown>\n#6 0x55fd25edf2e0 <unknown>\n#7 0x55fd25edf181 <unknown>\n#8 0x55fd25edd0ec <unknown>\n#9 0x55fd25edd60a <unknown>\n#10 0x55fd25ef9eef <unknown>\n#11 0x55fd25f83695 <unknown>\n#12 0x55fd25f64362 <unknown>\n#13 0x55fd25f82ae2 <unknown>\n#14 0x55fd25f64103 <unknown>\n#15 0x55fd25f351ba <unknown>\n#16 0x55fd25f35b8e <unknown>\n#17 0x55fd261cc59b <unknown>\n#18 0x55fd261d034b <unknown>\n#19 0x55fd261b8681 <unknown>\n#20 0x55fd261d0eb2 <unknown>\n#21 0x55fd2619d6af <unknown>\n#22 0x55fd261f7428 <unknown>\n#23 0x55fd261f7600 <unknown>\n#24 0x55fd26206f84 <unknown>\n#25 0x7f7a05a94ac3 <unknown>\n\n",
    "statusTrace" : "  File \"/opt/hostedtoolcache/Python/3.12.3/x64/lib/python3.12/site-packages/pluggy/_callers.py\", line 167, in _multicall\n    teardown.throw(outcome._exception)\n  File \"/opt/hostedtoolcache/Python/3.12.3/x64/lib/python3.12/site-packages/_pytest/setuponly.py\", line 36, in pytest_fixture_setup\n    return (yield)\n            ^^^^^\n  File \"/opt/hostedtoolcache/Python/3.12.3/x64/lib/python3.12/site-packages/pluggy/_callers.py\", line 103, in _multicall\n    res = hook_impl.function(*args)\n          ^^^^^^^^^^^^^^^^^^^^^^^^^\n  File \"/opt/hostedtoolcache/Python/3.12.3/x64/lib/python3.12/site-packages/_pytest/fixtures.py\", line 1140, in pytest_fixture_setup\n    result = call_fixture_func(fixturefunc, request, kwargs)\n             ^^^^^^^^^^^^^^^^^^^^^^^^^^^^^^^^^^^^^^^^^^^^^^^\n  File \"/opt/hostedtoolcache/Python/3.12.3/x64/lib/python3.12/site-packages/_pytest/fixtures.py\", line 917, in call_fixture_func\n    fixture_result = fixturefunc(**kwargs)\n                     ^^^^^^^^^^^^^^^^^^^^^\n  File \"/home/runner/work/PulseWave/PulseWave/tests/conftest.py\", line 10, in auth_user\n    driver.get(Constant.LOGIN_PAGE)\n  File \"/opt/hostedtoolcache/Python/3.12.3/x64/lib/python3.12/site-packages/selenium/webdriver/remote/webdriver.py\", line 356, in get\n    self.execute(Command.GET, {\"url\": url})\n  File \"/opt/hostedtoolcache/Python/3.12.3/x64/lib/python3.12/site-packages/selenium/webdriver/remote/webdriver.py\", line 347, in execute\n    self.error_handler.check_response(response)\n  File \"/opt/hostedtoolcache/Python/3.12.3/x64/lib/python3.12/site-packages/selenium/webdriver/remote/errorhandler.py\", line 229, in check_response\n    raise exception_class(message, screen, stacktrace)\n",
    "steps" : [ ],
    "attachments" : [ ],
    "parameters" : [ ],
    "stepsCount" : 0,
    "attachmentsCount" : 0,
    "shouldDisplayMessage" : true,
    "hasContent" : true
  }, {
    "name" : "clear_allure_results_folder",
    "time" : {
      "start" : 1714443483373,
      "stop" : 1714443483373,
      "duration" : 0
    },
    "status" : "passed",
    "steps" : [ ],
    "attachments" : [ ],
    "parameters" : [ ],
    "stepsCount" : 0,
    "attachmentsCount" : 0,
    "shouldDisplayMessage" : false,
    "hasContent" : false
  }, {
    "name" : "_session_faker",
    "time" : {
      "start" : 1714443483355,
      "stop" : 1714443483372,
      "duration" : 17
    },
    "status" : "passed",
    "steps" : [ ],
    "attachments" : [ ],
    "parameters" : [ ],
    "stepsCount" : 0,
    "attachmentsCount" : 0,
    "shouldDisplayMessage" : false,
    "hasContent" : false
  }, {
    "name" : "driver",
    "time" : {
      "start" : 1714443624326,
      "stop" : 1714443624527,
      "duration" : 201
    },
    "status" : "passed",
    "steps" : [ ],
    "attachments" : [ ],
    "parameters" : [ ],
    "stepsCount" : 0,
    "attachmentsCount" : 0,
    "shouldDisplayMessage" : false,
    "hasContent" : false
  } ],
  "afterStages" : [ {
    "name" : "driver::0",
    "time" : {
      "start" : 1714443624779,
      "stop" : 1714443624836,
      "duration" : 57
    },
    "status" : "passed",
    "steps" : [ ],
    "attachments" : [ ],
    "parameters" : [ ],
    "stepsCount" : 0,
    "attachmentsCount" : 0,
    "shouldDisplayMessage" : false,
    "hasContent" : false
  } ],
  "labels" : [ {
    "name" : "epic",
    "value" : "Тестирование страницы 'Рабочие пространства'"
  }, {
    "name" : "tag",
    "value" : "regress"
  }, {
    "name" : "parentSuite",
    "value" : "tests.test_workspace_page"
  }, {
    "name" : "suite",
    "value" : "test_workspace_page"
  }, {
    "name" : "subSuite",
    "value" : "TestWorkspacePage"
  }, {
    "name" : "host",
    "value" : "fv-az1385-609"
  }, {
    "name" : "thread",
    "value" : "2312-MainThread"
  }, {
    "name" : "framework",
    "value" : "pytest"
  }, {
    "name" : "language",
    "value" : "cpython3"
  }, {
    "name" : "package",
    "value" : "tests.test_workspace_page.test_workspace_page"
  }, {
    "name" : "resultFormat",
    "value" : "allure2"
  } ],
  "parameters" : [ {
    "name" : "browser",
    "value" : "'chrome'"
  } ],
  "links" : [ ],
  "hidden" : false,
  "retry" : false,
  "extra" : {
    "severity" : "normal",
    "retries" : [ ],
    "categories" : [ {
      "name" : "Test defects",
      "matchedStatuses" : [ ],
      "flaky" : false
    } ],
    "history" : {
      "statistic" : {
        "failed" : 0,
        "broken" : 3,
        "skipped" : 0,
        "passed" : 11,
        "unknown" : 0,
        "total" : 14
      },
      "items" : [ {
        "uid" : "2249367b1d3ed5f7",
        "reportUrl" : "https://Nat754.github.io/PulseWave/9//#testresult/2249367b1d3ed5f7",
        "status" : "broken",
        "statusDetails" : "selenium.common.exceptions.WebDriverException: Message: unknown error: net::ERR_CONNECTION_REFUSED\n  (Session info: chrome-headless-shell=124.0.6367.60)\nStacktrace:\n#0 0x55c600063e33 <unknown>\n#1 0x55c5ffd53567 <unknown>\n#2 0x55c5ffd4b879 <unknown>\n#3 0x55c5ffd3b852 <unknown>\n#4 0x55c5ffd3ce44 <unknown>\n#5 0x55c5ffd3bbbe <unknown>\n#6 0x55c5ffd3b2e0 <unknown>\n#7 0x55c5ffd3b181 <unknown>\n#8 0x55c5ffd390ec <unknown>\n#9 0x55c5ffd3960a <unknown>\n#10 0x55c5ffd55eef <unknown>\n#11 0x55c5ffddf695 <unknown>\n#12 0x55c5ffdc0362 <unknown>\n#13 0x55c5ffddeae2 <unknown>\n#14 0x55c5ffdc0103 <unknown>\n#15 0x55c5ffd911ba <unknown>\n#16 0x55c5ffd91b8e <unknown>\n#17 0x55c60002859b <unknown>\n#18 0x55c60002c34b <unknown>\n#19 0x55c600014681 <unknown>\n#20 0x55c60002ceb2 <unknown>\n#21 0x55c5ffff96af <unknown>\n#22 0x55c600053428 <unknown>\n#23 0x55c600053600 <unknown>\n#24 0x55c600062f84 <unknown>\n#25 0x7f26f1694ac3 <unknown>",
        "time" : {
          "start" : 1714357274244,
          "stop" : 1714357274244,
          "duration" : 0
        }
      }, {
        "uid" : "9079ef6b341ac0d7",
        "reportUrl" : "https://Nat754.github.io/PulseWave/8//#testresult/9079ef6b341ac0d7",
        "status" : "broken",
        "statusDetails" : "selenium.common.exceptions.TimeoutException: Message: \nStacktrace:\n#0 0x5627bf894e33 <unknown>\n#1 0x5627bf584567 <unknown>\n#2 0x5627bf5cf27d <unknown>\n#3 0x5627bf5cf331 <unknown>\n#4 0x5627bf612624 <unknown>\n#5 0x5627bf5f138d <unknown>\n#6 0x5627bf60fae2 <unknown>\n#7 0x5627bf5f1103 <unknown>\n#8 0x5627bf5c21ba <unknown>\n#9 0x5627bf5c2b8e <unknown>\n#10 0x5627bf85959b <unknown>\n#11 0x5627bf85d34b <unknown>\n#12 0x5627bf845681 <unknown>\n#13 0x5627bf85deb2 <unknown>\n#14 0x5627bf82a6af <unknown>\n#15 0x5627bf884428 <unknown>\n#16 0x5627bf884600 <unknown>\n#17 0x5627bf893f84 <unknown>\n#18 0x7f5c5ca94ac3 <unknown>",
        "time" : {
          "start" : 1714274441580,
          "stop" : 1714274441580,
          "duration" : 0
        }
      }, {
        "uid" : "2297d4e1ea765f7c",
        "reportUrl" : "https://Nat754.github.io/PulseWave/7//#testresult/2297d4e1ea765f7c",
        "status" : "passed",
        "time" : {
          "start" : 1714185416654,
          "stop" : 1714185416657,
          "duration" : 3
        }
      }, {
        "uid" : "90fc9eb45965cad3",
        "reportUrl" : "https://Nat754.github.io/PulseWave/6//#testresult/90fc9eb45965cad3",
        "status" : "passed",
        "time" : {
          "start" : 1714148827320,
          "stop" : 1714148827323,
          "duration" : 3
        }
      }, {
        "uid" : "2be592794845d189",
        "reportUrl" : "https://Nat754.github.io/PulseWave/6//#testresult/2be592794845d189",
        "status" : "passed",
        "time" : {
          "start" : 1714098877981,
          "stop" : 1714098877984,
          "duration" : 3
        }
      }, {
        "uid" : "c020564056bb20a0",
        "reportUrl" : "https://Nat754.github.io/PulseWave/5//#testresult/c020564056bb20a0",
        "status" : "passed",
        "time" : {
          "start" : 1714014718245,
          "stop" : 1714014718248,
          "duration" : 3
        }
      }, {
        "uid" : "e4e9bc3d50888aec",
        "reportUrl" : "https://Nat754.github.io/PulseWave/211//#testresult/e4e9bc3d50888aec",
        "status" : "passed",
        "time" : {
          "start" : 1713946230532,
          "stop" : 1713946230535,
          "duration" : 3
        }
      }, {
        "uid" : "b1bad152a8d0d29a",
        "reportUrl" : "https://Nat754.github.io/PulseWave/4//#testresult/b1bad152a8d0d29a",
        "status" : "passed",
        "time" : {
          "start" : 1713926022532,
          "stop" : 1713926022535,
          "duration" : 3
        }
      }, {
        "uid" : "ca3264aab806f32c",
        "reportUrl" : "https://Nat754.github.io/PulseWave/211//#testresult/ca3264aab806f32c",
        "status" : "passed",
        "time" : {
          "start" : 1713901907394,
          "stop" : 1713901907397,
          "duration" : 3
        }
      }, {
        "uid" : "8b12dfbd6e7ed847",
        "reportUrl" : "https://Nat754.github.io/PulseWave/210//#testresult/8b12dfbd6e7ed847",
        "status" : "passed",
        "time" : {
          "start" : 1713886158933,
          "stop" : 1713886158936,
          "duration" : 3
        }
      }, {
        "uid" : "68efab4858253264",
        "reportUrl" : "https://Nat754.github.io/PulseWave/209//#testresult/68efab4858253264",
        "status" : "passed",
        "time" : {
          "start" : 1713884043253,
          "stop" : 1713884043256,
          "duration" : 3
        }
      }, {
        "uid" : "58a267bff557be17",
        "reportUrl" : "https://Nat754.github.io/PulseWave/209//#testresult/58a267bff557be17",
        "status" : "passed",
        "time" : {
          "start" : 1713882576771,
          "stop" : 1713882576774,
          "duration" : 3
        }
      }, {
        "uid" : "f25725b71d0f762f",
        "reportUrl" : "https://Nat754.github.io/PulseWave/208//#testresult/f25725b71d0f762f",
        "status" : "passed",
        "time" : {
          "start" : 1713879754212,
          "stop" : 1713879754215,
          "duration" : 3
        }
      } ]
    },
    "tags" : [ "regress" ]
  },
  "source" : "36ec1a485a69325c.json",
  "parameterValues" : [ "'chrome'" ]
}