{
  "uid" : "383b833b7604eb9e",
  "name" : "Проверка перехода на страницу 'https://pulsewave.ru/auth/login' по кнопке 'Войти'",
  "fullName" : "tests.test_header.test_header.TestHeader#test_get_header_auth_login",
  "historyId" : "ebe89841a690e52f4fe97d7aa7383d4e",
  "time" : {
    "start" : 1714443572353,
    "stop" : 1714443572353,
    "duration" : 0
  },
  "status" : "broken",
  "statusMessage" : "selenium.common.exceptions.WebDriverException: Message: unknown error: net::ERR_CONNECTION_REFUSED\n  (Session info: chrome-headless-shell=124.0.6367.60)\nStacktrace:\n#0 0x55ef7806be33 <unknown>\n#1 0x55ef77d5b567 <unknown>\n#2 0x55ef77d53879 <unknown>\n#3 0x55ef77d43852 <unknown>\n#4 0x55ef77d44e44 <unknown>\n#5 0x55ef77d43bbe <unknown>\n#6 0x55ef77d432e0 <unknown>\n#7 0x55ef77d43181 <unknown>\n#8 0x55ef77d410ec <unknown>\n#9 0x55ef77d4160a <unknown>\n#10 0x55ef77d5deef <unknown>\n#11 0x55ef77de7695 <unknown>\n#12 0x55ef77dc8362 <unknown>\n#13 0x55ef77de6ae2 <unknown>\n#14 0x55ef77dc8103 <unknown>\n#15 0x55ef77d991ba <unknown>\n#16 0x55ef77d99b8e <unknown>\n#17 0x55ef7803059b <unknown>\n#18 0x55ef7803434b <unknown>\n#19 0x55ef7801c681 <unknown>\n#20 0x55ef78034eb2 <unknown>\n#21 0x55ef780016af <unknown>\n#22 0x55ef7805b428 <unknown>\n#23 0x55ef7805b600 <unknown>\n#24 0x55ef7806af84 <unknown>\n#25 0x7f347bc94ac3 <unknown>",
  "statusTrace" : "driver = <selenium.webdriver.chrome.webdriver.WebDriver (session=\"af7adeacb3deb7e07d65d2b9e8f209b5\")>\nurl = 'https://pulsewave.ru/'\n\n    @pytest.fixture()\n    def header_open(driver, url):\n        page = HeaderPage(driver)\n>       driver.get(url)\n\ntests/test_header/conftest.py:8: \n_ _ _ _ _ _ _ _ _ _ _ _ _ _ _ _ _ _ _ _ _ _ _ _ _ _ _ _ _ _ _ _ _ _ _ _ _ _ _ _ \n/opt/hostedtoolcache/Python/3.12.3/x64/lib/python3.12/site-packages/selenium/webdriver/remote/webdriver.py:356: in get\n    self.execute(Command.GET, {\"url\": url})\n/opt/hostedtoolcache/Python/3.12.3/x64/lib/python3.12/site-packages/selenium/webdriver/remote/webdriver.py:347: in execute\n    self.error_handler.check_response(response)\n_ _ _ _ _ _ _ _ _ _ _ _ _ _ _ _ _ _ _ _ _ _ _ _ _ _ _ _ _ _ _ _ _ _ _ _ _ _ _ _ \n\nself = <selenium.webdriver.remote.errorhandler.ErrorHandler object at 0x7f17c7c05d90>\nresponse = {'status': 500, 'value': '{\"value\":{\"error\":\"unknown error\",\"message\":\"unknown error: net::ERR_CONNECTION_REFUSED\\\\n  ...\\\\n#23 0x55ef7805b600 \\\\u003Cunknown>\\\\n#24 0x55ef7806af84 \\\\u003Cunknown>\\\\n#25 0x7f347bc94ac3 \\\\u003Cunknown>\\\\n\"}}'}\n\n    def check_response(self, response: Dict[str, Any]) -> None:\n        \"\"\"Checks that a JSON response from the WebDriver does not have an\n        error.\n    \n        :Args:\n         - response - The JSON response from the WebDriver server as a dictionary\n           object.\n    \n        :Raises: If the response contains an error message.\n        \"\"\"\n        status = response.get(\"status\", None)\n        if not status or status == ErrorCode.SUCCESS:\n            return\n        value = None\n        message = response.get(\"message\", \"\")\n        screen: str = response.get(\"screen\", \"\")\n        stacktrace = None\n        if isinstance(status, int):\n            value_json = response.get(\"value\", None)\n            if value_json and isinstance(value_json, str):\n                import json\n    \n                try:\n                    value = json.loads(value_json)\n                    if len(value) == 1:\n                        value = value[\"value\"]\n                    status = value.get(\"error\", None)\n                    if not status:\n                        status = value.get(\"status\", ErrorCode.UNKNOWN_ERROR)\n                        message = value.get(\"value\") or value.get(\"message\")\n                        if not isinstance(message, str):\n                            value = message\n                            message = message.get(\"message\")\n                    else:\n                        message = value.get(\"message\", None)\n                except ValueError:\n                    pass\n    \n        exception_class: Type[WebDriverException]\n        e = ErrorCode()\n        error_codes = [item for item in dir(e) if not item.startswith(\"__\")]\n        for error_code in error_codes:\n            error_info = getattr(ErrorCode, error_code)\n            if isinstance(error_info, list) and status in error_info:\n                exception_class = getattr(ExceptionMapping, error_code, WebDriverException)\n                break\n        else:\n            exception_class = WebDriverException\n    \n        if not value:\n            value = response[\"value\"]\n        if isinstance(value, str):\n            raise exception_class(value)\n        if message == \"\" and \"message\" in value:\n            message = value[\"message\"]\n    \n        screen = None  # type: ignore[assignment]\n        if \"screen\" in value:\n            screen = value[\"screen\"]\n    \n        stacktrace = None\n        st_value = value.get(\"stackTrace\") or value.get(\"stacktrace\")\n        if st_value:\n            if isinstance(st_value, str):\n                stacktrace = st_value.split(\"\\n\")\n            else:\n                stacktrace = []\n                try:\n                    for frame in st_value:\n                        line = frame.get(\"lineNumber\", \"\")\n                        file = frame.get(\"fileName\", \"<anonymous>\")\n                        if line:\n                            file = f\"{file}:{line}\"\n                        meth = frame.get(\"methodName\", \"<anonymous>\")\n                        if \"className\" in frame:\n                            meth = f\"{frame['className']}.{meth}\"\n                        msg = \"    at %s (%s)\"\n                        msg = msg % (meth, file)\n                        stacktrace.append(msg)\n                except TypeError:\n                    pass\n        if exception_class == UnexpectedAlertPresentException:\n            alert_text = None\n            if \"data\" in value:\n                alert_text = value[\"data\"].get(\"text\")\n            elif \"alert\" in value:\n                alert_text = value[\"alert\"].get(\"text\")\n            raise exception_class(message, screen, stacktrace, alert_text)  # type: ignore[call-arg]  # mypy is not smart enough here\n>       raise exception_class(message, screen, stacktrace)\nE       selenium.common.exceptions.WebDriverException: Message: unknown error: net::ERR_CONNECTION_REFUSED\nE         (Session info: chrome-headless-shell=124.0.6367.60)\nE       Stacktrace:\nE       #0 0x55ef7806be33 <unknown>\nE       #1 0x55ef77d5b567 <unknown>\nE       #2 0x55ef77d53879 <unknown>\nE       #3 0x55ef77d43852 <unknown>\nE       #4 0x55ef77d44e44 <unknown>\nE       #5 0x55ef77d43bbe <unknown>\nE       #6 0x55ef77d432e0 <unknown>\nE       #7 0x55ef77d43181 <unknown>\nE       #8 0x55ef77d410ec <unknown>\nE       #9 0x55ef77d4160a <unknown>\nE       #10 0x55ef77d5deef <unknown>\nE       #11 0x55ef77de7695 <unknown>\nE       #12 0x55ef77dc8362 <unknown>\nE       #13 0x55ef77de6ae2 <unknown>\nE       #14 0x55ef77dc8103 <unknown>\nE       #15 0x55ef77d991ba <unknown>\nE       #16 0x55ef77d99b8e <unknown>\nE       #17 0x55ef7803059b <unknown>\nE       #18 0x55ef7803434b <unknown>\nE       #19 0x55ef7801c681 <unknown>\nE       #20 0x55ef78034eb2 <unknown>\nE       #21 0x55ef780016af <unknown>\nE       #22 0x55ef7805b428 <unknown>\nE       #23 0x55ef7805b600 <unknown>\nE       #24 0x55ef7806af84 <unknown>\nE       #25 0x7f347bc94ac3 <unknown>\n\n/opt/hostedtoolcache/Python/3.12.3/x64/lib/python3.12/site-packages/selenium/webdriver/remote/errorhandler.py:229: WebDriverException",
  "flaky" : false,
  "newFailed" : false,
  "beforeStages" : [ {
    "name" : "clear_allure_results_folder",
    "time" : {
      "start" : 1714443483373,
      "stop" : 1714443483373,
      "duration" : 0
    },
    "status" : "passed",
    "steps" : [ ],
    "attachments" : [ ],
    "parameters" : [ ],
    "stepsCount" : 0,
    "attachmentsCount" : 0,
    "shouldDisplayMessage" : false,
    "hasContent" : false
  }, {
    "name" : "_session_faker",
    "time" : {
      "start" : 1714443483355,
      "stop" : 1714443483372,
      "duration" : 17
    },
    "status" : "passed",
    "steps" : [ ],
    "attachments" : [ ],
    "parameters" : [ ],
    "stepsCount" : 0,
    "attachmentsCount" : 0,
    "shouldDisplayMessage" : false,
    "hasContent" : false
  }, {
    "name" : "header_open",
    "time" : {
      "start" : 1714443572552,
      "stop" : 1714443572770,
      "duration" : 218
    },
    "status" : "broken",
    "statusMessage" : "selenium.common.exceptions.WebDriverException: Message: unknown error: net::ERR_CONNECTION_REFUSED\n  (Session info: chrome-headless-shell=124.0.6367.60)\nStacktrace:\n#0 0x55ef7806be33 <unknown>\n#1 0x55ef77d5b567 <unknown>\n#2 0x55ef77d53879 <unknown>\n#3 0x55ef77d43852 <unknown>\n#4 0x55ef77d44e44 <unknown>\n#5 0x55ef77d43bbe <unknown>\n#6 0x55ef77d432e0 <unknown>\n#7 0x55ef77d43181 <unknown>\n#8 0x55ef77d410ec <unknown>\n#9 0x55ef77d4160a <unknown>\n#10 0x55ef77d5deef <unknown>\n#11 0x55ef77de7695 <unknown>\n#12 0x55ef77dc8362 <unknown>\n#13 0x55ef77de6ae2 <unknown>\n#14 0x55ef77dc8103 <unknown>\n#15 0x55ef77d991ba <unknown>\n#16 0x55ef77d99b8e <unknown>\n#17 0x55ef7803059b <unknown>\n#18 0x55ef7803434b <unknown>\n#19 0x55ef7801c681 <unknown>\n#20 0x55ef78034eb2 <unknown>\n#21 0x55ef780016af <unknown>\n#22 0x55ef7805b428 <unknown>\n#23 0x55ef7805b600 <unknown>\n#24 0x55ef7806af84 <unknown>\n#25 0x7f347bc94ac3 <unknown>\n\n",
    "statusTrace" : "  File \"/opt/hostedtoolcache/Python/3.12.3/x64/lib/python3.12/site-packages/pluggy/_callers.py\", line 167, in _multicall\n    teardown.throw(outcome._exception)\n  File \"/opt/hostedtoolcache/Python/3.12.3/x64/lib/python3.12/site-packages/_pytest/setuponly.py\", line 36, in pytest_fixture_setup\n    return (yield)\n            ^^^^^\n  File \"/opt/hostedtoolcache/Python/3.12.3/x64/lib/python3.12/site-packages/pluggy/_callers.py\", line 103, in _multicall\n    res = hook_impl.function(*args)\n          ^^^^^^^^^^^^^^^^^^^^^^^^^\n  File \"/opt/hostedtoolcache/Python/3.12.3/x64/lib/python3.12/site-packages/_pytest/fixtures.py\", line 1140, in pytest_fixture_setup\n    result = call_fixture_func(fixturefunc, request, kwargs)\n             ^^^^^^^^^^^^^^^^^^^^^^^^^^^^^^^^^^^^^^^^^^^^^^^\n  File \"/opt/hostedtoolcache/Python/3.12.3/x64/lib/python3.12/site-packages/_pytest/fixtures.py\", line 917, in call_fixture_func\n    fixture_result = fixturefunc(**kwargs)\n                     ^^^^^^^^^^^^^^^^^^^^^\n  File \"/home/runner/work/PulseWave/PulseWave/tests/test_header/conftest.py\", line 8, in header_open\n    driver.get(url)\n  File \"/opt/hostedtoolcache/Python/3.12.3/x64/lib/python3.12/site-packages/selenium/webdriver/remote/webdriver.py\", line 356, in get\n    self.execute(Command.GET, {\"url\": url})\n  File \"/opt/hostedtoolcache/Python/3.12.3/x64/lib/python3.12/site-packages/selenium/webdriver/remote/webdriver.py\", line 347, in execute\n    self.error_handler.check_response(response)\n  File \"/opt/hostedtoolcache/Python/3.12.3/x64/lib/python3.12/site-packages/selenium/webdriver/remote/errorhandler.py\", line 229, in check_response\n    raise exception_class(message, screen, stacktrace)\n",
    "steps" : [ ],
    "attachments" : [ ],
    "parameters" : [ ],
    "stepsCount" : 0,
    "attachmentsCount" : 0,
    "shouldDisplayMessage" : true,
    "hasContent" : true
  }, {
    "name" : "driver",
    "time" : {
      "start" : 1714443572354,
      "stop" : 1714443572552,
      "duration" : 198
    },
    "status" : "passed",
    "steps" : [ ],
    "attachments" : [ ],
    "parameters" : [ ],
    "stepsCount" : 0,
    "attachmentsCount" : 0,
    "shouldDisplayMessage" : false,
    "hasContent" : false
  } ],
  "afterStages" : [ {
    "name" : "driver::0",
    "time" : {
      "start" : 1714443572803,
      "stop" : 1714443572860,
      "duration" : 57
    },
    "status" : "passed",
    "steps" : [ ],
    "attachments" : [ ],
    "parameters" : [ ],
    "stepsCount" : 0,
    "attachmentsCount" : 0,
    "shouldDisplayMessage" : false,
    "hasContent" : false
  } ],
  "labels" : [ {
    "name" : "epic",
    "value" : "Тестирование Хедера"
  }, {
    "name" : "tag",
    "value" : "smoke"
  }, {
    "name" : "parentSuite",
    "value" : "tests.test_header"
  }, {
    "name" : "suite",
    "value" : "test_header"
  }, {
    "name" : "subSuite",
    "value" : "TestHeader"
  }, {
    "name" : "host",
    "value" : "fv-az1385-609"
  }, {
    "name" : "thread",
    "value" : "2312-MainThread"
  }, {
    "name" : "framework",
    "value" : "pytest"
  }, {
    "name" : "language",
    "value" : "cpython3"
  }, {
    "name" : "package",
    "value" : "tests.test_header.test_header"
  }, {
    "name" : "resultFormat",
    "value" : "allure2"
  } ],
  "parameters" : [ {
    "name" : "browser",
    "value" : "'chrome'"
  }, {
    "name" : "url",
    "value" : "'https://pulsewave.ru/'"
  } ],
  "links" : [ ],
  "hidden" : false,
  "retry" : false,
  "extra" : {
    "severity" : "normal",
    "retries" : [ ],
    "categories" : [ {
      "name" : "Test defects",
      "matchedStatuses" : [ ],
      "flaky" : false
    } ],
    "history" : {
      "statistic" : {
        "failed" : 0,
        "broken" : 3,
        "skipped" : 0,
        "passed" : 11,
        "unknown" : 0,
        "total" : 14
      },
      "items" : [ {
        "uid" : "bb954c1ff2041a6e",
        "reportUrl" : "https://Nat754.github.io/PulseWave/9//#testresult/bb954c1ff2041a6e",
        "status" : "broken",
        "statusDetails" : "selenium.common.exceptions.WebDriverException: Message: unknown error: net::ERR_CONNECTION_REFUSED\n  (Session info: chrome-headless-shell=124.0.6367.60)\nStacktrace:\n#0 0x5568cdf18e33 <unknown>\n#1 0x5568cdc08567 <unknown>\n#2 0x5568cdc00879 <unknown>\n#3 0x5568cdbf0852 <unknown>\n#4 0x5568cdbf1e44 <unknown>\n#5 0x5568cdbf0bbe <unknown>\n#6 0x5568cdbf02e0 <unknown>\n#7 0x5568cdbf0181 <unknown>\n#8 0x5568cdbee0ec <unknown>\n#9 0x5568cdbee60a <unknown>\n#10 0x5568cdc0aeef <unknown>\n#11 0x5568cdc94695 <unknown>\n#12 0x5568cdc75362 <unknown>\n#13 0x5568cdc93ae2 <unknown>\n#14 0x5568cdc75103 <unknown>\n#15 0x5568cdc461ba <unknown>\n#16 0x5568cdc46b8e <unknown>\n#17 0x5568cdedd59b <unknown>\n#18 0x5568cdee134b <unknown>\n#19 0x5568cdec9681 <unknown>\n#20 0x5568cdee1eb2 <unknown>\n#21 0x5568cdeae6af <unknown>\n#22 0x5568cdf08428 <unknown>\n#23 0x5568cdf08600 <unknown>\n#24 0x5568cdf17f84 <unknown>\n#25 0x7f5eb7094ac3 <unknown>",
        "time" : {
          "start" : 1714357229113,
          "stop" : 1714357229113,
          "duration" : 0
        }
      }, {
        "uid" : "2c60ad3f1ab59e88",
        "reportUrl" : "https://Nat754.github.io/PulseWave/8//#testresult/2c60ad3f1ab59e88",
        "status" : "broken",
        "statusDetails" : "selenium.common.exceptions.TimeoutException: Message: \nStacktrace:\n#0 0x559e5ea50e33 <unknown>\n#1 0x559e5e740567 <unknown>\n#2 0x559e5e78b27d <unknown>\n#3 0x559e5e78b331 <unknown>\n#4 0x559e5e7ce624 <unknown>\n#5 0x559e5e7ad38d <unknown>\n#6 0x559e5e7cbae2 <unknown>\n#7 0x559e5e7ad103 <unknown>\n#8 0x559e5e77e1ba <unknown>\n#9 0x559e5e77eb8e <unknown>\n#10 0x559e5ea1559b <unknown>\n#11 0x559e5ea1934b <unknown>\n#12 0x559e5ea01681 <unknown>\n#13 0x559e5ea19eb2 <unknown>\n#14 0x559e5e9e66af <unknown>\n#15 0x559e5ea40428 <unknown>\n#16 0x559e5ea40600 <unknown>\n#17 0x559e5ea4ff84 <unknown>\n#18 0x7fc25aa94ac3 <unknown>",
        "time" : {
          "start" : 1714272296600,
          "stop" : 1714272296600,
          "duration" : 0
        }
      }, {
        "uid" : "370d088a70851f88",
        "reportUrl" : "https://Nat754.github.io/PulseWave/7//#testresult/370d088a70851f88",
        "status" : "passed",
        "time" : {
          "start" : 1714184919029,
          "stop" : 1714184919093,
          "duration" : 64
        }
      }, {
        "uid" : "f8904aaa518ffc01",
        "reportUrl" : "https://Nat754.github.io/PulseWave/6//#testresult/f8904aaa518ffc01",
        "status" : "passed",
        "time" : {
          "start" : 1714148399566,
          "stop" : 1714148399634,
          "duration" : 68
        }
      }, {
        "uid" : "85b4de88274aa686",
        "reportUrl" : "https://Nat754.github.io/PulseWave/6//#testresult/85b4de88274aa686",
        "status" : "passed",
        "time" : {
          "start" : 1714098447505,
          "stop" : 1714098447567,
          "duration" : 62
        }
      }, {
        "uid" : "8330704ae87393c0",
        "reportUrl" : "https://Nat754.github.io/PulseWave/5//#testresult/8330704ae87393c0",
        "status" : "passed",
        "time" : {
          "start" : 1714014338590,
          "stop" : 1714014338652,
          "duration" : 62
        }
      }, {
        "uid" : "298a507bbb7c83b5",
        "reportUrl" : "https://Nat754.github.io/PulseWave/211//#testresult/298a507bbb7c83b5",
        "status" : "passed",
        "time" : {
          "start" : 1713945830240,
          "stop" : 1713945830304,
          "duration" : 64
        }
      }, {
        "uid" : "aca43519d2e8ad6b",
        "reportUrl" : "https://Nat754.github.io/PulseWave/4//#testresult/aca43519d2e8ad6b",
        "status" : "passed",
        "time" : {
          "start" : 1713925623270,
          "stop" : 1713925623336,
          "duration" : 66
        }
      }, {
        "uid" : "17b9612d87b5ed53",
        "reportUrl" : "https://Nat754.github.io/PulseWave/211//#testresult/17b9612d87b5ed53",
        "status" : "passed",
        "time" : {
          "start" : 1713901469786,
          "stop" : 1713901469851,
          "duration" : 65
        }
      }, {
        "uid" : "ea91233fafa22f8b",
        "reportUrl" : "https://Nat754.github.io/PulseWave/210//#testresult/ea91233fafa22f8b",
        "status" : "passed",
        "time" : {
          "start" : 1713885654769,
          "stop" : 1713885654837,
          "duration" : 68
        }
      }, {
        "uid" : "5278dfb5fbf7b825",
        "reportUrl" : "https://Nat754.github.io/PulseWave/209//#testresult/5278dfb5fbf7b825",
        "status" : "passed",
        "time" : {
          "start" : 1713883556077,
          "stop" : 1713883556141,
          "duration" : 64
        }
      }, {
        "uid" : "f4777a4bec9a50df",
        "reportUrl" : "https://Nat754.github.io/PulseWave/209//#testresult/f4777a4bec9a50df",
        "status" : "passed",
        "time" : {
          "start" : 1713882070421,
          "stop" : 1713882070485,
          "duration" : 64
        }
      }, {
        "uid" : "664ffa9e14de308",
        "reportUrl" : "https://Nat754.github.io/PulseWave/208//#testresult/664ffa9e14de308",
        "status" : "passed",
        "time" : {
          "start" : 1713879245592,
          "stop" : 1713879245661,
          "duration" : 69
        }
      } ]
    },
    "tags" : [ "smoke" ]
  },
  "source" : "383b833b7604eb9e.json",
  "parameterValues" : [ "'chrome'", "'https://pulsewave.ru/'" ]
}