{
  "uid" : "6573c08a06c6185e",
  "name" : "Проверка видимости аватара",
  "fullName" : "tests.test_workspace_page.test_workspace_page.TestWorkspacePage#test_avatar_is_visible",
  "historyId" : "6a9ab628da41cdbb6d13577a1e5aa598",
  "time" : {
    "start" : 1714443624838,
    "stop" : 1714443624838,
    "duration" : 0
  },
  "status" : "broken",
  "statusMessage" : "selenium.common.exceptions.WebDriverException: Message: unknown error: net::ERR_CONNECTION_REFUSED\n  (Session info: chrome-headless-shell=124.0.6367.60)\nStacktrace:\n#0 0x559d42f1ee33 <unknown>\n#1 0x559d42c0e567 <unknown>\n#2 0x559d42c06879 <unknown>\n#3 0x559d42bf6852 <unknown>\n#4 0x559d42bf7e44 <unknown>\n#5 0x559d42bf6bbe <unknown>\n#6 0x559d42bf62e0 <unknown>\n#7 0x559d42bf6181 <unknown>\n#8 0x559d42bf40ec <unknown>\n#9 0x559d42bf460a <unknown>\n#10 0x559d42c10eef <unknown>\n#11 0x559d42c9a695 <unknown>\n#12 0x559d42c7b362 <unknown>\n#13 0x559d42c99ae2 <unknown>\n#14 0x559d42c7b103 <unknown>\n#15 0x559d42c4c1ba <unknown>\n#16 0x559d42c4cb8e <unknown>\n#17 0x559d42ee359b <unknown>\n#18 0x559d42ee734b <unknown>\n#19 0x559d42ecf681 <unknown>\n#20 0x559d42ee7eb2 <unknown>\n#21 0x559d42eb46af <unknown>\n#22 0x559d42f0e428 <unknown>\n#23 0x559d42f0e600 <unknown>\n#24 0x559d42f1df84 <unknown>\n#25 0x7f6437494ac3 <unknown>",
  "statusTrace" : "driver = <selenium.webdriver.chrome.webdriver.WebDriver (session=\"191e2e036a92b675bdbdeede1c2e955d\")>\n\n    @pytest.fixture(scope='function')\n    def auth_user(driver):\n        page_auth_user = LoginPage(driver)\n>       driver.get(Constant.LOGIN_PAGE)\n\ntests/conftest.py:10: \n_ _ _ _ _ _ _ _ _ _ _ _ _ _ _ _ _ _ _ _ _ _ _ _ _ _ _ _ _ _ _ _ _ _ _ _ _ _ _ _ \n/opt/hostedtoolcache/Python/3.12.3/x64/lib/python3.12/site-packages/selenium/webdriver/remote/webdriver.py:356: in get\n    self.execute(Command.GET, {\"url\": url})\n/opt/hostedtoolcache/Python/3.12.3/x64/lib/python3.12/site-packages/selenium/webdriver/remote/webdriver.py:347: in execute\n    self.error_handler.check_response(response)\n_ _ _ _ _ _ _ _ _ _ _ _ _ _ _ _ _ _ _ _ _ _ _ _ _ _ _ _ _ _ _ _ _ _ _ _ _ _ _ _ \n\nself = <selenium.webdriver.remote.errorhandler.ErrorHandler object at 0x7f17c7c2b140>\nresponse = {'status': 500, 'value': '{\"value\":{\"error\":\"unknown error\",\"message\":\"unknown error: net::ERR_CONNECTION_REFUSED\\\\n  ...\\\\n#23 0x559d42f0e600 \\\\u003Cunknown>\\\\n#24 0x559d42f1df84 \\\\u003Cunknown>\\\\n#25 0x7f6437494ac3 \\\\u003Cunknown>\\\\n\"}}'}\n\n    def check_response(self, response: Dict[str, Any]) -> None:\n        \"\"\"Checks that a JSON response from the WebDriver does not have an\n        error.\n    \n        :Args:\n         - response - The JSON response from the WebDriver server as a dictionary\n           object.\n    \n        :Raises: If the response contains an error message.\n        \"\"\"\n        status = response.get(\"status\", None)\n        if not status or status == ErrorCode.SUCCESS:\n            return\n        value = None\n        message = response.get(\"message\", \"\")\n        screen: str = response.get(\"screen\", \"\")\n        stacktrace = None\n        if isinstance(status, int):\n            value_json = response.get(\"value\", None)\n            if value_json and isinstance(value_json, str):\n                import json\n    \n                try:\n                    value = json.loads(value_json)\n                    if len(value) == 1:\n                        value = value[\"value\"]\n                    status = value.get(\"error\", None)\n                    if not status:\n                        status = value.get(\"status\", ErrorCode.UNKNOWN_ERROR)\n                        message = value.get(\"value\") or value.get(\"message\")\n                        if not isinstance(message, str):\n                            value = message\n                            message = message.get(\"message\")\n                    else:\n                        message = value.get(\"message\", None)\n                except ValueError:\n                    pass\n    \n        exception_class: Type[WebDriverException]\n        e = ErrorCode()\n        error_codes = [item for item in dir(e) if not item.startswith(\"__\")]\n        for error_code in error_codes:\n            error_info = getattr(ErrorCode, error_code)\n            if isinstance(error_info, list) and status in error_info:\n                exception_class = getattr(ExceptionMapping, error_code, WebDriverException)\n                break\n        else:\n            exception_class = WebDriverException\n    \n        if not value:\n            value = response[\"value\"]\n        if isinstance(value, str):\n            raise exception_class(value)\n        if message == \"\" and \"message\" in value:\n            message = value[\"message\"]\n    \n        screen = None  # type: ignore[assignment]\n        if \"screen\" in value:\n            screen = value[\"screen\"]\n    \n        stacktrace = None\n        st_value = value.get(\"stackTrace\") or value.get(\"stacktrace\")\n        if st_value:\n            if isinstance(st_value, str):\n                stacktrace = st_value.split(\"\\n\")\n            else:\n                stacktrace = []\n                try:\n                    for frame in st_value:\n                        line = frame.get(\"lineNumber\", \"\")\n                        file = frame.get(\"fileName\", \"<anonymous>\")\n                        if line:\n                            file = f\"{file}:{line}\"\n                        meth = frame.get(\"methodName\", \"<anonymous>\")\n                        if \"className\" in frame:\n                            meth = f\"{frame['className']}.{meth}\"\n                        msg = \"    at %s (%s)\"\n                        msg = msg % (meth, file)\n                        stacktrace.append(msg)\n                except TypeError:\n                    pass\n        if exception_class == UnexpectedAlertPresentException:\n            alert_text = None\n            if \"data\" in value:\n                alert_text = value[\"data\"].get(\"text\")\n            elif \"alert\" in value:\n                alert_text = value[\"alert\"].get(\"text\")\n            raise exception_class(message, screen, stacktrace, alert_text)  # type: ignore[call-arg]  # mypy is not smart enough here\n>       raise exception_class(message, screen, stacktrace)\nE       selenium.common.exceptions.WebDriverException: Message: unknown error: net::ERR_CONNECTION_REFUSED\nE         (Session info: chrome-headless-shell=124.0.6367.60)\nE       Stacktrace:\nE       #0 0x559d42f1ee33 <unknown>\nE       #1 0x559d42c0e567 <unknown>\nE       #2 0x559d42c06879 <unknown>\nE       #3 0x559d42bf6852 <unknown>\nE       #4 0x559d42bf7e44 <unknown>\nE       #5 0x559d42bf6bbe <unknown>\nE       #6 0x559d42bf62e0 <unknown>\nE       #7 0x559d42bf6181 <unknown>\nE       #8 0x559d42bf40ec <unknown>\nE       #9 0x559d42bf460a <unknown>\nE       #10 0x559d42c10eef <unknown>\nE       #11 0x559d42c9a695 <unknown>\nE       #12 0x559d42c7b362 <unknown>\nE       #13 0x559d42c99ae2 <unknown>\nE       #14 0x559d42c7b103 <unknown>\nE       #15 0x559d42c4c1ba <unknown>\nE       #16 0x559d42c4cb8e <unknown>\nE       #17 0x559d42ee359b <unknown>\nE       #18 0x559d42ee734b <unknown>\nE       #19 0x559d42ecf681 <unknown>\nE       #20 0x559d42ee7eb2 <unknown>\nE       #21 0x559d42eb46af <unknown>\nE       #22 0x559d42f0e428 <unknown>\nE       #23 0x559d42f0e600 <unknown>\nE       #24 0x559d42f1df84 <unknown>\nE       #25 0x7f6437494ac3 <unknown>\n\n/opt/hostedtoolcache/Python/3.12.3/x64/lib/python3.12/site-packages/selenium/webdriver/remote/errorhandler.py:229: WebDriverException",
  "flaky" : false,
  "newFailed" : false,
  "beforeStages" : [ {
    "name" : "clear_allure_results_folder",
    "time" : {
      "start" : 1714443483373,
      "stop" : 1714443483373,
      "duration" : 0
    },
    "status" : "passed",
    "steps" : [ ],
    "attachments" : [ ],
    "parameters" : [ ],
    "stepsCount" : 0,
    "attachmentsCount" : 0,
    "shouldDisplayMessage" : false,
    "hasContent" : false
  }, {
    "name" : "_session_faker",
    "time" : {
      "start" : 1714443483355,
      "stop" : 1714443483372,
      "duration" : 17
    },
    "status" : "passed",
    "steps" : [ ],
    "attachments" : [ ],
    "parameters" : [ ],
    "stepsCount" : 0,
    "attachmentsCount" : 0,
    "shouldDisplayMessage" : false,
    "hasContent" : false
  }, {
    "name" : "auth_user",
    "time" : {
      "start" : 1714443625036,
      "stop" : 1714443625254,
      "duration" : 218
    },
    "status" : "broken",
    "statusMessage" : "selenium.common.exceptions.WebDriverException: Message: unknown error: net::ERR_CONNECTION_REFUSED\n  (Session info: chrome-headless-shell=124.0.6367.60)\nStacktrace:\n#0 0x559d42f1ee33 <unknown>\n#1 0x559d42c0e567 <unknown>\n#2 0x559d42c06879 <unknown>\n#3 0x559d42bf6852 <unknown>\n#4 0x559d42bf7e44 <unknown>\n#5 0x559d42bf6bbe <unknown>\n#6 0x559d42bf62e0 <unknown>\n#7 0x559d42bf6181 <unknown>\n#8 0x559d42bf40ec <unknown>\n#9 0x559d42bf460a <unknown>\n#10 0x559d42c10eef <unknown>\n#11 0x559d42c9a695 <unknown>\n#12 0x559d42c7b362 <unknown>\n#13 0x559d42c99ae2 <unknown>\n#14 0x559d42c7b103 <unknown>\n#15 0x559d42c4c1ba <unknown>\n#16 0x559d42c4cb8e <unknown>\n#17 0x559d42ee359b <unknown>\n#18 0x559d42ee734b <unknown>\n#19 0x559d42ecf681 <unknown>\n#20 0x559d42ee7eb2 <unknown>\n#21 0x559d42eb46af <unknown>\n#22 0x559d42f0e428 <unknown>\n#23 0x559d42f0e600 <unknown>\n#24 0x559d42f1df84 <unknown>\n#25 0x7f6437494ac3 <unknown>\n\n",
    "statusTrace" : "  File \"/opt/hostedtoolcache/Python/3.12.3/x64/lib/python3.12/site-packages/pluggy/_callers.py\", line 167, in _multicall\n    teardown.throw(outcome._exception)\n  File \"/opt/hostedtoolcache/Python/3.12.3/x64/lib/python3.12/site-packages/_pytest/setuponly.py\", line 36, in pytest_fixture_setup\n    return (yield)\n            ^^^^^\n  File \"/opt/hostedtoolcache/Python/3.12.3/x64/lib/python3.12/site-packages/pluggy/_callers.py\", line 103, in _multicall\n    res = hook_impl.function(*args)\n          ^^^^^^^^^^^^^^^^^^^^^^^^^\n  File \"/opt/hostedtoolcache/Python/3.12.3/x64/lib/python3.12/site-packages/_pytest/fixtures.py\", line 1140, in pytest_fixture_setup\n    result = call_fixture_func(fixturefunc, request, kwargs)\n             ^^^^^^^^^^^^^^^^^^^^^^^^^^^^^^^^^^^^^^^^^^^^^^^\n  File \"/opt/hostedtoolcache/Python/3.12.3/x64/lib/python3.12/site-packages/_pytest/fixtures.py\", line 917, in call_fixture_func\n    fixture_result = fixturefunc(**kwargs)\n                     ^^^^^^^^^^^^^^^^^^^^^\n  File \"/home/runner/work/PulseWave/PulseWave/tests/conftest.py\", line 10, in auth_user\n    driver.get(Constant.LOGIN_PAGE)\n  File \"/opt/hostedtoolcache/Python/3.12.3/x64/lib/python3.12/site-packages/selenium/webdriver/remote/webdriver.py\", line 356, in get\n    self.execute(Command.GET, {\"url\": url})\n  File \"/opt/hostedtoolcache/Python/3.12.3/x64/lib/python3.12/site-packages/selenium/webdriver/remote/webdriver.py\", line 347, in execute\n    self.error_handler.check_response(response)\n  File \"/opt/hostedtoolcache/Python/3.12.3/x64/lib/python3.12/site-packages/selenium/webdriver/remote/errorhandler.py\", line 229, in check_response\n    raise exception_class(message, screen, stacktrace)\n",
    "steps" : [ ],
    "attachments" : [ ],
    "parameters" : [ ],
    "stepsCount" : 0,
    "attachmentsCount" : 0,
    "shouldDisplayMessage" : true,
    "hasContent" : true
  }, {
    "name" : "driver",
    "time" : {
      "start" : 1714443624838,
      "stop" : 1714443625036,
      "duration" : 198
    },
    "status" : "passed",
    "steps" : [ ],
    "attachments" : [ ],
    "parameters" : [ ],
    "stepsCount" : 0,
    "attachmentsCount" : 0,
    "shouldDisplayMessage" : false,
    "hasContent" : false
  } ],
  "afterStages" : [ {
    "name" : "driver::0",
    "time" : {
      "start" : 1714443625287,
      "stop" : 1714443625345,
      "duration" : 58
    },
    "status" : "passed",
    "steps" : [ ],
    "attachments" : [ ],
    "parameters" : [ ],
    "stepsCount" : 0,
    "attachmentsCount" : 0,
    "shouldDisplayMessage" : false,
    "hasContent" : false
  } ],
  "labels" : [ {
    "name" : "epic",
    "value" : "Тестирование страницы 'Рабочие пространства'"
  }, {
    "name" : "tag",
    "value" : "regress"
  }, {
    "name" : "parentSuite",
    "value" : "tests.test_workspace_page"
  }, {
    "name" : "suite",
    "value" : "test_workspace_page"
  }, {
    "name" : "subSuite",
    "value" : "TestWorkspacePage"
  }, {
    "name" : "host",
    "value" : "fv-az1385-609"
  }, {
    "name" : "thread",
    "value" : "2312-MainThread"
  }, {
    "name" : "framework",
    "value" : "pytest"
  }, {
    "name" : "language",
    "value" : "cpython3"
  }, {
    "name" : "package",
    "value" : "tests.test_workspace_page.test_workspace_page"
  }, {
    "name" : "resultFormat",
    "value" : "allure2"
  } ],
  "parameters" : [ {
    "name" : "browser",
    "value" : "'chrome'"
  } ],
  "links" : [ ],
  "hidden" : false,
  "retry" : false,
  "extra" : {
    "severity" : "normal",
    "retries" : [ ],
    "categories" : [ {
      "name" : "Test defects",
      "matchedStatuses" : [ ],
      "flaky" : false
    } ],
    "history" : {
      "statistic" : {
        "failed" : 0,
        "broken" : 3,
        "skipped" : 0,
        "passed" : 11,
        "unknown" : 0,
        "total" : 14
      },
      "items" : [ {
        "uid" : "4cfdcb748022fe0c",
        "reportUrl" : "https://Nat754.github.io/PulseWave/9//#testresult/4cfdcb748022fe0c",
        "status" : "broken",
        "statusDetails" : "selenium.common.exceptions.WebDriverException: Message: unknown error: net::ERR_CONNECTION_REFUSED\n  (Session info: chrome-headless-shell=124.0.6367.60)\nStacktrace:\n#0 0x5600ca60de33 <unknown>\n#1 0x5600ca2fd567 <unknown>\n#2 0x5600ca2f5879 <unknown>\n#3 0x5600ca2e5852 <unknown>\n#4 0x5600ca2e6e44 <unknown>\n#5 0x5600ca2e5bbe <unknown>\n#6 0x5600ca2e52e0 <unknown>\n#7 0x5600ca2e5181 <unknown>\n#8 0x5600ca2e30ec <unknown>\n#9 0x5600ca2e360a <unknown>\n#10 0x5600ca2ffeef <unknown>\n#11 0x5600ca389695 <unknown>\n#12 0x5600ca36a362 <unknown>\n#13 0x5600ca388ae2 <unknown>\n#14 0x5600ca36a103 <unknown>\n#15 0x5600ca33b1ba <unknown>\n#16 0x5600ca33bb8e <unknown>\n#17 0x5600ca5d259b <unknown>\n#18 0x5600ca5d634b <unknown>\n#19 0x5600ca5be681 <unknown>\n#20 0x5600ca5d6eb2 <unknown>\n#21 0x5600ca5a36af <unknown>\n#22 0x5600ca5fd428 <unknown>\n#23 0x5600ca5fd600 <unknown>\n#24 0x5600ca60cf84 <unknown>\n#25 0x7fde32a94ac3 <unknown>",
        "time" : {
          "start" : 1714357274686,
          "stop" : 1714357274686,
          "duration" : 0
        }
      }, {
        "uid" : "5ded3190a1056921",
        "reportUrl" : "https://Nat754.github.io/PulseWave/8//#testresult/5ded3190a1056921",
        "status" : "broken",
        "statusDetails" : "selenium.common.exceptions.TimeoutException: Message: \nStacktrace:\n#0 0x55898fdece33 <unknown>\n#1 0x55898fadc567 <unknown>\n#2 0x55898fb2727d <unknown>\n#3 0x55898fb27331 <unknown>\n#4 0x55898fb6a624 <unknown>\n#5 0x55898fb4938d <unknown>\n#6 0x55898fb67ae2 <unknown>\n#7 0x55898fb49103 <unknown>\n#8 0x55898fb1a1ba <unknown>\n#9 0x55898fb1ab8e <unknown>\n#10 0x55898fdb159b <unknown>\n#11 0x55898fdb534b <unknown>\n#12 0x55898fd9d681 <unknown>\n#13 0x55898fdb5eb2 <unknown>\n#14 0x55898fd826af <unknown>\n#15 0x55898fddc428 <unknown>\n#16 0x55898fddc600 <unknown>\n#17 0x55898fdebf84 <unknown>\n#18 0x7f55d0094ac3 <unknown>",
        "time" : {
          "start" : 1714274462583,
          "stop" : 1714274462583,
          "duration" : 0
        }
      }, {
        "uid" : "d29e6adab66800fb",
        "reportUrl" : "https://Nat754.github.io/PulseWave/7//#testresult/d29e6adab66800fb",
        "status" : "passed",
        "time" : {
          "start" : 1714185421878,
          "stop" : 1714185421886,
          "duration" : 8
        }
      }, {
        "uid" : "2b90db8084817ce7",
        "reportUrl" : "https://Nat754.github.io/PulseWave/6//#testresult/2b90db8084817ce7",
        "status" : "passed",
        "time" : {
          "start" : 1714148832163,
          "stop" : 1714148832171,
          "duration" : 8
        }
      }, {
        "uid" : "dc2136a8e61da6f7",
        "reportUrl" : "https://Nat754.github.io/PulseWave/6//#testresult/dc2136a8e61da6f7",
        "status" : "passed",
        "time" : {
          "start" : 1714098882521,
          "stop" : 1714098882529,
          "duration" : 8
        }
      }, {
        "uid" : "1dac57d9c94c11d8",
        "reportUrl" : "https://Nat754.github.io/PulseWave/5//#testresult/1dac57d9c94c11d8",
        "status" : "passed",
        "time" : {
          "start" : 1714014722529,
          "stop" : 1714014722537,
          "duration" : 8
        }
      }, {
        "uid" : "2a54eacfd7dd54b6",
        "reportUrl" : "https://Nat754.github.io/PulseWave/211//#testresult/2a54eacfd7dd54b6",
        "status" : "passed",
        "time" : {
          "start" : 1713946235009,
          "stop" : 1713946235017,
          "duration" : 8
        }
      }, {
        "uid" : "9ed7e60e76d00e55",
        "reportUrl" : "https://Nat754.github.io/PulseWave/4//#testresult/9ed7e60e76d00e55",
        "status" : "passed",
        "time" : {
          "start" : 1713926027601,
          "stop" : 1713926027609,
          "duration" : 8
        }
      }, {
        "uid" : "5a712d159666316c",
        "reportUrl" : "https://Nat754.github.io/PulseWave/211//#testresult/5a712d159666316c",
        "status" : "passed",
        "time" : {
          "start" : 1713901912275,
          "stop" : 1713901912284,
          "duration" : 9
        }
      }, {
        "uid" : "e475c176d5f3544b",
        "reportUrl" : "https://Nat754.github.io/PulseWave/210//#testresult/e475c176d5f3544b",
        "status" : "passed",
        "time" : {
          "start" : 1713886164342,
          "stop" : 1713886164350,
          "duration" : 8
        }
      }, {
        "uid" : "f664e553976bfac",
        "reportUrl" : "https://Nat754.github.io/PulseWave/209//#testresult/f664e553976bfac",
        "status" : "passed",
        "time" : {
          "start" : 1713884048438,
          "stop" : 1713884048446,
          "duration" : 8
        }
      }, {
        "uid" : "6a22319403a3f97",
        "reportUrl" : "https://Nat754.github.io/PulseWave/209//#testresult/6a22319403a3f97",
        "status" : "passed",
        "time" : {
          "start" : 1713882582751,
          "stop" : 1713882582760,
          "duration" : 9
        }
      }, {
        "uid" : "fe1faa007d3cdf0f",
        "reportUrl" : "https://Nat754.github.io/PulseWave/208//#testresult/fe1faa007d3cdf0f",
        "status" : "passed",
        "time" : {
          "start" : 1713879759979,
          "stop" : 1713879759987,
          "duration" : 8
        }
      } ]
    },
    "tags" : [ "regress" ]
  },
  "source" : "6573c08a06c6185e.json",
  "parameterValues" : [ "'chrome'" ]
}