{
  "uid" : "cdabd05015f6d5d2",
  "name" : "test_get_css_property_body_main_subtitle[font-size-16px-\\u0440\\u0430\\u0437\\u043c\\u0435\\u0440\\u0430 \\u0448\\u0440\\u0438\\u0444\\u0442\\u0430-chrome]",
  "fullName" : "tests.test_main_page.test_main_page.TestMainPage#test_get_css_property_body_main_subtitle",
  "historyId" : "2e17a55ef1003063f2976ae3d4520d11",
  "time" : {
    "start" : 1714443603435,
    "stop" : 1714443603435,
    "duration" : 0
  },
  "status" : "broken",
  "statusMessage" : "selenium.common.exceptions.WebDriverException: Message: unknown error: net::ERR_CONNECTION_REFUSED\n  (Session info: chrome-headless-shell=124.0.6367.60)\nStacktrace:\n#0 0x562748835e33 <unknown>\n#1 0x562748525567 <unknown>\n#2 0x56274851d879 <unknown>\n#3 0x56274850d852 <unknown>\n#4 0x56274850ee44 <unknown>\n#5 0x56274850dbbe <unknown>\n#6 0x56274850d2e0 <unknown>\n#7 0x56274850d181 <unknown>\n#8 0x56274850b0ec <unknown>\n#9 0x56274850b60a <unknown>\n#10 0x562748527eef <unknown>\n#11 0x5627485b1695 <unknown>\n#12 0x562748592362 <unknown>\n#13 0x5627485b0ae2 <unknown>\n#14 0x562748592103 <unknown>\n#15 0x5627485631ba <unknown>\n#16 0x562748563b8e <unknown>\n#17 0x5627487fa59b <unknown>\n#18 0x5627487fe34b <unknown>\n#19 0x5627487e6681 <unknown>\n#20 0x5627487feeb2 <unknown>\n#21 0x5627487cb6af <unknown>\n#22 0x562748825428 <unknown>\n#23 0x562748825600 <unknown>\n#24 0x562748834f84 <unknown>\n#25 0x7f2787694ac3 <unknown>",
  "statusTrace" : "driver = <selenium.webdriver.chrome.webdriver.WebDriver (session=\"38cb27ce909cf3d07f6ff3b791c82c38\")>\n\n    @pytest.fixture(scope='function')\n    def main_page_open(driver):\n        main_page = MainPage(driver)\n>       driver.get(Constant.MAIN_PAGE)\n\ntests/test_main_page/conftest.py:9: \n_ _ _ _ _ _ _ _ _ _ _ _ _ _ _ _ _ _ _ _ _ _ _ _ _ _ _ _ _ _ _ _ _ _ _ _ _ _ _ _ \n/opt/hostedtoolcache/Python/3.12.3/x64/lib/python3.12/site-packages/selenium/webdriver/remote/webdriver.py:356: in get\n    self.execute(Command.GET, {\"url\": url})\n/opt/hostedtoolcache/Python/3.12.3/x64/lib/python3.12/site-packages/selenium/webdriver/remote/webdriver.py:347: in execute\n    self.error_handler.check_response(response)\n_ _ _ _ _ _ _ _ _ _ _ _ _ _ _ _ _ _ _ _ _ _ _ _ _ _ _ _ _ _ _ _ _ _ _ _ _ _ _ _ \n\nself = <selenium.webdriver.remote.errorhandler.ErrorHandler object at 0x7f17c7c0a480>\nresponse = {'status': 500, 'value': '{\"value\":{\"error\":\"unknown error\",\"message\":\"unknown error: net::ERR_CONNECTION_REFUSED\\\\n  ...\\\\n#23 0x562748825600 \\\\u003Cunknown>\\\\n#24 0x562748834f84 \\\\u003Cunknown>\\\\n#25 0x7f2787694ac3 \\\\u003Cunknown>\\\\n\"}}'}\n\n    def check_response(self, response: Dict[str, Any]) -> None:\n        \"\"\"Checks that a JSON response from the WebDriver does not have an\n        error.\n    \n        :Args:\n         - response - The JSON response from the WebDriver server as a dictionary\n           object.\n    \n        :Raises: If the response contains an error message.\n        \"\"\"\n        status = response.get(\"status\", None)\n        if not status or status == ErrorCode.SUCCESS:\n            return\n        value = None\n        message = response.get(\"message\", \"\")\n        screen: str = response.get(\"screen\", \"\")\n        stacktrace = None\n        if isinstance(status, int):\n            value_json = response.get(\"value\", None)\n            if value_json and isinstance(value_json, str):\n                import json\n    \n                try:\n                    value = json.loads(value_json)\n                    if len(value) == 1:\n                        value = value[\"value\"]\n                    status = value.get(\"error\", None)\n                    if not status:\n                        status = value.get(\"status\", ErrorCode.UNKNOWN_ERROR)\n                        message = value.get(\"value\") or value.get(\"message\")\n                        if not isinstance(message, str):\n                            value = message\n                            message = message.get(\"message\")\n                    else:\n                        message = value.get(\"message\", None)\n                except ValueError:\n                    pass\n    \n        exception_class: Type[WebDriverException]\n        e = ErrorCode()\n        error_codes = [item for item in dir(e) if not item.startswith(\"__\")]\n        for error_code in error_codes:\n            error_info = getattr(ErrorCode, error_code)\n            if isinstance(error_info, list) and status in error_info:\n                exception_class = getattr(ExceptionMapping, error_code, WebDriverException)\n                break\n        else:\n            exception_class = WebDriverException\n    \n        if not value:\n            value = response[\"value\"]\n        if isinstance(value, str):\n            raise exception_class(value)\n        if message == \"\" and \"message\" in value:\n            message = value[\"message\"]\n    \n        screen = None  # type: ignore[assignment]\n        if \"screen\" in value:\n            screen = value[\"screen\"]\n    \n        stacktrace = None\n        st_value = value.get(\"stackTrace\") or value.get(\"stacktrace\")\n        if st_value:\n            if isinstance(st_value, str):\n                stacktrace = st_value.split(\"\\n\")\n            else:\n                stacktrace = []\n                try:\n                    for frame in st_value:\n                        line = frame.get(\"lineNumber\", \"\")\n                        file = frame.get(\"fileName\", \"<anonymous>\")\n                        if line:\n                            file = f\"{file}:{line}\"\n                        meth = frame.get(\"methodName\", \"<anonymous>\")\n                        if \"className\" in frame:\n                            meth = f\"{frame['className']}.{meth}\"\n                        msg = \"    at %s (%s)\"\n                        msg = msg % (meth, file)\n                        stacktrace.append(msg)\n                except TypeError:\n                    pass\n        if exception_class == UnexpectedAlertPresentException:\n            alert_text = None\n            if \"data\" in value:\n                alert_text = value[\"data\"].get(\"text\")\n            elif \"alert\" in value:\n                alert_text = value[\"alert\"].get(\"text\")\n            raise exception_class(message, screen, stacktrace, alert_text)  # type: ignore[call-arg]  # mypy is not smart enough here\n>       raise exception_class(message, screen, stacktrace)\nE       selenium.common.exceptions.WebDriverException: Message: unknown error: net::ERR_CONNECTION_REFUSED\nE         (Session info: chrome-headless-shell=124.0.6367.60)\nE       Stacktrace:\nE       #0 0x562748835e33 <unknown>\nE       #1 0x562748525567 <unknown>\nE       #2 0x56274851d879 <unknown>\nE       #3 0x56274850d852 <unknown>\nE       #4 0x56274850ee44 <unknown>\nE       #5 0x56274850dbbe <unknown>\nE       #6 0x56274850d2e0 <unknown>\nE       #7 0x56274850d181 <unknown>\nE       #8 0x56274850b0ec <unknown>\nE       #9 0x56274850b60a <unknown>\nE       #10 0x562748527eef <unknown>\nE       #11 0x5627485b1695 <unknown>\nE       #12 0x562748592362 <unknown>\nE       #13 0x5627485b0ae2 <unknown>\nE       #14 0x562748592103 <unknown>\nE       #15 0x5627485631ba <unknown>\nE       #16 0x562748563b8e <unknown>\nE       #17 0x5627487fa59b <unknown>\nE       #18 0x5627487fe34b <unknown>\nE       #19 0x5627487e6681 <unknown>\nE       #20 0x5627487feeb2 <unknown>\nE       #21 0x5627487cb6af <unknown>\nE       #22 0x562748825428 <unknown>\nE       #23 0x562748825600 <unknown>\nE       #24 0x562748834f84 <unknown>\nE       #25 0x7f2787694ac3 <unknown>\n\n/opt/hostedtoolcache/Python/3.12.3/x64/lib/python3.12/site-packages/selenium/webdriver/remote/errorhandler.py:229: WebDriverException",
  "flaky" : false,
  "newFailed" : false,
  "beforeStages" : [ {
    "name" : "main_page_open",
    "time" : {
      "start" : 1714443603635,
      "stop" : 1714443603853,
      "duration" : 218
    },
    "status" : "broken",
    "statusMessage" : "selenium.common.exceptions.WebDriverException: Message: unknown error: net::ERR_CONNECTION_REFUSED\n  (Session info: chrome-headless-shell=124.0.6367.60)\nStacktrace:\n#0 0x562748835e33 <unknown>\n#1 0x562748525567 <unknown>\n#2 0x56274851d879 <unknown>\n#3 0x56274850d852 <unknown>\n#4 0x56274850ee44 <unknown>\n#5 0x56274850dbbe <unknown>\n#6 0x56274850d2e0 <unknown>\n#7 0x56274850d181 <unknown>\n#8 0x56274850b0ec <unknown>\n#9 0x56274850b60a <unknown>\n#10 0x562748527eef <unknown>\n#11 0x5627485b1695 <unknown>\n#12 0x562748592362 <unknown>\n#13 0x5627485b0ae2 <unknown>\n#14 0x562748592103 <unknown>\n#15 0x5627485631ba <unknown>\n#16 0x562748563b8e <unknown>\n#17 0x5627487fa59b <unknown>\n#18 0x5627487fe34b <unknown>\n#19 0x5627487e6681 <unknown>\n#20 0x5627487feeb2 <unknown>\n#21 0x5627487cb6af <unknown>\n#22 0x562748825428 <unknown>\n#23 0x562748825600 <unknown>\n#24 0x562748834f84 <unknown>\n#25 0x7f2787694ac3 <unknown>\n\n",
    "statusTrace" : "  File \"/opt/hostedtoolcache/Python/3.12.3/x64/lib/python3.12/site-packages/pluggy/_callers.py\", line 167, in _multicall\n    teardown.throw(outcome._exception)\n  File \"/opt/hostedtoolcache/Python/3.12.3/x64/lib/python3.12/site-packages/_pytest/setuponly.py\", line 36, in pytest_fixture_setup\n    return (yield)\n            ^^^^^\n  File \"/opt/hostedtoolcache/Python/3.12.3/x64/lib/python3.12/site-packages/pluggy/_callers.py\", line 103, in _multicall\n    res = hook_impl.function(*args)\n          ^^^^^^^^^^^^^^^^^^^^^^^^^\n  File \"/opt/hostedtoolcache/Python/3.12.3/x64/lib/python3.12/site-packages/_pytest/fixtures.py\", line 1140, in pytest_fixture_setup\n    result = call_fixture_func(fixturefunc, request, kwargs)\n             ^^^^^^^^^^^^^^^^^^^^^^^^^^^^^^^^^^^^^^^^^^^^^^^\n  File \"/opt/hostedtoolcache/Python/3.12.3/x64/lib/python3.12/site-packages/_pytest/fixtures.py\", line 917, in call_fixture_func\n    fixture_result = fixturefunc(**kwargs)\n                     ^^^^^^^^^^^^^^^^^^^^^\n  File \"/home/runner/work/PulseWave/PulseWave/tests/test_main_page/conftest.py\", line 9, in main_page_open\n    driver.get(Constant.MAIN_PAGE)\n  File \"/opt/hostedtoolcache/Python/3.12.3/x64/lib/python3.12/site-packages/selenium/webdriver/remote/webdriver.py\", line 356, in get\n    self.execute(Command.GET, {\"url\": url})\n  File \"/opt/hostedtoolcache/Python/3.12.3/x64/lib/python3.12/site-packages/selenium/webdriver/remote/webdriver.py\", line 347, in execute\n    self.error_handler.check_response(response)\n  File \"/opt/hostedtoolcache/Python/3.12.3/x64/lib/python3.12/site-packages/selenium/webdriver/remote/errorhandler.py\", line 229, in check_response\n    raise exception_class(message, screen, stacktrace)\n",
    "steps" : [ ],
    "attachments" : [ ],
    "parameters" : [ ],
    "stepsCount" : 0,
    "attachmentsCount" : 0,
    "shouldDisplayMessage" : true,
    "hasContent" : true
  }, {
    "name" : "driver",
    "time" : {
      "start" : 1714443603436,
      "stop" : 1714443603635,
      "duration" : 199
    },
    "status" : "passed",
    "steps" : [ ],
    "attachments" : [ ],
    "parameters" : [ ],
    "stepsCount" : 0,
    "attachmentsCount" : 0,
    "shouldDisplayMessage" : false,
    "hasContent" : false
  }, {
    "name" : "clear_allure_results_folder",
    "time" : {
      "start" : 1714443483373,
      "stop" : 1714443483373,
      "duration" : 0
    },
    "status" : "passed",
    "steps" : [ ],
    "attachments" : [ ],
    "parameters" : [ ],
    "stepsCount" : 0,
    "attachmentsCount" : 0,
    "shouldDisplayMessage" : false,
    "hasContent" : false
  }, {
    "name" : "_session_faker",
    "time" : {
      "start" : 1714443483355,
      "stop" : 1714443483372,
      "duration" : 17
    },
    "status" : "passed",
    "steps" : [ ],
    "attachments" : [ ],
    "parameters" : [ ],
    "stepsCount" : 0,
    "attachmentsCount" : 0,
    "shouldDisplayMessage" : false,
    "hasContent" : false
  } ],
  "afterStages" : [ {
    "name" : "driver::0",
    "time" : {
      "start" : 1714443603885,
      "stop" : 1714443603943,
      "duration" : 58
    },
    "status" : "passed",
    "steps" : [ ],
    "attachments" : [ ],
    "parameters" : [ ],
    "stepsCount" : 0,
    "attachmentsCount" : 0,
    "shouldDisplayMessage" : false,
    "hasContent" : false
  } ],
  "labels" : [ {
    "name" : "epic",
    "value" : "Тестирование Главной страницы"
  }, {
    "name" : "tag",
    "value" : "regress"
  }, {
    "name" : "parentSuite",
    "value" : "tests.test_main_page"
  }, {
    "name" : "suite",
    "value" : "test_main_page"
  }, {
    "name" : "subSuite",
    "value" : "TestMainPage"
  }, {
    "name" : "host",
    "value" : "fv-az1385-609"
  }, {
    "name" : "thread",
    "value" : "2312-MainThread"
  }, {
    "name" : "framework",
    "value" : "pytest"
  }, {
    "name" : "language",
    "value" : "cpython3"
  }, {
    "name" : "package",
    "value" : "tests.test_main_page.test_main_page"
  }, {
    "name" : "resultFormat",
    "value" : "allure2"
  } ],
  "parameters" : [ {
    "name" : "browser",
    "value" : "'chrome'"
  }, {
    "name" : "css_property",
    "value" : "'font-size'"
  }, {
    "name" : "figma",
    "value" : "'16px'"
  }, {
    "name" : "name",
    "value" : "'размера шрифта'"
  } ],
  "links" : [ ],
  "hidden" : false,
  "retry" : false,
  "extra" : {
    "severity" : "normal",
    "retries" : [ ],
    "categories" : [ {
      "name" : "Test defects",
      "matchedStatuses" : [ ],
      "flaky" : false
    } ],
    "history" : {
      "statistic" : {
        "failed" : 0,
        "broken" : 3,
        "skipped" : 0,
        "passed" : 11,
        "unknown" : 0,
        "total" : 14
      },
      "items" : [ {
        "uid" : "4cc421c972d25da6",
        "reportUrl" : "https://Nat754.github.io/PulseWave/9//#testresult/4cc421c972d25da6",
        "status" : "broken",
        "statusDetails" : "selenium.common.exceptions.WebDriverException: Message: unknown error: net::ERR_CONNECTION_REFUSED\n  (Session info: chrome-headless-shell=124.0.6367.60)\nStacktrace:\n#0 0x56370f8bde33 <unknown>\n#1 0x56370f5ad567 <unknown>\n#2 0x56370f5a5879 <unknown>\n#3 0x56370f595852 <unknown>\n#4 0x56370f596e44 <unknown>\n#5 0x56370f595bbe <unknown>\n#6 0x56370f5952e0 <unknown>\n#7 0x56370f595181 <unknown>\n#8 0x56370f5930ec <unknown>\n#9 0x56370f59360a <unknown>\n#10 0x56370f5afeef <unknown>\n#11 0x56370f639695 <unknown>\n#12 0x56370f61a362 <unknown>\n#13 0x56370f638ae2 <unknown>\n#14 0x56370f61a103 <unknown>\n#15 0x56370f5eb1ba <unknown>\n#16 0x56370f5ebb8e <unknown>\n#17 0x56370f88259b <unknown>\n#18 0x56370f88634b <unknown>\n#19 0x56370f86e681 <unknown>\n#20 0x56370f886eb2 <unknown>\n#21 0x56370f8536af <unknown>\n#22 0x56370f8ad428 <unknown>\n#23 0x56370f8ad600 <unknown>\n#24 0x56370f8bcf84 <unknown>\n#25 0x7f6219e94ac3 <unknown>",
        "time" : {
          "start" : 1714357256107,
          "stop" : 1714357256107,
          "duration" : 0
        }
      }, {
        "uid" : "4f72f73fb8e97069",
        "reportUrl" : "https://Nat754.github.io/PulseWave/8//#testresult/4f72f73fb8e97069",
        "status" : "broken",
        "statusDetails" : "selenium.common.exceptions.TimeoutException: Message: \nStacktrace:\n#0 0x559a07743e33 <unknown>\n#1 0x559a07433567 <unknown>\n#2 0x559a0747e27d <unknown>\n#3 0x559a0747e331 <unknown>\n#4 0x559a074c1624 <unknown>\n#5 0x559a074a038d <unknown>\n#6 0x559a074beae2 <unknown>\n#7 0x559a074a0103 <unknown>\n#8 0x559a074711ba <unknown>\n#9 0x559a07471b8e <unknown>\n#10 0x559a0770859b <unknown>\n#11 0x559a0770c34b <unknown>\n#12 0x559a076f4681 <unknown>\n#13 0x559a0770ceb2 <unknown>\n#14 0x559a076d96af <unknown>\n#15 0x559a07733428 <unknown>\n#16 0x559a07733600 <unknown>\n#17 0x559a07742f84 <unknown>\n#18 0x7fd726894ac3 <unknown>",
        "time" : {
          "start" : 1714273579551,
          "stop" : 1714273579551,
          "duration" : 0
        }
      }, {
        "uid" : "9d4203b43b549501",
        "reportUrl" : "https://Nat754.github.io/PulseWave/7//#testresult/9d4203b43b549501",
        "status" : "passed",
        "time" : {
          "start" : 1714185157529,
          "stop" : 1714185157565,
          "duration" : 36
        }
      }, {
        "uid" : "4524472cc0866bc8",
        "reportUrl" : "https://Nat754.github.io/PulseWave/6//#testresult/4524472cc0866bc8",
        "status" : "passed",
        "time" : {
          "start" : 1714148593596,
          "stop" : 1714148593633,
          "duration" : 37
        }
      }, {
        "uid" : "2cf4cd47e89aa0d6",
        "reportUrl" : "https://Nat754.github.io/PulseWave/6//#testresult/2cf4cd47e89aa0d6",
        "status" : "passed",
        "time" : {
          "start" : 1714098643614,
          "stop" : 1714098643647,
          "duration" : 33
        }
      }, {
        "uid" : "7703a650ff961023",
        "reportUrl" : "https://Nat754.github.io/PulseWave/5//#testresult/7703a650ff961023",
        "status" : "passed",
        "time" : {
          "start" : 1714014505186,
          "stop" : 1714014505220,
          "duration" : 34
        }
      }, {
        "uid" : "605e25d9738a557c",
        "reportUrl" : "https://Nat754.github.io/PulseWave/211//#testresult/605e25d9738a557c",
        "status" : "passed",
        "time" : {
          "start" : 1713946009658,
          "stop" : 1713946009691,
          "duration" : 33
        }
      }, {
        "uid" : "ecd5a8d1f5c718f",
        "reportUrl" : "https://Nat754.github.io/PulseWave/4//#testresult/ecd5a8d1f5c718f",
        "status" : "passed",
        "time" : {
          "start" : 1713925800478,
          "stop" : 1713925800510,
          "duration" : 32
        }
      }, {
        "uid" : "36d16deef562f6a7",
        "reportUrl" : "https://Nat754.github.io/PulseWave/211//#testresult/36d16deef562f6a7",
        "status" : "passed",
        "time" : {
          "start" : 1713901670569,
          "stop" : 1713901670603,
          "duration" : 34
        }
      }, {
        "uid" : "b38c929bffc89cf0",
        "reportUrl" : "https://Nat754.github.io/PulseWave/210//#testresult/b38c929bffc89cf0",
        "status" : "passed",
        "time" : {
          "start" : 1713885894444,
          "stop" : 1713885894478,
          "duration" : 34
        }
      }, {
        "uid" : "529eb8591aa745a1",
        "reportUrl" : "https://Nat754.github.io/PulseWave/209//#testresult/529eb8591aa745a1",
        "status" : "passed",
        "time" : {
          "start" : 1713883783053,
          "stop" : 1713883783085,
          "duration" : 32
        }
      }, {
        "uid" : "2907fce8b4c9f7d4",
        "reportUrl" : "https://Nat754.github.io/PulseWave/209//#testresult/2907fce8b4c9f7d4",
        "status" : "passed",
        "time" : {
          "start" : 1713882312781,
          "stop" : 1713882312817,
          "duration" : 36
        }
      }, {
        "uid" : "4721f876d6aa098",
        "reportUrl" : "https://Nat754.github.io/PulseWave/208//#testresult/4721f876d6aa098",
        "status" : "passed",
        "time" : {
          "start" : 1713879491176,
          "stop" : 1713879491211,
          "duration" : 35
        }
      } ]
    },
    "tags" : [ "regress" ]
  },
  "source" : "cdabd05015f6d5d2.json",
  "parameterValues" : [ "'chrome'", "'font-size'", "'16px'", "'размера шрифта'" ]
}