{
  "uid" : "d660624ecd9ff5ba",
  "name" : "Проверка текста кнопки 'Регистрация'",
  "fullName" : "tests.test_header.test_header.TestHeader#test_get_text_header_auth_signup",
  "historyId" : "b1076a75f8b2bd91eae724a809cc857c",
  "time" : {
    "start" : 1714443571849,
    "stop" : 1714443571849,
    "duration" : 0
  },
  "status" : "broken",
  "statusMessage" : "selenium.common.exceptions.WebDriverException: Message: unknown error: net::ERR_CONNECTION_REFUSED\n  (Session info: chrome-headless-shell=124.0.6367.60)\nStacktrace:\n#0 0x555c0778de33 <unknown>\n#1 0x555c0747d567 <unknown>\n#2 0x555c07475879 <unknown>\n#3 0x555c07465852 <unknown>\n#4 0x555c07466e44 <unknown>\n#5 0x555c07465bbe <unknown>\n#6 0x555c074652e0 <unknown>\n#7 0x555c07465181 <unknown>\n#8 0x555c074630ec <unknown>\n#9 0x555c0746360a <unknown>\n#10 0x555c0747feef <unknown>\n#11 0x555c07509695 <unknown>\n#12 0x555c074ea362 <unknown>\n#13 0x555c07508ae2 <unknown>\n#14 0x555c074ea103 <unknown>\n#15 0x555c074bb1ba <unknown>\n#16 0x555c074bbb8e <unknown>\n#17 0x555c0775259b <unknown>\n#18 0x555c0775634b <unknown>\n#19 0x555c0773e681 <unknown>\n#20 0x555c07756eb2 <unknown>\n#21 0x555c077236af <unknown>\n#22 0x555c0777d428 <unknown>\n#23 0x555c0777d600 <unknown>\n#24 0x555c0778cf84 <unknown>\n#25 0x7fb0cc694ac3 <unknown>",
  "statusTrace" : "driver = <selenium.webdriver.chrome.webdriver.WebDriver (session=\"79d90ff0ba307be5fb6aff58fab3cf70\")>\nurl = 'https://pulsewave.ru/auth/password?email='\n\n    @pytest.fixture()\n    def header_open(driver, url):\n        page = HeaderPage(driver)\n>       driver.get(url)\n\ntests/test_header/conftest.py:8: \n_ _ _ _ _ _ _ _ _ _ _ _ _ _ _ _ _ _ _ _ _ _ _ _ _ _ _ _ _ _ _ _ _ _ _ _ _ _ _ _ \n/opt/hostedtoolcache/Python/3.12.3/x64/lib/python3.12/site-packages/selenium/webdriver/remote/webdriver.py:356: in get\n    self.execute(Command.GET, {\"url\": url})\n/opt/hostedtoolcache/Python/3.12.3/x64/lib/python3.12/site-packages/selenium/webdriver/remote/webdriver.py:347: in execute\n    self.error_handler.check_response(response)\n_ _ _ _ _ _ _ _ _ _ _ _ _ _ _ _ _ _ _ _ _ _ _ _ _ _ _ _ _ _ _ _ _ _ _ _ _ _ _ _ \n\nself = <selenium.webdriver.remote.errorhandler.ErrorHandler object at 0x7f17c7bff7a0>\nresponse = {'status': 500, 'value': '{\"value\":{\"error\":\"unknown error\",\"message\":\"unknown error: net::ERR_CONNECTION_REFUSED\\\\n  ...\\\\n#23 0x555c0777d600 \\\\u003Cunknown>\\\\n#24 0x555c0778cf84 \\\\u003Cunknown>\\\\n#25 0x7fb0cc694ac3 \\\\u003Cunknown>\\\\n\"}}'}\n\n    def check_response(self, response: Dict[str, Any]) -> None:\n        \"\"\"Checks that a JSON response from the WebDriver does not have an\n        error.\n    \n        :Args:\n         - response - The JSON response from the WebDriver server as a dictionary\n           object.\n    \n        :Raises: If the response contains an error message.\n        \"\"\"\n        status = response.get(\"status\", None)\n        if not status or status == ErrorCode.SUCCESS:\n            return\n        value = None\n        message = response.get(\"message\", \"\")\n        screen: str = response.get(\"screen\", \"\")\n        stacktrace = None\n        if isinstance(status, int):\n            value_json = response.get(\"value\", None)\n            if value_json and isinstance(value_json, str):\n                import json\n    \n                try:\n                    value = json.loads(value_json)\n                    if len(value) == 1:\n                        value = value[\"value\"]\n                    status = value.get(\"error\", None)\n                    if not status:\n                        status = value.get(\"status\", ErrorCode.UNKNOWN_ERROR)\n                        message = value.get(\"value\") or value.get(\"message\")\n                        if not isinstance(message, str):\n                            value = message\n                            message = message.get(\"message\")\n                    else:\n                        message = value.get(\"message\", None)\n                except ValueError:\n                    pass\n    \n        exception_class: Type[WebDriverException]\n        e = ErrorCode()\n        error_codes = [item for item in dir(e) if not item.startswith(\"__\")]\n        for error_code in error_codes:\n            error_info = getattr(ErrorCode, error_code)\n            if isinstance(error_info, list) and status in error_info:\n                exception_class = getattr(ExceptionMapping, error_code, WebDriverException)\n                break\n        else:\n            exception_class = WebDriverException\n    \n        if not value:\n            value = response[\"value\"]\n        if isinstance(value, str):\n            raise exception_class(value)\n        if message == \"\" and \"message\" in value:\n            message = value[\"message\"]\n    \n        screen = None  # type: ignore[assignment]\n        if \"screen\" in value:\n            screen = value[\"screen\"]\n    \n        stacktrace = None\n        st_value = value.get(\"stackTrace\") or value.get(\"stacktrace\")\n        if st_value:\n            if isinstance(st_value, str):\n                stacktrace = st_value.split(\"\\n\")\n            else:\n                stacktrace = []\n                try:\n                    for frame in st_value:\n                        line = frame.get(\"lineNumber\", \"\")\n                        file = frame.get(\"fileName\", \"<anonymous>\")\n                        if line:\n                            file = f\"{file}:{line}\"\n                        meth = frame.get(\"methodName\", \"<anonymous>\")\n                        if \"className\" in frame:\n                            meth = f\"{frame['className']}.{meth}\"\n                        msg = \"    at %s (%s)\"\n                        msg = msg % (meth, file)\n                        stacktrace.append(msg)\n                except TypeError:\n                    pass\n        if exception_class == UnexpectedAlertPresentException:\n            alert_text = None\n            if \"data\" in value:\n                alert_text = value[\"data\"].get(\"text\")\n            elif \"alert\" in value:\n                alert_text = value[\"alert\"].get(\"text\")\n            raise exception_class(message, screen, stacktrace, alert_text)  # type: ignore[call-arg]  # mypy is not smart enough here\n>       raise exception_class(message, screen, stacktrace)\nE       selenium.common.exceptions.WebDriverException: Message: unknown error: net::ERR_CONNECTION_REFUSED\nE         (Session info: chrome-headless-shell=124.0.6367.60)\nE       Stacktrace:\nE       #0 0x555c0778de33 <unknown>\nE       #1 0x555c0747d567 <unknown>\nE       #2 0x555c07475879 <unknown>\nE       #3 0x555c07465852 <unknown>\nE       #4 0x555c07466e44 <unknown>\nE       #5 0x555c07465bbe <unknown>\nE       #6 0x555c074652e0 <unknown>\nE       #7 0x555c07465181 <unknown>\nE       #8 0x555c074630ec <unknown>\nE       #9 0x555c0746360a <unknown>\nE       #10 0x555c0747feef <unknown>\nE       #11 0x555c07509695 <unknown>\nE       #12 0x555c074ea362 <unknown>\nE       #13 0x555c07508ae2 <unknown>\nE       #14 0x555c074ea103 <unknown>\nE       #15 0x555c074bb1ba <unknown>\nE       #16 0x555c074bbb8e <unknown>\nE       #17 0x555c0775259b <unknown>\nE       #18 0x555c0775634b <unknown>\nE       #19 0x555c0773e681 <unknown>\nE       #20 0x555c07756eb2 <unknown>\nE       #21 0x555c077236af <unknown>\nE       #22 0x555c0777d428 <unknown>\nE       #23 0x555c0777d600 <unknown>\nE       #24 0x555c0778cf84 <unknown>\nE       #25 0x7fb0cc694ac3 <unknown>\n\n/opt/hostedtoolcache/Python/3.12.3/x64/lib/python3.12/site-packages/selenium/webdriver/remote/errorhandler.py:229: WebDriverException",
  "flaky" : false,
  "newFailed" : false,
  "beforeStages" : [ {
    "name" : "driver",
    "time" : {
      "start" : 1714443571849,
      "stop" : 1714443572045,
      "duration" : 196
    },
    "status" : "passed",
    "steps" : [ ],
    "attachments" : [ ],
    "parameters" : [ ],
    "stepsCount" : 0,
    "attachmentsCount" : 0,
    "shouldDisplayMessage" : false,
    "hasContent" : false
  }, {
    "name" : "clear_allure_results_folder",
    "time" : {
      "start" : 1714443483373,
      "stop" : 1714443483373,
      "duration" : 0
    },
    "status" : "passed",
    "steps" : [ ],
    "attachments" : [ ],
    "parameters" : [ ],
    "stepsCount" : 0,
    "attachmentsCount" : 0,
    "shouldDisplayMessage" : false,
    "hasContent" : false
  }, {
    "name" : "_session_faker",
    "time" : {
      "start" : 1714443483355,
      "stop" : 1714443483372,
      "duration" : 17
    },
    "status" : "passed",
    "steps" : [ ],
    "attachments" : [ ],
    "parameters" : [ ],
    "stepsCount" : 0,
    "attachmentsCount" : 0,
    "shouldDisplayMessage" : false,
    "hasContent" : false
  }, {
    "name" : "header_open",
    "time" : {
      "start" : 1714443572046,
      "stop" : 1714443572263,
      "duration" : 217
    },
    "status" : "broken",
    "statusMessage" : "selenium.common.exceptions.WebDriverException: Message: unknown error: net::ERR_CONNECTION_REFUSED\n  (Session info: chrome-headless-shell=124.0.6367.60)\nStacktrace:\n#0 0x555c0778de33 <unknown>\n#1 0x555c0747d567 <unknown>\n#2 0x555c07475879 <unknown>\n#3 0x555c07465852 <unknown>\n#4 0x555c07466e44 <unknown>\n#5 0x555c07465bbe <unknown>\n#6 0x555c074652e0 <unknown>\n#7 0x555c07465181 <unknown>\n#8 0x555c074630ec <unknown>\n#9 0x555c0746360a <unknown>\n#10 0x555c0747feef <unknown>\n#11 0x555c07509695 <unknown>\n#12 0x555c074ea362 <unknown>\n#13 0x555c07508ae2 <unknown>\n#14 0x555c074ea103 <unknown>\n#15 0x555c074bb1ba <unknown>\n#16 0x555c074bbb8e <unknown>\n#17 0x555c0775259b <unknown>\n#18 0x555c0775634b <unknown>\n#19 0x555c0773e681 <unknown>\n#20 0x555c07756eb2 <unknown>\n#21 0x555c077236af <unknown>\n#22 0x555c0777d428 <unknown>\n#23 0x555c0777d600 <unknown>\n#24 0x555c0778cf84 <unknown>\n#25 0x7fb0cc694ac3 <unknown>\n\n",
    "statusTrace" : "  File \"/opt/hostedtoolcache/Python/3.12.3/x64/lib/python3.12/site-packages/pluggy/_callers.py\", line 167, in _multicall\n    teardown.throw(outcome._exception)\n  File \"/opt/hostedtoolcache/Python/3.12.3/x64/lib/python3.12/site-packages/_pytest/setuponly.py\", line 36, in pytest_fixture_setup\n    return (yield)\n            ^^^^^\n  File \"/opt/hostedtoolcache/Python/3.12.3/x64/lib/python3.12/site-packages/pluggy/_callers.py\", line 103, in _multicall\n    res = hook_impl.function(*args)\n          ^^^^^^^^^^^^^^^^^^^^^^^^^\n  File \"/opt/hostedtoolcache/Python/3.12.3/x64/lib/python3.12/site-packages/_pytest/fixtures.py\", line 1140, in pytest_fixture_setup\n    result = call_fixture_func(fixturefunc, request, kwargs)\n             ^^^^^^^^^^^^^^^^^^^^^^^^^^^^^^^^^^^^^^^^^^^^^^^\n  File \"/opt/hostedtoolcache/Python/3.12.3/x64/lib/python3.12/site-packages/_pytest/fixtures.py\", line 917, in call_fixture_func\n    fixture_result = fixturefunc(**kwargs)\n                     ^^^^^^^^^^^^^^^^^^^^^\n  File \"/home/runner/work/PulseWave/PulseWave/tests/test_header/conftest.py\", line 8, in header_open\n    driver.get(url)\n  File \"/opt/hostedtoolcache/Python/3.12.3/x64/lib/python3.12/site-packages/selenium/webdriver/remote/webdriver.py\", line 356, in get\n    self.execute(Command.GET, {\"url\": url})\n  File \"/opt/hostedtoolcache/Python/3.12.3/x64/lib/python3.12/site-packages/selenium/webdriver/remote/webdriver.py\", line 347, in execute\n    self.error_handler.check_response(response)\n  File \"/opt/hostedtoolcache/Python/3.12.3/x64/lib/python3.12/site-packages/selenium/webdriver/remote/errorhandler.py\", line 229, in check_response\n    raise exception_class(message, screen, stacktrace)\n",
    "steps" : [ ],
    "attachments" : [ ],
    "parameters" : [ ],
    "stepsCount" : 0,
    "attachmentsCount" : 0,
    "shouldDisplayMessage" : true,
    "hasContent" : true
  } ],
  "afterStages" : [ {
    "name" : "driver::0",
    "time" : {
      "start" : 1714443572294,
      "stop" : 1714443572352,
      "duration" : 58
    },
    "status" : "passed",
    "steps" : [ ],
    "attachments" : [ ],
    "parameters" : [ ],
    "stepsCount" : 0,
    "attachmentsCount" : 0,
    "shouldDisplayMessage" : false,
    "hasContent" : false
  } ],
  "labels" : [ {
    "name" : "epic",
    "value" : "Тестирование Хедера"
  }, {
    "name" : "tag",
    "value" : "regress"
  }, {
    "name" : "parentSuite",
    "value" : "tests.test_header"
  }, {
    "name" : "suite",
    "value" : "test_header"
  }, {
    "name" : "subSuite",
    "value" : "TestHeader"
  }, {
    "name" : "host",
    "value" : "fv-az1385-609"
  }, {
    "name" : "thread",
    "value" : "2312-MainThread"
  }, {
    "name" : "framework",
    "value" : "pytest"
  }, {
    "name" : "language",
    "value" : "cpython3"
  }, {
    "name" : "package",
    "value" : "tests.test_header.test_header"
  }, {
    "name" : "resultFormat",
    "value" : "allure2"
  } ],
  "parameters" : [ {
    "name" : "browser",
    "value" : "'chrome'"
  }, {
    "name" : "url",
    "value" : "'https://pulsewave.ru/auth/password?email='"
  } ],
  "links" : [ ],
  "hidden" : false,
  "retry" : false,
  "extra" : {
    "severity" : "normal",
    "retries" : [ ],
    "categories" : [ {
      "name" : "Test defects",
      "matchedStatuses" : [ ],
      "flaky" : false
    } ],
    "history" : {
      "statistic" : {
        "failed" : 0,
        "broken" : 3,
        "skipped" : 0,
        "passed" : 11,
        "unknown" : 0,
        "total" : 14
      },
      "items" : [ {
        "uid" : "fbf087bc7d3b1c7c",
        "reportUrl" : "https://Nat754.github.io/PulseWave/9//#testresult/fbf087bc7d3b1c7c",
        "status" : "broken",
        "statusDetails" : "selenium.common.exceptions.WebDriverException: Message: unknown error: net::ERR_CONNECTION_REFUSED\n  (Session info: chrome-headless-shell=124.0.6367.60)\nStacktrace:\n#0 0x55595aad5e33 <unknown>\n#1 0x55595a7c5567 <unknown>\n#2 0x55595a7bd879 <unknown>\n#3 0x55595a7ad852 <unknown>\n#4 0x55595a7aee44 <unknown>\n#5 0x55595a7adbbe <unknown>\n#6 0x55595a7ad2e0 <unknown>\n#7 0x55595a7ad181 <unknown>\n#8 0x55595a7ab0ec <unknown>\n#9 0x55595a7ab60a <unknown>\n#10 0x55595a7c7eef <unknown>\n#11 0x55595a851695 <unknown>\n#12 0x55595a832362 <unknown>\n#13 0x55595a850ae2 <unknown>\n#14 0x55595a832103 <unknown>\n#15 0x55595a8031ba <unknown>\n#16 0x55595a803b8e <unknown>\n#17 0x55595aa9a59b <unknown>\n#18 0x55595aa9e34b <unknown>\n#19 0x55595aa86681 <unknown>\n#20 0x55595aa9eeb2 <unknown>\n#21 0x55595aa6b6af <unknown>\n#22 0x55595aac5428 <unknown>\n#23 0x55595aac5600 <unknown>\n#24 0x55595aad4f84 <unknown>\n#25 0x7f9ddf294ac3 <unknown>",
        "time" : {
          "start" : 1714357228672,
          "stop" : 1714357228672,
          "duration" : 0
        }
      }, {
        "uid" : "b8099684c9e82f14",
        "reportUrl" : "https://Nat754.github.io/PulseWave/8//#testresult/b8099684c9e82f14",
        "status" : "broken",
        "statusDetails" : "selenium.common.exceptions.TimeoutException: Message: \nStacktrace:\n#0 0x559e0ad92e33 <unknown>\n#1 0x559e0aa82567 <unknown>\n#2 0x559e0aacd27d <unknown>\n#3 0x559e0aacd331 <unknown>\n#4 0x559e0ab10624 <unknown>\n#5 0x559e0aaef38d <unknown>\n#6 0x559e0ab0dae2 <unknown>\n#7 0x559e0aaef103 <unknown>\n#8 0x559e0aac01ba <unknown>\n#9 0x559e0aac0b8e <unknown>\n#10 0x559e0ad5759b <unknown>\n#11 0x559e0ad5b34b <unknown>\n#12 0x559e0ad43681 <unknown>\n#13 0x559e0ad5beb2 <unknown>\n#14 0x559e0ad286af <unknown>\n#15 0x559e0ad82428 <unknown>\n#16 0x559e0ad82600 <unknown>\n#17 0x559e0ad91f84 <unknown>\n#18 0x7f3694894ac3 <unknown>",
        "time" : {
          "start" : 1714272275600,
          "stop" : 1714272275600,
          "duration" : 0
        }
      }, {
        "uid" : "a63031b59d1ba0ff",
        "reportUrl" : "https://Nat754.github.io/PulseWave/7//#testresult/a63031b59d1ba0ff",
        "status" : "passed",
        "time" : {
          "start" : 1714184915477,
          "stop" : 1714184915517,
          "duration" : 40
        }
      }, {
        "uid" : "ab458c58ef3c3bb",
        "reportUrl" : "https://Nat754.github.io/PulseWave/6//#testresult/ab458c58ef3c3bb",
        "status" : "passed",
        "time" : {
          "start" : 1714148396641,
          "stop" : 1714148396682,
          "duration" : 41
        }
      }, {
        "uid" : "54a3517d58261e88",
        "reportUrl" : "https://Nat754.github.io/PulseWave/6//#testresult/54a3517d58261e88",
        "status" : "passed",
        "time" : {
          "start" : 1714098444558,
          "stop" : 1714098444597,
          "duration" : 39
        }
      }, {
        "uid" : "b102c3cefda9dccc",
        "reportUrl" : "https://Nat754.github.io/PulseWave/5//#testresult/b102c3cefda9dccc",
        "status" : "passed",
        "time" : {
          "start" : 1714014336118,
          "stop" : 1714014336156,
          "duration" : 38
        }
      }, {
        "uid" : "707fcb59a56463b8",
        "reportUrl" : "https://Nat754.github.io/PulseWave/211//#testresult/707fcb59a56463b8",
        "status" : "passed",
        "time" : {
          "start" : 1713945827471,
          "stop" : 1713945827509,
          "duration" : 38
        }
      }, {
        "uid" : "305942cf04630113",
        "reportUrl" : "https://Nat754.github.io/PulseWave/4//#testresult/305942cf04630113",
        "status" : "passed",
        "time" : {
          "start" : 1713925620339,
          "stop" : 1713925620378,
          "duration" : 39
        }
      }, {
        "uid" : "3617162206c4fc19",
        "reportUrl" : "https://Nat754.github.io/PulseWave/211//#testresult/3617162206c4fc19",
        "status" : "passed",
        "time" : {
          "start" : 1713901466707,
          "stop" : 1713901466749,
          "duration" : 42
        }
      }, {
        "uid" : "68da7226561163a4",
        "reportUrl" : "https://Nat754.github.io/PulseWave/210//#testresult/68da7226561163a4",
        "status" : "passed",
        "time" : {
          "start" : 1713885650916,
          "stop" : 1713885650959,
          "duration" : 43
        }
      }, {
        "uid" : "9d20eb133fb0bbe3",
        "reportUrl" : "https://Nat754.github.io/PulseWave/209//#testresult/9d20eb133fb0bbe3",
        "status" : "passed",
        "time" : {
          "start" : 1713883552651,
          "stop" : 1713883552689,
          "duration" : 38
        }
      }, {
        "uid" : "96e1b5353b1017e6",
        "reportUrl" : "https://Nat754.github.io/PulseWave/209//#testresult/96e1b5353b1017e6",
        "status" : "passed",
        "time" : {
          "start" : 1713882066593,
          "stop" : 1713882066631,
          "duration" : 38
        }
      }, {
        "uid" : "b6668cbc3af87de6",
        "reportUrl" : "https://Nat754.github.io/PulseWave/208//#testresult/b6668cbc3af87de6",
        "status" : "passed",
        "time" : {
          "start" : 1713879241710,
          "stop" : 1713879241749,
          "duration" : 39
        }
      } ]
    },
    "tags" : [ "regress" ]
  },
  "source" : "d660624ecd9ff5ba.json",
  "parameterValues" : [ "'chrome'", "'https://pulsewave.ru/auth/password?email='" ]
}