{
  "uid" : "60b3066280c0043a",
  "name" : "1.3, 1.3.1, 1.15 Регистрация с корректными email и паролем и с согласием на подписку",
  "fullName" : "tests.test_signup_page.test_signup_page.TestSignupPage#test_signup_with_correct_data_and_agree",
  "historyId" : "3f1a9a03cb3169fb36bf4b166c8deeee",
  "time" : {
    "start" : 1713886001304,
    "stop" : 1713886037683,
    "duration" : 36379
  },
  "status" : "skipped",
  "statusMessage" : "XFAIL\n\nselenium.common.exceptions.TimeoutException: Message: \nStacktrace:\n#0 0x564769bbb863 <unknown>\n#1 0x5647698b18c6 <unknown>\n#2 0x5647698fc618 <unknown>\n#3 0x5647698fc6d1 <unknown>\n#4 0x56476993f744 <unknown>\n#5 0x56476991e5cd <unknown>\n#6 0x56476993cc19 <unknown>\n#7 0x56476991e343 <unknown>\n#8 0x5647698ef593 <unknown>\n#9 0x5647698eff5e <unknown>\n#10 0x564769b7f84b <unknown>\n#11 0x564769b837a5 <unknown>\n#12 0x564769b6d571 <unknown>\n#13 0x564769b84332 <unknown>\n#14 0x564769b5287f <unknown>\n#15 0x564769baa728 <unknown>\n#16 0x564769baa8fb <unknown>\n#17 0x564769bba9b4 <unknown>\n#18 0x7f920e094ac3 <unknown>",
  "statusTrace" : "self = <tests.test_signup_page.test_signup_page.TestSignupPage object at 0x7fe2ed164a70>\nsignup_page_open = <pages.signup_page.SignUpPage object at 0x7fe2ed1ac6b0>\ndriver = <selenium.webdriver.chrome.webdriver.WebDriver (session=\"7cba7d25c8454f7a5d84fe1408f4d325\")>\n\n    @pytest.mark.xfail\n    @allure.title(\"1.3, 1.3.1, 1.15 Регистрация с корректными email и паролем и с согласием на подписку\")\n    @pytest.mark.smoke\n    def test_signup_with_correct_data_and_agree(self, signup_page_open, driver):\n        with allure.step('Заполнить поле email корректными данными'):\n            signup_page_open.put_data_to_email_field(email1)\n        with allure.step('Заполнить поле пароль сильным паролем'):\n            signup_page_open.put_data_to_password_field(password0)\n        with allure.step('Заполнить поле подтверждение пароля сильным паролем'):\n            signup_page_open.put_data_to_confirm_password_field(password0)\n        signup_page_open.check_pulsewave_policy_message().click()\n        signup_page_open.click_button_submit()\n        element = signup_page_open.get_send_invite_message()\n        with allure.step(f'Получено сообщение необходимости подтвердить регистрацию: \"{self.signup.INVITE_MSG}\"'):\n            assert element.text == self.signup.INVITE_MSG, 'Нет сообщения успеха'\n        time.sleep(10)\n        link = signup_page_open.get_confirm_signup_to_email(email1, password1)\n        driver.get(link)\n>       signup_page_open.click_button_submit()\n\ntests/test_signup_page/test_signup_page.py:36: \n_ _ _ _ _ _ _ _ _ _ _ _ _ _ _ _ _ _ _ _ _ _ _ _ _ _ _ _ _ _ _ _ _ _ _ _ _ _ _ _ \npages/signup_page.py:79: in click_button_submit\n    return self.element_is_visible(self.locator.SUBMIT_BUTTON).click()\npages/base_page.py:19: in element_is_visible\n    self.go_to_element(self.element_is_present(locator))\npages/base_page.py:35: in element_is_present\n    return Wait(self.driver, self.timeout).until(es.presence_of_element_located(locator))\n_ _ _ _ _ _ _ _ _ _ _ _ _ _ _ _ _ _ _ _ _ _ _ _ _ _ _ _ _ _ _ _ _ _ _ _ _ _ _ _ \n\nself = <selenium.webdriver.support.wait.WebDriverWait (session=\"7cba7d25c8454f7a5d84fe1408f4d325\")>\nmethod = <function presence_of_element_located.<locals>._predicate at 0x7fe2eb4418a0>\nmessage = ''\n\n    def until(self, method: Callable[[D], Union[Literal[False], T]], message: str = \"\") -> T:\n        \"\"\"Calls the method provided with the driver as an argument until the \\\n        return value does not evaluate to ``False``.\n    \n        :param method: callable(WebDriver)\n        :param message: optional message for :exc:`TimeoutException`\n        :returns: the result of the last call to `method`\n        :raises: :exc:`selenium.common.exceptions.TimeoutException` if timeout occurs\n        \"\"\"\n        screen = None\n        stacktrace = None\n    \n        end_time = time.monotonic() + self._timeout\n        while True:\n            try:\n                value = method(self._driver)\n                if value:\n                    return value\n            except self._ignored_exceptions as exc:\n                screen = getattr(exc, \"screen\", None)\n                stacktrace = getattr(exc, \"stacktrace\", None)\n            time.sleep(self._poll)\n            if time.monotonic() > end_time:\n                break\n>       raise TimeoutException(message, screen, stacktrace)\nE       selenium.common.exceptions.TimeoutException: Message: \nE       Stacktrace:\nE       #0 0x564769bbb863 <unknown>\nE       #1 0x5647698b18c6 <unknown>\nE       #2 0x5647698fc618 <unknown>\nE       #3 0x5647698fc6d1 <unknown>\nE       #4 0x56476993f744 <unknown>\nE       #5 0x56476991e5cd <unknown>\nE       #6 0x56476993cc19 <unknown>\nE       #7 0x56476991e343 <unknown>\nE       #8 0x5647698ef593 <unknown>\nE       #9 0x5647698eff5e <unknown>\nE       #10 0x564769b7f84b <unknown>\nE       #11 0x564769b837a5 <unknown>\nE       #12 0x564769b6d571 <unknown>\nE       #13 0x564769b84332 <unknown>\nE       #14 0x564769b5287f <unknown>\nE       #15 0x564769baa728 <unknown>\nE       #16 0x564769baa8fb <unknown>\nE       #17 0x564769bba9b4 <unknown>\nE       #18 0x7f920e094ac3 <unknown>\n\n/opt/hostedtoolcache/Python/3.12.3/x64/lib/python3.12/site-packages/selenium/webdriver/support/wait.py:105: TimeoutException",
  "flaky" : false,
  "newFailed" : false,
  "beforeStages" : [ {
    "name" : "signup_page_open",
    "time" : {
      "start" : 1713885997723,
      "stop" : 1713886001304,
      "duration" : 3581
    },
    "status" : "passed",
    "steps" : [ {
      "name" : "Проверка видимости кнопки 'Принимаю все' в сообщении о принятии файлов cookie",
      "time" : {
        "start" : 1713886001244,
        "stop" : 1713886001274,
        "duration" : 30
      },
      "status" : "passed",
      "steps" : [ ],
      "attachments" : [ ],
      "parameters" : [ ],
      "stepsCount" : 0,
      "attachmentsCount" : 0,
      "shouldDisplayMessage" : false,
      "hasContent" : false
    } ],
    "attachments" : [ ],
    "parameters" : [ ],
    "stepsCount" : 1,
    "attachmentsCount" : 0,
    "shouldDisplayMessage" : false,
    "hasContent" : true
  }, {
    "name" : "driver",
    "time" : {
      "start" : 1713885997441,
      "stop" : 1713885997723,
      "duration" : 282
    },
    "status" : "passed",
    "steps" : [ ],
    "attachments" : [ ],
    "parameters" : [ ],
    "stepsCount" : 0,
    "attachmentsCount" : 0,
    "shouldDisplayMessage" : false,
    "hasContent" : false
  }, {
    "name" : "clear_allure_results_folder",
    "time" : {
      "start" : 1713884974879,
      "stop" : 1713884974879,
      "duration" : 0
    },
    "status" : "passed",
    "steps" : [ ],
    "attachments" : [ ],
    "parameters" : [ ],
    "stepsCount" : 0,
    "attachmentsCount" : 0,
    "shouldDisplayMessage" : false,
    "hasContent" : false
  }, {
    "name" : "_session_faker",
    "time" : {
      "start" : 1713884974862,
      "stop" : 1713884974879,
      "duration" : 17
    },
    "status" : "passed",
    "steps" : [ ],
    "attachments" : [ ],
    "parameters" : [ ],
    "stepsCount" : 0,
    "attachmentsCount" : 0,
    "shouldDisplayMessage" : false,
    "hasContent" : false
  } ],
  "testStage" : {
    "status" : "skipped",
    "statusMessage" : "XFAIL\n\nselenium.common.exceptions.TimeoutException: Message: \nStacktrace:\n#0 0x564769bbb863 <unknown>\n#1 0x5647698b18c6 <unknown>\n#2 0x5647698fc618 <unknown>\n#3 0x5647698fc6d1 <unknown>\n#4 0x56476993f744 <unknown>\n#5 0x56476991e5cd <unknown>\n#6 0x56476993cc19 <unknown>\n#7 0x56476991e343 <unknown>\n#8 0x5647698ef593 <unknown>\n#9 0x5647698eff5e <unknown>\n#10 0x564769b7f84b <unknown>\n#11 0x564769b837a5 <unknown>\n#12 0x564769b6d571 <unknown>\n#13 0x564769b84332 <unknown>\n#14 0x564769b5287f <unknown>\n#15 0x564769baa728 <unknown>\n#16 0x564769baa8fb <unknown>\n#17 0x564769bba9b4 <unknown>\n#18 0x7f920e094ac3 <unknown>",
    "statusTrace" : "self = <tests.test_signup_page.test_signup_page.TestSignupPage object at 0x7fe2ed164a70>\nsignup_page_open = <pages.signup_page.SignUpPage object at 0x7fe2ed1ac6b0>\ndriver = <selenium.webdriver.chrome.webdriver.WebDriver (session=\"7cba7d25c8454f7a5d84fe1408f4d325\")>\n\n    @pytest.mark.xfail\n    @allure.title(\"1.3, 1.3.1, 1.15 Регистрация с корректными email и паролем и с согласием на подписку\")\n    @pytest.mark.smoke\n    def test_signup_with_correct_data_and_agree(self, signup_page_open, driver):\n        with allure.step('Заполнить поле email корректными данными'):\n            signup_page_open.put_data_to_email_field(email1)\n        with allure.step('Заполнить поле пароль сильным паролем'):\n            signup_page_open.put_data_to_password_field(password0)\n        with allure.step('Заполнить поле подтверждение пароля сильным паролем'):\n            signup_page_open.put_data_to_confirm_password_field(password0)\n        signup_page_open.check_pulsewave_policy_message().click()\n        signup_page_open.click_button_submit()\n        element = signup_page_open.get_send_invite_message()\n        with allure.step(f'Получено сообщение необходимости подтвердить регистрацию: \"{self.signup.INVITE_MSG}\"'):\n            assert element.text == self.signup.INVITE_MSG, 'Нет сообщения успеха'\n        time.sleep(10)\n        link = signup_page_open.get_confirm_signup_to_email(email1, password1)\n        driver.get(link)\n>       signup_page_open.click_button_submit()\n\ntests/test_signup_page/test_signup_page.py:36: \n_ _ _ _ _ _ _ _ _ _ _ _ _ _ _ _ _ _ _ _ _ _ _ _ _ _ _ _ _ _ _ _ _ _ _ _ _ _ _ _ \npages/signup_page.py:79: in click_button_submit\n    return self.element_is_visible(self.locator.SUBMIT_BUTTON).click()\npages/base_page.py:19: in element_is_visible\n    self.go_to_element(self.element_is_present(locator))\npages/base_page.py:35: in element_is_present\n    return Wait(self.driver, self.timeout).until(es.presence_of_element_located(locator))\n_ _ _ _ _ _ _ _ _ _ _ _ _ _ _ _ _ _ _ _ _ _ _ _ _ _ _ _ _ _ _ _ _ _ _ _ _ _ _ _ \n\nself = <selenium.webdriver.support.wait.WebDriverWait (session=\"7cba7d25c8454f7a5d84fe1408f4d325\")>\nmethod = <function presence_of_element_located.<locals>._predicate at 0x7fe2eb4418a0>\nmessage = ''\n\n    def until(self, method: Callable[[D], Union[Literal[False], T]], message: str = \"\") -> T:\n        \"\"\"Calls the method provided with the driver as an argument until the \\\n        return value does not evaluate to ``False``.\n    \n        :param method: callable(WebDriver)\n        :param message: optional message for :exc:`TimeoutException`\n        :returns: the result of the last call to `method`\n        :raises: :exc:`selenium.common.exceptions.TimeoutException` if timeout occurs\n        \"\"\"\n        screen = None\n        stacktrace = None\n    \n        end_time = time.monotonic() + self._timeout\n        while True:\n            try:\n                value = method(self._driver)\n                if value:\n                    return value\n            except self._ignored_exceptions as exc:\n                screen = getattr(exc, \"screen\", None)\n                stacktrace = getattr(exc, \"stacktrace\", None)\n            time.sleep(self._poll)\n            if time.monotonic() > end_time:\n                break\n>       raise TimeoutException(message, screen, stacktrace)\nE       selenium.common.exceptions.TimeoutException: Message: \nE       Stacktrace:\nE       #0 0x564769bbb863 <unknown>\nE       #1 0x5647698b18c6 <unknown>\nE       #2 0x5647698fc618 <unknown>\nE       #3 0x5647698fc6d1 <unknown>\nE       #4 0x56476993f744 <unknown>\nE       #5 0x56476991e5cd <unknown>\nE       #6 0x56476993cc19 <unknown>\nE       #7 0x56476991e343 <unknown>\nE       #8 0x5647698ef593 <unknown>\nE       #9 0x5647698eff5e <unknown>\nE       #10 0x564769b7f84b <unknown>\nE       #11 0x564769b837a5 <unknown>\nE       #12 0x564769b6d571 <unknown>\nE       #13 0x564769b84332 <unknown>\nE       #14 0x564769b5287f <unknown>\nE       #15 0x564769baa728 <unknown>\nE       #16 0x564769baa8fb <unknown>\nE       #17 0x564769bba9b4 <unknown>\nE       #18 0x7f920e094ac3 <unknown>\n\n/opt/hostedtoolcache/Python/3.12.3/x64/lib/python3.12/site-packages/selenium/webdriver/support/wait.py:105: TimeoutException",
    "steps" : [ {
      "name" : "Заполнить поле email корректными данными",
      "time" : {
        "start" : 1713886001304,
        "stop" : 1713886001380,
        "duration" : 76
      },
      "status" : "passed",
      "steps" : [ ],
      "attachments" : [ ],
      "parameters" : [ ],
      "stepsCount" : 0,
      "attachmentsCount" : 0,
      "shouldDisplayMessage" : false,
      "hasContent" : false
    }, {
      "name" : "Заполнить поле пароль сильным паролем",
      "time" : {
        "start" : 1713886001380,
        "stop" : 1713886001436,
        "duration" : 56
      },
      "status" : "passed",
      "steps" : [ ],
      "attachments" : [ ],
      "parameters" : [ ],
      "stepsCount" : 0,
      "attachmentsCount" : 0,
      "shouldDisplayMessage" : false,
      "hasContent" : false
    }, {
      "name" : "Заполнить поле подтверждение пароля сильным паролем",
      "time" : {
        "start" : 1713886001436,
        "stop" : 1713886001491,
        "duration" : 55
      },
      "status" : "passed",
      "steps" : [ ],
      "attachments" : [ ],
      "parameters" : [ ],
      "stepsCount" : 0,
      "attachmentsCount" : 0,
      "shouldDisplayMessage" : false,
      "hasContent" : false
    }, {
      "name" : "Видимость сообщения: 'Я согласен получать новости и обновления PulseWave'",
      "time" : {
        "start" : 1713886001491,
        "stop" : 1713886001514,
        "duration" : 23
      },
      "status" : "passed",
      "steps" : [ ],
      "attachments" : [ ],
      "parameters" : [ ],
      "stepsCount" : 0,
      "attachmentsCount" : 0,
      "shouldDisplayMessage" : false,
      "hasContent" : false
    }, {
      "name" : "Подтвердить изменения'",
      "time" : {
        "start" : 1713886001546,
        "stop" : 1713886001596,
        "duration" : 50
      },
      "status" : "passed",
      "steps" : [ ],
      "attachments" : [ ],
      "parameters" : [ ],
      "stepsCount" : 0,
      "attachmentsCount" : 0,
      "shouldDisplayMessage" : false,
      "hasContent" : false
    }, {
      "name" : "Получено сообщения о подтверждении регистрации",
      "time" : {
        "start" : 1713886001596,
        "stop" : 1713886004164,
        "duration" : 2568
      },
      "status" : "passed",
      "steps" : [ ],
      "attachments" : [ ],
      "parameters" : [ ],
      "stepsCount" : 0,
      "attachmentsCount" : 0,
      "shouldDisplayMessage" : false,
      "hasContent" : false
    }, {
      "name" : "Получено сообщение необходимости подтвердить регистрацию: \"Регистрация\nМы отправили вам письмо на test_pulsewave0@mail.ru.\nДля подтверждения регистрации и активации учётной записи пройдите по ссылке в письме.\nПисьмо не пришло?\nПроверьте папку Спам и нажмите кнопку «Отправить повторно».\"",
      "time" : {
        "start" : 1713886004164,
        "stop" : 1713886004174,
        "duration" : 10
      },
      "status" : "passed",
      "steps" : [ ],
      "attachments" : [ ],
      "parameters" : [ ],
      "stepsCount" : 0,
      "attachmentsCount" : 0,
      "shouldDisplayMessage" : false,
      "hasContent" : false
    }, {
      "name" : "Получить ссылку подтверждения регистрации пользователя на емайл",
      "time" : {
        "start" : 1713886014175,
        "stop" : 1713886017035,
        "duration" : 2860
      },
      "status" : "passed",
      "steps" : [ ],
      "attachments" : [ ],
      "parameters" : [ ],
      "stepsCount" : 0,
      "attachmentsCount" : 0,
      "shouldDisplayMessage" : false,
      "hasContent" : false
    }, {
      "name" : "Подтвердить изменения'",
      "time" : {
        "start" : 1713886017333,
        "stop" : 1713886037682,
        "duration" : 20349
      },
      "status" : "broken",
      "statusMessage" : "selenium.common.exceptions.TimeoutException: Message: \nStacktrace:\n#0 0x564769bbb863 <unknown>\n#1 0x5647698b18c6 <unknown>\n#2 0x5647698fc618 <unknown>\n#3 0x5647698fc6d1 <unknown>\n#4 0x56476993f744 <unknown>\n#5 0x56476991e5cd <unknown>\n#6 0x56476993cc19 <unknown>\n#7 0x56476991e343 <unknown>\n#8 0x5647698ef593 <unknown>\n#9 0x5647698eff5e <unknown>\n#10 0x564769b7f84b <unknown>\n#11 0x564769b837a5 <unknown>\n#12 0x564769b6d571 <unknown>\n#13 0x564769b84332 <unknown>\n#14 0x564769b5287f <unknown>\n#15 0x564769baa728 <unknown>\n#16 0x564769baa8fb <unknown>\n#17 0x564769bba9b4 <unknown>\n#18 0x7f920e094ac3 <unknown>\n\n",
      "statusTrace" : "  File \"/opt/hostedtoolcache/Python/3.12.3/x64/lib/python3.12/site-packages/allure_commons/_allure.py\", line 192, in impl\n    return func(*a, **kw)\n           ^^^^^^^^^^^^^^\n  File \"/home/runner/work/PulseWave/PulseWave/pages/signup_page.py\", line 79, in click_button_submit\n    return self.element_is_visible(self.locator.SUBMIT_BUTTON).click()\n           ^^^^^^^^^^^^^^^^^^^^^^^^^^^^^^^^^^^^^^^^^^^^^^^^^^^\n  File \"/home/runner/work/PulseWave/PulseWave/pages/base_page.py\", line 19, in element_is_visible\n    self.go_to_element(self.element_is_present(locator))\n                       ^^^^^^^^^^^^^^^^^^^^^^^^^^^^^^^^\n  File \"/home/runner/work/PulseWave/PulseWave/pages/base_page.py\", line 35, in element_is_present\n    return Wait(self.driver, self.timeout).until(es.presence_of_element_located(locator))\n           ^^^^^^^^^^^^^^^^^^^^^^^^^^^^^^^^^^^^^^^^^^^^^^^^^^^^^^^^^^^^^^^^^^^^^^^^^^^^^^\n  File \"/opt/hostedtoolcache/Python/3.12.3/x64/lib/python3.12/site-packages/selenium/webdriver/support/wait.py\", line 105, in until\n    raise TimeoutException(message, screen, stacktrace)\n",
      "steps" : [ ],
      "attachments" : [ ],
      "parameters" : [ ],
      "stepsCount" : 0,
      "attachmentsCount" : 0,
      "shouldDisplayMessage" : true,
      "hasContent" : true
    } ],
    "attachments" : [ {
      "uid" : "262bca64650c639f",
      "name" : "Screenshot",
      "source" : "262bca64650c639f.png",
      "type" : "image/png",
      "size" : 91614
    }, {
      "uid" : "963f7c7d406c0ed1",
      "name" : "HTML source",
      "source" : "963f7c7d406c0ed1.html",
      "type" : "text/html",
      "size" : 175875
    } ],
    "parameters" : [ ],
    "stepsCount" : 9,
    "attachmentsCount" : 2,
    "shouldDisplayMessage" : true,
    "hasContent" : true
  },
  "afterStages" : [ {
    "name" : "driver::0",
    "time" : {
      "start" : 1713886037833,
      "stop" : 1713886037892,
      "duration" : 59
    },
    "status" : "passed",
    "steps" : [ ],
    "attachments" : [ ],
    "parameters" : [ ],
    "stepsCount" : 0,
    "attachmentsCount" : 0,
    "shouldDisplayMessage" : false,
    "hasContent" : false
  } ],
  "labels" : [ {
    "name" : "epic",
    "value" : "Тестирование страницы 'Регистрация'"
  }, {
    "name" : "tag",
    "value" : "smoke"
  }, {
    "name" : "tag",
    "value" : "@pytest.mark.xfail"
  }, {
    "name" : "parentSuite",
    "value" : "tests.test_signup_page"
  }, {
    "name" : "suite",
    "value" : "test_signup_page"
  }, {
    "name" : "subSuite",
    "value" : "TestSignupPage"
  }, {
    "name" : "host",
    "value" : "fv-az735-446"
  }, {
    "name" : "thread",
    "value" : "2356-MainThread"
  }, {
    "name" : "framework",
    "value" : "pytest"
  }, {
    "name" : "language",
    "value" : "cpython3"
  }, {
    "name" : "package",
    "value" : "tests.test_signup_page.test_signup_page"
  }, {
    "name" : "resultFormat",
    "value" : "allure2"
  } ],
  "parameters" : [ {
    "name" : "browser",
    "value" : "'chrome'"
  } ],
  "links" : [ ],
  "hidden" : false,
  "retry" : false,
  "extra" : {
    "severity" : "normal",
    "retries" : [ ],
    "categories" : [ ],
    "history" : {
      "statistic" : {
        "failed" : 0,
        "broken" : 0,
        "skipped" : 4,
        "passed" : 0,
        "unknown" : 0,
        "total" : 4
      },
      "items" : [ {
        "uid" : "d69d497b0a844bde",
        "reportUrl" : "https://Nat754.github.io/PulseWave/209//#testresult/d69d497b0a844bde",
        "status" : "skipped",
        "statusDetails" : "XFAIL\n\nselenium.common.exceptions.TimeoutException: Message: \nStacktrace:\n#0 0x560b62f84863 <unknown>\n#1 0x560b62c7a8c6 <unknown>\n#2 0x560b62cc5618 <unknown>\n#3 0x560b62cc56d1 <unknown>\n#4 0x560b62d08744 <unknown>\n#5 0x560b62ce75cd <unknown>\n#6 0x560b62d05c19 <unknown>\n#7 0x560b62ce7343 <unknown>\n#8 0x560b62cb8593 <unknown>\n#9 0x560b62cb8f5e <unknown>\n#10 0x560b62f4884b <unknown>\n#11 0x560b62f4c7a5 <unknown>\n#12 0x560b62f36571 <unknown>\n#13 0x560b62f4d332 <unknown>\n#14 0x560b62f1b87f <unknown>\n#15 0x560b62f73728 <unknown>\n#16 0x560b62f738fb <unknown>\n#17 0x560b62f839b4 <unknown>\n#18 0x7f9ef2894ac3 <unknown>",
        "time" : {
          "start" : 1713883890157,
          "stop" : 1713883925881,
          "duration" : 35724
        }
      }, {
        "uid" : "beeb59525718515f",
        "reportUrl" : "https://Nat754.github.io/PulseWave/209//#testresult/beeb59525718515f",
        "status" : "skipped",
        "statusDetails" : "XFAIL\n\nselenium.common.exceptions.TimeoutException: Message: \nStacktrace:\n#0 0x55820700e863 <unknown>\n#1 0x558206d048c6 <unknown>\n#2 0x558206d4f618 <unknown>\n#3 0x558206d4f6d1 <unknown>\n#4 0x558206d92744 <unknown>\n#5 0x558206d715cd <unknown>\n#6 0x558206d8fc19 <unknown>\n#7 0x558206d71343 <unknown>\n#8 0x558206d42593 <unknown>\n#9 0x558206d42f5e <unknown>\n#10 0x558206fd284b <unknown>\n#11 0x558206fd67a5 <unknown>\n#12 0x558206fc0571 <unknown>\n#13 0x558206fd7332 <unknown>\n#14 0x558206fa587f <unknown>\n#15 0x558206ffd728 <unknown>\n#16 0x558206ffd8fb <unknown>\n#17 0x55820700d9b4 <unknown>\n#18 0x7f489e694ac3 <unknown>",
        "time" : {
          "start" : 1713882418584,
          "stop" : 1713882455207,
          "duration" : 36623
        }
      }, {
        "uid" : "a65266c403dcad6d",
        "reportUrl" : "https://Nat754.github.io/PulseWave/208//#testresult/a65266c403dcad6d",
        "status" : "skipped",
        "statusDetails" : "XFAIL\n\nselenium.common.exceptions.TimeoutException: Message: \nStacktrace:\n#0 0x5584e6ab9863 <unknown>\n#1 0x5584e67af8c6 <unknown>\n#2 0x5584e67fa618 <unknown>\n#3 0x5584e67fa6d1 <unknown>\n#4 0x5584e683d744 <unknown>\n#5 0x5584e681c5cd <unknown>\n#6 0x5584e683ac19 <unknown>\n#7 0x5584e681c343 <unknown>\n#8 0x5584e67ed593 <unknown>\n#9 0x5584e67edf5e <unknown>\n#10 0x5584e6a7d84b <unknown>\n#11 0x5584e6a817a5 <unknown>\n#12 0x5584e6a6b571 <unknown>\n#13 0x5584e6a82332 <unknown>\n#14 0x5584e6a5087f <unknown>\n#15 0x5584e6aa8728 <unknown>\n#16 0x5584e6aa88fb <unknown>\n#17 0x5584e6ab89b4 <unknown>\n#18 0x7f4f79694ac3 <unknown>",
        "time" : {
          "start" : 1713879597808,
          "stop" : 1713879634282,
          "duration" : 36474
        }
      } ]
    },
    "tags" : [ "@pytest.mark.xfail", "smoke" ]
  },
  "source" : "60b3066280c0043a.json",
  "parameterValues" : [ "'chrome'" ]
}