{
  "uid" : "514ff5ce5b7a3c59",
  "name" : "Проверка перехода в Рабочие пространства по ссылке На главную",
  "fullName" : "tests.test_workspace_page.test_workspace_page.TestWorkspacePage#test_link_to_main",
  "historyId" : "11b6f02ab206056145597ed767926875",
  "time" : {
    "start" : 1719715598333,
    "stop" : 1719715598749,
    "duration" : 416
  },
  "status" : "passed",
  "flaky" : false,
  "newFailed" : false,
  "beforeStages" : [ {
    "name" : "_session_faker",
    "time" : {
      "start" : 1719714648834,
      "stop" : 1719714648864,
      "duration" : 30
    },
    "status" : "passed",
    "steps" : [ ],
    "attachments" : [ ],
    "parameters" : [ ],
    "stepsCount" : 0,
    "attachmentsCount" : 0,
    "shouldDisplayMessage" : false,
    "hasContent" : false
  }, {
    "name" : "clear_allure_results_folder",
    "time" : {
      "start" : 1719714648864,
      "stop" : 1719714648864,
      "duration" : 0
    },
    "status" : "passed",
    "steps" : [ ],
    "attachments" : [ ],
    "parameters" : [ ],
    "stepsCount" : 0,
    "attachmentsCount" : 0,
    "shouldDisplayMessage" : false,
    "hasContent" : false
  }, {
    "name" : "driver",
    "time" : {
      "start" : 1719715594288,
      "stop" : 1719715594488,
      "duration" : 200
    },
    "status" : "passed",
    "steps" : [ ],
    "attachments" : [ ],
    "parameters" : [ ],
    "stepsCount" : 0,
    "attachmentsCount" : 0,
    "shouldDisplayMessage" : false,
    "hasContent" : false
  }, {
    "name" : "auth_user",
    "time" : {
      "start" : 1719715594488,
      "stop" : 1719715598333,
      "duration" : 3845
    },
    "status" : "passed",
    "steps" : [ {
      "name" : "Проверка видимости кнопки 'Принимаю все' в сообщении о принятии файлов cookie",
      "time" : {
        "start" : 1719715596579,
        "stop" : 1719715596604,
        "duration" : 25
      },
      "status" : "passed",
      "steps" : [ ],
      "attachments" : [ ],
      "parameters" : [ ],
      "stepsCount" : 0,
      "attachmentsCount" : 0,
      "shouldDisplayMessage" : false,
      "hasContent" : false
    }, {
      "name" : "Нажать кнопку 'Войти'",
      "time" : {
        "start" : 1719715596770,
        "stop" : 1719715596817,
        "duration" : 47
      },
      "status" : "passed",
      "steps" : [ ],
      "attachments" : [ ],
      "parameters" : [ ],
      "stepsCount" : 0,
      "attachmentsCount" : 0,
      "shouldDisplayMessage" : false,
      "hasContent" : false
    }, {
      "name" : "Ждать обновление страницы",
      "time" : {
        "start" : 1719715596817,
        "stop" : 1719715598333,
        "duration" : 1516
      },
      "status" : "passed",
      "steps" : [ ],
      "attachments" : [ ],
      "parameters" : [ ],
      "stepsCount" : 0,
      "attachmentsCount" : 0,
      "shouldDisplayMessage" : false,
      "hasContent" : false
    } ],
    "attachments" : [ ],
    "parameters" : [ ],
    "stepsCount" : 3,
    "attachmentsCount" : 0,
    "shouldDisplayMessage" : false,
    "hasContent" : true
  } ],
  "testStage" : {
    "status" : "passed",
    "steps" : [ {
      "name" : "Нажать на иконку аватара",
      "time" : {
        "start" : 1719715598333,
        "stop" : 1719715598652,
        "duration" : 319
      },
      "status" : "passed",
      "steps" : [ ],
      "attachments" : [ ],
      "parameters" : [ ],
      "stepsCount" : 0,
      "attachmentsCount" : 0,
      "shouldDisplayMessage" : false,
      "hasContent" : false
    }, {
      "name" : "Перейти в настройки",
      "time" : {
        "start" : 1719715598652,
        "stop" : 1719715598709,
        "duration" : 57
      },
      "status" : "passed",
      "steps" : [ ],
      "attachments" : [ ],
      "parameters" : [ ],
      "stepsCount" : 0,
      "attachmentsCount" : 0,
      "shouldDisplayMessage" : false,
      "hasContent" : false
    }, {
      "name" : "Проверка видимости ссылки 'На главную'",
      "time" : {
        "start" : 1719715598709,
        "stop" : 1719715598734,
        "duration" : 25
      },
      "status" : "passed",
      "steps" : [ ],
      "attachments" : [ ],
      "parameters" : [ ],
      "stepsCount" : 0,
      "attachmentsCount" : 0,
      "shouldDisplayMessage" : false,
      "hasContent" : false
    }, {
      "name" : "Проверка текста ссылки На главную",
      "time" : {
        "start" : 1719715598749,
        "stop" : 1719715598749,
        "duration" : 0
      },
      "status" : "passed",
      "steps" : [ ],
      "attachments" : [ ],
      "parameters" : [ ],
      "stepsCount" : 0,
      "attachmentsCount" : 0,
      "shouldDisplayMessage" : false,
      "hasContent" : false
    } ],
    "attachments" : [ ],
    "parameters" : [ ],
    "stepsCount" : 4,
    "attachmentsCount" : 0,
    "shouldDisplayMessage" : false,
    "hasContent" : true
  },
  "afterStages" : [ {
    "name" : "driver::0",
    "time" : {
      "start" : 1719715598750,
      "stop" : 1719715598810,
      "duration" : 60
    },
    "status" : "passed",
    "steps" : [ ],
    "attachments" : [ ],
    "parameters" : [ ],
    "stepsCount" : 0,
    "attachmentsCount" : 0,
    "shouldDisplayMessage" : false,
    "hasContent" : false
  } ],
  "labels" : [ {
    "name" : "epic",
    "value" : "Тестирование страницы 'Рабочие пространства'"
  }, {
    "name" : "tag",
    "value" : "regress"
  }, {
    "name" : "parentSuite",
    "value" : "tests.test_workspace_page"
  }, {
    "name" : "suite",
    "value" : "test_workspace_page"
  }, {
    "name" : "subSuite",
    "value" : "TestWorkspacePage"
  }, {
    "name" : "host",
    "value" : "fv-az1536-472"
  }, {
    "name" : "thread",
    "value" : "2269-MainThread"
  }, {
    "name" : "framework",
    "value" : "pytest"
  }, {
    "name" : "language",
    "value" : "cpython3"
  }, {
    "name" : "package",
    "value" : "tests.test_workspace_page.test_workspace_page"
  }, {
    "name" : "resultFormat",
    "value" : "allure2"
  } ],
  "parameters" : [ {
    "name" : "browser",
    "value" : "'chrome'"
  } ],
  "links" : [ ],
  "hidden" : false,
  "retry" : false,
  "extra" : {
    "severity" : "normal",
    "retries" : [ ],
    "categories" : [ ],
    "history" : {
      "statistic" : {
        "failed" : 0,
        "broken" : 13,
        "skipped" : 0,
        "passed" : 65,
        "unknown" : 0,
        "total" : 78
      },
      "items" : [ {
        "uid" : "d8324ecbf5aeb2b4",
        "reportUrl" : "https://Nat754.github.io/PulseWave/70//#testresult/d8324ecbf5aeb2b4",
        "status" : "passed",
        "time" : {
          "start" : 1719629143395,
          "stop" : 1719629143806,
          "duration" : 411
        }
      }, {
        "uid" : "f08e73e89afaab91",
        "reportUrl" : "https://Nat754.github.io/PulseWave/69//#testresult/f08e73e89afaab91",
        "status" : "passed",
        "time" : {
          "start" : 1719542774210,
          "stop" : 1719542774627,
          "duration" : 417
        }
      }, {
        "uid" : "a7d9aee2af3cf15",
        "reportUrl" : "https://Nat754.github.io/PulseWave/68//#testresult/a7d9aee2af3cf15",
        "status" : "passed",
        "time" : {
          "start" : 1719456085971,
          "stop" : 1719456086416,
          "duration" : 445
        }
      }, {
        "uid" : "2f524be6148c73de",
        "reportUrl" : "https://Nat754.github.io/PulseWave/67//#testresult/2f524be6148c73de",
        "status" : "passed",
        "time" : {
          "start" : 1719369938766,
          "stop" : 1719369939187,
          "duration" : 421
        }
      }, {
        "uid" : "8025cd96826b12ef",
        "reportUrl" : "https://Nat754.github.io/PulseWave/66//#testresult/8025cd96826b12ef",
        "status" : "passed",
        "time" : {
          "start" : 1719283615719,
          "stop" : 1719283616128,
          "duration" : 409
        }
      }, {
        "uid" : "3186158e221ade44",
        "reportUrl" : "https://Nat754.github.io/PulseWave/65//#testresult/3186158e221ade44",
        "status" : "passed",
        "time" : {
          "start" : 1719197276356,
          "stop" : 1719197276775,
          "duration" : 419
        }
      }, {
        "uid" : "437a40a199793acc",
        "reportUrl" : "https://Nat754.github.io/PulseWave/64//#testresult/437a40a199793acc",
        "status" : "broken",
        "statusDetails" : "selenium.common.exceptions.StaleElementReferenceException: Message: stale element reference: stale element not found in the current frame\n  (Session info: chrome-headless-shell=126.0.6478.61); For documentation on this error, please visit: https://www.selenium.dev/documentation/webdriver/troubleshooting/errors#stale-element-reference-exception\nStacktrace:\n#0 0x5557bc90f6aa <unknown>\n#1 0x5557bc5f20dc <unknown>\n#2 0x5557bc5f77e9 <unknown>\n#3 0x5557bc5f9595 <unknown>\n#4 0x5557bc5f961c <unknown>\n#5 0x5557bc642da6 <unknown>\n#6 0x5557bc640ef7 <unknown>\n#7 0x5557bc63fd2c <unknown>\n#8 0x5557bc63340f <unknown>\n#9 0x5557bc661872 <unknown>\n#10 0x5557bc632d89 <unknown>\n#11 0x5557bc661a3e <unknown>\n#12 0x5557bc6805c3 <unknown>\n#13 0x5557bc661613 <unknown>\n#14 0x5557bc6314f7 <unknown>\n#15 0x5557bc631e4e <unknown>\n#16 0x5557bc8d587b <unknown>\n#17 0x5557bc8d9921 <unknown>\n#18 0x5557bc8c136e <unknown>\n#19 0x5557bc8da482 <unknown>\n#20 0x5557bc8a5ccf <unknown>\n#21 0x5557bc8ff0a8 <unknown>\n#22 0x5557bc8ff280 <unknown>\n#23 0x5557bc90e7dc <unknown>\n#24 0x7fe0d6094ac3 <unknown>",
        "time" : {
          "start" : 1719110900287,
          "stop" : 1719110900600,
          "duration" : 313
        }
      }, {
        "uid" : "f310b716207194da",
        "reportUrl" : "https://Nat754.github.io/PulseWave/63//#testresult/f310b716207194da",
        "status" : "passed",
        "time" : {
          "start" : 1719024025317,
          "stop" : 1719024025729,
          "duration" : 412
        }
      }, {
        "uid" : "4250c12d70ed52d6",
        "reportUrl" : "https://Nat754.github.io/PulseWave/62//#testresult/4250c12d70ed52d6",
        "status" : "broken",
        "statusDetails" : "selenium.common.exceptions.StaleElementReferenceException: Message: stale element reference: stale element not found in the current frame\n  (Session info: chrome-headless-shell=126.0.6478.61); For documentation on this error, please visit: https://www.selenium.dev/documentation/webdriver/troubleshooting/errors#stale-element-reference-exception\nStacktrace:\n#0 0x561df30686aa <unknown>\n#1 0x561df2d4b0dc <unknown>\n#2 0x561df2d507e9 <unknown>\n#3 0x561df2d52595 <unknown>\n#4 0x561df2d5261c <unknown>\n#5 0x561df2d9dbee <unknown>\n#6 0x561df2d9cfc6 <unknown>\n#7 0x561df2de2282 <unknown>\n#8 0x561df2dba872 <unknown>\n#9 0x561df2dd95c3 <unknown>\n#10 0x561df2dba613 <unknown>\n#11 0x561df2d8a4f7 <unknown>\n#12 0x561df2d8ae4e <unknown>\n#13 0x561df302e87b <unknown>\n#14 0x561df3032921 <unknown>\n#15 0x561df301a36e <unknown>\n#16 0x561df3033482 <unknown>\n#17 0x561df2ffeccf <unknown>\n#18 0x561df30580a8 <unknown>\n#19 0x561df3058280 <unknown>\n#20 0x561df30677dc <unknown>\n#21 0x7f1701294ac3 <unknown>",
        "time" : {
          "start" : 1718937740195,
          "stop" : 1718937740228,
          "duration" : 33
        }
      }, {
        "uid" : "f9f1ae10ee721633",
        "reportUrl" : "https://Nat754.github.io/PulseWave/61//#testresult/f9f1ae10ee721633",
        "status" : "passed",
        "time" : {
          "start" : 1718851484005,
          "stop" : 1718851484418,
          "duration" : 413
        }
      }, {
        "uid" : "42b52d2545de9eaf",
        "reportUrl" : "https://Nat754.github.io/PulseWave/60//#testresult/42b52d2545de9eaf",
        "status" : "passed",
        "time" : {
          "start" : 1718765094386,
          "stop" : 1718765094806,
          "duration" : 420
        }
      }, {
        "uid" : "163707e0f0662fd4",
        "reportUrl" : "https://Nat754.github.io/PulseWave/59//#testresult/163707e0f0662fd4",
        "status" : "passed",
        "time" : {
          "start" : 1718678632110,
          "stop" : 1718678632524,
          "duration" : 414
        }
      }, {
        "uid" : "8af94266b871dc6b",
        "reportUrl" : "https://Nat754.github.io/PulseWave/58//#testresult/8af94266b871dc6b",
        "status" : "passed",
        "time" : {
          "start" : 1718592373872,
          "stop" : 1718592374302,
          "duration" : 430
        }
      }, {
        "uid" : "771a7953f2039219",
        "reportUrl" : "https://Nat754.github.io/PulseWave/57//#testresult/771a7953f2039219",
        "status" : "passed",
        "time" : {
          "start" : 1718505890455,
          "stop" : 1718505890862,
          "duration" : 407
        }
      }, {
        "uid" : "587adea37ca4bce9",
        "reportUrl" : "https://Nat754.github.io/PulseWave/56//#testresult/587adea37ca4bce9",
        "status" : "passed",
        "time" : {
          "start" : 1718419244215,
          "stop" : 1718419244639,
          "duration" : 424
        }
      }, {
        "uid" : "9b63b81da9400742",
        "reportUrl" : "https://Nat754.github.io/PulseWave/55//#testresult/9b63b81da9400742",
        "status" : "passed",
        "time" : {
          "start" : 1718332959986,
          "stop" : 1718332960396,
          "duration" : 410
        }
      }, {
        "uid" : "b55ab26e1a008836",
        "reportUrl" : "https://Nat754.github.io/PulseWave/54//#testresult/b55ab26e1a008836",
        "status" : "passed",
        "time" : {
          "start" : 1718246790949,
          "stop" : 1718246791379,
          "duration" : 430
        }
      }, {
        "uid" : "5f749947dfec0a80",
        "reportUrl" : "https://Nat754.github.io/PulseWave/53//#testresult/5f749947dfec0a80",
        "status" : "broken",
        "statusDetails" : "selenium.common.exceptions.StaleElementReferenceException: Message: stale element reference: stale element not found in the current frame\n  (Session info: chrome-headless-shell=125.0.6422.141); For documentation on this error, please visit: https://www.selenium.dev/documentation/webdriver/troubleshooting/errors#stale-element-reference-exception\nStacktrace:\n#0 0x55c597243e3a <unknown>\n#1 0x55c596f2d45c <unknown>\n#2 0x55c596f32b69 <unknown>\n#3 0x55c596f34915 <unknown>\n#4 0x55c596f3499c <unknown>\n#5 0x55c596f8024c <unknown>\n#6 0x55c596f7dcbd <unknown>\n#7 0x55c596f7bb57 <unknown>\n#8 0x55c596f7a97c <unknown>\n#9 0x55c596f6e0ff <unknown>\n#10 0x55c596f9c4b2 <unknown>\n#11 0x55c596f6da79 <unknown>\n#12 0x55c596f9c67e <unknown>\n#13 0x55c596fbb2cc <unknown>\n#14 0x55c596f9c253 <unknown>\n#15 0x55c596f6c1c7 <unknown>\n#16 0x55c596f6cb3e <unknown>\n#17 0x55c59720a27b <unknown>\n#18 0x55c59720e327 <unknown>\n#19 0x55c5971f6dae <unknown>\n#20 0x55c59720edf2 <unknown>\n#21 0x55c5971db74f <unknown>\n#22 0x55c597233128 <unknown>\n#23 0x55c5972332fb <unknown>\n#24 0x55c597242f6c <unknown>\n#25 0x7fd82e294ac3 <unknown>",
        "time" : {
          "start" : 1718160457622,
          "stop" : 1718160457945,
          "duration" : 323
        }
      }, {
        "uid" : "f1d0cef4df9c2f08",
        "reportUrl" : "https://Nat754.github.io/PulseWave/52//#testresult/f1d0cef4df9c2f08",
        "status" : "broken",
        "statusDetails" : "selenium.common.exceptions.StaleElementReferenceException: Message: stale element reference: stale element not found in the current frame\n  (Session info: chrome-headless-shell=125.0.6422.141); For documentation on this error, please visit: https://www.selenium.dev/documentation/webdriver/troubleshooting/errors#stale-element-reference-exception\nStacktrace:\n#0 0x555e9357ee3a <unknown>\n#1 0x555e9326845c <unknown>\n#2 0x555e9326db69 <unknown>\n#3 0x555e9326f915 <unknown>\n#4 0x555e9326f99c <unknown>\n#5 0x555e932ba85e <unknown>\n#6 0x555e932b9c36 <unknown>\n#7 0x555e932fef9c <unknown>\n#8 0x555e932d74b2 <unknown>\n#9 0x555e932f62cc <unknown>\n#10 0x555e932d7253 <unknown>\n#11 0x555e932a71c7 <unknown>\n#12 0x555e932a7b3e <unknown>\n#13 0x555e9354527b <unknown>\n#14 0x555e93549327 <unknown>\n#15 0x555e93531dae <unknown>\n#16 0x555e93549df2 <unknown>\n#17 0x555e9351674f <unknown>\n#18 0x555e9356e128 <unknown>\n#19 0x555e9356e2fb <unknown>\n#20 0x555e9357df6c <unknown>\n#21 0x7fbf35694ac3 <unknown>",
        "time" : {
          "start" : 1718073815347,
          "stop" : 1718073815373,
          "duration" : 26
        }
      }, {
        "uid" : "4bf4ce744b91cb6e",
        "reportUrl" : "https://Nat754.github.io/PulseWave/51//#testresult/4bf4ce744b91cb6e",
        "status" : "passed",
        "time" : {
          "start" : 1717987436240,
          "stop" : 1717987436661,
          "duration" : 421
        }
      } ]
    },
    "tags" : [ "regress" ]
  },
  "source" : "514ff5ce5b7a3c59.json",
  "parameterValues" : [ "'chrome'" ]
}