{
  "uid" : "3ac7dc865e910f20",
  "name" : "1.3, 1.3.1, 1.15 Регистрация с корректными email и паролем и с согласием на подписку",
  "fullName" : "tests.test_signup_page.test_signup_page.TestSignupPage#test_signup_with_correct_data_and_agree",
  "historyId" : "3f1a9a03cb3169fb36bf4b166c8deeee",
  "time" : {
    "start" : 1716517936701,
    "stop" : 1716517957466,
    "duration" : 20765
  },
  "status" : "broken",
  "statusMessage" : "selenium.common.exceptions.TimeoutException: Message: \nStacktrace:\n#0 0x55895583aeca <unknown>\n#1 0x55895552445c <unknown>\n#2 0x5589555705b5 <unknown>\n#3 0x558955570671 <unknown>\n#4 0x5589555b4f14 <unknown>\n#5 0x5589555934dd <unknown>\n#6 0x5589555b22cc <unknown>\n#7 0x558955593253 <unknown>\n#8 0x5589555631c7 <unknown>\n#9 0x558955563b3e <unknown>\n#10 0x55895580130b <unknown>\n#11 0x5589558053b7 <unknown>\n#12 0x5589557ede3e <unknown>\n#13 0x558955805e82 <unknown>\n#14 0x5589557d27df <unknown>\n#15 0x55895582a1b8 <unknown>\n#16 0x55895582a38b <unknown>\n#17 0x558955839ffc <unknown>\n#18 0x7f4c08294ac3 <unknown>",
  "statusTrace" : "self = <tests.test_signup_page.test_signup_page.TestSignupPage object at 0x7f6ff25dec60>\nsignup_page_open = <pages.signup_page.SignUpPage object at 0x7f6ff261fbc0>\ndriver = <selenium.webdriver.chrome.webdriver.WebDriver (session=\"0f4a4c974d1fec807429c6eb72982960\")>\n\n    @allure.title(\"1.3, 1.3.1, 1.15 Регистрация с корректными email и паролем и с согласием на подписку\")\n    @pytest.mark.smoke\n    def test_signup_with_correct_data_and_agree(self, signup_page_open, driver):\n        with allure.step('Заполнить поле email корректными данными'):\n            signup_page_open.put_data_to_email_field(email1)\n        with allure.step('Заполнить поле пароль сильным паролем'):\n            signup_page_open.put_data_to_password_field(password0)\n        with allure.step('Заполнить поле подтверждение пароля сильным паролем'):\n            signup_page_open.put_data_to_confirm_password_field(password0)\n        signup_page_open.check_pulsewave_policy_message().click()\n        signup_page_open.click_button_submit()\n>       element = signup_page_open.get_send_invite_message()\n\ntests/test_signup_page/test_signup_page.py:29: \n_ _ _ _ _ _ _ _ _ _ _ _ _ _ _ _ _ _ _ _ _ _ _ _ _ _ _ _ _ _ _ _ _ _ _ _ _ _ _ _ \npages/signup_page.py:87: in get_send_invite_message\n    return self.element_is_visible(self.locator.SEND_INVITE_EMAIL)\npages/base_page.py:19: in element_is_visible\n    self.go_to_element(self.element_is_present(locator))\npages/base_page.py:35: in element_is_present\n    return Wait(self.driver, self.timeout).until(es.presence_of_element_located(locator))\n_ _ _ _ _ _ _ _ _ _ _ _ _ _ _ _ _ _ _ _ _ _ _ _ _ _ _ _ _ _ _ _ _ _ _ _ _ _ _ _ \n\nself = <selenium.webdriver.support.wait.WebDriverWait (session=\"0f4a4c974d1fec807429c6eb72982960\")>\nmethod = <function presence_of_element_located.<locals>._predicate at 0x7f6ff0be6340>\nmessage = ''\n\n    def until(self, method: Callable[[D], Union[Literal[False], T]], message: str = \"\") -> T:\n        \"\"\"Calls the method provided with the driver as an argument until the \\\n        return value does not evaluate to ``False``.\n    \n        :param method: callable(WebDriver)\n        :param message: optional message for :exc:`TimeoutException`\n        :returns: the result of the last call to `method`\n        :raises: :exc:`selenium.common.exceptions.TimeoutException` if timeout occurs\n        \"\"\"\n        screen = None\n        stacktrace = None\n    \n        end_time = time.monotonic() + self._timeout\n        while True:\n            try:\n                value = method(self._driver)\n                if value:\n                    return value\n            except self._ignored_exceptions as exc:\n                screen = getattr(exc, \"screen\", None)\n                stacktrace = getattr(exc, \"stacktrace\", None)\n            time.sleep(self._poll)\n            if time.monotonic() > end_time:\n                break\n>       raise TimeoutException(message, screen, stacktrace)\nE       selenium.common.exceptions.TimeoutException: Message: \nE       Stacktrace:\nE       #0 0x55895583aeca <unknown>\nE       #1 0x55895552445c <unknown>\nE       #2 0x5589555705b5 <unknown>\nE       #3 0x558955570671 <unknown>\nE       #4 0x5589555b4f14 <unknown>\nE       #5 0x5589555934dd <unknown>\nE       #6 0x5589555b22cc <unknown>\nE       #7 0x558955593253 <unknown>\nE       #8 0x5589555631c7 <unknown>\nE       #9 0x558955563b3e <unknown>\nE       #10 0x55895580130b <unknown>\nE       #11 0x5589558053b7 <unknown>\nE       #12 0x5589557ede3e <unknown>\nE       #13 0x558955805e82 <unknown>\nE       #14 0x5589557d27df <unknown>\nE       #15 0x55895582a1b8 <unknown>\nE       #16 0x55895582a38b <unknown>\nE       #17 0x558955839ffc <unknown>\nE       #18 0x7f4c08294ac3 <unknown>\n\n/opt/hostedtoolcache/Python/3.12.3/x64/lib/python3.12/site-packages/selenium/webdriver/support/wait.py:105: TimeoutException",
  "flaky" : false,
  "newFailed" : false,
  "beforeStages" : [ {
    "name" : "driver",
    "time" : {
      "start" : 1716517933794,
      "stop" : 1716517933990,
      "duration" : 196
    },
    "status" : "passed",
    "steps" : [ ],
    "attachments" : [ ],
    "parameters" : [ ],
    "stepsCount" : 0,
    "attachmentsCount" : 0,
    "shouldDisplayMessage" : false,
    "hasContent" : false
  }, {
    "name" : "signup_page_open",
    "time" : {
      "start" : 1716517933991,
      "stop" : 1716517936701,
      "duration" : 2710
    },
    "status" : "passed",
    "steps" : [ {
      "name" : "Проверка видимости кнопки 'Принимаю все' в сообщении о принятии файлов cookie",
      "time" : {
        "start" : 1716517936642,
        "stop" : 1716517936671,
        "duration" : 29
      },
      "status" : "passed",
      "steps" : [ ],
      "attachments" : [ ],
      "parameters" : [ ],
      "stepsCount" : 0,
      "attachmentsCount" : 0,
      "shouldDisplayMessage" : false,
      "hasContent" : false
    } ],
    "attachments" : [ ],
    "parameters" : [ ],
    "stepsCount" : 1,
    "attachmentsCount" : 0,
    "shouldDisplayMessage" : false,
    "hasContent" : true
  }, {
    "name" : "_session_faker",
    "time" : {
      "start" : 1716517354685,
      "stop" : 1716517354702,
      "duration" : 17
    },
    "status" : "passed",
    "steps" : [ ],
    "attachments" : [ ],
    "parameters" : [ ],
    "stepsCount" : 0,
    "attachmentsCount" : 0,
    "shouldDisplayMessage" : false,
    "hasContent" : false
  }, {
    "name" : "clear_allure_results_folder",
    "time" : {
      "start" : 1716517354703,
      "stop" : 1716517354703,
      "duration" : 0
    },
    "status" : "passed",
    "steps" : [ ],
    "attachments" : [ ],
    "parameters" : [ ],
    "stepsCount" : 0,
    "attachmentsCount" : 0,
    "shouldDisplayMessage" : false,
    "hasContent" : false
  } ],
  "testStage" : {
    "status" : "broken",
    "statusMessage" : "selenium.common.exceptions.TimeoutException: Message: \nStacktrace:\n#0 0x55895583aeca <unknown>\n#1 0x55895552445c <unknown>\n#2 0x5589555705b5 <unknown>\n#3 0x558955570671 <unknown>\n#4 0x5589555b4f14 <unknown>\n#5 0x5589555934dd <unknown>\n#6 0x5589555b22cc <unknown>\n#7 0x558955593253 <unknown>\n#8 0x5589555631c7 <unknown>\n#9 0x558955563b3e <unknown>\n#10 0x55895580130b <unknown>\n#11 0x5589558053b7 <unknown>\n#12 0x5589557ede3e <unknown>\n#13 0x558955805e82 <unknown>\n#14 0x5589557d27df <unknown>\n#15 0x55895582a1b8 <unknown>\n#16 0x55895582a38b <unknown>\n#17 0x558955839ffc <unknown>\n#18 0x7f4c08294ac3 <unknown>",
    "statusTrace" : "self = <tests.test_signup_page.test_signup_page.TestSignupPage object at 0x7f6ff25dec60>\nsignup_page_open = <pages.signup_page.SignUpPage object at 0x7f6ff261fbc0>\ndriver = <selenium.webdriver.chrome.webdriver.WebDriver (session=\"0f4a4c974d1fec807429c6eb72982960\")>\n\n    @allure.title(\"1.3, 1.3.1, 1.15 Регистрация с корректными email и паролем и с согласием на подписку\")\n    @pytest.mark.smoke\n    def test_signup_with_correct_data_and_agree(self, signup_page_open, driver):\n        with allure.step('Заполнить поле email корректными данными'):\n            signup_page_open.put_data_to_email_field(email1)\n        with allure.step('Заполнить поле пароль сильным паролем'):\n            signup_page_open.put_data_to_password_field(password0)\n        with allure.step('Заполнить поле подтверждение пароля сильным паролем'):\n            signup_page_open.put_data_to_confirm_password_field(password0)\n        signup_page_open.check_pulsewave_policy_message().click()\n        signup_page_open.click_button_submit()\n>       element = signup_page_open.get_send_invite_message()\n\ntests/test_signup_page/test_signup_page.py:29: \n_ _ _ _ _ _ _ _ _ _ _ _ _ _ _ _ _ _ _ _ _ _ _ _ _ _ _ _ _ _ _ _ _ _ _ _ _ _ _ _ \npages/signup_page.py:87: in get_send_invite_message\n    return self.element_is_visible(self.locator.SEND_INVITE_EMAIL)\npages/base_page.py:19: in element_is_visible\n    self.go_to_element(self.element_is_present(locator))\npages/base_page.py:35: in element_is_present\n    return Wait(self.driver, self.timeout).until(es.presence_of_element_located(locator))\n_ _ _ _ _ _ _ _ _ _ _ _ _ _ _ _ _ _ _ _ _ _ _ _ _ _ _ _ _ _ _ _ _ _ _ _ _ _ _ _ \n\nself = <selenium.webdriver.support.wait.WebDriverWait (session=\"0f4a4c974d1fec807429c6eb72982960\")>\nmethod = <function presence_of_element_located.<locals>._predicate at 0x7f6ff0be6340>\nmessage = ''\n\n    def until(self, method: Callable[[D], Union[Literal[False], T]], message: str = \"\") -> T:\n        \"\"\"Calls the method provided with the driver as an argument until the \\\n        return value does not evaluate to ``False``.\n    \n        :param method: callable(WebDriver)\n        :param message: optional message for :exc:`TimeoutException`\n        :returns: the result of the last call to `method`\n        :raises: :exc:`selenium.common.exceptions.TimeoutException` if timeout occurs\n        \"\"\"\n        screen = None\n        stacktrace = None\n    \n        end_time = time.monotonic() + self._timeout\n        while True:\n            try:\n                value = method(self._driver)\n                if value:\n                    return value\n            except self._ignored_exceptions as exc:\n                screen = getattr(exc, \"screen\", None)\n                stacktrace = getattr(exc, \"stacktrace\", None)\n            time.sleep(self._poll)\n            if time.monotonic() > end_time:\n                break\n>       raise TimeoutException(message, screen, stacktrace)\nE       selenium.common.exceptions.TimeoutException: Message: \nE       Stacktrace:\nE       #0 0x55895583aeca <unknown>\nE       #1 0x55895552445c <unknown>\nE       #2 0x5589555705b5 <unknown>\nE       #3 0x558955570671 <unknown>\nE       #4 0x5589555b4f14 <unknown>\nE       #5 0x5589555934dd <unknown>\nE       #6 0x5589555b22cc <unknown>\nE       #7 0x558955593253 <unknown>\nE       #8 0x5589555631c7 <unknown>\nE       #9 0x558955563b3e <unknown>\nE       #10 0x55895580130b <unknown>\nE       #11 0x5589558053b7 <unknown>\nE       #12 0x5589557ede3e <unknown>\nE       #13 0x558955805e82 <unknown>\nE       #14 0x5589557d27df <unknown>\nE       #15 0x55895582a1b8 <unknown>\nE       #16 0x55895582a38b <unknown>\nE       #17 0x558955839ffc <unknown>\nE       #18 0x7f4c08294ac3 <unknown>\n\n/opt/hostedtoolcache/Python/3.12.3/x64/lib/python3.12/site-packages/selenium/webdriver/support/wait.py:105: TimeoutException",
    "steps" : [ {
      "name" : "Заполнить поле email корректными данными",
      "time" : {
        "start" : 1716517936701,
        "stop" : 1716517936777,
        "duration" : 76
      },
      "status" : "passed",
      "steps" : [ ],
      "attachments" : [ ],
      "parameters" : [ ],
      "stepsCount" : 0,
      "attachmentsCount" : 0,
      "shouldDisplayMessage" : false,
      "hasContent" : false
    }, {
      "name" : "Заполнить поле пароль сильным паролем",
      "time" : {
        "start" : 1716517936777,
        "stop" : 1716517936834,
        "duration" : 57
      },
      "status" : "passed",
      "steps" : [ ],
      "attachments" : [ ],
      "parameters" : [ ],
      "stepsCount" : 0,
      "attachmentsCount" : 0,
      "shouldDisplayMessage" : false,
      "hasContent" : false
    }, {
      "name" : "Заполнить поле подтверждение пароля сильным паролем",
      "time" : {
        "start" : 1716517936834,
        "stop" : 1716517936890,
        "duration" : 56
      },
      "status" : "passed",
      "steps" : [ ],
      "attachments" : [ ],
      "parameters" : [ ],
      "stepsCount" : 0,
      "attachmentsCount" : 0,
      "shouldDisplayMessage" : false,
      "hasContent" : false
    }, {
      "name" : "Видимость сообщения: 'Я согласен получать новости и обновления PulseWave'",
      "time" : {
        "start" : 1716517936890,
        "stop" : 1716517936913,
        "duration" : 23
      },
      "status" : "passed",
      "steps" : [ ],
      "attachments" : [ ],
      "parameters" : [ ],
      "stepsCount" : 0,
      "attachmentsCount" : 0,
      "shouldDisplayMessage" : false,
      "hasContent" : false
    }, {
      "name" : "Подтвердить изменения'",
      "time" : {
        "start" : 1716517936938,
        "stop" : 1716517936988,
        "duration" : 50
      },
      "status" : "passed",
      "steps" : [ ],
      "attachments" : [ ],
      "parameters" : [ ],
      "stepsCount" : 0,
      "attachmentsCount" : 0,
      "shouldDisplayMessage" : false,
      "hasContent" : false
    }, {
      "name" : "Получено сообщения о подтверждении регистрации",
      "time" : {
        "start" : 1716517936988,
        "stop" : 1716517957465,
        "duration" : 20477
      },
      "status" : "broken",
      "statusMessage" : "selenium.common.exceptions.TimeoutException: Message: \nStacktrace:\n#0 0x55895583aeca <unknown>\n#1 0x55895552445c <unknown>\n#2 0x5589555705b5 <unknown>\n#3 0x558955570671 <unknown>\n#4 0x5589555b4f14 <unknown>\n#5 0x5589555934dd <unknown>\n#6 0x5589555b22cc <unknown>\n#7 0x558955593253 <unknown>\n#8 0x5589555631c7 <unknown>\n#9 0x558955563b3e <unknown>\n#10 0x55895580130b <unknown>\n#11 0x5589558053b7 <unknown>\n#12 0x5589557ede3e <unknown>\n#13 0x558955805e82 <unknown>\n#14 0x5589557d27df <unknown>\n#15 0x55895582a1b8 <unknown>\n#16 0x55895582a38b <unknown>\n#17 0x558955839ffc <unknown>\n#18 0x7f4c08294ac3 <unknown>\n\n",
      "statusTrace" : "  File \"/opt/hostedtoolcache/Python/3.12.3/x64/lib/python3.12/site-packages/allure_commons/_allure.py\", line 192, in impl\n    return func(*a, **kw)\n           ^^^^^^^^^^^^^^\n  File \"/home/runner/work/PulseWave/PulseWave/pages/signup_page.py\", line 87, in get_send_invite_message\n    return self.element_is_visible(self.locator.SEND_INVITE_EMAIL)\n           ^^^^^^^^^^^^^^^^^^^^^^^^^^^^^^^^^^^^^^^^^^^^^^^^^^^^^^^\n  File \"/home/runner/work/PulseWave/PulseWave/pages/base_page.py\", line 19, in element_is_visible\n    self.go_to_element(self.element_is_present(locator))\n                       ^^^^^^^^^^^^^^^^^^^^^^^^^^^^^^^^\n  File \"/home/runner/work/PulseWave/PulseWave/pages/base_page.py\", line 35, in element_is_present\n    return Wait(self.driver, self.timeout).until(es.presence_of_element_located(locator))\n           ^^^^^^^^^^^^^^^^^^^^^^^^^^^^^^^^^^^^^^^^^^^^^^^^^^^^^^^^^^^^^^^^^^^^^^^^^^^^^^\n  File \"/opt/hostedtoolcache/Python/3.12.3/x64/lib/python3.12/site-packages/selenium/webdriver/support/wait.py\", line 105, in until\n    raise TimeoutException(message, screen, stacktrace)\n",
      "steps" : [ ],
      "attachments" : [ ],
      "parameters" : [ ],
      "stepsCount" : 0,
      "attachmentsCount" : 0,
      "shouldDisplayMessage" : true,
      "hasContent" : true
    } ],
    "attachments" : [ {
      "uid" : "38e1fba01039b35",
      "name" : "Screenshot",
      "source" : "38e1fba01039b35.png",
      "type" : "image/png",
      "size" : 92550
    }, {
      "uid" : "add575a1a7ed56b4",
      "name" : "HTML source",
      "source" : "add575a1a7ed56b4.html",
      "type" : "text/html",
      "size" : 100622
    } ],
    "parameters" : [ ],
    "stepsCount" : 6,
    "attachmentsCount" : 2,
    "shouldDisplayMessage" : true,
    "hasContent" : true
  },
  "afterStages" : [ {
    "name" : "driver::0",
    "time" : {
      "start" : 1716517957588,
      "stop" : 1716517957649,
      "duration" : 61
    },
    "status" : "passed",
    "steps" : [ ],
    "attachments" : [ ],
    "parameters" : [ ],
    "stepsCount" : 0,
    "attachmentsCount" : 0,
    "shouldDisplayMessage" : false,
    "hasContent" : false
  } ],
  "labels" : [ {
    "name" : "epic",
    "value" : "Тестирование страницы 'Регистрация'"
  }, {
    "name" : "tag",
    "value" : "smoke"
  }, {
    "name" : "parentSuite",
    "value" : "tests.test_signup_page"
  }, {
    "name" : "suite",
    "value" : "test_signup_page"
  }, {
    "name" : "subSuite",
    "value" : "TestSignupPage"
  }, {
    "name" : "host",
    "value" : "fv-az770-693"
  }, {
    "name" : "thread",
    "value" : "2379-MainThread"
  }, {
    "name" : "framework",
    "value" : "pytest"
  }, {
    "name" : "language",
    "value" : "cpython3"
  }, {
    "name" : "package",
    "value" : "tests.test_signup_page.test_signup_page"
  }, {
    "name" : "resultFormat",
    "value" : "allure2"
  } ],
  "parameters" : [ {
    "name" : "browser",
    "value" : "'chrome'"
  } ],
  "links" : [ ],
  "hidden" : false,
  "retry" : false,
  "extra" : {
    "severity" : "normal",
    "retries" : [ ],
    "categories" : [ {
      "name" : "Test defects",
      "matchedStatuses" : [ ],
      "flaky" : false
    } ],
    "history" : {
      "statistic" : {
        "failed" : 0,
        "broken" : 2,
        "skipped" : 30,
        "passed" : 8,
        "unknown" : 0,
        "total" : 40
      },
      "items" : [ {
        "uid" : "a7d7a1114dacb2c",
        "reportUrl" : "https://Nat754.github.io/PulseWave/33//#testresult/a7d7a1114dacb2c",
        "status" : "broken",
        "statusDetails" : "selenium.common.exceptions.TimeoutException: Message: \nStacktrace:\n#0 0x561f04b91eca <unknown>\n#1 0x561f0487b45c <unknown>\n#2 0x561f048c75b5 <unknown>\n#3 0x561f048c7671 <unknown>\n#4 0x561f0490bf14 <unknown>\n#5 0x561f048ea4dd <unknown>\n#6 0x561f049092cc <unknown>\n#7 0x561f048ea253 <unknown>\n#8 0x561f048ba1c7 <unknown>\n#9 0x561f048bab3e <unknown>\n#10 0x561f04b5830b <unknown>\n#11 0x561f04b5c3b7 <unknown>\n#12 0x561f04b44e3e <unknown>\n#13 0x561f04b5ce82 <unknown>\n#14 0x561f04b297df <unknown>\n#15 0x561f04b811b8 <unknown>\n#16 0x561f04b8138b <unknown>\n#17 0x561f04b90ffc <unknown>\n#18 0x7fe4c0694ac3 <unknown>",
        "time" : {
          "start" : 1716431999904,
          "stop" : 1716432020700,
          "duration" : 20796
        }
      }, {
        "uid" : "6e9446f037ac8786",
        "reportUrl" : "https://Nat754.github.io/PulseWave/32//#testresult/6e9446f037ac8786",
        "status" : "passed",
        "time" : {
          "start" : 1716345598107,
          "stop" : 1716345616495,
          "duration" : 18388
        }
      }, {
        "uid" : "4543747faac436c9",
        "reportUrl" : "https://Nat754.github.io/PulseWave/31//#testresult/4543747faac436c9",
        "status" : "passed",
        "time" : {
          "start" : 1716258908137,
          "stop" : 1716258924957,
          "duration" : 16820
        }
      }, {
        "uid" : "eff7bed895a92aeb",
        "reportUrl" : "https://Nat754.github.io/PulseWave/30//#testresult/eff7bed895a92aeb",
        "status" : "passed",
        "time" : {
          "start" : 1716172867655,
          "stop" : 1716172885961,
          "duration" : 18306
        }
      }, {
        "uid" : "aaade4c9da1d8eef",
        "reportUrl" : "https://Nat754.github.io/PulseWave/29//#testresult/aaade4c9da1d8eef",
        "status" : "passed",
        "time" : {
          "start" : 1716086334612,
          "stop" : 1716086351823,
          "duration" : 17211
        }
      }, {
        "uid" : "3e9e67c78f94e8cd",
        "reportUrl" : "https://Nat754.github.io/PulseWave/28//#testresult/3e9e67c78f94e8cd",
        "status" : "passed",
        "time" : {
          "start" : 1715999727095,
          "stop" : 1715999743976,
          "duration" : 16881
        }
      }, {
        "uid" : "94be726f2c074b87",
        "reportUrl" : "https://Nat754.github.io/PulseWave/27//#testresult/94be726f2c074b87",
        "status" : "passed",
        "time" : {
          "start" : 1715913545607,
          "stop" : 1715913565156,
          "duration" : 19549
        }
      }, {
        "uid" : "40fb3ea2efb952e9",
        "reportUrl" : "https://Nat754.github.io/PulseWave/212//#testresult/40fb3ea2efb952e9",
        "status" : "passed",
        "time" : {
          "start" : 1715842237603,
          "stop" : 1715842254646,
          "duration" : 17043
        }
      }, {
        "uid" : "54e3581322c18758",
        "reportUrl" : "https://Nat754.github.io/PulseWave/26//#testresult/54e3581322c18758",
        "status" : "passed",
        "statusDetails" : "XPASS",
        "time" : {
          "start" : 1715826995585,
          "stop" : 1715827013482,
          "duration" : 17897
        }
      }, {
        "uid" : "6b97a237ebd64f3d",
        "reportUrl" : "https://Nat754.github.io/PulseWave/25//#testresult/6b97a237ebd64f3d",
        "status" : "skipped",
        "statusDetails" : "XFAIL\n\nselenium.common.exceptions.TimeoutException: Message: \nStacktrace:\n#0 0x55b0219e3e33 <unknown>\n#1 0x55b0216d3567 <unknown>\n#2 0x55b02171e27d <unknown>\n#3 0x55b02171e331 <unknown>\n#4 0x55b021761624 <unknown>\n#5 0x55b02174038d <unknown>\n#6 0x55b02175eae2 <unknown>\n#7 0x55b021740103 <unknown>\n#8 0x55b0217111ba <unknown>\n#9 0x55b021711b8e <unknown>\n#10 0x55b0219a859b <unknown>\n#11 0x55b0219ac34b <unknown>\n#12 0x55b021994681 <unknown>\n#13 0x55b0219aceb2 <unknown>\n#14 0x55b0219796af <unknown>\n#15 0x55b0219d3428 <unknown>\n#16 0x55b0219d3600 <unknown>\n#17 0x55b0219e2f84 <unknown>\n#18 0x7fb957a94ac3 <unknown>",
        "time" : {
          "start" : 1715741050999,
          "stop" : 1715741071812,
          "duration" : 20813
        }
      }, {
        "uid" : "37941b54a6f77d9b",
        "reportUrl" : "https://Nat754.github.io/PulseWave/24//#testresult/37941b54a6f77d9b",
        "status" : "skipped",
        "statusDetails" : "XFAIL\n\nselenium.common.exceptions.TimeoutException: Message: \nStacktrace:\n#0 0x5629a2096e33 <unknown>\n#1 0x5629a1d86567 <unknown>\n#2 0x5629a1dd127d <unknown>\n#3 0x5629a1dd1331 <unknown>\n#4 0x5629a1e14624 <unknown>\n#5 0x5629a1df338d <unknown>\n#6 0x5629a1e11ae2 <unknown>\n#7 0x5629a1df3103 <unknown>\n#8 0x5629a1dc41ba <unknown>\n#9 0x5629a1dc4b8e <unknown>\n#10 0x5629a205b59b <unknown>\n#11 0x5629a205f34b <unknown>\n#12 0x5629a2047681 <unknown>\n#13 0x5629a205feb2 <unknown>\n#14 0x5629a202c6af <unknown>\n#15 0x5629a2086428 <unknown>\n#16 0x5629a2086600 <unknown>\n#17 0x5629a2095f84 <unknown>\n#18 0x7f5d16294ac3 <unknown>",
        "time" : {
          "start" : 1715654366793,
          "stop" : 1715654387536,
          "duration" : 20743
        }
      }, {
        "uid" : "5e0e68f4043f81f4",
        "reportUrl" : "https://Nat754.github.io/PulseWave/23//#testresult/5e0e68f4043f81f4",
        "status" : "skipped",
        "statusDetails" : "XFAIL\n\nselenium.common.exceptions.TimeoutException: Message: \nStacktrace:\n#0 0x55d5178d1e33 <unknown>\n#1 0x55d5175c1567 <unknown>\n#2 0x55d51760c27d <unknown>\n#3 0x55d51760c331 <unknown>\n#4 0x55d51764f624 <unknown>\n#5 0x55d51762e38d <unknown>\n#6 0x55d51764cae2 <unknown>\n#7 0x55d51762e103 <unknown>\n#8 0x55d5175ff1ba <unknown>\n#9 0x55d5175ffb8e <unknown>\n#10 0x55d51789659b <unknown>\n#11 0x55d51789a34b <unknown>\n#12 0x55d517882681 <unknown>\n#13 0x55d51789aeb2 <unknown>\n#14 0x55d5178676af <unknown>\n#15 0x55d5178c1428 <unknown>\n#16 0x55d5178c1600 <unknown>\n#17 0x55d5178d0f84 <unknown>\n#18 0x7f0378694ac3 <unknown>",
        "time" : {
          "start" : 1715567897635,
          "stop" : 1715567918426,
          "duration" : 20791
        }
      }, {
        "uid" : "f6c9ad1abdf2c4c4",
        "reportUrl" : "https://Nat754.github.io/PulseWave/22//#testresult/f6c9ad1abdf2c4c4",
        "status" : "skipped",
        "statusDetails" : "XFAIL\n\nselenium.common.exceptions.TimeoutException: Message: \nStacktrace:\n#0 0x5621e8aa8e33 <unknown>\n#1 0x5621e8798567 <unknown>\n#2 0x5621e87e327d <unknown>\n#3 0x5621e87e3331 <unknown>\n#4 0x5621e8826624 <unknown>\n#5 0x5621e880538d <unknown>\n#6 0x5621e8823ae2 <unknown>\n#7 0x5621e8805103 <unknown>\n#8 0x5621e87d61ba <unknown>\n#9 0x5621e87d6b8e <unknown>\n#10 0x5621e8a6d59b <unknown>\n#11 0x5621e8a7134b <unknown>\n#12 0x5621e8a59681 <unknown>\n#13 0x5621e8a71eb2 <unknown>\n#14 0x5621e8a3e6af <unknown>\n#15 0x5621e8a98428 <unknown>\n#16 0x5621e8a98600 <unknown>\n#17 0x5621e8aa7f84 <unknown>\n#18 0x7f2b35a94ac3 <unknown>",
        "time" : {
          "start" : 1715481609671,
          "stop" : 1715481646465,
          "duration" : 36794
        }
      }, {
        "uid" : "4c7b12522ae34db9",
        "reportUrl" : "https://Nat754.github.io/PulseWave/21//#testresult/4c7b12522ae34db9",
        "status" : "skipped",
        "statusDetails" : "XFAIL\n\nselenium.common.exceptions.TimeoutException: Message: \nStacktrace:\n#0 0x559d11a75e33 <unknown>\n#1 0x559d11765567 <unknown>\n#2 0x559d117b027d <unknown>\n#3 0x559d117b0331 <unknown>\n#4 0x559d117f3624 <unknown>\n#5 0x559d117d238d <unknown>\n#6 0x559d117f0ae2 <unknown>\n#7 0x559d117d2103 <unknown>\n#8 0x559d117a31ba <unknown>\n#9 0x559d117a3b8e <unknown>\n#10 0x559d11a3a59b <unknown>\n#11 0x559d11a3e34b <unknown>\n#12 0x559d11a26681 <unknown>\n#13 0x559d11a3eeb2 <unknown>\n#14 0x559d11a0b6af <unknown>\n#15 0x559d11a65428 <unknown>\n#16 0x559d11a65600 <unknown>\n#17 0x559d11a74f84 <unknown>\n#18 0x7fe5f7894ac3 <unknown>",
        "time" : {
          "start" : 1715394741024,
          "stop" : 1715394761800,
          "duration" : 20776
        }
      }, {
        "uid" : "771753c8dd4a470f",
        "reportUrl" : "https://Nat754.github.io/PulseWave/20//#testresult/771753c8dd4a470f",
        "status" : "skipped",
        "statusDetails" : "XFAIL\n\nselenium.common.exceptions.TimeoutException: Message: \nStacktrace:\n#0 0x564e87004e33 <unknown>\n#1 0x564e86cf4567 <unknown>\n#2 0x564e86d3f27d <unknown>\n#3 0x564e86d3f331 <unknown>\n#4 0x564e86d82624 <unknown>\n#5 0x564e86d6138d <unknown>\n#6 0x564e86d7fae2 <unknown>\n#7 0x564e86d61103 <unknown>\n#8 0x564e86d321ba <unknown>\n#9 0x564e86d32b8e <unknown>\n#10 0x564e86fc959b <unknown>\n#11 0x564e86fcd34b <unknown>\n#12 0x564e86fb5681 <unknown>\n#13 0x564e86fcdeb2 <unknown>\n#14 0x564e86f9a6af <unknown>\n#15 0x564e86ff4428 <unknown>\n#16 0x564e86ff4600 <unknown>\n#17 0x564e87003f84 <unknown>\n#18 0x7efc9f494ac3 <unknown>",
        "time" : {
          "start" : 1715308954619,
          "stop" : 1715308990929,
          "duration" : 36310
        }
      }, {
        "uid" : "17d614da8a58e70d",
        "reportUrl" : "https://Nat754.github.io/PulseWave/19//#testresult/17d614da8a58e70d",
        "status" : "skipped",
        "statusDetails" : "XFAIL\n\nselenium.common.exceptions.TimeoutException: Message: \nStacktrace:\n#0 0x5589699eee33 <unknown>\n#1 0x5589696de567 <unknown>\n#2 0x55896972927d <unknown>\n#3 0x558969729331 <unknown>\n#4 0x55896976c624 <unknown>\n#5 0x55896974b38d <unknown>\n#6 0x558969769ae2 <unknown>\n#7 0x55896974b103 <unknown>\n#8 0x55896971c1ba <unknown>\n#9 0x55896971cb8e <unknown>\n#10 0x5589699b359b <unknown>\n#11 0x5589699b734b <unknown>\n#12 0x55896999f681 <unknown>\n#13 0x5589699b7eb2 <unknown>\n#14 0x5589699846af <unknown>\n#15 0x5589699de428 <unknown>\n#16 0x5589699de600 <unknown>\n#17 0x5589699edf84 <unknown>\n#18 0x7f5ddbc94ac3 <unknown>",
        "time" : {
          "start" : 1715222268853,
          "stop" : 1715222289653,
          "duration" : 20800
        }
      }, {
        "uid" : "a0eca1323b3deb13",
        "reportUrl" : "https://Nat754.github.io/PulseWave/18//#testresult/a0eca1323b3deb13",
        "status" : "skipped",
        "statusDetails" : "XFAIL\n\nselenium.common.exceptions.TimeoutException: Message: \nStacktrace:\n#0 0x55a923649e33 <unknown>\n#1 0x55a923339567 <unknown>\n#2 0x55a92338427d <unknown>\n#3 0x55a923384331 <unknown>\n#4 0x55a9233c7624 <unknown>\n#5 0x55a9233a638d <unknown>\n#6 0x55a9233c4ae2 <unknown>\n#7 0x55a9233a6103 <unknown>\n#8 0x55a9233771ba <unknown>\n#9 0x55a923377b8e <unknown>\n#10 0x55a92360e59b <unknown>\n#11 0x55a92361234b <unknown>\n#12 0x55a9235fa681 <unknown>\n#13 0x55a923612eb2 <unknown>\n#14 0x55a9235df6af <unknown>\n#15 0x55a923639428 <unknown>\n#16 0x55a923639600 <unknown>\n#17 0x55a923648f84 <unknown>\n#18 0x7f8b77e94ac3 <unknown>",
        "time" : {
          "start" : 1715134871635,
          "stop" : 1715134892402,
          "duration" : 20767
        }
      }, {
        "uid" : "f269591aa745e6e1",
        "reportUrl" : "https://Nat754.github.io/PulseWave/17//#testresult/f269591aa745e6e1",
        "status" : "skipped",
        "statusDetails" : "XFAIL\n\nselenium.common.exceptions.TimeoutException: Message: \nStacktrace:\n#0 0x5633c4b70e33 <unknown>\n#1 0x5633c4860567 <unknown>\n#2 0x5633c48ab27d <unknown>\n#3 0x5633c48ab331 <unknown>\n#4 0x5633c48ee624 <unknown>\n#5 0x5633c48cd38d <unknown>\n#6 0x5633c48ebae2 <unknown>\n#7 0x5633c48cd103 <unknown>\n#8 0x5633c489e1ba <unknown>\n#9 0x5633c489eb8e <unknown>\n#10 0x5633c4b3559b <unknown>\n#11 0x5633c4b3934b <unknown>\n#12 0x5633c4b21681 <unknown>\n#13 0x5633c4b39eb2 <unknown>\n#14 0x5633c4b066af <unknown>\n#15 0x5633c4b60428 <unknown>\n#16 0x5633c4b60600 <unknown>\n#17 0x5633c4b6ff84 <unknown>\n#18 0x7f4bc8894ac3 <unknown>",
        "time" : {
          "start" : 1715049543766,
          "stop" : 1715049564577,
          "duration" : 20811
        }
      }, {
        "uid" : "8c8c993d0dcadbbf",
        "reportUrl" : "https://Nat754.github.io/PulseWave/16//#testresult/8c8c993d0dcadbbf",
        "status" : "skipped",
        "statusDetails" : "XFAIL\n\nselenium.common.exceptions.TimeoutException: Message: \nStacktrace:\n#0 0x564f45c39e33 <unknown>\n#1 0x564f45929567 <unknown>\n#2 0x564f4597427d <unknown>\n#3 0x564f45974331 <unknown>\n#4 0x564f459b7624 <unknown>\n#5 0x564f4599638d <unknown>\n#6 0x564f459b4ae2 <unknown>\n#7 0x564f45996103 <unknown>\n#8 0x564f459671ba <unknown>\n#9 0x564f45967b8e <unknown>\n#10 0x564f45bfe59b <unknown>\n#11 0x564f45c0234b <unknown>\n#12 0x564f45bea681 <unknown>\n#13 0x564f45c02eb2 <unknown>\n#14 0x564f45bcf6af <unknown>\n#15 0x564f45c29428 <unknown>\n#16 0x564f45c29600 <unknown>\n#17 0x564f45c38f84 <unknown>\n#18 0x7f1ac1e94ac3 <unknown>",
        "time" : {
          "start" : 1714962941048,
          "stop" : 1714962961877,
          "duration" : 20829
        }
      }, {
        "uid" : "4bf5a184e04eb8c4",
        "reportUrl" : "https://Nat754.github.io/PulseWave/15//#testresult/4bf5a184e04eb8c4",
        "status" : "skipped",
        "statusDetails" : "XFAIL\n\nselenium.common.exceptions.TimeoutException: Message: \nStacktrace:\n#0 0x565029d83e33 <unknown>\n#1 0x565029a73567 <unknown>\n#2 0x565029abe27d <unknown>\n#3 0x565029abe331 <unknown>\n#4 0x565029b01624 <unknown>\n#5 0x565029ae038d <unknown>\n#6 0x565029afeae2 <unknown>\n#7 0x565029ae0103 <unknown>\n#8 0x565029ab11ba <unknown>\n#9 0x565029ab1b8e <unknown>\n#10 0x565029d4859b <unknown>\n#11 0x565029d4c34b <unknown>\n#12 0x565029d34681 <unknown>\n#13 0x565029d4ceb2 <unknown>\n#14 0x565029d196af <unknown>\n#15 0x565029d73428 <unknown>\n#16 0x565029d73600 <unknown>\n#17 0x565029d82f84 <unknown>\n#18 0x7ffb07694ac3 <unknown>",
        "time" : {
          "start" : 1714876651242,
          "stop" : 1714876672021,
          "duration" : 20779
        }
      } ]
    },
    "tags" : [ "smoke" ]
  },
  "source" : "3ac7dc865e910f20.json",
  "parameterValues" : [ "'chrome'" ]
}