{
  "uid" : "31ddbd9937000bec",
  "name" : "3.2, 3.2.1 Восстановить пароль на корректный емайл",
  "fullName" : "tests.test_password_recovery.test_password_recovery.TestPasswordRecoveryPage#test_recovery_password_to_fill_correct_email",
  "historyId" : "3fbb91d2b204c3d1abb80d32ac377e08",
  "time" : {
    "start" : 1716086313509,
    "stop" : 1716086327467,
    "duration" : 13958
  },
  "status" : "broken",
  "statusMessage" : "selenium.common.exceptions.StaleElementReferenceException: Message: stale element reference: stale element not found in the current frame\n  (Session info: chrome-headless-shell=125.0.6422.60); For documentation on this error, please visit: https://www.selenium.dev/documentation/webdriver/troubleshooting/errors#stale-element-reference-exception\nStacktrace:\n#0 0x563b290e2eca <unknown>\n#1 0x563b28dcc45c <unknown>\n#2 0x563b28dd1b69 <unknown>\n#3 0x563b28dd3915 <unknown>\n#4 0x563b28dd399c <unknown>\n#5 0x563b28e12e34 <unknown>\n#6 0x563b28e3b4b2 <unknown>\n#7 0x563b28e0ca79 <unknown>\n#8 0x563b28e3b67e <unknown>\n#9 0x563b28e5a2cc <unknown>\n#10 0x563b28e3b253 <unknown>\n#11 0x563b28e0b1c7 <unknown>\n#12 0x563b28e0bb3e <unknown>\n#13 0x563b290a930b <unknown>\n#14 0x563b290ad3b7 <unknown>\n#15 0x563b29095e3e <unknown>\n#16 0x563b290ade82 <unknown>\n#17 0x563b2907a7df <unknown>\n#18 0x563b290d21b8 <unknown>\n#19 0x563b290d238b <unknown>\n#20 0x563b290e1ffc <unknown>\n#21 0x7fafc7a94ac3 <unknown>",
  "statusTrace" : "self = <tests.test_password_recovery.test_password_recovery.TestPasswordRecoveryPage object at 0x7f9f765566f0>\nrecovery_page_open = <pages.password_recovery_page.PasswordRecoveryPage object at 0x7f9f7657e8d0>\ndriver = <selenium.webdriver.chrome.webdriver.WebDriver (session=\"fb110a745b91fcec127e650279040e28\")>\n\n    @allure.title(\"3.2, 3.2.1 Восстановить пароль на корректный емайл\")\n    @pytest.mark.regress\n    def test_recovery_password_to_fill_correct_email(self, recovery_page_open, driver):\n        with allure.step('Заполнить поле емайл'):\n            recovery_page_open.fill_email_to_recovery_password(email_auth)\n        with allure.step(\"Нажать кнопку 'Продолжить'\"):\n            recovery_page_open.click_resume_button()\n        time.sleep(10)  # Получить ссылку на емайл\n        link = self.page.get_link_recovery_password_by_email()\n        driver.get(link)\n        with allure.step('Ввести пароль в поле пароль'):\n            recovery_page_open.fill_password_recovery(password0)\n        with allure.step('Ввести пароль в поле подтверждение пароля'):\n            recovery_page_open.fill_confirm_password_recovery(password0)\n        with allure.step(\"Нажать кнопку 'Сохранить пароль'\"):\n            recovery_page_open.click_resume_button()\n        with allure.step(\"Нажать кнопку 'Ок' - подтвердить переход на страницу авторизации\"):\n>           recovery_page_open.click_resume_button()\n\ntests/test_password_recovery/test_password_recovery.py:67: \n_ _ _ _ _ _ _ _ _ _ _ _ _ _ _ _ _ _ _ _ _ _ _ _ _ _ _ _ _ _ _ _ _ _ _ _ _ _ _ _ \npages/password_recovery_page.py:48: in click_resume_button\n    return self.element_is_clickable(self.locator.SUBMIT_BUTTON).click()\npages/base_page.py:60: in element_is_clickable\n    return Wait(self.driver, self.timeout).until(es.element_to_be_clickable(locator))\n/opt/hostedtoolcache/Python/3.12.3/x64/lib/python3.12/site-packages/selenium/webdriver/support/wait.py:96: in until\n    value = method(self._driver)\n/opt/hostedtoolcache/Python/3.12.3/x64/lib/python3.12/site-packages/selenium/webdriver/support/expected_conditions.py:365: in _predicate\n    if element and element.is_enabled():\n/opt/hostedtoolcache/Python/3.12.3/x64/lib/python3.12/site-packages/selenium/webdriver/remote/webelement.py:192: in is_enabled\n    return self._execute(Command.IS_ELEMENT_ENABLED)[\"value\"]\n/opt/hostedtoolcache/Python/3.12.3/x64/lib/python3.12/site-packages/selenium/webdriver/remote/webelement.py:395: in _execute\n    return self._parent.execute(command, params)\n/opt/hostedtoolcache/Python/3.12.3/x64/lib/python3.12/site-packages/selenium/webdriver/remote/webdriver.py:347: in execute\n    self.error_handler.check_response(response)\n_ _ _ _ _ _ _ _ _ _ _ _ _ _ _ _ _ _ _ _ _ _ _ _ _ _ _ _ _ _ _ _ _ _ _ _ _ _ _ _ \n\nself = <selenium.webdriver.remote.errorhandler.ErrorHandler object at 0x7f9f7657e960>\nresponse = {'status': 404, 'value': '{\"value\":{\"error\":\"stale element reference\",\"message\":\"stale element reference: stale elemen...\\\\n#19 0x563b290d238b \\\\u003Cunknown>\\\\n#20 0x563b290e1ffc \\\\u003Cunknown>\\\\n#21 0x7fafc7a94ac3 \\\\u003Cunknown>\\\\n\"}}'}\n\n    def check_response(self, response: Dict[str, Any]) -> None:\n        \"\"\"Checks that a JSON response from the WebDriver does not have an\n        error.\n    \n        :Args:\n         - response - The JSON response from the WebDriver server as a dictionary\n           object.\n    \n        :Raises: If the response contains an error message.\n        \"\"\"\n        status = response.get(\"status\", None)\n        if not status or status == ErrorCode.SUCCESS:\n            return\n        value = None\n        message = response.get(\"message\", \"\")\n        screen: str = response.get(\"screen\", \"\")\n        stacktrace = None\n        if isinstance(status, int):\n            value_json = response.get(\"value\", None)\n            if value_json and isinstance(value_json, str):\n                import json\n    \n                try:\n                    value = json.loads(value_json)\n                    if len(value) == 1:\n                        value = value[\"value\"]\n                    status = value.get(\"error\", None)\n                    if not status:\n                        status = value.get(\"status\", ErrorCode.UNKNOWN_ERROR)\n                        message = value.get(\"value\") or value.get(\"message\")\n                        if not isinstance(message, str):\n                            value = message\n                            message = message.get(\"message\")\n                    else:\n                        message = value.get(\"message\", None)\n                except ValueError:\n                    pass\n    \n        exception_class: Type[WebDriverException]\n        e = ErrorCode()\n        error_codes = [item for item in dir(e) if not item.startswith(\"__\")]\n        for error_code in error_codes:\n            error_info = getattr(ErrorCode, error_code)\n            if isinstance(error_info, list) and status in error_info:\n                exception_class = getattr(ExceptionMapping, error_code, WebDriverException)\n                break\n        else:\n            exception_class = WebDriverException\n    \n        if not value:\n            value = response[\"value\"]\n        if isinstance(value, str):\n            raise exception_class(value)\n        if message == \"\" and \"message\" in value:\n            message = value[\"message\"]\n    \n        screen = None  # type: ignore[assignment]\n        if \"screen\" in value:\n            screen = value[\"screen\"]\n    \n        stacktrace = None\n        st_value = value.get(\"stackTrace\") or value.get(\"stacktrace\")\n        if st_value:\n            if isinstance(st_value, str):\n                stacktrace = st_value.split(\"\\n\")\n            else:\n                stacktrace = []\n                try:\n                    for frame in st_value:\n                        line = frame.get(\"lineNumber\", \"\")\n                        file = frame.get(\"fileName\", \"<anonymous>\")\n                        if line:\n                            file = f\"{file}:{line}\"\n                        meth = frame.get(\"methodName\", \"<anonymous>\")\n                        if \"className\" in frame:\n                            meth = f\"{frame['className']}.{meth}\"\n                        msg = \"    at %s (%s)\"\n                        msg = msg % (meth, file)\n                        stacktrace.append(msg)\n                except TypeError:\n                    pass\n        if exception_class == UnexpectedAlertPresentException:\n            alert_text = None\n            if \"data\" in value:\n                alert_text = value[\"data\"].get(\"text\")\n            elif \"alert\" in value:\n                alert_text = value[\"alert\"].get(\"text\")\n            raise exception_class(message, screen, stacktrace, alert_text)  # type: ignore[call-arg]  # mypy is not smart enough here\n>       raise exception_class(message, screen, stacktrace)\nE       selenium.common.exceptions.StaleElementReferenceException: Message: stale element reference: stale element not found in the current frame\nE         (Session info: chrome-headless-shell=125.0.6422.60); For documentation on this error, please visit: https://www.selenium.dev/documentation/webdriver/troubleshooting/errors#stale-element-reference-exception\nE       Stacktrace:\nE       #0 0x563b290e2eca <unknown>\nE       #1 0x563b28dcc45c <unknown>\nE       #2 0x563b28dd1b69 <unknown>\nE       #3 0x563b28dd3915 <unknown>\nE       #4 0x563b28dd399c <unknown>\nE       #5 0x563b28e12e34 <unknown>\nE       #6 0x563b28e3b4b2 <unknown>\nE       #7 0x563b28e0ca79 <unknown>\nE       #8 0x563b28e3b67e <unknown>\nE       #9 0x563b28e5a2cc <unknown>\nE       #10 0x563b28e3b253 <unknown>\nE       #11 0x563b28e0b1c7 <unknown>\nE       #12 0x563b28e0bb3e <unknown>\nE       #13 0x563b290a930b <unknown>\nE       #14 0x563b290ad3b7 <unknown>\nE       #15 0x563b29095e3e <unknown>\nE       #16 0x563b290ade82 <unknown>\nE       #17 0x563b2907a7df <unknown>\nE       #18 0x563b290d21b8 <unknown>\nE       #19 0x563b290d238b <unknown>\nE       #20 0x563b290e1ffc <unknown>\nE       #21 0x7fafc7a94ac3 <unknown>\n\n/opt/hostedtoolcache/Python/3.12.3/x64/lib/python3.12/site-packages/selenium/webdriver/remote/errorhandler.py:229: StaleElementReferenceException",
  "flaky" : false,
  "newFailed" : false,
  "beforeStages" : [ {
    "name" : "recovery_page_open",
    "time" : {
      "start" : 1716086310982,
      "stop" : 1716086313509,
      "duration" : 2527
    },
    "status" : "passed",
    "steps" : [ {
      "name" : "Проверка видимости кнопки 'Принимаю все' в сообщении о принятии файлов cookie",
      "time" : {
        "start" : 1716086313451,
        "stop" : 1716086313479,
        "duration" : 28
      },
      "status" : "passed",
      "steps" : [ ],
      "attachments" : [ ],
      "parameters" : [ ],
      "attachmentsCount" : 0,
      "shouldDisplayMessage" : false,
      "hasContent" : false,
      "stepsCount" : 0
    } ],
    "attachments" : [ ],
    "parameters" : [ ],
    "attachmentsCount" : 0,
    "shouldDisplayMessage" : false,
    "hasContent" : true,
    "stepsCount" : 1
  }, {
    "name" : "clear_allure_results_folder",
    "time" : {
      "start" : 1716085441846,
      "stop" : 1716085441846,
      "duration" : 0
    },
    "status" : "passed",
    "steps" : [ ],
    "attachments" : [ ],
    "parameters" : [ ],
    "attachmentsCount" : 0,
    "shouldDisplayMessage" : false,
    "hasContent" : false,
    "stepsCount" : 0
  }, {
    "name" : "_session_faker",
    "time" : {
      "start" : 1716085441829,
      "stop" : 1716085441846,
      "duration" : 17
    },
    "status" : "passed",
    "steps" : [ ],
    "attachments" : [ ],
    "parameters" : [ ],
    "attachmentsCount" : 0,
    "shouldDisplayMessage" : false,
    "hasContent" : false,
    "stepsCount" : 0
  }, {
    "name" : "driver",
    "time" : {
      "start" : 1716086310785,
      "stop" : 1716086310982,
      "duration" : 197
    },
    "status" : "passed",
    "steps" : [ ],
    "attachments" : [ ],
    "parameters" : [ ],
    "attachmentsCount" : 0,
    "shouldDisplayMessage" : false,
    "hasContent" : false,
    "stepsCount" : 0
  } ],
  "testStage" : {
    "status" : "broken",
    "statusMessage" : "selenium.common.exceptions.StaleElementReferenceException: Message: stale element reference: stale element not found in the current frame\n  (Session info: chrome-headless-shell=125.0.6422.60); For documentation on this error, please visit: https://www.selenium.dev/documentation/webdriver/troubleshooting/errors#stale-element-reference-exception\nStacktrace:\n#0 0x563b290e2eca <unknown>\n#1 0x563b28dcc45c <unknown>\n#2 0x563b28dd1b69 <unknown>\n#3 0x563b28dd3915 <unknown>\n#4 0x563b28dd399c <unknown>\n#5 0x563b28e12e34 <unknown>\n#6 0x563b28e3b4b2 <unknown>\n#7 0x563b28e0ca79 <unknown>\n#8 0x563b28e3b67e <unknown>\n#9 0x563b28e5a2cc <unknown>\n#10 0x563b28e3b253 <unknown>\n#11 0x563b28e0b1c7 <unknown>\n#12 0x563b28e0bb3e <unknown>\n#13 0x563b290a930b <unknown>\n#14 0x563b290ad3b7 <unknown>\n#15 0x563b29095e3e <unknown>\n#16 0x563b290ade82 <unknown>\n#17 0x563b2907a7df <unknown>\n#18 0x563b290d21b8 <unknown>\n#19 0x563b290d238b <unknown>\n#20 0x563b290e1ffc <unknown>\n#21 0x7fafc7a94ac3 <unknown>",
    "statusTrace" : "self = <tests.test_password_recovery.test_password_recovery.TestPasswordRecoveryPage object at 0x7f9f765566f0>\nrecovery_page_open = <pages.password_recovery_page.PasswordRecoveryPage object at 0x7f9f7657e8d0>\ndriver = <selenium.webdriver.chrome.webdriver.WebDriver (session=\"fb110a745b91fcec127e650279040e28\")>\n\n    @allure.title(\"3.2, 3.2.1 Восстановить пароль на корректный емайл\")\n    @pytest.mark.regress\n    def test_recovery_password_to_fill_correct_email(self, recovery_page_open, driver):\n        with allure.step('Заполнить поле емайл'):\n            recovery_page_open.fill_email_to_recovery_password(email_auth)\n        with allure.step(\"Нажать кнопку 'Продолжить'\"):\n            recovery_page_open.click_resume_button()\n        time.sleep(10)  # Получить ссылку на емайл\n        link = self.page.get_link_recovery_password_by_email()\n        driver.get(link)\n        with allure.step('Ввести пароль в поле пароль'):\n            recovery_page_open.fill_password_recovery(password0)\n        with allure.step('Ввести пароль в поле подтверждение пароля'):\n            recovery_page_open.fill_confirm_password_recovery(password0)\n        with allure.step(\"Нажать кнопку 'Сохранить пароль'\"):\n            recovery_page_open.click_resume_button()\n        with allure.step(\"Нажать кнопку 'Ок' - подтвердить переход на страницу авторизации\"):\n>           recovery_page_open.click_resume_button()\n\ntests/test_password_recovery/test_password_recovery.py:67: \n_ _ _ _ _ _ _ _ _ _ _ _ _ _ _ _ _ _ _ _ _ _ _ _ _ _ _ _ _ _ _ _ _ _ _ _ _ _ _ _ \npages/password_recovery_page.py:48: in click_resume_button\n    return self.element_is_clickable(self.locator.SUBMIT_BUTTON).click()\npages/base_page.py:60: in element_is_clickable\n    return Wait(self.driver, self.timeout).until(es.element_to_be_clickable(locator))\n/opt/hostedtoolcache/Python/3.12.3/x64/lib/python3.12/site-packages/selenium/webdriver/support/wait.py:96: in until\n    value = method(self._driver)\n/opt/hostedtoolcache/Python/3.12.3/x64/lib/python3.12/site-packages/selenium/webdriver/support/expected_conditions.py:365: in _predicate\n    if element and element.is_enabled():\n/opt/hostedtoolcache/Python/3.12.3/x64/lib/python3.12/site-packages/selenium/webdriver/remote/webelement.py:192: in is_enabled\n    return self._execute(Command.IS_ELEMENT_ENABLED)[\"value\"]\n/opt/hostedtoolcache/Python/3.12.3/x64/lib/python3.12/site-packages/selenium/webdriver/remote/webelement.py:395: in _execute\n    return self._parent.execute(command, params)\n/opt/hostedtoolcache/Python/3.12.3/x64/lib/python3.12/site-packages/selenium/webdriver/remote/webdriver.py:347: in execute\n    self.error_handler.check_response(response)\n_ _ _ _ _ _ _ _ _ _ _ _ _ _ _ _ _ _ _ _ _ _ _ _ _ _ _ _ _ _ _ _ _ _ _ _ _ _ _ _ \n\nself = <selenium.webdriver.remote.errorhandler.ErrorHandler object at 0x7f9f7657e960>\nresponse = {'status': 404, 'value': '{\"value\":{\"error\":\"stale element reference\",\"message\":\"stale element reference: stale elemen...\\\\n#19 0x563b290d238b \\\\u003Cunknown>\\\\n#20 0x563b290e1ffc \\\\u003Cunknown>\\\\n#21 0x7fafc7a94ac3 \\\\u003Cunknown>\\\\n\"}}'}\n\n    def check_response(self, response: Dict[str, Any]) -> None:\n        \"\"\"Checks that a JSON response from the WebDriver does not have an\n        error.\n    \n        :Args:\n         - response - The JSON response from the WebDriver server as a dictionary\n           object.\n    \n        :Raises: If the response contains an error message.\n        \"\"\"\n        status = response.get(\"status\", None)\n        if not status or status == ErrorCode.SUCCESS:\n            return\n        value = None\n        message = response.get(\"message\", \"\")\n        screen: str = response.get(\"screen\", \"\")\n        stacktrace = None\n        if isinstance(status, int):\n            value_json = response.get(\"value\", None)\n            if value_json and isinstance(value_json, str):\n                import json\n    \n                try:\n                    value = json.loads(value_json)\n                    if len(value) == 1:\n                        value = value[\"value\"]\n                    status = value.get(\"error\", None)\n                    if not status:\n                        status = value.get(\"status\", ErrorCode.UNKNOWN_ERROR)\n                        message = value.get(\"value\") or value.get(\"message\")\n                        if not isinstance(message, str):\n                            value = message\n                            message = message.get(\"message\")\n                    else:\n                        message = value.get(\"message\", None)\n                except ValueError:\n                    pass\n    \n        exception_class: Type[WebDriverException]\n        e = ErrorCode()\n        error_codes = [item for item in dir(e) if not item.startswith(\"__\")]\n        for error_code in error_codes:\n            error_info = getattr(ErrorCode, error_code)\n            if isinstance(error_info, list) and status in error_info:\n                exception_class = getattr(ExceptionMapping, error_code, WebDriverException)\n                break\n        else:\n            exception_class = WebDriverException\n    \n        if not value:\n            value = response[\"value\"]\n        if isinstance(value, str):\n            raise exception_class(value)\n        if message == \"\" and \"message\" in value:\n            message = value[\"message\"]\n    \n        screen = None  # type: ignore[assignment]\n        if \"screen\" in value:\n            screen = value[\"screen\"]\n    \n        stacktrace = None\n        st_value = value.get(\"stackTrace\") or value.get(\"stacktrace\")\n        if st_value:\n            if isinstance(st_value, str):\n                stacktrace = st_value.split(\"\\n\")\n            else:\n                stacktrace = []\n                try:\n                    for frame in st_value:\n                        line = frame.get(\"lineNumber\", \"\")\n                        file = frame.get(\"fileName\", \"<anonymous>\")\n                        if line:\n                            file = f\"{file}:{line}\"\n                        meth = frame.get(\"methodName\", \"<anonymous>\")\n                        if \"className\" in frame:\n                            meth = f\"{frame['className']}.{meth}\"\n                        msg = \"    at %s (%s)\"\n                        msg = msg % (meth, file)\n                        stacktrace.append(msg)\n                except TypeError:\n                    pass\n        if exception_class == UnexpectedAlertPresentException:\n            alert_text = None\n            if \"data\" in value:\n                alert_text = value[\"data\"].get(\"text\")\n            elif \"alert\" in value:\n                alert_text = value[\"alert\"].get(\"text\")\n            raise exception_class(message, screen, stacktrace, alert_text)  # type: ignore[call-arg]  # mypy is not smart enough here\n>       raise exception_class(message, screen, stacktrace)\nE       selenium.common.exceptions.StaleElementReferenceException: Message: stale element reference: stale element not found in the current frame\nE         (Session info: chrome-headless-shell=125.0.6422.60); For documentation on this error, please visit: https://www.selenium.dev/documentation/webdriver/troubleshooting/errors#stale-element-reference-exception\nE       Stacktrace:\nE       #0 0x563b290e2eca <unknown>\nE       #1 0x563b28dcc45c <unknown>\nE       #2 0x563b28dd1b69 <unknown>\nE       #3 0x563b28dd3915 <unknown>\nE       #4 0x563b28dd399c <unknown>\nE       #5 0x563b28e12e34 <unknown>\nE       #6 0x563b28e3b4b2 <unknown>\nE       #7 0x563b28e0ca79 <unknown>\nE       #8 0x563b28e3b67e <unknown>\nE       #9 0x563b28e5a2cc <unknown>\nE       #10 0x563b28e3b253 <unknown>\nE       #11 0x563b28e0b1c7 <unknown>\nE       #12 0x563b28e0bb3e <unknown>\nE       #13 0x563b290a930b <unknown>\nE       #14 0x563b290ad3b7 <unknown>\nE       #15 0x563b29095e3e <unknown>\nE       #16 0x563b290ade82 <unknown>\nE       #17 0x563b2907a7df <unknown>\nE       #18 0x563b290d21b8 <unknown>\nE       #19 0x563b290d238b <unknown>\nE       #20 0x563b290e1ffc <unknown>\nE       #21 0x7fafc7a94ac3 <unknown>\n\n/opt/hostedtoolcache/Python/3.12.3/x64/lib/python3.12/site-packages/selenium/webdriver/remote/errorhandler.py:229: StaleElementReferenceException",
    "steps" : [ {
      "name" : "Заполнить поле емайл",
      "time" : {
        "start" : 1716086313509,
        "stop" : 1716086313584,
        "duration" : 75
      },
      "status" : "passed",
      "steps" : [ ],
      "attachments" : [ ],
      "parameters" : [ ],
      "attachmentsCount" : 0,
      "shouldDisplayMessage" : false,
      "hasContent" : false,
      "stepsCount" : 0
    }, {
      "name" : "Нажать кнопку 'Продолжить'",
      "time" : {
        "start" : 1716086313584,
        "stop" : 1716086313633,
        "duration" : 49
      },
      "status" : "passed",
      "steps" : [ ],
      "attachments" : [ ],
      "parameters" : [ ],
      "attachmentsCount" : 0,
      "shouldDisplayMessage" : false,
      "hasContent" : false,
      "stepsCount" : 0
    }, {
      "name" : "Получить ссылку для смены пароля на email",
      "time" : {
        "start" : 1716086323633,
        "stop" : 1716086325920,
        "duration" : 2287
      },
      "status" : "passed",
      "steps" : [ ],
      "attachments" : [ ],
      "parameters" : [ ],
      "attachmentsCount" : 0,
      "shouldDisplayMessage" : false,
      "hasContent" : false,
      "stepsCount" : 0
    }, {
      "name" : "Ввести пароль в поле пароль",
      "time" : {
        "start" : 1716086326212,
        "stop" : 1716086326276,
        "duration" : 64
      },
      "status" : "passed",
      "steps" : [ ],
      "attachments" : [ ],
      "parameters" : [ ],
      "attachmentsCount" : 0,
      "shouldDisplayMessage" : false,
      "hasContent" : false,
      "stepsCount" : 0
    }, {
      "name" : "Ввести пароль в поле подтверждение пароля",
      "time" : {
        "start" : 1716086326276,
        "stop" : 1716086326330,
        "duration" : 54
      },
      "status" : "passed",
      "steps" : [ ],
      "attachments" : [ ],
      "parameters" : [ ],
      "attachmentsCount" : 0,
      "shouldDisplayMessage" : false,
      "hasContent" : false,
      "stepsCount" : 0
    }, {
      "name" : "Нажать кнопку 'Сохранить пароль'",
      "time" : {
        "start" : 1716086326330,
        "stop" : 1716086326388,
        "duration" : 58
      },
      "status" : "passed",
      "steps" : [ ],
      "attachments" : [ ],
      "parameters" : [ ],
      "attachmentsCount" : 0,
      "shouldDisplayMessage" : false,
      "hasContent" : false,
      "stepsCount" : 0
    }, {
      "name" : "Нажать кнопку 'Ок' - подтвердить переход на страницу авторизации",
      "time" : {
        "start" : 1716086326388,
        "stop" : 1716086327465,
        "duration" : 1077
      },
      "status" : "broken",
      "statusMessage" : "selenium.common.exceptions.StaleElementReferenceException: Message: stale element reference: stale element not found in the current frame\n  (Session info: chrome-headless-shell=125.0.6422.60); For documentation on this error, please visit: https://www.selenium.dev/documentation/webdriver/troubleshooting/errors#stale-element-reference-exception\nStacktrace:\n#0 0x563b290e2eca <unknown>\n#1 0x563b28dcc45c <unknown>\n#2 0x563b28dd1b69 <unknown>\n#3 0x563b28dd3915 <unknown>\n#4 0x563b28dd399c <unknown>\n#5 0x563b28e12e34 <unknown>\n#6 0x563b28e3b4b2 <unknown>\n#7 0x563b28e0ca79 <unknown>\n#8 0x563b28e3b67e <unknown>\n#9 0x563b28e5a2cc <unknown>\n#10 0x563b28e3b253 <unknown>\n#11 0x563b28e0b1c7 <unknown>\n#12 0x563b28e0bb3e <unknown>\n#13 0x563b290a930b <unknown>\n#14 0x563b290ad3b7 <unknown>\n#15 0x563b29095e3e <unknown>\n#16 0x563b290ade82 <unknown>\n#17 0x563b2907a7df <unknown>\n#18 0x563b290d21b8 <unknown>\n#19 0x563b290d238b <unknown>\n#20 0x563b290e1ffc <unknown>\n#21 0x7fafc7a94ac3 <unknown>\n\n",
      "statusTrace" : "  File \"/home/runner/work/PulseWave/PulseWave/tests/test_password_recovery/test_password_recovery.py\", line 67, in test_recovery_password_to_fill_correct_email\n    recovery_page_open.click_resume_button()\n  File \"/home/runner/work/PulseWave/PulseWave/pages/password_recovery_page.py\", line 48, in click_resume_button\n    return self.element_is_clickable(self.locator.SUBMIT_BUTTON).click()\n           ^^^^^^^^^^^^^^^^^^^^^^^^^^^^^^^^^^^^^^^^^^^^^^^^^^^^^\n  File \"/home/runner/work/PulseWave/PulseWave/pages/base_page.py\", line 60, in element_is_clickable\n    return Wait(self.driver, self.timeout).until(es.element_to_be_clickable(locator))\n           ^^^^^^^^^^^^^^^^^^^^^^^^^^^^^^^^^^^^^^^^^^^^^^^^^^^^^^^^^^^^^^^^^^^^^^^^^^\n  File \"/opt/hostedtoolcache/Python/3.12.3/x64/lib/python3.12/site-packages/selenium/webdriver/support/wait.py\", line 96, in until\n    value = method(self._driver)\n            ^^^^^^^^^^^^^^^^^^^^\n  File \"/opt/hostedtoolcache/Python/3.12.3/x64/lib/python3.12/site-packages/selenium/webdriver/support/expected_conditions.py\", line 365, in _predicate\n    if element and element.is_enabled():\n                   ^^^^^^^^^^^^^^^^^^^^\n  File \"/opt/hostedtoolcache/Python/3.12.3/x64/lib/python3.12/site-packages/selenium/webdriver/remote/webelement.py\", line 192, in is_enabled\n    return self._execute(Command.IS_ELEMENT_ENABLED)[\"value\"]\n           ^^^^^^^^^^^^^^^^^^^^^^^^^^^^^^^^^^^^^^^^^\n  File \"/opt/hostedtoolcache/Python/3.12.3/x64/lib/python3.12/site-packages/selenium/webdriver/remote/webelement.py\", line 395, in _execute\n    return self._parent.execute(command, params)\n           ^^^^^^^^^^^^^^^^^^^^^^^^^^^^^^^^^^^^^\n  File \"/opt/hostedtoolcache/Python/3.12.3/x64/lib/python3.12/site-packages/selenium/webdriver/remote/webdriver.py\", line 347, in execute\n    self.error_handler.check_response(response)\n  File \"/opt/hostedtoolcache/Python/3.12.3/x64/lib/python3.12/site-packages/selenium/webdriver/remote/errorhandler.py\", line 229, in check_response\n    raise exception_class(message, screen, stacktrace)\n",
      "steps" : [ ],
      "attachments" : [ ],
      "parameters" : [ ],
      "attachmentsCount" : 0,
      "shouldDisplayMessage" : true,
      "hasContent" : true,
      "stepsCount" : 0
    } ],
    "attachments" : [ {
      "uid" : "4469b83e51a8bcfa",
      "name" : "Screenshot",
      "source" : "4469b83e51a8bcfa.png",
      "type" : "image/png",
      "size" : 81311
    }, {
      "uid" : "70553edc71b9ad50",
      "name" : "HTML source",
      "source" : "70553edc71b9ad50.html",
      "type" : "text/html",
      "size" : 96223
    } ],
    "parameters" : [ ],
    "attachmentsCount" : 2,
    "shouldDisplayMessage" : true,
    "hasContent" : true,
    "stepsCount" : 7
  },
  "afterStages" : [ {
    "name" : "driver::0",
    "time" : {
      "start" : 1716086327662,
      "stop" : 1716086327723,
      "duration" : 61
    },
    "status" : "passed",
    "steps" : [ ],
    "attachments" : [ ],
    "parameters" : [ ],
    "attachmentsCount" : 0,
    "shouldDisplayMessage" : false,
    "hasContent" : false,
    "stepsCount" : 0
  } ],
  "labels" : [ {
    "name" : "epic",
    "value" : "Тестирование страницы 'Восстановление пароля'"
  }, {
    "name" : "tag",
    "value" : "regress"
  }, {
    "name" : "parentSuite",
    "value" : "tests.test_password_recovery"
  }, {
    "name" : "suite",
    "value" : "test_password_recovery"
  }, {
    "name" : "subSuite",
    "value" : "TestPasswordRecoveryPage"
  }, {
    "name" : "host",
    "value" : "fv-az770-693"
  }, {
    "name" : "thread",
    "value" : "2393-MainThread"
  }, {
    "name" : "framework",
    "value" : "pytest"
  }, {
    "name" : "language",
    "value" : "cpython3"
  }, {
    "name" : "package",
    "value" : "tests.test_password_recovery.test_password_recovery"
  }, {
    "name" : "resultFormat",
    "value" : "allure2"
  } ],
  "parameters" : [ {
    "name" : "browser",
    "value" : "'chrome'"
  } ],
  "links" : [ ],
  "hidden" : false,
  "retry" : false,
  "extra" : {
    "severity" : "normal",
    "retries" : [ ],
    "categories" : [ {
      "name" : "Test defects",
      "matchedStatuses" : [ ],
      "flaky" : false
    } ],
    "history" : {
      "statistic" : {
        "failed" : 0,
        "broken" : 1,
        "skipped" : 30,
        "passed" : 4,
        "unknown" : 0,
        "total" : 35
      },
      "items" : [ {
        "uid" : "c1c6c43390ada0e8",
        "reportUrl" : "https://Nat754.github.io/PulseWave/28//#testresult/c1c6c43390ada0e8",
        "status" : "passed",
        "time" : {
          "start" : 1715999705739,
          "stop" : 1715999721245,
          "duration" : 15506
        }
      }, {
        "uid" : "59bc87b123d8d5fe",
        "reportUrl" : "https://Nat754.github.io/PulseWave/27//#testresult/59bc87b123d8d5fe",
        "status" : "passed",
        "time" : {
          "start" : 1715913519818,
          "stop" : 1715913536982,
          "duration" : 17164
        }
      }, {
        "uid" : "b78e7bc07889a5a2",
        "reportUrl" : "https://Nat754.github.io/PulseWave/212//#testresult/b78e7bc07889a5a2",
        "status" : "passed",
        "time" : {
          "start" : 1715842216082,
          "stop" : 1715842231965,
          "duration" : 15883
        }
      }, {
        "uid" : "59d19aedd60301e4",
        "reportUrl" : "https://Nat754.github.io/PulseWave/26//#testresult/59d19aedd60301e4",
        "status" : "passed",
        "statusDetails" : "XPASS",
        "time" : {
          "start" : 1715826972326,
          "stop" : 1715826988567,
          "duration" : 16241
        }
      }, {
        "uid" : "77f4203cc5e7a538",
        "reportUrl" : "https://Nat754.github.io/PulseWave/25//#testresult/77f4203cc5e7a538",
        "status" : "skipped",
        "statusDetails" : "XFAIL\n\nselenium.common.exceptions.TimeoutException: Message: \nStacktrace:\n#0 0x558b0441ae33 <unknown>\n#1 0x558b0410a567 <unknown>\n#2 0x558b0415527d <unknown>\n#3 0x558b04155331 <unknown>\n#4 0x558b04198624 <unknown>\n#5 0x558b0417738d <unknown>\n#6 0x558b04195ae2 <unknown>\n#7 0x558b04177103 <unknown>\n#8 0x558b041481ba <unknown>\n#9 0x558b04148b8e <unknown>\n#10 0x558b043df59b <unknown>\n#11 0x558b043e334b <unknown>\n#12 0x558b043cb681 <unknown>\n#13 0x558b043e3eb2 <unknown>\n#14 0x558b043b06af <unknown>\n#15 0x558b0440a428 <unknown>\n#16 0x558b0440a600 <unknown>\n#17 0x558b04419f84 <unknown>\n#18 0x7f363cc94ac3 <unknown>",
        "time" : {
          "start" : 1715741007810,
          "stop" : 1715741041976,
          "duration" : 34166
        }
      }, {
        "uid" : "ef6d52c9b0bb8bc8",
        "reportUrl" : "https://Nat754.github.io/PulseWave/24//#testresult/ef6d52c9b0bb8bc8",
        "status" : "skipped",
        "statusDetails" : "XFAIL\n\nselenium.common.exceptions.TimeoutException: Message: \nStacktrace:\n#0 0x55d3d06ade33 <unknown>\n#1 0x55d3d039d567 <unknown>\n#2 0x55d3d03e827d <unknown>\n#3 0x55d3d03e8331 <unknown>\n#4 0x55d3d042b624 <unknown>\n#5 0x55d3d040a38d <unknown>\n#6 0x55d3d0428ae2 <unknown>\n#7 0x55d3d040a103 <unknown>\n#8 0x55d3d03db1ba <unknown>\n#9 0x55d3d03dbb8e <unknown>\n#10 0x55d3d067259b <unknown>\n#11 0x55d3d067634b <unknown>\n#12 0x55d3d065e681 <unknown>\n#13 0x55d3d0676eb2 <unknown>\n#14 0x55d3d06436af <unknown>\n#15 0x55d3d069d428 <unknown>\n#16 0x55d3d069d600 <unknown>\n#17 0x55d3d06acf84 <unknown>\n#18 0x7f6834494ac3 <unknown>",
        "time" : {
          "start" : 1715654324107,
          "stop" : 1715654358013,
          "duration" : 33906
        }
      }, {
        "uid" : "22ea77f6b52e3984",
        "reportUrl" : "https://Nat754.github.io/PulseWave/23//#testresult/22ea77f6b52e3984",
        "status" : "skipped",
        "statusDetails" : "XFAIL\n\nselenium.common.exceptions.TimeoutException: Message: \nStacktrace:\n#0 0x55ef4520be33 <unknown>\n#1 0x55ef44efb567 <unknown>\n#2 0x55ef44f4627d <unknown>\n#3 0x55ef44f46331 <unknown>\n#4 0x55ef44f89624 <unknown>\n#5 0x55ef44f6838d <unknown>\n#6 0x55ef44f86ae2 <unknown>\n#7 0x55ef44f68103 <unknown>\n#8 0x55ef44f391ba <unknown>\n#9 0x55ef44f39b8e <unknown>\n#10 0x55ef451d059b <unknown>\n#11 0x55ef451d434b <unknown>\n#12 0x55ef451bc681 <unknown>\n#13 0x55ef451d4eb2 <unknown>\n#14 0x55ef451a16af <unknown>\n#15 0x55ef451fb428 <unknown>\n#16 0x55ef451fb600 <unknown>\n#17 0x55ef4520af84 <unknown>\n#18 0x7f3efc694ac3 <unknown>",
        "time" : {
          "start" : 1715567856992,
          "stop" : 1715567890239,
          "duration" : 33247
        }
      }, {
        "uid" : "2a61e02a2679412e",
        "reportUrl" : "https://Nat754.github.io/PulseWave/22//#testresult/2a61e02a2679412e",
        "status" : "skipped",
        "statusDetails" : "XFAIL\n\nselenium.common.exceptions.TimeoutException: Message: \nStacktrace:\n#0 0x55da896e9e33 <unknown>\n#1 0x55da893d9567 <unknown>\n#2 0x55da8942427d <unknown>\n#3 0x55da89424331 <unknown>\n#4 0x55da89467624 <unknown>\n#5 0x55da8944638d <unknown>\n#6 0x55da89464ae2 <unknown>\n#7 0x55da89446103 <unknown>\n#8 0x55da894171ba <unknown>\n#9 0x55da89417b8e <unknown>\n#10 0x55da896ae59b <unknown>\n#11 0x55da896b234b <unknown>\n#12 0x55da8969a681 <unknown>\n#13 0x55da896b2eb2 <unknown>\n#14 0x55da8967f6af <unknown>\n#15 0x55da896d9428 <unknown>\n#16 0x55da896d9600 <unknown>\n#17 0x55da896e8f84 <unknown>\n#18 0x7f8155c94ac3 <unknown>",
        "time" : {
          "start" : 1715481567017,
          "stop" : 1715481601222,
          "duration" : 34205
        }
      }, {
        "uid" : "e0468ce626653914",
        "reportUrl" : "https://Nat754.github.io/PulseWave/21//#testresult/e0468ce626653914",
        "status" : "skipped",
        "statusDetails" : "XFAIL\n\nselenium.common.exceptions.TimeoutException: Message: \nStacktrace:\n#0 0x55716db88e33 <unknown>\n#1 0x55716d878567 <unknown>\n#2 0x55716d8c327d <unknown>\n#3 0x55716d8c3331 <unknown>\n#4 0x55716d906624 <unknown>\n#5 0x55716d8e538d <unknown>\n#6 0x55716d903ae2 <unknown>\n#7 0x55716d8e5103 <unknown>\n#8 0x55716d8b61ba <unknown>\n#9 0x55716d8b6b8e <unknown>\n#10 0x55716db4d59b <unknown>\n#11 0x55716db5134b <unknown>\n#12 0x55716db39681 <unknown>\n#13 0x55716db51eb2 <unknown>\n#14 0x55716db1e6af <unknown>\n#15 0x55716db78428 <unknown>\n#16 0x55716db78600 <unknown>\n#17 0x55716db87f84 <unknown>\n#18 0x7f3f80a94ac3 <unknown>",
        "time" : {
          "start" : 1715394700535,
          "stop" : 1715394733835,
          "duration" : 33300
        }
      }, {
        "uid" : "351ddd7371d6aa46",
        "reportUrl" : "https://Nat754.github.io/PulseWave/20//#testresult/351ddd7371d6aa46",
        "status" : "skipped",
        "statusDetails" : "XFAIL\n\nselenium.common.exceptions.TimeoutException: Message: \nStacktrace:\n#0 0x55bd2b724e33 <unknown>\n#1 0x55bd2b414567 <unknown>\n#2 0x55bd2b45f27d <unknown>\n#3 0x55bd2b45f331 <unknown>\n#4 0x55bd2b4a2624 <unknown>\n#5 0x55bd2b48138d <unknown>\n#6 0x55bd2b49fae2 <unknown>\n#7 0x55bd2b481103 <unknown>\n#8 0x55bd2b4521ba <unknown>\n#9 0x55bd2b452b8e <unknown>\n#10 0x55bd2b6e959b <unknown>\n#11 0x55bd2b6ed34b <unknown>\n#12 0x55bd2b6d5681 <unknown>\n#13 0x55bd2b6edeb2 <unknown>\n#14 0x55bd2b6ba6af <unknown>\n#15 0x55bd2b714428 <unknown>\n#16 0x55bd2b714600 <unknown>\n#17 0x55bd2b723f84 <unknown>\n#18 0x7f6cec094ac3 <unknown>",
        "time" : {
          "start" : 1715308911720,
          "stop" : 1715308945814,
          "duration" : 34094
        }
      }, {
        "uid" : "d7d4445876324971",
        "reportUrl" : "https://Nat754.github.io/PulseWave/19//#testresult/d7d4445876324971",
        "status" : "skipped",
        "statusDetails" : "XFAIL\n\nselenium.common.exceptions.TimeoutException: Message: \nStacktrace:\n#0 0x55637f545e33 <unknown>\n#1 0x55637f235567 <unknown>\n#2 0x55637f28027d <unknown>\n#3 0x55637f280331 <unknown>\n#4 0x55637f2c3624 <unknown>\n#5 0x55637f2a238d <unknown>\n#6 0x55637f2c0ae2 <unknown>\n#7 0x55637f2a2103 <unknown>\n#8 0x55637f2731ba <unknown>\n#9 0x55637f273b8e <unknown>\n#10 0x55637f50a59b <unknown>\n#11 0x55637f50e34b <unknown>\n#12 0x55637f4f6681 <unknown>\n#13 0x55637f50eeb2 <unknown>\n#14 0x55637f4db6af <unknown>\n#15 0x55637f535428 <unknown>\n#16 0x55637f535600 <unknown>\n#17 0x55637f544f84 <unknown>\n#18 0x7f85dd294ac3 <unknown>",
        "time" : {
          "start" : 1715222227776,
          "stop" : 1715222261619,
          "duration" : 33843
        }
      }, {
        "uid" : "e647e0c6a7fa37a6",
        "reportUrl" : "https://Nat754.github.io/PulseWave/18//#testresult/e647e0c6a7fa37a6",
        "status" : "skipped",
        "statusDetails" : "XFAIL\n\nselenium.common.exceptions.TimeoutException: Message: \nStacktrace:\n#0 0x562364d80e33 <unknown>\n#1 0x562364a70567 <unknown>\n#2 0x562364abb27d <unknown>\n#3 0x562364abb331 <unknown>\n#4 0x562364afe624 <unknown>\n#5 0x562364add38d <unknown>\n#6 0x562364afbae2 <unknown>\n#7 0x562364add103 <unknown>\n#8 0x562364aae1ba <unknown>\n#9 0x562364aaeb8e <unknown>\n#10 0x562364d4559b <unknown>\n#11 0x562364d4934b <unknown>\n#12 0x562364d31681 <unknown>\n#13 0x562364d49eb2 <unknown>\n#14 0x562364d166af <unknown>\n#15 0x562364d70428 <unknown>\n#16 0x562364d70600 <unknown>\n#17 0x562364d7ff84 <unknown>\n#18 0x7fd0a2294ac3 <unknown>",
        "time" : {
          "start" : 1715134832492,
          "stop" : 1715134865699,
          "duration" : 33207
        }
      }, {
        "uid" : "1cc8ee2ca452ed53",
        "reportUrl" : "https://Nat754.github.io/PulseWave/17//#testresult/1cc8ee2ca452ed53",
        "status" : "skipped",
        "statusDetails" : "XFAIL\n\nselenium.common.exceptions.TimeoutException: Message: \nStacktrace:\n#0 0x55d77d5fee33 <unknown>\n#1 0x55d77d2ee567 <unknown>\n#2 0x55d77d33927d <unknown>\n#3 0x55d77d339331 <unknown>\n#4 0x55d77d37c624 <unknown>\n#5 0x55d77d35b38d <unknown>\n#6 0x55d77d379ae2 <unknown>\n#7 0x55d77d35b103 <unknown>\n#8 0x55d77d32c1ba <unknown>\n#9 0x55d77d32cb8e <unknown>\n#10 0x55d77d5c359b <unknown>\n#11 0x55d77d5c734b <unknown>\n#12 0x55d77d5af681 <unknown>\n#13 0x55d77d5c7eb2 <unknown>\n#14 0x55d77d5946af <unknown>\n#15 0x55d77d5ee428 <unknown>\n#16 0x55d77d5ee600 <unknown>\n#17 0x55d77d5fdf84 <unknown>\n#18 0x7f1608494ac3 <unknown>",
        "time" : {
          "start" : 1715049503704,
          "stop" : 1715049537285,
          "duration" : 33581
        }
      }, {
        "uid" : "c02c3a901e585d6b",
        "reportUrl" : "https://Nat754.github.io/PulseWave/16//#testresult/c02c3a901e585d6b",
        "status" : "skipped",
        "statusDetails" : "XFAIL\n\nselenium.common.exceptions.TimeoutException: Message: \nStacktrace:\n#0 0x5610abbaae33 <unknown>\n#1 0x5610ab89a567 <unknown>\n#2 0x5610ab8e527d <unknown>\n#3 0x5610ab8e5331 <unknown>\n#4 0x5610ab928624 <unknown>\n#5 0x5610ab90738d <unknown>\n#6 0x5610ab925ae2 <unknown>\n#7 0x5610ab907103 <unknown>\n#8 0x5610ab8d81ba <unknown>\n#9 0x5610ab8d8b8e <unknown>\n#10 0x5610abb6f59b <unknown>\n#11 0x5610abb7334b <unknown>\n#12 0x5610abb5b681 <unknown>\n#13 0x5610abb73eb2 <unknown>\n#14 0x5610abb406af <unknown>\n#15 0x5610abb9a428 <unknown>\n#16 0x5610abb9a600 <unknown>\n#17 0x5610abba9f84 <unknown>\n#18 0x7f46efc94ac3 <unknown>",
        "time" : {
          "start" : 1714962901563,
          "stop" : 1714962935058,
          "duration" : 33495
        }
      }, {
        "uid" : "f9092d83870c9d5f",
        "reportUrl" : "https://Nat754.github.io/PulseWave/15//#testresult/f9092d83870c9d5f",
        "status" : "skipped",
        "statusDetails" : "XFAIL\n\nselenium.common.exceptions.TimeoutException: Message: \nStacktrace:\n#0 0x55a9f5edfe33 <unknown>\n#1 0x55a9f5bcf567 <unknown>\n#2 0x55a9f5c1a27d <unknown>\n#3 0x55a9f5c1a331 <unknown>\n#4 0x55a9f5c5d624 <unknown>\n#5 0x55a9f5c3c38d <unknown>\n#6 0x55a9f5c5aae2 <unknown>\n#7 0x55a9f5c3c103 <unknown>\n#8 0x55a9f5c0d1ba <unknown>\n#9 0x55a9f5c0db8e <unknown>\n#10 0x55a9f5ea459b <unknown>\n#11 0x55a9f5ea834b <unknown>\n#12 0x55a9f5e90681 <unknown>\n#13 0x55a9f5ea8eb2 <unknown>\n#14 0x55a9f5e756af <unknown>\n#15 0x55a9f5ecf428 <unknown>\n#16 0x55a9f5ecf600 <unknown>\n#17 0x55a9f5edef84 <unknown>\n#18 0x7f5c77894ac3 <unknown>",
        "time" : {
          "start" : 1714876609103,
          "stop" : 1714876643015,
          "duration" : 33912
        }
      }, {
        "uid" : "e94476a2c4c26f64",
        "reportUrl" : "https://Nat754.github.io/PulseWave/14//#testresult/e94476a2c4c26f64",
        "status" : "skipped",
        "statusDetails" : "XFAIL\n\nselenium.common.exceptions.TimeoutException: Message: \nStacktrace:\n#0 0x55f264a7de33 <unknown>\n#1 0x55f26476d567 <unknown>\n#2 0x55f2647b827d <unknown>\n#3 0x55f2647b8331 <unknown>\n#4 0x55f2647fb624 <unknown>\n#5 0x55f2647da38d <unknown>\n#6 0x55f2647f8ae2 <unknown>\n#7 0x55f2647da103 <unknown>\n#8 0x55f2647ab1ba <unknown>\n#9 0x55f2647abb8e <unknown>\n#10 0x55f264a4259b <unknown>\n#11 0x55f264a4634b <unknown>\n#12 0x55f264a2e681 <unknown>\n#13 0x55f264a46eb2 <unknown>\n#14 0x55f264a136af <unknown>\n#15 0x55f264a6d428 <unknown>\n#16 0x55f264a6d600 <unknown>\n#17 0x55f264a7cf84 <unknown>\n#18 0x7f1f2e894ac3 <unknown>",
        "time" : {
          "start" : 1714828015618,
          "stop" : 1714828048875,
          "duration" : 33257
        }
      }, {
        "uid" : "662bda5050a54ea1",
        "reportUrl" : "https://Nat754.github.io/PulseWave/14//#testresult/662bda5050a54ea1",
        "status" : "skipped",
        "statusDetails" : "XFAIL\n\nselenium.common.exceptions.InvalidArgumentException: Message: invalid argument\n  (Session info: chrome-headless-shell=124.0.6367.60)\nStacktrace:\n#0 0x55ec532a1e33 <unknown>\n#1 0x55ec52f913b7 <unknown>\n#2 0x55ec52f78781 <unknown>\n#3 0x55ec52f77131 <unknown>\n#4 0x55ec52f7760a <unknown>\n#5 0x55ec52f93eef <unknown>\n#6 0x55ec5301d695 <unknown>\n#7 0x55ec52ffe362 <unknown>\n#8 0x55ec5301cae2 <unknown>\n#9 0x55ec52ffe103 <unknown>\n#10 0x55ec52fcf1ba <unknown>\n#11 0x55ec52fcfb8e <unknown>\n#12 0x55ec5326659b <unknown>\n#13 0x55ec5326a34b <unknown>\n#14 0x55ec53252681 <unknown>\n#15 0x55ec5326aeb2 <unknown>\n#16 0x55ec532376af <unknown>\n#17 0x55ec53291428 <unknown>\n#18 0x55ec53291600 <unknown>\n#19 0x55ec532a0f84 <unknown>\n#20 0x7f08fa694ac3 <unknown>",
        "time" : {
          "start" : 1714789633003,
          "stop" : 1714789646265,
          "duration" : 13262
        }
      }, {
        "uid" : "34749b29d119dc5d",
        "reportUrl" : "https://Nat754.github.io/PulseWave/13//#testresult/34749b29d119dc5d",
        "status" : "skipped",
        "statusDetails" : "XFAIL\n\nselenium.common.exceptions.InvalidArgumentException: Message: invalid argument\n  (Session info: chrome-headless-shell=124.0.6367.60)\nStacktrace:\n#0 0x556640bf4e33 <unknown>\n#1 0x5566408e43b7 <unknown>\n#2 0x5566408cb781 <unknown>\n#3 0x5566408ca131 <unknown>\n#4 0x5566408ca60a <unknown>\n#5 0x5566408e6eef <unknown>\n#6 0x556640970695 <unknown>\n#7 0x556640951362 <unknown>\n#8 0x55664096fae2 <unknown>\n#9 0x556640951103 <unknown>\n#10 0x5566409221ba <unknown>\n#11 0x556640922b8e <unknown>\n#12 0x556640bb959b <unknown>\n#13 0x556640bbd34b <unknown>\n#14 0x556640ba5681 <unknown>\n#15 0x556640bbdeb2 <unknown>\n#16 0x556640b8a6af <unknown>\n#17 0x556640be4428 <unknown>\n#18 0x556640be4600 <unknown>\n#19 0x556640bf3f84 <unknown>\n#20 0x7f128a494ac3 <unknown>",
        "time" : {
          "start" : 1714703379816,
          "stop" : 1714703391954,
          "duration" : 12138
        }
      }, {
        "uid" : "a6a20a6223274272",
        "reportUrl" : "https://Nat754.github.io/PulseWave/12//#testresult/a6a20a6223274272",
        "status" : "skipped",
        "statusDetails" : "XFAIL\n\nIndexError: list index out of range",
        "time" : {
          "start" : 1714616882448,
          "stop" : 1714616894284,
          "duration" : 11836
        }
      }, {
        "uid" : "5716279167358e86",
        "reportUrl" : "https://Nat754.github.io/PulseWave/11//#testresult/5716279167358e86",
        "status" : "skipped",
        "statusDetails" : "XFAIL\n\nIndexError: list index out of range",
        "time" : {
          "start" : 1714530810443,
          "stop" : 1714530822588,
          "duration" : 12145
        }
      } ]
    },
    "tags" : [ "regress" ]
  },
  "source" : "31ddbd9937000bec.json",
  "parameterValues" : [ "'chrome'" ]
}