{
  "uid" : "e5d73f936805cbec",
  "name" : "1.23 Регистрация с корректными email и паролем без согласия на подписку",
  "fullName" : "tests.test_signup_page.test_signup_page.TestSignupPage#test_signup_with_correct_email_and_password",
  "historyId" : "a88141a3f07444f200b9b46dcc4041fe",
  "time" : {
    "start" : 1723430927863,
    "stop" : 1723430944589,
    "duration" : 16726
  },
  "status" : "broken",
  "statusMessage" : "selenium.common.exceptions.ElementClickInterceptedException: Message: element click intercepted: Element <svg data-v-1d5f154c=\"\" width=\"45\" height=\"45\" viewBox=\"0 0 45 45\" fill=\"none\" xmlns=\"http://www.w3.org/2000/svg\" class=\"avatar__icon\">...</svg> is not clickable at point (1800, 32). Other element would receive the click: <div data-v-91c04aa2=\"\" data-v-72c59a66=\"\" class=\"loader\">...</div>\n  (Session info: chrome-headless-shell=127.0.6533.88)\nStacktrace:\n#0 0x55e170e5d71a <unknown>\n#1 0x55e170b2e640 <unknown>\n#2 0x55e170b84926 <unknown>\n#3 0x55e170b82836 <unknown>\n#4 0x55e170b802b7 <unknown>\n#5 0x55e170b7f15c <unknown>\n#6 0x55e170b72c26 <unknown>\n#7 0x55e170ba08e2 <unknown>\n#8 0x55e170b725d9 <unknown>\n#9 0x55e170ba0aae <unknown>\n#10 0x55e170bbf08a <unknown>\n#11 0x55e170ba0683 <unknown>\n#12 0x55e170b70d71 <unknown>\n#13 0x55e170b717de <unknown>\n#14 0x55e170e252ab <unknown>\n#15 0x55e170e29242 <unknown>\n#16 0x55e170e12665 <unknown>\n#17 0x55e170e29dd2 <unknown>\n#18 0x55e170df72af <unknown>\n#19 0x55e170e4ceb8 <unknown>\n#20 0x55e170e4d090 <unknown>\n#21 0x55e170e5c4ec <unknown>\n#22 0x7f339e294ac3 <unknown>",
  "statusTrace" : "self = <tests.test_signup_page.test_signup_page.TestSignupPage object at 0x7f7a908c4a10>\nsignup_page_open = <pages.signup_page.SignUpPage object at 0x7f7a908ff680>\ndriver = <selenium.webdriver.chrome.webdriver.WebDriver (session=\"cb0c5bf88e147fdb94dfc6ff93cb33a5\")>\n\n    @allure.title(\"1.23 Регистрация с корректными email и паролем без согласия на подписку\")\n    @pytest.mark.smoke\n    def test_signup_with_correct_email_and_password(self, signup_page_open, driver):\n        with allure.step('Заполнить поле email корректными данными'):\n            signup_page_open.put_data_to_email_field(email1)\n        with allure.step('Заполнить поле пароль сильным паролем'):\n            signup_page_open.put_data_to_password_field(password0)\n        with allure.step('Заполнить поле подтверждение пароля сильным паролем'):\n            signup_page_open.put_data_to_confirm_password_field(password0)\n        signup_page_open.click_button_submit()\n        element = signup_page_open.get_send_invite_message()\n        with allure.step(f'Получено сообщение необходимости подтвердить регистрацию: \"{self.signup.INVITE_MSG}\"'):\n            assert element.text == self.signup.INVITE_MSG, 'Нет сообщения успеха'\n        time.sleep(10)\n        link = signup_page_open.get_confirm_signup_to_email(email1, password1)\n        driver.get(link)\n        signup_page_open.click_button_submit()\n>       signup_page_open.click_button_avatar()\n\ntests/test_signup_page/test_signup_page.py:147: \n_ _ _ _ _ _ _ _ _ _ _ _ _ _ _ _ _ _ _ _ _ _ _ _ _ _ _ _ _ _ _ _ _ _ _ _ _ _ _ _ \npages/signup_page.py:93: in click_button_avatar\n    self.element_is_clickable(self.locator.BUTTON_AVATAR).click()\n/opt/hostedtoolcache/Python/3.12.4/x64/lib/python3.12/site-packages/selenium/webdriver/remote/webelement.py:94: in click\n    self._execute(Command.CLICK_ELEMENT)\n/opt/hostedtoolcache/Python/3.12.4/x64/lib/python3.12/site-packages/selenium/webdriver/remote/webelement.py:395: in _execute\n    return self._parent.execute(command, params)\n/opt/hostedtoolcache/Python/3.12.4/x64/lib/python3.12/site-packages/selenium/webdriver/remote/webdriver.py:347: in execute\n    self.error_handler.check_response(response)\n_ _ _ _ _ _ _ _ _ _ _ _ _ _ _ _ _ _ _ _ _ _ _ _ _ _ _ _ _ _ _ _ _ _ _ _ _ _ _ _ \n\nself = <selenium.webdriver.remote.errorhandler.ErrorHandler object at 0x7f7a908f5790>\nresponse = {'status': 400, 'value': '{\"value\":{\"error\":\"element click intercepted\",\"message\":\"element click intercepted: Element ...\\\\n#20 0x55e170e4d090 \\\\u003Cunknown>\\\\n#21 0x55e170e5c4ec \\\\u003Cunknown>\\\\n#22 0x7f339e294ac3 \\\\u003Cunknown>\\\\n\"}}'}\n\n    def check_response(self, response: Dict[str, Any]) -> None:\n        \"\"\"Checks that a JSON response from the WebDriver does not have an\n        error.\n    \n        :Args:\n         - response - The JSON response from the WebDriver server as a dictionary\n           object.\n    \n        :Raises: If the response contains an error message.\n        \"\"\"\n        status = response.get(\"status\", None)\n        if not status or status == ErrorCode.SUCCESS:\n            return\n        value = None\n        message = response.get(\"message\", \"\")\n        screen: str = response.get(\"screen\", \"\")\n        stacktrace = None\n        if isinstance(status, int):\n            value_json = response.get(\"value\", None)\n            if value_json and isinstance(value_json, str):\n                import json\n    \n                try:\n                    value = json.loads(value_json)\n                    if len(value) == 1:\n                        value = value[\"value\"]\n                    status = value.get(\"error\", None)\n                    if not status:\n                        status = value.get(\"status\", ErrorCode.UNKNOWN_ERROR)\n                        message = value.get(\"value\") or value.get(\"message\")\n                        if not isinstance(message, str):\n                            value = message\n                            message = message.get(\"message\")\n                    else:\n                        message = value.get(\"message\", None)\n                except ValueError:\n                    pass\n    \n        exception_class: Type[WebDriverException]\n        e = ErrorCode()\n        error_codes = [item for item in dir(e) if not item.startswith(\"__\")]\n        for error_code in error_codes:\n            error_info = getattr(ErrorCode, error_code)\n            if isinstance(error_info, list) and status in error_info:\n                exception_class = getattr(ExceptionMapping, error_code, WebDriverException)\n                break\n        else:\n            exception_class = WebDriverException\n    \n        if not value:\n            value = response[\"value\"]\n        if isinstance(value, str):\n            raise exception_class(value)\n        if message == \"\" and \"message\" in value:\n            message = value[\"message\"]\n    \n        screen = None  # type: ignore[assignment]\n        if \"screen\" in value:\n            screen = value[\"screen\"]\n    \n        stacktrace = None\n        st_value = value.get(\"stackTrace\") or value.get(\"stacktrace\")\n        if st_value:\n            if isinstance(st_value, str):\n                stacktrace = st_value.split(\"\\n\")\n            else:\n                stacktrace = []\n                try:\n                    for frame in st_value:\n                        line = frame.get(\"lineNumber\", \"\")\n                        file = frame.get(\"fileName\", \"<anonymous>\")\n                        if line:\n                            file = f\"{file}:{line}\"\n                        meth = frame.get(\"methodName\", \"<anonymous>\")\n                        if \"className\" in frame:\n                            meth = f\"{frame['className']}.{meth}\"\n                        msg = \"    at %s (%s)\"\n                        msg = msg % (meth, file)\n                        stacktrace.append(msg)\n                except TypeError:\n                    pass\n        if exception_class == UnexpectedAlertPresentException:\n            alert_text = None\n            if \"data\" in value:\n                alert_text = value[\"data\"].get(\"text\")\n            elif \"alert\" in value:\n                alert_text = value[\"alert\"].get(\"text\")\n            raise exception_class(message, screen, stacktrace, alert_text)  # type: ignore[call-arg]  # mypy is not smart enough here\n>       raise exception_class(message, screen, stacktrace)\nE       selenium.common.exceptions.ElementClickInterceptedException: Message: element click intercepted: Element <svg data-v-1d5f154c=\"\" width=\"45\" height=\"45\" viewBox=\"0 0 45 45\" fill=\"none\" xmlns=\"http://www.w3.org/2000/svg\" class=\"avatar__icon\">...</svg> is not clickable at point (1800, 32). Other element would receive the click: <div data-v-91c04aa2=\"\" data-v-72c59a66=\"\" class=\"loader\">...</div>\nE         (Session info: chrome-headless-shell=127.0.6533.88)\nE       Stacktrace:\nE       #0 0x55e170e5d71a <unknown>\nE       #1 0x55e170b2e640 <unknown>\nE       #2 0x55e170b84926 <unknown>\nE       #3 0x55e170b82836 <unknown>\nE       #4 0x55e170b802b7 <unknown>\nE       #5 0x55e170b7f15c <unknown>\nE       #6 0x55e170b72c26 <unknown>\nE       #7 0x55e170ba08e2 <unknown>\nE       #8 0x55e170b725d9 <unknown>\nE       #9 0x55e170ba0aae <unknown>\nE       #10 0x55e170bbf08a <unknown>\nE       #11 0x55e170ba0683 <unknown>\nE       #12 0x55e170b70d71 <unknown>\nE       #13 0x55e170b717de <unknown>\nE       #14 0x55e170e252ab <unknown>\nE       #15 0x55e170e29242 <unknown>\nE       #16 0x55e170e12665 <unknown>\nE       #17 0x55e170e29dd2 <unknown>\nE       #18 0x55e170df72af <unknown>\nE       #19 0x55e170e4ceb8 <unknown>\nE       #20 0x55e170e4d090 <unknown>\nE       #21 0x55e170e5c4ec <unknown>\nE       #22 0x7f339e294ac3 <unknown>\n\n/opt/hostedtoolcache/Python/3.12.4/x64/lib/python3.12/site-packages/selenium/webdriver/remote/errorhandler.py:229: ElementClickInterceptedException",
  "flaky" : false,
  "newFailed" : false,
  "beforeStages" : [ {
    "name" : "signup_page_open",
    "time" : {
      "start" : 1723430924965,
      "stop" : 1723430927863,
      "duration" : 2898
    },
    "status" : "passed",
    "steps" : [ {
      "name" : "Проверка видимости кнопки 'Принимаю все' в сообщении о принятии файлов cookie",
      "time" : {
        "start" : 1723430927807,
        "stop" : 1723430927833,
        "duration" : 26
      },
      "status" : "passed",
      "steps" : [ ],
      "attachments" : [ ],
      "parameters" : [ ],
      "stepsCount" : 0,
      "attachmentsCount" : 0,
      "shouldDisplayMessage" : false,
      "hasContent" : false
    } ],
    "attachments" : [ ],
    "parameters" : [ ],
    "stepsCount" : 1,
    "attachmentsCount" : 0,
    "shouldDisplayMessage" : false,
    "hasContent" : true
  }, {
    "name" : "driver",
    "time" : {
      "start" : 1723430924762,
      "stop" : 1723430924964,
      "duration" : 202
    },
    "status" : "passed",
    "steps" : [ ],
    "attachments" : [ ],
    "parameters" : [ ],
    "stepsCount" : 0,
    "attachmentsCount" : 0,
    "shouldDisplayMessage" : false,
    "hasContent" : false
  }, {
    "name" : "_session_faker",
    "time" : {
      "start" : 1723430020440,
      "stop" : 1723430020458,
      "duration" : 18
    },
    "status" : "passed",
    "steps" : [ ],
    "attachments" : [ ],
    "parameters" : [ ],
    "stepsCount" : 0,
    "attachmentsCount" : 0,
    "shouldDisplayMessage" : false,
    "hasContent" : false
  }, {
    "name" : "clear_allure_results_folder",
    "time" : {
      "start" : 1723430020458,
      "stop" : 1723430020458,
      "duration" : 0
    },
    "status" : "passed",
    "steps" : [ ],
    "attachments" : [ ],
    "parameters" : [ ],
    "stepsCount" : 0,
    "attachmentsCount" : 0,
    "shouldDisplayMessage" : false,
    "hasContent" : false
  } ],
  "testStage" : {
    "status" : "broken",
    "statusMessage" : "selenium.common.exceptions.ElementClickInterceptedException: Message: element click intercepted: Element <svg data-v-1d5f154c=\"\" width=\"45\" height=\"45\" viewBox=\"0 0 45 45\" fill=\"none\" xmlns=\"http://www.w3.org/2000/svg\" class=\"avatar__icon\">...</svg> is not clickable at point (1800, 32). Other element would receive the click: <div data-v-91c04aa2=\"\" data-v-72c59a66=\"\" class=\"loader\">...</div>\n  (Session info: chrome-headless-shell=127.0.6533.88)\nStacktrace:\n#0 0x55e170e5d71a <unknown>\n#1 0x55e170b2e640 <unknown>\n#2 0x55e170b84926 <unknown>\n#3 0x55e170b82836 <unknown>\n#4 0x55e170b802b7 <unknown>\n#5 0x55e170b7f15c <unknown>\n#6 0x55e170b72c26 <unknown>\n#7 0x55e170ba08e2 <unknown>\n#8 0x55e170b725d9 <unknown>\n#9 0x55e170ba0aae <unknown>\n#10 0x55e170bbf08a <unknown>\n#11 0x55e170ba0683 <unknown>\n#12 0x55e170b70d71 <unknown>\n#13 0x55e170b717de <unknown>\n#14 0x55e170e252ab <unknown>\n#15 0x55e170e29242 <unknown>\n#16 0x55e170e12665 <unknown>\n#17 0x55e170e29dd2 <unknown>\n#18 0x55e170df72af <unknown>\n#19 0x55e170e4ceb8 <unknown>\n#20 0x55e170e4d090 <unknown>\n#21 0x55e170e5c4ec <unknown>\n#22 0x7f339e294ac3 <unknown>",
    "statusTrace" : "self = <tests.test_signup_page.test_signup_page.TestSignupPage object at 0x7f7a908c4a10>\nsignup_page_open = <pages.signup_page.SignUpPage object at 0x7f7a908ff680>\ndriver = <selenium.webdriver.chrome.webdriver.WebDriver (session=\"cb0c5bf88e147fdb94dfc6ff93cb33a5\")>\n\n    @allure.title(\"1.23 Регистрация с корректными email и паролем без согласия на подписку\")\n    @pytest.mark.smoke\n    def test_signup_with_correct_email_and_password(self, signup_page_open, driver):\n        with allure.step('Заполнить поле email корректными данными'):\n            signup_page_open.put_data_to_email_field(email1)\n        with allure.step('Заполнить поле пароль сильным паролем'):\n            signup_page_open.put_data_to_password_field(password0)\n        with allure.step('Заполнить поле подтверждение пароля сильным паролем'):\n            signup_page_open.put_data_to_confirm_password_field(password0)\n        signup_page_open.click_button_submit()\n        element = signup_page_open.get_send_invite_message()\n        with allure.step(f'Получено сообщение необходимости подтвердить регистрацию: \"{self.signup.INVITE_MSG}\"'):\n            assert element.text == self.signup.INVITE_MSG, 'Нет сообщения успеха'\n        time.sleep(10)\n        link = signup_page_open.get_confirm_signup_to_email(email1, password1)\n        driver.get(link)\n        signup_page_open.click_button_submit()\n>       signup_page_open.click_button_avatar()\n\ntests/test_signup_page/test_signup_page.py:147: \n_ _ _ _ _ _ _ _ _ _ _ _ _ _ _ _ _ _ _ _ _ _ _ _ _ _ _ _ _ _ _ _ _ _ _ _ _ _ _ _ \npages/signup_page.py:93: in click_button_avatar\n    self.element_is_clickable(self.locator.BUTTON_AVATAR).click()\n/opt/hostedtoolcache/Python/3.12.4/x64/lib/python3.12/site-packages/selenium/webdriver/remote/webelement.py:94: in click\n    self._execute(Command.CLICK_ELEMENT)\n/opt/hostedtoolcache/Python/3.12.4/x64/lib/python3.12/site-packages/selenium/webdriver/remote/webelement.py:395: in _execute\n    return self._parent.execute(command, params)\n/opt/hostedtoolcache/Python/3.12.4/x64/lib/python3.12/site-packages/selenium/webdriver/remote/webdriver.py:347: in execute\n    self.error_handler.check_response(response)\n_ _ _ _ _ _ _ _ _ _ _ _ _ _ _ _ _ _ _ _ _ _ _ _ _ _ _ _ _ _ _ _ _ _ _ _ _ _ _ _ \n\nself = <selenium.webdriver.remote.errorhandler.ErrorHandler object at 0x7f7a908f5790>\nresponse = {'status': 400, 'value': '{\"value\":{\"error\":\"element click intercepted\",\"message\":\"element click intercepted: Element ...\\\\n#20 0x55e170e4d090 \\\\u003Cunknown>\\\\n#21 0x55e170e5c4ec \\\\u003Cunknown>\\\\n#22 0x7f339e294ac3 \\\\u003Cunknown>\\\\n\"}}'}\n\n    def check_response(self, response: Dict[str, Any]) -> None:\n        \"\"\"Checks that a JSON response from the WebDriver does not have an\n        error.\n    \n        :Args:\n         - response - The JSON response from the WebDriver server as a dictionary\n           object.\n    \n        :Raises: If the response contains an error message.\n        \"\"\"\n        status = response.get(\"status\", None)\n        if not status or status == ErrorCode.SUCCESS:\n            return\n        value = None\n        message = response.get(\"message\", \"\")\n        screen: str = response.get(\"screen\", \"\")\n        stacktrace = None\n        if isinstance(status, int):\n            value_json = response.get(\"value\", None)\n            if value_json and isinstance(value_json, str):\n                import json\n    \n                try:\n                    value = json.loads(value_json)\n                    if len(value) == 1:\n                        value = value[\"value\"]\n                    status = value.get(\"error\", None)\n                    if not status:\n                        status = value.get(\"status\", ErrorCode.UNKNOWN_ERROR)\n                        message = value.get(\"value\") or value.get(\"message\")\n                        if not isinstance(message, str):\n                            value = message\n                            message = message.get(\"message\")\n                    else:\n                        message = value.get(\"message\", None)\n                except ValueError:\n                    pass\n    \n        exception_class: Type[WebDriverException]\n        e = ErrorCode()\n        error_codes = [item for item in dir(e) if not item.startswith(\"__\")]\n        for error_code in error_codes:\n            error_info = getattr(ErrorCode, error_code)\n            if isinstance(error_info, list) and status in error_info:\n                exception_class = getattr(ExceptionMapping, error_code, WebDriverException)\n                break\n        else:\n            exception_class = WebDriverException\n    \n        if not value:\n            value = response[\"value\"]\n        if isinstance(value, str):\n            raise exception_class(value)\n        if message == \"\" and \"message\" in value:\n            message = value[\"message\"]\n    \n        screen = None  # type: ignore[assignment]\n        if \"screen\" in value:\n            screen = value[\"screen\"]\n    \n        stacktrace = None\n        st_value = value.get(\"stackTrace\") or value.get(\"stacktrace\")\n        if st_value:\n            if isinstance(st_value, str):\n                stacktrace = st_value.split(\"\\n\")\n            else:\n                stacktrace = []\n                try:\n                    for frame in st_value:\n                        line = frame.get(\"lineNumber\", \"\")\n                        file = frame.get(\"fileName\", \"<anonymous>\")\n                        if line:\n                            file = f\"{file}:{line}\"\n                        meth = frame.get(\"methodName\", \"<anonymous>\")\n                        if \"className\" in frame:\n                            meth = f\"{frame['className']}.{meth}\"\n                        msg = \"    at %s (%s)\"\n                        msg = msg % (meth, file)\n                        stacktrace.append(msg)\n                except TypeError:\n                    pass\n        if exception_class == UnexpectedAlertPresentException:\n            alert_text = None\n            if \"data\" in value:\n                alert_text = value[\"data\"].get(\"text\")\n            elif \"alert\" in value:\n                alert_text = value[\"alert\"].get(\"text\")\n            raise exception_class(message, screen, stacktrace, alert_text)  # type: ignore[call-arg]  # mypy is not smart enough here\n>       raise exception_class(message, screen, stacktrace)\nE       selenium.common.exceptions.ElementClickInterceptedException: Message: element click intercepted: Element <svg data-v-1d5f154c=\"\" width=\"45\" height=\"45\" viewBox=\"0 0 45 45\" fill=\"none\" xmlns=\"http://www.w3.org/2000/svg\" class=\"avatar__icon\">...</svg> is not clickable at point (1800, 32). Other element would receive the click: <div data-v-91c04aa2=\"\" data-v-72c59a66=\"\" class=\"loader\">...</div>\nE         (Session info: chrome-headless-shell=127.0.6533.88)\nE       Stacktrace:\nE       #0 0x55e170e5d71a <unknown>\nE       #1 0x55e170b2e640 <unknown>\nE       #2 0x55e170b84926 <unknown>\nE       #3 0x55e170b82836 <unknown>\nE       #4 0x55e170b802b7 <unknown>\nE       #5 0x55e170b7f15c <unknown>\nE       #6 0x55e170b72c26 <unknown>\nE       #7 0x55e170ba08e2 <unknown>\nE       #8 0x55e170b725d9 <unknown>\nE       #9 0x55e170ba0aae <unknown>\nE       #10 0x55e170bbf08a <unknown>\nE       #11 0x55e170ba0683 <unknown>\nE       #12 0x55e170b70d71 <unknown>\nE       #13 0x55e170b717de <unknown>\nE       #14 0x55e170e252ab <unknown>\nE       #15 0x55e170e29242 <unknown>\nE       #16 0x55e170e12665 <unknown>\nE       #17 0x55e170e29dd2 <unknown>\nE       #18 0x55e170df72af <unknown>\nE       #19 0x55e170e4ceb8 <unknown>\nE       #20 0x55e170e4d090 <unknown>\nE       #21 0x55e170e5c4ec <unknown>\nE       #22 0x7f339e294ac3 <unknown>\n\n/opt/hostedtoolcache/Python/3.12.4/x64/lib/python3.12/site-packages/selenium/webdriver/remote/errorhandler.py:229: ElementClickInterceptedException",
    "steps" : [ {
      "name" : "Заполнить поле email корректными данными",
      "time" : {
        "start" : 1723430927863,
        "stop" : 1723430927939,
        "duration" : 76
      },
      "status" : "passed",
      "steps" : [ ],
      "attachments" : [ ],
      "parameters" : [ ],
      "stepsCount" : 0,
      "attachmentsCount" : 0,
      "shouldDisplayMessage" : false,
      "hasContent" : false
    }, {
      "name" : "Заполнить поле пароль сильным паролем",
      "time" : {
        "start" : 1723430927939,
        "stop" : 1723430927996,
        "duration" : 57
      },
      "status" : "passed",
      "steps" : [ ],
      "attachments" : [ ],
      "parameters" : [ ],
      "stepsCount" : 0,
      "attachmentsCount" : 0,
      "shouldDisplayMessage" : false,
      "hasContent" : false
    }, {
      "name" : "Заполнить поле подтверждение пароля сильным паролем",
      "time" : {
        "start" : 1723430927996,
        "stop" : 1723430928052,
        "duration" : 56
      },
      "status" : "passed",
      "steps" : [ ],
      "attachments" : [ ],
      "parameters" : [ ],
      "stepsCount" : 0,
      "attachmentsCount" : 0,
      "shouldDisplayMessage" : false,
      "hasContent" : false
    }, {
      "name" : "Подтвердить изменения'",
      "time" : {
        "start" : 1723430928052,
        "stop" : 1723430928105,
        "duration" : 53
      },
      "status" : "passed",
      "steps" : [ ],
      "attachments" : [ ],
      "parameters" : [ ],
      "stepsCount" : 0,
      "attachmentsCount" : 0,
      "shouldDisplayMessage" : false,
      "hasContent" : false
    }, {
      "name" : "Получено сообщения о подтверждении регистрации",
      "time" : {
        "start" : 1723430928105,
        "stop" : 1723430930184,
        "duration" : 2079
      },
      "status" : "passed",
      "steps" : [ ],
      "attachments" : [ ],
      "parameters" : [ ],
      "stepsCount" : 0,
      "attachmentsCount" : 0,
      "shouldDisplayMessage" : false,
      "hasContent" : false
    }, {
      "name" : "Получено сообщение необходимости подтвердить регистрацию: \"Регистрация\nМы отправили вам письмо на test_pulsewave0@mail.ru.\nДля подтверждения регистрации и активации учётной записи пройдите по ссылке в письме.\nПисьмо не пришло?\nПроверьте папку Спам и нажмите кнопку «Отправить повторно».\"",
      "time" : {
        "start" : 1723430930184,
        "stop" : 1723430930195,
        "duration" : 11
      },
      "status" : "passed",
      "steps" : [ ],
      "attachments" : [ ],
      "parameters" : [ ],
      "stepsCount" : 0,
      "attachmentsCount" : 0,
      "shouldDisplayMessage" : false,
      "hasContent" : false
    }, {
      "name" : "Получить ссылку подтверждения регистрации пользователя на емайл",
      "time" : {
        "start" : 1723430940195,
        "stop" : 1723430942383,
        "duration" : 2188
      },
      "status" : "passed",
      "steps" : [ ],
      "attachments" : [ ],
      "parameters" : [ ],
      "stepsCount" : 0,
      "attachmentsCount" : 0,
      "shouldDisplayMessage" : false,
      "hasContent" : false
    }, {
      "name" : "Подтвердить изменения'",
      "time" : {
        "start" : 1723430942601,
        "stop" : 1723430943192,
        "duration" : 591
      },
      "status" : "passed",
      "steps" : [ ],
      "attachments" : [ ],
      "parameters" : [ ],
      "stepsCount" : 0,
      "attachmentsCount" : 0,
      "shouldDisplayMessage" : false,
      "hasContent" : false
    }, {
      "name" : "Нажать на иконку аватара",
      "time" : {
        "start" : 1723430943192,
        "stop" : 1723430944588,
        "duration" : 1396
      },
      "status" : "broken",
      "statusMessage" : "selenium.common.exceptions.ElementClickInterceptedException: Message: element click intercepted: Element <svg data-v-1d5f154c=\"\" width=\"45\" height=\"45\" viewBox=\"0 0 45 45\" fill=\"none\" xmlns=\"http://www.w3.org/2000/svg\" class=\"avatar__icon\">...</svg> is not clickable at point (1800, 32). Other element would receive the click: <div data-v-91c04aa2=\"\" data-v-72c59a66=\"\" class=\"loader\">...</div>\n  (Session info: chrome-headless-shell=127.0.6533.88)\nStacktrace:\n#0 0x55e170e5d71a <unknown>\n#1 0x55e170b2e640 <unknown>\n#2 0x55e170b84926 <unknown>\n#3 0x55e170b82836 <unknown>\n#4 0x55e170b802b7 <unknown>\n#5 0x55e170b7f15c <unknown>\n#6 0x55e170b72c26 <unknown>\n#7 0x55e170ba08e2 <unknown>\n#8 0x55e170b725d9 <unknown>\n#9 0x55e170ba0aae <unknown>\n#10 0x55e170bbf08a <unknown>\n#11 0x55e170ba0683 <unknown>\n#12 0x55e170b70d71 <unknown>\n#13 0x55e170b717de <unknown>\n#14 0x55e170e252ab <unknown>\n#15 0x55e170e29242 <unknown>\n#16 0x55e170e12665 <unknown>\n#17 0x55e170e29dd2 <unknown>\n#18 0x55e170df72af <unknown>\n#19 0x55e170e4ceb8 <unknown>\n#20 0x55e170e4d090 <unknown>\n#21 0x55e170e5c4ec <unknown>\n#22 0x7f339e294ac3 <unknown>\n\n",
      "statusTrace" : "  File \"/opt/hostedtoolcache/Python/3.12.4/x64/lib/python3.12/site-packages/allure_commons/_allure.py\", line 192, in impl\n    return func(*a, **kw)\n           ^^^^^^^^^^^^^^\n  File \"/home/runner/work/PulseWave/PulseWave/pages/signup_page.py\", line 93, in click_button_avatar\n    self.element_is_clickable(self.locator.BUTTON_AVATAR).click()\n  File \"/opt/hostedtoolcache/Python/3.12.4/x64/lib/python3.12/site-packages/selenium/webdriver/remote/webelement.py\", line 94, in click\n    self._execute(Command.CLICK_ELEMENT)\n  File \"/opt/hostedtoolcache/Python/3.12.4/x64/lib/python3.12/site-packages/selenium/webdriver/remote/webelement.py\", line 395, in _execute\n    return self._parent.execute(command, params)\n           ^^^^^^^^^^^^^^^^^^^^^^^^^^^^^^^^^^^^^\n  File \"/opt/hostedtoolcache/Python/3.12.4/x64/lib/python3.12/site-packages/selenium/webdriver/remote/webdriver.py\", line 347, in execute\n    self.error_handler.check_response(response)\n  File \"/opt/hostedtoolcache/Python/3.12.4/x64/lib/python3.12/site-packages/selenium/webdriver/remote/errorhandler.py\", line 229, in check_response\n    raise exception_class(message, screen, stacktrace)\n",
      "steps" : [ ],
      "attachments" : [ ],
      "parameters" : [ ],
      "stepsCount" : 0,
      "attachmentsCount" : 0,
      "shouldDisplayMessage" : true,
      "hasContent" : true
    } ],
    "attachments" : [ {
      "uid" : "3299466ae94457d9",
      "name" : "Screenshot",
      "source" : "3299466ae94457d9.png",
      "type" : "image/png",
      "size" : 49723
    }, {
      "uid" : "4f22feb87ee1ce6d",
      "name" : "HTML source",
      "source" : "4f22feb87ee1ce6d.html",
      "type" : "text/html",
      "size" : 73453
    } ],
    "parameters" : [ ],
    "stepsCount" : 9,
    "attachmentsCount" : 2,
    "shouldDisplayMessage" : true,
    "hasContent" : true
  },
  "afterStages" : [ {
    "name" : "driver::0",
    "time" : {
      "start" : 1723430944844,
      "stop" : 1723430944908,
      "duration" : 64
    },
    "status" : "passed",
    "steps" : [ ],
    "attachments" : [ ],
    "parameters" : [ ],
    "stepsCount" : 0,
    "attachmentsCount" : 0,
    "shouldDisplayMessage" : false,
    "hasContent" : false
  } ],
  "labels" : [ {
    "name" : "epic",
    "value" : "Тестирование страницы 'Регистрация'"
  }, {
    "name" : "tag",
    "value" : "smoke"
  }, {
    "name" : "parentSuite",
    "value" : "tests.test_signup_page"
  }, {
    "name" : "suite",
    "value" : "test_signup_page"
  }, {
    "name" : "subSuite",
    "value" : "TestSignupPage"
  }, {
    "name" : "host",
    "value" : "fv-az1144-149"
  }, {
    "name" : "thread",
    "value" : "2268-MainThread"
  }, {
    "name" : "framework",
    "value" : "pytest"
  }, {
    "name" : "language",
    "value" : "cpython3"
  }, {
    "name" : "package",
    "value" : "tests.test_signup_page.test_signup_page"
  }, {
    "name" : "resultFormat",
    "value" : "allure2"
  } ],
  "parameters" : [ {
    "name" : "browser",
    "value" : "'chrome'"
  } ],
  "links" : [ ],
  "hidden" : false,
  "retry" : false,
  "extra" : {
    "severity" : "normal",
    "retries" : [ ],
    "categories" : [ {
      "name" : "Test defects",
      "matchedStatuses" : [ ],
      "flaky" : false
    } ],
    "history" : {
      "statistic" : {
        "failed" : 0,
        "broken" : 18,
        "skipped" : 30,
        "passed" : 80,
        "unknown" : 0,
        "total" : 128
      },
      "items" : [ {
        "uid" : "7a831ea36c12195b",
        "reportUrl" : "https://Nat754.github.io/PulseWave/113//#testresult/7a831ea36c12195b",
        "status" : "broken",
        "statusDetails" : "selenium.common.exceptions.TimeoutException: Message: \nStacktrace:\n#0 0x56426707371a <unknown>\n#1 0x564266d44640 <unknown>\n#2 0x564266d93c0b <unknown>\n#3 0x564266d93ef1 <unknown>\n#4 0x564266dd7b64 <unknown>\n#5 0x564266db690d <unknown>\n#6 0x564266dd508a <unknown>\n#7 0x564266db6683 <unknown>\n#8 0x564266d86d71 <unknown>\n#9 0x564266d877de <unknown>\n#10 0x56426703b2ab <unknown>\n#11 0x56426703f242 <unknown>\n#12 0x564267028665 <unknown>\n#13 0x56426703fdd2 <unknown>\n#14 0x56426700d2af <unknown>\n#15 0x564267062eb8 <unknown>\n#16 0x564267063090 <unknown>\n#17 0x5642670724ec <unknown>\n#18 0x7efcd0494ac3 <unknown>",
        "time" : {
          "start" : 1723344562456,
          "stop" : 1723344582710,
          "duration" : 20254
        }
      }, {
        "uid" : "ab5cb53c9fdec27b",
        "reportUrl" : "https://Nat754.github.io/PulseWave/112//#testresult/ab5cb53c9fdec27b",
        "status" : "broken",
        "statusDetails" : "selenium.common.exceptions.TimeoutException: Message: \nStacktrace:\n#0 0x562a7e04a71a <unknown>\n#1 0x562a7dd1b640 <unknown>\n#2 0x562a7dd6ac0b <unknown>\n#3 0x562a7dd6aef1 <unknown>\n#4 0x562a7ddaeb64 <unknown>\n#5 0x562a7dd8d90d <unknown>\n#6 0x562a7ddac08a <unknown>\n#7 0x562a7dd8d683 <unknown>\n#8 0x562a7dd5dd71 <unknown>\n#9 0x562a7dd5e7de <unknown>\n#10 0x562a7e0122ab <unknown>\n#11 0x562a7e016242 <unknown>\n#12 0x562a7dfff665 <unknown>\n#13 0x562a7e016dd2 <unknown>\n#14 0x562a7dfe42af <unknown>\n#15 0x562a7e039eb8 <unknown>\n#16 0x562a7e03a090 <unknown>\n#17 0x562a7e0494ec <unknown>\n#18 0x7fd24ea94ac3 <unknown>",
        "time" : {
          "start" : 1723257944661,
          "stop" : 1723257965402,
          "duration" : 20741
        }
      }, {
        "uid" : "c5556d8f4bcf82fb",
        "reportUrl" : "https://Nat754.github.io/PulseWave/111//#testresult/c5556d8f4bcf82fb",
        "status" : "broken",
        "statusDetails" : "selenium.common.exceptions.TimeoutException: Message: \nStacktrace:\n#0 0x555c5edf171a <unknown>\n#1 0x555c5eac2640 <unknown>\n#2 0x555c5eb11c0b <unknown>\n#3 0x555c5eb11ef1 <unknown>\n#4 0x555c5eb55b64 <unknown>\n#5 0x555c5eb3490d <unknown>\n#6 0x555c5eb5308a <unknown>\n#7 0x555c5eb34683 <unknown>\n#8 0x555c5eb04d71 <unknown>\n#9 0x555c5eb057de <unknown>\n#10 0x555c5edb92ab <unknown>\n#11 0x555c5edbd242 <unknown>\n#12 0x555c5eda6665 <unknown>\n#13 0x555c5edbddd2 <unknown>\n#14 0x555c5ed8b2af <unknown>\n#15 0x555c5ede0eb8 <unknown>\n#16 0x555c5ede1090 <unknown>\n#17 0x555c5edf04ec <unknown>\n#18 0x7f2a21694ac3 <unknown>",
        "time" : {
          "start" : 1723171632722,
          "stop" : 1723171653007,
          "duration" : 20285
        }
      }, {
        "uid" : "eef463e19f747dce",
        "reportUrl" : "https://Nat754.github.io/PulseWave/110//#testresult/eef463e19f747dce",
        "status" : "broken",
        "statusDetails" : "selenium.common.exceptions.TimeoutException: Message: \nStacktrace:\n#0 0x55e3c958971a <unknown>\n#1 0x55e3c925a640 <unknown>\n#2 0x55e3c92a9c0b <unknown>\n#3 0x55e3c92a9ef1 <unknown>\n#4 0x55e3c92edb64 <unknown>\n#5 0x55e3c92cc90d <unknown>\n#6 0x55e3c92eb08a <unknown>\n#7 0x55e3c92cc683 <unknown>\n#8 0x55e3c929cd71 <unknown>\n#9 0x55e3c929d7de <unknown>\n#10 0x55e3c95512ab <unknown>\n#11 0x55e3c9555242 <unknown>\n#12 0x55e3c953e665 <unknown>\n#13 0x55e3c9555dd2 <unknown>\n#14 0x55e3c95232af <unknown>\n#15 0x55e3c9578eb8 <unknown>\n#16 0x55e3c9579090 <unknown>\n#17 0x55e3c95884ec <unknown>\n#18 0x7ff692694ac3 <unknown>",
        "time" : {
          "start" : 1723085326819,
          "stop" : 1723085347563,
          "duration" : 20744
        }
      }, {
        "uid" : "9e553f60247da8e",
        "reportUrl" : "https://Nat754.github.io/PulseWave/109//#testresult/9e553f60247da8e",
        "status" : "broken",
        "statusDetails" : "selenium.common.exceptions.TimeoutException: Message: \nStacktrace:\n#0 0x55e96d6d06ba <unknown>\n#1 0x55e96d3a0730 <unknown>\n#2 0x55e96d3efd9b <unknown>\n#3 0x55e96d3f0081 <unknown>\n#4 0x55e96d433cd4 <unknown>\n#5 0x55e96d412a7d <unknown>\n#6 0x55e96d4311ca <unknown>\n#7 0x55e96d4127f3 <unknown>\n#8 0x55e96d3e2ec9 <unknown>\n#9 0x55e96d3e391e <unknown>\n#10 0x55e96d6969eb <unknown>\n#11 0x55e96d69a972 <unknown>\n#12 0x55e96d683e15 <unknown>\n#13 0x55e96d69b502 <unknown>\n#14 0x55e96d668d2f <unknown>\n#15 0x55e96d6bf578 <unknown>\n#16 0x55e96d6bf750 <unknown>\n#17 0x55e96d6cf48c <unknown>\n#18 0x7fa369294ac3 <unknown>",
        "time" : {
          "start" : 1722998899438,
          "stop" : 1722998919680,
          "duration" : 20242
        }
      }, {
        "uid" : "d2c22afa9a477b67",
        "reportUrl" : "https://Nat754.github.io/PulseWave/108//#testresult/d2c22afa9a477b67",
        "status" : "passed",
        "time" : {
          "start" : 1722912225356,
          "stop" : 1722912242833,
          "duration" : 17477
        }
      }, {
        "uid" : "1af02df7d9920971",
        "reportUrl" : "https://Nat754.github.io/PulseWave/107//#testresult/1af02df7d9920971",
        "status" : "passed",
        "time" : {
          "start" : 1722825941594,
          "stop" : 1722825959322,
          "duration" : 17728
        }
      }, {
        "uid" : "1a827cf702e3a8fb",
        "reportUrl" : "https://Nat754.github.io/PulseWave/214//#testresult/1a827cf702e3a8fb",
        "status" : "broken",
        "statusDetails" : "selenium.common.exceptions.TimeoutException: Message: \nStacktrace:\n#0 0x55b16f9786ba <unknown>\n#1 0x55b16f648730 <unknown>\n#2 0x55b16f697d9b <unknown>\n#3 0x55b16f698081 <unknown>\n#4 0x55b16f6dbcd4 <unknown>\n#5 0x55b16f6baa7d <unknown>\n#6 0x55b16f6d91ca <unknown>\n#7 0x55b16f6ba7f3 <unknown>\n#8 0x55b16f68aec9 <unknown>\n#9 0x55b16f68b91e <unknown>\n#10 0x55b16f93e9eb <unknown>\n#11 0x55b16f942972 <unknown>\n#12 0x55b16f92be15 <unknown>\n#13 0x55b16f943502 <unknown>\n#14 0x55b16f910d2f <unknown>\n#15 0x55b16f967578 <unknown>\n#16 0x55b16f967750 <unknown>\n#17 0x55b16f97748c <unknown>\n#18 0x7fcb45294ac3 <unknown>",
        "time" : {
          "start" : 1722767408331,
          "stop" : 1722767428570,
          "duration" : 20239
        }
      }, {
        "uid" : "f89bf8c14403a475",
        "reportUrl" : "https://Nat754.github.io/PulseWave/106//#testresult/f89bf8c14403a475",
        "status" : "broken",
        "statusDetails" : "selenium.common.exceptions.TimeoutException: Message: \nStacktrace:\n#0 0x561e712746ba <unknown>\n#1 0x561e70f44730 <unknown>\n#2 0x561e70f93d9b <unknown>\n#3 0x561e70f94081 <unknown>\n#4 0x561e70fd7cd4 <unknown>\n#5 0x561e70fb6a7d <unknown>\n#6 0x561e70fd51ca <unknown>\n#7 0x561e70fb67f3 <unknown>\n#8 0x561e70f86ec9 <unknown>\n#9 0x561e70f8791e <unknown>\n#10 0x561e7123a9eb <unknown>\n#11 0x561e7123e972 <unknown>\n#12 0x561e71227e15 <unknown>\n#13 0x561e7123f502 <unknown>\n#14 0x561e7120cd2f <unknown>\n#15 0x561e71263578 <unknown>\n#16 0x561e71263750 <unknown>\n#17 0x561e7127348c <unknown>\n#18 0x7f98d3094ac3 <unknown>",
        "time" : {
          "start" : 1722739699911,
          "stop" : 1722739720646,
          "duration" : 20735
        }
      }, {
        "uid" : "6e3ce8dfc792acc2",
        "reportUrl" : "https://Nat754.github.io/PulseWave/105//#testresult/6e3ce8dfc792acc2",
        "status" : "broken",
        "statusDetails" : "selenium.common.exceptions.ElementClickInterceptedException: Message: element click intercepted: Element <svg data-v-1d5f154c=\"\" width=\"45\" height=\"45\" viewBox=\"0 0 45 45\" fill=\"none\" xmlns=\"http://www.w3.org/2000/svg\" class=\"avatar__icon\">...</svg> is not clickable at point (1800, 32). Other element would receive the click: <div data-v-91c04aa2=\"\" data-v-72c59a66=\"\" class=\"loader\">...</div>\n  (Session info: chrome-headless-shell=127.0.6533.72)\nStacktrace:\n#0 0x55f0f7fca6ba <unknown>\n#1 0x55f0f7c9a730 <unknown>\n#2 0x55f0f7cf0a96 <unknown>\n#3 0x55f0f7cee9ad <unknown>\n#4 0x55f0f7cec447 <unknown>\n#5 0x55f0f7ceb30e <unknown>\n#6 0x55f0f7cded66 <unknown>\n#7 0x55f0f7d0ca52 <unknown>\n#8 0x55f0f7cde719 <unknown>\n#9 0x55f0f7d0cc1e <unknown>\n#10 0x55f0f7d2b1ca <unknown>\n#11 0x55f0f7d0c7f3 <unknown>\n#12 0x55f0f7cdcec9 <unknown>\n#13 0x55f0f7cdd91e <unknown>\n#14 0x55f0f7f909eb <unknown>\n#15 0x55f0f7f94972 <unknown>\n#16 0x55f0f7f7de15 <unknown>\n#17 0x55f0f7f95502 <unknown>\n#18 0x55f0f7f62d2f <unknown>\n#19 0x55f0f7fb9578 <unknown>\n#20 0x55f0f7fb9750 <unknown>\n#21 0x55f0f7fc948c <unknown>\n#22 0x7f17d1294ac3 <unknown>",
        "time" : {
          "start" : 1722653181060,
          "stop" : 1722653199362,
          "duration" : 18302
        }
      }, {
        "uid" : "e22113242bf93804",
        "reportUrl" : "https://Nat754.github.io/PulseWave/104//#testresult/e22113242bf93804",
        "status" : "broken",
        "statusDetails" : "selenium.common.exceptions.TimeoutException: Message: \nStacktrace:\n#0 0x5584514f8c5a <unknown>\n#1 0x5584511dbe2c <unknown>\n#2 0x558451228661 <unknown>\n#3 0x558451228751 <unknown>\n#4 0x55845126cf64 <unknown>\n#5 0x55845124b5ed <unknown>\n#6 0x55845126a303 <unknown>\n#7 0x55845124b363 <unknown>\n#8 0x55845121b247 <unknown>\n#9 0x55845121bb9e <unknown>\n#10 0x5584514bf22b <unknown>\n#11 0x5584514c32d1 <unknown>\n#12 0x5584514aaade <unknown>\n#13 0x5584514c3e32 <unknown>\n#14 0x55845148f77f <unknown>\n#15 0x5584514e8618 <unknown>\n#16 0x5584514e87f0 <unknown>\n#17 0x5584514f7d8c <unknown>\n#18 0x7fe462a94ac3 <unknown>",
        "time" : {
          "start" : 1722566881654,
          "stop" : 1722566902350,
          "duration" : 20696
        }
      }, {
        "uid" : "4d1658470d774aa",
        "reportUrl" : "https://Nat754.github.io/PulseWave/103//#testresult/4d1658470d774aa",
        "status" : "passed",
        "time" : {
          "start" : 1722480647180,
          "stop" : 1722480665150,
          "duration" : 17970
        }
      }, {
        "uid" : "622bb4559a4fc79c",
        "reportUrl" : "https://Nat754.github.io/PulseWave/102//#testresult/622bb4559a4fc79c",
        "status" : "broken",
        "statusDetails" : "selenium.common.exceptions.TimeoutException: Message: \nStacktrace:\n#0 0x55d95e68dc5a <unknown>\n#1 0x55d95e370e2c <unknown>\n#2 0x55d95e3bd661 <unknown>\n#3 0x55d95e3bd751 <unknown>\n#4 0x55d95e401f64 <unknown>\n#5 0x55d95e3e05ed <unknown>\n#6 0x55d95e3ff303 <unknown>\n#7 0x55d95e3e0363 <unknown>\n#8 0x55d95e3b0247 <unknown>\n#9 0x55d95e3b0b9e <unknown>\n#10 0x55d95e65422b <unknown>\n#11 0x55d95e6582d1 <unknown>\n#12 0x55d95e63fade <unknown>\n#13 0x55d95e658e32 <unknown>\n#14 0x55d95e62477f <unknown>\n#15 0x55d95e67d618 <unknown>\n#16 0x55d95e67d7f0 <unknown>\n#17 0x55d95e68cd8c <unknown>\n#18 0x7f37e9a94ac3 <unknown>",
        "time" : {
          "start" : 1722392608356,
          "stop" : 1722392629064,
          "duration" : 20708
        }
      }, {
        "uid" : "e578e96f7e2f2f1d",
        "reportUrl" : "https://Nat754.github.io/PulseWave/101//#testresult/e578e96f7e2f2f1d",
        "status" : "broken",
        "statusDetails" : "selenium.common.exceptions.TimeoutException: Message: \nStacktrace:\n#0 0x564c1a22dc5a <unknown>\n#1 0x564c19f10e2c <unknown>\n#2 0x564c19f5d661 <unknown>\n#3 0x564c19f5d751 <unknown>\n#4 0x564c19fa1f64 <unknown>\n#5 0x564c19f805ed <unknown>\n#6 0x564c19f9f303 <unknown>\n#7 0x564c19f80363 <unknown>\n#8 0x564c19f50247 <unknown>\n#9 0x564c19f50b9e <unknown>\n#10 0x564c1a1f422b <unknown>\n#11 0x564c1a1f82d1 <unknown>\n#12 0x564c1a1dfade <unknown>\n#13 0x564c1a1f8e32 <unknown>\n#14 0x564c1a1c477f <unknown>\n#15 0x564c1a21d618 <unknown>\n#16 0x564c1a21d7f0 <unknown>\n#17 0x564c1a22cd8c <unknown>\n#18 0x7fc0d5a94ac3 <unknown>",
        "time" : {
          "start" : 1722307573549,
          "stop" : 1722307594255,
          "duration" : 20706
        }
      }, {
        "uid" : "9d1bb9b3e18e26f3",
        "reportUrl" : "https://Nat754.github.io/PulseWave/100//#testresult/9d1bb9b3e18e26f3",
        "status" : "broken",
        "statusDetails" : "selenium.common.exceptions.TimeoutException: Message: \nStacktrace:\n#0 0x564753440c5a <unknown>\n#1 0x564753123e2c <unknown>\n#2 0x564753170661 <unknown>\n#3 0x564753170751 <unknown>\n#4 0x5647531b4f64 <unknown>\n#5 0x5647531935ed <unknown>\n#6 0x5647531b2303 <unknown>\n#7 0x564753193363 <unknown>\n#8 0x564753163247 <unknown>\n#9 0x564753163b9e <unknown>\n#10 0x56475340722b <unknown>\n#11 0x56475340b2d1 <unknown>\n#12 0x5647533f2ade <unknown>\n#13 0x56475340be32 <unknown>\n#14 0x5647533d777f <unknown>\n#15 0x564753430618 <unknown>\n#16 0x5647534307f0 <unknown>\n#17 0x56475343fd8c <unknown>\n#18 0x7fa35ea94ac3 <unknown>",
        "time" : {
          "start" : 1722221344621,
          "stop" : 1722221365310,
          "duration" : 20689
        }
      }, {
        "uid" : "34f6f6971e1561cc",
        "reportUrl" : "https://Nat754.github.io/PulseWave/99//#testresult/34f6f6971e1561cc",
        "status" : "passed",
        "time" : {
          "start" : 1722134744542,
          "stop" : 1722134766019,
          "duration" : 21477
        }
      }, {
        "uid" : "fa6cb85cef1038d5",
        "reportUrl" : "https://Nat754.github.io/PulseWave/98//#testresult/fa6cb85cef1038d5",
        "status" : "passed",
        "time" : {
          "start" : 1722047991453,
          "stop" : 1722048008867,
          "duration" : 17414
        }
      }, {
        "uid" : "510e383931045e0b",
        "reportUrl" : "https://Nat754.github.io/PulseWave/214//#testresult/510e383931045e0b",
        "status" : "passed",
        "time" : {
          "start" : 1722030023945,
          "stop" : 1722030041389,
          "duration" : 17444
        }
      }, {
        "uid" : "cc384666373ce27d",
        "reportUrl" : "https://Nat754.github.io/PulseWave/97//#testresult/cc384666373ce27d",
        "status" : "broken",
        "statusDetails" : "selenium.common.exceptions.TimeoutException: Message: \nStacktrace:\n#0 0x55e9d95aac5a <unknown>\n#1 0x55e9d928de2c <unknown>\n#2 0x55e9d92da661 <unknown>\n#3 0x55e9d92da751 <unknown>\n#4 0x55e9d931ef64 <unknown>\n#5 0x55e9d92fd5ed <unknown>\n#6 0x55e9d931c303 <unknown>\n#7 0x55e9d92fd363 <unknown>\n#8 0x55e9d92cd247 <unknown>\n#9 0x55e9d92cdb9e <unknown>\n#10 0x55e9d957122b <unknown>\n#11 0x55e9d95752d1 <unknown>\n#12 0x55e9d955cade <unknown>\n#13 0x55e9d9575e32 <unknown>\n#14 0x55e9d954177f <unknown>\n#15 0x55e9d959a618 <unknown>\n#16 0x55e9d959a7f0 <unknown>\n#17 0x55e9d95a9d8c <unknown>\n#18 0x7f9d49a94ac3 <unknown>",
        "time" : {
          "start" : 1722000071627,
          "stop" : 1722000092332,
          "duration" : 20705
        }
      }, {
        "uid" : "784c4677eb6e60e6",
        "reportUrl" : "https://Nat754.github.io/PulseWave/97//#testresult/784c4677eb6e60e6",
        "status" : "passed",
        "time" : {
          "start" : 1721961692883,
          "stop" : 1721961710325,
          "duration" : 17442
        }
      } ]
    },
    "tags" : [ "smoke" ]
  },
  "source" : "e5d73f936805cbec.json",
  "parameterValues" : [ "'chrome'" ]
}