{
  "uid" : "1a167b6bf7a41f57",
  "name" : "1.31- 1.34 Регистрация с корректным email и слабым паролем и подтверждением пароля",
  "fullName" : "tests.test_signup_page.test_signup_page.TestSignupPage#test_signup_with_weak_password",
  "historyId" : "c36a455ed59330d38d138746cbb4b54a",
  "time" : {
    "start" : 1708805885456,
    "stop" : 1708805885456,
    "duration" : 0
  },
  "status" : "broken",
  "statusMessage" : "selenium.common.exceptions.SessionNotCreatedException: Message: session not created: Chrome failed to start: exited normally.\n  (session not created: DevToolsActivePort file doesn't exist)\n  (The process started from chrome location /usr/bin/google-chrome is no longer running, so ChromeDriver is assuming that Chrome has crashed.)\nStacktrace:\n#0 0x55eb7e6e5303 <unknown>\n#1 0x55eb7e3ca2b7 <unknown>\n#2 0x55eb7e3feb40 <unknown>\n#3 0x55eb7e3fa6e5 <unknown>\n#4 0x55eb7e444abc <unknown>\n#5 0x55eb7e438123 <unknown>\n#6 0x55eb7e408095 <unknown>\n#7 0x55eb7e40909e <unknown>\n#8 0x55eb7e6a96ab <unknown>\n#9 0x55eb7e6ad4ba <unknown>\n#10 0x55eb7e695f85 <unknown>\n#11 0x55eb7e6ae12f <unknown>\n#12 0x55eb7e679e6f <unknown>\n#13 0x55eb7e6d25f8 <unknown>\n#14 0x55eb7e6d27c2 <unknown>\n#15 0x55eb7e6e44a4 <unknown>\n#16 0x7f7793494ac3 <unknown>",
  "statusTrace" : "browser = 'chrome'\n\n    @pytest.fixture(scope='function')\n    def driver(browser):\n        print(f'\\nstart {browser} browser...')\n        if browser == \"chrome\":\n            chrome_options = ChromeOptions()\n            # chrome_options.add_argument('--headless')\n            chrome_options.add_argument('--start-maximized')\n>           driver = webdriver.Chrome(options=chrome_options)\n\nconftest.py:18: \n_ _ _ _ _ _ _ _ _ _ _ _ _ _ _ _ _ _ _ _ _ _ _ _ _ _ _ _ _ _ _ _ _ _ _ _ _ _ _ _ \n/opt/hostedtoolcache/Python/3.12.2/x64/lib/python3.12/site-packages/selenium/webdriver/chrome/webdriver.py:45: in __init__\n    super().__init__(\n/opt/hostedtoolcache/Python/3.12.2/x64/lib/python3.12/site-packages/selenium/webdriver/chromium/webdriver.py:61: in __init__\n    super().__init__(command_executor=executor, options=options)\n/opt/hostedtoolcache/Python/3.12.2/x64/lib/python3.12/site-packages/selenium/webdriver/remote/webdriver.py:208: in __init__\n    self.start_session(capabilities)\n/opt/hostedtoolcache/Python/3.12.2/x64/lib/python3.12/site-packages/selenium/webdriver/remote/webdriver.py:292: in start_session\n    response = self.execute(Command.NEW_SESSION, caps)[\"value\"]\n/opt/hostedtoolcache/Python/3.12.2/x64/lib/python3.12/site-packages/selenium/webdriver/remote/webdriver.py:347: in execute\n    self.error_handler.check_response(response)\n_ _ _ _ _ _ _ _ _ _ _ _ _ _ _ _ _ _ _ _ _ _ _ _ _ _ _ _ _ _ _ _ _ _ _ _ _ _ _ _ \n\nself = <selenium.webdriver.remote.errorhandler.ErrorHandler object at 0x7f13ac376d50>\nresponse = {'status': 500, 'value': '{\"value\":{\"error\":\"session not created\",\"message\":\"session not created: Chrome failed to sta...\\\\n#14 0x55eb7e6d27c2 \\\\u003Cunknown>\\\\n#15 0x55eb7e6e44a4 \\\\u003Cunknown>\\\\n#16 0x7f7793494ac3 \\\\u003Cunknown>\\\\n\"}}'}\n\n    def check_response(self, response: Dict[str, Any]) -> None:\n        \"\"\"Checks that a JSON response from the WebDriver does not have an\n        error.\n    \n        :Args:\n         - response - The JSON response from the WebDriver server as a dictionary\n           object.\n    \n        :Raises: If the response contains an error message.\n        \"\"\"\n        status = response.get(\"status\", None)\n        if not status or status == ErrorCode.SUCCESS:\n            return\n        value = None\n        message = response.get(\"message\", \"\")\n        screen: str = response.get(\"screen\", \"\")\n        stacktrace = None\n        if isinstance(status, int):\n            value_json = response.get(\"value\", None)\n            if value_json and isinstance(value_json, str):\n                import json\n    \n                try:\n                    value = json.loads(value_json)\n                    if len(value) == 1:\n                        value = value[\"value\"]\n                    status = value.get(\"error\", None)\n                    if not status:\n                        status = value.get(\"status\", ErrorCode.UNKNOWN_ERROR)\n                        message = value.get(\"value\") or value.get(\"message\")\n                        if not isinstance(message, str):\n                            value = message\n                            message = message.get(\"message\")\n                    else:\n                        message = value.get(\"message\", None)\n                except ValueError:\n                    pass\n    \n        exception_class: Type[WebDriverException]\n        e = ErrorCode()\n        error_codes = [item for item in dir(e) if not item.startswith(\"__\")]\n        for error_code in error_codes:\n            error_info = getattr(ErrorCode, error_code)\n            if isinstance(error_info, list) and status in error_info:\n                exception_class = getattr(ExceptionMapping, error_code, WebDriverException)\n                break\n        else:\n            exception_class = WebDriverException\n    \n        if not value:\n            value = response[\"value\"]\n        if isinstance(value, str):\n            raise exception_class(value)\n        if message == \"\" and \"message\" in value:\n            message = value[\"message\"]\n    \n        screen = None  # type: ignore[assignment]\n        if \"screen\" in value:\n            screen = value[\"screen\"]\n    \n        stacktrace = None\n        st_value = value.get(\"stackTrace\") or value.get(\"stacktrace\")\n        if st_value:\n            if isinstance(st_value, str):\n                stacktrace = st_value.split(\"\\n\")\n            else:\n                stacktrace = []\n                try:\n                    for frame in st_value:\n                        line = frame.get(\"lineNumber\", \"\")\n                        file = frame.get(\"fileName\", \"<anonymous>\")\n                        if line:\n                            file = f\"{file}:{line}\"\n                        meth = frame.get(\"methodName\", \"<anonymous>\")\n                        if \"className\" in frame:\n                            meth = f\"{frame['className']}.{meth}\"\n                        msg = \"    at %s (%s)\"\n                        msg = msg % (meth, file)\n                        stacktrace.append(msg)\n                except TypeError:\n                    pass\n        if exception_class == UnexpectedAlertPresentException:\n            alert_text = None\n            if \"data\" in value:\n                alert_text = value[\"data\"].get(\"text\")\n            elif \"alert\" in value:\n                alert_text = value[\"alert\"].get(\"text\")\n            raise exception_class(message, screen, stacktrace, alert_text)  # type: ignore[call-arg]  # mypy is not smart enough here\n>       raise exception_class(message, screen, stacktrace)\nE       selenium.common.exceptions.SessionNotCreatedException: Message: session not created: Chrome failed to start: exited normally.\nE         (session not created: DevToolsActivePort file doesn't exist)\nE         (The process started from chrome location /usr/bin/google-chrome is no longer running, so ChromeDriver is assuming that Chrome has crashed.)\nE       Stacktrace:\nE       #0 0x55eb7e6e5303 <unknown>\nE       #1 0x55eb7e3ca2b7 <unknown>\nE       #2 0x55eb7e3feb40 <unknown>\nE       #3 0x55eb7e3fa6e5 <unknown>\nE       #4 0x55eb7e444abc <unknown>\nE       #5 0x55eb7e438123 <unknown>\nE       #6 0x55eb7e408095 <unknown>\nE       #7 0x55eb7e40909e <unknown>\nE       #8 0x55eb7e6a96ab <unknown>\nE       #9 0x55eb7e6ad4ba <unknown>\nE       #10 0x55eb7e695f85 <unknown>\nE       #11 0x55eb7e6ae12f <unknown>\nE       #12 0x55eb7e679e6f <unknown>\nE       #13 0x55eb7e6d25f8 <unknown>\nE       #14 0x55eb7e6d27c2 <unknown>\nE       #15 0x55eb7e6e44a4 <unknown>\nE       #16 0x7f7793494ac3 <unknown>\n\n/opt/hostedtoolcache/Python/3.12.2/x64/lib/python3.12/site-packages/selenium/webdriver/remote/errorhandler.py:229: SessionNotCreatedException",
  "flaky" : false,
  "newFailed" : false,
  "beforeStages" : [ {
    "name" : "driver",
    "time" : {
      "start" : 1708805885456,
      "stop" : 1708805885628,
      "duration" : 172
    },
    "status" : "broken",
    "statusMessage" : "selenium.common.exceptions.SessionNotCreatedException: Message: session not created: Chrome failed to start: exited normally.\n  (session not created: DevToolsActivePort file doesn't exist)\n  (The process started from chrome location /usr/bin/google-chrome is no longer running, so ChromeDriver is assuming that Chrome has crashed.)\nStacktrace:\n#0 0x55eb7e6e5303 <unknown>\n#1 0x55eb7e3ca2b7 <unknown>\n#2 0x55eb7e3feb40 <unknown>\n#3 0x55eb7e3fa6e5 <unknown>\n#4 0x55eb7e444abc <unknown>\n#5 0x55eb7e438123 <unknown>\n#6 0x55eb7e408095 <unknown>\n#7 0x55eb7e40909e <unknown>\n#8 0x55eb7e6a96ab <unknown>\n#9 0x55eb7e6ad4ba <unknown>\n#10 0x55eb7e695f85 <unknown>\n#11 0x55eb7e6ae12f <unknown>\n#12 0x55eb7e679e6f <unknown>\n#13 0x55eb7e6d25f8 <unknown>\n#14 0x55eb7e6d27c2 <unknown>\n#15 0x55eb7e6e44a4 <unknown>\n#16 0x7f7793494ac3 <unknown>\n\n",
    "statusTrace" : "  File \"/opt/hostedtoolcache/Python/3.12.2/x64/lib/python3.12/site-packages/pluggy/_callers.py\", line 166, in _multicall\n    teardown.throw(outcome._exception)\n  File \"/opt/hostedtoolcache/Python/3.12.2/x64/lib/python3.12/site-packages/_pytest/setuponly.py\", line 36, in pytest_fixture_setup\n    return (yield)\n            ^^^^^\n  File \"/opt/hostedtoolcache/Python/3.12.2/x64/lib/python3.12/site-packages/pluggy/_callers.py\", line 102, in _multicall\n    res = hook_impl.function(*args)\n          ^^^^^^^^^^^^^^^^^^^^^^^^^\n  File \"/opt/hostedtoolcache/Python/3.12.2/x64/lib/python3.12/site-packages/_pytest/fixtures.py\", line 1149, in pytest_fixture_setup\n    result = call_fixture_func(fixturefunc, request, kwargs)\n             ^^^^^^^^^^^^^^^^^^^^^^^^^^^^^^^^^^^^^^^^^^^^^^^\n  File \"/opt/hostedtoolcache/Python/3.12.2/x64/lib/python3.12/site-packages/_pytest/fixtures.py\", line 916, in call_fixture_func\n    fixture_result = next(generator)\n                     ^^^^^^^^^^^^^^^\n  File \"/home/runner/work/PulseWave/PulseWave/conftest.py\", line 18, in driver\n    driver = webdriver.Chrome(options=chrome_options)\n             ^^^^^^^^^^^^^^^^^^^^^^^^^^^^^^^^^^^^^^^^\n  File \"/opt/hostedtoolcache/Python/3.12.2/x64/lib/python3.12/site-packages/selenium/webdriver/chrome/webdriver.py\", line 45, in __init__\n    super().__init__(\n  File \"/opt/hostedtoolcache/Python/3.12.2/x64/lib/python3.12/site-packages/selenium/webdriver/chromium/webdriver.py\", line 61, in __init__\n    super().__init__(command_executor=executor, options=options)\n  File \"/opt/hostedtoolcache/Python/3.12.2/x64/lib/python3.12/site-packages/selenium/webdriver/remote/webdriver.py\", line 208, in __init__\n    self.start_session(capabilities)\n  File \"/opt/hostedtoolcache/Python/3.12.2/x64/lib/python3.12/site-packages/selenium/webdriver/remote/webdriver.py\", line 292, in start_session\n    response = self.execute(Command.NEW_SESSION, caps)[\"value\"]\n               ^^^^^^^^^^^^^^^^^^^^^^^^^^^^^^^^^^^^^^^\n  File \"/opt/hostedtoolcache/Python/3.12.2/x64/lib/python3.12/site-packages/selenium/webdriver/remote/webdriver.py\", line 347, in execute\n    self.error_handler.check_response(response)\n  File \"/opt/hostedtoolcache/Python/3.12.2/x64/lib/python3.12/site-packages/selenium/webdriver/remote/errorhandler.py\", line 229, in check_response\n    raise exception_class(message, screen, stacktrace)\n",
    "steps" : [ ],
    "attachments" : [ ],
    "parameters" : [ ],
    "stepsCount" : 0,
    "attachmentsCount" : 0,
    "shouldDisplayMessage" : true,
    "hasContent" : true
  }, {
    "name" : "_session_faker",
    "time" : {
      "start" : 1708805607601,
      "stop" : 1708805607618,
      "duration" : 17
    },
    "status" : "passed",
    "steps" : [ ],
    "attachments" : [ ],
    "parameters" : [ ],
    "stepsCount" : 0,
    "attachmentsCount" : 0,
    "shouldDisplayMessage" : false,
    "hasContent" : false
  }, {
    "name" : "clear_allure_results_folder",
    "time" : {
      "start" : 1708805607619,
      "stop" : 1708805607619,
      "duration" : 0
    },
    "status" : "passed",
    "steps" : [ ],
    "attachments" : [ ],
    "parameters" : [ ],
    "stepsCount" : 0,
    "attachmentsCount" : 0,
    "shouldDisplayMessage" : false,
    "hasContent" : false
  } ],
  "afterStages" : [ ],
  "labels" : [ {
    "name" : "epic",
    "value" : "Тестирование страницы 'Регистрация'"
  }, {
    "name" : "tag",
    "value" : "smoke"
  }, {
    "name" : "parentSuite",
    "value" : "tests.test_signup_page"
  }, {
    "name" : "suite",
    "value" : "test_signup_page"
  }, {
    "name" : "subSuite",
    "value" : "TestSignupPage"
  }, {
    "name" : "host",
    "value" : "fv-az885-50"
  }, {
    "name" : "thread",
    "value" : "2222-MainThread"
  }, {
    "name" : "framework",
    "value" : "pytest"
  }, {
    "name" : "language",
    "value" : "cpython3"
  }, {
    "name" : "package",
    "value" : "tests.test_signup_page.test_signup_page"
  }, {
    "name" : "resultFormat",
    "value" : "allure2"
  } ],
  "parameters" : [ {
    "name" : "browser",
    "value" : "'chrome'"
  }, {
    "name" : "data_password",
    "value" : "'!1PASSWORD'"
  } ],
  "links" : [ ],
  "hidden" : false,
  "retry" : false,
  "extra" : {
    "severity" : "normal",
    "retries" : [ ],
    "categories" : [ {
      "name" : "Test defects",
      "matchedStatuses" : [ ],
      "flaky" : false
    } ],
    "history" : {
      "statistic" : {
        "failed" : 0,
        "broken" : 1,
        "skipped" : 0,
        "passed" : 18,
        "unknown" : 0,
        "total" : 19
      },
      "items" : [ {
        "uid" : "5001d140ea8f5fbf",
        "reportUrl" : "https://Nat754.github.io/PulseWave/173//#testresult/5001d140ea8f5fbf",
        "status" : "passed",
        "time" : {
          "start" : 1708548360217,
          "stop" : 1708548360543,
          "duration" : 326
        }
      }, {
        "uid" : "6040575aa33745f5",
        "reportUrl" : "https://Nat754.github.io/PulseWave/172//#testresult/6040575aa33745f5",
        "status" : "passed",
        "time" : {
          "start" : 1707851786643,
          "stop" : 1707851786922,
          "duration" : 279
        }
      }, {
        "uid" : "33cd55127c18e5b5",
        "reportUrl" : "https://Nat754.github.io/PulseWave/171//#testresult/33cd55127c18e5b5",
        "status" : "passed",
        "time" : {
          "start" : 1707495158837,
          "stop" : 1707495159107,
          "duration" : 270
        }
      }, {
        "uid" : "6fd0ed7f6ae6db9b",
        "reportUrl" : "https://Nat754.github.io/PulseWave/171//#testresult/6fd0ed7f6ae6db9b",
        "status" : "passed",
        "time" : {
          "start" : 1707480236459,
          "stop" : 1707480236730,
          "duration" : 271
        }
      }, {
        "uid" : "f0134d3a00daf45c",
        "reportUrl" : "https://Nat754.github.io/PulseWave/170//#testresult/f0134d3a00daf45c",
        "status" : "passed",
        "time" : {
          "start" : 1707255580907,
          "stop" : 1707255581176,
          "duration" : 269
        }
      }, {
        "uid" : "c7415f0de39f330",
        "reportUrl" : "https://Nat754.github.io/PulseWave/169//#testresult/c7415f0de39f330",
        "status" : "passed",
        "time" : {
          "start" : 1707252847678,
          "stop" : 1707252847968,
          "duration" : 290
        }
      }, {
        "uid" : "f51cc59fd23fdb27",
        "reportUrl" : "https://Nat754.github.io/PulseWave/169//#testresult/f51cc59fd23fdb27",
        "status" : "passed",
        "time" : {
          "start" : 1707245749100,
          "stop" : 1707245749371,
          "duration" : 271
        }
      }, {
        "uid" : "c500959f1e53579c",
        "reportUrl" : "https://Nat754.github.io/PulseWave/169//#testresult/c500959f1e53579c",
        "status" : "passed",
        "time" : {
          "start" : 1707244592972,
          "stop" : 1707244593260,
          "duration" : 288
        }
      }, {
        "uid" : "1415e098ee5007b6",
        "reportUrl" : "https://Nat754.github.io/PulseWave/168//#testresult/1415e098ee5007b6",
        "status" : "passed",
        "time" : {
          "start" : 1707241599063,
          "stop" : 1707241599330,
          "duration" : 267
        }
      }, {
        "uid" : "76b525f9d16d9e7",
        "reportUrl" : "https://Nat754.github.io/PulseWave/167//#testresult/76b525f9d16d9e7",
        "status" : "passed",
        "time" : {
          "start" : 1707240148251,
          "stop" : 1707240148524,
          "duration" : 273
        }
      }, {
        "uid" : "59f21d48a2f864ad",
        "reportUrl" : "https://Nat754.github.io/PulseWave/166//#testresult/59f21d48a2f864ad",
        "status" : "passed",
        "time" : {
          "start" : 1707236327888,
          "stop" : 1707236328162,
          "duration" : 274
        }
      }, {
        "uid" : "68eb97013aed4de5",
        "reportUrl" : "https://Nat754.github.io/PulseWave/166//#testresult/68eb97013aed4de5",
        "status" : "passed",
        "time" : {
          "start" : 1707220527826,
          "stop" : 1707220528087,
          "duration" : 261
        }
      }, {
        "uid" : "8d564eef53ee5ae4",
        "reportUrl" : "https://Nat754.github.io/PulseWave/166//#testresult/8d564eef53ee5ae4",
        "status" : "passed",
        "time" : {
          "start" : 1707218785824,
          "stop" : 1707218786096,
          "duration" : 272
        }
      }, {
        "uid" : "9990249df866e475",
        "reportUrl" : "https://Nat754.github.io/PulseWave/166//#testresult/9990249df866e475",
        "status" : "passed",
        "time" : {
          "start" : 1707217958481,
          "stop" : 1707217958747,
          "duration" : 266
        }
      }, {
        "uid" : "8d775ebe1e08cf3f",
        "reportUrl" : "https://Nat754.github.io/PulseWave/165//#testresult/8d775ebe1e08cf3f",
        "status" : "passed",
        "time" : {
          "start" : 1707216916838,
          "stop" : 1707216917103,
          "duration" : 265
        }
      }, {
        "uid" : "e9289463e6bb1479",
        "reportUrl" : "https://Nat754.github.io/PulseWave/164//#testresult/e9289463e6bb1479",
        "status" : "passed",
        "time" : {
          "start" : 1707215382980,
          "stop" : 1707215383256,
          "duration" : 276
        }
      }, {
        "uid" : "2aee8fa2093087cb",
        "reportUrl" : "https://Nat754.github.io/PulseWave/164//#testresult/2aee8fa2093087cb",
        "status" : "passed",
        "time" : {
          "start" : 1707211986873,
          "stop" : 1707211987175,
          "duration" : 302
        }
      }, {
        "uid" : "1f7f5526545417f1",
        "reportUrl" : "https://Nat754.github.io/PulseWave/163//#testresult/1f7f5526545417f1",
        "status" : "passed",
        "time" : {
          "start" : 1707078773830,
          "stop" : 1707078774096,
          "duration" : 266
        }
      } ]
    },
    "tags" : [ "smoke" ]
  },
  "source" : "1a167b6bf7a41f57.json",
  "parameterValues" : [ "'chrome'", "'!1PASSWORD'" ]
}