{
  "uid" : "1aa3c839702773a",
  "name" : "3.2, 3.2.1 Восстановить пароль на корректный емайл",
  "fullName" : "tests.test_password_recovery.test_password_recovery.TestPasswordRecoveryPage#test_recovery_password_to_fill_correct_email",
  "historyId" : "3fbb91d2b204c3d1abb80d32ac377e08",
  "time" : {
    "start" : 1708805880538,
    "stop" : 1708805880538,
    "duration" : 0
  },
  "status" : "broken",
  "statusMessage" : "selenium.common.exceptions.SessionNotCreatedException: Message: session not created: Chrome failed to start: exited normally.\n  (session not created: DevToolsActivePort file doesn't exist)\n  (The process started from chrome location /usr/bin/google-chrome is no longer running, so ChromeDriver is assuming that Chrome has crashed.)\nStacktrace:\n#0 0x55646d673303 <unknown>\n#1 0x55646d3582b7 <unknown>\n#2 0x55646d38cb40 <unknown>\n#3 0x55646d3886e5 <unknown>\n#4 0x55646d3d2abc <unknown>\n#5 0x55646d3c6123 <unknown>\n#6 0x55646d396095 <unknown>\n#7 0x55646d39709e <unknown>\n#8 0x55646d6376ab <unknown>\n#9 0x55646d63b4ba <unknown>\n#10 0x55646d623f85 <unknown>\n#11 0x55646d63c12f <unknown>\n#12 0x55646d607e6f <unknown>\n#13 0x55646d6605f8 <unknown>\n#14 0x55646d6607c2 <unknown>\n#15 0x55646d6724a4 <unknown>\n#16 0x7fd9f2694ac3 <unknown>",
  "statusTrace" : "browser = 'chrome'\n\n    @pytest.fixture(scope='function')\n    def driver(browser):\n        print(f'\\nstart {browser} browser...')\n        if browser == \"chrome\":\n            chrome_options = ChromeOptions()\n            # chrome_options.add_argument('--headless')\n            chrome_options.add_argument('--start-maximized')\n>           driver = webdriver.Chrome(options=chrome_options)\n\nconftest.py:18: \n_ _ _ _ _ _ _ _ _ _ _ _ _ _ _ _ _ _ _ _ _ _ _ _ _ _ _ _ _ _ _ _ _ _ _ _ _ _ _ _ \n/opt/hostedtoolcache/Python/3.12.2/x64/lib/python3.12/site-packages/selenium/webdriver/chrome/webdriver.py:45: in __init__\n    super().__init__(\n/opt/hostedtoolcache/Python/3.12.2/x64/lib/python3.12/site-packages/selenium/webdriver/chromium/webdriver.py:61: in __init__\n    super().__init__(command_executor=executor, options=options)\n/opt/hostedtoolcache/Python/3.12.2/x64/lib/python3.12/site-packages/selenium/webdriver/remote/webdriver.py:208: in __init__\n    self.start_session(capabilities)\n/opt/hostedtoolcache/Python/3.12.2/x64/lib/python3.12/site-packages/selenium/webdriver/remote/webdriver.py:292: in start_session\n    response = self.execute(Command.NEW_SESSION, caps)[\"value\"]\n/opt/hostedtoolcache/Python/3.12.2/x64/lib/python3.12/site-packages/selenium/webdriver/remote/webdriver.py:347: in execute\n    self.error_handler.check_response(response)\n_ _ _ _ _ _ _ _ _ _ _ _ _ _ _ _ _ _ _ _ _ _ _ _ _ _ _ _ _ _ _ _ _ _ _ _ _ _ _ _ \n\nself = <selenium.webdriver.remote.errorhandler.ErrorHandler object at 0x7f13ac368290>\nresponse = {'status': 500, 'value': '{\"value\":{\"error\":\"session not created\",\"message\":\"session not created: Chrome failed to sta...\\\\n#14 0x55646d6607c2 \\\\u003Cunknown>\\\\n#15 0x55646d6724a4 \\\\u003Cunknown>\\\\n#16 0x7fd9f2694ac3 \\\\u003Cunknown>\\\\n\"}}'}\n\n    def check_response(self, response: Dict[str, Any]) -> None:\n        \"\"\"Checks that a JSON response from the WebDriver does not have an\n        error.\n    \n        :Args:\n         - response - The JSON response from the WebDriver server as a dictionary\n           object.\n    \n        :Raises: If the response contains an error message.\n        \"\"\"\n        status = response.get(\"status\", None)\n        if not status or status == ErrorCode.SUCCESS:\n            return\n        value = None\n        message = response.get(\"message\", \"\")\n        screen: str = response.get(\"screen\", \"\")\n        stacktrace = None\n        if isinstance(status, int):\n            value_json = response.get(\"value\", None)\n            if value_json and isinstance(value_json, str):\n                import json\n    \n                try:\n                    value = json.loads(value_json)\n                    if len(value) == 1:\n                        value = value[\"value\"]\n                    status = value.get(\"error\", None)\n                    if not status:\n                        status = value.get(\"status\", ErrorCode.UNKNOWN_ERROR)\n                        message = value.get(\"value\") or value.get(\"message\")\n                        if not isinstance(message, str):\n                            value = message\n                            message = message.get(\"message\")\n                    else:\n                        message = value.get(\"message\", None)\n                except ValueError:\n                    pass\n    \n        exception_class: Type[WebDriverException]\n        e = ErrorCode()\n        error_codes = [item for item in dir(e) if not item.startswith(\"__\")]\n        for error_code in error_codes:\n            error_info = getattr(ErrorCode, error_code)\n            if isinstance(error_info, list) and status in error_info:\n                exception_class = getattr(ExceptionMapping, error_code, WebDriverException)\n                break\n        else:\n            exception_class = WebDriverException\n    \n        if not value:\n            value = response[\"value\"]\n        if isinstance(value, str):\n            raise exception_class(value)\n        if message == \"\" and \"message\" in value:\n            message = value[\"message\"]\n    \n        screen = None  # type: ignore[assignment]\n        if \"screen\" in value:\n            screen = value[\"screen\"]\n    \n        stacktrace = None\n        st_value = value.get(\"stackTrace\") or value.get(\"stacktrace\")\n        if st_value:\n            if isinstance(st_value, str):\n                stacktrace = st_value.split(\"\\n\")\n            else:\n                stacktrace = []\n                try:\n                    for frame in st_value:\n                        line = frame.get(\"lineNumber\", \"\")\n                        file = frame.get(\"fileName\", \"<anonymous>\")\n                        if line:\n                            file = f\"{file}:{line}\"\n                        meth = frame.get(\"methodName\", \"<anonymous>\")\n                        if \"className\" in frame:\n                            meth = f\"{frame['className']}.{meth}\"\n                        msg = \"    at %s (%s)\"\n                        msg = msg % (meth, file)\n                        stacktrace.append(msg)\n                except TypeError:\n                    pass\n        if exception_class == UnexpectedAlertPresentException:\n            alert_text = None\n            if \"data\" in value:\n                alert_text = value[\"data\"].get(\"text\")\n            elif \"alert\" in value:\n                alert_text = value[\"alert\"].get(\"text\")\n            raise exception_class(message, screen, stacktrace, alert_text)  # type: ignore[call-arg]  # mypy is not smart enough here\n>       raise exception_class(message, screen, stacktrace)\nE       selenium.common.exceptions.SessionNotCreatedException: Message: session not created: Chrome failed to start: exited normally.\nE         (session not created: DevToolsActivePort file doesn't exist)\nE         (The process started from chrome location /usr/bin/google-chrome is no longer running, so ChromeDriver is assuming that Chrome has crashed.)\nE       Stacktrace:\nE       #0 0x55646d673303 <unknown>\nE       #1 0x55646d3582b7 <unknown>\nE       #2 0x55646d38cb40 <unknown>\nE       #3 0x55646d3886e5 <unknown>\nE       #4 0x55646d3d2abc <unknown>\nE       #5 0x55646d3c6123 <unknown>\nE       #6 0x55646d396095 <unknown>\nE       #7 0x55646d39709e <unknown>\nE       #8 0x55646d6376ab <unknown>\nE       #9 0x55646d63b4ba <unknown>\nE       #10 0x55646d623f85 <unknown>\nE       #11 0x55646d63c12f <unknown>\nE       #12 0x55646d607e6f <unknown>\nE       #13 0x55646d6605f8 <unknown>\nE       #14 0x55646d6607c2 <unknown>\nE       #15 0x55646d6724a4 <unknown>\nE       #16 0x7fd9f2694ac3 <unknown>\n\n/opt/hostedtoolcache/Python/3.12.2/x64/lib/python3.12/site-packages/selenium/webdriver/remote/errorhandler.py:229: SessionNotCreatedException",
  "flaky" : false,
  "newFailed" : false,
  "beforeStages" : [ {
    "name" : "_session_faker",
    "time" : {
      "start" : 1708805607601,
      "stop" : 1708805607618,
      "duration" : 17
    },
    "status" : "passed",
    "steps" : [ ],
    "attachments" : [ ],
    "parameters" : [ ],
    "stepsCount" : 0,
    "attachmentsCount" : 0,
    "shouldDisplayMessage" : false,
    "hasContent" : false
  }, {
    "name" : "clear_allure_results_folder",
    "time" : {
      "start" : 1708805607619,
      "stop" : 1708805607619,
      "duration" : 0
    },
    "status" : "passed",
    "steps" : [ ],
    "attachments" : [ ],
    "parameters" : [ ],
    "stepsCount" : 0,
    "attachmentsCount" : 0,
    "shouldDisplayMessage" : false,
    "hasContent" : false
  }, {
    "name" : "driver",
    "time" : {
      "start" : 1708805880538,
      "stop" : 1708805880710,
      "duration" : 172
    },
    "status" : "broken",
    "statusMessage" : "selenium.common.exceptions.SessionNotCreatedException: Message: session not created: Chrome failed to start: exited normally.\n  (session not created: DevToolsActivePort file doesn't exist)\n  (The process started from chrome location /usr/bin/google-chrome is no longer running, so ChromeDriver is assuming that Chrome has crashed.)\nStacktrace:\n#0 0x55646d673303 <unknown>\n#1 0x55646d3582b7 <unknown>\n#2 0x55646d38cb40 <unknown>\n#3 0x55646d3886e5 <unknown>\n#4 0x55646d3d2abc <unknown>\n#5 0x55646d3c6123 <unknown>\n#6 0x55646d396095 <unknown>\n#7 0x55646d39709e <unknown>\n#8 0x55646d6376ab <unknown>\n#9 0x55646d63b4ba <unknown>\n#10 0x55646d623f85 <unknown>\n#11 0x55646d63c12f <unknown>\n#12 0x55646d607e6f <unknown>\n#13 0x55646d6605f8 <unknown>\n#14 0x55646d6607c2 <unknown>\n#15 0x55646d6724a4 <unknown>\n#16 0x7fd9f2694ac3 <unknown>\n\n",
    "statusTrace" : "  File \"/opt/hostedtoolcache/Python/3.12.2/x64/lib/python3.12/site-packages/pluggy/_callers.py\", line 166, in _multicall\n    teardown.throw(outcome._exception)\n  File \"/opt/hostedtoolcache/Python/3.12.2/x64/lib/python3.12/site-packages/_pytest/setuponly.py\", line 36, in pytest_fixture_setup\n    return (yield)\n            ^^^^^\n  File \"/opt/hostedtoolcache/Python/3.12.2/x64/lib/python3.12/site-packages/pluggy/_callers.py\", line 102, in _multicall\n    res = hook_impl.function(*args)\n          ^^^^^^^^^^^^^^^^^^^^^^^^^\n  File \"/opt/hostedtoolcache/Python/3.12.2/x64/lib/python3.12/site-packages/_pytest/fixtures.py\", line 1149, in pytest_fixture_setup\n    result = call_fixture_func(fixturefunc, request, kwargs)\n             ^^^^^^^^^^^^^^^^^^^^^^^^^^^^^^^^^^^^^^^^^^^^^^^\n  File \"/opt/hostedtoolcache/Python/3.12.2/x64/lib/python3.12/site-packages/_pytest/fixtures.py\", line 916, in call_fixture_func\n    fixture_result = next(generator)\n                     ^^^^^^^^^^^^^^^\n  File \"/home/runner/work/PulseWave/PulseWave/conftest.py\", line 18, in driver\n    driver = webdriver.Chrome(options=chrome_options)\n             ^^^^^^^^^^^^^^^^^^^^^^^^^^^^^^^^^^^^^^^^\n  File \"/opt/hostedtoolcache/Python/3.12.2/x64/lib/python3.12/site-packages/selenium/webdriver/chrome/webdriver.py\", line 45, in __init__\n    super().__init__(\n  File \"/opt/hostedtoolcache/Python/3.12.2/x64/lib/python3.12/site-packages/selenium/webdriver/chromium/webdriver.py\", line 61, in __init__\n    super().__init__(command_executor=executor, options=options)\n  File \"/opt/hostedtoolcache/Python/3.12.2/x64/lib/python3.12/site-packages/selenium/webdriver/remote/webdriver.py\", line 208, in __init__\n    self.start_session(capabilities)\n  File \"/opt/hostedtoolcache/Python/3.12.2/x64/lib/python3.12/site-packages/selenium/webdriver/remote/webdriver.py\", line 292, in start_session\n    response = self.execute(Command.NEW_SESSION, caps)[\"value\"]\n               ^^^^^^^^^^^^^^^^^^^^^^^^^^^^^^^^^^^^^^^\n  File \"/opt/hostedtoolcache/Python/3.12.2/x64/lib/python3.12/site-packages/selenium/webdriver/remote/webdriver.py\", line 347, in execute\n    self.error_handler.check_response(response)\n  File \"/opt/hostedtoolcache/Python/3.12.2/x64/lib/python3.12/site-packages/selenium/webdriver/remote/errorhandler.py\", line 229, in check_response\n    raise exception_class(message, screen, stacktrace)\n",
    "steps" : [ ],
    "attachments" : [ ],
    "parameters" : [ ],
    "stepsCount" : 0,
    "attachmentsCount" : 0,
    "shouldDisplayMessage" : true,
    "hasContent" : true
  } ],
  "afterStages" : [ ],
  "labels" : [ {
    "name" : "epic",
    "value" : "Тестирование страницы 'Восстановление пароля'"
  }, {
    "name" : "tag",
    "value" : "regress"
  }, {
    "name" : "parentSuite",
    "value" : "tests.test_password_recovery"
  }, {
    "name" : "suite",
    "value" : "test_password_recovery"
  }, {
    "name" : "subSuite",
    "value" : "TestPasswordRecoveryPage"
  }, {
    "name" : "host",
    "value" : "fv-az885-50"
  }, {
    "name" : "thread",
    "value" : "2222-MainThread"
  }, {
    "name" : "framework",
    "value" : "pytest"
  }, {
    "name" : "language",
    "value" : "cpython3"
  }, {
    "name" : "package",
    "value" : "tests.test_password_recovery.test_password_recovery"
  }, {
    "name" : "resultFormat",
    "value" : "allure2"
  } ],
  "parameters" : [ {
    "name" : "browser",
    "value" : "'chrome'"
  } ],
  "links" : [ ],
  "hidden" : false,
  "retry" : false,
  "extra" : {
    "severity" : "normal",
    "retries" : [ ],
    "categories" : [ {
      "name" : "Test defects",
      "matchedStatuses" : [ ],
      "flaky" : false
    } ],
    "history" : {
      "statistic" : {
        "failed" : 0,
        "broken" : 2,
        "skipped" : 0,
        "passed" : 7,
        "unknown" : 0,
        "total" : 9
      },
      "items" : [ {
        "uid" : "35dbc27c3f9ff45b",
        "reportUrl" : "https://Nat754.github.io/PulseWave/173//#testresult/35dbc27c3f9ff45b",
        "status" : "passed",
        "time" : {
          "start" : 1708548250180,
          "stop" : 1708548264651,
          "duration" : 14471
        }
      }, {
        "uid" : "40c22d0bd4de1bde",
        "reportUrl" : "https://Nat754.github.io/PulseWave/172//#testresult/40c22d0bd4de1bde",
        "status" : "passed",
        "time" : {
          "start" : 1707851644822,
          "stop" : 1707851661319,
          "duration" : 16497
        }
      }, {
        "uid" : "b5c3aa1103a0e003",
        "reportUrl" : "https://Nat754.github.io/PulseWave/171//#testresult/b5c3aa1103a0e003",
        "status" : "passed",
        "time" : {
          "start" : 1707495045090,
          "stop" : 1707495061025,
          "duration" : 15935
        }
      }, {
        "uid" : "481dc86f9a4c899b",
        "reportUrl" : "https://Nat754.github.io/PulseWave/171//#testresult/481dc86f9a4c899b",
        "status" : "passed",
        "time" : {
          "start" : 1707480122227,
          "stop" : 1707480137976,
          "duration" : 15749
        }
      }, {
        "uid" : "e2cdb3bbd12d8e49",
        "reportUrl" : "https://Nat754.github.io/PulseWave/170//#testresult/e2cdb3bbd12d8e49",
        "status" : "passed",
        "time" : {
          "start" : 1707255467446,
          "stop" : 1707255483433,
          "duration" : 15987
        }
      }, {
        "uid" : "d1a8f210c9622a14",
        "reportUrl" : "https://Nat754.github.io/PulseWave/169//#testresult/d1a8f210c9622a14",
        "status" : "passed",
        "time" : {
          "start" : 1707252742444,
          "stop" : 1707252756673,
          "duration" : 14229
        }
      }, {
        "uid" : "bbef73c45aaebd0b",
        "reportUrl" : "https://Nat754.github.io/PulseWave/169//#testresult/bbef73c45aaebd0b",
        "status" : "broken",
        "statusDetails" : "TimeoutError: [Errno 110] Connection timed out",
        "time" : {
          "start" : 1707245511878,
          "stop" : 1707245653437,
          "duration" : 141559
        }
      }, {
        "uid" : "40d345a133d5b417",
        "reportUrl" : "https://Nat754.github.io/PulseWave/169//#testresult/40d345a133d5b417",
        "status" : "passed",
        "time" : {
          "start" : 1707244471859,
          "stop" : 1707244487616,
          "duration" : 15757
        }
      } ]
    },
    "tags" : [ "regress" ]
  },
  "source" : "1aa3c839702773a.json",
  "parameterValues" : [ "'chrome'" ]
}