{
  "uid" : "1f74d0f238e7d580",
  "name" : "test_get_css_property_header_auth_login[font-family-Mulish, sans-serif-\\u0448\\u0440\\u0438\\u0444\\u0442\\u0430-https://front.pwave.pnpl.tech/auth/signup-chrome]",
  "fullName" : "tests.test_header.test_header.TestHeader#test_get_css_property_header_auth_login",
  "historyId" : "6f05cf4b760e97b0908574fb9303cba8",
  "time" : {
    "start" : 1708805866835,
    "stop" : 1708805866835,
    "duration" : 0
  },
  "status" : "broken",
  "statusMessage" : "selenium.common.exceptions.SessionNotCreatedException: Message: session not created: Chrome failed to start: exited normally.\n  (session not created: DevToolsActivePort file doesn't exist)\n  (The process started from chrome location /usr/bin/google-chrome is no longer running, so ChromeDriver is assuming that Chrome has crashed.)\nStacktrace:\n#0 0x55ae84b3d303 <unknown>\n#1 0x55ae848222b7 <unknown>\n#2 0x55ae84856b40 <unknown>\n#3 0x55ae848526e5 <unknown>\n#4 0x55ae8489cabc <unknown>\n#5 0x55ae84890123 <unknown>\n#6 0x55ae84860095 <unknown>\n#7 0x55ae8486109e <unknown>\n#8 0x55ae84b016ab <unknown>\n#9 0x55ae84b054ba <unknown>\n#10 0x55ae84aedf85 <unknown>\n#11 0x55ae84b0612f <unknown>\n#12 0x55ae84ad1e6f <unknown>\n#13 0x55ae84b2a5f8 <unknown>\n#14 0x55ae84b2a7c2 <unknown>\n#15 0x55ae84b3c4a4 <unknown>\n#16 0x7f57e0694ac3 <unknown>",
  "statusTrace" : "browser = 'chrome'\n\n    @pytest.fixture(scope='function')\n    def driver(browser):\n        print(f'\\nstart {browser} browser...')\n        if browser == \"chrome\":\n            chrome_options = ChromeOptions()\n            # chrome_options.add_argument('--headless')\n            chrome_options.add_argument('--start-maximized')\n>           driver = webdriver.Chrome(options=chrome_options)\n\nconftest.py:18: \n_ _ _ _ _ _ _ _ _ _ _ _ _ _ _ _ _ _ _ _ _ _ _ _ _ _ _ _ _ _ _ _ _ _ _ _ _ _ _ _ \n/opt/hostedtoolcache/Python/3.12.2/x64/lib/python3.12/site-packages/selenium/webdriver/chrome/webdriver.py:45: in __init__\n    super().__init__(\n/opt/hostedtoolcache/Python/3.12.2/x64/lib/python3.12/site-packages/selenium/webdriver/chromium/webdriver.py:61: in __init__\n    super().__init__(command_executor=executor, options=options)\n/opt/hostedtoolcache/Python/3.12.2/x64/lib/python3.12/site-packages/selenium/webdriver/remote/webdriver.py:208: in __init__\n    self.start_session(capabilities)\n/opt/hostedtoolcache/Python/3.12.2/x64/lib/python3.12/site-packages/selenium/webdriver/remote/webdriver.py:292: in start_session\n    response = self.execute(Command.NEW_SESSION, caps)[\"value\"]\n/opt/hostedtoolcache/Python/3.12.2/x64/lib/python3.12/site-packages/selenium/webdriver/remote/webdriver.py:347: in execute\n    self.error_handler.check_response(response)\n_ _ _ _ _ _ _ _ _ _ _ _ _ _ _ _ _ _ _ _ _ _ _ _ _ _ _ _ _ _ _ _ _ _ _ _ _ _ _ _ \n\nself = <selenium.webdriver.remote.errorhandler.ErrorHandler object at 0x7f13ac3234a0>\nresponse = {'status': 500, 'value': '{\"value\":{\"error\":\"session not created\",\"message\":\"session not created: Chrome failed to sta...\\\\n#14 0x55ae84b2a7c2 \\\\u003Cunknown>\\\\n#15 0x55ae84b3c4a4 \\\\u003Cunknown>\\\\n#16 0x7f57e0694ac3 \\\\u003Cunknown>\\\\n\"}}'}\n\n    def check_response(self, response: Dict[str, Any]) -> None:\n        \"\"\"Checks that a JSON response from the WebDriver does not have an\n        error.\n    \n        :Args:\n         - response - The JSON response from the WebDriver server as a dictionary\n           object.\n    \n        :Raises: If the response contains an error message.\n        \"\"\"\n        status = response.get(\"status\", None)\n        if not status or status == ErrorCode.SUCCESS:\n            return\n        value = None\n        message = response.get(\"message\", \"\")\n        screen: str = response.get(\"screen\", \"\")\n        stacktrace = None\n        if isinstance(status, int):\n            value_json = response.get(\"value\", None)\n            if value_json and isinstance(value_json, str):\n                import json\n    \n                try:\n                    value = json.loads(value_json)\n                    if len(value) == 1:\n                        value = value[\"value\"]\n                    status = value.get(\"error\", None)\n                    if not status:\n                        status = value.get(\"status\", ErrorCode.UNKNOWN_ERROR)\n                        message = value.get(\"value\") or value.get(\"message\")\n                        if not isinstance(message, str):\n                            value = message\n                            message = message.get(\"message\")\n                    else:\n                        message = value.get(\"message\", None)\n                except ValueError:\n                    pass\n    \n        exception_class: Type[WebDriverException]\n        e = ErrorCode()\n        error_codes = [item for item in dir(e) if not item.startswith(\"__\")]\n        for error_code in error_codes:\n            error_info = getattr(ErrorCode, error_code)\n            if isinstance(error_info, list) and status in error_info:\n                exception_class = getattr(ExceptionMapping, error_code, WebDriverException)\n                break\n        else:\n            exception_class = WebDriverException\n    \n        if not value:\n            value = response[\"value\"]\n        if isinstance(value, str):\n            raise exception_class(value)\n        if message == \"\" and \"message\" in value:\n            message = value[\"message\"]\n    \n        screen = None  # type: ignore[assignment]\n        if \"screen\" in value:\n            screen = value[\"screen\"]\n    \n        stacktrace = None\n        st_value = value.get(\"stackTrace\") or value.get(\"stacktrace\")\n        if st_value:\n            if isinstance(st_value, str):\n                stacktrace = st_value.split(\"\\n\")\n            else:\n                stacktrace = []\n                try:\n                    for frame in st_value:\n                        line = frame.get(\"lineNumber\", \"\")\n                        file = frame.get(\"fileName\", \"<anonymous>\")\n                        if line:\n                            file = f\"{file}:{line}\"\n                        meth = frame.get(\"methodName\", \"<anonymous>\")\n                        if \"className\" in frame:\n                            meth = f\"{frame['className']}.{meth}\"\n                        msg = \"    at %s (%s)\"\n                        msg = msg % (meth, file)\n                        stacktrace.append(msg)\n                except TypeError:\n                    pass\n        if exception_class == UnexpectedAlertPresentException:\n            alert_text = None\n            if \"data\" in value:\n                alert_text = value[\"data\"].get(\"text\")\n            elif \"alert\" in value:\n                alert_text = value[\"alert\"].get(\"text\")\n            raise exception_class(message, screen, stacktrace, alert_text)  # type: ignore[call-arg]  # mypy is not smart enough here\n>       raise exception_class(message, screen, stacktrace)\nE       selenium.common.exceptions.SessionNotCreatedException: Message: session not created: Chrome failed to start: exited normally.\nE         (session not created: DevToolsActivePort file doesn't exist)\nE         (The process started from chrome location /usr/bin/google-chrome is no longer running, so ChromeDriver is assuming that Chrome has crashed.)\nE       Stacktrace:\nE       #0 0x55ae84b3d303 <unknown>\nE       #1 0x55ae848222b7 <unknown>\nE       #2 0x55ae84856b40 <unknown>\nE       #3 0x55ae848526e5 <unknown>\nE       #4 0x55ae8489cabc <unknown>\nE       #5 0x55ae84890123 <unknown>\nE       #6 0x55ae84860095 <unknown>\nE       #7 0x55ae8486109e <unknown>\nE       #8 0x55ae84b016ab <unknown>\nE       #9 0x55ae84b054ba <unknown>\nE       #10 0x55ae84aedf85 <unknown>\nE       #11 0x55ae84b0612f <unknown>\nE       #12 0x55ae84ad1e6f <unknown>\nE       #13 0x55ae84b2a5f8 <unknown>\nE       #14 0x55ae84b2a7c2 <unknown>\nE       #15 0x55ae84b3c4a4 <unknown>\nE       #16 0x7f57e0694ac3 <unknown>\n\n/opt/hostedtoolcache/Python/3.12.2/x64/lib/python3.12/site-packages/selenium/webdriver/remote/errorhandler.py:229: SessionNotCreatedException",
  "flaky" : false,
  "newFailed" : false,
  "beforeStages" : [ {
    "name" : "_session_faker",
    "time" : {
      "start" : 1708805607601,
      "stop" : 1708805607618,
      "duration" : 17
    },
    "status" : "passed",
    "steps" : [ ],
    "attachments" : [ ],
    "parameters" : [ ],
    "stepsCount" : 0,
    "attachmentsCount" : 0,
    "shouldDisplayMessage" : false,
    "hasContent" : false
  }, {
    "name" : "driver",
    "time" : {
      "start" : 1708805866836,
      "stop" : 1708805867007,
      "duration" : 171
    },
    "status" : "broken",
    "statusMessage" : "selenium.common.exceptions.SessionNotCreatedException: Message: session not created: Chrome failed to start: exited normally.\n  (session not created: DevToolsActivePort file doesn't exist)\n  (The process started from chrome location /usr/bin/google-chrome is no longer running, so ChromeDriver is assuming that Chrome has crashed.)\nStacktrace:\n#0 0x55ae84b3d303 <unknown>\n#1 0x55ae848222b7 <unknown>\n#2 0x55ae84856b40 <unknown>\n#3 0x55ae848526e5 <unknown>\n#4 0x55ae8489cabc <unknown>\n#5 0x55ae84890123 <unknown>\n#6 0x55ae84860095 <unknown>\n#7 0x55ae8486109e <unknown>\n#8 0x55ae84b016ab <unknown>\n#9 0x55ae84b054ba <unknown>\n#10 0x55ae84aedf85 <unknown>\n#11 0x55ae84b0612f <unknown>\n#12 0x55ae84ad1e6f <unknown>\n#13 0x55ae84b2a5f8 <unknown>\n#14 0x55ae84b2a7c2 <unknown>\n#15 0x55ae84b3c4a4 <unknown>\n#16 0x7f57e0694ac3 <unknown>\n\n",
    "statusTrace" : "  File \"/opt/hostedtoolcache/Python/3.12.2/x64/lib/python3.12/site-packages/pluggy/_callers.py\", line 166, in _multicall\n    teardown.throw(outcome._exception)\n  File \"/opt/hostedtoolcache/Python/3.12.2/x64/lib/python3.12/site-packages/_pytest/setuponly.py\", line 36, in pytest_fixture_setup\n    return (yield)\n            ^^^^^\n  File \"/opt/hostedtoolcache/Python/3.12.2/x64/lib/python3.12/site-packages/pluggy/_callers.py\", line 102, in _multicall\n    res = hook_impl.function(*args)\n          ^^^^^^^^^^^^^^^^^^^^^^^^^\n  File \"/opt/hostedtoolcache/Python/3.12.2/x64/lib/python3.12/site-packages/_pytest/fixtures.py\", line 1149, in pytest_fixture_setup\n    result = call_fixture_func(fixturefunc, request, kwargs)\n             ^^^^^^^^^^^^^^^^^^^^^^^^^^^^^^^^^^^^^^^^^^^^^^^\n  File \"/opt/hostedtoolcache/Python/3.12.2/x64/lib/python3.12/site-packages/_pytest/fixtures.py\", line 916, in call_fixture_func\n    fixture_result = next(generator)\n                     ^^^^^^^^^^^^^^^\n  File \"/home/runner/work/PulseWave/PulseWave/conftest.py\", line 18, in driver\n    driver = webdriver.Chrome(options=chrome_options)\n             ^^^^^^^^^^^^^^^^^^^^^^^^^^^^^^^^^^^^^^^^\n  File \"/opt/hostedtoolcache/Python/3.12.2/x64/lib/python3.12/site-packages/selenium/webdriver/chrome/webdriver.py\", line 45, in __init__\n    super().__init__(\n  File \"/opt/hostedtoolcache/Python/3.12.2/x64/lib/python3.12/site-packages/selenium/webdriver/chromium/webdriver.py\", line 61, in __init__\n    super().__init__(command_executor=executor, options=options)\n  File \"/opt/hostedtoolcache/Python/3.12.2/x64/lib/python3.12/site-packages/selenium/webdriver/remote/webdriver.py\", line 208, in __init__\n    self.start_session(capabilities)\n  File \"/opt/hostedtoolcache/Python/3.12.2/x64/lib/python3.12/site-packages/selenium/webdriver/remote/webdriver.py\", line 292, in start_session\n    response = self.execute(Command.NEW_SESSION, caps)[\"value\"]\n               ^^^^^^^^^^^^^^^^^^^^^^^^^^^^^^^^^^^^^^^\n  File \"/opt/hostedtoolcache/Python/3.12.2/x64/lib/python3.12/site-packages/selenium/webdriver/remote/webdriver.py\", line 347, in execute\n    self.error_handler.check_response(response)\n  File \"/opt/hostedtoolcache/Python/3.12.2/x64/lib/python3.12/site-packages/selenium/webdriver/remote/errorhandler.py\", line 229, in check_response\n    raise exception_class(message, screen, stacktrace)\n",
    "steps" : [ ],
    "attachments" : [ ],
    "parameters" : [ ],
    "stepsCount" : 0,
    "attachmentsCount" : 0,
    "shouldDisplayMessage" : true,
    "hasContent" : true
  }, {
    "name" : "clear_allure_results_folder",
    "time" : {
      "start" : 1708805607619,
      "stop" : 1708805607619,
      "duration" : 0
    },
    "status" : "passed",
    "steps" : [ ],
    "attachments" : [ ],
    "parameters" : [ ],
    "stepsCount" : 0,
    "attachmentsCount" : 0,
    "shouldDisplayMessage" : false,
    "hasContent" : false
  } ],
  "afterStages" : [ ],
  "labels" : [ {
    "name" : "epic",
    "value" : "Тестирование Хедера"
  }, {
    "name" : "tag",
    "value" : "regress"
  }, {
    "name" : "parentSuite",
    "value" : "tests.test_header"
  }, {
    "name" : "suite",
    "value" : "test_header"
  }, {
    "name" : "subSuite",
    "value" : "TestHeader"
  }, {
    "name" : "host",
    "value" : "fv-az885-50"
  }, {
    "name" : "thread",
    "value" : "2222-MainThread"
  }, {
    "name" : "framework",
    "value" : "pytest"
  }, {
    "name" : "language",
    "value" : "cpython3"
  }, {
    "name" : "package",
    "value" : "tests.test_header.test_header"
  }, {
    "name" : "resultFormat",
    "value" : "allure2"
  } ],
  "parameters" : [ {
    "name" : "browser",
    "value" : "'chrome'"
  }, {
    "name" : "css_property",
    "value" : "'font-family'"
  }, {
    "name" : "figma",
    "value" : "'Mulish, sans-serif'"
  }, {
    "name" : "name",
    "value" : "'шрифта'"
  }, {
    "name" : "url",
    "value" : "'https://front.pwave.pnpl.tech/auth/signup'"
  } ],
  "links" : [ ],
  "hidden" : false,
  "retry" : false,
  "extra" : {
    "severity" : "normal",
    "retries" : [ ],
    "categories" : [ {
      "name" : "Test defects",
      "matchedStatuses" : [ ],
      "flaky" : false
    } ],
    "history" : {
      "statistic" : {
        "failed" : 0,
        "broken" : 1,
        "skipped" : 0,
        "passed" : 18,
        "unknown" : 0,
        "total" : 19
      },
      "items" : [ {
        "uid" : "4c750203da066fe6",
        "reportUrl" : "https://Nat754.github.io/PulseWave/173//#testresult/4c750203da066fe6",
        "status" : "passed",
        "time" : {
          "start" : 1708548089121,
          "stop" : 1708548089155,
          "duration" : 34
        }
      }, {
        "uid" : "3b94b1201ba3099c",
        "reportUrl" : "https://Nat754.github.io/PulseWave/172//#testresult/3b94b1201ba3099c",
        "status" : "passed",
        "time" : {
          "start" : 1707851397855,
          "stop" : 1707851397888,
          "duration" : 33
        }
      }, {
        "uid" : "82641ea08867bf48",
        "reportUrl" : "https://Nat754.github.io/PulseWave/171//#testresult/82641ea08867bf48",
        "status" : "passed",
        "time" : {
          "start" : 1707494883412,
          "stop" : 1707494883445,
          "duration" : 33
        }
      }, {
        "uid" : "6e15e971ebbd663e",
        "reportUrl" : "https://Nat754.github.io/PulseWave/171//#testresult/6e15e971ebbd663e",
        "status" : "passed",
        "time" : {
          "start" : 1707479958066,
          "stop" : 1707479958101,
          "duration" : 35
        }
      }, {
        "uid" : "a152a45d206dbd13",
        "reportUrl" : "https://Nat754.github.io/PulseWave/170//#testresult/a152a45d206dbd13",
        "status" : "passed",
        "time" : {
          "start" : 1707255303287,
          "stop" : 1707255303323,
          "duration" : 36
        }
      }, {
        "uid" : "edfdf52297004ca",
        "reportUrl" : "https://Nat754.github.io/PulseWave/169//#testresult/edfdf52297004ca",
        "status" : "passed",
        "time" : {
          "start" : 1707252621065,
          "stop" : 1707252621101,
          "duration" : 36
        }
      }, {
        "uid" : "6cd22a6951229a56",
        "reportUrl" : "https://Nat754.github.io/PulseWave/169//#testresult/6cd22a6951229a56",
        "status" : "passed",
        "time" : {
          "start" : 1707245354779,
          "stop" : 1707245354812,
          "duration" : 33
        }
      }, {
        "uid" : "b83384b11f80809",
        "reportUrl" : "https://Nat754.github.io/PulseWave/169//#testresult/b83384b11f80809",
        "status" : "passed",
        "time" : {
          "start" : 1707244312539,
          "stop" : 1707244312574,
          "duration" : 35
        }
      }, {
        "uid" : "14dfb755f2747789",
        "reportUrl" : "https://Nat754.github.io/PulseWave/168//#testresult/14dfb755f2747789",
        "status" : "passed",
        "time" : {
          "start" : 1707241383476,
          "stop" : 1707241383510,
          "duration" : 34
        }
      }, {
        "uid" : "67ad949923eff8bc",
        "reportUrl" : "https://Nat754.github.io/PulseWave/167//#testresult/67ad949923eff8bc",
        "status" : "passed",
        "time" : {
          "start" : 1707239753354,
          "stop" : 1707239753387,
          "duration" : 33
        }
      }, {
        "uid" : "9e9aa88ac7385129",
        "reportUrl" : "https://Nat754.github.io/PulseWave/166//#testresult/9e9aa88ac7385129",
        "status" : "passed",
        "time" : {
          "start" : 1707236087191,
          "stop" : 1707236087225,
          "duration" : 34
        }
      }, {
        "uid" : "60f62d66f218f8c6",
        "reportUrl" : "https://Nat754.github.io/PulseWave/166//#testresult/60f62d66f218f8c6",
        "status" : "passed",
        "time" : {
          "start" : 1707220179374,
          "stop" : 1707220179405,
          "duration" : 31
        }
      }, {
        "uid" : "5b42ad7a69062bc2",
        "reportUrl" : "https://Nat754.github.io/PulseWave/166//#testresult/5b42ad7a69062bc2",
        "status" : "passed",
        "time" : {
          "start" : 1707218586471,
          "stop" : 1707218586505,
          "duration" : 34
        }
      }, {
        "uid" : "2db2955215fe6f74",
        "reportUrl" : "https://Nat754.github.io/PulseWave/166//#testresult/2db2955215fe6f74",
        "status" : "passed",
        "time" : {
          "start" : 1707217628195,
          "stop" : 1707217628227,
          "duration" : 32
        }
      }, {
        "uid" : "d458c519427c912d",
        "reportUrl" : "https://Nat754.github.io/PulseWave/165//#testresult/d458c519427c912d",
        "status" : "passed",
        "time" : {
          "start" : 1707216724923,
          "stop" : 1707216724955,
          "duration" : 32
        }
      }, {
        "uid" : "d9fe6e506501fd25",
        "reportUrl" : "https://Nat754.github.io/PulseWave/164//#testresult/d9fe6e506501fd25",
        "status" : "passed",
        "time" : {
          "start" : 1707215047496,
          "stop" : 1707215047530,
          "duration" : 34
        }
      }, {
        "uid" : "6cf1383fa5adad2f",
        "reportUrl" : "https://Nat754.github.io/PulseWave/164//#testresult/6cf1383fa5adad2f",
        "status" : "passed",
        "time" : {
          "start" : 1707211690259,
          "stop" : 1707211690295,
          "duration" : 36
        }
      }, {
        "uid" : "3c2add17886dbffd",
        "reportUrl" : "https://Nat754.github.io/PulseWave/163//#testresult/3c2add17886dbffd",
        "status" : "passed",
        "time" : {
          "start" : 1707078580745,
          "stop" : 1707078580776,
          "duration" : 31
        }
      } ]
    },
    "tags" : [ "regress" ]
  },
  "source" : "1f74d0f238e7d580.json",
  "parameterValues" : [ "'chrome'", "'font-family'", "'Mulish, sans-serif'", "'шрифта'", "'https://front.pwave.pnpl.tech/auth/signup'" ]
}