{
  "uid" : "29509223a59ca599",
  "name" : "test_get_body_main_title_size[font-size-80px-\\u0440\\u0430\\u0437\\u043c\\u0435\\u0440\\u0430 \\u0448\\u0440\\u0438\\u0444\\u0442\\u0430-chrome]",
  "fullName" : "tests.test_main_page.test_main_page.TestMainPage#test_get_body_main_title_size",
  "historyId" : "49a7230d1bd952b8579ad6a5489e3440",
  "time" : {
    "start" : 1708805873059,
    "stop" : 1708805873059,
    "duration" : 0
  },
  "status" : "broken",
  "statusMessage" : "selenium.common.exceptions.SessionNotCreatedException: Message: session not created: Chrome failed to start: exited normally.\n  (session not created: DevToolsActivePort file doesn't exist)\n  (The process started from chrome location /usr/bin/google-chrome is no longer running, so ChromeDriver is assuming that Chrome has crashed.)\nStacktrace:\n#0 0x5615ae09e303 <unknown>\n#1 0x5615add832b7 <unknown>\n#2 0x5615addb7b40 <unknown>\n#3 0x5615addb36e5 <unknown>\n#4 0x5615addfdabc <unknown>\n#5 0x5615addf1123 <unknown>\n#6 0x5615addc1095 <unknown>\n#7 0x5615addc209e <unknown>\n#8 0x5615ae0626ab <unknown>\n#9 0x5615ae0664ba <unknown>\n#10 0x5615ae04ef85 <unknown>\n#11 0x5615ae06712f <unknown>\n#12 0x5615ae032e6f <unknown>\n#13 0x5615ae08b5f8 <unknown>\n#14 0x5615ae08b7c2 <unknown>\n#15 0x5615ae09d4a4 <unknown>\n#16 0x7fd02c694ac3 <unknown>",
  "statusTrace" : "browser = 'chrome'\n\n    @pytest.fixture(scope='function')\n    def driver(browser):\n        print(f'\\nstart {browser} browser...')\n        if browser == \"chrome\":\n            chrome_options = ChromeOptions()\n            # chrome_options.add_argument('--headless')\n            chrome_options.add_argument('--start-maximized')\n>           driver = webdriver.Chrome(options=chrome_options)\n\nconftest.py:18: \n_ _ _ _ _ _ _ _ _ _ _ _ _ _ _ _ _ _ _ _ _ _ _ _ _ _ _ _ _ _ _ _ _ _ _ _ _ _ _ _ \n/opt/hostedtoolcache/Python/3.12.2/x64/lib/python3.12/site-packages/selenium/webdriver/chrome/webdriver.py:45: in __init__\n    super().__init__(\n/opt/hostedtoolcache/Python/3.12.2/x64/lib/python3.12/site-packages/selenium/webdriver/chromium/webdriver.py:61: in __init__\n    super().__init__(command_executor=executor, options=options)\n/opt/hostedtoolcache/Python/3.12.2/x64/lib/python3.12/site-packages/selenium/webdriver/remote/webdriver.py:208: in __init__\n    self.start_session(capabilities)\n/opt/hostedtoolcache/Python/3.12.2/x64/lib/python3.12/site-packages/selenium/webdriver/remote/webdriver.py:292: in start_session\n    response = self.execute(Command.NEW_SESSION, caps)[\"value\"]\n/opt/hostedtoolcache/Python/3.12.2/x64/lib/python3.12/site-packages/selenium/webdriver/remote/webdriver.py:347: in execute\n    self.error_handler.check_response(response)\n_ _ _ _ _ _ _ _ _ _ _ _ _ _ _ _ _ _ _ _ _ _ _ _ _ _ _ _ _ _ _ _ _ _ _ _ _ _ _ _ \n\nself = <selenium.webdriver.remote.errorhandler.ErrorHandler object at 0x7f13ac352090>\nresponse = {'status': 500, 'value': '{\"value\":{\"error\":\"session not created\",\"message\":\"session not created: Chrome failed to sta...\\\\n#14 0x5615ae08b7c2 \\\\u003Cunknown>\\\\n#15 0x5615ae09d4a4 \\\\u003Cunknown>\\\\n#16 0x7fd02c694ac3 \\\\u003Cunknown>\\\\n\"}}'}\n\n    def check_response(self, response: Dict[str, Any]) -> None:\n        \"\"\"Checks that a JSON response from the WebDriver does not have an\n        error.\n    \n        :Args:\n         - response - The JSON response from the WebDriver server as a dictionary\n           object.\n    \n        :Raises: If the response contains an error message.\n        \"\"\"\n        status = response.get(\"status\", None)\n        if not status or status == ErrorCode.SUCCESS:\n            return\n        value = None\n        message = response.get(\"message\", \"\")\n        screen: str = response.get(\"screen\", \"\")\n        stacktrace = None\n        if isinstance(status, int):\n            value_json = response.get(\"value\", None)\n            if value_json and isinstance(value_json, str):\n                import json\n    \n                try:\n                    value = json.loads(value_json)\n                    if len(value) == 1:\n                        value = value[\"value\"]\n                    status = value.get(\"error\", None)\n                    if not status:\n                        status = value.get(\"status\", ErrorCode.UNKNOWN_ERROR)\n                        message = value.get(\"value\") or value.get(\"message\")\n                        if not isinstance(message, str):\n                            value = message\n                            message = message.get(\"message\")\n                    else:\n                        message = value.get(\"message\", None)\n                except ValueError:\n                    pass\n    \n        exception_class: Type[WebDriverException]\n        e = ErrorCode()\n        error_codes = [item for item in dir(e) if not item.startswith(\"__\")]\n        for error_code in error_codes:\n            error_info = getattr(ErrorCode, error_code)\n            if isinstance(error_info, list) and status in error_info:\n                exception_class = getattr(ExceptionMapping, error_code, WebDriverException)\n                break\n        else:\n            exception_class = WebDriverException\n    \n        if not value:\n            value = response[\"value\"]\n        if isinstance(value, str):\n            raise exception_class(value)\n        if message == \"\" and \"message\" in value:\n            message = value[\"message\"]\n    \n        screen = None  # type: ignore[assignment]\n        if \"screen\" in value:\n            screen = value[\"screen\"]\n    \n        stacktrace = None\n        st_value = value.get(\"stackTrace\") or value.get(\"stacktrace\")\n        if st_value:\n            if isinstance(st_value, str):\n                stacktrace = st_value.split(\"\\n\")\n            else:\n                stacktrace = []\n                try:\n                    for frame in st_value:\n                        line = frame.get(\"lineNumber\", \"\")\n                        file = frame.get(\"fileName\", \"<anonymous>\")\n                        if line:\n                            file = f\"{file}:{line}\"\n                        meth = frame.get(\"methodName\", \"<anonymous>\")\n                        if \"className\" in frame:\n                            meth = f\"{frame['className']}.{meth}\"\n                        msg = \"    at %s (%s)\"\n                        msg = msg % (meth, file)\n                        stacktrace.append(msg)\n                except TypeError:\n                    pass\n        if exception_class == UnexpectedAlertPresentException:\n            alert_text = None\n            if \"data\" in value:\n                alert_text = value[\"data\"].get(\"text\")\n            elif \"alert\" in value:\n                alert_text = value[\"alert\"].get(\"text\")\n            raise exception_class(message, screen, stacktrace, alert_text)  # type: ignore[call-arg]  # mypy is not smart enough here\n>       raise exception_class(message, screen, stacktrace)\nE       selenium.common.exceptions.SessionNotCreatedException: Message: session not created: Chrome failed to start: exited normally.\nE         (session not created: DevToolsActivePort file doesn't exist)\nE         (The process started from chrome location /usr/bin/google-chrome is no longer running, so ChromeDriver is assuming that Chrome has crashed.)\nE       Stacktrace:\nE       #0 0x5615ae09e303 <unknown>\nE       #1 0x5615add832b7 <unknown>\nE       #2 0x5615addb7b40 <unknown>\nE       #3 0x5615addb36e5 <unknown>\nE       #4 0x5615addfdabc <unknown>\nE       #5 0x5615addf1123 <unknown>\nE       #6 0x5615addc1095 <unknown>\nE       #7 0x5615addc209e <unknown>\nE       #8 0x5615ae0626ab <unknown>\nE       #9 0x5615ae0664ba <unknown>\nE       #10 0x5615ae04ef85 <unknown>\nE       #11 0x5615ae06712f <unknown>\nE       #12 0x5615ae032e6f <unknown>\nE       #13 0x5615ae08b5f8 <unknown>\nE       #14 0x5615ae08b7c2 <unknown>\nE       #15 0x5615ae09d4a4 <unknown>\nE       #16 0x7fd02c694ac3 <unknown>\n\n/opt/hostedtoolcache/Python/3.12.2/x64/lib/python3.12/site-packages/selenium/webdriver/remote/errorhandler.py:229: SessionNotCreatedException",
  "flaky" : false,
  "newFailed" : false,
  "beforeStages" : [ {
    "name" : "_session_faker",
    "time" : {
      "start" : 1708805607601,
      "stop" : 1708805607618,
      "duration" : 17
    },
    "status" : "passed",
    "steps" : [ ],
    "attachments" : [ ],
    "parameters" : [ ],
    "stepsCount" : 0,
    "attachmentsCount" : 0,
    "shouldDisplayMessage" : false,
    "hasContent" : false
  }, {
    "name" : "clear_allure_results_folder",
    "time" : {
      "start" : 1708805607619,
      "stop" : 1708805607619,
      "duration" : 0
    },
    "status" : "passed",
    "steps" : [ ],
    "attachments" : [ ],
    "parameters" : [ ],
    "stepsCount" : 0,
    "attachmentsCount" : 0,
    "shouldDisplayMessage" : false,
    "hasContent" : false
  }, {
    "name" : "driver",
    "time" : {
      "start" : 1708805873060,
      "stop" : 1708805873232,
      "duration" : 172
    },
    "status" : "broken",
    "statusMessage" : "selenium.common.exceptions.SessionNotCreatedException: Message: session not created: Chrome failed to start: exited normally.\n  (session not created: DevToolsActivePort file doesn't exist)\n  (The process started from chrome location /usr/bin/google-chrome is no longer running, so ChromeDriver is assuming that Chrome has crashed.)\nStacktrace:\n#0 0x5615ae09e303 <unknown>\n#1 0x5615add832b7 <unknown>\n#2 0x5615addb7b40 <unknown>\n#3 0x5615addb36e5 <unknown>\n#4 0x5615addfdabc <unknown>\n#5 0x5615addf1123 <unknown>\n#6 0x5615addc1095 <unknown>\n#7 0x5615addc209e <unknown>\n#8 0x5615ae0626ab <unknown>\n#9 0x5615ae0664ba <unknown>\n#10 0x5615ae04ef85 <unknown>\n#11 0x5615ae06712f <unknown>\n#12 0x5615ae032e6f <unknown>\n#13 0x5615ae08b5f8 <unknown>\n#14 0x5615ae08b7c2 <unknown>\n#15 0x5615ae09d4a4 <unknown>\n#16 0x7fd02c694ac3 <unknown>\n\n",
    "statusTrace" : "  File \"/opt/hostedtoolcache/Python/3.12.2/x64/lib/python3.12/site-packages/pluggy/_callers.py\", line 166, in _multicall\n    teardown.throw(outcome._exception)\n  File \"/opt/hostedtoolcache/Python/3.12.2/x64/lib/python3.12/site-packages/_pytest/setuponly.py\", line 36, in pytest_fixture_setup\n    return (yield)\n            ^^^^^\n  File \"/opt/hostedtoolcache/Python/3.12.2/x64/lib/python3.12/site-packages/pluggy/_callers.py\", line 102, in _multicall\n    res = hook_impl.function(*args)\n          ^^^^^^^^^^^^^^^^^^^^^^^^^\n  File \"/opt/hostedtoolcache/Python/3.12.2/x64/lib/python3.12/site-packages/_pytest/fixtures.py\", line 1149, in pytest_fixture_setup\n    result = call_fixture_func(fixturefunc, request, kwargs)\n             ^^^^^^^^^^^^^^^^^^^^^^^^^^^^^^^^^^^^^^^^^^^^^^^\n  File \"/opt/hostedtoolcache/Python/3.12.2/x64/lib/python3.12/site-packages/_pytest/fixtures.py\", line 916, in call_fixture_func\n    fixture_result = next(generator)\n                     ^^^^^^^^^^^^^^^\n  File \"/home/runner/work/PulseWave/PulseWave/conftest.py\", line 18, in driver\n    driver = webdriver.Chrome(options=chrome_options)\n             ^^^^^^^^^^^^^^^^^^^^^^^^^^^^^^^^^^^^^^^^\n  File \"/opt/hostedtoolcache/Python/3.12.2/x64/lib/python3.12/site-packages/selenium/webdriver/chrome/webdriver.py\", line 45, in __init__\n    super().__init__(\n  File \"/opt/hostedtoolcache/Python/3.12.2/x64/lib/python3.12/site-packages/selenium/webdriver/chromium/webdriver.py\", line 61, in __init__\n    super().__init__(command_executor=executor, options=options)\n  File \"/opt/hostedtoolcache/Python/3.12.2/x64/lib/python3.12/site-packages/selenium/webdriver/remote/webdriver.py\", line 208, in __init__\n    self.start_session(capabilities)\n  File \"/opt/hostedtoolcache/Python/3.12.2/x64/lib/python3.12/site-packages/selenium/webdriver/remote/webdriver.py\", line 292, in start_session\n    response = self.execute(Command.NEW_SESSION, caps)[\"value\"]\n               ^^^^^^^^^^^^^^^^^^^^^^^^^^^^^^^^^^^^^^^\n  File \"/opt/hostedtoolcache/Python/3.12.2/x64/lib/python3.12/site-packages/selenium/webdriver/remote/webdriver.py\", line 347, in execute\n    self.error_handler.check_response(response)\n  File \"/opt/hostedtoolcache/Python/3.12.2/x64/lib/python3.12/site-packages/selenium/webdriver/remote/errorhandler.py\", line 229, in check_response\n    raise exception_class(message, screen, stacktrace)\n",
    "steps" : [ ],
    "attachments" : [ ],
    "parameters" : [ ],
    "stepsCount" : 0,
    "attachmentsCount" : 0,
    "shouldDisplayMessage" : true,
    "hasContent" : true
  } ],
  "afterStages" : [ ],
  "labels" : [ {
    "name" : "epic",
    "value" : "Тестирование Главной страницы"
  }, {
    "name" : "tag",
    "value" : "regress"
  }, {
    "name" : "parentSuite",
    "value" : "tests.test_main_page"
  }, {
    "name" : "suite",
    "value" : "test_main_page"
  }, {
    "name" : "subSuite",
    "value" : "TestMainPage"
  }, {
    "name" : "host",
    "value" : "fv-az885-50"
  }, {
    "name" : "thread",
    "value" : "2222-MainThread"
  }, {
    "name" : "framework",
    "value" : "pytest"
  }, {
    "name" : "language",
    "value" : "cpython3"
  }, {
    "name" : "package",
    "value" : "tests.test_main_page.test_main_page"
  }, {
    "name" : "resultFormat",
    "value" : "allure2"
  } ],
  "parameters" : [ {
    "name" : "browser",
    "value" : "'chrome'"
  }, {
    "name" : "css_property",
    "value" : "'font-size'"
  }, {
    "name" : "figma",
    "value" : "'80px'"
  }, {
    "name" : "name",
    "value" : "'размера шрифта'"
  } ],
  "links" : [ ],
  "hidden" : false,
  "retry" : false,
  "extra" : {
    "severity" : "normal",
    "retries" : [ ],
    "categories" : [ {
      "name" : "Test defects",
      "matchedStatuses" : [ ],
      "flaky" : false
    } ],
    "history" : {
      "statistic" : {
        "failed" : 0,
        "broken" : 1,
        "skipped" : 0,
        "passed" : 18,
        "unknown" : 0,
        "total" : 19
      },
      "items" : [ {
        "uid" : "e273c4af2379c151",
        "reportUrl" : "https://Nat754.github.io/PulseWave/173//#testresult/e273c4af2379c151",
        "status" : "passed",
        "time" : {
          "start" : 1708548163479,
          "stop" : 1708548163513,
          "duration" : 34
        }
      }, {
        "uid" : "67ef375add3ed3f3",
        "reportUrl" : "https://Nat754.github.io/PulseWave/172//#testresult/67ef375add3ed3f3",
        "status" : "passed",
        "time" : {
          "start" : 1707851505107,
          "stop" : 1707851505143,
          "duration" : 36
        }
      }, {
        "uid" : "2c08af87553940a4",
        "reportUrl" : "https://Nat754.github.io/PulseWave/171//#testresult/2c08af87553940a4",
        "status" : "passed",
        "time" : {
          "start" : 1707494959767,
          "stop" : 1707494959800,
          "duration" : 33
        }
      }, {
        "uid" : "e35f0dc3a29cda99",
        "reportUrl" : "https://Nat754.github.io/PulseWave/171//#testresult/e35f0dc3a29cda99",
        "status" : "passed",
        "time" : {
          "start" : 1707480034551,
          "stop" : 1707480034584,
          "duration" : 33
        }
      }, {
        "uid" : "7129e7da43ab749c",
        "reportUrl" : "https://Nat754.github.io/PulseWave/170//#testresult/7129e7da43ab749c",
        "status" : "passed",
        "time" : {
          "start" : 1707255379659,
          "stop" : 1707255379693,
          "duration" : 34
        }
      }, {
        "uid" : "9c7f1c8cfe94b15d",
        "reportUrl" : "https://Nat754.github.io/PulseWave/169//#testresult/9c7f1c8cfe94b15d",
        "status" : "passed",
        "time" : {
          "start" : 1707252678430,
          "stop" : 1707252678464,
          "duration" : 34
        }
      }, {
        "uid" : "2fbc48db9cf1d407",
        "reportUrl" : "https://Nat754.github.io/PulseWave/169//#testresult/2fbc48db9cf1d407",
        "status" : "passed",
        "time" : {
          "start" : 1707245429273,
          "stop" : 1707245429305,
          "duration" : 32
        }
      }, {
        "uid" : "c0542b7d9b4322b5",
        "reportUrl" : "https://Nat754.github.io/PulseWave/169//#testresult/c0542b7d9b4322b5",
        "status" : "passed",
        "time" : {
          "start" : 1707244388366,
          "stop" : 1707244388403,
          "duration" : 37
        }
      }, {
        "uid" : "1d3cfc03d90b685a",
        "reportUrl" : "https://Nat754.github.io/PulseWave/168//#testresult/1d3cfc03d90b685a",
        "status" : "passed",
        "time" : {
          "start" : 1707241440174,
          "stop" : 1707241440208,
          "duration" : 34
        }
      }, {
        "uid" : "50f54585ba9c195a",
        "reportUrl" : "https://Nat754.github.io/PulseWave/167//#testresult/50f54585ba9c195a",
        "status" : "passed",
        "time" : {
          "start" : 1707239831689,
          "stop" : 1707239831722,
          "duration" : 33
        }
      }, {
        "uid" : "7d8d5020ca434495",
        "reportUrl" : "https://Nat754.github.io/PulseWave/166//#testresult/7d8d5020ca434495",
        "status" : "passed",
        "time" : {
          "start" : 1707236145728,
          "stop" : 1707236145762,
          "duration" : 34
        }
      }, {
        "uid" : "6244d63877359a9",
        "reportUrl" : "https://Nat754.github.io/PulseWave/166//#testresult/6244d63877359a9",
        "status" : "passed",
        "time" : {
          "start" : 1707220241133,
          "stop" : 1707220241166,
          "duration" : 33
        }
      }, {
        "uid" : "8eac6d0c53d4b9e9",
        "reportUrl" : "https://Nat754.github.io/PulseWave/166//#testresult/8eac6d0c53d4b9e9",
        "status" : "passed",
        "time" : {
          "start" : 1707218643190,
          "stop" : 1707218643223,
          "duration" : 33
        }
      }, {
        "uid" : "b3ea6022d1922404",
        "reportUrl" : "https://Nat754.github.io/PulseWave/166//#testresult/b3ea6022d1922404",
        "status" : "passed",
        "time" : {
          "start" : 1707217686877,
          "stop" : 1707217686912,
          "duration" : 35
        }
      }, {
        "uid" : "5a797038eb31aad7",
        "reportUrl" : "https://Nat754.github.io/PulseWave/165//#testresult/5a797038eb31aad7",
        "status" : "passed",
        "time" : {
          "start" : 1707216782372,
          "stop" : 1707216782406,
          "duration" : 34
        }
      }, {
        "uid" : "f761369313cd6940",
        "reportUrl" : "https://Nat754.github.io/PulseWave/164//#testresult/f761369313cd6940",
        "status" : "passed",
        "time" : {
          "start" : 1707215107968,
          "stop" : 1707215108001,
          "duration" : 33
        }
      }, {
        "uid" : "ff06d31857b5d5d5",
        "reportUrl" : "https://Nat754.github.io/PulseWave/164//#testresult/ff06d31857b5d5d5",
        "status" : "passed",
        "time" : {
          "start" : 1707211767320,
          "stop" : 1707211767354,
          "duration" : 34
        }
      }, {
        "uid" : "f274b2f12bf96e7",
        "reportUrl" : "https://Nat754.github.io/PulseWave/163//#testresult/f274b2f12bf96e7",
        "status" : "passed",
        "time" : {
          "start" : 1707078639085,
          "stop" : 1707078639118,
          "duration" : 33
        }
      } ]
    },
    "tags" : [ "regress" ]
  },
  "source" : "29509223a59ca599.json",
  "parameterValues" : [ "'chrome'", "'font-size'", "'80px'", "'размера шрифта'" ]
}