{
  "uid" : "2b15927b27073db",
  "name" : "test_get_css_property_body_first_safety[font-family-Mulish, sans-serif-\\u0448\\u0440\\u0438\\u0444\\u0442\\u0430-chrome]",
  "fullName" : "tests.test_main_page.test_main_page.TestMainPage#test_get_css_property_body_first_safety",
  "historyId" : "8ce3de06765d6e5e721363735db48381",
  "time" : {
    "start" : 1708805876249,
    "stop" : 1708805876249,
    "duration" : 0
  },
  "status" : "broken",
  "statusMessage" : "selenium.common.exceptions.SessionNotCreatedException: Message: session not created: Chrome failed to start: exited normally.\n  (session not created: DevToolsActivePort file doesn't exist)\n  (The process started from chrome location /usr/bin/google-chrome is no longer running, so ChromeDriver is assuming that Chrome has crashed.)\nStacktrace:\n#0 0x556cc4d91303 <unknown>\n#1 0x556cc4a762b7 <unknown>\n#2 0x556cc4aaab40 <unknown>\n#3 0x556cc4aa66e5 <unknown>\n#4 0x556cc4af0abc <unknown>\n#5 0x556cc4ae4123 <unknown>\n#6 0x556cc4ab4095 <unknown>\n#7 0x556cc4ab509e <unknown>\n#8 0x556cc4d556ab <unknown>\n#9 0x556cc4d594ba <unknown>\n#10 0x556cc4d41f85 <unknown>\n#11 0x556cc4d5a12f <unknown>\n#12 0x556cc4d25e6f <unknown>\n#13 0x556cc4d7e5f8 <unknown>\n#14 0x556cc4d7e7c2 <unknown>\n#15 0x556cc4d904a4 <unknown>\n#16 0x7f1813294ac3 <unknown>",
  "statusTrace" : "browser = 'chrome'\n\n    @pytest.fixture(scope='function')\n    def driver(browser):\n        print(f'\\nstart {browser} browser...')\n        if browser == \"chrome\":\n            chrome_options = ChromeOptions()\n            # chrome_options.add_argument('--headless')\n            chrome_options.add_argument('--start-maximized')\n>           driver = webdriver.Chrome(options=chrome_options)\n\nconftest.py:18: \n_ _ _ _ _ _ _ _ _ _ _ _ _ _ _ _ _ _ _ _ _ _ _ _ _ _ _ _ _ _ _ _ _ _ _ _ _ _ _ _ \n/opt/hostedtoolcache/Python/3.12.2/x64/lib/python3.12/site-packages/selenium/webdriver/chrome/webdriver.py:45: in __init__\n    super().__init__(\n/opt/hostedtoolcache/Python/3.12.2/x64/lib/python3.12/site-packages/selenium/webdriver/chromium/webdriver.py:61: in __init__\n    super().__init__(command_executor=executor, options=options)\n/opt/hostedtoolcache/Python/3.12.2/x64/lib/python3.12/site-packages/selenium/webdriver/remote/webdriver.py:208: in __init__\n    self.start_session(capabilities)\n/opt/hostedtoolcache/Python/3.12.2/x64/lib/python3.12/site-packages/selenium/webdriver/remote/webdriver.py:292: in start_session\n    response = self.execute(Command.NEW_SESSION, caps)[\"value\"]\n/opt/hostedtoolcache/Python/3.12.2/x64/lib/python3.12/site-packages/selenium/webdriver/remote/webdriver.py:347: in execute\n    self.error_handler.check_response(response)\n_ _ _ _ _ _ _ _ _ _ _ _ _ _ _ _ _ _ _ _ _ _ _ _ _ _ _ _ _ _ _ _ _ _ _ _ _ _ _ _ \n\nself = <selenium.webdriver.remote.errorhandler.ErrorHandler object at 0x7f13ac360d10>\nresponse = {'status': 500, 'value': '{\"value\":{\"error\":\"session not created\",\"message\":\"session not created: Chrome failed to sta...\\\\n#14 0x556cc4d7e7c2 \\\\u003Cunknown>\\\\n#15 0x556cc4d904a4 \\\\u003Cunknown>\\\\n#16 0x7f1813294ac3 \\\\u003Cunknown>\\\\n\"}}'}\n\n    def check_response(self, response: Dict[str, Any]) -> None:\n        \"\"\"Checks that a JSON response from the WebDriver does not have an\n        error.\n    \n        :Args:\n         - response - The JSON response from the WebDriver server as a dictionary\n           object.\n    \n        :Raises: If the response contains an error message.\n        \"\"\"\n        status = response.get(\"status\", None)\n        if not status or status == ErrorCode.SUCCESS:\n            return\n        value = None\n        message = response.get(\"message\", \"\")\n        screen: str = response.get(\"screen\", \"\")\n        stacktrace = None\n        if isinstance(status, int):\n            value_json = response.get(\"value\", None)\n            if value_json and isinstance(value_json, str):\n                import json\n    \n                try:\n                    value = json.loads(value_json)\n                    if len(value) == 1:\n                        value = value[\"value\"]\n                    status = value.get(\"error\", None)\n                    if not status:\n                        status = value.get(\"status\", ErrorCode.UNKNOWN_ERROR)\n                        message = value.get(\"value\") or value.get(\"message\")\n                        if not isinstance(message, str):\n                            value = message\n                            message = message.get(\"message\")\n                    else:\n                        message = value.get(\"message\", None)\n                except ValueError:\n                    pass\n    \n        exception_class: Type[WebDriverException]\n        e = ErrorCode()\n        error_codes = [item for item in dir(e) if not item.startswith(\"__\")]\n        for error_code in error_codes:\n            error_info = getattr(ErrorCode, error_code)\n            if isinstance(error_info, list) and status in error_info:\n                exception_class = getattr(ExceptionMapping, error_code, WebDriverException)\n                break\n        else:\n            exception_class = WebDriverException\n    \n        if not value:\n            value = response[\"value\"]\n        if isinstance(value, str):\n            raise exception_class(value)\n        if message == \"\" and \"message\" in value:\n            message = value[\"message\"]\n    \n        screen = None  # type: ignore[assignment]\n        if \"screen\" in value:\n            screen = value[\"screen\"]\n    \n        stacktrace = None\n        st_value = value.get(\"stackTrace\") or value.get(\"stacktrace\")\n        if st_value:\n            if isinstance(st_value, str):\n                stacktrace = st_value.split(\"\\n\")\n            else:\n                stacktrace = []\n                try:\n                    for frame in st_value:\n                        line = frame.get(\"lineNumber\", \"\")\n                        file = frame.get(\"fileName\", \"<anonymous>\")\n                        if line:\n                            file = f\"{file}:{line}\"\n                        meth = frame.get(\"methodName\", \"<anonymous>\")\n                        if \"className\" in frame:\n                            meth = f\"{frame['className']}.{meth}\"\n                        msg = \"    at %s (%s)\"\n                        msg = msg % (meth, file)\n                        stacktrace.append(msg)\n                except TypeError:\n                    pass\n        if exception_class == UnexpectedAlertPresentException:\n            alert_text = None\n            if \"data\" in value:\n                alert_text = value[\"data\"].get(\"text\")\n            elif \"alert\" in value:\n                alert_text = value[\"alert\"].get(\"text\")\n            raise exception_class(message, screen, stacktrace, alert_text)  # type: ignore[call-arg]  # mypy is not smart enough here\n>       raise exception_class(message, screen, stacktrace)\nE       selenium.common.exceptions.SessionNotCreatedException: Message: session not created: Chrome failed to start: exited normally.\nE         (session not created: DevToolsActivePort file doesn't exist)\nE         (The process started from chrome location /usr/bin/google-chrome is no longer running, so ChromeDriver is assuming that Chrome has crashed.)\nE       Stacktrace:\nE       #0 0x556cc4d91303 <unknown>\nE       #1 0x556cc4a762b7 <unknown>\nE       #2 0x556cc4aaab40 <unknown>\nE       #3 0x556cc4aa66e5 <unknown>\nE       #4 0x556cc4af0abc <unknown>\nE       #5 0x556cc4ae4123 <unknown>\nE       #6 0x556cc4ab4095 <unknown>\nE       #7 0x556cc4ab509e <unknown>\nE       #8 0x556cc4d556ab <unknown>\nE       #9 0x556cc4d594ba <unknown>\nE       #10 0x556cc4d41f85 <unknown>\nE       #11 0x556cc4d5a12f <unknown>\nE       #12 0x556cc4d25e6f <unknown>\nE       #13 0x556cc4d7e5f8 <unknown>\nE       #14 0x556cc4d7e7c2 <unknown>\nE       #15 0x556cc4d904a4 <unknown>\nE       #16 0x7f1813294ac3 <unknown>\n\n/opt/hostedtoolcache/Python/3.12.2/x64/lib/python3.12/site-packages/selenium/webdriver/remote/errorhandler.py:229: SessionNotCreatedException",
  "flaky" : false,
  "newFailed" : false,
  "beforeStages" : [ {
    "name" : "_session_faker",
    "time" : {
      "start" : 1708805607601,
      "stop" : 1708805607618,
      "duration" : 17
    },
    "status" : "passed",
    "steps" : [ ],
    "attachments" : [ ],
    "parameters" : [ ],
    "stepsCount" : 0,
    "attachmentsCount" : 0,
    "shouldDisplayMessage" : false,
    "hasContent" : false
  }, {
    "name" : "clear_allure_results_folder",
    "time" : {
      "start" : 1708805607619,
      "stop" : 1708805607619,
      "duration" : 0
    },
    "status" : "passed",
    "steps" : [ ],
    "attachments" : [ ],
    "parameters" : [ ],
    "stepsCount" : 0,
    "attachmentsCount" : 0,
    "shouldDisplayMessage" : false,
    "hasContent" : false
  }, {
    "name" : "driver",
    "time" : {
      "start" : 1708805876250,
      "stop" : 1708805876421,
      "duration" : 171
    },
    "status" : "broken",
    "statusMessage" : "selenium.common.exceptions.SessionNotCreatedException: Message: session not created: Chrome failed to start: exited normally.\n  (session not created: DevToolsActivePort file doesn't exist)\n  (The process started from chrome location /usr/bin/google-chrome is no longer running, so ChromeDriver is assuming that Chrome has crashed.)\nStacktrace:\n#0 0x556cc4d91303 <unknown>\n#1 0x556cc4a762b7 <unknown>\n#2 0x556cc4aaab40 <unknown>\n#3 0x556cc4aa66e5 <unknown>\n#4 0x556cc4af0abc <unknown>\n#5 0x556cc4ae4123 <unknown>\n#6 0x556cc4ab4095 <unknown>\n#7 0x556cc4ab509e <unknown>\n#8 0x556cc4d556ab <unknown>\n#9 0x556cc4d594ba <unknown>\n#10 0x556cc4d41f85 <unknown>\n#11 0x556cc4d5a12f <unknown>\n#12 0x556cc4d25e6f <unknown>\n#13 0x556cc4d7e5f8 <unknown>\n#14 0x556cc4d7e7c2 <unknown>\n#15 0x556cc4d904a4 <unknown>\n#16 0x7f1813294ac3 <unknown>\n\n",
    "statusTrace" : "  File \"/opt/hostedtoolcache/Python/3.12.2/x64/lib/python3.12/site-packages/pluggy/_callers.py\", line 166, in _multicall\n    teardown.throw(outcome._exception)\n  File \"/opt/hostedtoolcache/Python/3.12.2/x64/lib/python3.12/site-packages/_pytest/setuponly.py\", line 36, in pytest_fixture_setup\n    return (yield)\n            ^^^^^\n  File \"/opt/hostedtoolcache/Python/3.12.2/x64/lib/python3.12/site-packages/pluggy/_callers.py\", line 102, in _multicall\n    res = hook_impl.function(*args)\n          ^^^^^^^^^^^^^^^^^^^^^^^^^\n  File \"/opt/hostedtoolcache/Python/3.12.2/x64/lib/python3.12/site-packages/_pytest/fixtures.py\", line 1149, in pytest_fixture_setup\n    result = call_fixture_func(fixturefunc, request, kwargs)\n             ^^^^^^^^^^^^^^^^^^^^^^^^^^^^^^^^^^^^^^^^^^^^^^^\n  File \"/opt/hostedtoolcache/Python/3.12.2/x64/lib/python3.12/site-packages/_pytest/fixtures.py\", line 916, in call_fixture_func\n    fixture_result = next(generator)\n                     ^^^^^^^^^^^^^^^\n  File \"/home/runner/work/PulseWave/PulseWave/conftest.py\", line 18, in driver\n    driver = webdriver.Chrome(options=chrome_options)\n             ^^^^^^^^^^^^^^^^^^^^^^^^^^^^^^^^^^^^^^^^\n  File \"/opt/hostedtoolcache/Python/3.12.2/x64/lib/python3.12/site-packages/selenium/webdriver/chrome/webdriver.py\", line 45, in __init__\n    super().__init__(\n  File \"/opt/hostedtoolcache/Python/3.12.2/x64/lib/python3.12/site-packages/selenium/webdriver/chromium/webdriver.py\", line 61, in __init__\n    super().__init__(command_executor=executor, options=options)\n  File \"/opt/hostedtoolcache/Python/3.12.2/x64/lib/python3.12/site-packages/selenium/webdriver/remote/webdriver.py\", line 208, in __init__\n    self.start_session(capabilities)\n  File \"/opt/hostedtoolcache/Python/3.12.2/x64/lib/python3.12/site-packages/selenium/webdriver/remote/webdriver.py\", line 292, in start_session\n    response = self.execute(Command.NEW_SESSION, caps)[\"value\"]\n               ^^^^^^^^^^^^^^^^^^^^^^^^^^^^^^^^^^^^^^^\n  File \"/opt/hostedtoolcache/Python/3.12.2/x64/lib/python3.12/site-packages/selenium/webdriver/remote/webdriver.py\", line 347, in execute\n    self.error_handler.check_response(response)\n  File \"/opt/hostedtoolcache/Python/3.12.2/x64/lib/python3.12/site-packages/selenium/webdriver/remote/errorhandler.py\", line 229, in check_response\n    raise exception_class(message, screen, stacktrace)\n",
    "steps" : [ ],
    "attachments" : [ ],
    "parameters" : [ ],
    "stepsCount" : 0,
    "attachmentsCount" : 0,
    "shouldDisplayMessage" : true,
    "hasContent" : true
  } ],
  "afterStages" : [ ],
  "labels" : [ {
    "name" : "epic",
    "value" : "Тестирование Главной страницы"
  }, {
    "name" : "tag",
    "value" : "regress"
  }, {
    "name" : "parentSuite",
    "value" : "tests.test_main_page"
  }, {
    "name" : "suite",
    "value" : "test_main_page"
  }, {
    "name" : "subSuite",
    "value" : "TestMainPage"
  }, {
    "name" : "host",
    "value" : "fv-az885-50"
  }, {
    "name" : "thread",
    "value" : "2222-MainThread"
  }, {
    "name" : "framework",
    "value" : "pytest"
  }, {
    "name" : "language",
    "value" : "cpython3"
  }, {
    "name" : "package",
    "value" : "tests.test_main_page.test_main_page"
  }, {
    "name" : "resultFormat",
    "value" : "allure2"
  } ],
  "parameters" : [ {
    "name" : "browser",
    "value" : "'chrome'"
  }, {
    "name" : "css_property",
    "value" : "'font-family'"
  }, {
    "name" : "figma",
    "value" : "'Mulish, sans-serif'"
  }, {
    "name" : "name",
    "value" : "'шрифта'"
  } ],
  "links" : [ ],
  "hidden" : false,
  "retry" : false,
  "extra" : {
    "severity" : "normal",
    "retries" : [ ],
    "categories" : [ {
      "name" : "Test defects",
      "matchedStatuses" : [ ],
      "flaky" : false
    } ],
    "history" : {
      "statistic" : {
        "failed" : 0,
        "broken" : 1,
        "skipped" : 0,
        "passed" : 18,
        "unknown" : 0,
        "total" : 19
      },
      "items" : [ {
        "uid" : "34b28e01f970eaa4",
        "reportUrl" : "https://Nat754.github.io/PulseWave/173//#testresult/34b28e01f970eaa4",
        "status" : "passed",
        "time" : {
          "start" : 1708548199150,
          "stop" : 1708548199186,
          "duration" : 36
        }
      }, {
        "uid" : "1fedfb7d10650900",
        "reportUrl" : "https://Nat754.github.io/PulseWave/172//#testresult/1fedfb7d10650900",
        "status" : "passed",
        "time" : {
          "start" : 1707851576802,
          "stop" : 1707851576837,
          "duration" : 35
        }
      }, {
        "uid" : "5a2c8af95ec53e81",
        "reportUrl" : "https://Nat754.github.io/PulseWave/171//#testresult/5a2c8af95ec53e81",
        "status" : "passed",
        "time" : {
          "start" : 1707494994760,
          "stop" : 1707494994795,
          "duration" : 35
        }
      }, {
        "uid" : "51bc10f9dfb20680",
        "reportUrl" : "https://Nat754.github.io/PulseWave/171//#testresult/51bc10f9dfb20680",
        "status" : "passed",
        "time" : {
          "start" : 1707480070035,
          "stop" : 1707480070070,
          "duration" : 35
        }
      }, {
        "uid" : "e496f0a37050bb",
        "reportUrl" : "https://Nat754.github.io/PulseWave/170//#testresult/e496f0a37050bb",
        "status" : "passed",
        "time" : {
          "start" : 1707255414509,
          "stop" : 1707255414546,
          "duration" : 37
        }
      }, {
        "uid" : "4c22cc6e9842d957",
        "reportUrl" : "https://Nat754.github.io/PulseWave/169//#testresult/4c22cc6e9842d957",
        "status" : "passed",
        "time" : {
          "start" : 1707252704215,
          "stop" : 1707252704254,
          "duration" : 39
        }
      }, {
        "uid" : "d07584e8afdaca38",
        "reportUrl" : "https://Nat754.github.io/PulseWave/169//#testresult/d07584e8afdaca38",
        "status" : "passed",
        "time" : {
          "start" : 1707245463125,
          "stop" : 1707245463160,
          "duration" : 35
        }
      }, {
        "uid" : "138f9aab5c75be5c",
        "reportUrl" : "https://Nat754.github.io/PulseWave/169//#testresult/138f9aab5c75be5c",
        "status" : "passed",
        "time" : {
          "start" : 1707244422546,
          "stop" : 1707244422582,
          "duration" : 36
        }
      }, {
        "uid" : "2518c45f31e624e6",
        "reportUrl" : "https://Nat754.github.io/PulseWave/168//#testresult/2518c45f31e624e6",
        "status" : "passed",
        "time" : {
          "start" : 1707241465714,
          "stop" : 1707241465748,
          "duration" : 34
        }
      }, {
        "uid" : "fc38615288a141ac",
        "reportUrl" : "https://Nat754.github.io/PulseWave/167//#testresult/fc38615288a141ac",
        "status" : "passed",
        "time" : {
          "start" : 1707239866644,
          "stop" : 1707239866679,
          "duration" : 35
        }
      }, {
        "uid" : "b87211974bf85666",
        "reportUrl" : "https://Nat754.github.io/PulseWave/166//#testresult/b87211974bf85666",
        "status" : "passed",
        "time" : {
          "start" : 1707236171900,
          "stop" : 1707236171936,
          "duration" : 36
        }
      }, {
        "uid" : "4be4b5779b2b4e1d",
        "reportUrl" : "https://Nat754.github.io/PulseWave/166//#testresult/4be4b5779b2b4e1d",
        "status" : "passed",
        "time" : {
          "start" : 1707220268718,
          "stop" : 1707220268753,
          "duration" : 35
        }
      }, {
        "uid" : "d6bd653365f138fa",
        "reportUrl" : "https://Nat754.github.io/PulseWave/166//#testresult/d6bd653365f138fa",
        "status" : "passed",
        "time" : {
          "start" : 1707218668665,
          "stop" : 1707218668700,
          "duration" : 35
        }
      }, {
        "uid" : "f3c1cfcaadc130da",
        "reportUrl" : "https://Nat754.github.io/PulseWave/166//#testresult/f3c1cfcaadc130da",
        "status" : "passed",
        "time" : {
          "start" : 1707217712989,
          "stop" : 1707217713023,
          "duration" : 34
        }
      }, {
        "uid" : "9124598cb4dae9a9",
        "reportUrl" : "https://Nat754.github.io/PulseWave/165//#testresult/9124598cb4dae9a9",
        "status" : "passed",
        "time" : {
          "start" : 1707216807868,
          "stop" : 1707216807901,
          "duration" : 33
        }
      }, {
        "uid" : "ceac900646d3616e",
        "reportUrl" : "https://Nat754.github.io/PulseWave/164//#testresult/ceac900646d3616e",
        "status" : "passed",
        "time" : {
          "start" : 1707215133670,
          "stop" : 1707215133705,
          "duration" : 35
        }
      }, {
        "uid" : "249e5f8f9790ecc1",
        "reportUrl" : "https://Nat754.github.io/PulseWave/164//#testresult/249e5f8f9790ecc1",
        "status" : "passed",
        "time" : {
          "start" : 1707211802271,
          "stop" : 1707211802306,
          "duration" : 35
        }
      }, {
        "uid" : "74b455b702342de6",
        "reportUrl" : "https://Nat754.github.io/PulseWave/163//#testresult/74b455b702342de6",
        "status" : "passed",
        "time" : {
          "start" : 1707078665302,
          "stop" : 1707078665336,
          "duration" : 34
        }
      } ]
    },
    "tags" : [ "regress" ]
  },
  "source" : "2b15927b27073db.json",
  "parameterValues" : [ "'chrome'", "'font-family'", "'Mulish, sans-serif'", "'шрифта'" ]
}