{
  "uid" : "38bac36b38299a50",
  "name" : "1.31- 1.34 Регистрация с корректным email и слабым паролем и подтверждением пароля",
  "fullName" : "tests.test_signup_page.test_signup_page.TestSignupPage#test_signup_with_weak_password",
  "historyId" : "5ac9f9e163e2cfff37a0ef13ee82f6ed",
  "time" : {
    "start" : 1708805884817,
    "stop" : 1708805884817,
    "duration" : 0
  },
  "status" : "broken",
  "statusMessage" : "selenium.common.exceptions.SessionNotCreatedException: Message: session not created: Chrome failed to start: exited normally.\n  (session not created: DevToolsActivePort file doesn't exist)\n  (The process started from chrome location /usr/bin/google-chrome is no longer running, so ChromeDriver is assuming that Chrome has crashed.)\nStacktrace:\n#0 0x55fbeb18f303 <unknown>\n#1 0x55fbeae742b7 <unknown>\n#2 0x55fbeaea8b40 <unknown>\n#3 0x55fbeaea46e5 <unknown>\n#4 0x55fbeaeeeabc <unknown>\n#5 0x55fbeaee2123 <unknown>\n#6 0x55fbeaeb2095 <unknown>\n#7 0x55fbeaeb309e <unknown>\n#8 0x55fbeb1536ab <unknown>\n#9 0x55fbeb1574ba <unknown>\n#10 0x55fbeb13ff85 <unknown>\n#11 0x55fbeb15812f <unknown>\n#12 0x55fbeb123e6f <unknown>\n#13 0x55fbeb17c5f8 <unknown>\n#14 0x55fbeb17c7c2 <unknown>\n#15 0x55fbeb18e4a4 <unknown>\n#16 0x7fede0494ac3 <unknown>",
  "statusTrace" : "browser = 'chrome'\n\n    @pytest.fixture(scope='function')\n    def driver(browser):\n        print(f'\\nstart {browser} browser...')\n        if browser == \"chrome\":\n            chrome_options = ChromeOptions()\n            # chrome_options.add_argument('--headless')\n            chrome_options.add_argument('--start-maximized')\n>           driver = webdriver.Chrome(options=chrome_options)\n\nconftest.py:18: \n_ _ _ _ _ _ _ _ _ _ _ _ _ _ _ _ _ _ _ _ _ _ _ _ _ _ _ _ _ _ _ _ _ _ _ _ _ _ _ _ \n/opt/hostedtoolcache/Python/3.12.2/x64/lib/python3.12/site-packages/selenium/webdriver/chrome/webdriver.py:45: in __init__\n    super().__init__(\n/opt/hostedtoolcache/Python/3.12.2/x64/lib/python3.12/site-packages/selenium/webdriver/chromium/webdriver.py:61: in __init__\n    super().__init__(command_executor=executor, options=options)\n/opt/hostedtoolcache/Python/3.12.2/x64/lib/python3.12/site-packages/selenium/webdriver/remote/webdriver.py:208: in __init__\n    self.start_session(capabilities)\n/opt/hostedtoolcache/Python/3.12.2/x64/lib/python3.12/site-packages/selenium/webdriver/remote/webdriver.py:292: in start_session\n    response = self.execute(Command.NEW_SESSION, caps)[\"value\"]\n/opt/hostedtoolcache/Python/3.12.2/x64/lib/python3.12/site-packages/selenium/webdriver/remote/webdriver.py:347: in execute\n    self.error_handler.check_response(response)\n_ _ _ _ _ _ _ _ _ _ _ _ _ _ _ _ _ _ _ _ _ _ _ _ _ _ _ _ _ _ _ _ _ _ _ _ _ _ _ _ \n\nself = <selenium.webdriver.remote.errorhandler.ErrorHandler object at 0x7f13ac361700>\nresponse = {'status': 500, 'value': '{\"value\":{\"error\":\"session not created\",\"message\":\"session not created: Chrome failed to sta...\\\\n#14 0x55fbeb17c7c2 \\\\u003Cunknown>\\\\n#15 0x55fbeb18e4a4 \\\\u003Cunknown>\\\\n#16 0x7fede0494ac3 \\\\u003Cunknown>\\\\n\"}}'}\n\n    def check_response(self, response: Dict[str, Any]) -> None:\n        \"\"\"Checks that a JSON response from the WebDriver does not have an\n        error.\n    \n        :Args:\n         - response - The JSON response from the WebDriver server as a dictionary\n           object.\n    \n        :Raises: If the response contains an error message.\n        \"\"\"\n        status = response.get(\"status\", None)\n        if not status or status == ErrorCode.SUCCESS:\n            return\n        value = None\n        message = response.get(\"message\", \"\")\n        screen: str = response.get(\"screen\", \"\")\n        stacktrace = None\n        if isinstance(status, int):\n            value_json = response.get(\"value\", None)\n            if value_json and isinstance(value_json, str):\n                import json\n    \n                try:\n                    value = json.loads(value_json)\n                    if len(value) == 1:\n                        value = value[\"value\"]\n                    status = value.get(\"error\", None)\n                    if not status:\n                        status = value.get(\"status\", ErrorCode.UNKNOWN_ERROR)\n                        message = value.get(\"value\") or value.get(\"message\")\n                        if not isinstance(message, str):\n                            value = message\n                            message = message.get(\"message\")\n                    else:\n                        message = value.get(\"message\", None)\n                except ValueError:\n                    pass\n    \n        exception_class: Type[WebDriverException]\n        e = ErrorCode()\n        error_codes = [item for item in dir(e) if not item.startswith(\"__\")]\n        for error_code in error_codes:\n            error_info = getattr(ErrorCode, error_code)\n            if isinstance(error_info, list) and status in error_info:\n                exception_class = getattr(ExceptionMapping, error_code, WebDriverException)\n                break\n        else:\n            exception_class = WebDriverException\n    \n        if not value:\n            value = response[\"value\"]\n        if isinstance(value, str):\n            raise exception_class(value)\n        if message == \"\" and \"message\" in value:\n            message = value[\"message\"]\n    \n        screen = None  # type: ignore[assignment]\n        if \"screen\" in value:\n            screen = value[\"screen\"]\n    \n        stacktrace = None\n        st_value = value.get(\"stackTrace\") or value.get(\"stacktrace\")\n        if st_value:\n            if isinstance(st_value, str):\n                stacktrace = st_value.split(\"\\n\")\n            else:\n                stacktrace = []\n                try:\n                    for frame in st_value:\n                        line = frame.get(\"lineNumber\", \"\")\n                        file = frame.get(\"fileName\", \"<anonymous>\")\n                        if line:\n                            file = f\"{file}:{line}\"\n                        meth = frame.get(\"methodName\", \"<anonymous>\")\n                        if \"className\" in frame:\n                            meth = f\"{frame['className']}.{meth}\"\n                        msg = \"    at %s (%s)\"\n                        msg = msg % (meth, file)\n                        stacktrace.append(msg)\n                except TypeError:\n                    pass\n        if exception_class == UnexpectedAlertPresentException:\n            alert_text = None\n            if \"data\" in value:\n                alert_text = value[\"data\"].get(\"text\")\n            elif \"alert\" in value:\n                alert_text = value[\"alert\"].get(\"text\")\n            raise exception_class(message, screen, stacktrace, alert_text)  # type: ignore[call-arg]  # mypy is not smart enough here\n>       raise exception_class(message, screen, stacktrace)\nE       selenium.common.exceptions.SessionNotCreatedException: Message: session not created: Chrome failed to start: exited normally.\nE         (session not created: DevToolsActivePort file doesn't exist)\nE         (The process started from chrome location /usr/bin/google-chrome is no longer running, so ChromeDriver is assuming that Chrome has crashed.)\nE       Stacktrace:\nE       #0 0x55fbeb18f303 <unknown>\nE       #1 0x55fbeae742b7 <unknown>\nE       #2 0x55fbeaea8b40 <unknown>\nE       #3 0x55fbeaea46e5 <unknown>\nE       #4 0x55fbeaeeeabc <unknown>\nE       #5 0x55fbeaee2123 <unknown>\nE       #6 0x55fbeaeb2095 <unknown>\nE       #7 0x55fbeaeb309e <unknown>\nE       #8 0x55fbeb1536ab <unknown>\nE       #9 0x55fbeb1574ba <unknown>\nE       #10 0x55fbeb13ff85 <unknown>\nE       #11 0x55fbeb15812f <unknown>\nE       #12 0x55fbeb123e6f <unknown>\nE       #13 0x55fbeb17c5f8 <unknown>\nE       #14 0x55fbeb17c7c2 <unknown>\nE       #15 0x55fbeb18e4a4 <unknown>\nE       #16 0x7fede0494ac3 <unknown>\n\n/opt/hostedtoolcache/Python/3.12.2/x64/lib/python3.12/site-packages/selenium/webdriver/remote/errorhandler.py:229: SessionNotCreatedException",
  "flaky" : false,
  "newFailed" : false,
  "beforeStages" : [ {
    "name" : "_session_faker",
    "time" : {
      "start" : 1708805607601,
      "stop" : 1708805607618,
      "duration" : 17
    },
    "status" : "passed",
    "steps" : [ ],
    "attachments" : [ ],
    "parameters" : [ ],
    "stepsCount" : 0,
    "attachmentsCount" : 0,
    "shouldDisplayMessage" : false,
    "hasContent" : false
  }, {
    "name" : "clear_allure_results_folder",
    "time" : {
      "start" : 1708805607619,
      "stop" : 1708805607619,
      "duration" : 0
    },
    "status" : "passed",
    "steps" : [ ],
    "attachments" : [ ],
    "parameters" : [ ],
    "stepsCount" : 0,
    "attachmentsCount" : 0,
    "shouldDisplayMessage" : false,
    "hasContent" : false
  }, {
    "name" : "driver",
    "time" : {
      "start" : 1708805884818,
      "stop" : 1708805884989,
      "duration" : 171
    },
    "status" : "broken",
    "statusMessage" : "selenium.common.exceptions.SessionNotCreatedException: Message: session not created: Chrome failed to start: exited normally.\n  (session not created: DevToolsActivePort file doesn't exist)\n  (The process started from chrome location /usr/bin/google-chrome is no longer running, so ChromeDriver is assuming that Chrome has crashed.)\nStacktrace:\n#0 0x55fbeb18f303 <unknown>\n#1 0x55fbeae742b7 <unknown>\n#2 0x55fbeaea8b40 <unknown>\n#3 0x55fbeaea46e5 <unknown>\n#4 0x55fbeaeeeabc <unknown>\n#5 0x55fbeaee2123 <unknown>\n#6 0x55fbeaeb2095 <unknown>\n#7 0x55fbeaeb309e <unknown>\n#8 0x55fbeb1536ab <unknown>\n#9 0x55fbeb1574ba <unknown>\n#10 0x55fbeb13ff85 <unknown>\n#11 0x55fbeb15812f <unknown>\n#12 0x55fbeb123e6f <unknown>\n#13 0x55fbeb17c5f8 <unknown>\n#14 0x55fbeb17c7c2 <unknown>\n#15 0x55fbeb18e4a4 <unknown>\n#16 0x7fede0494ac3 <unknown>\n\n",
    "statusTrace" : "  File \"/opt/hostedtoolcache/Python/3.12.2/x64/lib/python3.12/site-packages/pluggy/_callers.py\", line 166, in _multicall\n    teardown.throw(outcome._exception)\n  File \"/opt/hostedtoolcache/Python/3.12.2/x64/lib/python3.12/site-packages/_pytest/setuponly.py\", line 36, in pytest_fixture_setup\n    return (yield)\n            ^^^^^\n  File \"/opt/hostedtoolcache/Python/3.12.2/x64/lib/python3.12/site-packages/pluggy/_callers.py\", line 102, in _multicall\n    res = hook_impl.function(*args)\n          ^^^^^^^^^^^^^^^^^^^^^^^^^\n  File \"/opt/hostedtoolcache/Python/3.12.2/x64/lib/python3.12/site-packages/_pytest/fixtures.py\", line 1149, in pytest_fixture_setup\n    result = call_fixture_func(fixturefunc, request, kwargs)\n             ^^^^^^^^^^^^^^^^^^^^^^^^^^^^^^^^^^^^^^^^^^^^^^^\n  File \"/opt/hostedtoolcache/Python/3.12.2/x64/lib/python3.12/site-packages/_pytest/fixtures.py\", line 916, in call_fixture_func\n    fixture_result = next(generator)\n                     ^^^^^^^^^^^^^^^\n  File \"/home/runner/work/PulseWave/PulseWave/conftest.py\", line 18, in driver\n    driver = webdriver.Chrome(options=chrome_options)\n             ^^^^^^^^^^^^^^^^^^^^^^^^^^^^^^^^^^^^^^^^\n  File \"/opt/hostedtoolcache/Python/3.12.2/x64/lib/python3.12/site-packages/selenium/webdriver/chrome/webdriver.py\", line 45, in __init__\n    super().__init__(\n  File \"/opt/hostedtoolcache/Python/3.12.2/x64/lib/python3.12/site-packages/selenium/webdriver/chromium/webdriver.py\", line 61, in __init__\n    super().__init__(command_executor=executor, options=options)\n  File \"/opt/hostedtoolcache/Python/3.12.2/x64/lib/python3.12/site-packages/selenium/webdriver/remote/webdriver.py\", line 208, in __init__\n    self.start_session(capabilities)\n  File \"/opt/hostedtoolcache/Python/3.12.2/x64/lib/python3.12/site-packages/selenium/webdriver/remote/webdriver.py\", line 292, in start_session\n    response = self.execute(Command.NEW_SESSION, caps)[\"value\"]\n               ^^^^^^^^^^^^^^^^^^^^^^^^^^^^^^^^^^^^^^^\n  File \"/opt/hostedtoolcache/Python/3.12.2/x64/lib/python3.12/site-packages/selenium/webdriver/remote/webdriver.py\", line 347, in execute\n    self.error_handler.check_response(response)\n  File \"/opt/hostedtoolcache/Python/3.12.2/x64/lib/python3.12/site-packages/selenium/webdriver/remote/errorhandler.py\", line 229, in check_response\n    raise exception_class(message, screen, stacktrace)\n",
    "steps" : [ ],
    "attachments" : [ ],
    "parameters" : [ ],
    "stepsCount" : 0,
    "attachmentsCount" : 0,
    "shouldDisplayMessage" : true,
    "hasContent" : true
  } ],
  "afterStages" : [ ],
  "labels" : [ {
    "name" : "epic",
    "value" : "Тестирование страницы 'Регистрация'"
  }, {
    "name" : "tag",
    "value" : "smoke"
  }, {
    "name" : "parentSuite",
    "value" : "tests.test_signup_page"
  }, {
    "name" : "suite",
    "value" : "test_signup_page"
  }, {
    "name" : "subSuite",
    "value" : "TestSignupPage"
  }, {
    "name" : "host",
    "value" : "fv-az885-50"
  }, {
    "name" : "thread",
    "value" : "2222-MainThread"
  }, {
    "name" : "framework",
    "value" : "pytest"
  }, {
    "name" : "language",
    "value" : "cpython3"
  }, {
    "name" : "package",
    "value" : "tests.test_signup_page.test_signup_page"
  }, {
    "name" : "resultFormat",
    "value" : "allure2"
  } ],
  "parameters" : [ {
    "name" : "browser",
    "value" : "'chrome'"
  }, {
    "name" : "data_password",
    "value" : "'!1password'"
  } ],
  "links" : [ ],
  "hidden" : false,
  "retry" : false,
  "extra" : {
    "severity" : "normal",
    "retries" : [ ],
    "categories" : [ {
      "name" : "Test defects",
      "matchedStatuses" : [ ],
      "flaky" : false
    } ],
    "history" : {
      "statistic" : {
        "failed" : 0,
        "broken" : 1,
        "skipped" : 0,
        "passed" : 18,
        "unknown" : 0,
        "total" : 19
      },
      "items" : [ {
        "uid" : "e38a58f43e0bc950",
        "reportUrl" : "https://Nat754.github.io/PulseWave/173//#testresult/e38a58f43e0bc950",
        "status" : "passed",
        "time" : {
          "start" : 1708548351725,
          "stop" : 1708548352045,
          "duration" : 320
        }
      }, {
        "uid" : "f1bc17816b5fe37a",
        "reportUrl" : "https://Nat754.github.io/PulseWave/172//#testresult/f1bc17816b5fe37a",
        "status" : "passed",
        "time" : {
          "start" : 1707851775086,
          "stop" : 1707851775374,
          "duration" : 288
        }
      }, {
        "uid" : "93e66389c9a0673d",
        "reportUrl" : "https://Nat754.github.io/PulseWave/171//#testresult/93e66389c9a0673d",
        "status" : "passed",
        "time" : {
          "start" : 1707495151133,
          "stop" : 1707495151401,
          "duration" : 268
        }
      }, {
        "uid" : "5ac3fe2af179c513",
        "reportUrl" : "https://Nat754.github.io/PulseWave/171//#testresult/5ac3fe2af179c513",
        "status" : "passed",
        "time" : {
          "start" : 1707480228731,
          "stop" : 1707480229005,
          "duration" : 274
        }
      }, {
        "uid" : "a549be8fccc9eafb",
        "reportUrl" : "https://Nat754.github.io/PulseWave/170//#testresult/a549be8fccc9eafb",
        "status" : "passed",
        "time" : {
          "start" : 1707255573224,
          "stop" : 1707255573492,
          "duration" : 268
        }
      }, {
        "uid" : "f644b780e4332796",
        "reportUrl" : "https://Nat754.github.io/PulseWave/169//#testresult/f644b780e4332796",
        "status" : "passed",
        "time" : {
          "start" : 1707252841743,
          "stop" : 1707252842029,
          "duration" : 286
        }
      }, {
        "uid" : "4294c8c82675cac8",
        "reportUrl" : "https://Nat754.github.io/PulseWave/169//#testresult/4294c8c82675cac8",
        "status" : "passed",
        "time" : {
          "start" : 1707245741676,
          "stop" : 1707245741945,
          "duration" : 269
        }
      }, {
        "uid" : "3a411041b542295a",
        "reportUrl" : "https://Nat754.github.io/PulseWave/169//#testresult/3a411041b542295a",
        "status" : "passed",
        "time" : {
          "start" : 1707244585444,
          "stop" : 1707244585726,
          "duration" : 282
        }
      }, {
        "uid" : "69883cc2b2270a3b",
        "reportUrl" : "https://Nat754.github.io/PulseWave/168//#testresult/69883cc2b2270a3b",
        "status" : "passed",
        "time" : {
          "start" : 1707241593269,
          "stop" : 1707241593534,
          "duration" : 265
        }
      }, {
        "uid" : "2035222d65577bf0",
        "reportUrl" : "https://Nat754.github.io/PulseWave/167//#testresult/2035222d65577bf0",
        "status" : "passed",
        "time" : {
          "start" : 1707240140544,
          "stop" : 1707240140818,
          "duration" : 274
        }
      }, {
        "uid" : "da61425790255fb4",
        "reportUrl" : "https://Nat754.github.io/PulseWave/166//#testresult/da61425790255fb4",
        "status" : "passed",
        "time" : {
          "start" : 1707236321993,
          "stop" : 1707236322260,
          "duration" : 267
        }
      }, {
        "uid" : "e18a252effe82b8b",
        "reportUrl" : "https://Nat754.github.io/PulseWave/166//#testresult/e18a252effe82b8b",
        "status" : "passed",
        "time" : {
          "start" : 1707220521617,
          "stop" : 1707220521876,
          "duration" : 259
        }
      }, {
        "uid" : "ed37892ca8cc2c05",
        "reportUrl" : "https://Nat754.github.io/PulseWave/166//#testresult/ed37892ca8cc2c05",
        "status" : "passed",
        "time" : {
          "start" : 1707218780042,
          "stop" : 1707218780309,
          "duration" : 267
        }
      }, {
        "uid" : "a1bfd7d01026d7b",
        "reportUrl" : "https://Nat754.github.io/PulseWave/166//#testresult/a1bfd7d01026d7b",
        "status" : "passed",
        "time" : {
          "start" : 1707217952580,
          "stop" : 1707217952846,
          "duration" : 266
        }
      }, {
        "uid" : "b1051a1754b813eb",
        "reportUrl" : "https://Nat754.github.io/PulseWave/165//#testresult/b1051a1754b813eb",
        "status" : "passed",
        "time" : {
          "start" : 1707216911074,
          "stop" : 1707216911338,
          "duration" : 264
        }
      }, {
        "uid" : "95e3beafe5764420",
        "reportUrl" : "https://Nat754.github.io/PulseWave/164//#testresult/95e3beafe5764420",
        "status" : "passed",
        "time" : {
          "start" : 1707215377106,
          "stop" : 1707215377381,
          "duration" : 275
        }
      }, {
        "uid" : "a3823f0dcadd1e85",
        "reportUrl" : "https://Nat754.github.io/PulseWave/164//#testresult/a3823f0dcadd1e85",
        "status" : "passed",
        "time" : {
          "start" : 1707211978952,
          "stop" : 1707211979256,
          "duration" : 304
        }
      }, {
        "uid" : "b5833dd96fb6f172",
        "reportUrl" : "https://Nat754.github.io/PulseWave/163//#testresult/b5833dd96fb6f172",
        "status" : "passed",
        "time" : {
          "start" : 1707078767938,
          "stop" : 1707078768204,
          "duration" : 266
        }
      } ]
    },
    "tags" : [ "smoke" ]
  },
  "source" : "38bac36b38299a50.json",
  "parameterValues" : [ "'chrome'", "'!1password'" ]
}