{
  "uid" : "409e1610d9c3309a",
  "name" : "Проверка некликабельности логотипа на Главной странице",
  "fullName" : "tests.test_header.test_header.TestHeader#test_visibility_logo",
  "historyId" : "b3c7b2674511b9c5c2aee9cf88d7dd20",
  "time" : {
    "start" : 1708805861914,
    "stop" : 1708805861914,
    "duration" : 0
  },
  "status" : "broken",
  "statusMessage" : "selenium.common.exceptions.SessionNotCreatedException: Message: session not created: Chrome failed to start: exited normally.\n  (session not created: DevToolsActivePort file doesn't exist)\n  (The process started from chrome location /usr/bin/google-chrome is no longer running, so ChromeDriver is assuming that Chrome has crashed.)\nStacktrace:\n#0 0x5611c02cd303 <unknown>\n#1 0x5611bffb22b7 <unknown>\n#2 0x5611bffe6b40 <unknown>\n#3 0x5611bffe26e5 <unknown>\n#4 0x5611c002cabc <unknown>\n#5 0x5611c0020123 <unknown>\n#6 0x5611bfff0095 <unknown>\n#7 0x5611bfff109e <unknown>\n#8 0x5611c02916ab <unknown>\n#9 0x5611c02954ba <unknown>\n#10 0x5611c027df85 <unknown>\n#11 0x5611c029612f <unknown>\n#12 0x5611c0261e6f <unknown>\n#13 0x5611c02ba5f8 <unknown>\n#14 0x5611c02ba7c2 <unknown>\n#15 0x5611c02cc4a4 <unknown>\n#16 0x7fbe10e94ac3 <unknown>",
  "statusTrace" : "browser = 'chrome'\n\n    @pytest.fixture(scope='function')\n    def driver(browser):\n        print(f'\\nstart {browser} browser...')\n        if browser == \"chrome\":\n            chrome_options = ChromeOptions()\n            # chrome_options.add_argument('--headless')\n            chrome_options.add_argument('--start-maximized')\n>           driver = webdriver.Chrome(options=chrome_options)\n\nconftest.py:18: \n_ _ _ _ _ _ _ _ _ _ _ _ _ _ _ _ _ _ _ _ _ _ _ _ _ _ _ _ _ _ _ _ _ _ _ _ _ _ _ _ \n/opt/hostedtoolcache/Python/3.12.2/x64/lib/python3.12/site-packages/selenium/webdriver/chrome/webdriver.py:45: in __init__\n    super().__init__(\n/opt/hostedtoolcache/Python/3.12.2/x64/lib/python3.12/site-packages/selenium/webdriver/chromium/webdriver.py:61: in __init__\n    super().__init__(command_executor=executor, options=options)\n/opt/hostedtoolcache/Python/3.12.2/x64/lib/python3.12/site-packages/selenium/webdriver/remote/webdriver.py:208: in __init__\n    self.start_session(capabilities)\n/opt/hostedtoolcache/Python/3.12.2/x64/lib/python3.12/site-packages/selenium/webdriver/remote/webdriver.py:292: in start_session\n    response = self.execute(Command.NEW_SESSION, caps)[\"value\"]\n/opt/hostedtoolcache/Python/3.12.2/x64/lib/python3.12/site-packages/selenium/webdriver/remote/webdriver.py:347: in execute\n    self.error_handler.check_response(response)\n_ _ _ _ _ _ _ _ _ _ _ _ _ _ _ _ _ _ _ _ _ _ _ _ _ _ _ _ _ _ _ _ _ _ _ _ _ _ _ _ \n\nself = <selenium.webdriver.remote.errorhandler.ErrorHandler object at 0x7f13ac33bad0>\nresponse = {'status': 500, 'value': '{\"value\":{\"error\":\"session not created\",\"message\":\"session not created: Chrome failed to sta...\\\\n#14 0x5611c02ba7c2 \\\\u003Cunknown>\\\\n#15 0x5611c02cc4a4 \\\\u003Cunknown>\\\\n#16 0x7fbe10e94ac3 \\\\u003Cunknown>\\\\n\"}}'}\n\n    def check_response(self, response: Dict[str, Any]) -> None:\n        \"\"\"Checks that a JSON response from the WebDriver does not have an\n        error.\n    \n        :Args:\n         - response - The JSON response from the WebDriver server as a dictionary\n           object.\n    \n        :Raises: If the response contains an error message.\n        \"\"\"\n        status = response.get(\"status\", None)\n        if not status or status == ErrorCode.SUCCESS:\n            return\n        value = None\n        message = response.get(\"message\", \"\")\n        screen: str = response.get(\"screen\", \"\")\n        stacktrace = None\n        if isinstance(status, int):\n            value_json = response.get(\"value\", None)\n            if value_json and isinstance(value_json, str):\n                import json\n    \n                try:\n                    value = json.loads(value_json)\n                    if len(value) == 1:\n                        value = value[\"value\"]\n                    status = value.get(\"error\", None)\n                    if not status:\n                        status = value.get(\"status\", ErrorCode.UNKNOWN_ERROR)\n                        message = value.get(\"value\") or value.get(\"message\")\n                        if not isinstance(message, str):\n                            value = message\n                            message = message.get(\"message\")\n                    else:\n                        message = value.get(\"message\", None)\n                except ValueError:\n                    pass\n    \n        exception_class: Type[WebDriverException]\n        e = ErrorCode()\n        error_codes = [item for item in dir(e) if not item.startswith(\"__\")]\n        for error_code in error_codes:\n            error_info = getattr(ErrorCode, error_code)\n            if isinstance(error_info, list) and status in error_info:\n                exception_class = getattr(ExceptionMapping, error_code, WebDriverException)\n                break\n        else:\n            exception_class = WebDriverException\n    \n        if not value:\n            value = response[\"value\"]\n        if isinstance(value, str):\n            raise exception_class(value)\n        if message == \"\" and \"message\" in value:\n            message = value[\"message\"]\n    \n        screen = None  # type: ignore[assignment]\n        if \"screen\" in value:\n            screen = value[\"screen\"]\n    \n        stacktrace = None\n        st_value = value.get(\"stackTrace\") or value.get(\"stacktrace\")\n        if st_value:\n            if isinstance(st_value, str):\n                stacktrace = st_value.split(\"\\n\")\n            else:\n                stacktrace = []\n                try:\n                    for frame in st_value:\n                        line = frame.get(\"lineNumber\", \"\")\n                        file = frame.get(\"fileName\", \"<anonymous>\")\n                        if line:\n                            file = f\"{file}:{line}\"\n                        meth = frame.get(\"methodName\", \"<anonymous>\")\n                        if \"className\" in frame:\n                            meth = f\"{frame['className']}.{meth}\"\n                        msg = \"    at %s (%s)\"\n                        msg = msg % (meth, file)\n                        stacktrace.append(msg)\n                except TypeError:\n                    pass\n        if exception_class == UnexpectedAlertPresentException:\n            alert_text = None\n            if \"data\" in value:\n                alert_text = value[\"data\"].get(\"text\")\n            elif \"alert\" in value:\n                alert_text = value[\"alert\"].get(\"text\")\n            raise exception_class(message, screen, stacktrace, alert_text)  # type: ignore[call-arg]  # mypy is not smart enough here\n>       raise exception_class(message, screen, stacktrace)\nE       selenium.common.exceptions.SessionNotCreatedException: Message: session not created: Chrome failed to start: exited normally.\nE         (session not created: DevToolsActivePort file doesn't exist)\nE         (The process started from chrome location /usr/bin/google-chrome is no longer running, so ChromeDriver is assuming that Chrome has crashed.)\nE       Stacktrace:\nE       #0 0x5611c02cd303 <unknown>\nE       #1 0x5611bffb22b7 <unknown>\nE       #2 0x5611bffe6b40 <unknown>\nE       #3 0x5611bffe26e5 <unknown>\nE       #4 0x5611c002cabc <unknown>\nE       #5 0x5611c0020123 <unknown>\nE       #6 0x5611bfff0095 <unknown>\nE       #7 0x5611bfff109e <unknown>\nE       #8 0x5611c02916ab <unknown>\nE       #9 0x5611c02954ba <unknown>\nE       #10 0x5611c027df85 <unknown>\nE       #11 0x5611c029612f <unknown>\nE       #12 0x5611c0261e6f <unknown>\nE       #13 0x5611c02ba5f8 <unknown>\nE       #14 0x5611c02ba7c2 <unknown>\nE       #15 0x5611c02cc4a4 <unknown>\nE       #16 0x7fbe10e94ac3 <unknown>\n\n/opt/hostedtoolcache/Python/3.12.2/x64/lib/python3.12/site-packages/selenium/webdriver/remote/errorhandler.py:229: SessionNotCreatedException",
  "flaky" : false,
  "newFailed" : false,
  "beforeStages" : [ {
    "name" : "driver",
    "time" : {
      "start" : 1708805861915,
      "stop" : 1708805862087,
      "duration" : 172
    },
    "status" : "broken",
    "statusMessage" : "selenium.common.exceptions.SessionNotCreatedException: Message: session not created: Chrome failed to start: exited normally.\n  (session not created: DevToolsActivePort file doesn't exist)\n  (The process started from chrome location /usr/bin/google-chrome is no longer running, so ChromeDriver is assuming that Chrome has crashed.)\nStacktrace:\n#0 0x5611c02cd303 <unknown>\n#1 0x5611bffb22b7 <unknown>\n#2 0x5611bffe6b40 <unknown>\n#3 0x5611bffe26e5 <unknown>\n#4 0x5611c002cabc <unknown>\n#5 0x5611c0020123 <unknown>\n#6 0x5611bfff0095 <unknown>\n#7 0x5611bfff109e <unknown>\n#8 0x5611c02916ab <unknown>\n#9 0x5611c02954ba <unknown>\n#10 0x5611c027df85 <unknown>\n#11 0x5611c029612f <unknown>\n#12 0x5611c0261e6f <unknown>\n#13 0x5611c02ba5f8 <unknown>\n#14 0x5611c02ba7c2 <unknown>\n#15 0x5611c02cc4a4 <unknown>\n#16 0x7fbe10e94ac3 <unknown>\n\n",
    "statusTrace" : "  File \"/opt/hostedtoolcache/Python/3.12.2/x64/lib/python3.12/site-packages/pluggy/_callers.py\", line 166, in _multicall\n    teardown.throw(outcome._exception)\n  File \"/opt/hostedtoolcache/Python/3.12.2/x64/lib/python3.12/site-packages/_pytest/setuponly.py\", line 36, in pytest_fixture_setup\n    return (yield)\n            ^^^^^\n  File \"/opt/hostedtoolcache/Python/3.12.2/x64/lib/python3.12/site-packages/pluggy/_callers.py\", line 102, in _multicall\n    res = hook_impl.function(*args)\n          ^^^^^^^^^^^^^^^^^^^^^^^^^\n  File \"/opt/hostedtoolcache/Python/3.12.2/x64/lib/python3.12/site-packages/_pytest/fixtures.py\", line 1149, in pytest_fixture_setup\n    result = call_fixture_func(fixturefunc, request, kwargs)\n             ^^^^^^^^^^^^^^^^^^^^^^^^^^^^^^^^^^^^^^^^^^^^^^^\n  File \"/opt/hostedtoolcache/Python/3.12.2/x64/lib/python3.12/site-packages/_pytest/fixtures.py\", line 916, in call_fixture_func\n    fixture_result = next(generator)\n                     ^^^^^^^^^^^^^^^\n  File \"/home/runner/work/PulseWave/PulseWave/conftest.py\", line 18, in driver\n    driver = webdriver.Chrome(options=chrome_options)\n             ^^^^^^^^^^^^^^^^^^^^^^^^^^^^^^^^^^^^^^^^\n  File \"/opt/hostedtoolcache/Python/3.12.2/x64/lib/python3.12/site-packages/selenium/webdriver/chrome/webdriver.py\", line 45, in __init__\n    super().__init__(\n  File \"/opt/hostedtoolcache/Python/3.12.2/x64/lib/python3.12/site-packages/selenium/webdriver/chromium/webdriver.py\", line 61, in __init__\n    super().__init__(command_executor=executor, options=options)\n  File \"/opt/hostedtoolcache/Python/3.12.2/x64/lib/python3.12/site-packages/selenium/webdriver/remote/webdriver.py\", line 208, in __init__\n    self.start_session(capabilities)\n  File \"/opt/hostedtoolcache/Python/3.12.2/x64/lib/python3.12/site-packages/selenium/webdriver/remote/webdriver.py\", line 292, in start_session\n    response = self.execute(Command.NEW_SESSION, caps)[\"value\"]\n               ^^^^^^^^^^^^^^^^^^^^^^^^^^^^^^^^^^^^^^^\n  File \"/opt/hostedtoolcache/Python/3.12.2/x64/lib/python3.12/site-packages/selenium/webdriver/remote/webdriver.py\", line 347, in execute\n    self.error_handler.check_response(response)\n  File \"/opt/hostedtoolcache/Python/3.12.2/x64/lib/python3.12/site-packages/selenium/webdriver/remote/errorhandler.py\", line 229, in check_response\n    raise exception_class(message, screen, stacktrace)\n",
    "steps" : [ ],
    "attachments" : [ ],
    "parameters" : [ ],
    "stepsCount" : 0,
    "attachmentsCount" : 0,
    "shouldDisplayMessage" : true,
    "hasContent" : true
  }, {
    "name" : "_session_faker",
    "time" : {
      "start" : 1708805607601,
      "stop" : 1708805607618,
      "duration" : 17
    },
    "status" : "passed",
    "steps" : [ ],
    "attachments" : [ ],
    "parameters" : [ ],
    "stepsCount" : 0,
    "attachmentsCount" : 0,
    "shouldDisplayMessage" : false,
    "hasContent" : false
  }, {
    "name" : "clear_allure_results_folder",
    "time" : {
      "start" : 1708805607619,
      "stop" : 1708805607619,
      "duration" : 0
    },
    "status" : "passed",
    "steps" : [ ],
    "attachments" : [ ],
    "parameters" : [ ],
    "stepsCount" : 0,
    "attachmentsCount" : 0,
    "shouldDisplayMessage" : false,
    "hasContent" : false
  } ],
  "afterStages" : [ ],
  "labels" : [ {
    "name" : "epic",
    "value" : "Тестирование Хедера"
  }, {
    "name" : "tag",
    "value" : "smoke"
  }, {
    "name" : "parentSuite",
    "value" : "tests.test_header"
  }, {
    "name" : "suite",
    "value" : "test_header"
  }, {
    "name" : "subSuite",
    "value" : "TestHeader"
  }, {
    "name" : "host",
    "value" : "fv-az885-50"
  }, {
    "name" : "thread",
    "value" : "2222-MainThread"
  }, {
    "name" : "framework",
    "value" : "pytest"
  }, {
    "name" : "language",
    "value" : "cpython3"
  }, {
    "name" : "package",
    "value" : "tests.test_header.test_header"
  }, {
    "name" : "resultFormat",
    "value" : "allure2"
  } ],
  "parameters" : [ {
    "name" : "browser",
    "value" : "'chrome'"
  }, {
    "name" : "url",
    "value" : "'https://front.pwave.pnpl.tech/home'"
  } ],
  "links" : [ ],
  "hidden" : false,
  "retry" : false,
  "extra" : {
    "severity" : "normal",
    "retries" : [ ],
    "categories" : [ {
      "name" : "Test defects",
      "matchedStatuses" : [ ],
      "flaky" : false
    } ],
    "history" : {
      "statistic" : {
        "failed" : 0,
        "broken" : 1,
        "skipped" : 0,
        "passed" : 18,
        "unknown" : 0,
        "total" : 19
      },
      "items" : [ {
        "uid" : "3f7d96e5346e8c69",
        "reportUrl" : "https://Nat754.github.io/PulseWave/173//#testresult/3f7d96e5346e8c69",
        "status" : "passed",
        "time" : {
          "start" : 1708548035161,
          "stop" : 1708548035188,
          "duration" : 27
        }
      }, {
        "uid" : "7e57cf31bb82b5b6",
        "reportUrl" : "https://Nat754.github.io/PulseWave/172//#testresult/7e57cf31bb82b5b6",
        "status" : "passed",
        "time" : {
          "start" : 1707851323135,
          "stop" : 1707851323163,
          "duration" : 28
        }
      }, {
        "uid" : "ceb8c5e9d50a15ef",
        "reportUrl" : "https://Nat754.github.io/PulseWave/171//#testresult/ceb8c5e9d50a15ef",
        "status" : "passed",
        "time" : {
          "start" : 1707494829531,
          "stop" : 1707494829557,
          "duration" : 26
        }
      }, {
        "uid" : "6ade937b978ba4f7",
        "reportUrl" : "https://Nat754.github.io/PulseWave/171//#testresult/6ade937b978ba4f7",
        "status" : "passed",
        "time" : {
          "start" : 1707479903852,
          "stop" : 1707479903880,
          "duration" : 28
        }
      }, {
        "uid" : "dd875346a721bd7",
        "reportUrl" : "https://Nat754.github.io/PulseWave/170//#testresult/dd875346a721bd7",
        "status" : "passed",
        "time" : {
          "start" : 1707255248041,
          "stop" : 1707255248068,
          "duration" : 27
        }
      }, {
        "uid" : "50bfe234f2e99da5",
        "reportUrl" : "https://Nat754.github.io/PulseWave/169//#testresult/50bfe234f2e99da5",
        "status" : "passed",
        "time" : {
          "start" : 1707252581145,
          "stop" : 1707252581174,
          "duration" : 29
        }
      }, {
        "uid" : "285d3f5ef82d854a",
        "reportUrl" : "https://Nat754.github.io/PulseWave/169//#testresult/285d3f5ef82d854a",
        "status" : "passed",
        "time" : {
          "start" : 1707245299745,
          "stop" : 1707245299775,
          "duration" : 30
        }
      }, {
        "uid" : "14c9100450662153",
        "reportUrl" : "https://Nat754.github.io/PulseWave/169//#testresult/14c9100450662153",
        "status" : "passed",
        "time" : {
          "start" : 1707244259687,
          "stop" : 1707244259717,
          "duration" : 30
        }
      }, {
        "uid" : "5130fa938b47a90e",
        "reportUrl" : "https://Nat754.github.io/PulseWave/168//#testresult/5130fa938b47a90e",
        "status" : "passed",
        "time" : {
          "start" : 1707241344136,
          "stop" : 1707241344164,
          "duration" : 28
        }
      }, {
        "uid" : "2b0e68910ee02c2a",
        "reportUrl" : "https://Nat754.github.io/PulseWave/167//#testresult/2b0e68910ee02c2a",
        "status" : "passed",
        "time" : {
          "start" : 1707239699121,
          "stop" : 1707239699150,
          "duration" : 29
        }
      }, {
        "uid" : "8b964cfa7f8503b",
        "reportUrl" : "https://Nat754.github.io/PulseWave/166//#testresult/8b964cfa7f8503b",
        "status" : "passed",
        "time" : {
          "start" : 1707236046673,
          "stop" : 1707236046702,
          "duration" : 29
        }
      }, {
        "uid" : "138fb39ddd3f495b",
        "reportUrl" : "https://Nat754.github.io/PulseWave/166//#testresult/138fb39ddd3f495b",
        "status" : "passed",
        "time" : {
          "start" : 1707220136850,
          "stop" : 1707220136877,
          "duration" : 27
        }
      }, {
        "uid" : "d1efc680f23bfe4e",
        "reportUrl" : "https://Nat754.github.io/PulseWave/166//#testresult/d1efc680f23bfe4e",
        "status" : "passed",
        "time" : {
          "start" : 1707218547099,
          "stop" : 1707218547126,
          "duration" : 27
        }
      }, {
        "uid" : "553153b3dae5167",
        "reportUrl" : "https://Nat754.github.io/PulseWave/166//#testresult/553153b3dae5167",
        "status" : "passed",
        "time" : {
          "start" : 1707217587918,
          "stop" : 1707217587945,
          "duration" : 27
        }
      }, {
        "uid" : "8a2350b56751d24e",
        "reportUrl" : "https://Nat754.github.io/PulseWave/165//#testresult/8a2350b56751d24e",
        "status" : "passed",
        "time" : {
          "start" : 1707216685548,
          "stop" : 1707216685575,
          "duration" : 27
        }
      }, {
        "uid" : "28bbe884c29d1b0",
        "reportUrl" : "https://Nat754.github.io/PulseWave/164//#testresult/28bbe884c29d1b0",
        "status" : "passed",
        "time" : {
          "start" : 1707215007837,
          "stop" : 1707215007865,
          "duration" : 28
        }
      }, {
        "uid" : "20dde79704891004",
        "reportUrl" : "https://Nat754.github.io/PulseWave/164//#testresult/20dde79704891004",
        "status" : "passed",
        "time" : {
          "start" : 1707211636314,
          "stop" : 1707211636343,
          "duration" : 29
        }
      }, {
        "uid" : "66358d9776b7d0b9",
        "reportUrl" : "https://Nat754.github.io/PulseWave/163//#testresult/66358d9776b7d0b9",
        "status" : "passed",
        "time" : {
          "start" : 1707078540467,
          "stop" : 1707078540494,
          "duration" : 27
        }
      } ]
    },
    "tags" : [ "smoke" ]
  },
  "source" : "409e1610d9c3309a.json",
  "parameterValues" : [ "'chrome'", "'https://front.pwave.pnpl.tech/home'" ]
}