{
  "uid" : "4132af4ec77e36b8",
  "name" : "test_get_css_property_footer_license[font-family-Mulish, sans-serif-\\u0448\\u0440\\u0438\\u0444\\u0442\\u0430-https://front.pwave.pnpl.tech/auth/password?email=-chrome]",
  "fullName" : "tests.test_footer.test_footer.TestFooter#test_get_css_property_footer_license",
  "historyId" : "eb583371bf3fccfa1f10e575910da282",
  "time" : {
    "start" : 1708805856568,
    "stop" : 1708805856568,
    "duration" : 0
  },
  "status" : "broken",
  "statusMessage" : "selenium.common.exceptions.SessionNotCreatedException: Message: session not created: Chrome failed to start: exited normally.\n  (session not created: DevToolsActivePort file doesn't exist)\n  (The process started from chrome location /usr/bin/google-chrome is no longer running, so ChromeDriver is assuming that Chrome has crashed.)\nStacktrace:\n#0 0x55d56cc35303 <unknown>\n#1 0x55d56c91a2b7 <unknown>\n#2 0x55d56c94eb40 <unknown>\n#3 0x55d56c94a6e5 <unknown>\n#4 0x55d56c994abc <unknown>\n#5 0x55d56c988123 <unknown>\n#6 0x55d56c958095 <unknown>\n#7 0x55d56c95909e <unknown>\n#8 0x55d56cbf96ab <unknown>\n#9 0x55d56cbfd4ba <unknown>\n#10 0x55d56cbe5f85 <unknown>\n#11 0x55d56cbfe12f <unknown>\n#12 0x55d56cbc9e6f <unknown>\n#13 0x55d56cc225f8 <unknown>\n#14 0x55d56cc227c2 <unknown>\n#15 0x55d56cc344a4 <unknown>\n#16 0x7f56d9c94ac3 <unknown>",
  "statusTrace" : "browser = 'chrome'\n\n    @pytest.fixture(scope='function')\n    def driver(browser):\n        print(f'\\nstart {browser} browser...')\n        if browser == \"chrome\":\n            chrome_options = ChromeOptions()\n            # chrome_options.add_argument('--headless')\n            chrome_options.add_argument('--start-maximized')\n>           driver = webdriver.Chrome(options=chrome_options)\n\nconftest.py:18: \n_ _ _ _ _ _ _ _ _ _ _ _ _ _ _ _ _ _ _ _ _ _ _ _ _ _ _ _ _ _ _ _ _ _ _ _ _ _ _ _ \n/opt/hostedtoolcache/Python/3.12.2/x64/lib/python3.12/site-packages/selenium/webdriver/chrome/webdriver.py:45: in __init__\n    super().__init__(\n/opt/hostedtoolcache/Python/3.12.2/x64/lib/python3.12/site-packages/selenium/webdriver/chromium/webdriver.py:61: in __init__\n    super().__init__(command_executor=executor, options=options)\n/opt/hostedtoolcache/Python/3.12.2/x64/lib/python3.12/site-packages/selenium/webdriver/remote/webdriver.py:208: in __init__\n    self.start_session(capabilities)\n/opt/hostedtoolcache/Python/3.12.2/x64/lib/python3.12/site-packages/selenium/webdriver/remote/webdriver.py:292: in start_session\n    response = self.execute(Command.NEW_SESSION, caps)[\"value\"]\n/opt/hostedtoolcache/Python/3.12.2/x64/lib/python3.12/site-packages/selenium/webdriver/remote/webdriver.py:347: in execute\n    self.error_handler.check_response(response)\n_ _ _ _ _ _ _ _ _ _ _ _ _ _ _ _ _ _ _ _ _ _ _ _ _ _ _ _ _ _ _ _ _ _ _ _ _ _ _ _ \n\nself = <selenium.webdriver.remote.errorhandler.ErrorHandler object at 0x7f13ac33a1e0>\nresponse = {'status': 500, 'value': '{\"value\":{\"error\":\"session not created\",\"message\":\"session not created: Chrome failed to sta...\\\\n#14 0x55d56cc227c2 \\\\u003Cunknown>\\\\n#15 0x55d56cc344a4 \\\\u003Cunknown>\\\\n#16 0x7f56d9c94ac3 \\\\u003Cunknown>\\\\n\"}}'}\n\n    def check_response(self, response: Dict[str, Any]) -> None:\n        \"\"\"Checks that a JSON response from the WebDriver does not have an\n        error.\n    \n        :Args:\n         - response - The JSON response from the WebDriver server as a dictionary\n           object.\n    \n        :Raises: If the response contains an error message.\n        \"\"\"\n        status = response.get(\"status\", None)\n        if not status or status == ErrorCode.SUCCESS:\n            return\n        value = None\n        message = response.get(\"message\", \"\")\n        screen: str = response.get(\"screen\", \"\")\n        stacktrace = None\n        if isinstance(status, int):\n            value_json = response.get(\"value\", None)\n            if value_json and isinstance(value_json, str):\n                import json\n    \n                try:\n                    value = json.loads(value_json)\n                    if len(value) == 1:\n                        value = value[\"value\"]\n                    status = value.get(\"error\", None)\n                    if not status:\n                        status = value.get(\"status\", ErrorCode.UNKNOWN_ERROR)\n                        message = value.get(\"value\") or value.get(\"message\")\n                        if not isinstance(message, str):\n                            value = message\n                            message = message.get(\"message\")\n                    else:\n                        message = value.get(\"message\", None)\n                except ValueError:\n                    pass\n    \n        exception_class: Type[WebDriverException]\n        e = ErrorCode()\n        error_codes = [item for item in dir(e) if not item.startswith(\"__\")]\n        for error_code in error_codes:\n            error_info = getattr(ErrorCode, error_code)\n            if isinstance(error_info, list) and status in error_info:\n                exception_class = getattr(ExceptionMapping, error_code, WebDriverException)\n                break\n        else:\n            exception_class = WebDriverException\n    \n        if not value:\n            value = response[\"value\"]\n        if isinstance(value, str):\n            raise exception_class(value)\n        if message == \"\" and \"message\" in value:\n            message = value[\"message\"]\n    \n        screen = None  # type: ignore[assignment]\n        if \"screen\" in value:\n            screen = value[\"screen\"]\n    \n        stacktrace = None\n        st_value = value.get(\"stackTrace\") or value.get(\"stacktrace\")\n        if st_value:\n            if isinstance(st_value, str):\n                stacktrace = st_value.split(\"\\n\")\n            else:\n                stacktrace = []\n                try:\n                    for frame in st_value:\n                        line = frame.get(\"lineNumber\", \"\")\n                        file = frame.get(\"fileName\", \"<anonymous>\")\n                        if line:\n                            file = f\"{file}:{line}\"\n                        meth = frame.get(\"methodName\", \"<anonymous>\")\n                        if \"className\" in frame:\n                            meth = f\"{frame['className']}.{meth}\"\n                        msg = \"    at %s (%s)\"\n                        msg = msg % (meth, file)\n                        stacktrace.append(msg)\n                except TypeError:\n                    pass\n        if exception_class == UnexpectedAlertPresentException:\n            alert_text = None\n            if \"data\" in value:\n                alert_text = value[\"data\"].get(\"text\")\n            elif \"alert\" in value:\n                alert_text = value[\"alert\"].get(\"text\")\n            raise exception_class(message, screen, stacktrace, alert_text)  # type: ignore[call-arg]  # mypy is not smart enough here\n>       raise exception_class(message, screen, stacktrace)\nE       selenium.common.exceptions.SessionNotCreatedException: Message: session not created: Chrome failed to start: exited normally.\nE         (session not created: DevToolsActivePort file doesn't exist)\nE         (The process started from chrome location /usr/bin/google-chrome is no longer running, so ChromeDriver is assuming that Chrome has crashed.)\nE       Stacktrace:\nE       #0 0x55d56cc35303 <unknown>\nE       #1 0x55d56c91a2b7 <unknown>\nE       #2 0x55d56c94eb40 <unknown>\nE       #3 0x55d56c94a6e5 <unknown>\nE       #4 0x55d56c994abc <unknown>\nE       #5 0x55d56c988123 <unknown>\nE       #6 0x55d56c958095 <unknown>\nE       #7 0x55d56c95909e <unknown>\nE       #8 0x55d56cbf96ab <unknown>\nE       #9 0x55d56cbfd4ba <unknown>\nE       #10 0x55d56cbe5f85 <unknown>\nE       #11 0x55d56cbfe12f <unknown>\nE       #12 0x55d56cbc9e6f <unknown>\nE       #13 0x55d56cc225f8 <unknown>\nE       #14 0x55d56cc227c2 <unknown>\nE       #15 0x55d56cc344a4 <unknown>\nE       #16 0x7f56d9c94ac3 <unknown>\n\n/opt/hostedtoolcache/Python/3.12.2/x64/lib/python3.12/site-packages/selenium/webdriver/remote/errorhandler.py:229: SessionNotCreatedException",
  "flaky" : false,
  "newFailed" : false,
  "beforeStages" : [ {
    "name" : "_session_faker",
    "time" : {
      "start" : 1708805607601,
      "stop" : 1708805607618,
      "duration" : 17
    },
    "status" : "passed",
    "steps" : [ ],
    "attachments" : [ ],
    "parameters" : [ ],
    "stepsCount" : 0,
    "attachmentsCount" : 0,
    "shouldDisplayMessage" : false,
    "hasContent" : false
  }, {
    "name" : "clear_allure_results_folder",
    "time" : {
      "start" : 1708805607619,
      "stop" : 1708805607619,
      "duration" : 0
    },
    "status" : "passed",
    "steps" : [ ],
    "attachments" : [ ],
    "parameters" : [ ],
    "stepsCount" : 0,
    "attachmentsCount" : 0,
    "shouldDisplayMessage" : false,
    "hasContent" : false
  }, {
    "name" : "driver",
    "time" : {
      "start" : 1708805856569,
      "stop" : 1708805856741,
      "duration" : 172
    },
    "status" : "broken",
    "statusMessage" : "selenium.common.exceptions.SessionNotCreatedException: Message: session not created: Chrome failed to start: exited normally.\n  (session not created: DevToolsActivePort file doesn't exist)\n  (The process started from chrome location /usr/bin/google-chrome is no longer running, so ChromeDriver is assuming that Chrome has crashed.)\nStacktrace:\n#0 0x55d56cc35303 <unknown>\n#1 0x55d56c91a2b7 <unknown>\n#2 0x55d56c94eb40 <unknown>\n#3 0x55d56c94a6e5 <unknown>\n#4 0x55d56c994abc <unknown>\n#5 0x55d56c988123 <unknown>\n#6 0x55d56c958095 <unknown>\n#7 0x55d56c95909e <unknown>\n#8 0x55d56cbf96ab <unknown>\n#9 0x55d56cbfd4ba <unknown>\n#10 0x55d56cbe5f85 <unknown>\n#11 0x55d56cbfe12f <unknown>\n#12 0x55d56cbc9e6f <unknown>\n#13 0x55d56cc225f8 <unknown>\n#14 0x55d56cc227c2 <unknown>\n#15 0x55d56cc344a4 <unknown>\n#16 0x7f56d9c94ac3 <unknown>\n\n",
    "statusTrace" : "  File \"/opt/hostedtoolcache/Python/3.12.2/x64/lib/python3.12/site-packages/pluggy/_callers.py\", line 166, in _multicall\n    teardown.throw(outcome._exception)\n  File \"/opt/hostedtoolcache/Python/3.12.2/x64/lib/python3.12/site-packages/_pytest/setuponly.py\", line 36, in pytest_fixture_setup\n    return (yield)\n            ^^^^^\n  File \"/opt/hostedtoolcache/Python/3.12.2/x64/lib/python3.12/site-packages/pluggy/_callers.py\", line 102, in _multicall\n    res = hook_impl.function(*args)\n          ^^^^^^^^^^^^^^^^^^^^^^^^^\n  File \"/opt/hostedtoolcache/Python/3.12.2/x64/lib/python3.12/site-packages/_pytest/fixtures.py\", line 1149, in pytest_fixture_setup\n    result = call_fixture_func(fixturefunc, request, kwargs)\n             ^^^^^^^^^^^^^^^^^^^^^^^^^^^^^^^^^^^^^^^^^^^^^^^\n  File \"/opt/hostedtoolcache/Python/3.12.2/x64/lib/python3.12/site-packages/_pytest/fixtures.py\", line 916, in call_fixture_func\n    fixture_result = next(generator)\n                     ^^^^^^^^^^^^^^^\n  File \"/home/runner/work/PulseWave/PulseWave/conftest.py\", line 18, in driver\n    driver = webdriver.Chrome(options=chrome_options)\n             ^^^^^^^^^^^^^^^^^^^^^^^^^^^^^^^^^^^^^^^^\n  File \"/opt/hostedtoolcache/Python/3.12.2/x64/lib/python3.12/site-packages/selenium/webdriver/chrome/webdriver.py\", line 45, in __init__\n    super().__init__(\n  File \"/opt/hostedtoolcache/Python/3.12.2/x64/lib/python3.12/site-packages/selenium/webdriver/chromium/webdriver.py\", line 61, in __init__\n    super().__init__(command_executor=executor, options=options)\n  File \"/opt/hostedtoolcache/Python/3.12.2/x64/lib/python3.12/site-packages/selenium/webdriver/remote/webdriver.py\", line 208, in __init__\n    self.start_session(capabilities)\n  File \"/opt/hostedtoolcache/Python/3.12.2/x64/lib/python3.12/site-packages/selenium/webdriver/remote/webdriver.py\", line 292, in start_session\n    response = self.execute(Command.NEW_SESSION, caps)[\"value\"]\n               ^^^^^^^^^^^^^^^^^^^^^^^^^^^^^^^^^^^^^^^\n  File \"/opt/hostedtoolcache/Python/3.12.2/x64/lib/python3.12/site-packages/selenium/webdriver/remote/webdriver.py\", line 347, in execute\n    self.error_handler.check_response(response)\n  File \"/opt/hostedtoolcache/Python/3.12.2/x64/lib/python3.12/site-packages/selenium/webdriver/remote/errorhandler.py\", line 229, in check_response\n    raise exception_class(message, screen, stacktrace)\n",
    "steps" : [ ],
    "attachments" : [ ],
    "parameters" : [ ],
    "stepsCount" : 0,
    "attachmentsCount" : 0,
    "shouldDisplayMessage" : true,
    "hasContent" : true
  } ],
  "afterStages" : [ ],
  "labels" : [ {
    "name" : "epic",
    "value" : "Тестирование Футера"
  }, {
    "name" : "tag",
    "value" : "regress"
  }, {
    "name" : "parentSuite",
    "value" : "tests.test_footer"
  }, {
    "name" : "suite",
    "value" : "test_footer"
  }, {
    "name" : "subSuite",
    "value" : "TestFooter"
  }, {
    "name" : "host",
    "value" : "fv-az885-50"
  }, {
    "name" : "thread",
    "value" : "2222-MainThread"
  }, {
    "name" : "framework",
    "value" : "pytest"
  }, {
    "name" : "language",
    "value" : "cpython3"
  }, {
    "name" : "package",
    "value" : "tests.test_footer.test_footer"
  }, {
    "name" : "resultFormat",
    "value" : "allure2"
  } ],
  "parameters" : [ {
    "name" : "browser",
    "value" : "'chrome'"
  }, {
    "name" : "css_property",
    "value" : "'font-family'"
  }, {
    "name" : "figma",
    "value" : "'Mulish, sans-serif'"
  }, {
    "name" : "name",
    "value" : "'шрифта'"
  }, {
    "name" : "url",
    "value" : "'https://front.pwave.pnpl.tech/auth/password?email='"
  } ],
  "links" : [ ],
  "hidden" : false,
  "retry" : false,
  "extra" : {
    "severity" : "normal",
    "retries" : [ ],
    "categories" : [ {
      "name" : "Test defects",
      "matchedStatuses" : [ ],
      "flaky" : false
    } ],
    "history" : {
      "statistic" : {
        "failed" : 0,
        "broken" : 1,
        "skipped" : 0,
        "passed" : 18,
        "unknown" : 0,
        "total" : 19
      },
      "items" : [ {
        "uid" : "6fb72b563f370eee",
        "reportUrl" : "https://Nat754.github.io/PulseWave/173//#testresult/6fb72b563f370eee",
        "status" : "passed",
        "time" : {
          "start" : 1708547975642,
          "stop" : 1708547975675,
          "duration" : 33
        }
      }, {
        "uid" : "b7b7d1252281a6d6",
        "reportUrl" : "https://Nat754.github.io/PulseWave/172//#testresult/b7b7d1252281a6d6",
        "status" : "passed",
        "time" : {
          "start" : 1707851237679,
          "stop" : 1707851237712,
          "duration" : 33
        }
      }, {
        "uid" : "be69f9a428d27d0a",
        "reportUrl" : "https://Nat754.github.io/PulseWave/171//#testresult/be69f9a428d27d0a",
        "status" : "passed",
        "time" : {
          "start" : 1707494771032,
          "stop" : 1707494771065,
          "duration" : 33
        }
      }, {
        "uid" : "4be685331c7f4c93",
        "reportUrl" : "https://Nat754.github.io/PulseWave/171//#testresult/4be685331c7f4c93",
        "status" : "passed",
        "time" : {
          "start" : 1707479842674,
          "stop" : 1707479842708,
          "duration" : 34
        }
      }, {
        "uid" : "43359056ee793c62",
        "reportUrl" : "https://Nat754.github.io/PulseWave/170//#testresult/43359056ee793c62",
        "status" : "passed",
        "time" : {
          "start" : 1707255189762,
          "stop" : 1707255189794,
          "duration" : 32
        }
      }, {
        "uid" : "550c9f5a6f125499",
        "reportUrl" : "https://Nat754.github.io/PulseWave/169//#testresult/550c9f5a6f125499",
        "status" : "passed",
        "time" : {
          "start" : 1707252537734,
          "stop" : 1707252537770,
          "duration" : 36
        }
      }, {
        "uid" : "943187b0f08f0b13",
        "reportUrl" : "https://Nat754.github.io/PulseWave/169//#testresult/943187b0f08f0b13",
        "status" : "passed",
        "time" : {
          "start" : 1707245243165,
          "stop" : 1707245243199,
          "duration" : 34
        }
      }, {
        "uid" : "3c882a81715381fc",
        "reportUrl" : "https://Nat754.github.io/PulseWave/169//#testresult/3c882a81715381fc",
        "status" : "passed",
        "time" : {
          "start" : 1707244201550,
          "stop" : 1707244201586,
          "duration" : 36
        }
      }, {
        "uid" : "65a31dc0ed102f30",
        "reportUrl" : "https://Nat754.github.io/PulseWave/168//#testresult/65a31dc0ed102f30",
        "status" : "passed",
        "time" : {
          "start" : 1707241301569,
          "stop" : 1707241301601,
          "duration" : 32
        }
      }, {
        "uid" : "ceef05309d7fcc38",
        "reportUrl" : "https://Nat754.github.io/PulseWave/167//#testresult/ceef05309d7fcc38",
        "status" : "passed",
        "time" : {
          "start" : 1707239640685,
          "stop" : 1707239640718,
          "duration" : 33
        }
      }, {
        "uid" : "5e2b3394b77428d5",
        "reportUrl" : "https://Nat754.github.io/PulseWave/166//#testresult/5e2b3394b77428d5",
        "status" : "passed",
        "time" : {
          "start" : 1707236003004,
          "stop" : 1707236003039,
          "duration" : 35
        }
      }, {
        "uid" : "e93506ebf8336b79",
        "reportUrl" : "https://Nat754.github.io/PulseWave/166//#testresult/e93506ebf8336b79",
        "status" : "passed",
        "time" : {
          "start" : 1707220090723,
          "stop" : 1707220090754,
          "duration" : 31
        }
      }, {
        "uid" : "80312bff4ad64dc8",
        "reportUrl" : "https://Nat754.github.io/PulseWave/166//#testresult/80312bff4ad64dc8",
        "status" : "passed",
        "time" : {
          "start" : 1707218504508,
          "stop" : 1707218504540,
          "duration" : 32
        }
      }, {
        "uid" : "7cb7865e544920c6",
        "reportUrl" : "https://Nat754.github.io/PulseWave/166//#testresult/7cb7865e544920c6",
        "status" : "passed",
        "time" : {
          "start" : 1707217544371,
          "stop" : 1707217544403,
          "duration" : 32
        }
      }, {
        "uid" : "fdd6419e42fd11c1",
        "reportUrl" : "https://Nat754.github.io/PulseWave/165//#testresult/fdd6419e42fd11c1",
        "status" : "passed",
        "time" : {
          "start" : 1707216642454,
          "stop" : 1707216642488,
          "duration" : 34
        }
      }, {
        "uid" : "b65dcb46cac363d8",
        "reportUrl" : "https://Nat754.github.io/PulseWave/164//#testresult/b65dcb46cac363d8",
        "status" : "passed",
        "time" : {
          "start" : 1707214964844,
          "stop" : 1707214964877,
          "duration" : 33
        }
      }, {
        "uid" : "f1563cc82ecb55fc",
        "reportUrl" : "https://Nat754.github.io/PulseWave/164//#testresult/f1563cc82ecb55fc",
        "status" : "passed",
        "time" : {
          "start" : 1707211577884,
          "stop" : 1707211577917,
          "duration" : 33
        }
      }, {
        "uid" : "9e984afefdde8f08",
        "reportUrl" : "https://Nat754.github.io/PulseWave/163//#testresult/9e984afefdde8f08",
        "status" : "passed",
        "time" : {
          "start" : 1707078496895,
          "stop" : 1707078496927,
          "duration" : 32
        }
      } ]
    },
    "tags" : [ "regress" ]
  },
  "source" : "4132af4ec77e36b8.json",
  "parameterValues" : [ "'chrome'", "'font-family'", "'Mulish, sans-serif'", "'шрифта'", "'https://front.pwave.pnpl.tech/auth/password?email='" ]
}