{
  "uid" : "455ee1846d882cce",
  "name" : "1.29 Окно регистрации сообщение 'Регистрируясь, я соглашаюсь с Условиями пользования и Политикой конфиденциальности' проверка корректности перехода по ссылке 'Политикой конфиденциальности'",
  "fullName" : "tests.test_signup_page.test_signup_page.TestSignupPage#test_check_redirect_to_policy_service",
  "historyId" : "6b8e8c4fb1250455233d4fdf5286f7f1",
  "time" : {
    "start" : 1708805884392,
    "stop" : 1708805884392,
    "duration" : 0
  },
  "status" : "broken",
  "statusMessage" : "selenium.common.exceptions.SessionNotCreatedException: Message: session not created: Chrome failed to start: exited normally.\n  (session not created: DevToolsActivePort file doesn't exist)\n  (The process started from chrome location /usr/bin/google-chrome is no longer running, so ChromeDriver is assuming that Chrome has crashed.)\nStacktrace:\n#0 0x556f7428b303 <unknown>\n#1 0x556f73f702b7 <unknown>\n#2 0x556f73fa4b40 <unknown>\n#3 0x556f73fa06e5 <unknown>\n#4 0x556f73feaabc <unknown>\n#5 0x556f73fde123 <unknown>\n#6 0x556f73fae095 <unknown>\n#7 0x556f73faf09e <unknown>\n#8 0x556f7424f6ab <unknown>\n#9 0x556f742534ba <unknown>\n#10 0x556f7423bf85 <unknown>\n#11 0x556f7425412f <unknown>\n#12 0x556f7421fe6f <unknown>\n#13 0x556f742785f8 <unknown>\n#14 0x556f742787c2 <unknown>\n#15 0x556f7428a4a4 <unknown>\n#16 0x7fdc6e094ac3 <unknown>",
  "statusTrace" : "browser = 'chrome'\n\n    @pytest.fixture(scope='function')\n    def driver(browser):\n        print(f'\\nstart {browser} browser...')\n        if browser == \"chrome\":\n            chrome_options = ChromeOptions()\n            # chrome_options.add_argument('--headless')\n            chrome_options.add_argument('--start-maximized')\n>           driver = webdriver.Chrome(options=chrome_options)\n\nconftest.py:18: \n_ _ _ _ _ _ _ _ _ _ _ _ _ _ _ _ _ _ _ _ _ _ _ _ _ _ _ _ _ _ _ _ _ _ _ _ _ _ _ _ \n/opt/hostedtoolcache/Python/3.12.2/x64/lib/python3.12/site-packages/selenium/webdriver/chrome/webdriver.py:45: in __init__\n    super().__init__(\n/opt/hostedtoolcache/Python/3.12.2/x64/lib/python3.12/site-packages/selenium/webdriver/chromium/webdriver.py:61: in __init__\n    super().__init__(command_executor=executor, options=options)\n/opt/hostedtoolcache/Python/3.12.2/x64/lib/python3.12/site-packages/selenium/webdriver/remote/webdriver.py:208: in __init__\n    self.start_session(capabilities)\n/opt/hostedtoolcache/Python/3.12.2/x64/lib/python3.12/site-packages/selenium/webdriver/remote/webdriver.py:292: in start_session\n    response = self.execute(Command.NEW_SESSION, caps)[\"value\"]\n/opt/hostedtoolcache/Python/3.12.2/x64/lib/python3.12/site-packages/selenium/webdriver/remote/webdriver.py:347: in execute\n    self.error_handler.check_response(response)\n_ _ _ _ _ _ _ _ _ _ _ _ _ _ _ _ _ _ _ _ _ _ _ _ _ _ _ _ _ _ _ _ _ _ _ _ _ _ _ _ \n\nself = <selenium.webdriver.remote.errorhandler.ErrorHandler object at 0x7f13ac34c1a0>\nresponse = {'status': 500, 'value': '{\"value\":{\"error\":\"session not created\",\"message\":\"session not created: Chrome failed to sta...\\\\n#14 0x556f742787c2 \\\\u003Cunknown>\\\\n#15 0x556f7428a4a4 \\\\u003Cunknown>\\\\n#16 0x7fdc6e094ac3 \\\\u003Cunknown>\\\\n\"}}'}\n\n    def check_response(self, response: Dict[str, Any]) -> None:\n        \"\"\"Checks that a JSON response from the WebDriver does not have an\n        error.\n    \n        :Args:\n         - response - The JSON response from the WebDriver server as a dictionary\n           object.\n    \n        :Raises: If the response contains an error message.\n        \"\"\"\n        status = response.get(\"status\", None)\n        if not status or status == ErrorCode.SUCCESS:\n            return\n        value = None\n        message = response.get(\"message\", \"\")\n        screen: str = response.get(\"screen\", \"\")\n        stacktrace = None\n        if isinstance(status, int):\n            value_json = response.get(\"value\", None)\n            if value_json and isinstance(value_json, str):\n                import json\n    \n                try:\n                    value = json.loads(value_json)\n                    if len(value) == 1:\n                        value = value[\"value\"]\n                    status = value.get(\"error\", None)\n                    if not status:\n                        status = value.get(\"status\", ErrorCode.UNKNOWN_ERROR)\n                        message = value.get(\"value\") or value.get(\"message\")\n                        if not isinstance(message, str):\n                            value = message\n                            message = message.get(\"message\")\n                    else:\n                        message = value.get(\"message\", None)\n                except ValueError:\n                    pass\n    \n        exception_class: Type[WebDriverException]\n        e = ErrorCode()\n        error_codes = [item for item in dir(e) if not item.startswith(\"__\")]\n        for error_code in error_codes:\n            error_info = getattr(ErrorCode, error_code)\n            if isinstance(error_info, list) and status in error_info:\n                exception_class = getattr(ExceptionMapping, error_code, WebDriverException)\n                break\n        else:\n            exception_class = WebDriverException\n    \n        if not value:\n            value = response[\"value\"]\n        if isinstance(value, str):\n            raise exception_class(value)\n        if message == \"\" and \"message\" in value:\n            message = value[\"message\"]\n    \n        screen = None  # type: ignore[assignment]\n        if \"screen\" in value:\n            screen = value[\"screen\"]\n    \n        stacktrace = None\n        st_value = value.get(\"stackTrace\") or value.get(\"stacktrace\")\n        if st_value:\n            if isinstance(st_value, str):\n                stacktrace = st_value.split(\"\\n\")\n            else:\n                stacktrace = []\n                try:\n                    for frame in st_value:\n                        line = frame.get(\"lineNumber\", \"\")\n                        file = frame.get(\"fileName\", \"<anonymous>\")\n                        if line:\n                            file = f\"{file}:{line}\"\n                        meth = frame.get(\"methodName\", \"<anonymous>\")\n                        if \"className\" in frame:\n                            meth = f\"{frame['className']}.{meth}\"\n                        msg = \"    at %s (%s)\"\n                        msg = msg % (meth, file)\n                        stacktrace.append(msg)\n                except TypeError:\n                    pass\n        if exception_class == UnexpectedAlertPresentException:\n            alert_text = None\n            if \"data\" in value:\n                alert_text = value[\"data\"].get(\"text\")\n            elif \"alert\" in value:\n                alert_text = value[\"alert\"].get(\"text\")\n            raise exception_class(message, screen, stacktrace, alert_text)  # type: ignore[call-arg]  # mypy is not smart enough here\n>       raise exception_class(message, screen, stacktrace)\nE       selenium.common.exceptions.SessionNotCreatedException: Message: session not created: Chrome failed to start: exited normally.\nE         (session not created: DevToolsActivePort file doesn't exist)\nE         (The process started from chrome location /usr/bin/google-chrome is no longer running, so ChromeDriver is assuming that Chrome has crashed.)\nE       Stacktrace:\nE       #0 0x556f7428b303 <unknown>\nE       #1 0x556f73f702b7 <unknown>\nE       #2 0x556f73fa4b40 <unknown>\nE       #3 0x556f73fa06e5 <unknown>\nE       #4 0x556f73feaabc <unknown>\nE       #5 0x556f73fde123 <unknown>\nE       #6 0x556f73fae095 <unknown>\nE       #7 0x556f73faf09e <unknown>\nE       #8 0x556f7424f6ab <unknown>\nE       #9 0x556f742534ba <unknown>\nE       #10 0x556f7423bf85 <unknown>\nE       #11 0x556f7425412f <unknown>\nE       #12 0x556f7421fe6f <unknown>\nE       #13 0x556f742785f8 <unknown>\nE       #14 0x556f742787c2 <unknown>\nE       #15 0x556f7428a4a4 <unknown>\nE       #16 0x7fdc6e094ac3 <unknown>\n\n/opt/hostedtoolcache/Python/3.12.2/x64/lib/python3.12/site-packages/selenium/webdriver/remote/errorhandler.py:229: SessionNotCreatedException",
  "flaky" : false,
  "newFailed" : false,
  "beforeStages" : [ {
    "name" : "driver",
    "time" : {
      "start" : 1708805884392,
      "stop" : 1708805884563,
      "duration" : 171
    },
    "status" : "broken",
    "statusMessage" : "selenium.common.exceptions.SessionNotCreatedException: Message: session not created: Chrome failed to start: exited normally.\n  (session not created: DevToolsActivePort file doesn't exist)\n  (The process started from chrome location /usr/bin/google-chrome is no longer running, so ChromeDriver is assuming that Chrome has crashed.)\nStacktrace:\n#0 0x556f7428b303 <unknown>\n#1 0x556f73f702b7 <unknown>\n#2 0x556f73fa4b40 <unknown>\n#3 0x556f73fa06e5 <unknown>\n#4 0x556f73feaabc <unknown>\n#5 0x556f73fde123 <unknown>\n#6 0x556f73fae095 <unknown>\n#7 0x556f73faf09e <unknown>\n#8 0x556f7424f6ab <unknown>\n#9 0x556f742534ba <unknown>\n#10 0x556f7423bf85 <unknown>\n#11 0x556f7425412f <unknown>\n#12 0x556f7421fe6f <unknown>\n#13 0x556f742785f8 <unknown>\n#14 0x556f742787c2 <unknown>\n#15 0x556f7428a4a4 <unknown>\n#16 0x7fdc6e094ac3 <unknown>\n\n",
    "statusTrace" : "  File \"/opt/hostedtoolcache/Python/3.12.2/x64/lib/python3.12/site-packages/pluggy/_callers.py\", line 166, in _multicall\n    teardown.throw(outcome._exception)\n  File \"/opt/hostedtoolcache/Python/3.12.2/x64/lib/python3.12/site-packages/_pytest/setuponly.py\", line 36, in pytest_fixture_setup\n    return (yield)\n            ^^^^^\n  File \"/opt/hostedtoolcache/Python/3.12.2/x64/lib/python3.12/site-packages/pluggy/_callers.py\", line 102, in _multicall\n    res = hook_impl.function(*args)\n          ^^^^^^^^^^^^^^^^^^^^^^^^^\n  File \"/opt/hostedtoolcache/Python/3.12.2/x64/lib/python3.12/site-packages/_pytest/fixtures.py\", line 1149, in pytest_fixture_setup\n    result = call_fixture_func(fixturefunc, request, kwargs)\n             ^^^^^^^^^^^^^^^^^^^^^^^^^^^^^^^^^^^^^^^^^^^^^^^\n  File \"/opt/hostedtoolcache/Python/3.12.2/x64/lib/python3.12/site-packages/_pytest/fixtures.py\", line 916, in call_fixture_func\n    fixture_result = next(generator)\n                     ^^^^^^^^^^^^^^^\n  File \"/home/runner/work/PulseWave/PulseWave/conftest.py\", line 18, in driver\n    driver = webdriver.Chrome(options=chrome_options)\n             ^^^^^^^^^^^^^^^^^^^^^^^^^^^^^^^^^^^^^^^^\n  File \"/opt/hostedtoolcache/Python/3.12.2/x64/lib/python3.12/site-packages/selenium/webdriver/chrome/webdriver.py\", line 45, in __init__\n    super().__init__(\n  File \"/opt/hostedtoolcache/Python/3.12.2/x64/lib/python3.12/site-packages/selenium/webdriver/chromium/webdriver.py\", line 61, in __init__\n    super().__init__(command_executor=executor, options=options)\n  File \"/opt/hostedtoolcache/Python/3.12.2/x64/lib/python3.12/site-packages/selenium/webdriver/remote/webdriver.py\", line 208, in __init__\n    self.start_session(capabilities)\n  File \"/opt/hostedtoolcache/Python/3.12.2/x64/lib/python3.12/site-packages/selenium/webdriver/remote/webdriver.py\", line 292, in start_session\n    response = self.execute(Command.NEW_SESSION, caps)[\"value\"]\n               ^^^^^^^^^^^^^^^^^^^^^^^^^^^^^^^^^^^^^^^\n  File \"/opt/hostedtoolcache/Python/3.12.2/x64/lib/python3.12/site-packages/selenium/webdriver/remote/webdriver.py\", line 347, in execute\n    self.error_handler.check_response(response)\n  File \"/opt/hostedtoolcache/Python/3.12.2/x64/lib/python3.12/site-packages/selenium/webdriver/remote/errorhandler.py\", line 229, in check_response\n    raise exception_class(message, screen, stacktrace)\n",
    "steps" : [ ],
    "attachments" : [ ],
    "parameters" : [ ],
    "stepsCount" : 0,
    "attachmentsCount" : 0,
    "shouldDisplayMessage" : true,
    "hasContent" : true
  }, {
    "name" : "_session_faker",
    "time" : {
      "start" : 1708805607601,
      "stop" : 1708805607618,
      "duration" : 17
    },
    "status" : "passed",
    "steps" : [ ],
    "attachments" : [ ],
    "parameters" : [ ],
    "stepsCount" : 0,
    "attachmentsCount" : 0,
    "shouldDisplayMessage" : false,
    "hasContent" : false
  }, {
    "name" : "clear_allure_results_folder",
    "time" : {
      "start" : 1708805607619,
      "stop" : 1708805607619,
      "duration" : 0
    },
    "status" : "passed",
    "steps" : [ ],
    "attachments" : [ ],
    "parameters" : [ ],
    "stepsCount" : 0,
    "attachmentsCount" : 0,
    "shouldDisplayMessage" : false,
    "hasContent" : false
  } ],
  "afterStages" : [ ],
  "labels" : [ {
    "name" : "epic",
    "value" : "Тестирование страницы 'Регистрация'"
  }, {
    "name" : "tag",
    "value" : "smoke"
  }, {
    "name" : "parentSuite",
    "value" : "tests.test_signup_page"
  }, {
    "name" : "suite",
    "value" : "test_signup_page"
  }, {
    "name" : "subSuite",
    "value" : "TestSignupPage"
  }, {
    "name" : "host",
    "value" : "fv-az885-50"
  }, {
    "name" : "thread",
    "value" : "2222-MainThread"
  }, {
    "name" : "framework",
    "value" : "pytest"
  }, {
    "name" : "language",
    "value" : "cpython3"
  }, {
    "name" : "package",
    "value" : "tests.test_signup_page.test_signup_page"
  }, {
    "name" : "resultFormat",
    "value" : "allure2"
  } ],
  "parameters" : [ {
    "name" : "browser",
    "value" : "'chrome'"
  } ],
  "links" : [ ],
  "hidden" : false,
  "retry" : false,
  "extra" : {
    "severity" : "normal",
    "retries" : [ ],
    "categories" : [ {
      "name" : "Test defects",
      "matchedStatuses" : [ ],
      "flaky" : false
    } ],
    "history" : {
      "statistic" : {
        "failed" : 0,
        "broken" : 1,
        "skipped" : 0,
        "passed" : 18,
        "unknown" : 0,
        "total" : 19
      },
      "items" : [ {
        "uid" : "cb87504cb6a7f381",
        "reportUrl" : "https://Nat754.github.io/PulseWave/173//#testresult/cb87504cb6a7f381",
        "status" : "passed",
        "time" : {
          "start" : 1708548347065,
          "stop" : 1708548347158,
          "duration" : 93
        }
      }, {
        "uid" : "88bb5c4a12a45a5b",
        "reportUrl" : "https://Nat754.github.io/PulseWave/172//#testresult/88bb5c4a12a45a5b",
        "status" : "passed",
        "time" : {
          "start" : 1707851766820,
          "stop" : 1707851766909,
          "duration" : 89
        }
      }, {
        "uid" : "87d446c36be83789",
        "reportUrl" : "https://Nat754.github.io/PulseWave/171//#testresult/87d446c36be83789",
        "status" : "passed",
        "time" : {
          "start" : 1707495146364,
          "stop" : 1707495146453,
          "duration" : 89
        }
      }, {
        "uid" : "cbbc0be759660f3d",
        "reportUrl" : "https://Nat754.github.io/PulseWave/171//#testresult/cbbc0be759660f3d",
        "status" : "passed",
        "time" : {
          "start" : 1707480223952,
          "stop" : 1707480224041,
          "duration" : 89
        }
      }, {
        "uid" : "2bce2dcd22a055f",
        "reportUrl" : "https://Nat754.github.io/PulseWave/170//#testresult/2bce2dcd22a055f",
        "status" : "passed",
        "time" : {
          "start" : 1707255568458,
          "stop" : 1707255568545,
          "duration" : 87
        }
      }, {
        "uid" : "3f3f9d5b311137c0",
        "reportUrl" : "https://Nat754.github.io/PulseWave/169//#testresult/3f3f9d5b311137c0",
        "status" : "passed",
        "time" : {
          "start" : 1707252838159,
          "stop" : 1707252838253,
          "duration" : 94
        }
      }, {
        "uid" : "7e9f8782a1e16f11",
        "reportUrl" : "https://Nat754.github.io/PulseWave/169//#testresult/7e9f8782a1e16f11",
        "status" : "passed",
        "time" : {
          "start" : 1707245737014,
          "stop" : 1707245737105,
          "duration" : 91
        }
      }, {
        "uid" : "dc95e1bf541655c4",
        "reportUrl" : "https://Nat754.github.io/PulseWave/169//#testresult/dc95e1bf541655c4",
        "status" : "passed",
        "time" : {
          "start" : 1707244580697,
          "stop" : 1707244580790,
          "duration" : 93
        }
      }, {
        "uid" : "22923700b60e1ed0",
        "reportUrl" : "https://Nat754.github.io/PulseWave/168//#testresult/22923700b60e1ed0",
        "status" : "passed",
        "time" : {
          "start" : 1707241589740,
          "stop" : 1707241589825,
          "duration" : 85
        }
      }, {
        "uid" : "dd72dceff040a5f1",
        "reportUrl" : "https://Nat754.github.io/PulseWave/167//#testresult/dd72dceff040a5f1",
        "status" : "passed",
        "time" : {
          "start" : 1707240135765,
          "stop" : 1707240135853,
          "duration" : 88
        }
      }, {
        "uid" : "f433c28350e39254",
        "reportUrl" : "https://Nat754.github.io/PulseWave/166//#testresult/f433c28350e39254",
        "status" : "passed",
        "time" : {
          "start" : 1707236318392,
          "stop" : 1707236318481,
          "duration" : 89
        }
      }, {
        "uid" : "ad35040fff7a93d0",
        "reportUrl" : "https://Nat754.github.io/PulseWave/166//#testresult/ad35040fff7a93d0",
        "status" : "passed",
        "time" : {
          "start" : 1707220517808,
          "stop" : 1707220517895,
          "duration" : 87
        }
      }, {
        "uid" : "e421c7a7d3a411d3",
        "reportUrl" : "https://Nat754.github.io/PulseWave/166//#testresult/e421c7a7d3a411d3",
        "status" : "passed",
        "time" : {
          "start" : 1707218776529,
          "stop" : 1707218776615,
          "duration" : 86
        }
      }, {
        "uid" : "73ade495e67d8245",
        "reportUrl" : "https://Nat754.github.io/PulseWave/166//#testresult/73ade495e67d8245",
        "status" : "passed",
        "time" : {
          "start" : 1707217949010,
          "stop" : 1707217949095,
          "duration" : 85
        }
      }, {
        "uid" : "6a1df71101335449",
        "reportUrl" : "https://Nat754.github.io/PulseWave/165//#testresult/6a1df71101335449",
        "status" : "passed",
        "time" : {
          "start" : 1707216907565,
          "stop" : 1707216907652,
          "duration" : 87
        }
      }, {
        "uid" : "284e7290f0eddaec",
        "reportUrl" : "https://Nat754.github.io/PulseWave/164//#testresult/284e7290f0eddaec",
        "status" : "passed",
        "time" : {
          "start" : 1707215373562,
          "stop" : 1707215373650,
          "duration" : 88
        }
      }, {
        "uid" : "f3be6fd39db57a6e",
        "reportUrl" : "https://Nat754.github.io/PulseWave/164//#testresult/f3be6fd39db57a6e",
        "status" : "passed",
        "time" : {
          "start" : 1707211974059,
          "stop" : 1707211974156,
          "duration" : 97
        }
      }, {
        "uid" : "2489f7c474f81e6b",
        "reportUrl" : "https://Nat754.github.io/PulseWave/163//#testresult/2489f7c474f81e6b",
        "status" : "passed",
        "time" : {
          "start" : 1707078764362,
          "stop" : 1707078764449,
          "duration" : 87
        }
      } ]
    },
    "tags" : [ "smoke" ]
  },
  "source" : "455ee1846d882cce.json",
  "parameterValues" : [ "'chrome'" ]
}