{
  "uid" : "46370ece9fa92263",
  "name" : "1.13 Проверка редиректа на главную страницу при клике на логотип",
  "fullName" : "tests.test_header.test_header.TestHeader#test_redirect_logo_login",
  "historyId" : "25f4ff790a3a6e8f2af4727339ae12c4",
  "time" : {
    "start" : 1708805862128,
    "stop" : 1708805862128,
    "duration" : 0
  },
  "status" : "broken",
  "statusMessage" : "selenium.common.exceptions.SessionNotCreatedException: Message: session not created: Chrome failed to start: exited normally.\n  (session not created: DevToolsActivePort file doesn't exist)\n  (The process started from chrome location /usr/bin/google-chrome is no longer running, so ChromeDriver is assuming that Chrome has crashed.)\nStacktrace:\n#0 0x5567d617d303 <unknown>\n#1 0x5567d5e622b7 <unknown>\n#2 0x5567d5e96b40 <unknown>\n#3 0x5567d5e926e5 <unknown>\n#4 0x5567d5edcabc <unknown>\n#5 0x5567d5ed0123 <unknown>\n#6 0x5567d5ea0095 <unknown>\n#7 0x5567d5ea109e <unknown>\n#8 0x5567d61416ab <unknown>\n#9 0x5567d61454ba <unknown>\n#10 0x5567d612df85 <unknown>\n#11 0x5567d614612f <unknown>\n#12 0x5567d6111e6f <unknown>\n#13 0x5567d616a5f8 <unknown>\n#14 0x5567d616a7c2 <unknown>\n#15 0x5567d617c4a4 <unknown>\n#16 0x7f980f094ac3 <unknown>",
  "statusTrace" : "browser = 'chrome'\n\n    @pytest.fixture(scope='function')\n    def driver(browser):\n        print(f'\\nstart {browser} browser...')\n        if browser == \"chrome\":\n            chrome_options = ChromeOptions()\n            # chrome_options.add_argument('--headless')\n            chrome_options.add_argument('--start-maximized')\n>           driver = webdriver.Chrome(options=chrome_options)\n\nconftest.py:18: \n_ _ _ _ _ _ _ _ _ _ _ _ _ _ _ _ _ _ _ _ _ _ _ _ _ _ _ _ _ _ _ _ _ _ _ _ _ _ _ _ \n/opt/hostedtoolcache/Python/3.12.2/x64/lib/python3.12/site-packages/selenium/webdriver/chrome/webdriver.py:45: in __init__\n    super().__init__(\n/opt/hostedtoolcache/Python/3.12.2/x64/lib/python3.12/site-packages/selenium/webdriver/chromium/webdriver.py:61: in __init__\n    super().__init__(command_executor=executor, options=options)\n/opt/hostedtoolcache/Python/3.12.2/x64/lib/python3.12/site-packages/selenium/webdriver/remote/webdriver.py:208: in __init__\n    self.start_session(capabilities)\n/opt/hostedtoolcache/Python/3.12.2/x64/lib/python3.12/site-packages/selenium/webdriver/remote/webdriver.py:292: in start_session\n    response = self.execute(Command.NEW_SESSION, caps)[\"value\"]\n/opt/hostedtoolcache/Python/3.12.2/x64/lib/python3.12/site-packages/selenium/webdriver/remote/webdriver.py:347: in execute\n    self.error_handler.check_response(response)\n_ _ _ _ _ _ _ _ _ _ _ _ _ _ _ _ _ _ _ _ _ _ _ _ _ _ _ _ _ _ _ _ _ _ _ _ _ _ _ _ \n\nself = <selenium.webdriver.remote.errorhandler.ErrorHandler object at 0x7f13ac3259d0>\nresponse = {'status': 500, 'value': '{\"value\":{\"error\":\"session not created\",\"message\":\"session not created: Chrome failed to sta...\\\\n#14 0x5567d616a7c2 \\\\u003Cunknown>\\\\n#15 0x5567d617c4a4 \\\\u003Cunknown>\\\\n#16 0x7f980f094ac3 \\\\u003Cunknown>\\\\n\"}}'}\n\n    def check_response(self, response: Dict[str, Any]) -> None:\n        \"\"\"Checks that a JSON response from the WebDriver does not have an\n        error.\n    \n        :Args:\n         - response - The JSON response from the WebDriver server as a dictionary\n           object.\n    \n        :Raises: If the response contains an error message.\n        \"\"\"\n        status = response.get(\"status\", None)\n        if not status or status == ErrorCode.SUCCESS:\n            return\n        value = None\n        message = response.get(\"message\", \"\")\n        screen: str = response.get(\"screen\", \"\")\n        stacktrace = None\n        if isinstance(status, int):\n            value_json = response.get(\"value\", None)\n            if value_json and isinstance(value_json, str):\n                import json\n    \n                try:\n                    value = json.loads(value_json)\n                    if len(value) == 1:\n                        value = value[\"value\"]\n                    status = value.get(\"error\", None)\n                    if not status:\n                        status = value.get(\"status\", ErrorCode.UNKNOWN_ERROR)\n                        message = value.get(\"value\") or value.get(\"message\")\n                        if not isinstance(message, str):\n                            value = message\n                            message = message.get(\"message\")\n                    else:\n                        message = value.get(\"message\", None)\n                except ValueError:\n                    pass\n    \n        exception_class: Type[WebDriverException]\n        e = ErrorCode()\n        error_codes = [item for item in dir(e) if not item.startswith(\"__\")]\n        for error_code in error_codes:\n            error_info = getattr(ErrorCode, error_code)\n            if isinstance(error_info, list) and status in error_info:\n                exception_class = getattr(ExceptionMapping, error_code, WebDriverException)\n                break\n        else:\n            exception_class = WebDriverException\n    \n        if not value:\n            value = response[\"value\"]\n        if isinstance(value, str):\n            raise exception_class(value)\n        if message == \"\" and \"message\" in value:\n            message = value[\"message\"]\n    \n        screen = None  # type: ignore[assignment]\n        if \"screen\" in value:\n            screen = value[\"screen\"]\n    \n        stacktrace = None\n        st_value = value.get(\"stackTrace\") or value.get(\"stacktrace\")\n        if st_value:\n            if isinstance(st_value, str):\n                stacktrace = st_value.split(\"\\n\")\n            else:\n                stacktrace = []\n                try:\n                    for frame in st_value:\n                        line = frame.get(\"lineNumber\", \"\")\n                        file = frame.get(\"fileName\", \"<anonymous>\")\n                        if line:\n                            file = f\"{file}:{line}\"\n                        meth = frame.get(\"methodName\", \"<anonymous>\")\n                        if \"className\" in frame:\n                            meth = f\"{frame['className']}.{meth}\"\n                        msg = \"    at %s (%s)\"\n                        msg = msg % (meth, file)\n                        stacktrace.append(msg)\n                except TypeError:\n                    pass\n        if exception_class == UnexpectedAlertPresentException:\n            alert_text = None\n            if \"data\" in value:\n                alert_text = value[\"data\"].get(\"text\")\n            elif \"alert\" in value:\n                alert_text = value[\"alert\"].get(\"text\")\n            raise exception_class(message, screen, stacktrace, alert_text)  # type: ignore[call-arg]  # mypy is not smart enough here\n>       raise exception_class(message, screen, stacktrace)\nE       selenium.common.exceptions.SessionNotCreatedException: Message: session not created: Chrome failed to start: exited normally.\nE         (session not created: DevToolsActivePort file doesn't exist)\nE         (The process started from chrome location /usr/bin/google-chrome is no longer running, so ChromeDriver is assuming that Chrome has crashed.)\nE       Stacktrace:\nE       #0 0x5567d617d303 <unknown>\nE       #1 0x5567d5e622b7 <unknown>\nE       #2 0x5567d5e96b40 <unknown>\nE       #3 0x5567d5e926e5 <unknown>\nE       #4 0x5567d5edcabc <unknown>\nE       #5 0x5567d5ed0123 <unknown>\nE       #6 0x5567d5ea0095 <unknown>\nE       #7 0x5567d5ea109e <unknown>\nE       #8 0x5567d61416ab <unknown>\nE       #9 0x5567d61454ba <unknown>\nE       #10 0x5567d612df85 <unknown>\nE       #11 0x5567d614612f <unknown>\nE       #12 0x5567d6111e6f <unknown>\nE       #13 0x5567d616a5f8 <unknown>\nE       #14 0x5567d616a7c2 <unknown>\nE       #15 0x5567d617c4a4 <unknown>\nE       #16 0x7f980f094ac3 <unknown>\n\n/opt/hostedtoolcache/Python/3.12.2/x64/lib/python3.12/site-packages/selenium/webdriver/remote/errorhandler.py:229: SessionNotCreatedException",
  "flaky" : false,
  "newFailed" : false,
  "beforeStages" : [ {
    "name" : "_session_faker",
    "time" : {
      "start" : 1708805607601,
      "stop" : 1708805607618,
      "duration" : 17
    },
    "status" : "passed",
    "steps" : [ ],
    "attachments" : [ ],
    "parameters" : [ ],
    "stepsCount" : 0,
    "attachmentsCount" : 0,
    "shouldDisplayMessage" : false,
    "hasContent" : false
  }, {
    "name" : "clear_allure_results_folder",
    "time" : {
      "start" : 1708805607619,
      "stop" : 1708805607619,
      "duration" : 0
    },
    "status" : "passed",
    "steps" : [ ],
    "attachments" : [ ],
    "parameters" : [ ],
    "stepsCount" : 0,
    "attachmentsCount" : 0,
    "shouldDisplayMessage" : false,
    "hasContent" : false
  }, {
    "name" : "driver",
    "time" : {
      "start" : 1708805862129,
      "stop" : 1708805862300,
      "duration" : 171
    },
    "status" : "broken",
    "statusMessage" : "selenium.common.exceptions.SessionNotCreatedException: Message: session not created: Chrome failed to start: exited normally.\n  (session not created: DevToolsActivePort file doesn't exist)\n  (The process started from chrome location /usr/bin/google-chrome is no longer running, so ChromeDriver is assuming that Chrome has crashed.)\nStacktrace:\n#0 0x5567d617d303 <unknown>\n#1 0x5567d5e622b7 <unknown>\n#2 0x5567d5e96b40 <unknown>\n#3 0x5567d5e926e5 <unknown>\n#4 0x5567d5edcabc <unknown>\n#5 0x5567d5ed0123 <unknown>\n#6 0x5567d5ea0095 <unknown>\n#7 0x5567d5ea109e <unknown>\n#8 0x5567d61416ab <unknown>\n#9 0x5567d61454ba <unknown>\n#10 0x5567d612df85 <unknown>\n#11 0x5567d614612f <unknown>\n#12 0x5567d6111e6f <unknown>\n#13 0x5567d616a5f8 <unknown>\n#14 0x5567d616a7c2 <unknown>\n#15 0x5567d617c4a4 <unknown>\n#16 0x7f980f094ac3 <unknown>\n\n",
    "statusTrace" : "  File \"/opt/hostedtoolcache/Python/3.12.2/x64/lib/python3.12/site-packages/pluggy/_callers.py\", line 166, in _multicall\n    teardown.throw(outcome._exception)\n  File \"/opt/hostedtoolcache/Python/3.12.2/x64/lib/python3.12/site-packages/_pytest/setuponly.py\", line 36, in pytest_fixture_setup\n    return (yield)\n            ^^^^^\n  File \"/opt/hostedtoolcache/Python/3.12.2/x64/lib/python3.12/site-packages/pluggy/_callers.py\", line 102, in _multicall\n    res = hook_impl.function(*args)\n          ^^^^^^^^^^^^^^^^^^^^^^^^^\n  File \"/opt/hostedtoolcache/Python/3.12.2/x64/lib/python3.12/site-packages/_pytest/fixtures.py\", line 1149, in pytest_fixture_setup\n    result = call_fixture_func(fixturefunc, request, kwargs)\n             ^^^^^^^^^^^^^^^^^^^^^^^^^^^^^^^^^^^^^^^^^^^^^^^\n  File \"/opt/hostedtoolcache/Python/3.12.2/x64/lib/python3.12/site-packages/_pytest/fixtures.py\", line 916, in call_fixture_func\n    fixture_result = next(generator)\n                     ^^^^^^^^^^^^^^^\n  File \"/home/runner/work/PulseWave/PulseWave/conftest.py\", line 18, in driver\n    driver = webdriver.Chrome(options=chrome_options)\n             ^^^^^^^^^^^^^^^^^^^^^^^^^^^^^^^^^^^^^^^^\n  File \"/opt/hostedtoolcache/Python/3.12.2/x64/lib/python3.12/site-packages/selenium/webdriver/chrome/webdriver.py\", line 45, in __init__\n    super().__init__(\n  File \"/opt/hostedtoolcache/Python/3.12.2/x64/lib/python3.12/site-packages/selenium/webdriver/chromium/webdriver.py\", line 61, in __init__\n    super().__init__(command_executor=executor, options=options)\n  File \"/opt/hostedtoolcache/Python/3.12.2/x64/lib/python3.12/site-packages/selenium/webdriver/remote/webdriver.py\", line 208, in __init__\n    self.start_session(capabilities)\n  File \"/opt/hostedtoolcache/Python/3.12.2/x64/lib/python3.12/site-packages/selenium/webdriver/remote/webdriver.py\", line 292, in start_session\n    response = self.execute(Command.NEW_SESSION, caps)[\"value\"]\n               ^^^^^^^^^^^^^^^^^^^^^^^^^^^^^^^^^^^^^^^\n  File \"/opt/hostedtoolcache/Python/3.12.2/x64/lib/python3.12/site-packages/selenium/webdriver/remote/webdriver.py\", line 347, in execute\n    self.error_handler.check_response(response)\n  File \"/opt/hostedtoolcache/Python/3.12.2/x64/lib/python3.12/site-packages/selenium/webdriver/remote/errorhandler.py\", line 229, in check_response\n    raise exception_class(message, screen, stacktrace)\n",
    "steps" : [ ],
    "attachments" : [ ],
    "parameters" : [ ],
    "stepsCount" : 0,
    "attachmentsCount" : 0,
    "shouldDisplayMessage" : true,
    "hasContent" : true
  } ],
  "afterStages" : [ ],
  "labels" : [ {
    "name" : "epic",
    "value" : "Тестирование Хедера"
  }, {
    "name" : "tag",
    "value" : "smoke"
  }, {
    "name" : "parentSuite",
    "value" : "tests.test_header"
  }, {
    "name" : "suite",
    "value" : "test_header"
  }, {
    "name" : "subSuite",
    "value" : "TestHeader"
  }, {
    "name" : "host",
    "value" : "fv-az885-50"
  }, {
    "name" : "thread",
    "value" : "2222-MainThread"
  }, {
    "name" : "framework",
    "value" : "pytest"
  }, {
    "name" : "language",
    "value" : "cpython3"
  }, {
    "name" : "package",
    "value" : "tests.test_header.test_header"
  }, {
    "name" : "resultFormat",
    "value" : "allure2"
  } ],
  "parameters" : [ {
    "name" : "browser",
    "value" : "'chrome'"
  }, {
    "name" : "url",
    "value" : "'https://front.pwave.pnpl.tech/auth/login'"
  } ],
  "links" : [ ],
  "hidden" : false,
  "retry" : false,
  "extra" : {
    "severity" : "normal",
    "retries" : [ ],
    "categories" : [ {
      "name" : "Test defects",
      "matchedStatuses" : [ ],
      "flaky" : false
    } ],
    "history" : {
      "statistic" : {
        "failed" : 0,
        "broken" : 1,
        "skipped" : 0,
        "passed" : 18,
        "unknown" : 0,
        "total" : 19
      },
      "items" : [ {
        "uid" : "5606fddcb141586",
        "reportUrl" : "https://Nat754.github.io/PulseWave/173//#testresult/5606fddcb141586",
        "status" : "passed",
        "time" : {
          "start" : 1708548037534,
          "stop" : 1708548037596,
          "duration" : 62
        }
      }, {
        "uid" : "4bc653d5c3e58a64",
        "reportUrl" : "https://Nat754.github.io/PulseWave/172//#testresult/4bc653d5c3e58a64",
        "status" : "passed",
        "time" : {
          "start" : 1707851326453,
          "stop" : 1707851326511,
          "duration" : 58
        }
      }, {
        "uid" : "aff4c50d62f87f4a",
        "reportUrl" : "https://Nat754.github.io/PulseWave/171//#testresult/aff4c50d62f87f4a",
        "status" : "passed",
        "time" : {
          "start" : 1707494831855,
          "stop" : 1707494831916,
          "duration" : 61
        }
      }, {
        "uid" : "1ed1d2ba4acc9240",
        "reportUrl" : "https://Nat754.github.io/PulseWave/171//#testresult/1ed1d2ba4acc9240",
        "status" : "passed",
        "time" : {
          "start" : 1707479906170,
          "stop" : 1707479906228,
          "duration" : 58
        }
      }, {
        "uid" : "f9a3ebfc3c578724",
        "reportUrl" : "https://Nat754.github.io/PulseWave/170//#testresult/f9a3ebfc3c578724",
        "status" : "passed",
        "time" : {
          "start" : 1707255250359,
          "stop" : 1707255250415,
          "duration" : 56
        }
      }, {
        "uid" : "9c6eefe4edb8515d",
        "reportUrl" : "https://Nat754.github.io/PulseWave/169//#testresult/9c6eefe4edb8515d",
        "status" : "passed",
        "time" : {
          "start" : 1707252582880,
          "stop" : 1707252582944,
          "duration" : 64
        }
      }, {
        "uid" : "b5790ef95dfe8f26",
        "reportUrl" : "https://Nat754.github.io/PulseWave/169//#testresult/b5790ef95dfe8f26",
        "status" : "passed",
        "time" : {
          "start" : 1707245301998,
          "stop" : 1707245302056,
          "duration" : 58
        }
      }, {
        "uid" : "289c52ce515e15ef",
        "reportUrl" : "https://Nat754.github.io/PulseWave/169//#testresult/289c52ce515e15ef",
        "status" : "passed",
        "time" : {
          "start" : 1707244261944,
          "stop" : 1707244262011,
          "duration" : 67
        }
      }, {
        "uid" : "16755e751f911e36",
        "reportUrl" : "https://Nat754.github.io/PulseWave/168//#testresult/16755e751f911e36",
        "status" : "passed",
        "time" : {
          "start" : 1707241345828,
          "stop" : 1707241345884,
          "duration" : 56
        }
      }, {
        "uid" : "e53e001c9331f9ce",
        "reportUrl" : "https://Nat754.github.io/PulseWave/167//#testresult/e53e001c9331f9ce",
        "status" : "passed",
        "time" : {
          "start" : 1707239701451,
          "stop" : 1707239701509,
          "duration" : 58
        }
      }, {
        "uid" : "898551ec2722f96d",
        "reportUrl" : "https://Nat754.github.io/PulseWave/166//#testresult/898551ec2722f96d",
        "status" : "passed",
        "time" : {
          "start" : 1707236048422,
          "stop" : 1707236048483,
          "duration" : 61
        }
      }, {
        "uid" : "c14d00aadc551b69",
        "reportUrl" : "https://Nat754.github.io/PulseWave/166//#testresult/c14d00aadc551b69",
        "status" : "passed",
        "time" : {
          "start" : 1707220138681,
          "stop" : 1707220138738,
          "duration" : 57
        }
      }, {
        "uid" : "80ee13aef53a4894",
        "reportUrl" : "https://Nat754.github.io/PulseWave/166//#testresult/80ee13aef53a4894",
        "status" : "passed",
        "time" : {
          "start" : 1707218548791,
          "stop" : 1707218548850,
          "duration" : 59
        }
      }, {
        "uid" : "ab4e59141bc677af",
        "reportUrl" : "https://Nat754.github.io/PulseWave/166//#testresult/ab4e59141bc677af",
        "status" : "passed",
        "time" : {
          "start" : 1707217589642,
          "stop" : 1707217589700,
          "duration" : 58
        }
      }, {
        "uid" : "54fbb650a1cefc43",
        "reportUrl" : "https://Nat754.github.io/PulseWave/165//#testresult/54fbb650a1cefc43",
        "status" : "passed",
        "time" : {
          "start" : 1707216687260,
          "stop" : 1707216687324,
          "duration" : 64
        }
      }, {
        "uid" : "de5389e4e16a9cdf",
        "reportUrl" : "https://Nat754.github.io/PulseWave/164//#testresult/de5389e4e16a9cdf",
        "status" : "passed",
        "time" : {
          "start" : 1707215009544,
          "stop" : 1707215009603,
          "duration" : 59
        }
      }, {
        "uid" : "31b3291ae570442f",
        "reportUrl" : "https://Nat754.github.io/PulseWave/164//#testresult/31b3291ae570442f",
        "status" : "passed",
        "time" : {
          "start" : 1707211638658,
          "stop" : 1707211638719,
          "duration" : 61
        }
      }, {
        "uid" : "f652fb97425b5ee4",
        "reportUrl" : "https://Nat754.github.io/PulseWave/163//#testresult/f652fb97425b5ee4",
        "status" : "passed",
        "time" : {
          "start" : 1707078542203,
          "stop" : 1707078542261,
          "duration" : 58
        }
      } ]
    },
    "tags" : [ "smoke" ]
  },
  "source" : "46370ece9fa92263.json",
  "parameterValues" : [ "'chrome'", "'https://front.pwave.pnpl.tech/auth/login'" ]
}