{
  "uid" : "474d5c5ff0db8249",
  "name" : "test_get_css_property_body_first_safety[color-rgba(16, 16, 18, 1)-\\u0446\\u0432\\u0435\\u0442\\u0430 \\u0448\\u0440\\u0438\\u0444\\u0442\\u0430-chrome]",
  "fullName" : "tests.test_main_page.test_main_page.TestMainPage#test_get_css_property_body_first_safety",
  "historyId" : "ae481c03411502249aa4d59d91e4a245",
  "time" : {
    "start" : 1708805876037,
    "stop" : 1708805876037,
    "duration" : 0
  },
  "status" : "broken",
  "statusMessage" : "selenium.common.exceptions.SessionNotCreatedException: Message: session not created: Chrome failed to start: exited normally.\n  (session not created: DevToolsActivePort file doesn't exist)\n  (The process started from chrome location /usr/bin/google-chrome is no longer running, so ChromeDriver is assuming that Chrome has crashed.)\nStacktrace:\n#0 0x561f52e93303 <unknown>\n#1 0x561f52b782b7 <unknown>\n#2 0x561f52bacb40 <unknown>\n#3 0x561f52ba86e5 <unknown>\n#4 0x561f52bf2abc <unknown>\n#5 0x561f52be6123 <unknown>\n#6 0x561f52bb6095 <unknown>\n#7 0x561f52bb709e <unknown>\n#8 0x561f52e576ab <unknown>\n#9 0x561f52e5b4ba <unknown>\n#10 0x561f52e43f85 <unknown>\n#11 0x561f52e5c12f <unknown>\n#12 0x561f52e27e6f <unknown>\n#13 0x561f52e805f8 <unknown>\n#14 0x561f52e807c2 <unknown>\n#15 0x561f52e924a4 <unknown>\n#16 0x7f3eb2694ac3 <unknown>",
  "statusTrace" : "browser = 'chrome'\n\n    @pytest.fixture(scope='function')\n    def driver(browser):\n        print(f'\\nstart {browser} browser...')\n        if browser == \"chrome\":\n            chrome_options = ChromeOptions()\n            # chrome_options.add_argument('--headless')\n            chrome_options.add_argument('--start-maximized')\n>           driver = webdriver.Chrome(options=chrome_options)\n\nconftest.py:18: \n_ _ _ _ _ _ _ _ _ _ _ _ _ _ _ _ _ _ _ _ _ _ _ _ _ _ _ _ _ _ _ _ _ _ _ _ _ _ _ _ \n/opt/hostedtoolcache/Python/3.12.2/x64/lib/python3.12/site-packages/selenium/webdriver/chrome/webdriver.py:45: in __init__\n    super().__init__(\n/opt/hostedtoolcache/Python/3.12.2/x64/lib/python3.12/site-packages/selenium/webdriver/chromium/webdriver.py:61: in __init__\n    super().__init__(command_executor=executor, options=options)\n/opt/hostedtoolcache/Python/3.12.2/x64/lib/python3.12/site-packages/selenium/webdriver/remote/webdriver.py:208: in __init__\n    self.start_session(capabilities)\n/opt/hostedtoolcache/Python/3.12.2/x64/lib/python3.12/site-packages/selenium/webdriver/remote/webdriver.py:292: in start_session\n    response = self.execute(Command.NEW_SESSION, caps)[\"value\"]\n/opt/hostedtoolcache/Python/3.12.2/x64/lib/python3.12/site-packages/selenium/webdriver/remote/webdriver.py:347: in execute\n    self.error_handler.check_response(response)\n_ _ _ _ _ _ _ _ _ _ _ _ _ _ _ _ _ _ _ _ _ _ _ _ _ _ _ _ _ _ _ _ _ _ _ _ _ _ _ _ \n\nself = <selenium.webdriver.remote.errorhandler.ErrorHandler object at 0x7f13ac363020>\nresponse = {'status': 500, 'value': '{\"value\":{\"error\":\"session not created\",\"message\":\"session not created: Chrome failed to sta...\\\\n#14 0x561f52e807c2 \\\\u003Cunknown>\\\\n#15 0x561f52e924a4 \\\\u003Cunknown>\\\\n#16 0x7f3eb2694ac3 \\\\u003Cunknown>\\\\n\"}}'}\n\n    def check_response(self, response: Dict[str, Any]) -> None:\n        \"\"\"Checks that a JSON response from the WebDriver does not have an\n        error.\n    \n        :Args:\n         - response - The JSON response from the WebDriver server as a dictionary\n           object.\n    \n        :Raises: If the response contains an error message.\n        \"\"\"\n        status = response.get(\"status\", None)\n        if not status or status == ErrorCode.SUCCESS:\n            return\n        value = None\n        message = response.get(\"message\", \"\")\n        screen: str = response.get(\"screen\", \"\")\n        stacktrace = None\n        if isinstance(status, int):\n            value_json = response.get(\"value\", None)\n            if value_json and isinstance(value_json, str):\n                import json\n    \n                try:\n                    value = json.loads(value_json)\n                    if len(value) == 1:\n                        value = value[\"value\"]\n                    status = value.get(\"error\", None)\n                    if not status:\n                        status = value.get(\"status\", ErrorCode.UNKNOWN_ERROR)\n                        message = value.get(\"value\") or value.get(\"message\")\n                        if not isinstance(message, str):\n                            value = message\n                            message = message.get(\"message\")\n                    else:\n                        message = value.get(\"message\", None)\n                except ValueError:\n                    pass\n    \n        exception_class: Type[WebDriverException]\n        e = ErrorCode()\n        error_codes = [item for item in dir(e) if not item.startswith(\"__\")]\n        for error_code in error_codes:\n            error_info = getattr(ErrorCode, error_code)\n            if isinstance(error_info, list) and status in error_info:\n                exception_class = getattr(ExceptionMapping, error_code, WebDriverException)\n                break\n        else:\n            exception_class = WebDriverException\n    \n        if not value:\n            value = response[\"value\"]\n        if isinstance(value, str):\n            raise exception_class(value)\n        if message == \"\" and \"message\" in value:\n            message = value[\"message\"]\n    \n        screen = None  # type: ignore[assignment]\n        if \"screen\" in value:\n            screen = value[\"screen\"]\n    \n        stacktrace = None\n        st_value = value.get(\"stackTrace\") or value.get(\"stacktrace\")\n        if st_value:\n            if isinstance(st_value, str):\n                stacktrace = st_value.split(\"\\n\")\n            else:\n                stacktrace = []\n                try:\n                    for frame in st_value:\n                        line = frame.get(\"lineNumber\", \"\")\n                        file = frame.get(\"fileName\", \"<anonymous>\")\n                        if line:\n                            file = f\"{file}:{line}\"\n                        meth = frame.get(\"methodName\", \"<anonymous>\")\n                        if \"className\" in frame:\n                            meth = f\"{frame['className']}.{meth}\"\n                        msg = \"    at %s (%s)\"\n                        msg = msg % (meth, file)\n                        stacktrace.append(msg)\n                except TypeError:\n                    pass\n        if exception_class == UnexpectedAlertPresentException:\n            alert_text = None\n            if \"data\" in value:\n                alert_text = value[\"data\"].get(\"text\")\n            elif \"alert\" in value:\n                alert_text = value[\"alert\"].get(\"text\")\n            raise exception_class(message, screen, stacktrace, alert_text)  # type: ignore[call-arg]  # mypy is not smart enough here\n>       raise exception_class(message, screen, stacktrace)\nE       selenium.common.exceptions.SessionNotCreatedException: Message: session not created: Chrome failed to start: exited normally.\nE         (session not created: DevToolsActivePort file doesn't exist)\nE         (The process started from chrome location /usr/bin/google-chrome is no longer running, so ChromeDriver is assuming that Chrome has crashed.)\nE       Stacktrace:\nE       #0 0x561f52e93303 <unknown>\nE       #1 0x561f52b782b7 <unknown>\nE       #2 0x561f52bacb40 <unknown>\nE       #3 0x561f52ba86e5 <unknown>\nE       #4 0x561f52bf2abc <unknown>\nE       #5 0x561f52be6123 <unknown>\nE       #6 0x561f52bb6095 <unknown>\nE       #7 0x561f52bb709e <unknown>\nE       #8 0x561f52e576ab <unknown>\nE       #9 0x561f52e5b4ba <unknown>\nE       #10 0x561f52e43f85 <unknown>\nE       #11 0x561f52e5c12f <unknown>\nE       #12 0x561f52e27e6f <unknown>\nE       #13 0x561f52e805f8 <unknown>\nE       #14 0x561f52e807c2 <unknown>\nE       #15 0x561f52e924a4 <unknown>\nE       #16 0x7f3eb2694ac3 <unknown>\n\n/opt/hostedtoolcache/Python/3.12.2/x64/lib/python3.12/site-packages/selenium/webdriver/remote/errorhandler.py:229: SessionNotCreatedException",
  "flaky" : false,
  "newFailed" : false,
  "beforeStages" : [ {
    "name" : "_session_faker",
    "time" : {
      "start" : 1708805607601,
      "stop" : 1708805607618,
      "duration" : 17
    },
    "status" : "passed",
    "steps" : [ ],
    "attachments" : [ ],
    "parameters" : [ ],
    "stepsCount" : 0,
    "attachmentsCount" : 0,
    "shouldDisplayMessage" : false,
    "hasContent" : false
  }, {
    "name" : "clear_allure_results_folder",
    "time" : {
      "start" : 1708805607619,
      "stop" : 1708805607619,
      "duration" : 0
    },
    "status" : "passed",
    "steps" : [ ],
    "attachments" : [ ],
    "parameters" : [ ],
    "stepsCount" : 0,
    "attachmentsCount" : 0,
    "shouldDisplayMessage" : false,
    "hasContent" : false
  }, {
    "name" : "driver",
    "time" : {
      "start" : 1708805876038,
      "stop" : 1708805876209,
      "duration" : 171
    },
    "status" : "broken",
    "statusMessage" : "selenium.common.exceptions.SessionNotCreatedException: Message: session not created: Chrome failed to start: exited normally.\n  (session not created: DevToolsActivePort file doesn't exist)\n  (The process started from chrome location /usr/bin/google-chrome is no longer running, so ChromeDriver is assuming that Chrome has crashed.)\nStacktrace:\n#0 0x561f52e93303 <unknown>\n#1 0x561f52b782b7 <unknown>\n#2 0x561f52bacb40 <unknown>\n#3 0x561f52ba86e5 <unknown>\n#4 0x561f52bf2abc <unknown>\n#5 0x561f52be6123 <unknown>\n#6 0x561f52bb6095 <unknown>\n#7 0x561f52bb709e <unknown>\n#8 0x561f52e576ab <unknown>\n#9 0x561f52e5b4ba <unknown>\n#10 0x561f52e43f85 <unknown>\n#11 0x561f52e5c12f <unknown>\n#12 0x561f52e27e6f <unknown>\n#13 0x561f52e805f8 <unknown>\n#14 0x561f52e807c2 <unknown>\n#15 0x561f52e924a4 <unknown>\n#16 0x7f3eb2694ac3 <unknown>\n\n",
    "statusTrace" : "  File \"/opt/hostedtoolcache/Python/3.12.2/x64/lib/python3.12/site-packages/pluggy/_callers.py\", line 166, in _multicall\n    teardown.throw(outcome._exception)\n  File \"/opt/hostedtoolcache/Python/3.12.2/x64/lib/python3.12/site-packages/_pytest/setuponly.py\", line 36, in pytest_fixture_setup\n    return (yield)\n            ^^^^^\n  File \"/opt/hostedtoolcache/Python/3.12.2/x64/lib/python3.12/site-packages/pluggy/_callers.py\", line 102, in _multicall\n    res = hook_impl.function(*args)\n          ^^^^^^^^^^^^^^^^^^^^^^^^^\n  File \"/opt/hostedtoolcache/Python/3.12.2/x64/lib/python3.12/site-packages/_pytest/fixtures.py\", line 1149, in pytest_fixture_setup\n    result = call_fixture_func(fixturefunc, request, kwargs)\n             ^^^^^^^^^^^^^^^^^^^^^^^^^^^^^^^^^^^^^^^^^^^^^^^\n  File \"/opt/hostedtoolcache/Python/3.12.2/x64/lib/python3.12/site-packages/_pytest/fixtures.py\", line 916, in call_fixture_func\n    fixture_result = next(generator)\n                     ^^^^^^^^^^^^^^^\n  File \"/home/runner/work/PulseWave/PulseWave/conftest.py\", line 18, in driver\n    driver = webdriver.Chrome(options=chrome_options)\n             ^^^^^^^^^^^^^^^^^^^^^^^^^^^^^^^^^^^^^^^^\n  File \"/opt/hostedtoolcache/Python/3.12.2/x64/lib/python3.12/site-packages/selenium/webdriver/chrome/webdriver.py\", line 45, in __init__\n    super().__init__(\n  File \"/opt/hostedtoolcache/Python/3.12.2/x64/lib/python3.12/site-packages/selenium/webdriver/chromium/webdriver.py\", line 61, in __init__\n    super().__init__(command_executor=executor, options=options)\n  File \"/opt/hostedtoolcache/Python/3.12.2/x64/lib/python3.12/site-packages/selenium/webdriver/remote/webdriver.py\", line 208, in __init__\n    self.start_session(capabilities)\n  File \"/opt/hostedtoolcache/Python/3.12.2/x64/lib/python3.12/site-packages/selenium/webdriver/remote/webdriver.py\", line 292, in start_session\n    response = self.execute(Command.NEW_SESSION, caps)[\"value\"]\n               ^^^^^^^^^^^^^^^^^^^^^^^^^^^^^^^^^^^^^^^\n  File \"/opt/hostedtoolcache/Python/3.12.2/x64/lib/python3.12/site-packages/selenium/webdriver/remote/webdriver.py\", line 347, in execute\n    self.error_handler.check_response(response)\n  File \"/opt/hostedtoolcache/Python/3.12.2/x64/lib/python3.12/site-packages/selenium/webdriver/remote/errorhandler.py\", line 229, in check_response\n    raise exception_class(message, screen, stacktrace)\n",
    "steps" : [ ],
    "attachments" : [ ],
    "parameters" : [ ],
    "stepsCount" : 0,
    "attachmentsCount" : 0,
    "shouldDisplayMessage" : true,
    "hasContent" : true
  } ],
  "afterStages" : [ ],
  "labels" : [ {
    "name" : "epic",
    "value" : "Тестирование Главной страницы"
  }, {
    "name" : "tag",
    "value" : "regress"
  }, {
    "name" : "parentSuite",
    "value" : "tests.test_main_page"
  }, {
    "name" : "suite",
    "value" : "test_main_page"
  }, {
    "name" : "subSuite",
    "value" : "TestMainPage"
  }, {
    "name" : "host",
    "value" : "fv-az885-50"
  }, {
    "name" : "thread",
    "value" : "2222-MainThread"
  }, {
    "name" : "framework",
    "value" : "pytest"
  }, {
    "name" : "language",
    "value" : "cpython3"
  }, {
    "name" : "package",
    "value" : "tests.test_main_page.test_main_page"
  }, {
    "name" : "resultFormat",
    "value" : "allure2"
  } ],
  "parameters" : [ {
    "name" : "browser",
    "value" : "'chrome'"
  }, {
    "name" : "css_property",
    "value" : "'color'"
  }, {
    "name" : "figma",
    "value" : "'rgba(16, 16, 18, 1)'"
  }, {
    "name" : "name",
    "value" : "'цвета шрифта'"
  } ],
  "links" : [ ],
  "hidden" : false,
  "retry" : false,
  "extra" : {
    "severity" : "normal",
    "retries" : [ ],
    "categories" : [ {
      "name" : "Test defects",
      "matchedStatuses" : [ ],
      "flaky" : false
    } ],
    "history" : {
      "statistic" : {
        "failed" : 0,
        "broken" : 1,
        "skipped" : 0,
        "passed" : 18,
        "unknown" : 0,
        "total" : 19
      },
      "items" : [ {
        "uid" : "2de697a8931c5cdf",
        "reportUrl" : "https://Nat754.github.io/PulseWave/173//#testresult/2de697a8931c5cdf",
        "status" : "passed",
        "time" : {
          "start" : 1708548196752,
          "stop" : 1708548196788,
          "duration" : 36
        }
      }, {
        "uid" : "76f93e03010b9383",
        "reportUrl" : "https://Nat754.github.io/PulseWave/172//#testresult/76f93e03010b9383",
        "status" : "passed",
        "time" : {
          "start" : 1707851573666,
          "stop" : 1707851573705,
          "duration" : 39
        }
      }, {
        "uid" : "8cba47da3b02ae85",
        "reportUrl" : "https://Nat754.github.io/PulseWave/171//#testresult/8cba47da3b02ae85",
        "status" : "passed",
        "time" : {
          "start" : 1707494992441,
          "stop" : 1707494992476,
          "duration" : 35
        }
      }, {
        "uid" : "ea9f7f43a3a5d9",
        "reportUrl" : "https://Nat754.github.io/PulseWave/171//#testresult/ea9f7f43a3a5d9",
        "status" : "passed",
        "time" : {
          "start" : 1707480067715,
          "stop" : 1707480067749,
          "duration" : 34
        }
      }, {
        "uid" : "bba5dbb21663837a",
        "reportUrl" : "https://Nat754.github.io/PulseWave/170//#testresult/bba5dbb21663837a",
        "status" : "passed",
        "time" : {
          "start" : 1707255412179,
          "stop" : 1707255412215,
          "duration" : 36
        }
      }, {
        "uid" : "d99aff8cf1b60746",
        "reportUrl" : "https://Nat754.github.io/PulseWave/169//#testresult/d99aff8cf1b60746",
        "status" : "passed",
        "time" : {
          "start" : 1707252702497,
          "stop" : 1707252702535,
          "duration" : 38
        }
      }, {
        "uid" : "93ec8ee16dbd4da8",
        "reportUrl" : "https://Nat754.github.io/PulseWave/169//#testresult/93ec8ee16dbd4da8",
        "status" : "passed",
        "time" : {
          "start" : 1707245460861,
          "stop" : 1707245460895,
          "duration" : 34
        }
      }, {
        "uid" : "3cc85b6100f150c0",
        "reportUrl" : "https://Nat754.github.io/PulseWave/169//#testresult/3cc85b6100f150c0",
        "status" : "passed",
        "time" : {
          "start" : 1707244420301,
          "stop" : 1707244420339,
          "duration" : 38
        }
      }, {
        "uid" : "5d46fb625e6a6f9d",
        "reportUrl" : "https://Nat754.github.io/PulseWave/168//#testresult/5d46fb625e6a6f9d",
        "status" : "passed",
        "time" : {
          "start" : 1707241464015,
          "stop" : 1707241464051,
          "duration" : 36
        }
      }, {
        "uid" : "9a540c816aacfba7",
        "reportUrl" : "https://Nat754.github.io/PulseWave/167//#testresult/9a540c816aacfba7",
        "status" : "passed",
        "time" : {
          "start" : 1707239864309,
          "stop" : 1707239864345,
          "duration" : 36
        }
      }, {
        "uid" : "35b264623d619075",
        "reportUrl" : "https://Nat754.github.io/PulseWave/166//#testresult/35b264623d619075",
        "status" : "passed",
        "time" : {
          "start" : 1707236170159,
          "stop" : 1707236170196,
          "duration" : 37
        }
      }, {
        "uid" : "aea382ff272c195c",
        "reportUrl" : "https://Nat754.github.io/PulseWave/166//#testresult/aea382ff272c195c",
        "status" : "passed",
        "time" : {
          "start" : 1707220266879,
          "stop" : 1707220266913,
          "duration" : 34
        }
      }, {
        "uid" : "f08d4d933dd37864",
        "reportUrl" : "https://Nat754.github.io/PulseWave/166//#testresult/f08d4d933dd37864",
        "status" : "passed",
        "time" : {
          "start" : 1707218666970,
          "stop" : 1707218667005,
          "duration" : 35
        }
      }, {
        "uid" : "4e7adef3fd5ed7cd",
        "reportUrl" : "https://Nat754.github.io/PulseWave/166//#testresult/4e7adef3fd5ed7cd",
        "status" : "passed",
        "time" : {
          "start" : 1707217711247,
          "stop" : 1707217711282,
          "duration" : 35
        }
      }, {
        "uid" : "8cdd28d8eaf1336b",
        "reportUrl" : "https://Nat754.github.io/PulseWave/165//#testresult/8cdd28d8eaf1336b",
        "status" : "passed",
        "time" : {
          "start" : 1707216806169,
          "stop" : 1707216806205,
          "duration" : 36
        }
      }, {
        "uid" : "6633eabfa2a49019",
        "reportUrl" : "https://Nat754.github.io/PulseWave/164//#testresult/6633eabfa2a49019",
        "status" : "passed",
        "time" : {
          "start" : 1707215131957,
          "stop" : 1707215131993,
          "duration" : 36
        }
      }, {
        "uid" : "781cebb98e8e24a8",
        "reportUrl" : "https://Nat754.github.io/PulseWave/164//#testresult/781cebb98e8e24a8",
        "status" : "passed",
        "time" : {
          "start" : 1707211799940,
          "stop" : 1707211799976,
          "duration" : 36
        }
      }, {
        "uid" : "2b2a9de8003c60cf",
        "reportUrl" : "https://Nat754.github.io/PulseWave/163//#testresult/2b2a9de8003c60cf",
        "status" : "passed",
        "time" : {
          "start" : 1707078663575,
          "stop" : 1707078663610,
          "duration" : 35
        }
      } ]
    },
    "tags" : [ "regress" ]
  },
  "source" : "474d5c5ff0db8249.json",
  "parameterValues" : [ "'chrome'", "'color'", "'rgba(16, 16, 18, 1)'", "'цвета шрифта'" ]
}