{
  "uid" : "4ef6009df494413f",
  "name" : "test_get_css_property_body_all_time[font-family-Mulish, sans-serif-\\u0448\\u0440\\u0438\\u0444\\u0442\\u0430-chrome]",
  "fullName" : "tests.test_main_page.test_main_page.TestMainPage#test_get_css_property_body_all_time",
  "historyId" : "d5b1d201f638dc591efacb1797a26702",
  "time" : {
    "start" : 1708805875613,
    "stop" : 1708805875613,
    "duration" : 0
  },
  "status" : "broken",
  "statusMessage" : "selenium.common.exceptions.SessionNotCreatedException: Message: session not created: Chrome failed to start: exited normally.\n  (session not created: DevToolsActivePort file doesn't exist)\n  (The process started from chrome location /usr/bin/google-chrome is no longer running, so ChromeDriver is assuming that Chrome has crashed.)\nStacktrace:\n#0 0x560def746303 <unknown>\n#1 0x560def42b2b7 <unknown>\n#2 0x560def45fb40 <unknown>\n#3 0x560def45b6e5 <unknown>\n#4 0x560def4a5abc <unknown>\n#5 0x560def499123 <unknown>\n#6 0x560def469095 <unknown>\n#7 0x560def46a09e <unknown>\n#8 0x560def70a6ab <unknown>\n#9 0x560def70e4ba <unknown>\n#10 0x560def6f6f85 <unknown>\n#11 0x560def70f12f <unknown>\n#12 0x560def6dae6f <unknown>\n#13 0x560def7335f8 <unknown>\n#14 0x560def7337c2 <unknown>\n#15 0x560def7454a4 <unknown>\n#16 0x7f4b9e894ac3 <unknown>",
  "statusTrace" : "browser = 'chrome'\n\n    @pytest.fixture(scope='function')\n    def driver(browser):\n        print(f'\\nstart {browser} browser...')\n        if browser == \"chrome\":\n            chrome_options = ChromeOptions()\n            # chrome_options.add_argument('--headless')\n            chrome_options.add_argument('--start-maximized')\n>           driver = webdriver.Chrome(options=chrome_options)\n\nconftest.py:18: \n_ _ _ _ _ _ _ _ _ _ _ _ _ _ _ _ _ _ _ _ _ _ _ _ _ _ _ _ _ _ _ _ _ _ _ _ _ _ _ _ \n/opt/hostedtoolcache/Python/3.12.2/x64/lib/python3.12/site-packages/selenium/webdriver/chrome/webdriver.py:45: in __init__\n    super().__init__(\n/opt/hostedtoolcache/Python/3.12.2/x64/lib/python3.12/site-packages/selenium/webdriver/chromium/webdriver.py:61: in __init__\n    super().__init__(command_executor=executor, options=options)\n/opt/hostedtoolcache/Python/3.12.2/x64/lib/python3.12/site-packages/selenium/webdriver/remote/webdriver.py:208: in __init__\n    self.start_session(capabilities)\n/opt/hostedtoolcache/Python/3.12.2/x64/lib/python3.12/site-packages/selenium/webdriver/remote/webdriver.py:292: in start_session\n    response = self.execute(Command.NEW_SESSION, caps)[\"value\"]\n/opt/hostedtoolcache/Python/3.12.2/x64/lib/python3.12/site-packages/selenium/webdriver/remote/webdriver.py:347: in execute\n    self.error_handler.check_response(response)\n_ _ _ _ _ _ _ _ _ _ _ _ _ _ _ _ _ _ _ _ _ _ _ _ _ _ _ _ _ _ _ _ _ _ _ _ _ _ _ _ \n\nself = <selenium.webdriver.remote.errorhandler.ErrorHandler object at 0x7f13ac360170>\nresponse = {'status': 500, 'value': '{\"value\":{\"error\":\"session not created\",\"message\":\"session not created: Chrome failed to sta...\\\\n#14 0x560def7337c2 \\\\u003Cunknown>\\\\n#15 0x560def7454a4 \\\\u003Cunknown>\\\\n#16 0x7f4b9e894ac3 \\\\u003Cunknown>\\\\n\"}}'}\n\n    def check_response(self, response: Dict[str, Any]) -> None:\n        \"\"\"Checks that a JSON response from the WebDriver does not have an\n        error.\n    \n        :Args:\n         - response - The JSON response from the WebDriver server as a dictionary\n           object.\n    \n        :Raises: If the response contains an error message.\n        \"\"\"\n        status = response.get(\"status\", None)\n        if not status or status == ErrorCode.SUCCESS:\n            return\n        value = None\n        message = response.get(\"message\", \"\")\n        screen: str = response.get(\"screen\", \"\")\n        stacktrace = None\n        if isinstance(status, int):\n            value_json = response.get(\"value\", None)\n            if value_json and isinstance(value_json, str):\n                import json\n    \n                try:\n                    value = json.loads(value_json)\n                    if len(value) == 1:\n                        value = value[\"value\"]\n                    status = value.get(\"error\", None)\n                    if not status:\n                        status = value.get(\"status\", ErrorCode.UNKNOWN_ERROR)\n                        message = value.get(\"value\") or value.get(\"message\")\n                        if not isinstance(message, str):\n                            value = message\n                            message = message.get(\"message\")\n                    else:\n                        message = value.get(\"message\", None)\n                except ValueError:\n                    pass\n    \n        exception_class: Type[WebDriverException]\n        e = ErrorCode()\n        error_codes = [item for item in dir(e) if not item.startswith(\"__\")]\n        for error_code in error_codes:\n            error_info = getattr(ErrorCode, error_code)\n            if isinstance(error_info, list) and status in error_info:\n                exception_class = getattr(ExceptionMapping, error_code, WebDriverException)\n                break\n        else:\n            exception_class = WebDriverException\n    \n        if not value:\n            value = response[\"value\"]\n        if isinstance(value, str):\n            raise exception_class(value)\n        if message == \"\" and \"message\" in value:\n            message = value[\"message\"]\n    \n        screen = None  # type: ignore[assignment]\n        if \"screen\" in value:\n            screen = value[\"screen\"]\n    \n        stacktrace = None\n        st_value = value.get(\"stackTrace\") or value.get(\"stacktrace\")\n        if st_value:\n            if isinstance(st_value, str):\n                stacktrace = st_value.split(\"\\n\")\n            else:\n                stacktrace = []\n                try:\n                    for frame in st_value:\n                        line = frame.get(\"lineNumber\", \"\")\n                        file = frame.get(\"fileName\", \"<anonymous>\")\n                        if line:\n                            file = f\"{file}:{line}\"\n                        meth = frame.get(\"methodName\", \"<anonymous>\")\n                        if \"className\" in frame:\n                            meth = f\"{frame['className']}.{meth}\"\n                        msg = \"    at %s (%s)\"\n                        msg = msg % (meth, file)\n                        stacktrace.append(msg)\n                except TypeError:\n                    pass\n        if exception_class == UnexpectedAlertPresentException:\n            alert_text = None\n            if \"data\" in value:\n                alert_text = value[\"data\"].get(\"text\")\n            elif \"alert\" in value:\n                alert_text = value[\"alert\"].get(\"text\")\n            raise exception_class(message, screen, stacktrace, alert_text)  # type: ignore[call-arg]  # mypy is not smart enough here\n>       raise exception_class(message, screen, stacktrace)\nE       selenium.common.exceptions.SessionNotCreatedException: Message: session not created: Chrome failed to start: exited normally.\nE         (session not created: DevToolsActivePort file doesn't exist)\nE         (The process started from chrome location /usr/bin/google-chrome is no longer running, so ChromeDriver is assuming that Chrome has crashed.)\nE       Stacktrace:\nE       #0 0x560def746303 <unknown>\nE       #1 0x560def42b2b7 <unknown>\nE       #2 0x560def45fb40 <unknown>\nE       #3 0x560def45b6e5 <unknown>\nE       #4 0x560def4a5abc <unknown>\nE       #5 0x560def499123 <unknown>\nE       #6 0x560def469095 <unknown>\nE       #7 0x560def46a09e <unknown>\nE       #8 0x560def70a6ab <unknown>\nE       #9 0x560def70e4ba <unknown>\nE       #10 0x560def6f6f85 <unknown>\nE       #11 0x560def70f12f <unknown>\nE       #12 0x560def6dae6f <unknown>\nE       #13 0x560def7335f8 <unknown>\nE       #14 0x560def7337c2 <unknown>\nE       #15 0x560def7454a4 <unknown>\nE       #16 0x7f4b9e894ac3 <unknown>\n\n/opt/hostedtoolcache/Python/3.12.2/x64/lib/python3.12/site-packages/selenium/webdriver/remote/errorhandler.py:229: SessionNotCreatedException",
  "flaky" : false,
  "newFailed" : false,
  "beforeStages" : [ {
    "name" : "driver",
    "time" : {
      "start" : 1708805875614,
      "stop" : 1708805875785,
      "duration" : 171
    },
    "status" : "broken",
    "statusMessage" : "selenium.common.exceptions.SessionNotCreatedException: Message: session not created: Chrome failed to start: exited normally.\n  (session not created: DevToolsActivePort file doesn't exist)\n  (The process started from chrome location /usr/bin/google-chrome is no longer running, so ChromeDriver is assuming that Chrome has crashed.)\nStacktrace:\n#0 0x560def746303 <unknown>\n#1 0x560def42b2b7 <unknown>\n#2 0x560def45fb40 <unknown>\n#3 0x560def45b6e5 <unknown>\n#4 0x560def4a5abc <unknown>\n#5 0x560def499123 <unknown>\n#6 0x560def469095 <unknown>\n#7 0x560def46a09e <unknown>\n#8 0x560def70a6ab <unknown>\n#9 0x560def70e4ba <unknown>\n#10 0x560def6f6f85 <unknown>\n#11 0x560def70f12f <unknown>\n#12 0x560def6dae6f <unknown>\n#13 0x560def7335f8 <unknown>\n#14 0x560def7337c2 <unknown>\n#15 0x560def7454a4 <unknown>\n#16 0x7f4b9e894ac3 <unknown>\n\n",
    "statusTrace" : "  File \"/opt/hostedtoolcache/Python/3.12.2/x64/lib/python3.12/site-packages/pluggy/_callers.py\", line 166, in _multicall\n    teardown.throw(outcome._exception)\n  File \"/opt/hostedtoolcache/Python/3.12.2/x64/lib/python3.12/site-packages/_pytest/setuponly.py\", line 36, in pytest_fixture_setup\n    return (yield)\n            ^^^^^\n  File \"/opt/hostedtoolcache/Python/3.12.2/x64/lib/python3.12/site-packages/pluggy/_callers.py\", line 102, in _multicall\n    res = hook_impl.function(*args)\n          ^^^^^^^^^^^^^^^^^^^^^^^^^\n  File \"/opt/hostedtoolcache/Python/3.12.2/x64/lib/python3.12/site-packages/_pytest/fixtures.py\", line 1149, in pytest_fixture_setup\n    result = call_fixture_func(fixturefunc, request, kwargs)\n             ^^^^^^^^^^^^^^^^^^^^^^^^^^^^^^^^^^^^^^^^^^^^^^^\n  File \"/opt/hostedtoolcache/Python/3.12.2/x64/lib/python3.12/site-packages/_pytest/fixtures.py\", line 916, in call_fixture_func\n    fixture_result = next(generator)\n                     ^^^^^^^^^^^^^^^\n  File \"/home/runner/work/PulseWave/PulseWave/conftest.py\", line 18, in driver\n    driver = webdriver.Chrome(options=chrome_options)\n             ^^^^^^^^^^^^^^^^^^^^^^^^^^^^^^^^^^^^^^^^\n  File \"/opt/hostedtoolcache/Python/3.12.2/x64/lib/python3.12/site-packages/selenium/webdriver/chrome/webdriver.py\", line 45, in __init__\n    super().__init__(\n  File \"/opt/hostedtoolcache/Python/3.12.2/x64/lib/python3.12/site-packages/selenium/webdriver/chromium/webdriver.py\", line 61, in __init__\n    super().__init__(command_executor=executor, options=options)\n  File \"/opt/hostedtoolcache/Python/3.12.2/x64/lib/python3.12/site-packages/selenium/webdriver/remote/webdriver.py\", line 208, in __init__\n    self.start_session(capabilities)\n  File \"/opt/hostedtoolcache/Python/3.12.2/x64/lib/python3.12/site-packages/selenium/webdriver/remote/webdriver.py\", line 292, in start_session\n    response = self.execute(Command.NEW_SESSION, caps)[\"value\"]\n               ^^^^^^^^^^^^^^^^^^^^^^^^^^^^^^^^^^^^^^^\n  File \"/opt/hostedtoolcache/Python/3.12.2/x64/lib/python3.12/site-packages/selenium/webdriver/remote/webdriver.py\", line 347, in execute\n    self.error_handler.check_response(response)\n  File \"/opt/hostedtoolcache/Python/3.12.2/x64/lib/python3.12/site-packages/selenium/webdriver/remote/errorhandler.py\", line 229, in check_response\n    raise exception_class(message, screen, stacktrace)\n",
    "steps" : [ ],
    "attachments" : [ ],
    "parameters" : [ ],
    "stepsCount" : 0,
    "attachmentsCount" : 0,
    "shouldDisplayMessage" : true,
    "hasContent" : true
  }, {
    "name" : "_session_faker",
    "time" : {
      "start" : 1708805607601,
      "stop" : 1708805607618,
      "duration" : 17
    },
    "status" : "passed",
    "steps" : [ ],
    "attachments" : [ ],
    "parameters" : [ ],
    "stepsCount" : 0,
    "attachmentsCount" : 0,
    "shouldDisplayMessage" : false,
    "hasContent" : false
  }, {
    "name" : "clear_allure_results_folder",
    "time" : {
      "start" : 1708805607619,
      "stop" : 1708805607619,
      "duration" : 0
    },
    "status" : "passed",
    "steps" : [ ],
    "attachments" : [ ],
    "parameters" : [ ],
    "stepsCount" : 0,
    "attachmentsCount" : 0,
    "shouldDisplayMessage" : false,
    "hasContent" : false
  } ],
  "afterStages" : [ ],
  "labels" : [ {
    "name" : "epic",
    "value" : "Тестирование Главной страницы"
  }, {
    "name" : "tag",
    "value" : "regress"
  }, {
    "name" : "parentSuite",
    "value" : "tests.test_main_page"
  }, {
    "name" : "suite",
    "value" : "test_main_page"
  }, {
    "name" : "subSuite",
    "value" : "TestMainPage"
  }, {
    "name" : "host",
    "value" : "fv-az885-50"
  }, {
    "name" : "thread",
    "value" : "2222-MainThread"
  }, {
    "name" : "framework",
    "value" : "pytest"
  }, {
    "name" : "language",
    "value" : "cpython3"
  }, {
    "name" : "package",
    "value" : "tests.test_main_page.test_main_page"
  }, {
    "name" : "resultFormat",
    "value" : "allure2"
  } ],
  "parameters" : [ {
    "name" : "browser",
    "value" : "'chrome'"
  }, {
    "name" : "css_property",
    "value" : "'font-family'"
  }, {
    "name" : "figma",
    "value" : "'Mulish, sans-serif'"
  }, {
    "name" : "name",
    "value" : "'шрифта'"
  } ],
  "links" : [ ],
  "hidden" : false,
  "retry" : false,
  "extra" : {
    "severity" : "normal",
    "retries" : [ ],
    "categories" : [ {
      "name" : "Test defects",
      "matchedStatuses" : [ ],
      "flaky" : false
    } ],
    "history" : {
      "statistic" : {
        "failed" : 0,
        "broken" : 1,
        "skipped" : 0,
        "passed" : 18,
        "unknown" : 0,
        "total" : 19
      },
      "items" : [ {
        "uid" : "f952ff44a4d189d5",
        "reportUrl" : "https://Nat754.github.io/PulseWave/173//#testresult/f952ff44a4d189d5",
        "status" : "passed",
        "time" : {
          "start" : 1708548192249,
          "stop" : 1708548192285,
          "duration" : 36
        }
      }, {
        "uid" : "de22fdba4ae42ad8",
        "reportUrl" : "https://Nat754.github.io/PulseWave/172//#testresult/de22fdba4ae42ad8",
        "status" : "passed",
        "time" : {
          "start" : 1707851567233,
          "stop" : 1707851567268,
          "duration" : 35
        }
      }, {
        "uid" : "45a290f2a6ecc96c",
        "reportUrl" : "https://Nat754.github.io/PulseWave/171//#testresult/45a290f2a6ecc96c",
        "status" : "passed",
        "time" : {
          "start" : 1707494987751,
          "stop" : 1707494987785,
          "duration" : 34
        }
      }, {
        "uid" : "6f8576f0b918b83e",
        "reportUrl" : "https://Nat754.github.io/PulseWave/171//#testresult/6f8576f0b918b83e",
        "status" : "passed",
        "time" : {
          "start" : 1707480062521,
          "stop" : 1707480062555,
          "duration" : 34
        }
      }, {
        "uid" : "62de3efe9d4418b5",
        "reportUrl" : "https://Nat754.github.io/PulseWave/170//#testresult/62de3efe9d4418b5",
        "status" : "passed",
        "time" : {
          "start" : 1707255407535,
          "stop" : 1707255407569,
          "duration" : 34
        }
      }, {
        "uid" : "e20c75bb5616e732",
        "reportUrl" : "https://Nat754.github.io/PulseWave/169//#testresult/e20c75bb5616e732",
        "status" : "passed",
        "time" : {
          "start" : 1707252699060,
          "stop" : 1707252699097,
          "duration" : 37
        }
      }, {
        "uid" : "3d9c7ff284245c74",
        "reportUrl" : "https://Nat754.github.io/PulseWave/169//#testresult/3d9c7ff284245c74",
        "status" : "passed",
        "time" : {
          "start" : 1707245456362,
          "stop" : 1707245456399,
          "duration" : 37
        }
      }, {
        "uid" : "76bdef9c71b4eb08",
        "reportUrl" : "https://Nat754.github.io/PulseWave/169//#testresult/76bdef9c71b4eb08",
        "status" : "passed",
        "time" : {
          "start" : 1707244415777,
          "stop" : 1707244415813,
          "duration" : 36
        }
      }, {
        "uid" : "809411a31f574bb7",
        "reportUrl" : "https://Nat754.github.io/PulseWave/168//#testresult/809411a31f574bb7",
        "status" : "passed",
        "time" : {
          "start" : 1707241460583,
          "stop" : 1707241460617,
          "duration" : 34
        }
      }, {
        "uid" : "dfdfba937b5dca51",
        "reportUrl" : "https://Nat754.github.io/PulseWave/167//#testresult/dfdfba937b5dca51",
        "status" : "passed",
        "time" : {
          "start" : 1707239859647,
          "stop" : 1707239859681,
          "duration" : 34
        }
      }, {
        "uid" : "d935267e14c1fb18",
        "reportUrl" : "https://Nat754.github.io/PulseWave/166//#testresult/d935267e14c1fb18",
        "status" : "passed",
        "time" : {
          "start" : 1707236166645,
          "stop" : 1707236166682,
          "duration" : 37
        }
      }, {
        "uid" : "99396e5a2b0fb5ff",
        "reportUrl" : "https://Nat754.github.io/PulseWave/166//#testresult/99396e5a2b0fb5ff",
        "status" : "passed",
        "time" : {
          "start" : 1707220263198,
          "stop" : 1707220263232,
          "duration" : 34
        }
      }, {
        "uid" : "61a08ec4e3eea92c",
        "reportUrl" : "https://Nat754.github.io/PulseWave/166//#testresult/61a08ec4e3eea92c",
        "status" : "passed",
        "time" : {
          "start" : 1707218663559,
          "stop" : 1707218663592,
          "duration" : 33
        }
      }, {
        "uid" : "2647d8974210c5ed",
        "reportUrl" : "https://Nat754.github.io/PulseWave/166//#testresult/2647d8974210c5ed",
        "status" : "passed",
        "time" : {
          "start" : 1707217707754,
          "stop" : 1707217707789,
          "duration" : 35
        }
      }, {
        "uid" : "6a704c6b02a70481",
        "reportUrl" : "https://Nat754.github.io/PulseWave/165//#testresult/6a704c6b02a70481",
        "status" : "passed",
        "time" : {
          "start" : 1707216802761,
          "stop" : 1707216802796,
          "duration" : 35
        }
      }, {
        "uid" : "a4e6fcbbcd27e9",
        "reportUrl" : "https://Nat754.github.io/PulseWave/164//#testresult/a4e6fcbbcd27e9",
        "status" : "passed",
        "time" : {
          "start" : 1707215128533,
          "stop" : 1707215128569,
          "duration" : 36
        }
      }, {
        "uid" : "82c073ae19c954fa",
        "reportUrl" : "https://Nat754.github.io/PulseWave/164//#testresult/82c073ae19c954fa",
        "status" : "passed",
        "time" : {
          "start" : 1707211795278,
          "stop" : 1707211795314,
          "duration" : 36
        }
      }, {
        "uid" : "6bc655fd3276ce15",
        "reportUrl" : "https://Nat754.github.io/PulseWave/163//#testresult/6bc655fd3276ce15",
        "status" : "passed",
        "time" : {
          "start" : 1707078660100,
          "stop" : 1707078660135,
          "duration" : 35
        }
      } ]
    },
    "tags" : [ "regress" ]
  },
  "source" : "4ef6009df494413f.json",
  "parameterValues" : [ "'chrome'", "'font-family'", "'Mulish, sans-serif'", "'шрифта'" ]
}