{
  "uid" : "5926b8f53e28a3a",
  "name" : "test_get_css_property_body_main_descr[font-family-Mulish, sans-serif-\\u0448\\u0440\\u0438\\u0444\\u0442\\u0430-chrome]",
  "fullName" : "tests.test_main_page.test_main_page.TestMainPage#test_get_css_property_body_main_descr",
  "historyId" : "0345e28de4326110d9be958a46c69d5a",
  "time" : {
    "start" : 1708805876908,
    "stop" : 1708805876908,
    "duration" : 0
  },
  "status" : "broken",
  "statusMessage" : "selenium.common.exceptions.SessionNotCreatedException: Message: session not created: Chrome failed to start: exited normally.\n  (session not created: DevToolsActivePort file doesn't exist)\n  (The process started from chrome location /usr/bin/google-chrome is no longer running, so ChromeDriver is assuming that Chrome has crashed.)\nStacktrace:\n#0 0x55d28d961303 <unknown>\n#1 0x55d28d6462b7 <unknown>\n#2 0x55d28d67ab40 <unknown>\n#3 0x55d28d6766e5 <unknown>\n#4 0x55d28d6c0abc <unknown>\n#5 0x55d28d6b4123 <unknown>\n#6 0x55d28d684095 <unknown>\n#7 0x55d28d68509e <unknown>\n#8 0x55d28d9256ab <unknown>\n#9 0x55d28d9294ba <unknown>\n#10 0x55d28d911f85 <unknown>\n#11 0x55d28d92a12f <unknown>\n#12 0x55d28d8f5e6f <unknown>\n#13 0x55d28d94e5f8 <unknown>\n#14 0x55d28d94e7c2 <unknown>\n#15 0x55d28d9604a4 <unknown>\n#16 0x7f9dc0e94ac3 <unknown>",
  "statusTrace" : "browser = 'chrome'\n\n    @pytest.fixture(scope='function')\n    def driver(browser):\n        print(f'\\nstart {browser} browser...')\n        if browser == \"chrome\":\n            chrome_options = ChromeOptions()\n            # chrome_options.add_argument('--headless')\n            chrome_options.add_argument('--start-maximized')\n>           driver = webdriver.Chrome(options=chrome_options)\n\nconftest.py:18: \n_ _ _ _ _ _ _ _ _ _ _ _ _ _ _ _ _ _ _ _ _ _ _ _ _ _ _ _ _ _ _ _ _ _ _ _ _ _ _ _ \n/opt/hostedtoolcache/Python/3.12.2/x64/lib/python3.12/site-packages/selenium/webdriver/chrome/webdriver.py:45: in __init__\n    super().__init__(\n/opt/hostedtoolcache/Python/3.12.2/x64/lib/python3.12/site-packages/selenium/webdriver/chromium/webdriver.py:61: in __init__\n    super().__init__(command_executor=executor, options=options)\n/opt/hostedtoolcache/Python/3.12.2/x64/lib/python3.12/site-packages/selenium/webdriver/remote/webdriver.py:208: in __init__\n    self.start_session(capabilities)\n/opt/hostedtoolcache/Python/3.12.2/x64/lib/python3.12/site-packages/selenium/webdriver/remote/webdriver.py:292: in start_session\n    response = self.execute(Command.NEW_SESSION, caps)[\"value\"]\n/opt/hostedtoolcache/Python/3.12.2/x64/lib/python3.12/site-packages/selenium/webdriver/remote/webdriver.py:347: in execute\n    self.error_handler.check_response(response)\n_ _ _ _ _ _ _ _ _ _ _ _ _ _ _ _ _ _ _ _ _ _ _ _ _ _ _ _ _ _ _ _ _ _ _ _ _ _ _ _ \n\nself = <selenium.webdriver.remote.errorhandler.ErrorHandler object at 0x7f13ac34c980>\nresponse = {'status': 500, 'value': '{\"value\":{\"error\":\"session not created\",\"message\":\"session not created: Chrome failed to sta...\\\\n#14 0x55d28d94e7c2 \\\\u003Cunknown>\\\\n#15 0x55d28d9604a4 \\\\u003Cunknown>\\\\n#16 0x7f9dc0e94ac3 \\\\u003Cunknown>\\\\n\"}}'}\n\n    def check_response(self, response: Dict[str, Any]) -> None:\n        \"\"\"Checks that a JSON response from the WebDriver does not have an\n        error.\n    \n        :Args:\n         - response - The JSON response from the WebDriver server as a dictionary\n           object.\n    \n        :Raises: If the response contains an error message.\n        \"\"\"\n        status = response.get(\"status\", None)\n        if not status or status == ErrorCode.SUCCESS:\n            return\n        value = None\n        message = response.get(\"message\", \"\")\n        screen: str = response.get(\"screen\", \"\")\n        stacktrace = None\n        if isinstance(status, int):\n            value_json = response.get(\"value\", None)\n            if value_json and isinstance(value_json, str):\n                import json\n    \n                try:\n                    value = json.loads(value_json)\n                    if len(value) == 1:\n                        value = value[\"value\"]\n                    status = value.get(\"error\", None)\n                    if not status:\n                        status = value.get(\"status\", ErrorCode.UNKNOWN_ERROR)\n                        message = value.get(\"value\") or value.get(\"message\")\n                        if not isinstance(message, str):\n                            value = message\n                            message = message.get(\"message\")\n                    else:\n                        message = value.get(\"message\", None)\n                except ValueError:\n                    pass\n    \n        exception_class: Type[WebDriverException]\n        e = ErrorCode()\n        error_codes = [item for item in dir(e) if not item.startswith(\"__\")]\n        for error_code in error_codes:\n            error_info = getattr(ErrorCode, error_code)\n            if isinstance(error_info, list) and status in error_info:\n                exception_class = getattr(ExceptionMapping, error_code, WebDriverException)\n                break\n        else:\n            exception_class = WebDriverException\n    \n        if not value:\n            value = response[\"value\"]\n        if isinstance(value, str):\n            raise exception_class(value)\n        if message == \"\" and \"message\" in value:\n            message = value[\"message\"]\n    \n        screen = None  # type: ignore[assignment]\n        if \"screen\" in value:\n            screen = value[\"screen\"]\n    \n        stacktrace = None\n        st_value = value.get(\"stackTrace\") or value.get(\"stacktrace\")\n        if st_value:\n            if isinstance(st_value, str):\n                stacktrace = st_value.split(\"\\n\")\n            else:\n                stacktrace = []\n                try:\n                    for frame in st_value:\n                        line = frame.get(\"lineNumber\", \"\")\n                        file = frame.get(\"fileName\", \"<anonymous>\")\n                        if line:\n                            file = f\"{file}:{line}\"\n                        meth = frame.get(\"methodName\", \"<anonymous>\")\n                        if \"className\" in frame:\n                            meth = f\"{frame['className']}.{meth}\"\n                        msg = \"    at %s (%s)\"\n                        msg = msg % (meth, file)\n                        stacktrace.append(msg)\n                except TypeError:\n                    pass\n        if exception_class == UnexpectedAlertPresentException:\n            alert_text = None\n            if \"data\" in value:\n                alert_text = value[\"data\"].get(\"text\")\n            elif \"alert\" in value:\n                alert_text = value[\"alert\"].get(\"text\")\n            raise exception_class(message, screen, stacktrace, alert_text)  # type: ignore[call-arg]  # mypy is not smart enough here\n>       raise exception_class(message, screen, stacktrace)\nE       selenium.common.exceptions.SessionNotCreatedException: Message: session not created: Chrome failed to start: exited normally.\nE         (session not created: DevToolsActivePort file doesn't exist)\nE         (The process started from chrome location /usr/bin/google-chrome is no longer running, so ChromeDriver is assuming that Chrome has crashed.)\nE       Stacktrace:\nE       #0 0x55d28d961303 <unknown>\nE       #1 0x55d28d6462b7 <unknown>\nE       #2 0x55d28d67ab40 <unknown>\nE       #3 0x55d28d6766e5 <unknown>\nE       #4 0x55d28d6c0abc <unknown>\nE       #5 0x55d28d6b4123 <unknown>\nE       #6 0x55d28d684095 <unknown>\nE       #7 0x55d28d68509e <unknown>\nE       #8 0x55d28d9256ab <unknown>\nE       #9 0x55d28d9294ba <unknown>\nE       #10 0x55d28d911f85 <unknown>\nE       #11 0x55d28d92a12f <unknown>\nE       #12 0x55d28d8f5e6f <unknown>\nE       #13 0x55d28d94e5f8 <unknown>\nE       #14 0x55d28d94e7c2 <unknown>\nE       #15 0x55d28d9604a4 <unknown>\nE       #16 0x7f9dc0e94ac3 <unknown>\n\n/opt/hostedtoolcache/Python/3.12.2/x64/lib/python3.12/site-packages/selenium/webdriver/remote/errorhandler.py:229: SessionNotCreatedException",
  "flaky" : false,
  "newFailed" : false,
  "beforeStages" : [ {
    "name" : "driver",
    "time" : {
      "start" : 1708805876909,
      "stop" : 1708805877082,
      "duration" : 173
    },
    "status" : "broken",
    "statusMessage" : "selenium.common.exceptions.SessionNotCreatedException: Message: session not created: Chrome failed to start: exited normally.\n  (session not created: DevToolsActivePort file doesn't exist)\n  (The process started from chrome location /usr/bin/google-chrome is no longer running, so ChromeDriver is assuming that Chrome has crashed.)\nStacktrace:\n#0 0x55d28d961303 <unknown>\n#1 0x55d28d6462b7 <unknown>\n#2 0x55d28d67ab40 <unknown>\n#3 0x55d28d6766e5 <unknown>\n#4 0x55d28d6c0abc <unknown>\n#5 0x55d28d6b4123 <unknown>\n#6 0x55d28d684095 <unknown>\n#7 0x55d28d68509e <unknown>\n#8 0x55d28d9256ab <unknown>\n#9 0x55d28d9294ba <unknown>\n#10 0x55d28d911f85 <unknown>\n#11 0x55d28d92a12f <unknown>\n#12 0x55d28d8f5e6f <unknown>\n#13 0x55d28d94e5f8 <unknown>\n#14 0x55d28d94e7c2 <unknown>\n#15 0x55d28d9604a4 <unknown>\n#16 0x7f9dc0e94ac3 <unknown>\n\n",
    "statusTrace" : "  File \"/opt/hostedtoolcache/Python/3.12.2/x64/lib/python3.12/site-packages/pluggy/_callers.py\", line 166, in _multicall\n    teardown.throw(outcome._exception)\n  File \"/opt/hostedtoolcache/Python/3.12.2/x64/lib/python3.12/site-packages/_pytest/setuponly.py\", line 36, in pytest_fixture_setup\n    return (yield)\n            ^^^^^\n  File \"/opt/hostedtoolcache/Python/3.12.2/x64/lib/python3.12/site-packages/pluggy/_callers.py\", line 102, in _multicall\n    res = hook_impl.function(*args)\n          ^^^^^^^^^^^^^^^^^^^^^^^^^\n  File \"/opt/hostedtoolcache/Python/3.12.2/x64/lib/python3.12/site-packages/_pytest/fixtures.py\", line 1149, in pytest_fixture_setup\n    result = call_fixture_func(fixturefunc, request, kwargs)\n             ^^^^^^^^^^^^^^^^^^^^^^^^^^^^^^^^^^^^^^^^^^^^^^^\n  File \"/opt/hostedtoolcache/Python/3.12.2/x64/lib/python3.12/site-packages/_pytest/fixtures.py\", line 916, in call_fixture_func\n    fixture_result = next(generator)\n                     ^^^^^^^^^^^^^^^\n  File \"/home/runner/work/PulseWave/PulseWave/conftest.py\", line 18, in driver\n    driver = webdriver.Chrome(options=chrome_options)\n             ^^^^^^^^^^^^^^^^^^^^^^^^^^^^^^^^^^^^^^^^\n  File \"/opt/hostedtoolcache/Python/3.12.2/x64/lib/python3.12/site-packages/selenium/webdriver/chrome/webdriver.py\", line 45, in __init__\n    super().__init__(\n  File \"/opt/hostedtoolcache/Python/3.12.2/x64/lib/python3.12/site-packages/selenium/webdriver/chromium/webdriver.py\", line 61, in __init__\n    super().__init__(command_executor=executor, options=options)\n  File \"/opt/hostedtoolcache/Python/3.12.2/x64/lib/python3.12/site-packages/selenium/webdriver/remote/webdriver.py\", line 208, in __init__\n    self.start_session(capabilities)\n  File \"/opt/hostedtoolcache/Python/3.12.2/x64/lib/python3.12/site-packages/selenium/webdriver/remote/webdriver.py\", line 292, in start_session\n    response = self.execute(Command.NEW_SESSION, caps)[\"value\"]\n               ^^^^^^^^^^^^^^^^^^^^^^^^^^^^^^^^^^^^^^^\n  File \"/opt/hostedtoolcache/Python/3.12.2/x64/lib/python3.12/site-packages/selenium/webdriver/remote/webdriver.py\", line 347, in execute\n    self.error_handler.check_response(response)\n  File \"/opt/hostedtoolcache/Python/3.12.2/x64/lib/python3.12/site-packages/selenium/webdriver/remote/errorhandler.py\", line 229, in check_response\n    raise exception_class(message, screen, stacktrace)\n",
    "steps" : [ ],
    "attachments" : [ ],
    "parameters" : [ ],
    "stepsCount" : 0,
    "attachmentsCount" : 0,
    "shouldDisplayMessage" : true,
    "hasContent" : true
  }, {
    "name" : "_session_faker",
    "time" : {
      "start" : 1708805607601,
      "stop" : 1708805607618,
      "duration" : 17
    },
    "status" : "passed",
    "steps" : [ ],
    "attachments" : [ ],
    "parameters" : [ ],
    "stepsCount" : 0,
    "attachmentsCount" : 0,
    "shouldDisplayMessage" : false,
    "hasContent" : false
  }, {
    "name" : "clear_allure_results_folder",
    "time" : {
      "start" : 1708805607619,
      "stop" : 1708805607619,
      "duration" : 0
    },
    "status" : "passed",
    "steps" : [ ],
    "attachments" : [ ],
    "parameters" : [ ],
    "stepsCount" : 0,
    "attachmentsCount" : 0,
    "shouldDisplayMessage" : false,
    "hasContent" : false
  } ],
  "afterStages" : [ ],
  "labels" : [ {
    "name" : "epic",
    "value" : "Тестирование Главной страницы"
  }, {
    "name" : "tag",
    "value" : "regress"
  }, {
    "name" : "parentSuite",
    "value" : "tests.test_main_page"
  }, {
    "name" : "suite",
    "value" : "test_main_page"
  }, {
    "name" : "subSuite",
    "value" : "TestMainPage"
  }, {
    "name" : "host",
    "value" : "fv-az885-50"
  }, {
    "name" : "thread",
    "value" : "2222-MainThread"
  }, {
    "name" : "framework",
    "value" : "pytest"
  }, {
    "name" : "language",
    "value" : "cpython3"
  }, {
    "name" : "package",
    "value" : "tests.test_main_page.test_main_page"
  }, {
    "name" : "resultFormat",
    "value" : "allure2"
  } ],
  "parameters" : [ {
    "name" : "browser",
    "value" : "'chrome'"
  }, {
    "name" : "css_property",
    "value" : "'font-family'"
  }, {
    "name" : "figma",
    "value" : "'Mulish, sans-serif'"
  }, {
    "name" : "name",
    "value" : "'шрифта'"
  } ],
  "links" : [ ],
  "hidden" : false,
  "retry" : false,
  "extra" : {
    "severity" : "normal",
    "retries" : [ ],
    "categories" : [ {
      "name" : "Test defects",
      "matchedStatuses" : [ ],
      "flaky" : false
    } ],
    "history" : {
      "statistic" : {
        "failed" : 0,
        "broken" : 1,
        "skipped" : 0,
        "passed" : 18,
        "unknown" : 0,
        "total" : 19
      },
      "items" : [ {
        "uid" : "575839a131b8cc7d",
        "reportUrl" : "https://Nat754.github.io/PulseWave/173//#testresult/575839a131b8cc7d",
        "status" : "passed",
        "time" : {
          "start" : 1708548206078,
          "stop" : 1708548206114,
          "duration" : 36
        }
      }, {
        "uid" : "4b1445b4aaa3e372",
        "reportUrl" : "https://Nat754.github.io/PulseWave/172//#testresult/4b1445b4aaa3e372",
        "status" : "passed",
        "time" : {
          "start" : 1707851586760,
          "stop" : 1707851586793,
          "duration" : 33
        }
      }, {
        "uid" : "b7bd120b7365158a",
        "reportUrl" : "https://Nat754.github.io/PulseWave/171//#testresult/b7bd120b7365158a",
        "status" : "passed",
        "time" : {
          "start" : 1707495001762,
          "stop" : 1707495001795,
          "duration" : 33
        }
      }, {
        "uid" : "57634de38807d39e",
        "reportUrl" : "https://Nat754.github.io/PulseWave/171//#testresult/57634de38807d39e",
        "status" : "passed",
        "time" : {
          "start" : 1707480077035,
          "stop" : 1707480077067,
          "duration" : 32
        }
      }, {
        "uid" : "95849b62dac0e234",
        "reportUrl" : "https://Nat754.github.io/PulseWave/170//#testresult/95849b62dac0e234",
        "status" : "passed",
        "time" : {
          "start" : 1707255421507,
          "stop" : 1707255421538,
          "duration" : 31
        }
      }, {
        "uid" : "33104b29168e692f",
        "reportUrl" : "https://Nat754.github.io/PulseWave/169//#testresult/33104b29168e692f",
        "status" : "passed",
        "time" : {
          "start" : 1707252709385,
          "stop" : 1707252709420,
          "duration" : 35
        }
      }, {
        "uid" : "3c371bd1ab1b095e",
        "reportUrl" : "https://Nat754.github.io/PulseWave/169//#testresult/3c371bd1ab1b095e",
        "status" : "passed",
        "time" : {
          "start" : 1707245469877,
          "stop" : 1707245469908,
          "duration" : 31
        }
      }, {
        "uid" : "d7645d4db26c2ec0",
        "reportUrl" : "https://Nat754.github.io/PulseWave/169//#testresult/d7645d4db26c2ec0",
        "status" : "passed",
        "time" : {
          "start" : 1707244429415,
          "stop" : 1707244429449,
          "duration" : 34
        }
      }, {
        "uid" : "57b9c4523d6648d8",
        "reportUrl" : "https://Nat754.github.io/PulseWave/168//#testresult/57b9c4523d6648d8",
        "status" : "passed",
        "time" : {
          "start" : 1707241470830,
          "stop" : 1707241470862,
          "duration" : 32
        }
      }, {
        "uid" : "a47777518e0bfe53",
        "reportUrl" : "https://Nat754.github.io/PulseWave/167//#testresult/a47777518e0bfe53",
        "status" : "passed",
        "time" : {
          "start" : 1707239873634,
          "stop" : 1707239873668,
          "duration" : 34
        }
      }, {
        "uid" : "75732871693a91d8",
        "reportUrl" : "https://Nat754.github.io/PulseWave/166//#testresult/75732871693a91d8",
        "status" : "passed",
        "time" : {
          "start" : 1707236177148,
          "stop" : 1707236177181,
          "duration" : 33
        }
      }, {
        "uid" : "f316d0d0586e4a8d",
        "reportUrl" : "https://Nat754.github.io/PulseWave/166//#testresult/f316d0d0586e4a8d",
        "status" : "passed",
        "time" : {
          "start" : 1707220274235,
          "stop" : 1707220274267,
          "duration" : 32
        }
      }, {
        "uid" : "7d04f9529b073df5",
        "reportUrl" : "https://Nat754.github.io/PulseWave/166//#testresult/7d04f9529b073df5",
        "status" : "passed",
        "time" : {
          "start" : 1707218673759,
          "stop" : 1707218673794,
          "duration" : 35
        }
      }, {
        "uid" : "c2c819b87551ed22",
        "reportUrl" : "https://Nat754.github.io/PulseWave/166//#testresult/c2c819b87551ed22",
        "status" : "passed",
        "time" : {
          "start" : 1707217718180,
          "stop" : 1707217718212,
          "duration" : 32
        }
      }, {
        "uid" : "3a5966e1f6d07da",
        "reportUrl" : "https://Nat754.github.io/PulseWave/165//#testresult/3a5966e1f6d07da",
        "status" : "passed",
        "time" : {
          "start" : 1707216812954,
          "stop" : 1707216812988,
          "duration" : 34
        }
      }, {
        "uid" : "7adf1268f97fad16",
        "reportUrl" : "https://Nat754.github.io/PulseWave/164//#testresult/7adf1268f97fad16",
        "status" : "passed",
        "time" : {
          "start" : 1707215138802,
          "stop" : 1707215138835,
          "duration" : 33
        }
      }, {
        "uid" : "a95130f22ba642fe",
        "reportUrl" : "https://Nat754.github.io/PulseWave/164//#testresult/a95130f22ba642fe",
        "status" : "passed",
        "time" : {
          "start" : 1707211809269,
          "stop" : 1707211809303,
          "duration" : 34
        }
      }, {
        "uid" : "4f08348447203dc2",
        "reportUrl" : "https://Nat754.github.io/PulseWave/163//#testresult/4f08348447203dc2",
        "status" : "passed",
        "time" : {
          "start" : 1707078670500,
          "stop" : 1707078670534,
          "duration" : 34
        }
      } ]
    },
    "tags" : [ "regress" ]
  },
  "source" : "5926b8f53e28a3a.json",
  "parameterValues" : [ "'chrome'", "'font-family'", "'Mulish, sans-serif'", "'шрифта'" ]
}