{
  "uid" : "7c456e524ca1a78",
  "name" : "1.28 Окно регистрации сообщение 'Регистрируясь, я соглашаюсь с Условиями пользования и Политикой конфиденциальности'",
  "fullName" : "tests.test_signup_page.test_signup_page.TestSignupPage#test_signup_message_agreement",
  "historyId" : "fdccdbd54d8bda5dd7bdd9148c08004f",
  "time" : {
    "start" : 1708805884178,
    "stop" : 1708805884178,
    "duration" : 0
  },
  "status" : "broken",
  "statusMessage" : "selenium.common.exceptions.SessionNotCreatedException: Message: session not created: Chrome failed to start: exited normally.\n  (session not created: DevToolsActivePort file doesn't exist)\n  (The process started from chrome location /usr/bin/google-chrome is no longer running, so ChromeDriver is assuming that Chrome has crashed.)\nStacktrace:\n#0 0x557e8984b303 <unknown>\n#1 0x557e895302b7 <unknown>\n#2 0x557e89564b40 <unknown>\n#3 0x557e895606e5 <unknown>\n#4 0x557e895aaabc <unknown>\n#5 0x557e8959e123 <unknown>\n#6 0x557e8956e095 <unknown>\n#7 0x557e8956f09e <unknown>\n#8 0x557e8980f6ab <unknown>\n#9 0x557e898134ba <unknown>\n#10 0x557e897fbf85 <unknown>\n#11 0x557e8981412f <unknown>\n#12 0x557e897dfe6f <unknown>\n#13 0x557e898385f8 <unknown>\n#14 0x557e898387c2 <unknown>\n#15 0x557e8984a4a4 <unknown>\n#16 0x7f121f694ac3 <unknown>",
  "statusTrace" : "browser = 'chrome'\n\n    @pytest.fixture(scope='function')\n    def driver(browser):\n        print(f'\\nstart {browser} browser...')\n        if browser == \"chrome\":\n            chrome_options = ChromeOptions()\n            # chrome_options.add_argument('--headless')\n            chrome_options.add_argument('--start-maximized')\n>           driver = webdriver.Chrome(options=chrome_options)\n\nconftest.py:18: \n_ _ _ _ _ _ _ _ _ _ _ _ _ _ _ _ _ _ _ _ _ _ _ _ _ _ _ _ _ _ _ _ _ _ _ _ _ _ _ _ \n/opt/hostedtoolcache/Python/3.12.2/x64/lib/python3.12/site-packages/selenium/webdriver/chrome/webdriver.py:45: in __init__\n    super().__init__(\n/opt/hostedtoolcache/Python/3.12.2/x64/lib/python3.12/site-packages/selenium/webdriver/chromium/webdriver.py:61: in __init__\n    super().__init__(command_executor=executor, options=options)\n/opt/hostedtoolcache/Python/3.12.2/x64/lib/python3.12/site-packages/selenium/webdriver/remote/webdriver.py:208: in __init__\n    self.start_session(capabilities)\n/opt/hostedtoolcache/Python/3.12.2/x64/lib/python3.12/site-packages/selenium/webdriver/remote/webdriver.py:292: in start_session\n    response = self.execute(Command.NEW_SESSION, caps)[\"value\"]\n/opt/hostedtoolcache/Python/3.12.2/x64/lib/python3.12/site-packages/selenium/webdriver/remote/webdriver.py:347: in execute\n    self.error_handler.check_response(response)\n_ _ _ _ _ _ _ _ _ _ _ _ _ _ _ _ _ _ _ _ _ _ _ _ _ _ _ _ _ _ _ _ _ _ _ _ _ _ _ _ \n\nself = <selenium.webdriver.remote.errorhandler.ErrorHandler object at 0x7f13ac369970>\nresponse = {'status': 500, 'value': '{\"value\":{\"error\":\"session not created\",\"message\":\"session not created: Chrome failed to sta...\\\\n#14 0x557e898387c2 \\\\u003Cunknown>\\\\n#15 0x557e8984a4a4 \\\\u003Cunknown>\\\\n#16 0x7f121f694ac3 \\\\u003Cunknown>\\\\n\"}}'}\n\n    def check_response(self, response: Dict[str, Any]) -> None:\n        \"\"\"Checks that a JSON response from the WebDriver does not have an\n        error.\n    \n        :Args:\n         - response - The JSON response from the WebDriver server as a dictionary\n           object.\n    \n        :Raises: If the response contains an error message.\n        \"\"\"\n        status = response.get(\"status\", None)\n        if not status or status == ErrorCode.SUCCESS:\n            return\n        value = None\n        message = response.get(\"message\", \"\")\n        screen: str = response.get(\"screen\", \"\")\n        stacktrace = None\n        if isinstance(status, int):\n            value_json = response.get(\"value\", None)\n            if value_json and isinstance(value_json, str):\n                import json\n    \n                try:\n                    value = json.loads(value_json)\n                    if len(value) == 1:\n                        value = value[\"value\"]\n                    status = value.get(\"error\", None)\n                    if not status:\n                        status = value.get(\"status\", ErrorCode.UNKNOWN_ERROR)\n                        message = value.get(\"value\") or value.get(\"message\")\n                        if not isinstance(message, str):\n                            value = message\n                            message = message.get(\"message\")\n                    else:\n                        message = value.get(\"message\", None)\n                except ValueError:\n                    pass\n    \n        exception_class: Type[WebDriverException]\n        e = ErrorCode()\n        error_codes = [item for item in dir(e) if not item.startswith(\"__\")]\n        for error_code in error_codes:\n            error_info = getattr(ErrorCode, error_code)\n            if isinstance(error_info, list) and status in error_info:\n                exception_class = getattr(ExceptionMapping, error_code, WebDriverException)\n                break\n        else:\n            exception_class = WebDriverException\n    \n        if not value:\n            value = response[\"value\"]\n        if isinstance(value, str):\n            raise exception_class(value)\n        if message == \"\" and \"message\" in value:\n            message = value[\"message\"]\n    \n        screen = None  # type: ignore[assignment]\n        if \"screen\" in value:\n            screen = value[\"screen\"]\n    \n        stacktrace = None\n        st_value = value.get(\"stackTrace\") or value.get(\"stacktrace\")\n        if st_value:\n            if isinstance(st_value, str):\n                stacktrace = st_value.split(\"\\n\")\n            else:\n                stacktrace = []\n                try:\n                    for frame in st_value:\n                        line = frame.get(\"lineNumber\", \"\")\n                        file = frame.get(\"fileName\", \"<anonymous>\")\n                        if line:\n                            file = f\"{file}:{line}\"\n                        meth = frame.get(\"methodName\", \"<anonymous>\")\n                        if \"className\" in frame:\n                            meth = f\"{frame['className']}.{meth}\"\n                        msg = \"    at %s (%s)\"\n                        msg = msg % (meth, file)\n                        stacktrace.append(msg)\n                except TypeError:\n                    pass\n        if exception_class == UnexpectedAlertPresentException:\n            alert_text = None\n            if \"data\" in value:\n                alert_text = value[\"data\"].get(\"text\")\n            elif \"alert\" in value:\n                alert_text = value[\"alert\"].get(\"text\")\n            raise exception_class(message, screen, stacktrace, alert_text)  # type: ignore[call-arg]  # mypy is not smart enough here\n>       raise exception_class(message, screen, stacktrace)\nE       selenium.common.exceptions.SessionNotCreatedException: Message: session not created: Chrome failed to start: exited normally.\nE         (session not created: DevToolsActivePort file doesn't exist)\nE         (The process started from chrome location /usr/bin/google-chrome is no longer running, so ChromeDriver is assuming that Chrome has crashed.)\nE       Stacktrace:\nE       #0 0x557e8984b303 <unknown>\nE       #1 0x557e895302b7 <unknown>\nE       #2 0x557e89564b40 <unknown>\nE       #3 0x557e895606e5 <unknown>\nE       #4 0x557e895aaabc <unknown>\nE       #5 0x557e8959e123 <unknown>\nE       #6 0x557e8956e095 <unknown>\nE       #7 0x557e8956f09e <unknown>\nE       #8 0x557e8980f6ab <unknown>\nE       #9 0x557e898134ba <unknown>\nE       #10 0x557e897fbf85 <unknown>\nE       #11 0x557e8981412f <unknown>\nE       #12 0x557e897dfe6f <unknown>\nE       #13 0x557e898385f8 <unknown>\nE       #14 0x557e898387c2 <unknown>\nE       #15 0x557e8984a4a4 <unknown>\nE       #16 0x7f121f694ac3 <unknown>\n\n/opt/hostedtoolcache/Python/3.12.2/x64/lib/python3.12/site-packages/selenium/webdriver/remote/errorhandler.py:229: SessionNotCreatedException",
  "flaky" : false,
  "newFailed" : false,
  "beforeStages" : [ {
    "name" : "_session_faker",
    "time" : {
      "start" : 1708805607601,
      "stop" : 1708805607618,
      "duration" : 17
    },
    "status" : "passed",
    "steps" : [ ],
    "attachments" : [ ],
    "parameters" : [ ],
    "stepsCount" : 0,
    "attachmentsCount" : 0,
    "shouldDisplayMessage" : false,
    "hasContent" : false
  }, {
    "name" : "clear_allure_results_folder",
    "time" : {
      "start" : 1708805607619,
      "stop" : 1708805607619,
      "duration" : 0
    },
    "status" : "passed",
    "steps" : [ ],
    "attachments" : [ ],
    "parameters" : [ ],
    "stepsCount" : 0,
    "attachmentsCount" : 0,
    "shouldDisplayMessage" : false,
    "hasContent" : false
  }, {
    "name" : "driver",
    "time" : {
      "start" : 1708805884178,
      "stop" : 1708805884350,
      "duration" : 172
    },
    "status" : "broken",
    "statusMessage" : "selenium.common.exceptions.SessionNotCreatedException: Message: session not created: Chrome failed to start: exited normally.\n  (session not created: DevToolsActivePort file doesn't exist)\n  (The process started from chrome location /usr/bin/google-chrome is no longer running, so ChromeDriver is assuming that Chrome has crashed.)\nStacktrace:\n#0 0x557e8984b303 <unknown>\n#1 0x557e895302b7 <unknown>\n#2 0x557e89564b40 <unknown>\n#3 0x557e895606e5 <unknown>\n#4 0x557e895aaabc <unknown>\n#5 0x557e8959e123 <unknown>\n#6 0x557e8956e095 <unknown>\n#7 0x557e8956f09e <unknown>\n#8 0x557e8980f6ab <unknown>\n#9 0x557e898134ba <unknown>\n#10 0x557e897fbf85 <unknown>\n#11 0x557e8981412f <unknown>\n#12 0x557e897dfe6f <unknown>\n#13 0x557e898385f8 <unknown>\n#14 0x557e898387c2 <unknown>\n#15 0x557e8984a4a4 <unknown>\n#16 0x7f121f694ac3 <unknown>\n\n",
    "statusTrace" : "  File \"/opt/hostedtoolcache/Python/3.12.2/x64/lib/python3.12/site-packages/pluggy/_callers.py\", line 166, in _multicall\n    teardown.throw(outcome._exception)\n  File \"/opt/hostedtoolcache/Python/3.12.2/x64/lib/python3.12/site-packages/_pytest/setuponly.py\", line 36, in pytest_fixture_setup\n    return (yield)\n            ^^^^^\n  File \"/opt/hostedtoolcache/Python/3.12.2/x64/lib/python3.12/site-packages/pluggy/_callers.py\", line 102, in _multicall\n    res = hook_impl.function(*args)\n          ^^^^^^^^^^^^^^^^^^^^^^^^^\n  File \"/opt/hostedtoolcache/Python/3.12.2/x64/lib/python3.12/site-packages/_pytest/fixtures.py\", line 1149, in pytest_fixture_setup\n    result = call_fixture_func(fixturefunc, request, kwargs)\n             ^^^^^^^^^^^^^^^^^^^^^^^^^^^^^^^^^^^^^^^^^^^^^^^\n  File \"/opt/hostedtoolcache/Python/3.12.2/x64/lib/python3.12/site-packages/_pytest/fixtures.py\", line 916, in call_fixture_func\n    fixture_result = next(generator)\n                     ^^^^^^^^^^^^^^^\n  File \"/home/runner/work/PulseWave/PulseWave/conftest.py\", line 18, in driver\n    driver = webdriver.Chrome(options=chrome_options)\n             ^^^^^^^^^^^^^^^^^^^^^^^^^^^^^^^^^^^^^^^^\n  File \"/opt/hostedtoolcache/Python/3.12.2/x64/lib/python3.12/site-packages/selenium/webdriver/chrome/webdriver.py\", line 45, in __init__\n    super().__init__(\n  File \"/opt/hostedtoolcache/Python/3.12.2/x64/lib/python3.12/site-packages/selenium/webdriver/chromium/webdriver.py\", line 61, in __init__\n    super().__init__(command_executor=executor, options=options)\n  File \"/opt/hostedtoolcache/Python/3.12.2/x64/lib/python3.12/site-packages/selenium/webdriver/remote/webdriver.py\", line 208, in __init__\n    self.start_session(capabilities)\n  File \"/opt/hostedtoolcache/Python/3.12.2/x64/lib/python3.12/site-packages/selenium/webdriver/remote/webdriver.py\", line 292, in start_session\n    response = self.execute(Command.NEW_SESSION, caps)[\"value\"]\n               ^^^^^^^^^^^^^^^^^^^^^^^^^^^^^^^^^^^^^^^\n  File \"/opt/hostedtoolcache/Python/3.12.2/x64/lib/python3.12/site-packages/selenium/webdriver/remote/webdriver.py\", line 347, in execute\n    self.error_handler.check_response(response)\n  File \"/opt/hostedtoolcache/Python/3.12.2/x64/lib/python3.12/site-packages/selenium/webdriver/remote/errorhandler.py\", line 229, in check_response\n    raise exception_class(message, screen, stacktrace)\n",
    "steps" : [ ],
    "attachments" : [ ],
    "parameters" : [ ],
    "stepsCount" : 0,
    "attachmentsCount" : 0,
    "shouldDisplayMessage" : true,
    "hasContent" : true
  } ],
  "afterStages" : [ ],
  "labels" : [ {
    "name" : "epic",
    "value" : "Тестирование страницы 'Регистрация'"
  }, {
    "name" : "tag",
    "value" : "smoke"
  }, {
    "name" : "parentSuite",
    "value" : "tests.test_signup_page"
  }, {
    "name" : "suite",
    "value" : "test_signup_page"
  }, {
    "name" : "subSuite",
    "value" : "TestSignupPage"
  }, {
    "name" : "host",
    "value" : "fv-az885-50"
  }, {
    "name" : "thread",
    "value" : "2222-MainThread"
  }, {
    "name" : "framework",
    "value" : "pytest"
  }, {
    "name" : "language",
    "value" : "cpython3"
  }, {
    "name" : "package",
    "value" : "tests.test_signup_page.test_signup_page"
  }, {
    "name" : "resultFormat",
    "value" : "allure2"
  } ],
  "parameters" : [ {
    "name" : "browser",
    "value" : "'chrome'"
  } ],
  "links" : [ ],
  "hidden" : false,
  "retry" : false,
  "extra" : {
    "severity" : "normal",
    "retries" : [ ],
    "categories" : [ {
      "name" : "Test defects",
      "matchedStatuses" : [ ],
      "flaky" : false
    } ],
    "history" : {
      "statistic" : {
        "failed" : 0,
        "broken" : 1,
        "skipped" : 0,
        "passed" : 18,
        "unknown" : 0,
        "total" : 19
      },
      "items" : [ {
        "uid" : "6daff882d36359c6",
        "reportUrl" : "https://Nat754.github.io/PulseWave/173//#testresult/6daff882d36359c6",
        "status" : "passed",
        "time" : {
          "start" : 1708548344744,
          "stop" : 1708548344800,
          "duration" : 56
        }
      }, {
        "uid" : "15e05645cdc31374",
        "reportUrl" : "https://Nat754.github.io/PulseWave/172//#testresult/15e05645cdc31374",
        "status" : "passed",
        "time" : {
          "start" : 1707851763642,
          "stop" : 1707851763698,
          "duration" : 56
        }
      }, {
        "uid" : "6cdc1aa0312d60be",
        "reportUrl" : "https://Nat754.github.io/PulseWave/171//#testresult/6cdc1aa0312d60be",
        "status" : "passed",
        "time" : {
          "start" : 1707495143819,
          "stop" : 1707495143873,
          "duration" : 54
        }
      }, {
        "uid" : "598e181402217fb",
        "reportUrl" : "https://Nat754.github.io/PulseWave/171//#testresult/598e181402217fb",
        "status" : "passed",
        "time" : {
          "start" : 1707480221586,
          "stop" : 1707480221641,
          "duration" : 55
        }
      }, {
        "uid" : "62890a65ec850513",
        "reportUrl" : "https://Nat754.github.io/PulseWave/170//#testresult/62890a65ec850513",
        "status" : "passed",
        "time" : {
          "start" : 1707255566111,
          "stop" : 1707255566165,
          "duration" : 54
        }
      }, {
        "uid" : "ba6f9512d841c9a",
        "reportUrl" : "https://Nat754.github.io/PulseWave/169//#testresult/ba6f9512d841c9a",
        "status" : "passed",
        "time" : {
          "start" : 1707252836403,
          "stop" : 1707252836465,
          "duration" : 62
        }
      }, {
        "uid" : "321039be08af91a1",
        "reportUrl" : "https://Nat754.github.io/PulseWave/169//#testresult/321039be08af91a1",
        "status" : "passed",
        "time" : {
          "start" : 1707245734766,
          "stop" : 1707245734821,
          "duration" : 55
        }
      }, {
        "uid" : "466b338973d42e90",
        "reportUrl" : "https://Nat754.github.io/PulseWave/169//#testresult/466b338973d42e90",
        "status" : "passed",
        "time" : {
          "start" : 1707244578391,
          "stop" : 1707244578449,
          "duration" : 58
        }
      }, {
        "uid" : "9ad150bc4c72b269",
        "reportUrl" : "https://Nat754.github.io/PulseWave/168//#testresult/9ad150bc4c72b269",
        "status" : "passed",
        "time" : {
          "start" : 1707241588022,
          "stop" : 1707241588076,
          "duration" : 54
        }
      }, {
        "uid" : "6dddb06eabfd40",
        "reportUrl" : "https://Nat754.github.io/PulseWave/167//#testresult/6dddb06eabfd40",
        "status" : "passed",
        "time" : {
          "start" : 1707240133419,
          "stop" : 1707240133475,
          "duration" : 56
        }
      }, {
        "uid" : "2de1294af26b2b07",
        "reportUrl" : "https://Nat754.github.io/PulseWave/166//#testresult/2de1294af26b2b07",
        "status" : "passed",
        "time" : {
          "start" : 1707236316614,
          "stop" : 1707236316669,
          "duration" : 55
        }
      }, {
        "uid" : "6fd4225e371c8d9f",
        "reportUrl" : "https://Nat754.github.io/PulseWave/166//#testresult/6fd4225e371c8d9f",
        "status" : "passed",
        "time" : {
          "start" : 1707220515950,
          "stop" : 1707220516004,
          "duration" : 54
        }
      }, {
        "uid" : "d5db2faf98046d40",
        "reportUrl" : "https://Nat754.github.io/PulseWave/166//#testresult/d5db2faf98046d40",
        "status" : "passed",
        "time" : {
          "start" : 1707218774820,
          "stop" : 1707218774874,
          "duration" : 54
        }
      }, {
        "uid" : "c25011e3c7dbf788",
        "reportUrl" : "https://Nat754.github.io/PulseWave/166//#testresult/c25011e3c7dbf788",
        "status" : "passed",
        "time" : {
          "start" : 1707217947238,
          "stop" : 1707217947292,
          "duration" : 54
        }
      }, {
        "uid" : "de797bd622cce9f0",
        "reportUrl" : "https://Nat754.github.io/PulseWave/165//#testresult/de797bd622cce9f0",
        "status" : "passed",
        "time" : {
          "start" : 1707216905854,
          "stop" : 1707216905908,
          "duration" : 54
        }
      }, {
        "uid" : "e156b981541c8d23",
        "reportUrl" : "https://Nat754.github.io/PulseWave/164//#testresult/e156b981541c8d23",
        "status" : "passed",
        "time" : {
          "start" : 1707215371824,
          "stop" : 1707215371879,
          "duration" : 55
        }
      }, {
        "uid" : "c0b44d0d6cc5f329",
        "reportUrl" : "https://Nat754.github.io/PulseWave/164//#testresult/c0b44d0d6cc5f329",
        "status" : "passed",
        "time" : {
          "start" : 1707211971656,
          "stop" : 1707211971717,
          "duration" : 61
        }
      }, {
        "uid" : "2745b528fdb1774a",
        "reportUrl" : "https://Nat754.github.io/PulseWave/163//#testresult/2745b528fdb1774a",
        "status" : "passed",
        "time" : {
          "start" : 1707078762615,
          "stop" : 1707078762669,
          "duration" : 54
        }
      } ]
    },
    "tags" : [ "smoke" ]
  },
  "source" : "7c456e524ca1a78.json",
  "parameterValues" : [ "'chrome'" ]
}