{
  "uid" : "89fd3e121a1f1f12",
  "name" : "test_get_css_property_title_signup[color-rgba(66, 66, 66, 1)-\\u0446\\u0432\\u0435\\u0442\\u0430 \\u0448\\u0440\\u0438\\u0444\\u0442\\u0430-chrome]",
  "fullName" : "tests.test_signup_page.test_signup_page.TestSignupPage#test_get_css_property_title_signup",
  "historyId" : "35a01a50d23803e06688fd7abb93c336",
  "time" : {
    "start" : 1708805882031,
    "stop" : 1708805882031,
    "duration" : 0
  },
  "status" : "broken",
  "statusMessage" : "selenium.common.exceptions.SessionNotCreatedException: Message: session not created: Chrome failed to start: exited normally.\n  (session not created: DevToolsActivePort file doesn't exist)\n  (The process started from chrome location /usr/bin/google-chrome is no longer running, so ChromeDriver is assuming that Chrome has crashed.)\nStacktrace:\n#0 0x5564b8601303 <unknown>\n#1 0x5564b82e62b7 <unknown>\n#2 0x5564b831ab40 <unknown>\n#3 0x5564b83166e5 <unknown>\n#4 0x5564b8360abc <unknown>\n#5 0x5564b8354123 <unknown>\n#6 0x5564b8324095 <unknown>\n#7 0x5564b832509e <unknown>\n#8 0x5564b85c56ab <unknown>\n#9 0x5564b85c94ba <unknown>\n#10 0x5564b85b1f85 <unknown>\n#11 0x5564b85ca12f <unknown>\n#12 0x5564b8595e6f <unknown>\n#13 0x5564b85ee5f8 <unknown>\n#14 0x5564b85ee7c2 <unknown>\n#15 0x5564b86004a4 <unknown>\n#16 0x7fa42f494ac3 <unknown>",
  "statusTrace" : "browser = 'chrome'\n\n    @pytest.fixture(scope='function')\n    def driver(browser):\n        print(f'\\nstart {browser} browser...')\n        if browser == \"chrome\":\n            chrome_options = ChromeOptions()\n            # chrome_options.add_argument('--headless')\n            chrome_options.add_argument('--start-maximized')\n>           driver = webdriver.Chrome(options=chrome_options)\n\nconftest.py:18: \n_ _ _ _ _ _ _ _ _ _ _ _ _ _ _ _ _ _ _ _ _ _ _ _ _ _ _ _ _ _ _ _ _ _ _ _ _ _ _ _ \n/opt/hostedtoolcache/Python/3.12.2/x64/lib/python3.12/site-packages/selenium/webdriver/chrome/webdriver.py:45: in __init__\n    super().__init__(\n/opt/hostedtoolcache/Python/3.12.2/x64/lib/python3.12/site-packages/selenium/webdriver/chromium/webdriver.py:61: in __init__\n    super().__init__(command_executor=executor, options=options)\n/opt/hostedtoolcache/Python/3.12.2/x64/lib/python3.12/site-packages/selenium/webdriver/remote/webdriver.py:208: in __init__\n    self.start_session(capabilities)\n/opt/hostedtoolcache/Python/3.12.2/x64/lib/python3.12/site-packages/selenium/webdriver/remote/webdriver.py:292: in start_session\n    response = self.execute(Command.NEW_SESSION, caps)[\"value\"]\n/opt/hostedtoolcache/Python/3.12.2/x64/lib/python3.12/site-packages/selenium/webdriver/remote/webdriver.py:347: in execute\n    self.error_handler.check_response(response)\n_ _ _ _ _ _ _ _ _ _ _ _ _ _ _ _ _ _ _ _ _ _ _ _ _ _ _ _ _ _ _ _ _ _ _ _ _ _ _ _ \n\nself = <selenium.webdriver.remote.errorhandler.ErrorHandler object at 0x7f13ac377620>\nresponse = {'status': 500, 'value': '{\"value\":{\"error\":\"session not created\",\"message\":\"session not created: Chrome failed to sta...\\\\n#14 0x5564b85ee7c2 \\\\u003Cunknown>\\\\n#15 0x5564b86004a4 \\\\u003Cunknown>\\\\n#16 0x7fa42f494ac3 \\\\u003Cunknown>\\\\n\"}}'}\n\n    def check_response(self, response: Dict[str, Any]) -> None:\n        \"\"\"Checks that a JSON response from the WebDriver does not have an\n        error.\n    \n        :Args:\n         - response - The JSON response from the WebDriver server as a dictionary\n           object.\n    \n        :Raises: If the response contains an error message.\n        \"\"\"\n        status = response.get(\"status\", None)\n        if not status or status == ErrorCode.SUCCESS:\n            return\n        value = None\n        message = response.get(\"message\", \"\")\n        screen: str = response.get(\"screen\", \"\")\n        stacktrace = None\n        if isinstance(status, int):\n            value_json = response.get(\"value\", None)\n            if value_json and isinstance(value_json, str):\n                import json\n    \n                try:\n                    value = json.loads(value_json)\n                    if len(value) == 1:\n                        value = value[\"value\"]\n                    status = value.get(\"error\", None)\n                    if not status:\n                        status = value.get(\"status\", ErrorCode.UNKNOWN_ERROR)\n                        message = value.get(\"value\") or value.get(\"message\")\n                        if not isinstance(message, str):\n                            value = message\n                            message = message.get(\"message\")\n                    else:\n                        message = value.get(\"message\", None)\n                except ValueError:\n                    pass\n    \n        exception_class: Type[WebDriverException]\n        e = ErrorCode()\n        error_codes = [item for item in dir(e) if not item.startswith(\"__\")]\n        for error_code in error_codes:\n            error_info = getattr(ErrorCode, error_code)\n            if isinstance(error_info, list) and status in error_info:\n                exception_class = getattr(ExceptionMapping, error_code, WebDriverException)\n                break\n        else:\n            exception_class = WebDriverException\n    \n        if not value:\n            value = response[\"value\"]\n        if isinstance(value, str):\n            raise exception_class(value)\n        if message == \"\" and \"message\" in value:\n            message = value[\"message\"]\n    \n        screen = None  # type: ignore[assignment]\n        if \"screen\" in value:\n            screen = value[\"screen\"]\n    \n        stacktrace = None\n        st_value = value.get(\"stackTrace\") or value.get(\"stacktrace\")\n        if st_value:\n            if isinstance(st_value, str):\n                stacktrace = st_value.split(\"\\n\")\n            else:\n                stacktrace = []\n                try:\n                    for frame in st_value:\n                        line = frame.get(\"lineNumber\", \"\")\n                        file = frame.get(\"fileName\", \"<anonymous>\")\n                        if line:\n                            file = f\"{file}:{line}\"\n                        meth = frame.get(\"methodName\", \"<anonymous>\")\n                        if \"className\" in frame:\n                            meth = f\"{frame['className']}.{meth}\"\n                        msg = \"    at %s (%s)\"\n                        msg = msg % (meth, file)\n                        stacktrace.append(msg)\n                except TypeError:\n                    pass\n        if exception_class == UnexpectedAlertPresentException:\n            alert_text = None\n            if \"data\" in value:\n                alert_text = value[\"data\"].get(\"text\")\n            elif \"alert\" in value:\n                alert_text = value[\"alert\"].get(\"text\")\n            raise exception_class(message, screen, stacktrace, alert_text)  # type: ignore[call-arg]  # mypy is not smart enough here\n>       raise exception_class(message, screen, stacktrace)\nE       selenium.common.exceptions.SessionNotCreatedException: Message: session not created: Chrome failed to start: exited normally.\nE         (session not created: DevToolsActivePort file doesn't exist)\nE         (The process started from chrome location /usr/bin/google-chrome is no longer running, so ChromeDriver is assuming that Chrome has crashed.)\nE       Stacktrace:\nE       #0 0x5564b8601303 <unknown>\nE       #1 0x5564b82e62b7 <unknown>\nE       #2 0x5564b831ab40 <unknown>\nE       #3 0x5564b83166e5 <unknown>\nE       #4 0x5564b8360abc <unknown>\nE       #5 0x5564b8354123 <unknown>\nE       #6 0x5564b8324095 <unknown>\nE       #7 0x5564b832509e <unknown>\nE       #8 0x5564b85c56ab <unknown>\nE       #9 0x5564b85c94ba <unknown>\nE       #10 0x5564b85b1f85 <unknown>\nE       #11 0x5564b85ca12f <unknown>\nE       #12 0x5564b8595e6f <unknown>\nE       #13 0x5564b85ee5f8 <unknown>\nE       #14 0x5564b85ee7c2 <unknown>\nE       #15 0x5564b86004a4 <unknown>\nE       #16 0x7fa42f494ac3 <unknown>\n\n/opt/hostedtoolcache/Python/3.12.2/x64/lib/python3.12/site-packages/selenium/webdriver/remote/errorhandler.py:229: SessionNotCreatedException",
  "flaky" : false,
  "newFailed" : false,
  "beforeStages" : [ {
    "name" : "driver",
    "time" : {
      "start" : 1708805882031,
      "stop" : 1708805882203,
      "duration" : 172
    },
    "status" : "broken",
    "statusMessage" : "selenium.common.exceptions.SessionNotCreatedException: Message: session not created: Chrome failed to start: exited normally.\n  (session not created: DevToolsActivePort file doesn't exist)\n  (The process started from chrome location /usr/bin/google-chrome is no longer running, so ChromeDriver is assuming that Chrome has crashed.)\nStacktrace:\n#0 0x5564b8601303 <unknown>\n#1 0x5564b82e62b7 <unknown>\n#2 0x5564b831ab40 <unknown>\n#3 0x5564b83166e5 <unknown>\n#4 0x5564b8360abc <unknown>\n#5 0x5564b8354123 <unknown>\n#6 0x5564b8324095 <unknown>\n#7 0x5564b832509e <unknown>\n#8 0x5564b85c56ab <unknown>\n#9 0x5564b85c94ba <unknown>\n#10 0x5564b85b1f85 <unknown>\n#11 0x5564b85ca12f <unknown>\n#12 0x5564b8595e6f <unknown>\n#13 0x5564b85ee5f8 <unknown>\n#14 0x5564b85ee7c2 <unknown>\n#15 0x5564b86004a4 <unknown>\n#16 0x7fa42f494ac3 <unknown>\n\n",
    "statusTrace" : "  File \"/opt/hostedtoolcache/Python/3.12.2/x64/lib/python3.12/site-packages/pluggy/_callers.py\", line 166, in _multicall\n    teardown.throw(outcome._exception)\n  File \"/opt/hostedtoolcache/Python/3.12.2/x64/lib/python3.12/site-packages/_pytest/setuponly.py\", line 36, in pytest_fixture_setup\n    return (yield)\n            ^^^^^\n  File \"/opt/hostedtoolcache/Python/3.12.2/x64/lib/python3.12/site-packages/pluggy/_callers.py\", line 102, in _multicall\n    res = hook_impl.function(*args)\n          ^^^^^^^^^^^^^^^^^^^^^^^^^\n  File \"/opt/hostedtoolcache/Python/3.12.2/x64/lib/python3.12/site-packages/_pytest/fixtures.py\", line 1149, in pytest_fixture_setup\n    result = call_fixture_func(fixturefunc, request, kwargs)\n             ^^^^^^^^^^^^^^^^^^^^^^^^^^^^^^^^^^^^^^^^^^^^^^^\n  File \"/opt/hostedtoolcache/Python/3.12.2/x64/lib/python3.12/site-packages/_pytest/fixtures.py\", line 916, in call_fixture_func\n    fixture_result = next(generator)\n                     ^^^^^^^^^^^^^^^\n  File \"/home/runner/work/PulseWave/PulseWave/conftest.py\", line 18, in driver\n    driver = webdriver.Chrome(options=chrome_options)\n             ^^^^^^^^^^^^^^^^^^^^^^^^^^^^^^^^^^^^^^^^\n  File \"/opt/hostedtoolcache/Python/3.12.2/x64/lib/python3.12/site-packages/selenium/webdriver/chrome/webdriver.py\", line 45, in __init__\n    super().__init__(\n  File \"/opt/hostedtoolcache/Python/3.12.2/x64/lib/python3.12/site-packages/selenium/webdriver/chromium/webdriver.py\", line 61, in __init__\n    super().__init__(command_executor=executor, options=options)\n  File \"/opt/hostedtoolcache/Python/3.12.2/x64/lib/python3.12/site-packages/selenium/webdriver/remote/webdriver.py\", line 208, in __init__\n    self.start_session(capabilities)\n  File \"/opt/hostedtoolcache/Python/3.12.2/x64/lib/python3.12/site-packages/selenium/webdriver/remote/webdriver.py\", line 292, in start_session\n    response = self.execute(Command.NEW_SESSION, caps)[\"value\"]\n               ^^^^^^^^^^^^^^^^^^^^^^^^^^^^^^^^^^^^^^^\n  File \"/opt/hostedtoolcache/Python/3.12.2/x64/lib/python3.12/site-packages/selenium/webdriver/remote/webdriver.py\", line 347, in execute\n    self.error_handler.check_response(response)\n  File \"/opt/hostedtoolcache/Python/3.12.2/x64/lib/python3.12/site-packages/selenium/webdriver/remote/errorhandler.py\", line 229, in check_response\n    raise exception_class(message, screen, stacktrace)\n",
    "steps" : [ ],
    "attachments" : [ ],
    "parameters" : [ ],
    "stepsCount" : 0,
    "attachmentsCount" : 0,
    "shouldDisplayMessage" : true,
    "hasContent" : true
  }, {
    "name" : "_session_faker",
    "time" : {
      "start" : 1708805607601,
      "stop" : 1708805607618,
      "duration" : 17
    },
    "status" : "passed",
    "steps" : [ ],
    "attachments" : [ ],
    "parameters" : [ ],
    "stepsCount" : 0,
    "attachmentsCount" : 0,
    "shouldDisplayMessage" : false,
    "hasContent" : false
  }, {
    "name" : "clear_allure_results_folder",
    "time" : {
      "start" : 1708805607619,
      "stop" : 1708805607619,
      "duration" : 0
    },
    "status" : "passed",
    "steps" : [ ],
    "attachments" : [ ],
    "parameters" : [ ],
    "stepsCount" : 0,
    "attachmentsCount" : 0,
    "shouldDisplayMessage" : false,
    "hasContent" : false
  } ],
  "afterStages" : [ ],
  "labels" : [ {
    "name" : "epic",
    "value" : "Тестирование страницы 'Регистрация'"
  }, {
    "name" : "tag",
    "value" : "regress"
  }, {
    "name" : "parentSuite",
    "value" : "tests.test_signup_page"
  }, {
    "name" : "suite",
    "value" : "test_signup_page"
  }, {
    "name" : "subSuite",
    "value" : "TestSignupPage"
  }, {
    "name" : "host",
    "value" : "fv-az885-50"
  }, {
    "name" : "thread",
    "value" : "2222-MainThread"
  }, {
    "name" : "framework",
    "value" : "pytest"
  }, {
    "name" : "language",
    "value" : "cpython3"
  }, {
    "name" : "package",
    "value" : "tests.test_signup_page.test_signup_page"
  }, {
    "name" : "resultFormat",
    "value" : "allure2"
  } ],
  "parameters" : [ {
    "name" : "browser",
    "value" : "'chrome'"
  }, {
    "name" : "css_property",
    "value" : "'color'"
  }, {
    "name" : "figma",
    "value" : "'rgba(66, 66, 66, 1)'"
  }, {
    "name" : "name",
    "value" : "'цвета шрифта'"
  } ],
  "links" : [ ],
  "hidden" : false,
  "retry" : false,
  "extra" : {
    "severity" : "normal",
    "retries" : [ ],
    "categories" : [ {
      "name" : "Test defects",
      "matchedStatuses" : [ ],
      "flaky" : false
    } ],
    "history" : {
      "statistic" : {
        "failed" : 0,
        "broken" : 1,
        "skipped" : 0,
        "passed" : 18,
        "unknown" : 0,
        "total" : 19
      },
      "items" : [ {
        "uid" : "d3f04c7d22d03256",
        "reportUrl" : "https://Nat754.github.io/PulseWave/173//#testresult/d3f04c7d22d03256",
        "status" : "passed",
        "time" : {
          "start" : 1708548298182,
          "stop" : 1708548298217,
          "duration" : 35
        }
      }, {
        "uid" : "81de6c6ec57d0980",
        "reportUrl" : "https://Nat754.github.io/PulseWave/172//#testresult/81de6c6ec57d0980",
        "status" : "passed",
        "time" : {
          "start" : 1707851704077,
          "stop" : 1707851704110,
          "duration" : 33
        }
      }, {
        "uid" : "d70b12e5ddd8863a",
        "reportUrl" : "https://Nat754.github.io/PulseWave/171//#testresult/d70b12e5ddd8863a",
        "status" : "passed",
        "time" : {
          "start" : 1707495096661,
          "stop" : 1707495096694,
          "duration" : 33
        }
      }, {
        "uid" : "21ca79f352bd5c2d",
        "reportUrl" : "https://Nat754.github.io/PulseWave/171//#testresult/21ca79f352bd5c2d",
        "status" : "passed",
        "time" : {
          "start" : 1707480173412,
          "stop" : 1707480173445,
          "duration" : 33
        }
      }, {
        "uid" : "2fa35fe2afce274e",
        "reportUrl" : "https://Nat754.github.io/PulseWave/170//#testresult/2fa35fe2afce274e",
        "status" : "passed",
        "time" : {
          "start" : 1707255518800,
          "stop" : 1707255518833,
          "duration" : 33
        }
      }, {
        "uid" : "8bf2e97097adb0b2",
        "reportUrl" : "https://Nat754.github.io/PulseWave/169//#testresult/8bf2e97097adb0b2",
        "status" : "passed",
        "time" : {
          "start" : 1707252791056,
          "stop" : 1707252791093,
          "duration" : 37
        }
      }, {
        "uid" : "5d80f3848f36a95e",
        "reportUrl" : "https://Nat754.github.io/PulseWave/169//#testresult/5d80f3848f36a95e",
        "status" : "passed",
        "time" : {
          "start" : 1707245688529,
          "stop" : 1707245688563,
          "duration" : 34
        }
      }, {
        "uid" : "be6af3972fb347d1",
        "reportUrl" : "https://Nat754.github.io/PulseWave/169//#testresult/be6af3972fb347d1",
        "status" : "passed",
        "time" : {
          "start" : 1707244527116,
          "stop" : 1707244527150,
          "duration" : 34
        }
      }, {
        "uid" : "37894be537b7cc36",
        "reportUrl" : "https://Nat754.github.io/PulseWave/168//#testresult/37894be537b7cc36",
        "status" : "passed",
        "time" : {
          "start" : 1707241543281,
          "stop" : 1707241543314,
          "duration" : 33
        }
      }, {
        "uid" : "6efe953da5f2abcf",
        "reportUrl" : "https://Nat754.github.io/PulseWave/167//#testresult/6efe953da5f2abcf",
        "status" : "passed",
        "time" : {
          "start" : 1707240082320,
          "stop" : 1707240082357,
          "duration" : 37
        }
      }, {
        "uid" : "591b775c7f3c4823",
        "reportUrl" : "https://Nat754.github.io/PulseWave/166//#testresult/591b775c7f3c4823",
        "status" : "passed",
        "time" : {
          "start" : 1707236271311,
          "stop" : 1707236271343,
          "duration" : 32
        }
      }, {
        "uid" : "715e0b61ddd49fb0",
        "reportUrl" : "https://Nat754.github.io/PulseWave/166//#testresult/715e0b61ddd49fb0",
        "status" : "passed",
        "time" : {
          "start" : 1707220469869,
          "stop" : 1707220469901,
          "duration" : 32
        }
      }, {
        "uid" : "121c3d5ffef4b0e8",
        "reportUrl" : "https://Nat754.github.io/PulseWave/166//#testresult/121c3d5ffef4b0e8",
        "status" : "passed",
        "time" : {
          "start" : 1707218738977,
          "stop" : 1707218739010,
          "duration" : 33
        }
      }, {
        "uid" : "64411e646cf2f30",
        "reportUrl" : "https://Nat754.github.io/PulseWave/166//#testresult/64411e646cf2f30",
        "status" : "passed",
        "time" : {
          "start" : 1707217908125,
          "stop" : 1707217908158,
          "duration" : 33
        }
      }, {
        "uid" : "688f64fb41f619f3",
        "reportUrl" : "https://Nat754.github.io/PulseWave/165//#testresult/688f64fb41f619f3",
        "status" : "passed",
        "time" : {
          "start" : 1707216874333,
          "stop" : 1707216874367,
          "duration" : 34
        }
      }, {
        "uid" : "3c5851f73d5de594",
        "reportUrl" : "https://Nat754.github.io/PulseWave/164//#testresult/3c5851f73d5de594",
        "status" : "passed",
        "time" : {
          "start" : 1707215326873,
          "stop" : 1707215326906,
          "duration" : 33
        }
      }, {
        "uid" : "c7f1bef1879c2b4c",
        "reportUrl" : "https://Nat754.github.io/PulseWave/164//#testresult/c7f1bef1879c2b4c",
        "status" : "passed",
        "time" : {
          "start" : 1707211919958,
          "stop" : 1707211919991,
          "duration" : 33
        }
      }, {
        "uid" : "1ea4f508973320b5",
        "reportUrl" : "https://Nat754.github.io/PulseWave/163//#testresult/1ea4f508973320b5",
        "status" : "passed",
        "time" : {
          "start" : 1707078731176,
          "stop" : 1707078731209,
          "duration" : 33
        }
      } ]
    },
    "tags" : [ "regress" ]
  },
  "source" : "89fd3e121a1f1f12.json",
  "parameterValues" : [ "'chrome'", "'color'", "'rgba(66, 66, 66, 1)'", "'цвета шрифта'" ]
}