{
  "uid" : "8e1f141600c7bf33",
  "name" : "1.26 Регистрация с пустым email и сильным паролем и подтверждением пароля",
  "fullName" : "tests.test_signup_page.test_signup_page.TestSignupPage#test_signup_without_email_and_strong_passwords",
  "historyId" : "b0b133c6040698820f3f0c37411bbcd0",
  "time" : {
    "start" : 1708805883753,
    "stop" : 1708805883753,
    "duration" : 0
  },
  "status" : "broken",
  "statusMessage" : "selenium.common.exceptions.SessionNotCreatedException: Message: session not created: Chrome failed to start: exited normally.\n  (session not created: DevToolsActivePort file doesn't exist)\n  (The process started from chrome location /usr/bin/google-chrome is no longer running, so ChromeDriver is assuming that Chrome has crashed.)\nStacktrace:\n#0 0x55a0477b2303 <unknown>\n#1 0x55a0474972b7 <unknown>\n#2 0x55a0474cbb40 <unknown>\n#3 0x55a0474c76e5 <unknown>\n#4 0x55a047511abc <unknown>\n#5 0x55a047505123 <unknown>\n#6 0x55a0474d5095 <unknown>\n#7 0x55a0474d609e <unknown>\n#8 0x55a0477766ab <unknown>\n#9 0x55a04777a4ba <unknown>\n#10 0x55a047762f85 <unknown>\n#11 0x55a04777b12f <unknown>\n#12 0x55a047746e6f <unknown>\n#13 0x55a04779f5f8 <unknown>\n#14 0x55a04779f7c2 <unknown>\n#15 0x55a0477b14a4 <unknown>\n#16 0x7f1a94294ac3 <unknown>",
  "statusTrace" : "browser = 'chrome'\n\n    @pytest.fixture(scope='function')\n    def driver(browser):\n        print(f'\\nstart {browser} browser...')\n        if browser == \"chrome\":\n            chrome_options = ChromeOptions()\n            # chrome_options.add_argument('--headless')\n            chrome_options.add_argument('--start-maximized')\n>           driver = webdriver.Chrome(options=chrome_options)\n\nconftest.py:18: \n_ _ _ _ _ _ _ _ _ _ _ _ _ _ _ _ _ _ _ _ _ _ _ _ _ _ _ _ _ _ _ _ _ _ _ _ _ _ _ _ \n/opt/hostedtoolcache/Python/3.12.2/x64/lib/python3.12/site-packages/selenium/webdriver/chrome/webdriver.py:45: in __init__\n    super().__init__(\n/opt/hostedtoolcache/Python/3.12.2/x64/lib/python3.12/site-packages/selenium/webdriver/chromium/webdriver.py:61: in __init__\n    super().__init__(command_executor=executor, options=options)\n/opt/hostedtoolcache/Python/3.12.2/x64/lib/python3.12/site-packages/selenium/webdriver/remote/webdriver.py:208: in __init__\n    self.start_session(capabilities)\n/opt/hostedtoolcache/Python/3.12.2/x64/lib/python3.12/site-packages/selenium/webdriver/remote/webdriver.py:292: in start_session\n    response = self.execute(Command.NEW_SESSION, caps)[\"value\"]\n/opt/hostedtoolcache/Python/3.12.2/x64/lib/python3.12/site-packages/selenium/webdriver/remote/webdriver.py:347: in execute\n    self.error_handler.check_response(response)\n_ _ _ _ _ _ _ _ _ _ _ _ _ _ _ _ _ _ _ _ _ _ _ _ _ _ _ _ _ _ _ _ _ _ _ _ _ _ _ _ \n\nself = <selenium.webdriver.remote.errorhandler.ErrorHandler object at 0x7f13ac35d9d0>\nresponse = {'status': 500, 'value': '{\"value\":{\"error\":\"session not created\",\"message\":\"session not created: Chrome failed to sta...\\\\n#14 0x55a04779f7c2 \\\\u003Cunknown>\\\\n#15 0x55a0477b14a4 \\\\u003Cunknown>\\\\n#16 0x7f1a94294ac3 \\\\u003Cunknown>\\\\n\"}}'}\n\n    def check_response(self, response: Dict[str, Any]) -> None:\n        \"\"\"Checks that a JSON response from the WebDriver does not have an\n        error.\n    \n        :Args:\n         - response - The JSON response from the WebDriver server as a dictionary\n           object.\n    \n        :Raises: If the response contains an error message.\n        \"\"\"\n        status = response.get(\"status\", None)\n        if not status or status == ErrorCode.SUCCESS:\n            return\n        value = None\n        message = response.get(\"message\", \"\")\n        screen: str = response.get(\"screen\", \"\")\n        stacktrace = None\n        if isinstance(status, int):\n            value_json = response.get(\"value\", None)\n            if value_json and isinstance(value_json, str):\n                import json\n    \n                try:\n                    value = json.loads(value_json)\n                    if len(value) == 1:\n                        value = value[\"value\"]\n                    status = value.get(\"error\", None)\n                    if not status:\n                        status = value.get(\"status\", ErrorCode.UNKNOWN_ERROR)\n                        message = value.get(\"value\") or value.get(\"message\")\n                        if not isinstance(message, str):\n                            value = message\n                            message = message.get(\"message\")\n                    else:\n                        message = value.get(\"message\", None)\n                except ValueError:\n                    pass\n    \n        exception_class: Type[WebDriverException]\n        e = ErrorCode()\n        error_codes = [item for item in dir(e) if not item.startswith(\"__\")]\n        for error_code in error_codes:\n            error_info = getattr(ErrorCode, error_code)\n            if isinstance(error_info, list) and status in error_info:\n                exception_class = getattr(ExceptionMapping, error_code, WebDriverException)\n                break\n        else:\n            exception_class = WebDriverException\n    \n        if not value:\n            value = response[\"value\"]\n        if isinstance(value, str):\n            raise exception_class(value)\n        if message == \"\" and \"message\" in value:\n            message = value[\"message\"]\n    \n        screen = None  # type: ignore[assignment]\n        if \"screen\" in value:\n            screen = value[\"screen\"]\n    \n        stacktrace = None\n        st_value = value.get(\"stackTrace\") or value.get(\"stacktrace\")\n        if st_value:\n            if isinstance(st_value, str):\n                stacktrace = st_value.split(\"\\n\")\n            else:\n                stacktrace = []\n                try:\n                    for frame in st_value:\n                        line = frame.get(\"lineNumber\", \"\")\n                        file = frame.get(\"fileName\", \"<anonymous>\")\n                        if line:\n                            file = f\"{file}:{line}\"\n                        meth = frame.get(\"methodName\", \"<anonymous>\")\n                        if \"className\" in frame:\n                            meth = f\"{frame['className']}.{meth}\"\n                        msg = \"    at %s (%s)\"\n                        msg = msg % (meth, file)\n                        stacktrace.append(msg)\n                except TypeError:\n                    pass\n        if exception_class == UnexpectedAlertPresentException:\n            alert_text = None\n            if \"data\" in value:\n                alert_text = value[\"data\"].get(\"text\")\n            elif \"alert\" in value:\n                alert_text = value[\"alert\"].get(\"text\")\n            raise exception_class(message, screen, stacktrace, alert_text)  # type: ignore[call-arg]  # mypy is not smart enough here\n>       raise exception_class(message, screen, stacktrace)\nE       selenium.common.exceptions.SessionNotCreatedException: Message: session not created: Chrome failed to start: exited normally.\nE         (session not created: DevToolsActivePort file doesn't exist)\nE         (The process started from chrome location /usr/bin/google-chrome is no longer running, so ChromeDriver is assuming that Chrome has crashed.)\nE       Stacktrace:\nE       #0 0x55a0477b2303 <unknown>\nE       #1 0x55a0474972b7 <unknown>\nE       #2 0x55a0474cbb40 <unknown>\nE       #3 0x55a0474c76e5 <unknown>\nE       #4 0x55a047511abc <unknown>\nE       #5 0x55a047505123 <unknown>\nE       #6 0x55a0474d5095 <unknown>\nE       #7 0x55a0474d609e <unknown>\nE       #8 0x55a0477766ab <unknown>\nE       #9 0x55a04777a4ba <unknown>\nE       #10 0x55a047762f85 <unknown>\nE       #11 0x55a04777b12f <unknown>\nE       #12 0x55a047746e6f <unknown>\nE       #13 0x55a04779f5f8 <unknown>\nE       #14 0x55a04779f7c2 <unknown>\nE       #15 0x55a0477b14a4 <unknown>\nE       #16 0x7f1a94294ac3 <unknown>\n\n/opt/hostedtoolcache/Python/3.12.2/x64/lib/python3.12/site-packages/selenium/webdriver/remote/errorhandler.py:229: SessionNotCreatedException",
  "flaky" : false,
  "newFailed" : false,
  "beforeStages" : [ {
    "name" : "driver",
    "time" : {
      "start" : 1708805883754,
      "stop" : 1708805883925,
      "duration" : 171
    },
    "status" : "broken",
    "statusMessage" : "selenium.common.exceptions.SessionNotCreatedException: Message: session not created: Chrome failed to start: exited normally.\n  (session not created: DevToolsActivePort file doesn't exist)\n  (The process started from chrome location /usr/bin/google-chrome is no longer running, so ChromeDriver is assuming that Chrome has crashed.)\nStacktrace:\n#0 0x55a0477b2303 <unknown>\n#1 0x55a0474972b7 <unknown>\n#2 0x55a0474cbb40 <unknown>\n#3 0x55a0474c76e5 <unknown>\n#4 0x55a047511abc <unknown>\n#5 0x55a047505123 <unknown>\n#6 0x55a0474d5095 <unknown>\n#7 0x55a0474d609e <unknown>\n#8 0x55a0477766ab <unknown>\n#9 0x55a04777a4ba <unknown>\n#10 0x55a047762f85 <unknown>\n#11 0x55a04777b12f <unknown>\n#12 0x55a047746e6f <unknown>\n#13 0x55a04779f5f8 <unknown>\n#14 0x55a04779f7c2 <unknown>\n#15 0x55a0477b14a4 <unknown>\n#16 0x7f1a94294ac3 <unknown>\n\n",
    "statusTrace" : "  File \"/opt/hostedtoolcache/Python/3.12.2/x64/lib/python3.12/site-packages/pluggy/_callers.py\", line 166, in _multicall\n    teardown.throw(outcome._exception)\n  File \"/opt/hostedtoolcache/Python/3.12.2/x64/lib/python3.12/site-packages/_pytest/setuponly.py\", line 36, in pytest_fixture_setup\n    return (yield)\n            ^^^^^\n  File \"/opt/hostedtoolcache/Python/3.12.2/x64/lib/python3.12/site-packages/pluggy/_callers.py\", line 102, in _multicall\n    res = hook_impl.function(*args)\n          ^^^^^^^^^^^^^^^^^^^^^^^^^\n  File \"/opt/hostedtoolcache/Python/3.12.2/x64/lib/python3.12/site-packages/_pytest/fixtures.py\", line 1149, in pytest_fixture_setup\n    result = call_fixture_func(fixturefunc, request, kwargs)\n             ^^^^^^^^^^^^^^^^^^^^^^^^^^^^^^^^^^^^^^^^^^^^^^^\n  File \"/opt/hostedtoolcache/Python/3.12.2/x64/lib/python3.12/site-packages/_pytest/fixtures.py\", line 916, in call_fixture_func\n    fixture_result = next(generator)\n                     ^^^^^^^^^^^^^^^\n  File \"/home/runner/work/PulseWave/PulseWave/conftest.py\", line 18, in driver\n    driver = webdriver.Chrome(options=chrome_options)\n             ^^^^^^^^^^^^^^^^^^^^^^^^^^^^^^^^^^^^^^^^\n  File \"/opt/hostedtoolcache/Python/3.12.2/x64/lib/python3.12/site-packages/selenium/webdriver/chrome/webdriver.py\", line 45, in __init__\n    super().__init__(\n  File \"/opt/hostedtoolcache/Python/3.12.2/x64/lib/python3.12/site-packages/selenium/webdriver/chromium/webdriver.py\", line 61, in __init__\n    super().__init__(command_executor=executor, options=options)\n  File \"/opt/hostedtoolcache/Python/3.12.2/x64/lib/python3.12/site-packages/selenium/webdriver/remote/webdriver.py\", line 208, in __init__\n    self.start_session(capabilities)\n  File \"/opt/hostedtoolcache/Python/3.12.2/x64/lib/python3.12/site-packages/selenium/webdriver/remote/webdriver.py\", line 292, in start_session\n    response = self.execute(Command.NEW_SESSION, caps)[\"value\"]\n               ^^^^^^^^^^^^^^^^^^^^^^^^^^^^^^^^^^^^^^^\n  File \"/opt/hostedtoolcache/Python/3.12.2/x64/lib/python3.12/site-packages/selenium/webdriver/remote/webdriver.py\", line 347, in execute\n    self.error_handler.check_response(response)\n  File \"/opt/hostedtoolcache/Python/3.12.2/x64/lib/python3.12/site-packages/selenium/webdriver/remote/errorhandler.py\", line 229, in check_response\n    raise exception_class(message, screen, stacktrace)\n",
    "steps" : [ ],
    "attachments" : [ ],
    "parameters" : [ ],
    "stepsCount" : 0,
    "attachmentsCount" : 0,
    "shouldDisplayMessage" : true,
    "hasContent" : true
  }, {
    "name" : "_session_faker",
    "time" : {
      "start" : 1708805607601,
      "stop" : 1708805607618,
      "duration" : 17
    },
    "status" : "passed",
    "steps" : [ ],
    "attachments" : [ ],
    "parameters" : [ ],
    "stepsCount" : 0,
    "attachmentsCount" : 0,
    "shouldDisplayMessage" : false,
    "hasContent" : false
  }, {
    "name" : "clear_allure_results_folder",
    "time" : {
      "start" : 1708805607619,
      "stop" : 1708805607619,
      "duration" : 0
    },
    "status" : "passed",
    "steps" : [ ],
    "attachments" : [ ],
    "parameters" : [ ],
    "stepsCount" : 0,
    "attachmentsCount" : 0,
    "shouldDisplayMessage" : false,
    "hasContent" : false
  } ],
  "afterStages" : [ ],
  "labels" : [ {
    "name" : "epic",
    "value" : "Тестирование страницы 'Регистрация'"
  }, {
    "name" : "tag",
    "value" : "smoke"
  }, {
    "name" : "parentSuite",
    "value" : "tests.test_signup_page"
  }, {
    "name" : "suite",
    "value" : "test_signup_page"
  }, {
    "name" : "subSuite",
    "value" : "TestSignupPage"
  }, {
    "name" : "host",
    "value" : "fv-az885-50"
  }, {
    "name" : "thread",
    "value" : "2222-MainThread"
  }, {
    "name" : "framework",
    "value" : "pytest"
  }, {
    "name" : "language",
    "value" : "cpython3"
  }, {
    "name" : "package",
    "value" : "tests.test_signup_page.test_signup_page"
  }, {
    "name" : "resultFormat",
    "value" : "allure2"
  } ],
  "parameters" : [ {
    "name" : "browser",
    "value" : "'chrome'"
  } ],
  "links" : [ ],
  "hidden" : false,
  "retry" : false,
  "extra" : {
    "severity" : "normal",
    "retries" : [ ],
    "categories" : [ {
      "name" : "Test defects",
      "matchedStatuses" : [ ],
      "flaky" : false
    } ],
    "history" : {
      "statistic" : {
        "failed" : 0,
        "broken" : 1,
        "skipped" : 0,
        "passed" : 18,
        "unknown" : 0,
        "total" : 19
      },
      "items" : [ {
        "uid" : "2864b0d0f059aade",
        "reportUrl" : "https://Nat754.github.io/PulseWave/173//#testresult/2864b0d0f059aade",
        "status" : "passed",
        "time" : {
          "start" : 1708548337894,
          "stop" : 1708548340142,
          "duration" : 2248
        }
      }, {
        "uid" : "5c5873820311e118",
        "reportUrl" : "https://Nat754.github.io/PulseWave/172//#testresult/5c5873820311e118",
        "status" : "passed",
        "time" : {
          "start" : 1707851755013,
          "stop" : 1707851757252,
          "duration" : 2239
        }
      }, {
        "uid" : "b0bddf739323154a",
        "reportUrl" : "https://Nat754.github.io/PulseWave/171//#testresult/b0bddf739323154a",
        "status" : "passed",
        "time" : {
          "start" : 1707495136932,
          "stop" : 1707495139169,
          "duration" : 2237
        }
      }, {
        "uid" : "fa1a6bb65a5cc67",
        "reportUrl" : "https://Nat754.github.io/PulseWave/171//#testresult/fa1a6bb65a5cc67",
        "status" : "passed",
        "time" : {
          "start" : 1707480214707,
          "stop" : 1707480216947,
          "duration" : 2240
        }
      }, {
        "uid" : "e725a9d431ac1857",
        "reportUrl" : "https://Nat754.github.io/PulseWave/170//#testresult/e725a9d431ac1857",
        "status" : "passed",
        "time" : {
          "start" : 1707255559223,
          "stop" : 1707255561465,
          "duration" : 2242
        }
      }, {
        "uid" : "25d2989b28b69294",
        "reportUrl" : "https://Nat754.github.io/PulseWave/169//#testresult/25d2989b28b69294",
        "status" : "passed",
        "time" : {
          "start" : 1707252830608,
          "stop" : 1707252832862,
          "duration" : 2254
        }
      }, {
        "uid" : "12dd02042885aa07",
        "reportUrl" : "https://Nat754.github.io/PulseWave/169//#testresult/12dd02042885aa07",
        "status" : "passed",
        "time" : {
          "start" : 1707245728046,
          "stop" : 1707245730286,
          "duration" : 2240
        }
      }, {
        "uid" : "8c1944415b67864c",
        "reportUrl" : "https://Nat754.github.io/PulseWave/169//#testresult/8c1944415b67864c",
        "status" : "passed",
        "time" : {
          "start" : 1707244571534,
          "stop" : 1707244573786,
          "duration" : 2252
        }
      }, {
        "uid" : "eed488b3cd717619",
        "reportUrl" : "https://Nat754.github.io/PulseWave/168//#testresult/eed488b3cd717619",
        "status" : "passed",
        "time" : {
          "start" : 1707241582402,
          "stop" : 1707241584635,
          "duration" : 2233
        }
      }, {
        "uid" : "826d290fdd517d19",
        "reportUrl" : "https://Nat754.github.io/PulseWave/167//#testresult/826d290fdd517d19",
        "status" : "passed",
        "time" : {
          "start" : 1707240126531,
          "stop" : 1707240128776,
          "duration" : 2245
        }
      }, {
        "uid" : "2468436a2926d888",
        "reportUrl" : "https://Nat754.github.io/PulseWave/166//#testresult/2468436a2926d888",
        "status" : "passed",
        "time" : {
          "start" : 1707236310881,
          "stop" : 1707236313135,
          "duration" : 2254
        }
      }, {
        "uid" : "df374b647657f34a",
        "reportUrl" : "https://Nat754.github.io/PulseWave/166//#testresult/df374b647657f34a",
        "status" : "passed",
        "time" : {
          "start" : 1707220510049,
          "stop" : 1707220512279,
          "duration" : 2230
        }
      }, {
        "uid" : "a6f89bf5719d49ca",
        "reportUrl" : "https://Nat754.github.io/PulseWave/166//#testresult/a6f89bf5719d49ca",
        "status" : "passed",
        "time" : {
          "start" : 1707218769205,
          "stop" : 1707218771440,
          "duration" : 2235
        }
      }, {
        "uid" : "66258cc62de5a579",
        "reportUrl" : "https://Nat754.github.io/PulseWave/166//#testresult/66258cc62de5a579",
        "status" : "passed",
        "time" : {
          "start" : 1707217941542,
          "stop" : 1707217943780,
          "duration" : 2238
        }
      }, {
        "uid" : "c05ed971db615132",
        "reportUrl" : "https://Nat754.github.io/PulseWave/165//#testresult/c05ed971db615132",
        "status" : "passed",
        "time" : {
          "start" : 1707216900245,
          "stop" : 1707216902480,
          "duration" : 2235
        }
      }, {
        "uid" : "cc950ab3befa8cc2",
        "reportUrl" : "https://Nat754.github.io/PulseWave/164//#testresult/cc950ab3befa8cc2",
        "status" : "passed",
        "time" : {
          "start" : 1707215366156,
          "stop" : 1707215368400,
          "duration" : 2244
        }
      }, {
        "uid" : "b19f081aee47648f",
        "reportUrl" : "https://Nat754.github.io/PulseWave/164//#testresult/b19f081aee47648f",
        "status" : "passed",
        "time" : {
          "start" : 1707211964652,
          "stop" : 1707211966919,
          "duration" : 2267
        }
      }, {
        "uid" : "563ae6879f3bbfeb",
        "reportUrl" : "https://Nat754.github.io/PulseWave/163//#testresult/563ae6879f3bbfeb",
        "status" : "passed",
        "time" : {
          "start" : 1707078756916,
          "stop" : 1707078759156,
          "duration" : 2240
        }
      } ]
    },
    "tags" : [ "smoke" ]
  },
  "source" : "8e1f141600c7bf33.json",
  "parameterValues" : [ "'chrome'" ]
}