{
  "uid" : "97751b9e54f3bd2a",
  "name" : "test_get_css_property_header_auth_signup[color-rgba(66, 66, 66, 1)-\\u0446\\u0432\\u0435\\u0442\\u0430 \\u0448\\u0440\\u0438\\u0444\\u0442\\u0430-https://front.pwave.pnpl.tech/auth/login-chrome]",
  "fullName" : "tests.test_header.test_header.TestHeader#test_get_css_property_header_auth_signup",
  "historyId" : "925644eabc526e0e1e41ee1620527c50",
  "time" : {
    "start" : 1708805868786,
    "stop" : 1708805868786,
    "duration" : 0
  },
  "status" : "broken",
  "statusMessage" : "selenium.common.exceptions.SessionNotCreatedException: Message: session not created: Chrome failed to start: exited normally.\n  (session not created: DevToolsActivePort file doesn't exist)\n  (The process started from chrome location /usr/bin/google-chrome is no longer running, so ChromeDriver is assuming that Chrome has crashed.)\nStacktrace:\n#0 0x55970162c303 <unknown>\n#1 0x5597013112b7 <unknown>\n#2 0x559701345b40 <unknown>\n#3 0x5597013416e5 <unknown>\n#4 0x55970138babc <unknown>\n#5 0x55970137f123 <unknown>\n#6 0x55970134f095 <unknown>\n#7 0x55970135009e <unknown>\n#8 0x5597015f06ab <unknown>\n#9 0x5597015f44ba <unknown>\n#10 0x5597015dcf85 <unknown>\n#11 0x5597015f512f <unknown>\n#12 0x5597015c0e6f <unknown>\n#13 0x5597016195f8 <unknown>\n#14 0x5597016197c2 <unknown>\n#15 0x55970162b4a4 <unknown>\n#16 0x7f8d2d694ac3 <unknown>",
  "statusTrace" : "browser = 'chrome'\n\n    @pytest.fixture(scope='function')\n    def driver(browser):\n        print(f'\\nstart {browser} browser...')\n        if browser == \"chrome\":\n            chrome_options = ChromeOptions()\n            # chrome_options.add_argument('--headless')\n            chrome_options.add_argument('--start-maximized')\n>           driver = webdriver.Chrome(options=chrome_options)\n\nconftest.py:18: \n_ _ _ _ _ _ _ _ _ _ _ _ _ _ _ _ _ _ _ _ _ _ _ _ _ _ _ _ _ _ _ _ _ _ _ _ _ _ _ _ \n/opt/hostedtoolcache/Python/3.12.2/x64/lib/python3.12/site-packages/selenium/webdriver/chrome/webdriver.py:45: in __init__\n    super().__init__(\n/opt/hostedtoolcache/Python/3.12.2/x64/lib/python3.12/site-packages/selenium/webdriver/chromium/webdriver.py:61: in __init__\n    super().__init__(command_executor=executor, options=options)\n/opt/hostedtoolcache/Python/3.12.2/x64/lib/python3.12/site-packages/selenium/webdriver/remote/webdriver.py:208: in __init__\n    self.start_session(capabilities)\n/opt/hostedtoolcache/Python/3.12.2/x64/lib/python3.12/site-packages/selenium/webdriver/remote/webdriver.py:292: in start_session\n    response = self.execute(Command.NEW_SESSION, caps)[\"value\"]\n/opt/hostedtoolcache/Python/3.12.2/x64/lib/python3.12/site-packages/selenium/webdriver/remote/webdriver.py:347: in execute\n    self.error_handler.check_response(response)\n_ _ _ _ _ _ _ _ _ _ _ _ _ _ _ _ _ _ _ _ _ _ _ _ _ _ _ _ _ _ _ _ _ _ _ _ _ _ _ _ \n\nself = <selenium.webdriver.remote.errorhandler.ErrorHandler object at 0x7f13ac34e540>\nresponse = {'status': 500, 'value': '{\"value\":{\"error\":\"session not created\",\"message\":\"session not created: Chrome failed to sta...\\\\n#14 0x5597016197c2 \\\\u003Cunknown>\\\\n#15 0x55970162b4a4 \\\\u003Cunknown>\\\\n#16 0x7f8d2d694ac3 \\\\u003Cunknown>\\\\n\"}}'}\n\n    def check_response(self, response: Dict[str, Any]) -> None:\n        \"\"\"Checks that a JSON response from the WebDriver does not have an\n        error.\n    \n        :Args:\n         - response - The JSON response from the WebDriver server as a dictionary\n           object.\n    \n        :Raises: If the response contains an error message.\n        \"\"\"\n        status = response.get(\"status\", None)\n        if not status or status == ErrorCode.SUCCESS:\n            return\n        value = None\n        message = response.get(\"message\", \"\")\n        screen: str = response.get(\"screen\", \"\")\n        stacktrace = None\n        if isinstance(status, int):\n            value_json = response.get(\"value\", None)\n            if value_json and isinstance(value_json, str):\n                import json\n    \n                try:\n                    value = json.loads(value_json)\n                    if len(value) == 1:\n                        value = value[\"value\"]\n                    status = value.get(\"error\", None)\n                    if not status:\n                        status = value.get(\"status\", ErrorCode.UNKNOWN_ERROR)\n                        message = value.get(\"value\") or value.get(\"message\")\n                        if not isinstance(message, str):\n                            value = message\n                            message = message.get(\"message\")\n                    else:\n                        message = value.get(\"message\", None)\n                except ValueError:\n                    pass\n    \n        exception_class: Type[WebDriverException]\n        e = ErrorCode()\n        error_codes = [item for item in dir(e) if not item.startswith(\"__\")]\n        for error_code in error_codes:\n            error_info = getattr(ErrorCode, error_code)\n            if isinstance(error_info, list) and status in error_info:\n                exception_class = getattr(ExceptionMapping, error_code, WebDriverException)\n                break\n        else:\n            exception_class = WebDriverException\n    \n        if not value:\n            value = response[\"value\"]\n        if isinstance(value, str):\n            raise exception_class(value)\n        if message == \"\" and \"message\" in value:\n            message = value[\"message\"]\n    \n        screen = None  # type: ignore[assignment]\n        if \"screen\" in value:\n            screen = value[\"screen\"]\n    \n        stacktrace = None\n        st_value = value.get(\"stackTrace\") or value.get(\"stacktrace\")\n        if st_value:\n            if isinstance(st_value, str):\n                stacktrace = st_value.split(\"\\n\")\n            else:\n                stacktrace = []\n                try:\n                    for frame in st_value:\n                        line = frame.get(\"lineNumber\", \"\")\n                        file = frame.get(\"fileName\", \"<anonymous>\")\n                        if line:\n                            file = f\"{file}:{line}\"\n                        meth = frame.get(\"methodName\", \"<anonymous>\")\n                        if \"className\" in frame:\n                            meth = f\"{frame['className']}.{meth}\"\n                        msg = \"    at %s (%s)\"\n                        msg = msg % (meth, file)\n                        stacktrace.append(msg)\n                except TypeError:\n                    pass\n        if exception_class == UnexpectedAlertPresentException:\n            alert_text = None\n            if \"data\" in value:\n                alert_text = value[\"data\"].get(\"text\")\n            elif \"alert\" in value:\n                alert_text = value[\"alert\"].get(\"text\")\n            raise exception_class(message, screen, stacktrace, alert_text)  # type: ignore[call-arg]  # mypy is not smart enough here\n>       raise exception_class(message, screen, stacktrace)\nE       selenium.common.exceptions.SessionNotCreatedException: Message: session not created: Chrome failed to start: exited normally.\nE         (session not created: DevToolsActivePort file doesn't exist)\nE         (The process started from chrome location /usr/bin/google-chrome is no longer running, so ChromeDriver is assuming that Chrome has crashed.)\nE       Stacktrace:\nE       #0 0x55970162c303 <unknown>\nE       #1 0x5597013112b7 <unknown>\nE       #2 0x559701345b40 <unknown>\nE       #3 0x5597013416e5 <unknown>\nE       #4 0x55970138babc <unknown>\nE       #5 0x55970137f123 <unknown>\nE       #6 0x55970134f095 <unknown>\nE       #7 0x55970135009e <unknown>\nE       #8 0x5597015f06ab <unknown>\nE       #9 0x5597015f44ba <unknown>\nE       #10 0x5597015dcf85 <unknown>\nE       #11 0x5597015f512f <unknown>\nE       #12 0x5597015c0e6f <unknown>\nE       #13 0x5597016195f8 <unknown>\nE       #14 0x5597016197c2 <unknown>\nE       #15 0x55970162b4a4 <unknown>\nE       #16 0x7f8d2d694ac3 <unknown>\n\n/opt/hostedtoolcache/Python/3.12.2/x64/lib/python3.12/site-packages/selenium/webdriver/remote/errorhandler.py:229: SessionNotCreatedException",
  "flaky" : false,
  "newFailed" : false,
  "beforeStages" : [ {
    "name" : "_session_faker",
    "time" : {
      "start" : 1708805607601,
      "stop" : 1708805607618,
      "duration" : 17
    },
    "status" : "passed",
    "steps" : [ ],
    "attachments" : [ ],
    "parameters" : [ ],
    "stepsCount" : 0,
    "attachmentsCount" : 0,
    "shouldDisplayMessage" : false,
    "hasContent" : false
  }, {
    "name" : "clear_allure_results_folder",
    "time" : {
      "start" : 1708805607619,
      "stop" : 1708805607619,
      "duration" : 0
    },
    "status" : "passed",
    "steps" : [ ],
    "attachments" : [ ],
    "parameters" : [ ],
    "stepsCount" : 0,
    "attachmentsCount" : 0,
    "shouldDisplayMessage" : false,
    "hasContent" : false
  }, {
    "name" : "driver",
    "time" : {
      "start" : 1708805868787,
      "stop" : 1708805868959,
      "duration" : 172
    },
    "status" : "broken",
    "statusMessage" : "selenium.common.exceptions.SessionNotCreatedException: Message: session not created: Chrome failed to start: exited normally.\n  (session not created: DevToolsActivePort file doesn't exist)\n  (The process started from chrome location /usr/bin/google-chrome is no longer running, so ChromeDriver is assuming that Chrome has crashed.)\nStacktrace:\n#0 0x55970162c303 <unknown>\n#1 0x5597013112b7 <unknown>\n#2 0x559701345b40 <unknown>\n#3 0x5597013416e5 <unknown>\n#4 0x55970138babc <unknown>\n#5 0x55970137f123 <unknown>\n#6 0x55970134f095 <unknown>\n#7 0x55970135009e <unknown>\n#8 0x5597015f06ab <unknown>\n#9 0x5597015f44ba <unknown>\n#10 0x5597015dcf85 <unknown>\n#11 0x5597015f512f <unknown>\n#12 0x5597015c0e6f <unknown>\n#13 0x5597016195f8 <unknown>\n#14 0x5597016197c2 <unknown>\n#15 0x55970162b4a4 <unknown>\n#16 0x7f8d2d694ac3 <unknown>\n\n",
    "statusTrace" : "  File \"/opt/hostedtoolcache/Python/3.12.2/x64/lib/python3.12/site-packages/pluggy/_callers.py\", line 166, in _multicall\n    teardown.throw(outcome._exception)\n  File \"/opt/hostedtoolcache/Python/3.12.2/x64/lib/python3.12/site-packages/_pytest/setuponly.py\", line 36, in pytest_fixture_setup\n    return (yield)\n            ^^^^^\n  File \"/opt/hostedtoolcache/Python/3.12.2/x64/lib/python3.12/site-packages/pluggy/_callers.py\", line 102, in _multicall\n    res = hook_impl.function(*args)\n          ^^^^^^^^^^^^^^^^^^^^^^^^^\n  File \"/opt/hostedtoolcache/Python/3.12.2/x64/lib/python3.12/site-packages/_pytest/fixtures.py\", line 1149, in pytest_fixture_setup\n    result = call_fixture_func(fixturefunc, request, kwargs)\n             ^^^^^^^^^^^^^^^^^^^^^^^^^^^^^^^^^^^^^^^^^^^^^^^\n  File \"/opt/hostedtoolcache/Python/3.12.2/x64/lib/python3.12/site-packages/_pytest/fixtures.py\", line 916, in call_fixture_func\n    fixture_result = next(generator)\n                     ^^^^^^^^^^^^^^^\n  File \"/home/runner/work/PulseWave/PulseWave/conftest.py\", line 18, in driver\n    driver = webdriver.Chrome(options=chrome_options)\n             ^^^^^^^^^^^^^^^^^^^^^^^^^^^^^^^^^^^^^^^^\n  File \"/opt/hostedtoolcache/Python/3.12.2/x64/lib/python3.12/site-packages/selenium/webdriver/chrome/webdriver.py\", line 45, in __init__\n    super().__init__(\n  File \"/opt/hostedtoolcache/Python/3.12.2/x64/lib/python3.12/site-packages/selenium/webdriver/chromium/webdriver.py\", line 61, in __init__\n    super().__init__(command_executor=executor, options=options)\n  File \"/opt/hostedtoolcache/Python/3.12.2/x64/lib/python3.12/site-packages/selenium/webdriver/remote/webdriver.py\", line 208, in __init__\n    self.start_session(capabilities)\n  File \"/opt/hostedtoolcache/Python/3.12.2/x64/lib/python3.12/site-packages/selenium/webdriver/remote/webdriver.py\", line 292, in start_session\n    response = self.execute(Command.NEW_SESSION, caps)[\"value\"]\n               ^^^^^^^^^^^^^^^^^^^^^^^^^^^^^^^^^^^^^^^\n  File \"/opt/hostedtoolcache/Python/3.12.2/x64/lib/python3.12/site-packages/selenium/webdriver/remote/webdriver.py\", line 347, in execute\n    self.error_handler.check_response(response)\n  File \"/opt/hostedtoolcache/Python/3.12.2/x64/lib/python3.12/site-packages/selenium/webdriver/remote/errorhandler.py\", line 229, in check_response\n    raise exception_class(message, screen, stacktrace)\n",
    "steps" : [ ],
    "attachments" : [ ],
    "parameters" : [ ],
    "stepsCount" : 0,
    "attachmentsCount" : 0,
    "shouldDisplayMessage" : true,
    "hasContent" : true
  } ],
  "afterStages" : [ ],
  "labels" : [ {
    "name" : "epic",
    "value" : "Тестирование Хедера"
  }, {
    "name" : "tag",
    "value" : "regress"
  }, {
    "name" : "parentSuite",
    "value" : "tests.test_header"
  }, {
    "name" : "suite",
    "value" : "test_header"
  }, {
    "name" : "subSuite",
    "value" : "TestHeader"
  }, {
    "name" : "host",
    "value" : "fv-az885-50"
  }, {
    "name" : "thread",
    "value" : "2222-MainThread"
  }, {
    "name" : "framework",
    "value" : "pytest"
  }, {
    "name" : "language",
    "value" : "cpython3"
  }, {
    "name" : "package",
    "value" : "tests.test_header.test_header"
  }, {
    "name" : "resultFormat",
    "value" : "allure2"
  } ],
  "parameters" : [ {
    "name" : "browser",
    "value" : "'chrome'"
  }, {
    "name" : "css_property",
    "value" : "'color'"
  }, {
    "name" : "figma",
    "value" : "'rgba(66, 66, 66, 1)'"
  }, {
    "name" : "name",
    "value" : "'цвета шрифта'"
  }, {
    "name" : "url",
    "value" : "'https://front.pwave.pnpl.tech/auth/login'"
  } ],
  "links" : [ ],
  "hidden" : false,
  "retry" : false,
  "extra" : {
    "severity" : "normal",
    "retries" : [ ],
    "categories" : [ {
      "name" : "Test defects",
      "matchedStatuses" : [ ],
      "flaky" : false
    } ],
    "history" : {
      "statistic" : {
        "failed" : 0,
        "broken" : 1,
        "skipped" : 0,
        "passed" : 18,
        "unknown" : 0,
        "total" : 19
      },
      "items" : [ {
        "uid" : "d7c6a2aa470082d7",
        "reportUrl" : "https://Nat754.github.io/PulseWave/173//#testresult/d7c6a2aa470082d7",
        "status" : "passed",
        "time" : {
          "start" : 1708548109718,
          "stop" : 1708548109750,
          "duration" : 32
        }
      }, {
        "uid" : "374428a06be5105d",
        "reportUrl" : "https://Nat754.github.io/PulseWave/172//#testresult/374428a06be5105d",
        "status" : "passed",
        "time" : {
          "start" : 1707851431924,
          "stop" : 1707851431956,
          "duration" : 32
        }
      }, {
        "uid" : "2fe2cc32f942e46f",
        "reportUrl" : "https://Nat754.github.io/PulseWave/171//#testresult/2fe2cc32f942e46f",
        "status" : "passed",
        "time" : {
          "start" : 1707494904599,
          "stop" : 1707494904633,
          "duration" : 34
        }
      }, {
        "uid" : "afa982e5159022d0",
        "reportUrl" : "https://Nat754.github.io/PulseWave/171//#testresult/afa982e5159022d0",
        "status" : "passed",
        "time" : {
          "start" : 1707479979248,
          "stop" : 1707479979282,
          "duration" : 34
        }
      }, {
        "uid" : "974dab4431fa87c7",
        "reportUrl" : "https://Nat754.github.io/PulseWave/170//#testresult/974dab4431fa87c7",
        "status" : "passed",
        "time" : {
          "start" : 1707255324234,
          "stop" : 1707255324267,
          "duration" : 33
        }
      }, {
        "uid" : "2fa1834ebde7d3b1",
        "reportUrl" : "https://Nat754.github.io/PulseWave/169//#testresult/2fa1834ebde7d3b1",
        "status" : "passed",
        "time" : {
          "start" : 1707252636551,
          "stop" : 1707252636586,
          "duration" : 35
        }
      }, {
        "uid" : "be6f02e19fd3cc1d",
        "reportUrl" : "https://Nat754.github.io/PulseWave/169//#testresult/be6f02e19fd3cc1d",
        "status" : "passed",
        "time" : {
          "start" : 1707245375090,
          "stop" : 1707245375124,
          "duration" : 34
        }
      }, {
        "uid" : "a7706214079fc579",
        "reportUrl" : "https://Nat754.github.io/PulseWave/169//#testresult/a7706214079fc579",
        "status" : "passed",
        "time" : {
          "start" : 1707244333198,
          "stop" : 1707244333233,
          "duration" : 35
        }
      }, {
        "uid" : "6bfa59da28d95a7c",
        "reportUrl" : "https://Nat754.github.io/PulseWave/168//#testresult/6bfa59da28d95a7c",
        "status" : "passed",
        "time" : {
          "start" : 1707241398780,
          "stop" : 1707241398812,
          "duration" : 32
        }
      }, {
        "uid" : "1ccdca683f9eda6e",
        "reportUrl" : "https://Nat754.github.io/PulseWave/167//#testresult/1ccdca683f9eda6e",
        "status" : "passed",
        "time" : {
          "start" : 1707239775892,
          "stop" : 1707239775926,
          "duration" : 34
        }
      }, {
        "uid" : "38156d860cf7a399",
        "reportUrl" : "https://Nat754.github.io/PulseWave/166//#testresult/38156d860cf7a399",
        "status" : "passed",
        "time" : {
          "start" : 1707236102912,
          "stop" : 1707236102946,
          "duration" : 34
        }
      }, {
        "uid" : "c200c09a2a60c23d",
        "reportUrl" : "https://Nat754.github.io/PulseWave/166//#testresult/c200c09a2a60c23d",
        "status" : "passed",
        "time" : {
          "start" : 1707220195922,
          "stop" : 1707220195953,
          "duration" : 31
        }
      }, {
        "uid" : "986b32818c725802",
        "reportUrl" : "https://Nat754.github.io/PulseWave/166//#testresult/986b32818c725802",
        "status" : "passed",
        "time" : {
          "start" : 1707218601757,
          "stop" : 1707218601788,
          "duration" : 31
        }
      }, {
        "uid" : "2397c0b751c5c1f9",
        "reportUrl" : "https://Nat754.github.io/PulseWave/166//#testresult/2397c0b751c5c1f9",
        "status" : "passed",
        "time" : {
          "start" : 1707217644056,
          "stop" : 1707217644089,
          "duration" : 33
        }
      }, {
        "uid" : "dff32ff1b15b9d51",
        "reportUrl" : "https://Nat754.github.io/PulseWave/165//#testresult/dff32ff1b15b9d51",
        "status" : "passed",
        "time" : {
          "start" : 1707216740258,
          "stop" : 1707216740292,
          "duration" : 34
        }
      }, {
        "uid" : "138401dd453adf0e",
        "reportUrl" : "https://Nat754.github.io/PulseWave/164//#testresult/138401dd453adf0e",
        "status" : "passed",
        "time" : {
          "start" : 1707215062900,
          "stop" : 1707215062932,
          "duration" : 32
        }
      }, {
        "uid" : "295cebae7a696851",
        "reportUrl" : "https://Nat754.github.io/PulseWave/164//#testresult/295cebae7a696851",
        "status" : "passed",
        "time" : {
          "start" : 1707211711441,
          "stop" : 1707211711475,
          "duration" : 34
        }
      }, {
        "uid" : "55999307c8032260",
        "reportUrl" : "https://Nat754.github.io/PulseWave/163//#testresult/55999307c8032260",
        "status" : "passed",
        "time" : {
          "start" : 1707078596313,
          "stop" : 1707078596345,
          "duration" : 32
        }
      } ]
    },
    "tags" : [ "regress" ]
  },
  "source" : "97751b9e54f3bd2a.json",
  "parameterValues" : [ "'chrome'", "'color'", "'rgba(66, 66, 66, 1)'", "'цвета шрифта'", "'https://front.pwave.pnpl.tech/auth/login'" ]
}