{
  "uid" : "9f713577297f3e18",
  "name" : "Авторизация с некорректным паролем",
  "fullName" : "tests.test_login_page.test_login_page.TestLoginPage#test_login_wrong_password",
  "historyId" : "4c7e173506486012d7a4dfec4bb9f09a",
  "time" : {
    "start" : 1708805871781,
    "stop" : 1708805871781,
    "duration" : 0
  },
  "status" : "broken",
  "statusMessage" : "selenium.common.exceptions.SessionNotCreatedException: Message: session not created: Chrome failed to start: exited normally.\n  (session not created: DevToolsActivePort file doesn't exist)\n  (The process started from chrome location /usr/bin/google-chrome is no longer running, so ChromeDriver is assuming that Chrome has crashed.)\nStacktrace:\n#0 0x555c0bc95303 <unknown>\n#1 0x555c0b97a2b7 <unknown>\n#2 0x555c0b9aeb40 <unknown>\n#3 0x555c0b9aa6e5 <unknown>\n#4 0x555c0b9f4abc <unknown>\n#5 0x555c0b9e8123 <unknown>\n#6 0x555c0b9b8095 <unknown>\n#7 0x555c0b9b909e <unknown>\n#8 0x555c0bc596ab <unknown>\n#9 0x555c0bc5d4ba <unknown>\n#10 0x555c0bc45f85 <unknown>\n#11 0x555c0bc5e12f <unknown>\n#12 0x555c0bc29e6f <unknown>\n#13 0x555c0bc825f8 <unknown>\n#14 0x555c0bc827c2 <unknown>\n#15 0x555c0bc944a4 <unknown>\n#16 0x7f8d82294ac3 <unknown>",
  "statusTrace" : "browser = 'chrome'\n\n    @pytest.fixture(scope='function')\n    def driver(browser):\n        print(f'\\nstart {browser} browser...')\n        if browser == \"chrome\":\n            chrome_options = ChromeOptions()\n            # chrome_options.add_argument('--headless')\n            chrome_options.add_argument('--start-maximized')\n>           driver = webdriver.Chrome(options=chrome_options)\n\nconftest.py:18: \n_ _ _ _ _ _ _ _ _ _ _ _ _ _ _ _ _ _ _ _ _ _ _ _ _ _ _ _ _ _ _ _ _ _ _ _ _ _ _ _ \n/opt/hostedtoolcache/Python/3.12.2/x64/lib/python3.12/site-packages/selenium/webdriver/chrome/webdriver.py:45: in __init__\n    super().__init__(\n/opt/hostedtoolcache/Python/3.12.2/x64/lib/python3.12/site-packages/selenium/webdriver/chromium/webdriver.py:61: in __init__\n    super().__init__(command_executor=executor, options=options)\n/opt/hostedtoolcache/Python/3.12.2/x64/lib/python3.12/site-packages/selenium/webdriver/remote/webdriver.py:208: in __init__\n    self.start_session(capabilities)\n/opt/hostedtoolcache/Python/3.12.2/x64/lib/python3.12/site-packages/selenium/webdriver/remote/webdriver.py:292: in start_session\n    response = self.execute(Command.NEW_SESSION, caps)[\"value\"]\n/opt/hostedtoolcache/Python/3.12.2/x64/lib/python3.12/site-packages/selenium/webdriver/remote/webdriver.py:347: in execute\n    self.error_handler.check_response(response)\n_ _ _ _ _ _ _ _ _ _ _ _ _ _ _ _ _ _ _ _ _ _ _ _ _ _ _ _ _ _ _ _ _ _ _ _ _ _ _ _ \n\nself = <selenium.webdriver.remote.errorhandler.ErrorHandler object at 0x7f13ac329eb0>\nresponse = {'status': 500, 'value': '{\"value\":{\"error\":\"session not created\",\"message\":\"session not created: Chrome failed to sta...\\\\n#14 0x555c0bc827c2 \\\\u003Cunknown>\\\\n#15 0x555c0bc944a4 \\\\u003Cunknown>\\\\n#16 0x7f8d82294ac3 \\\\u003Cunknown>\\\\n\"}}'}\n\n    def check_response(self, response: Dict[str, Any]) -> None:\n        \"\"\"Checks that a JSON response from the WebDriver does not have an\n        error.\n    \n        :Args:\n         - response - The JSON response from the WebDriver server as a dictionary\n           object.\n    \n        :Raises: If the response contains an error message.\n        \"\"\"\n        status = response.get(\"status\", None)\n        if not status or status == ErrorCode.SUCCESS:\n            return\n        value = None\n        message = response.get(\"message\", \"\")\n        screen: str = response.get(\"screen\", \"\")\n        stacktrace = None\n        if isinstance(status, int):\n            value_json = response.get(\"value\", None)\n            if value_json and isinstance(value_json, str):\n                import json\n    \n                try:\n                    value = json.loads(value_json)\n                    if len(value) == 1:\n                        value = value[\"value\"]\n                    status = value.get(\"error\", None)\n                    if not status:\n                        status = value.get(\"status\", ErrorCode.UNKNOWN_ERROR)\n                        message = value.get(\"value\") or value.get(\"message\")\n                        if not isinstance(message, str):\n                            value = message\n                            message = message.get(\"message\")\n                    else:\n                        message = value.get(\"message\", None)\n                except ValueError:\n                    pass\n    \n        exception_class: Type[WebDriverException]\n        e = ErrorCode()\n        error_codes = [item for item in dir(e) if not item.startswith(\"__\")]\n        for error_code in error_codes:\n            error_info = getattr(ErrorCode, error_code)\n            if isinstance(error_info, list) and status in error_info:\n                exception_class = getattr(ExceptionMapping, error_code, WebDriverException)\n                break\n        else:\n            exception_class = WebDriverException\n    \n        if not value:\n            value = response[\"value\"]\n        if isinstance(value, str):\n            raise exception_class(value)\n        if message == \"\" and \"message\" in value:\n            message = value[\"message\"]\n    \n        screen = None  # type: ignore[assignment]\n        if \"screen\" in value:\n            screen = value[\"screen\"]\n    \n        stacktrace = None\n        st_value = value.get(\"stackTrace\") or value.get(\"stacktrace\")\n        if st_value:\n            if isinstance(st_value, str):\n                stacktrace = st_value.split(\"\\n\")\n            else:\n                stacktrace = []\n                try:\n                    for frame in st_value:\n                        line = frame.get(\"lineNumber\", \"\")\n                        file = frame.get(\"fileName\", \"<anonymous>\")\n                        if line:\n                            file = f\"{file}:{line}\"\n                        meth = frame.get(\"methodName\", \"<anonymous>\")\n                        if \"className\" in frame:\n                            meth = f\"{frame['className']}.{meth}\"\n                        msg = \"    at %s (%s)\"\n                        msg = msg % (meth, file)\n                        stacktrace.append(msg)\n                except TypeError:\n                    pass\n        if exception_class == UnexpectedAlertPresentException:\n            alert_text = None\n            if \"data\" in value:\n                alert_text = value[\"data\"].get(\"text\")\n            elif \"alert\" in value:\n                alert_text = value[\"alert\"].get(\"text\")\n            raise exception_class(message, screen, stacktrace, alert_text)  # type: ignore[call-arg]  # mypy is not smart enough here\n>       raise exception_class(message, screen, stacktrace)\nE       selenium.common.exceptions.SessionNotCreatedException: Message: session not created: Chrome failed to start: exited normally.\nE         (session not created: DevToolsActivePort file doesn't exist)\nE         (The process started from chrome location /usr/bin/google-chrome is no longer running, so ChromeDriver is assuming that Chrome has crashed.)\nE       Stacktrace:\nE       #0 0x555c0bc95303 <unknown>\nE       #1 0x555c0b97a2b7 <unknown>\nE       #2 0x555c0b9aeb40 <unknown>\nE       #3 0x555c0b9aa6e5 <unknown>\nE       #4 0x555c0b9f4abc <unknown>\nE       #5 0x555c0b9e8123 <unknown>\nE       #6 0x555c0b9b8095 <unknown>\nE       #7 0x555c0b9b909e <unknown>\nE       #8 0x555c0bc596ab <unknown>\nE       #9 0x555c0bc5d4ba <unknown>\nE       #10 0x555c0bc45f85 <unknown>\nE       #11 0x555c0bc5e12f <unknown>\nE       #12 0x555c0bc29e6f <unknown>\nE       #13 0x555c0bc825f8 <unknown>\nE       #14 0x555c0bc827c2 <unknown>\nE       #15 0x555c0bc944a4 <unknown>\nE       #16 0x7f8d82294ac3 <unknown>\n\n/opt/hostedtoolcache/Python/3.12.2/x64/lib/python3.12/site-packages/selenium/webdriver/remote/errorhandler.py:229: SessionNotCreatedException",
  "flaky" : false,
  "newFailed" : false,
  "beforeStages" : [ {
    "name" : "_session_faker",
    "time" : {
      "start" : 1708805607601,
      "stop" : 1708805607618,
      "duration" : 17
    },
    "status" : "passed",
    "steps" : [ ],
    "attachments" : [ ],
    "parameters" : [ ],
    "stepsCount" : 0,
    "attachmentsCount" : 0,
    "shouldDisplayMessage" : false,
    "hasContent" : false
  }, {
    "name" : "clear_allure_results_folder",
    "time" : {
      "start" : 1708805607619,
      "stop" : 1708805607619,
      "duration" : 0
    },
    "status" : "passed",
    "steps" : [ ],
    "attachments" : [ ],
    "parameters" : [ ],
    "stepsCount" : 0,
    "attachmentsCount" : 0,
    "shouldDisplayMessage" : false,
    "hasContent" : false
  }, {
    "name" : "driver",
    "time" : {
      "start" : 1708805871782,
      "stop" : 1708805871953,
      "duration" : 171
    },
    "status" : "broken",
    "statusMessage" : "selenium.common.exceptions.SessionNotCreatedException: Message: session not created: Chrome failed to start: exited normally.\n  (session not created: DevToolsActivePort file doesn't exist)\n  (The process started from chrome location /usr/bin/google-chrome is no longer running, so ChromeDriver is assuming that Chrome has crashed.)\nStacktrace:\n#0 0x555c0bc95303 <unknown>\n#1 0x555c0b97a2b7 <unknown>\n#2 0x555c0b9aeb40 <unknown>\n#3 0x555c0b9aa6e5 <unknown>\n#4 0x555c0b9f4abc <unknown>\n#5 0x555c0b9e8123 <unknown>\n#6 0x555c0b9b8095 <unknown>\n#7 0x555c0b9b909e <unknown>\n#8 0x555c0bc596ab <unknown>\n#9 0x555c0bc5d4ba <unknown>\n#10 0x555c0bc45f85 <unknown>\n#11 0x555c0bc5e12f <unknown>\n#12 0x555c0bc29e6f <unknown>\n#13 0x555c0bc825f8 <unknown>\n#14 0x555c0bc827c2 <unknown>\n#15 0x555c0bc944a4 <unknown>\n#16 0x7f8d82294ac3 <unknown>\n\n",
    "statusTrace" : "  File \"/opt/hostedtoolcache/Python/3.12.2/x64/lib/python3.12/site-packages/pluggy/_callers.py\", line 166, in _multicall\n    teardown.throw(outcome._exception)\n  File \"/opt/hostedtoolcache/Python/3.12.2/x64/lib/python3.12/site-packages/_pytest/setuponly.py\", line 36, in pytest_fixture_setup\n    return (yield)\n            ^^^^^\n  File \"/opt/hostedtoolcache/Python/3.12.2/x64/lib/python3.12/site-packages/pluggy/_callers.py\", line 102, in _multicall\n    res = hook_impl.function(*args)\n          ^^^^^^^^^^^^^^^^^^^^^^^^^\n  File \"/opt/hostedtoolcache/Python/3.12.2/x64/lib/python3.12/site-packages/_pytest/fixtures.py\", line 1149, in pytest_fixture_setup\n    result = call_fixture_func(fixturefunc, request, kwargs)\n             ^^^^^^^^^^^^^^^^^^^^^^^^^^^^^^^^^^^^^^^^^^^^^^^\n  File \"/opt/hostedtoolcache/Python/3.12.2/x64/lib/python3.12/site-packages/_pytest/fixtures.py\", line 916, in call_fixture_func\n    fixture_result = next(generator)\n                     ^^^^^^^^^^^^^^^\n  File \"/home/runner/work/PulseWave/PulseWave/conftest.py\", line 18, in driver\n    driver = webdriver.Chrome(options=chrome_options)\n             ^^^^^^^^^^^^^^^^^^^^^^^^^^^^^^^^^^^^^^^^\n  File \"/opt/hostedtoolcache/Python/3.12.2/x64/lib/python3.12/site-packages/selenium/webdriver/chrome/webdriver.py\", line 45, in __init__\n    super().__init__(\n  File \"/opt/hostedtoolcache/Python/3.12.2/x64/lib/python3.12/site-packages/selenium/webdriver/chromium/webdriver.py\", line 61, in __init__\n    super().__init__(command_executor=executor, options=options)\n  File \"/opt/hostedtoolcache/Python/3.12.2/x64/lib/python3.12/site-packages/selenium/webdriver/remote/webdriver.py\", line 208, in __init__\n    self.start_session(capabilities)\n  File \"/opt/hostedtoolcache/Python/3.12.2/x64/lib/python3.12/site-packages/selenium/webdriver/remote/webdriver.py\", line 292, in start_session\n    response = self.execute(Command.NEW_SESSION, caps)[\"value\"]\n               ^^^^^^^^^^^^^^^^^^^^^^^^^^^^^^^^^^^^^^^\n  File \"/opt/hostedtoolcache/Python/3.12.2/x64/lib/python3.12/site-packages/selenium/webdriver/remote/webdriver.py\", line 347, in execute\n    self.error_handler.check_response(response)\n  File \"/opt/hostedtoolcache/Python/3.12.2/x64/lib/python3.12/site-packages/selenium/webdriver/remote/errorhandler.py\", line 229, in check_response\n    raise exception_class(message, screen, stacktrace)\n",
    "steps" : [ ],
    "attachments" : [ ],
    "parameters" : [ ],
    "stepsCount" : 0,
    "attachmentsCount" : 0,
    "shouldDisplayMessage" : true,
    "hasContent" : true
  } ],
  "afterStages" : [ ],
  "labels" : [ {
    "name" : "epic",
    "value" : "Тестирование страницы 'Войти'"
  }, {
    "name" : "tag",
    "value" : "smoke"
  }, {
    "name" : "parentSuite",
    "value" : "tests.test_login_page"
  }, {
    "name" : "suite",
    "value" : "test_login_page"
  }, {
    "name" : "subSuite",
    "value" : "TestLoginPage"
  }, {
    "name" : "host",
    "value" : "fv-az885-50"
  }, {
    "name" : "thread",
    "value" : "2222-MainThread"
  }, {
    "name" : "framework",
    "value" : "pytest"
  }, {
    "name" : "language",
    "value" : "cpython3"
  }, {
    "name" : "package",
    "value" : "tests.test_login_page.test_login_page"
  }, {
    "name" : "resultFormat",
    "value" : "allure2"
  } ],
  "parameters" : [ {
    "name" : "browser",
    "value" : "'chrome'"
  } ],
  "links" : [ ],
  "hidden" : false,
  "retry" : false,
  "extra" : {
    "severity" : "normal",
    "retries" : [ ],
    "categories" : [ {
      "name" : "Test defects",
      "matchedStatuses" : [ ],
      "flaky" : false
    } ],
    "history" : {
      "statistic" : {
        "failed" : 0,
        "broken" : 1,
        "skipped" : 0,
        "passed" : 18,
        "unknown" : 0,
        "total" : 19
      },
      "items" : [ {
        "uid" : "31d1b9bc3f29b72a",
        "reportUrl" : "https://Nat754.github.io/PulseWave/173//#testresult/31d1b9bc3f29b72a",
        "status" : "passed",
        "time" : {
          "start" : 1708548143357,
          "stop" : 1708548144609,
          "duration" : 1252
        }
      }, {
        "uid" : "bf1117b34165018a",
        "reportUrl" : "https://Nat754.github.io/PulseWave/172//#testresult/bf1117b34165018a",
        "status" : "passed",
        "time" : {
          "start" : 1707851478578,
          "stop" : 1707851480345,
          "duration" : 1767
        }
      }, {
        "uid" : "f7df0bbef4af52c3",
        "reportUrl" : "https://Nat754.github.io/PulseWave/171//#testresult/f7df0bbef4af52c3",
        "status" : "passed",
        "time" : {
          "start" : 1707494938551,
          "stop" : 1707494940300,
          "duration" : 1749
        }
      }, {
        "uid" : "5503d1d9940a6e51",
        "reportUrl" : "https://Nat754.github.io/PulseWave/171//#testresult/5503d1d9940a6e51",
        "status" : "passed",
        "time" : {
          "start" : 1707480013306,
          "stop" : 1707480015056,
          "duration" : 1750
        }
      }, {
        "uid" : "d901797406b170de",
        "reportUrl" : "https://Nat754.github.io/PulseWave/170//#testresult/d901797406b170de",
        "status" : "passed",
        "time" : {
          "start" : 1707255358482,
          "stop" : 1707255360230,
          "duration" : 1748
        }
      }, {
        "uid" : "2da2292daf9d55cb",
        "reportUrl" : "https://Nat754.github.io/PulseWave/169//#testresult/2da2292daf9d55cb",
        "status" : "passed",
        "time" : {
          "start" : 1707252661830,
          "stop" : 1707252663085,
          "duration" : 1255
        }
      }, {
        "uid" : "37f50ff9206c99bd",
        "reportUrl" : "https://Nat754.github.io/PulseWave/169//#testresult/37f50ff9206c99bd",
        "status" : "passed",
        "time" : {
          "start" : 1707245408472,
          "stop" : 1707245410218,
          "duration" : 1746
        }
      }, {
        "uid" : "96f6232e646d0f04",
        "reportUrl" : "https://Nat754.github.io/PulseWave/169//#testresult/96f6232e646d0f04",
        "status" : "passed",
        "time" : {
          "start" : 1707244366936,
          "stop" : 1707244368698,
          "duration" : 1762
        }
      }, {
        "uid" : "454132fa0e254ad0",
        "reportUrl" : "https://Nat754.github.io/PulseWave/168//#testresult/454132fa0e254ad0",
        "status" : "passed",
        "time" : {
          "start" : 1707241423751,
          "stop" : 1707241424989,
          "duration" : 1238
        }
      }, {
        "uid" : "4ed45f71ec941d24",
        "reportUrl" : "https://Nat754.github.io/PulseWave/167//#testresult/4ed45f71ec941d24",
        "status" : "passed",
        "time" : {
          "start" : 1707239810451,
          "stop" : 1707239812200,
          "duration" : 1749
        }
      }, {
        "uid" : "9c5c76fa9e90e488",
        "reportUrl" : "https://Nat754.github.io/PulseWave/166//#testresult/9c5c76fa9e90e488",
        "status" : "passed",
        "time" : {
          "start" : 1707236129043,
          "stop" : 1707236130285,
          "duration" : 1242
        }
      }, {
        "uid" : "68deb2ddccb13558",
        "reportUrl" : "https://Nat754.github.io/PulseWave/166//#testresult/68deb2ddccb13558",
        "status" : "passed",
        "time" : {
          "start" : 1707220223412,
          "stop" : 1707220224644,
          "duration" : 1232
        }
      }, {
        "uid" : "25501cac920c6faf",
        "reportUrl" : "https://Nat754.github.io/PulseWave/166//#testresult/25501cac920c6faf",
        "status" : "passed",
        "time" : {
          "start" : 1707218626744,
          "stop" : 1707218627980,
          "duration" : 1236
        }
      }, {
        "uid" : "2a5b54118ce7863a",
        "reportUrl" : "https://Nat754.github.io/PulseWave/166//#testresult/2a5b54118ce7863a",
        "status" : "passed",
        "time" : {
          "start" : 1707217670221,
          "stop" : 1707217671459,
          "duration" : 1238
        }
      }, {
        "uid" : "39d55719c0d0930d",
        "reportUrl" : "https://Nat754.github.io/PulseWave/165//#testresult/39d55719c0d0930d",
        "status" : "passed",
        "time" : {
          "start" : 1707216765922,
          "stop" : 1707216767156,
          "duration" : 1234
        }
      }, {
        "uid" : "26ba4f4abc1d81b5",
        "reportUrl" : "https://Nat754.github.io/PulseWave/164//#testresult/26ba4f4abc1d81b5",
        "status" : "passed",
        "time" : {
          "start" : 1707215088826,
          "stop" : 1707215090068,
          "duration" : 1242
        }
      }, {
        "uid" : "682121064a8a0abc",
        "reportUrl" : "https://Nat754.github.io/PulseWave/164//#testresult/682121064a8a0abc",
        "status" : "passed",
        "time" : {
          "start" : 1707211745996,
          "stop" : 1707211747758,
          "duration" : 1762
        }
      }, {
        "uid" : "7de3a52e2cf4220d",
        "reportUrl" : "https://Nat754.github.io/PulseWave/163//#testresult/7de3a52e2cf4220d",
        "status" : "passed",
        "time" : {
          "start" : 1707078622459,
          "stop" : 1707078623693,
          "duration" : 1234
        }
      } ]
    },
    "tags" : [ "smoke" ]
  },
  "source" : "9f713577297f3e18.json",
  "parameterValues" : [ "'chrome'" ]
}