{
  "uid" : "a7898c19b2e7c593",
  "name" : "Авторизация с пустым паролем",
  "fullName" : "tests.test_login_page.test_login_page.TestLoginPage#test_login_without_password",
  "historyId" : "40c455df951053e91230200222be21fc",
  "time" : {
    "start" : 1708805872631,
    "stop" : 1708805872631,
    "duration" : 0
  },
  "status" : "broken",
  "statusMessage" : "selenium.common.exceptions.SessionNotCreatedException: Message: session not created: Chrome failed to start: exited normally.\n  (session not created: DevToolsActivePort file doesn't exist)\n  (The process started from chrome location /usr/bin/google-chrome is no longer running, so ChromeDriver is assuming that Chrome has crashed.)\nStacktrace:\n#0 0x56537dbac303 <unknown>\n#1 0x56537d8912b7 <unknown>\n#2 0x56537d8c5b40 <unknown>\n#3 0x56537d8c16e5 <unknown>\n#4 0x56537d90babc <unknown>\n#5 0x56537d8ff123 <unknown>\n#6 0x56537d8cf095 <unknown>\n#7 0x56537d8d009e <unknown>\n#8 0x56537db706ab <unknown>\n#9 0x56537db744ba <unknown>\n#10 0x56537db5cf85 <unknown>\n#11 0x56537db7512f <unknown>\n#12 0x56537db40e6f <unknown>\n#13 0x56537db995f8 <unknown>\n#14 0x56537db997c2 <unknown>\n#15 0x56537dbab4a4 <unknown>\n#16 0x7f5ebb894ac3 <unknown>",
  "statusTrace" : "browser = 'chrome'\n\n    @pytest.fixture(scope='function')\n    def driver(browser):\n        print(f'\\nstart {browser} browser...')\n        if browser == \"chrome\":\n            chrome_options = ChromeOptions()\n            # chrome_options.add_argument('--headless')\n            chrome_options.add_argument('--start-maximized')\n>           driver = webdriver.Chrome(options=chrome_options)\n\nconftest.py:18: \n_ _ _ _ _ _ _ _ _ _ _ _ _ _ _ _ _ _ _ _ _ _ _ _ _ _ _ _ _ _ _ _ _ _ _ _ _ _ _ _ \n/opt/hostedtoolcache/Python/3.12.2/x64/lib/python3.12/site-packages/selenium/webdriver/chrome/webdriver.py:45: in __init__\n    super().__init__(\n/opt/hostedtoolcache/Python/3.12.2/x64/lib/python3.12/site-packages/selenium/webdriver/chromium/webdriver.py:61: in __init__\n    super().__init__(command_executor=executor, options=options)\n/opt/hostedtoolcache/Python/3.12.2/x64/lib/python3.12/site-packages/selenium/webdriver/remote/webdriver.py:208: in __init__\n    self.start_session(capabilities)\n/opt/hostedtoolcache/Python/3.12.2/x64/lib/python3.12/site-packages/selenium/webdriver/remote/webdriver.py:292: in start_session\n    response = self.execute(Command.NEW_SESSION, caps)[\"value\"]\n/opt/hostedtoolcache/Python/3.12.2/x64/lib/python3.12/site-packages/selenium/webdriver/remote/webdriver.py:347: in execute\n    self.error_handler.check_response(response)\n_ _ _ _ _ _ _ _ _ _ _ _ _ _ _ _ _ _ _ _ _ _ _ _ _ _ _ _ _ _ _ _ _ _ _ _ _ _ _ _ \n\nself = <selenium.webdriver.remote.errorhandler.ErrorHandler object at 0x7f13ac356780>\nresponse = {'status': 500, 'value': '{\"value\":{\"error\":\"session not created\",\"message\":\"session not created: Chrome failed to sta...\\\\n#14 0x56537db997c2 \\\\u003Cunknown>\\\\n#15 0x56537dbab4a4 \\\\u003Cunknown>\\\\n#16 0x7f5ebb894ac3 \\\\u003Cunknown>\\\\n\"}}'}\n\n    def check_response(self, response: Dict[str, Any]) -> None:\n        \"\"\"Checks that a JSON response from the WebDriver does not have an\n        error.\n    \n        :Args:\n         - response - The JSON response from the WebDriver server as a dictionary\n           object.\n    \n        :Raises: If the response contains an error message.\n        \"\"\"\n        status = response.get(\"status\", None)\n        if not status or status == ErrorCode.SUCCESS:\n            return\n        value = None\n        message = response.get(\"message\", \"\")\n        screen: str = response.get(\"screen\", \"\")\n        stacktrace = None\n        if isinstance(status, int):\n            value_json = response.get(\"value\", None)\n            if value_json and isinstance(value_json, str):\n                import json\n    \n                try:\n                    value = json.loads(value_json)\n                    if len(value) == 1:\n                        value = value[\"value\"]\n                    status = value.get(\"error\", None)\n                    if not status:\n                        status = value.get(\"status\", ErrorCode.UNKNOWN_ERROR)\n                        message = value.get(\"value\") or value.get(\"message\")\n                        if not isinstance(message, str):\n                            value = message\n                            message = message.get(\"message\")\n                    else:\n                        message = value.get(\"message\", None)\n                except ValueError:\n                    pass\n    \n        exception_class: Type[WebDriverException]\n        e = ErrorCode()\n        error_codes = [item for item in dir(e) if not item.startswith(\"__\")]\n        for error_code in error_codes:\n            error_info = getattr(ErrorCode, error_code)\n            if isinstance(error_info, list) and status in error_info:\n                exception_class = getattr(ExceptionMapping, error_code, WebDriverException)\n                break\n        else:\n            exception_class = WebDriverException\n    \n        if not value:\n            value = response[\"value\"]\n        if isinstance(value, str):\n            raise exception_class(value)\n        if message == \"\" and \"message\" in value:\n            message = value[\"message\"]\n    \n        screen = None  # type: ignore[assignment]\n        if \"screen\" in value:\n            screen = value[\"screen\"]\n    \n        stacktrace = None\n        st_value = value.get(\"stackTrace\") or value.get(\"stacktrace\")\n        if st_value:\n            if isinstance(st_value, str):\n                stacktrace = st_value.split(\"\\n\")\n            else:\n                stacktrace = []\n                try:\n                    for frame in st_value:\n                        line = frame.get(\"lineNumber\", \"\")\n                        file = frame.get(\"fileName\", \"<anonymous>\")\n                        if line:\n                            file = f\"{file}:{line}\"\n                        meth = frame.get(\"methodName\", \"<anonymous>\")\n                        if \"className\" in frame:\n                            meth = f\"{frame['className']}.{meth}\"\n                        msg = \"    at %s (%s)\"\n                        msg = msg % (meth, file)\n                        stacktrace.append(msg)\n                except TypeError:\n                    pass\n        if exception_class == UnexpectedAlertPresentException:\n            alert_text = None\n            if \"data\" in value:\n                alert_text = value[\"data\"].get(\"text\")\n            elif \"alert\" in value:\n                alert_text = value[\"alert\"].get(\"text\")\n            raise exception_class(message, screen, stacktrace, alert_text)  # type: ignore[call-arg]  # mypy is not smart enough here\n>       raise exception_class(message, screen, stacktrace)\nE       selenium.common.exceptions.SessionNotCreatedException: Message: session not created: Chrome failed to start: exited normally.\nE         (session not created: DevToolsActivePort file doesn't exist)\nE         (The process started from chrome location /usr/bin/google-chrome is no longer running, so ChromeDriver is assuming that Chrome has crashed.)\nE       Stacktrace:\nE       #0 0x56537dbac303 <unknown>\nE       #1 0x56537d8912b7 <unknown>\nE       #2 0x56537d8c5b40 <unknown>\nE       #3 0x56537d8c16e5 <unknown>\nE       #4 0x56537d90babc <unknown>\nE       #5 0x56537d8ff123 <unknown>\nE       #6 0x56537d8cf095 <unknown>\nE       #7 0x56537d8d009e <unknown>\nE       #8 0x56537db706ab <unknown>\nE       #9 0x56537db744ba <unknown>\nE       #10 0x56537db5cf85 <unknown>\nE       #11 0x56537db7512f <unknown>\nE       #12 0x56537db40e6f <unknown>\nE       #13 0x56537db995f8 <unknown>\nE       #14 0x56537db997c2 <unknown>\nE       #15 0x56537dbab4a4 <unknown>\nE       #16 0x7f5ebb894ac3 <unknown>\n\n/opt/hostedtoolcache/Python/3.12.2/x64/lib/python3.12/site-packages/selenium/webdriver/remote/errorhandler.py:229: SessionNotCreatedException",
  "flaky" : false,
  "newFailed" : false,
  "beforeStages" : [ {
    "name" : "driver",
    "time" : {
      "start" : 1708805872632,
      "stop" : 1708805872804,
      "duration" : 172
    },
    "status" : "broken",
    "statusMessage" : "selenium.common.exceptions.SessionNotCreatedException: Message: session not created: Chrome failed to start: exited normally.\n  (session not created: DevToolsActivePort file doesn't exist)\n  (The process started from chrome location /usr/bin/google-chrome is no longer running, so ChromeDriver is assuming that Chrome has crashed.)\nStacktrace:\n#0 0x56537dbac303 <unknown>\n#1 0x56537d8912b7 <unknown>\n#2 0x56537d8c5b40 <unknown>\n#3 0x56537d8c16e5 <unknown>\n#4 0x56537d90babc <unknown>\n#5 0x56537d8ff123 <unknown>\n#6 0x56537d8cf095 <unknown>\n#7 0x56537d8d009e <unknown>\n#8 0x56537db706ab <unknown>\n#9 0x56537db744ba <unknown>\n#10 0x56537db5cf85 <unknown>\n#11 0x56537db7512f <unknown>\n#12 0x56537db40e6f <unknown>\n#13 0x56537db995f8 <unknown>\n#14 0x56537db997c2 <unknown>\n#15 0x56537dbab4a4 <unknown>\n#16 0x7f5ebb894ac3 <unknown>\n\n",
    "statusTrace" : "  File \"/opt/hostedtoolcache/Python/3.12.2/x64/lib/python3.12/site-packages/pluggy/_callers.py\", line 166, in _multicall\n    teardown.throw(outcome._exception)\n  File \"/opt/hostedtoolcache/Python/3.12.2/x64/lib/python3.12/site-packages/_pytest/setuponly.py\", line 36, in pytest_fixture_setup\n    return (yield)\n            ^^^^^\n  File \"/opt/hostedtoolcache/Python/3.12.2/x64/lib/python3.12/site-packages/pluggy/_callers.py\", line 102, in _multicall\n    res = hook_impl.function(*args)\n          ^^^^^^^^^^^^^^^^^^^^^^^^^\n  File \"/opt/hostedtoolcache/Python/3.12.2/x64/lib/python3.12/site-packages/_pytest/fixtures.py\", line 1149, in pytest_fixture_setup\n    result = call_fixture_func(fixturefunc, request, kwargs)\n             ^^^^^^^^^^^^^^^^^^^^^^^^^^^^^^^^^^^^^^^^^^^^^^^\n  File \"/opt/hostedtoolcache/Python/3.12.2/x64/lib/python3.12/site-packages/_pytest/fixtures.py\", line 916, in call_fixture_func\n    fixture_result = next(generator)\n                     ^^^^^^^^^^^^^^^\n  File \"/home/runner/work/PulseWave/PulseWave/conftest.py\", line 18, in driver\n    driver = webdriver.Chrome(options=chrome_options)\n             ^^^^^^^^^^^^^^^^^^^^^^^^^^^^^^^^^^^^^^^^\n  File \"/opt/hostedtoolcache/Python/3.12.2/x64/lib/python3.12/site-packages/selenium/webdriver/chrome/webdriver.py\", line 45, in __init__\n    super().__init__(\n  File \"/opt/hostedtoolcache/Python/3.12.2/x64/lib/python3.12/site-packages/selenium/webdriver/chromium/webdriver.py\", line 61, in __init__\n    super().__init__(command_executor=executor, options=options)\n  File \"/opt/hostedtoolcache/Python/3.12.2/x64/lib/python3.12/site-packages/selenium/webdriver/remote/webdriver.py\", line 208, in __init__\n    self.start_session(capabilities)\n  File \"/opt/hostedtoolcache/Python/3.12.2/x64/lib/python3.12/site-packages/selenium/webdriver/remote/webdriver.py\", line 292, in start_session\n    response = self.execute(Command.NEW_SESSION, caps)[\"value\"]\n               ^^^^^^^^^^^^^^^^^^^^^^^^^^^^^^^^^^^^^^^\n  File \"/opt/hostedtoolcache/Python/3.12.2/x64/lib/python3.12/site-packages/selenium/webdriver/remote/webdriver.py\", line 347, in execute\n    self.error_handler.check_response(response)\n  File \"/opt/hostedtoolcache/Python/3.12.2/x64/lib/python3.12/site-packages/selenium/webdriver/remote/errorhandler.py\", line 229, in check_response\n    raise exception_class(message, screen, stacktrace)\n",
    "steps" : [ ],
    "attachments" : [ ],
    "parameters" : [ ],
    "stepsCount" : 0,
    "attachmentsCount" : 0,
    "shouldDisplayMessage" : true,
    "hasContent" : true
  }, {
    "name" : "_session_faker",
    "time" : {
      "start" : 1708805607601,
      "stop" : 1708805607618,
      "duration" : 17
    },
    "status" : "passed",
    "steps" : [ ],
    "attachments" : [ ],
    "parameters" : [ ],
    "stepsCount" : 0,
    "attachmentsCount" : 0,
    "shouldDisplayMessage" : false,
    "hasContent" : false
  }, {
    "name" : "clear_allure_results_folder",
    "time" : {
      "start" : 1708805607619,
      "stop" : 1708805607619,
      "duration" : 0
    },
    "status" : "passed",
    "steps" : [ ],
    "attachments" : [ ],
    "parameters" : [ ],
    "stepsCount" : 0,
    "attachmentsCount" : 0,
    "shouldDisplayMessage" : false,
    "hasContent" : false
  } ],
  "afterStages" : [ ],
  "labels" : [ {
    "name" : "epic",
    "value" : "Тестирование страницы 'Войти'"
  }, {
    "name" : "tag",
    "value" : "smoke"
  }, {
    "name" : "parentSuite",
    "value" : "tests.test_login_page"
  }, {
    "name" : "suite",
    "value" : "test_login_page"
  }, {
    "name" : "subSuite",
    "value" : "TestLoginPage"
  }, {
    "name" : "host",
    "value" : "fv-az885-50"
  }, {
    "name" : "thread",
    "value" : "2222-MainThread"
  }, {
    "name" : "framework",
    "value" : "pytest"
  }, {
    "name" : "language",
    "value" : "cpython3"
  }, {
    "name" : "package",
    "value" : "tests.test_login_page.test_login_page"
  }, {
    "name" : "resultFormat",
    "value" : "allure2"
  } ],
  "parameters" : [ {
    "name" : "browser",
    "value" : "'chrome'"
  } ],
  "links" : [ ],
  "hidden" : false,
  "retry" : false,
  "extra" : {
    "severity" : "normal",
    "retries" : [ ],
    "categories" : [ {
      "name" : "Test defects",
      "matchedStatuses" : [ ],
      "flaky" : false
    } ],
    "history" : {
      "statistic" : {
        "failed" : 0,
        "broken" : 1,
        "skipped" : 0,
        "passed" : 18,
        "unknown" : 0,
        "total" : 19
      },
      "items" : [ {
        "uid" : "22dd23d5e2f7f867",
        "reportUrl" : "https://Nat754.github.io/PulseWave/173//#testresult/22dd23d5e2f7f867",
        "status" : "passed",
        "time" : {
          "start" : 1708548156558,
          "stop" : 1708548158758,
          "duration" : 2200
        }
      }, {
        "uid" : "510700980ba8b322",
        "reportUrl" : "https://Nat754.github.io/PulseWave/172//#testresult/510700980ba8b322",
        "status" : "passed",
        "time" : {
          "start" : 1707851496607,
          "stop" : 1707851498807,
          "duration" : 2200
        }
      }, {
        "uid" : "2460d656d63df77c",
        "reportUrl" : "https://Nat754.github.io/PulseWave/171//#testresult/2460d656d63df77c",
        "status" : "passed",
        "time" : {
          "start" : 1707494952935,
          "stop" : 1707494955130,
          "duration" : 2195
        }
      }, {
        "uid" : "9ed2248032f46289",
        "reportUrl" : "https://Nat754.github.io/PulseWave/171//#testresult/9ed2248032f46289",
        "status" : "passed",
        "time" : {
          "start" : 1707480027706,
          "stop" : 1707480029900,
          "duration" : 2194
        }
      }, {
        "uid" : "482e20e641f61be4",
        "reportUrl" : "https://Nat754.github.io/PulseWave/170//#testresult/482e20e641f61be4",
        "status" : "passed",
        "time" : {
          "start" : 1707255372828,
          "stop" : 1707255375022,
          "duration" : 2194
        }
      }, {
        "uid" : "36e8950bec2e338e",
        "reportUrl" : "https://Nat754.github.io/PulseWave/169//#testresult/36e8950bec2e338e",
        "status" : "passed",
        "time" : {
          "start" : 1707252672788,
          "stop" : 1707252674994,
          "duration" : 2206
        }
      }, {
        "uid" : "27a0e01b52d3e0",
        "reportUrl" : "https://Nat754.github.io/PulseWave/169//#testresult/27a0e01b52d3e0",
        "status" : "passed",
        "time" : {
          "start" : 1707245422554,
          "stop" : 1707245424748,
          "duration" : 2194
        }
      }, {
        "uid" : "8d4225fdad30a0fe",
        "reportUrl" : "https://Nat754.github.io/PulseWave/169//#testresult/8d4225fdad30a0fe",
        "status" : "passed",
        "time" : {
          "start" : 1707244381558,
          "stop" : 1707244383768,
          "duration" : 2210
        }
      }, {
        "uid" : "28bea25790435c93",
        "reportUrl" : "https://Nat754.github.io/PulseWave/168//#testresult/28bea25790435c93",
        "status" : "passed",
        "time" : {
          "start" : 1707241434598,
          "stop" : 1707241436788,
          "duration" : 2190
        }
      }, {
        "uid" : "c4d746e736900329",
        "reportUrl" : "https://Nat754.github.io/PulseWave/167//#testresult/c4d746e736900329",
        "status" : "passed",
        "time" : {
          "start" : 1707239824846,
          "stop" : 1707239827040,
          "duration" : 2194
        }
      }, {
        "uid" : "3a595d6423b28c8f",
        "reportUrl" : "https://Nat754.github.io/PulseWave/166//#testresult/3a595d6423b28c8f",
        "status" : "passed",
        "time" : {
          "start" : 1707236140076,
          "stop" : 1707236142268,
          "duration" : 2192
        }
      }, {
        "uid" : "e29c95cfea5f14d3",
        "reportUrl" : "https://Nat754.github.io/PulseWave/166//#testresult/e29c95cfea5f14d3",
        "status" : "passed",
        "time" : {
          "start" : 1707220235288,
          "stop" : 1707220237472,
          "duration" : 2184
        }
      }, {
        "uid" : "fd5b1a6b3443f435",
        "reportUrl" : "https://Nat754.github.io/PulseWave/166//#testresult/fd5b1a6b3443f435",
        "status" : "passed",
        "time" : {
          "start" : 1707218637592,
          "stop" : 1707218639786,
          "duration" : 2194
        }
      }, {
        "uid" : "b39b428dabac355e",
        "reportUrl" : "https://Nat754.github.io/PulseWave/166//#testresult/b39b428dabac355e",
        "status" : "passed",
        "time" : {
          "start" : 1707217681208,
          "stop" : 1707217683403,
          "duration" : 2195
        }
      }, {
        "uid" : "800e689c534aa97d",
        "reportUrl" : "https://Nat754.github.io/PulseWave/165//#testresult/800e689c534aa97d",
        "status" : "passed",
        "time" : {
          "start" : 1707216776786,
          "stop" : 1707216778983,
          "duration" : 2197
        }
      }, {
        "uid" : "44ceb2ac647ce94a",
        "reportUrl" : "https://Nat754.github.io/PulseWave/164//#testresult/44ceb2ac647ce94a",
        "status" : "passed",
        "time" : {
          "start" : 1707215102340,
          "stop" : 1707215104535,
          "duration" : 2195
        }
      }, {
        "uid" : "9cc8977405d9163",
        "reportUrl" : "https://Nat754.github.io/PulseWave/164//#testresult/9cc8977405d9163",
        "status" : "passed",
        "time" : {
          "start" : 1707211760472,
          "stop" : 1707211762669,
          "duration" : 2197
        }
      }, {
        "uid" : "3a7f142f6dec6a47",
        "reportUrl" : "https://Nat754.github.io/PulseWave/163//#testresult/3a7f142f6dec6a47",
        "status" : "passed",
        "time" : {
          "start" : 1707078633431,
          "stop" : 1707078635622,
          "duration" : 2191
        }
      } ]
    },
    "tags" : [ "smoke" ]
  },
  "source" : "a7898c19b2e7c593.json",
  "parameterValues" : [ "'chrome'" ]
}