{
  "uid" : "b27334690e59b075",
  "name" : "1.23 Регистрация с корректными email и паролем без согласия на подписку",
  "fullName" : "tests.test_signup_page.test_signup_page.TestSignupPage#test_signup_with_correct_email_and_password",
  "historyId" : "a88141a3f07444f200b9b46dcc4041fe",
  "time" : {
    "start" : 1728623567828,
    "stop" : 1728623588118,
    "duration" : 20290
  },
  "status" : "broken",
  "statusMessage" : "selenium.common.exceptions.TimeoutException: Message: \nStacktrace:\n#0 0x5645cb85402a <unknown>\n#1 0x5645cb53a5e0 <unknown>\n#2 0x5645cb589be8 <unknown>\n#3 0x5645cb589e81 <unknown>\n#4 0x5645cb5d08c4 <unknown>\n#5 0x5645cb5aeb4d <unknown>\n#6 0x5645cb5cdd7d <unknown>\n#7 0x5645cb5ae8c3 <unknown>\n#8 0x5645cb57c6b3 <unknown>\n#9 0x5645cb57d68e <unknown>\n#10 0x5645cb81ea2b <unknown>\n#11 0x5645cb8229b1 <unknown>\n#12 0x5645cb80b225 <unknown>\n#13 0x5645cb823532 <unknown>\n#14 0x5645cb7f038f <unknown>\n#15 0x5645cb842f28 <unknown>\n#16 0x5645cb8430f3 <unknown>\n#17 0x5645cb852e7c <unknown>\n#18 0x7f136a094ac3 <unknown>",
  "statusTrace" : "self = <tests.test_signup_page.test_signup_page.TestSignupPage object at 0x7f5fd9d0cd40>\nsignup_page_open = <pages.signup_page.SignUpPage object at 0x7f5fd9d44e30>\ndriver = <selenium.webdriver.chrome.webdriver.WebDriver (session=\"2acffe0bc193ba253bff309bfd0faace\")>\n\n    @allure.title(\"1.23 Регистрация с корректными email и паролем без согласия на подписку\")\n    @pytest.mark.smoke\n    def test_signup_with_correct_email_and_password(self, signup_page_open, driver):\n        with allure.step('Заполнить поле email корректными данными'):\n            signup_page_open.put_data_to_email_field(email1)\n        with allure.step('Заполнить поле пароль сильным паролем'):\n            signup_page_open.put_data_to_password_field(password0)\n        with allure.step('Заполнить поле подтверждение пароля сильным паролем'):\n            signup_page_open.put_data_to_confirm_password_field(password0)\n        signup_page_open.click_button_submit()\n>       element = signup_page_open.get_send_invite_message()\n\ntests/test_signup_page/test_signup_page.py:143: \n_ _ _ _ _ _ _ _ _ _ _ _ _ _ _ _ _ _ _ _ _ _ _ _ _ _ _ _ _ _ _ _ _ _ _ _ _ _ _ _ \npages/signup_page.py:87: in get_send_invite_message\n    return self.element_is_visible(self.locator.SEND_INVITE_EMAIL)\npages/base_page.py:19: in element_is_visible\n    self.go_to_element(self.element_is_present(locator))\npages/base_page.py:35: in element_is_present\n    return Wait(self.driver, self.timeout).until(es.presence_of_element_located(locator))\n_ _ _ _ _ _ _ _ _ _ _ _ _ _ _ _ _ _ _ _ _ _ _ _ _ _ _ _ _ _ _ _ _ _ _ _ _ _ _ _ \n\nself = <selenium.webdriver.support.wait.WebDriverWait (session=\"2acffe0bc193ba253bff309bfd0faace\")>\nmethod = <function presence_of_element_located.<locals>._predicate at 0x7f5fd9ec1b20>\nmessage = ''\n\n    def until(self, method: Callable[[D], Union[Literal[False], T]], message: str = \"\") -> T:\n        \"\"\"Calls the method provided with the driver as an argument until the \\\n        return value does not evaluate to ``False``.\n    \n        :param method: callable(WebDriver)\n        :param message: optional message for :exc:`TimeoutException`\n        :returns: the result of the last call to `method`\n        :raises: :exc:`selenium.common.exceptions.TimeoutException` if timeout occurs\n        \"\"\"\n        screen = None\n        stacktrace = None\n    \n        end_time = time.monotonic() + self._timeout\n        while True:\n            try:\n                value = method(self._driver)\n                if value:\n                    return value\n            except self._ignored_exceptions as exc:\n                screen = getattr(exc, \"screen\", None)\n                stacktrace = getattr(exc, \"stacktrace\", None)\n            time.sleep(self._poll)\n            if time.monotonic() > end_time:\n                break\n>       raise TimeoutException(message, screen, stacktrace)\nE       selenium.common.exceptions.TimeoutException: Message: \nE       Stacktrace:\nE       #0 0x5645cb85402a <unknown>\nE       #1 0x5645cb53a5e0 <unknown>\nE       #2 0x5645cb589be8 <unknown>\nE       #3 0x5645cb589e81 <unknown>\nE       #4 0x5645cb5d08c4 <unknown>\nE       #5 0x5645cb5aeb4d <unknown>\nE       #6 0x5645cb5cdd7d <unknown>\nE       #7 0x5645cb5ae8c3 <unknown>\nE       #8 0x5645cb57c6b3 <unknown>\nE       #9 0x5645cb57d68e <unknown>\nE       #10 0x5645cb81ea2b <unknown>\nE       #11 0x5645cb8229b1 <unknown>\nE       #12 0x5645cb80b225 <unknown>\nE       #13 0x5645cb823532 <unknown>\nE       #14 0x5645cb7f038f <unknown>\nE       #15 0x5645cb842f28 <unknown>\nE       #16 0x5645cb8430f3 <unknown>\nE       #17 0x5645cb852e7c <unknown>\nE       #18 0x7f136a094ac3 <unknown>\n\n/opt/hostedtoolcache/Python/3.12.7/x64/lib/python3.12/site-packages/selenium/webdriver/support/wait.py:105: TimeoutException",
  "flaky" : false,
  "newFailed" : false,
  "beforeStages" : [ {
    "name" : "clear_allure_results_folder",
    "time" : {
      "start" : 1728622729062,
      "stop" : 1728622729062,
      "duration" : 0
    },
    "status" : "passed",
    "steps" : [ ],
    "attachments" : [ ],
    "parameters" : [ ],
    "attachmentsCount" : 0,
    "shouldDisplayMessage" : false,
    "hasContent" : false,
    "stepsCount" : 0
  }, {
    "name" : "driver",
    "time" : {
      "start" : 1728623564953,
      "stop" : 1728623565240,
      "duration" : 287
    },
    "status" : "passed",
    "steps" : [ ],
    "attachments" : [ ],
    "parameters" : [ ],
    "attachmentsCount" : 0,
    "shouldDisplayMessage" : false,
    "hasContent" : false,
    "stepsCount" : 0
  }, {
    "name" : "_session_faker",
    "time" : {
      "start" : 1728622729044,
      "stop" : 1728622729062,
      "duration" : 18
    },
    "status" : "passed",
    "steps" : [ ],
    "attachments" : [ ],
    "parameters" : [ ],
    "attachmentsCount" : 0,
    "shouldDisplayMessage" : false,
    "hasContent" : false,
    "stepsCount" : 0
  }, {
    "name" : "signup_page_open",
    "time" : {
      "start" : 1728623565240,
      "stop" : 1728623567827,
      "duration" : 2587
    },
    "status" : "passed",
    "steps" : [ {
      "name" : "Проверка видимости кнопки 'Принимаю все' в сообщении о принятии файлов cookie",
      "time" : {
        "start" : 1728623567747,
        "stop" : 1728623567789,
        "duration" : 42
      },
      "status" : "passed",
      "steps" : [ ],
      "attachments" : [ ],
      "parameters" : [ ],
      "attachmentsCount" : 0,
      "shouldDisplayMessage" : false,
      "hasContent" : false,
      "stepsCount" : 0
    } ],
    "attachments" : [ ],
    "parameters" : [ ],
    "attachmentsCount" : 0,
    "shouldDisplayMessage" : false,
    "hasContent" : true,
    "stepsCount" : 1
  } ],
  "testStage" : {
    "status" : "broken",
    "statusMessage" : "selenium.common.exceptions.TimeoutException: Message: \nStacktrace:\n#0 0x5645cb85402a <unknown>\n#1 0x5645cb53a5e0 <unknown>\n#2 0x5645cb589be8 <unknown>\n#3 0x5645cb589e81 <unknown>\n#4 0x5645cb5d08c4 <unknown>\n#5 0x5645cb5aeb4d <unknown>\n#6 0x5645cb5cdd7d <unknown>\n#7 0x5645cb5ae8c3 <unknown>\n#8 0x5645cb57c6b3 <unknown>\n#9 0x5645cb57d68e <unknown>\n#10 0x5645cb81ea2b <unknown>\n#11 0x5645cb8229b1 <unknown>\n#12 0x5645cb80b225 <unknown>\n#13 0x5645cb823532 <unknown>\n#14 0x5645cb7f038f <unknown>\n#15 0x5645cb842f28 <unknown>\n#16 0x5645cb8430f3 <unknown>\n#17 0x5645cb852e7c <unknown>\n#18 0x7f136a094ac3 <unknown>",
    "statusTrace" : "self = <tests.test_signup_page.test_signup_page.TestSignupPage object at 0x7f5fd9d0cd40>\nsignup_page_open = <pages.signup_page.SignUpPage object at 0x7f5fd9d44e30>\ndriver = <selenium.webdriver.chrome.webdriver.WebDriver (session=\"2acffe0bc193ba253bff309bfd0faace\")>\n\n    @allure.title(\"1.23 Регистрация с корректными email и паролем без согласия на подписку\")\n    @pytest.mark.smoke\n    def test_signup_with_correct_email_and_password(self, signup_page_open, driver):\n        with allure.step('Заполнить поле email корректными данными'):\n            signup_page_open.put_data_to_email_field(email1)\n        with allure.step('Заполнить поле пароль сильным паролем'):\n            signup_page_open.put_data_to_password_field(password0)\n        with allure.step('Заполнить поле подтверждение пароля сильным паролем'):\n            signup_page_open.put_data_to_confirm_password_field(password0)\n        signup_page_open.click_button_submit()\n>       element = signup_page_open.get_send_invite_message()\n\ntests/test_signup_page/test_signup_page.py:143: \n_ _ _ _ _ _ _ _ _ _ _ _ _ _ _ _ _ _ _ _ _ _ _ _ _ _ _ _ _ _ _ _ _ _ _ _ _ _ _ _ \npages/signup_page.py:87: in get_send_invite_message\n    return self.element_is_visible(self.locator.SEND_INVITE_EMAIL)\npages/base_page.py:19: in element_is_visible\n    self.go_to_element(self.element_is_present(locator))\npages/base_page.py:35: in element_is_present\n    return Wait(self.driver, self.timeout).until(es.presence_of_element_located(locator))\n_ _ _ _ _ _ _ _ _ _ _ _ _ _ _ _ _ _ _ _ _ _ _ _ _ _ _ _ _ _ _ _ _ _ _ _ _ _ _ _ \n\nself = <selenium.webdriver.support.wait.WebDriverWait (session=\"2acffe0bc193ba253bff309bfd0faace\")>\nmethod = <function presence_of_element_located.<locals>._predicate at 0x7f5fd9ec1b20>\nmessage = ''\n\n    def until(self, method: Callable[[D], Union[Literal[False], T]], message: str = \"\") -> T:\n        \"\"\"Calls the method provided with the driver as an argument until the \\\n        return value does not evaluate to ``False``.\n    \n        :param method: callable(WebDriver)\n        :param message: optional message for :exc:`TimeoutException`\n        :returns: the result of the last call to `method`\n        :raises: :exc:`selenium.common.exceptions.TimeoutException` if timeout occurs\n        \"\"\"\n        screen = None\n        stacktrace = None\n    \n        end_time = time.monotonic() + self._timeout\n        while True:\n            try:\n                value = method(self._driver)\n                if value:\n                    return value\n            except self._ignored_exceptions as exc:\n                screen = getattr(exc, \"screen\", None)\n                stacktrace = getattr(exc, \"stacktrace\", None)\n            time.sleep(self._poll)\n            if time.monotonic() > end_time:\n                break\n>       raise TimeoutException(message, screen, stacktrace)\nE       selenium.common.exceptions.TimeoutException: Message: \nE       Stacktrace:\nE       #0 0x5645cb85402a <unknown>\nE       #1 0x5645cb53a5e0 <unknown>\nE       #2 0x5645cb589be8 <unknown>\nE       #3 0x5645cb589e81 <unknown>\nE       #4 0x5645cb5d08c4 <unknown>\nE       #5 0x5645cb5aeb4d <unknown>\nE       #6 0x5645cb5cdd7d <unknown>\nE       #7 0x5645cb5ae8c3 <unknown>\nE       #8 0x5645cb57c6b3 <unknown>\nE       #9 0x5645cb57d68e <unknown>\nE       #10 0x5645cb81ea2b <unknown>\nE       #11 0x5645cb8229b1 <unknown>\nE       #12 0x5645cb80b225 <unknown>\nE       #13 0x5645cb823532 <unknown>\nE       #14 0x5645cb7f038f <unknown>\nE       #15 0x5645cb842f28 <unknown>\nE       #16 0x5645cb8430f3 <unknown>\nE       #17 0x5645cb852e7c <unknown>\nE       #18 0x7f136a094ac3 <unknown>\n\n/opt/hostedtoolcache/Python/3.12.7/x64/lib/python3.12/site-packages/selenium/webdriver/support/wait.py:105: TimeoutException",
    "steps" : [ {
      "name" : "Заполнить поле email корректными данными",
      "time" : {
        "start" : 1728623567828,
        "stop" : 1728623567919,
        "duration" : 91
      },
      "status" : "passed",
      "steps" : [ ],
      "attachments" : [ ],
      "parameters" : [ ],
      "attachmentsCount" : 0,
      "shouldDisplayMessage" : false,
      "hasContent" : false,
      "stepsCount" : 0
    }, {
      "name" : "Заполнить поле пароль сильным паролем",
      "time" : {
        "start" : 1728623567919,
        "stop" : 1728623567981,
        "duration" : 62
      },
      "status" : "passed",
      "steps" : [ ],
      "attachments" : [ ],
      "parameters" : [ ],
      "attachmentsCount" : 0,
      "shouldDisplayMessage" : false,
      "hasContent" : false,
      "stepsCount" : 0
    }, {
      "name" : "Заполнить поле подтверждение пароля сильным паролем",
      "time" : {
        "start" : 1728623567981,
        "stop" : 1728623568048,
        "duration" : 67
      },
      "status" : "passed",
      "steps" : [ ],
      "attachments" : [ ],
      "parameters" : [ ],
      "attachmentsCount" : 0,
      "shouldDisplayMessage" : false,
      "hasContent" : false,
      "stepsCount" : 0
    }, {
      "name" : "Подтвердить изменения'",
      "time" : {
        "start" : 1728623568048,
        "stop" : 1728623568107,
        "duration" : 59
      },
      "status" : "passed",
      "steps" : [ ],
      "attachments" : [ ],
      "parameters" : [ ],
      "attachmentsCount" : 0,
      "shouldDisplayMessage" : false,
      "hasContent" : false,
      "stepsCount" : 0
    }, {
      "name" : "Получено сообщения о подтверждении регистрации",
      "time" : {
        "start" : 1728623568107,
        "stop" : 1728623588117,
        "duration" : 20010
      },
      "status" : "broken",
      "statusMessage" : "selenium.common.exceptions.TimeoutException: Message: \nStacktrace:\n#0 0x5645cb85402a <unknown>\n#1 0x5645cb53a5e0 <unknown>\n#2 0x5645cb589be8 <unknown>\n#3 0x5645cb589e81 <unknown>\n#4 0x5645cb5d08c4 <unknown>\n#5 0x5645cb5aeb4d <unknown>\n#6 0x5645cb5cdd7d <unknown>\n#7 0x5645cb5ae8c3 <unknown>\n#8 0x5645cb57c6b3 <unknown>\n#9 0x5645cb57d68e <unknown>\n#10 0x5645cb81ea2b <unknown>\n#11 0x5645cb8229b1 <unknown>\n#12 0x5645cb80b225 <unknown>\n#13 0x5645cb823532 <unknown>\n#14 0x5645cb7f038f <unknown>\n#15 0x5645cb842f28 <unknown>\n#16 0x5645cb8430f3 <unknown>\n#17 0x5645cb852e7c <unknown>\n#18 0x7f136a094ac3 <unknown>\n\n",
      "statusTrace" : "  File \"/opt/hostedtoolcache/Python/3.12.7/x64/lib/python3.12/site-packages/allure_commons/_allure.py\", line 192, in impl\n    return func(*a, **kw)\n           ^^^^^^^^^^^^^^\n  File \"/home/runner/work/PulseWave/PulseWave/pages/signup_page.py\", line 87, in get_send_invite_message\n    return self.element_is_visible(self.locator.SEND_INVITE_EMAIL)\n           ^^^^^^^^^^^^^^^^^^^^^^^^^^^^^^^^^^^^^^^^^^^^^^^^^^^^^^^\n  File \"/home/runner/work/PulseWave/PulseWave/pages/base_page.py\", line 19, in element_is_visible\n    self.go_to_element(self.element_is_present(locator))\n                       ^^^^^^^^^^^^^^^^^^^^^^^^^^^^^^^^\n  File \"/home/runner/work/PulseWave/PulseWave/pages/base_page.py\", line 35, in element_is_present\n    return Wait(self.driver, self.timeout).until(es.presence_of_element_located(locator))\n           ^^^^^^^^^^^^^^^^^^^^^^^^^^^^^^^^^^^^^^^^^^^^^^^^^^^^^^^^^^^^^^^^^^^^^^^^^^^^^^\n  File \"/opt/hostedtoolcache/Python/3.12.7/x64/lib/python3.12/site-packages/selenium/webdriver/support/wait.py\", line 105, in until\n    raise TimeoutException(message, screen, stacktrace)\n",
      "steps" : [ ],
      "attachments" : [ ],
      "parameters" : [ ],
      "attachmentsCount" : 0,
      "shouldDisplayMessage" : true,
      "hasContent" : true,
      "stepsCount" : 0
    } ],
    "attachments" : [ {
      "uid" : "8b5828cc4fbcba6",
      "name" : "Screenshot",
      "source" : "8b5828cc4fbcba6.png",
      "type" : "image/png",
      "size" : 90642
    }, {
      "uid" : "d86cbbd8cbdf69ae",
      "name" : "HTML source",
      "source" : "d86cbbd8cbdf69ae.html",
      "type" : "text/html",
      "size" : 101094
    } ],
    "parameters" : [ ],
    "attachmentsCount" : 2,
    "shouldDisplayMessage" : true,
    "hasContent" : true,
    "stepsCount" : 5
  },
  "afterStages" : [ {
    "name" : "driver::0",
    "time" : {
      "start" : 1728623588249,
      "stop" : 1728623588333,
      "duration" : 84
    },
    "status" : "passed",
    "steps" : [ ],
    "attachments" : [ ],
    "parameters" : [ ],
    "attachmentsCount" : 0,
    "shouldDisplayMessage" : false,
    "hasContent" : false,
    "stepsCount" : 0
  } ],
  "labels" : [ {
    "name" : "epic",
    "value" : "Тестирование страницы 'Регистрация'"
  }, {
    "name" : "tag",
    "value" : "smoke"
  }, {
    "name" : "parentSuite",
    "value" : "tests.test_signup_page"
  }, {
    "name" : "suite",
    "value" : "test_signup_page"
  }, {
    "name" : "subSuite",
    "value" : "TestSignupPage"
  }, {
    "name" : "host",
    "value" : "fv-az1382-240"
  }, {
    "name" : "thread",
    "value" : "2328-MainThread"
  }, {
    "name" : "framework",
    "value" : "pytest"
  }, {
    "name" : "language",
    "value" : "cpython3"
  }, {
    "name" : "package",
    "value" : "tests.test_signup_page.test_signup_page"
  }, {
    "name" : "resultFormat",
    "value" : "allure2"
  } ],
  "parameters" : [ {
    "name" : "browser",
    "value" : "'chrome'"
  } ],
  "links" : [ ],
  "hidden" : false,
  "retry" : false,
  "extra" : {
    "severity" : "normal",
    "retries" : [ ],
    "categories" : [ {
      "name" : "Test defects",
      "matchedStatuses" : [ ],
      "flaky" : false
    } ],
    "history" : {
      "statistic" : {
        "failed" : 0,
        "broken" : 23,
        "skipped" : 30,
        "passed" : 140,
        "unknown" : 0,
        "total" : 193
      },
      "items" : [ {
        "uid" : "276264cb290f37a4",
        "reportUrl" : "https://Nat754.github.io/PulseWave/174//#testresult/276264cb290f37a4",
        "status" : "broken",
        "statusDetails" : "selenium.common.exceptions.TimeoutException: Message: \nStacktrace:\n#0 0x561d914f002a <unknown>\n#1 0x561d911d65e0 <unknown>\n#2 0x561d91225be8 <unknown>\n#3 0x561d91225e81 <unknown>\n#4 0x561d9126c8c4 <unknown>\n#5 0x561d9124ab4d <unknown>\n#6 0x561d91269d7d <unknown>\n#7 0x561d9124a8c3 <unknown>\n#8 0x561d912186b3 <unknown>\n#9 0x561d9121968e <unknown>\n#10 0x561d914baa2b <unknown>\n#11 0x561d914be9b1 <unknown>\n#12 0x561d914a7225 <unknown>\n#13 0x561d914bf532 <unknown>\n#14 0x561d9148c38f <unknown>\n#15 0x561d914def28 <unknown>\n#16 0x561d914df0f3 <unknown>\n#17 0x561d914eee7c <unknown>\n#18 0x7fdfd3894ac3 <unknown>",
        "time" : {
          "start" : 1728615617410,
          "stop" : 1728615638192,
          "duration" : 20782
        }
      }, {
        "uid" : "81cc37309b3969cc",
        "reportUrl" : "https://Nat754.github.io/PulseWave/173//#testresult/81cc37309b3969cc",
        "status" : "passed",
        "time" : {
          "start" : 1728529278709,
          "stop" : 1728529302262,
          "duration" : 23553
        }
      }, {
        "uid" : "782c92dbbee4898c",
        "reportUrl" : "https://Nat754.github.io/PulseWave/172//#testresult/782c92dbbee4898c",
        "status" : "passed",
        "time" : {
          "start" : 1728442613874,
          "stop" : 1728442631185,
          "duration" : 17311
        }
      }, {
        "uid" : "2c7ff80d61be4d99",
        "reportUrl" : "https://Nat754.github.io/PulseWave/171//#testresult/2c7ff80d61be4d99",
        "status" : "passed",
        "time" : {
          "start" : 1728356428438,
          "stop" : 1728356446115,
          "duration" : 17677
        }
      }, {
        "uid" : "cc7fbe76011b83e1",
        "reportUrl" : "https://Nat754.github.io/PulseWave/170//#testresult/cc7fbe76011b83e1",
        "status" : "passed",
        "time" : {
          "start" : 1728270303528,
          "stop" : 1728270322969,
          "duration" : 19441
        }
      }, {
        "uid" : "ca5bf6a6841b67b1",
        "reportUrl" : "https://Nat754.github.io/PulseWave/169//#testresult/ca5bf6a6841b67b1",
        "status" : "passed",
        "time" : {
          "start" : 1728183759162,
          "stop" : 1728183776814,
          "duration" : 17652
        }
      }, {
        "uid" : "50118a0c387fc658",
        "reportUrl" : "https://Nat754.github.io/PulseWave/168//#testresult/50118a0c387fc658",
        "status" : "passed",
        "time" : {
          "start" : 1728096901367,
          "stop" : 1728096918487,
          "duration" : 17120
        }
      }, {
        "uid" : "19b302ec7d1a0d0c",
        "reportUrl" : "https://Nat754.github.io/PulseWave/167//#testresult/19b302ec7d1a0d0c",
        "status" : "passed",
        "time" : {
          "start" : 1728010704496,
          "stop" : 1728010722529,
          "duration" : 18033
        }
      }, {
        "uid" : "7c95cd421865bbc3",
        "reportUrl" : "https://Nat754.github.io/PulseWave/166//#testresult/7c95cd421865bbc3",
        "status" : "passed",
        "time" : {
          "start" : 1727924447325,
          "stop" : 1727924466746,
          "duration" : 19421
        }
      }, {
        "uid" : "58671f13f7a53a11",
        "reportUrl" : "https://Nat754.github.io/PulseWave/165//#testresult/58671f13f7a53a11",
        "status" : "passed",
        "time" : {
          "start" : 1727838074017,
          "stop" : 1727838094646,
          "duration" : 20629
        }
      }, {
        "uid" : "49ff53010ae08762",
        "reportUrl" : "https://Nat754.github.io/PulseWave/164//#testresult/49ff53010ae08762",
        "status" : "passed",
        "time" : {
          "start" : 1727752096151,
          "stop" : 1727752113741,
          "duration" : 17590
        }
      }, {
        "uid" : "24a96e350255daaf",
        "reportUrl" : "https://Nat754.github.io/PulseWave/163//#testresult/24a96e350255daaf",
        "status" : "passed",
        "time" : {
          "start" : 1727665506346,
          "stop" : 1727665525186,
          "duration" : 18840
        }
      }, {
        "uid" : "52acb7a95eecde04",
        "reportUrl" : "https://Nat754.github.io/PulseWave/162//#testresult/52acb7a95eecde04",
        "status" : "passed",
        "time" : {
          "start" : 1727591192743,
          "stop" : 1727591211200,
          "duration" : 18457
        }
      }, {
        "uid" : "5f0f8c8637e3eaa",
        "reportUrl" : "https://Nat754.github.io/PulseWave/162//#testresult/5f0f8c8637e3eaa",
        "status" : "passed",
        "time" : {
          "start" : 1727579046220,
          "stop" : 1727579063877,
          "duration" : 17657
        }
      }, {
        "uid" : "8b0708fa022effe5",
        "reportUrl" : "https://Nat754.github.io/PulseWave/161//#testresult/8b0708fa022effe5",
        "status" : "passed",
        "time" : {
          "start" : 1727492137949,
          "stop" : 1727492156012,
          "duration" : 18063
        }
      }, {
        "uid" : "ea8560812d5fbfbf",
        "reportUrl" : "https://Nat754.github.io/PulseWave/160//#testresult/ea8560812d5fbfbf",
        "status" : "passed",
        "time" : {
          "start" : 1727406218583,
          "stop" : 1727406238361,
          "duration" : 19778
        }
      }, {
        "uid" : "359bb1ceb0f55216",
        "reportUrl" : "https://Nat754.github.io/PulseWave/159//#testresult/359bb1ceb0f55216",
        "status" : "passed",
        "time" : {
          "start" : 1727319386137,
          "stop" : 1727319403608,
          "duration" : 17471
        }
      }, {
        "uid" : "add96535649cafd7",
        "reportUrl" : "https://Nat754.github.io/PulseWave/158//#testresult/add96535649cafd7",
        "status" : "passed",
        "time" : {
          "start" : 1727233121180,
          "stop" : 1727233139539,
          "duration" : 18359
        }
      }, {
        "uid" : "a1b290ea5943ea7e",
        "reportUrl" : "https://Nat754.github.io/PulseWave/157//#testresult/a1b290ea5943ea7e",
        "status" : "passed",
        "time" : {
          "start" : 1727146857711,
          "stop" : 1727146880025,
          "duration" : 22314
        }
      }, {
        "uid" : "a68fbe19f53b0edb",
        "reportUrl" : "https://Nat754.github.io/PulseWave/156//#testresult/a68fbe19f53b0edb",
        "status" : "passed",
        "time" : {
          "start" : 1727060289263,
          "stop" : 1727060310530,
          "duration" : 21267
        }
      } ]
    },
    "tags" : [ "smoke" ]
  },
  "source" : "b27334690e59b075.json",
  "parameterValues" : [ "'chrome'" ]
}