{
  "uid" : "b79411bac8cf2a1b",
  "name" : "Авторизация с пустым емайл",
  "fullName" : "tests.test_login_page.test_login_page.TestLoginPage#test_login_without_email",
  "historyId" : "9043c9cb67934e39548aa07850e61a10",
  "time" : {
    "start" : 1708805872419,
    "stop" : 1708805872419,
    "duration" : 0
  },
  "status" : "broken",
  "statusMessage" : "selenium.common.exceptions.SessionNotCreatedException: Message: session not created: Chrome failed to start: exited normally.\n  (session not created: DevToolsActivePort file doesn't exist)\n  (The process started from chrome location /usr/bin/google-chrome is no longer running, so ChromeDriver is assuming that Chrome has crashed.)\nStacktrace:\n#0 0x558237fc8303 <unknown>\n#1 0x558237cad2b7 <unknown>\n#2 0x558237ce1b40 <unknown>\n#3 0x558237cdd6e5 <unknown>\n#4 0x558237d27abc <unknown>\n#5 0x558237d1b123 <unknown>\n#6 0x558237ceb095 <unknown>\n#7 0x558237cec09e <unknown>\n#8 0x558237f8c6ab <unknown>\n#9 0x558237f904ba <unknown>\n#10 0x558237f78f85 <unknown>\n#11 0x558237f9112f <unknown>\n#12 0x558237f5ce6f <unknown>\n#13 0x558237fb55f8 <unknown>\n#14 0x558237fb57c2 <unknown>\n#15 0x558237fc74a4 <unknown>\n#16 0x7fc3ada94ac3 <unknown>",
  "statusTrace" : "browser = 'chrome'\n\n    @pytest.fixture(scope='function')\n    def driver(browser):\n        print(f'\\nstart {browser} browser...')\n        if browser == \"chrome\":\n            chrome_options = ChromeOptions()\n            # chrome_options.add_argument('--headless')\n            chrome_options.add_argument('--start-maximized')\n>           driver = webdriver.Chrome(options=chrome_options)\n\nconftest.py:18: \n_ _ _ _ _ _ _ _ _ _ _ _ _ _ _ _ _ _ _ _ _ _ _ _ _ _ _ _ _ _ _ _ _ _ _ _ _ _ _ _ \n/opt/hostedtoolcache/Python/3.12.2/x64/lib/python3.12/site-packages/selenium/webdriver/chrome/webdriver.py:45: in __init__\n    super().__init__(\n/opt/hostedtoolcache/Python/3.12.2/x64/lib/python3.12/site-packages/selenium/webdriver/chromium/webdriver.py:61: in __init__\n    super().__init__(command_executor=executor, options=options)\n/opt/hostedtoolcache/Python/3.12.2/x64/lib/python3.12/site-packages/selenium/webdriver/remote/webdriver.py:208: in __init__\n    self.start_session(capabilities)\n/opt/hostedtoolcache/Python/3.12.2/x64/lib/python3.12/site-packages/selenium/webdriver/remote/webdriver.py:292: in start_session\n    response = self.execute(Command.NEW_SESSION, caps)[\"value\"]\n/opt/hostedtoolcache/Python/3.12.2/x64/lib/python3.12/site-packages/selenium/webdriver/remote/webdriver.py:347: in execute\n    self.error_handler.check_response(response)\n_ _ _ _ _ _ _ _ _ _ _ _ _ _ _ _ _ _ _ _ _ _ _ _ _ _ _ _ _ _ _ _ _ _ _ _ _ _ _ _ \n\nself = <selenium.webdriver.remote.errorhandler.ErrorHandler object at 0x7f13ac34fb00>\nresponse = {'status': 500, 'value': '{\"value\":{\"error\":\"session not created\",\"message\":\"session not created: Chrome failed to sta...\\\\n#14 0x558237fb57c2 \\\\u003Cunknown>\\\\n#15 0x558237fc74a4 \\\\u003Cunknown>\\\\n#16 0x7fc3ada94ac3 \\\\u003Cunknown>\\\\n\"}}'}\n\n    def check_response(self, response: Dict[str, Any]) -> None:\n        \"\"\"Checks that a JSON response from the WebDriver does not have an\n        error.\n    \n        :Args:\n         - response - The JSON response from the WebDriver server as a dictionary\n           object.\n    \n        :Raises: If the response contains an error message.\n        \"\"\"\n        status = response.get(\"status\", None)\n        if not status or status == ErrorCode.SUCCESS:\n            return\n        value = None\n        message = response.get(\"message\", \"\")\n        screen: str = response.get(\"screen\", \"\")\n        stacktrace = None\n        if isinstance(status, int):\n            value_json = response.get(\"value\", None)\n            if value_json and isinstance(value_json, str):\n                import json\n    \n                try:\n                    value = json.loads(value_json)\n                    if len(value) == 1:\n                        value = value[\"value\"]\n                    status = value.get(\"error\", None)\n                    if not status:\n                        status = value.get(\"status\", ErrorCode.UNKNOWN_ERROR)\n                        message = value.get(\"value\") or value.get(\"message\")\n                        if not isinstance(message, str):\n                            value = message\n                            message = message.get(\"message\")\n                    else:\n                        message = value.get(\"message\", None)\n                except ValueError:\n                    pass\n    \n        exception_class: Type[WebDriverException]\n        e = ErrorCode()\n        error_codes = [item for item in dir(e) if not item.startswith(\"__\")]\n        for error_code in error_codes:\n            error_info = getattr(ErrorCode, error_code)\n            if isinstance(error_info, list) and status in error_info:\n                exception_class = getattr(ExceptionMapping, error_code, WebDriverException)\n                break\n        else:\n            exception_class = WebDriverException\n    \n        if not value:\n            value = response[\"value\"]\n        if isinstance(value, str):\n            raise exception_class(value)\n        if message == \"\" and \"message\" in value:\n            message = value[\"message\"]\n    \n        screen = None  # type: ignore[assignment]\n        if \"screen\" in value:\n            screen = value[\"screen\"]\n    \n        stacktrace = None\n        st_value = value.get(\"stackTrace\") or value.get(\"stacktrace\")\n        if st_value:\n            if isinstance(st_value, str):\n                stacktrace = st_value.split(\"\\n\")\n            else:\n                stacktrace = []\n                try:\n                    for frame in st_value:\n                        line = frame.get(\"lineNumber\", \"\")\n                        file = frame.get(\"fileName\", \"<anonymous>\")\n                        if line:\n                            file = f\"{file}:{line}\"\n                        meth = frame.get(\"methodName\", \"<anonymous>\")\n                        if \"className\" in frame:\n                            meth = f\"{frame['className']}.{meth}\"\n                        msg = \"    at %s (%s)\"\n                        msg = msg % (meth, file)\n                        stacktrace.append(msg)\n                except TypeError:\n                    pass\n        if exception_class == UnexpectedAlertPresentException:\n            alert_text = None\n            if \"data\" in value:\n                alert_text = value[\"data\"].get(\"text\")\n            elif \"alert\" in value:\n                alert_text = value[\"alert\"].get(\"text\")\n            raise exception_class(message, screen, stacktrace, alert_text)  # type: ignore[call-arg]  # mypy is not smart enough here\n>       raise exception_class(message, screen, stacktrace)\nE       selenium.common.exceptions.SessionNotCreatedException: Message: session not created: Chrome failed to start: exited normally.\nE         (session not created: DevToolsActivePort file doesn't exist)\nE         (The process started from chrome location /usr/bin/google-chrome is no longer running, so ChromeDriver is assuming that Chrome has crashed.)\nE       Stacktrace:\nE       #0 0x558237fc8303 <unknown>\nE       #1 0x558237cad2b7 <unknown>\nE       #2 0x558237ce1b40 <unknown>\nE       #3 0x558237cdd6e5 <unknown>\nE       #4 0x558237d27abc <unknown>\nE       #5 0x558237d1b123 <unknown>\nE       #6 0x558237ceb095 <unknown>\nE       #7 0x558237cec09e <unknown>\nE       #8 0x558237f8c6ab <unknown>\nE       #9 0x558237f904ba <unknown>\nE       #10 0x558237f78f85 <unknown>\nE       #11 0x558237f9112f <unknown>\nE       #12 0x558237f5ce6f <unknown>\nE       #13 0x558237fb55f8 <unknown>\nE       #14 0x558237fb57c2 <unknown>\nE       #15 0x558237fc74a4 <unknown>\nE       #16 0x7fc3ada94ac3 <unknown>\n\n/opt/hostedtoolcache/Python/3.12.2/x64/lib/python3.12/site-packages/selenium/webdriver/remote/errorhandler.py:229: SessionNotCreatedException",
  "flaky" : false,
  "newFailed" : false,
  "beforeStages" : [ {
    "name" : "driver",
    "time" : {
      "start" : 1708805872420,
      "stop" : 1708805872591,
      "duration" : 171
    },
    "status" : "broken",
    "statusMessage" : "selenium.common.exceptions.SessionNotCreatedException: Message: session not created: Chrome failed to start: exited normally.\n  (session not created: DevToolsActivePort file doesn't exist)\n  (The process started from chrome location /usr/bin/google-chrome is no longer running, so ChromeDriver is assuming that Chrome has crashed.)\nStacktrace:\n#0 0x558237fc8303 <unknown>\n#1 0x558237cad2b7 <unknown>\n#2 0x558237ce1b40 <unknown>\n#3 0x558237cdd6e5 <unknown>\n#4 0x558237d27abc <unknown>\n#5 0x558237d1b123 <unknown>\n#6 0x558237ceb095 <unknown>\n#7 0x558237cec09e <unknown>\n#8 0x558237f8c6ab <unknown>\n#9 0x558237f904ba <unknown>\n#10 0x558237f78f85 <unknown>\n#11 0x558237f9112f <unknown>\n#12 0x558237f5ce6f <unknown>\n#13 0x558237fb55f8 <unknown>\n#14 0x558237fb57c2 <unknown>\n#15 0x558237fc74a4 <unknown>\n#16 0x7fc3ada94ac3 <unknown>\n\n",
    "statusTrace" : "  File \"/opt/hostedtoolcache/Python/3.12.2/x64/lib/python3.12/site-packages/pluggy/_callers.py\", line 166, in _multicall\n    teardown.throw(outcome._exception)\n  File \"/opt/hostedtoolcache/Python/3.12.2/x64/lib/python3.12/site-packages/_pytest/setuponly.py\", line 36, in pytest_fixture_setup\n    return (yield)\n            ^^^^^\n  File \"/opt/hostedtoolcache/Python/3.12.2/x64/lib/python3.12/site-packages/pluggy/_callers.py\", line 102, in _multicall\n    res = hook_impl.function(*args)\n          ^^^^^^^^^^^^^^^^^^^^^^^^^\n  File \"/opt/hostedtoolcache/Python/3.12.2/x64/lib/python3.12/site-packages/_pytest/fixtures.py\", line 1149, in pytest_fixture_setup\n    result = call_fixture_func(fixturefunc, request, kwargs)\n             ^^^^^^^^^^^^^^^^^^^^^^^^^^^^^^^^^^^^^^^^^^^^^^^\n  File \"/opt/hostedtoolcache/Python/3.12.2/x64/lib/python3.12/site-packages/_pytest/fixtures.py\", line 916, in call_fixture_func\n    fixture_result = next(generator)\n                     ^^^^^^^^^^^^^^^\n  File \"/home/runner/work/PulseWave/PulseWave/conftest.py\", line 18, in driver\n    driver = webdriver.Chrome(options=chrome_options)\n             ^^^^^^^^^^^^^^^^^^^^^^^^^^^^^^^^^^^^^^^^\n  File \"/opt/hostedtoolcache/Python/3.12.2/x64/lib/python3.12/site-packages/selenium/webdriver/chrome/webdriver.py\", line 45, in __init__\n    super().__init__(\n  File \"/opt/hostedtoolcache/Python/3.12.2/x64/lib/python3.12/site-packages/selenium/webdriver/chromium/webdriver.py\", line 61, in __init__\n    super().__init__(command_executor=executor, options=options)\n  File \"/opt/hostedtoolcache/Python/3.12.2/x64/lib/python3.12/site-packages/selenium/webdriver/remote/webdriver.py\", line 208, in __init__\n    self.start_session(capabilities)\n  File \"/opt/hostedtoolcache/Python/3.12.2/x64/lib/python3.12/site-packages/selenium/webdriver/remote/webdriver.py\", line 292, in start_session\n    response = self.execute(Command.NEW_SESSION, caps)[\"value\"]\n               ^^^^^^^^^^^^^^^^^^^^^^^^^^^^^^^^^^^^^^^\n  File \"/opt/hostedtoolcache/Python/3.12.2/x64/lib/python3.12/site-packages/selenium/webdriver/remote/webdriver.py\", line 347, in execute\n    self.error_handler.check_response(response)\n  File \"/opt/hostedtoolcache/Python/3.12.2/x64/lib/python3.12/site-packages/selenium/webdriver/remote/errorhandler.py\", line 229, in check_response\n    raise exception_class(message, screen, stacktrace)\n",
    "steps" : [ ],
    "attachments" : [ ],
    "parameters" : [ ],
    "stepsCount" : 0,
    "attachmentsCount" : 0,
    "shouldDisplayMessage" : true,
    "hasContent" : true
  }, {
    "name" : "_session_faker",
    "time" : {
      "start" : 1708805607601,
      "stop" : 1708805607618,
      "duration" : 17
    },
    "status" : "passed",
    "steps" : [ ],
    "attachments" : [ ],
    "parameters" : [ ],
    "stepsCount" : 0,
    "attachmentsCount" : 0,
    "shouldDisplayMessage" : false,
    "hasContent" : false
  }, {
    "name" : "clear_allure_results_folder",
    "time" : {
      "start" : 1708805607619,
      "stop" : 1708805607619,
      "duration" : 0
    },
    "status" : "passed",
    "steps" : [ ],
    "attachments" : [ ],
    "parameters" : [ ],
    "stepsCount" : 0,
    "attachmentsCount" : 0,
    "shouldDisplayMessage" : false,
    "hasContent" : false
  } ],
  "afterStages" : [ ],
  "labels" : [ {
    "name" : "epic",
    "value" : "Тестирование страницы 'Войти'"
  }, {
    "name" : "tag",
    "value" : "smoke"
  }, {
    "name" : "parentSuite",
    "value" : "tests.test_login_page"
  }, {
    "name" : "suite",
    "value" : "test_login_page"
  }, {
    "name" : "subSuite",
    "value" : "TestLoginPage"
  }, {
    "name" : "host",
    "value" : "fv-az885-50"
  }, {
    "name" : "thread",
    "value" : "2222-MainThread"
  }, {
    "name" : "framework",
    "value" : "pytest"
  }, {
    "name" : "language",
    "value" : "cpython3"
  }, {
    "name" : "package",
    "value" : "tests.test_login_page.test_login_page"
  }, {
    "name" : "resultFormat",
    "value" : "allure2"
  } ],
  "parameters" : [ {
    "name" : "browser",
    "value" : "'chrome'"
  } ],
  "links" : [ ],
  "hidden" : false,
  "retry" : false,
  "extra" : {
    "severity" : "normal",
    "retries" : [ ],
    "categories" : [ {
      "name" : "Test defects",
      "matchedStatuses" : [ ],
      "flaky" : false
    } ],
    "history" : {
      "statistic" : {
        "failed" : 0,
        "broken" : 1,
        "skipped" : 0,
        "passed" : 18,
        "unknown" : 0,
        "total" : 19
      },
      "items" : [ {
        "uid" : "3c5c38808eec3ed4",
        "reportUrl" : "https://Nat754.github.io/PulseWave/173//#testresult/3c5c38808eec3ed4",
        "status" : "passed",
        "time" : {
          "start" : 1708548152212,
          "stop" : 1708548154403,
          "duration" : 2191
        }
      }, {
        "uid" : "8a0a94c17242a170",
        "reportUrl" : "https://Nat754.github.io/PulseWave/172//#testresult/8a0a94c17242a170",
        "status" : "passed",
        "time" : {
          "start" : 1707851491182,
          "stop" : 1707851493374,
          "duration" : 2192
        }
      }, {
        "uid" : "52066fe7e70ef69b",
        "reportUrl" : "https://Nat754.github.io/PulseWave/171//#testresult/52066fe7e70ef69b",
        "status" : "passed",
        "time" : {
          "start" : 1707494948445,
          "stop" : 1707494950630,
          "duration" : 2185
        }
      }, {
        "uid" : "c3244fa0adc8f92",
        "reportUrl" : "https://Nat754.github.io/PulseWave/171//#testresult/c3244fa0adc8f92",
        "status" : "passed",
        "time" : {
          "start" : 1707480023212,
          "stop" : 1707480025397,
          "duration" : 2185
        }
      }, {
        "uid" : "9a796f43a0447551",
        "reportUrl" : "https://Nat754.github.io/PulseWave/170//#testresult/9a796f43a0447551",
        "status" : "passed",
        "time" : {
          "start" : 1707255368358,
          "stop" : 1707255370539,
          "duration" : 2181
        }
      }, {
        "uid" : "3e415242b3c1f493",
        "reportUrl" : "https://Nat754.github.io/PulseWave/169//#testresult/3e415242b3c1f493",
        "status" : "passed",
        "time" : {
          "start" : 1707252668906,
          "stop" : 1707252671101,
          "duration" : 2195
        }
      }, {
        "uid" : "3cbb907212d5a12b",
        "reportUrl" : "https://Nat754.github.io/PulseWave/169//#testresult/3cbb907212d5a12b",
        "status" : "passed",
        "time" : {
          "start" : 1707245418135,
          "stop" : 1707245420315,
          "duration" : 2180
        }
      }, {
        "uid" : "22d4c2df92f5b4f",
        "reportUrl" : "https://Nat754.github.io/PulseWave/169//#testresult/22d4c2df92f5b4f",
        "status" : "passed",
        "time" : {
          "start" : 1707244376764,
          "stop" : 1707244378958,
          "duration" : 2194
        }
      }, {
        "uid" : "b42bc94715f5315f",
        "reportUrl" : "https://Nat754.github.io/PulseWave/168//#testresult/b42bc94715f5315f",
        "status" : "passed",
        "time" : {
          "start" : 1707241430742,
          "stop" : 1707241432926,
          "duration" : 2184
        }
      }, {
        "uid" : "a1064643c961a473",
        "reportUrl" : "https://Nat754.github.io/PulseWave/167//#testresult/a1064643c961a473",
        "status" : "passed",
        "time" : {
          "start" : 1707239820362,
          "stop" : 1707239822546,
          "duration" : 2184
        }
      }, {
        "uid" : "8d125c399d5c2b9a",
        "reportUrl" : "https://Nat754.github.io/PulseWave/166//#testresult/8d125c399d5c2b9a",
        "status" : "passed",
        "time" : {
          "start" : 1707236136183,
          "stop" : 1707236138370,
          "duration" : 2187
        }
      }, {
        "uid" : "e1707fb5891477aa",
        "reportUrl" : "https://Nat754.github.io/PulseWave/166//#testresult/e1707fb5891477aa",
        "status" : "passed",
        "time" : {
          "start" : 1707220231309,
          "stop" : 1707220233484,
          "duration" : 2175
        }
      }, {
        "uid" : "3f8575ffb15761b6",
        "reportUrl" : "https://Nat754.github.io/PulseWave/166//#testresult/3f8575ffb15761b6",
        "status" : "passed",
        "time" : {
          "start" : 1707218633747,
          "stop" : 1707218635933,
          "duration" : 2186
        }
      }, {
        "uid" : "a13df5766aba8902",
        "reportUrl" : "https://Nat754.github.io/PulseWave/166//#testresult/a13df5766aba8902",
        "status" : "passed",
        "time" : {
          "start" : 1707217677323,
          "stop" : 1707217679506,
          "duration" : 2183
        }
      }, {
        "uid" : "3621dbfc77de110a",
        "reportUrl" : "https://Nat754.github.io/PulseWave/165//#testresult/3621dbfc77de110a",
        "status" : "passed",
        "time" : {
          "start" : 1707216772935,
          "stop" : 1707216775119,
          "duration" : 2184
        }
      }, {
        "uid" : "2e19916228a960b9",
        "reportUrl" : "https://Nat754.github.io/PulseWave/164//#testresult/2e19916228a960b9",
        "status" : "passed",
        "time" : {
          "start" : 1707215098402,
          "stop" : 1707215100587,
          "duration" : 2185
        }
      }, {
        "uid" : "7d83ecf07523574a",
        "reportUrl" : "https://Nat754.github.io/PulseWave/164//#testresult/7d83ecf07523574a",
        "status" : "passed",
        "time" : {
          "start" : 1707211755982,
          "stop" : 1707211758176,
          "duration" : 2194
        }
      }, {
        "uid" : "1948ee98b50655bd",
        "reportUrl" : "https://Nat754.github.io/PulseWave/163//#testresult/1948ee98b50655bd",
        "status" : "passed",
        "time" : {
          "start" : 1707078629555,
          "stop" : 1707078631736,
          "duration" : 2181
        }
      } ]
    },
    "tags" : [ "smoke" ]
  },
  "source" : "b79411bac8cf2a1b.json",
  "parameterValues" : [ "'chrome'" ]
}