{
  "uid" : "cde6eac520cce21b",
  "name" : "1.2 Проверка перехода на страницу 'https://front.pwave.pnpl.tech/auth/signup' по кнопке 'Регистрация'",
  "fullName" : "tests.test_header.test_header.TestHeader#test_get_header_auth_signup",
  "historyId" : "bd3929dc6970248c7ad69d1695ff38a9",
  "time" : {
    "start" : 1708805864897,
    "stop" : 1708805864897,
    "duration" : 0
  },
  "status" : "broken",
  "statusMessage" : "selenium.common.exceptions.SessionNotCreatedException: Message: session not created: Chrome failed to start: exited normally.\n  (session not created: DevToolsActivePort file doesn't exist)\n  (The process started from chrome location /usr/bin/google-chrome is no longer running, so ChromeDriver is assuming that Chrome has crashed.)\nStacktrace:\n#0 0x557a80497303 <unknown>\n#1 0x557a8017c2b7 <unknown>\n#2 0x557a801b0b40 <unknown>\n#3 0x557a801ac6e5 <unknown>\n#4 0x557a801f6abc <unknown>\n#5 0x557a801ea123 <unknown>\n#6 0x557a801ba095 <unknown>\n#7 0x557a801bb09e <unknown>\n#8 0x557a8045b6ab <unknown>\n#9 0x557a8045f4ba <unknown>\n#10 0x557a80447f85 <unknown>\n#11 0x557a8046012f <unknown>\n#12 0x557a8042be6f <unknown>\n#13 0x557a804845f8 <unknown>\n#14 0x557a804847c2 <unknown>\n#15 0x557a804964a4 <unknown>\n#16 0x7f7df0e94ac3 <unknown>",
  "statusTrace" : "browser = 'chrome'\n\n    @pytest.fixture(scope='function')\n    def driver(browser):\n        print(f'\\nstart {browser} browser...')\n        if browser == \"chrome\":\n            chrome_options = ChromeOptions()\n            # chrome_options.add_argument('--headless')\n            chrome_options.add_argument('--start-maximized')\n>           driver = webdriver.Chrome(options=chrome_options)\n\nconftest.py:18: \n_ _ _ _ _ _ _ _ _ _ _ _ _ _ _ _ _ _ _ _ _ _ _ _ _ _ _ _ _ _ _ _ _ _ _ _ _ _ _ _ \n/opt/hostedtoolcache/Python/3.12.2/x64/lib/python3.12/site-packages/selenium/webdriver/chrome/webdriver.py:45: in __init__\n    super().__init__(\n/opt/hostedtoolcache/Python/3.12.2/x64/lib/python3.12/site-packages/selenium/webdriver/chromium/webdriver.py:61: in __init__\n    super().__init__(command_executor=executor, options=options)\n/opt/hostedtoolcache/Python/3.12.2/x64/lib/python3.12/site-packages/selenium/webdriver/remote/webdriver.py:208: in __init__\n    self.start_session(capabilities)\n/opt/hostedtoolcache/Python/3.12.2/x64/lib/python3.12/site-packages/selenium/webdriver/remote/webdriver.py:292: in start_session\n    response = self.execute(Command.NEW_SESSION, caps)[\"value\"]\n/opt/hostedtoolcache/Python/3.12.2/x64/lib/python3.12/site-packages/selenium/webdriver/remote/webdriver.py:347: in execute\n    self.error_handler.check_response(response)\n_ _ _ _ _ _ _ _ _ _ _ _ _ _ _ _ _ _ _ _ _ _ _ _ _ _ _ _ _ _ _ _ _ _ _ _ _ _ _ _ \n\nself = <selenium.webdriver.remote.errorhandler.ErrorHandler object at 0x7f13ac34d6a0>\nresponse = {'status': 500, 'value': '{\"value\":{\"error\":\"session not created\",\"message\":\"session not created: Chrome failed to sta...\\\\n#14 0x557a804847c2 \\\\u003Cunknown>\\\\n#15 0x557a804964a4 \\\\u003Cunknown>\\\\n#16 0x7f7df0e94ac3 \\\\u003Cunknown>\\\\n\"}}'}\n\n    def check_response(self, response: Dict[str, Any]) -> None:\n        \"\"\"Checks that a JSON response from the WebDriver does not have an\n        error.\n    \n        :Args:\n         - response - The JSON response from the WebDriver server as a dictionary\n           object.\n    \n        :Raises: If the response contains an error message.\n        \"\"\"\n        status = response.get(\"status\", None)\n        if not status or status == ErrorCode.SUCCESS:\n            return\n        value = None\n        message = response.get(\"message\", \"\")\n        screen: str = response.get(\"screen\", \"\")\n        stacktrace = None\n        if isinstance(status, int):\n            value_json = response.get(\"value\", None)\n            if value_json and isinstance(value_json, str):\n                import json\n    \n                try:\n                    value = json.loads(value_json)\n                    if len(value) == 1:\n                        value = value[\"value\"]\n                    status = value.get(\"error\", None)\n                    if not status:\n                        status = value.get(\"status\", ErrorCode.UNKNOWN_ERROR)\n                        message = value.get(\"value\") or value.get(\"message\")\n                        if not isinstance(message, str):\n                            value = message\n                            message = message.get(\"message\")\n                    else:\n                        message = value.get(\"message\", None)\n                except ValueError:\n                    pass\n    \n        exception_class: Type[WebDriverException]\n        e = ErrorCode()\n        error_codes = [item for item in dir(e) if not item.startswith(\"__\")]\n        for error_code in error_codes:\n            error_info = getattr(ErrorCode, error_code)\n            if isinstance(error_info, list) and status in error_info:\n                exception_class = getattr(ExceptionMapping, error_code, WebDriverException)\n                break\n        else:\n            exception_class = WebDriverException\n    \n        if not value:\n            value = response[\"value\"]\n        if isinstance(value, str):\n            raise exception_class(value)\n        if message == \"\" and \"message\" in value:\n            message = value[\"message\"]\n    \n        screen = None  # type: ignore[assignment]\n        if \"screen\" in value:\n            screen = value[\"screen\"]\n    \n        stacktrace = None\n        st_value = value.get(\"stackTrace\") or value.get(\"stacktrace\")\n        if st_value:\n            if isinstance(st_value, str):\n                stacktrace = st_value.split(\"\\n\")\n            else:\n                stacktrace = []\n                try:\n                    for frame in st_value:\n                        line = frame.get(\"lineNumber\", \"\")\n                        file = frame.get(\"fileName\", \"<anonymous>\")\n                        if line:\n                            file = f\"{file}:{line}\"\n                        meth = frame.get(\"methodName\", \"<anonymous>\")\n                        if \"className\" in frame:\n                            meth = f\"{frame['className']}.{meth}\"\n                        msg = \"    at %s (%s)\"\n                        msg = msg % (meth, file)\n                        stacktrace.append(msg)\n                except TypeError:\n                    pass\n        if exception_class == UnexpectedAlertPresentException:\n            alert_text = None\n            if \"data\" in value:\n                alert_text = value[\"data\"].get(\"text\")\n            elif \"alert\" in value:\n                alert_text = value[\"alert\"].get(\"text\")\n            raise exception_class(message, screen, stacktrace, alert_text)  # type: ignore[call-arg]  # mypy is not smart enough here\n>       raise exception_class(message, screen, stacktrace)\nE       selenium.common.exceptions.SessionNotCreatedException: Message: session not created: Chrome failed to start: exited normally.\nE         (session not created: DevToolsActivePort file doesn't exist)\nE         (The process started from chrome location /usr/bin/google-chrome is no longer running, so ChromeDriver is assuming that Chrome has crashed.)\nE       Stacktrace:\nE       #0 0x557a80497303 <unknown>\nE       #1 0x557a8017c2b7 <unknown>\nE       #2 0x557a801b0b40 <unknown>\nE       #3 0x557a801ac6e5 <unknown>\nE       #4 0x557a801f6abc <unknown>\nE       #5 0x557a801ea123 <unknown>\nE       #6 0x557a801ba095 <unknown>\nE       #7 0x557a801bb09e <unknown>\nE       #8 0x557a8045b6ab <unknown>\nE       #9 0x557a8045f4ba <unknown>\nE       #10 0x557a80447f85 <unknown>\nE       #11 0x557a8046012f <unknown>\nE       #12 0x557a8042be6f <unknown>\nE       #13 0x557a804845f8 <unknown>\nE       #14 0x557a804847c2 <unknown>\nE       #15 0x557a804964a4 <unknown>\nE       #16 0x7f7df0e94ac3 <unknown>\n\n/opt/hostedtoolcache/Python/3.12.2/x64/lib/python3.12/site-packages/selenium/webdriver/remote/errorhandler.py:229: SessionNotCreatedException",
  "flaky" : false,
  "newFailed" : false,
  "beforeStages" : [ {
    "name" : "_session_faker",
    "time" : {
      "start" : 1708805607601,
      "stop" : 1708805607618,
      "duration" : 17
    },
    "status" : "passed",
    "steps" : [ ],
    "attachments" : [ ],
    "parameters" : [ ],
    "stepsCount" : 0,
    "attachmentsCount" : 0,
    "shouldDisplayMessage" : false,
    "hasContent" : false
  }, {
    "name" : "driver",
    "time" : {
      "start" : 1708805864898,
      "stop" : 1708805865069,
      "duration" : 171
    },
    "status" : "broken",
    "statusMessage" : "selenium.common.exceptions.SessionNotCreatedException: Message: session not created: Chrome failed to start: exited normally.\n  (session not created: DevToolsActivePort file doesn't exist)\n  (The process started from chrome location /usr/bin/google-chrome is no longer running, so ChromeDriver is assuming that Chrome has crashed.)\nStacktrace:\n#0 0x557a80497303 <unknown>\n#1 0x557a8017c2b7 <unknown>\n#2 0x557a801b0b40 <unknown>\n#3 0x557a801ac6e5 <unknown>\n#4 0x557a801f6abc <unknown>\n#5 0x557a801ea123 <unknown>\n#6 0x557a801ba095 <unknown>\n#7 0x557a801bb09e <unknown>\n#8 0x557a8045b6ab <unknown>\n#9 0x557a8045f4ba <unknown>\n#10 0x557a80447f85 <unknown>\n#11 0x557a8046012f <unknown>\n#12 0x557a8042be6f <unknown>\n#13 0x557a804845f8 <unknown>\n#14 0x557a804847c2 <unknown>\n#15 0x557a804964a4 <unknown>\n#16 0x7f7df0e94ac3 <unknown>\n\n",
    "statusTrace" : "  File \"/opt/hostedtoolcache/Python/3.12.2/x64/lib/python3.12/site-packages/pluggy/_callers.py\", line 166, in _multicall\n    teardown.throw(outcome._exception)\n  File \"/opt/hostedtoolcache/Python/3.12.2/x64/lib/python3.12/site-packages/_pytest/setuponly.py\", line 36, in pytest_fixture_setup\n    return (yield)\n            ^^^^^\n  File \"/opt/hostedtoolcache/Python/3.12.2/x64/lib/python3.12/site-packages/pluggy/_callers.py\", line 102, in _multicall\n    res = hook_impl.function(*args)\n          ^^^^^^^^^^^^^^^^^^^^^^^^^\n  File \"/opt/hostedtoolcache/Python/3.12.2/x64/lib/python3.12/site-packages/_pytest/fixtures.py\", line 1149, in pytest_fixture_setup\n    result = call_fixture_func(fixturefunc, request, kwargs)\n             ^^^^^^^^^^^^^^^^^^^^^^^^^^^^^^^^^^^^^^^^^^^^^^^\n  File \"/opt/hostedtoolcache/Python/3.12.2/x64/lib/python3.12/site-packages/_pytest/fixtures.py\", line 916, in call_fixture_func\n    fixture_result = next(generator)\n                     ^^^^^^^^^^^^^^^\n  File \"/home/runner/work/PulseWave/PulseWave/conftest.py\", line 18, in driver\n    driver = webdriver.Chrome(options=chrome_options)\n             ^^^^^^^^^^^^^^^^^^^^^^^^^^^^^^^^^^^^^^^^\n  File \"/opt/hostedtoolcache/Python/3.12.2/x64/lib/python3.12/site-packages/selenium/webdriver/chrome/webdriver.py\", line 45, in __init__\n    super().__init__(\n  File \"/opt/hostedtoolcache/Python/3.12.2/x64/lib/python3.12/site-packages/selenium/webdriver/chromium/webdriver.py\", line 61, in __init__\n    super().__init__(command_executor=executor, options=options)\n  File \"/opt/hostedtoolcache/Python/3.12.2/x64/lib/python3.12/site-packages/selenium/webdriver/remote/webdriver.py\", line 208, in __init__\n    self.start_session(capabilities)\n  File \"/opt/hostedtoolcache/Python/3.12.2/x64/lib/python3.12/site-packages/selenium/webdriver/remote/webdriver.py\", line 292, in start_session\n    response = self.execute(Command.NEW_SESSION, caps)[\"value\"]\n               ^^^^^^^^^^^^^^^^^^^^^^^^^^^^^^^^^^^^^^^\n  File \"/opt/hostedtoolcache/Python/3.12.2/x64/lib/python3.12/site-packages/selenium/webdriver/remote/webdriver.py\", line 347, in execute\n    self.error_handler.check_response(response)\n  File \"/opt/hostedtoolcache/Python/3.12.2/x64/lib/python3.12/site-packages/selenium/webdriver/remote/errorhandler.py\", line 229, in check_response\n    raise exception_class(message, screen, stacktrace)\n",
    "steps" : [ ],
    "attachments" : [ ],
    "parameters" : [ ],
    "stepsCount" : 0,
    "attachmentsCount" : 0,
    "shouldDisplayMessage" : true,
    "hasContent" : true
  }, {
    "name" : "clear_allure_results_folder",
    "time" : {
      "start" : 1708805607619,
      "stop" : 1708805607619,
      "duration" : 0
    },
    "status" : "passed",
    "steps" : [ ],
    "attachments" : [ ],
    "parameters" : [ ],
    "stepsCount" : 0,
    "attachmentsCount" : 0,
    "shouldDisplayMessage" : false,
    "hasContent" : false
  } ],
  "afterStages" : [ ],
  "labels" : [ {
    "name" : "epic",
    "value" : "Тестирование Хедера"
  }, {
    "name" : "tag",
    "value" : "smoke"
  }, {
    "name" : "parentSuite",
    "value" : "tests.test_header"
  }, {
    "name" : "suite",
    "value" : "test_header"
  }, {
    "name" : "subSuite",
    "value" : "TestHeader"
  }, {
    "name" : "host",
    "value" : "fv-az885-50"
  }, {
    "name" : "thread",
    "value" : "2222-MainThread"
  }, {
    "name" : "framework",
    "value" : "pytest"
  }, {
    "name" : "language",
    "value" : "cpython3"
  }, {
    "name" : "package",
    "value" : "tests.test_header.test_header"
  }, {
    "name" : "resultFormat",
    "value" : "allure2"
  } ],
  "parameters" : [ {
    "name" : "browser",
    "value" : "'chrome'"
  }, {
    "name" : "url",
    "value" : "'https://front.pwave.pnpl.tech/auth/login'"
  } ],
  "links" : [ ],
  "hidden" : false,
  "retry" : false,
  "extra" : {
    "severity" : "normal",
    "retries" : [ ],
    "categories" : [ {
      "name" : "Test defects",
      "matchedStatuses" : [ ],
      "flaky" : false
    } ],
    "history" : {
      "statistic" : {
        "failed" : 0,
        "broken" : 1,
        "skipped" : 0,
        "passed" : 18,
        "unknown" : 0,
        "total" : 19
      },
      "items" : [ {
        "uid" : "80cd612e57f9487a",
        "reportUrl" : "https://Nat754.github.io/PulseWave/173//#testresult/80cd612e57f9487a",
        "status" : "passed",
        "time" : {
          "start" : 1708548067790,
          "stop" : 1708548067852,
          "duration" : 62
        }
      }, {
        "uid" : "1f8111a364a60b55",
        "reportUrl" : "https://Nat754.github.io/PulseWave/172//#testresult/1f8111a364a60b55",
        "status" : "passed",
        "time" : {
          "start" : 1707851368961,
          "stop" : 1707851369022,
          "duration" : 61
        }
      }, {
        "uid" : "24af2b3ccabc1a45",
        "reportUrl" : "https://Nat754.github.io/PulseWave/171//#testresult/24af2b3ccabc1a45",
        "status" : "passed",
        "time" : {
          "start" : 1707494862347,
          "stop" : 1707494862412,
          "duration" : 65
        }
      }, {
        "uid" : "2c572577f9cdfd71",
        "reportUrl" : "https://Nat754.github.io/PulseWave/171//#testresult/2c572577f9cdfd71",
        "status" : "passed",
        "time" : {
          "start" : 1707479936849,
          "stop" : 1707479936911,
          "duration" : 62
        }
      }, {
        "uid" : "8c2c9ebf2fb742b3",
        "reportUrl" : "https://Nat754.github.io/PulseWave/170//#testresult/8c2c9ebf2fb742b3",
        "status" : "passed",
        "time" : {
          "start" : 1707255281892,
          "stop" : 1707255281953,
          "duration" : 61
        }
      }, {
        "uid" : "ec0b21f741c36c33",
        "reportUrl" : "https://Nat754.github.io/PulseWave/169//#testresult/ec0b21f741c36c33",
        "status" : "passed",
        "time" : {
          "start" : 1707252605504,
          "stop" : 1707252605568,
          "duration" : 64
        }
      }, {
        "uid" : "63eee7ce95554f95",
        "reportUrl" : "https://Nat754.github.io/PulseWave/169//#testresult/63eee7ce95554f95",
        "status" : "passed",
        "time" : {
          "start" : 1707245331442,
          "stop" : 1707245331502,
          "duration" : 60
        }
      }, {
        "uid" : "f1f6e72d63df387a",
        "reportUrl" : "https://Nat754.github.io/PulseWave/169//#testresult/f1f6e72d63df387a",
        "status" : "passed",
        "time" : {
          "start" : 1707244291920,
          "stop" : 1707244291987,
          "duration" : 67
        }
      }, {
        "uid" : "d45ca6261e81a7ff",
        "reportUrl" : "https://Nat754.github.io/PulseWave/168//#testresult/d45ca6261e81a7ff",
        "status" : "passed",
        "time" : {
          "start" : 1707241368119,
          "stop" : 1707241368181,
          "duration" : 62
        }
      }, {
        "uid" : "21de284110a56136",
        "reportUrl" : "https://Nat754.github.io/PulseWave/167//#testresult/21de284110a56136",
        "status" : "passed",
        "time" : {
          "start" : 1707239732144,
          "stop" : 1707239732206,
          "duration" : 62
        }
      }, {
        "uid" : "e10a2df89a84abcb",
        "reportUrl" : "https://Nat754.github.io/PulseWave/166//#testresult/e10a2df89a84abcb",
        "status" : "passed",
        "time" : {
          "start" : 1707236071362,
          "stop" : 1707236071424,
          "duration" : 62
        }
      }, {
        "uid" : "417597ddf19fa63f",
        "reportUrl" : "https://Nat754.github.io/PulseWave/166//#testresult/417597ddf19fa63f",
        "status" : "passed",
        "time" : {
          "start" : 1707220162778,
          "stop" : 1707220162837,
          "duration" : 59
        }
      }, {
        "uid" : "415db6fd17616fc6",
        "reportUrl" : "https://Nat754.github.io/PulseWave/166//#testresult/415db6fd17616fc6",
        "status" : "passed",
        "time" : {
          "start" : 1707218571115,
          "stop" : 1707218571178,
          "duration" : 63
        }
      }, {
        "uid" : "4231c21175397ee1",
        "reportUrl" : "https://Nat754.github.io/PulseWave/166//#testresult/4231c21175397ee1",
        "status" : "passed",
        "time" : {
          "start" : 1707217612523,
          "stop" : 1707217612585,
          "duration" : 62
        }
      }, {
        "uid" : "1b3fba3d278371f0",
        "reportUrl" : "https://Nat754.github.io/PulseWave/165//#testresult/1b3fba3d278371f0",
        "status" : "passed",
        "time" : {
          "start" : 1707216709564,
          "stop" : 1707216709623,
          "duration" : 59
        }
      }, {
        "uid" : "895cd16657f0c40d",
        "reportUrl" : "https://Nat754.github.io/PulseWave/164//#testresult/895cd16657f0c40d",
        "status" : "passed",
        "time" : {
          "start" : 1707215031997,
          "stop" : 1707215032060,
          "duration" : 63
        }
      }, {
        "uid" : "6f9c04735c4e45c5",
        "reportUrl" : "https://Nat754.github.io/PulseWave/164//#testresult/6f9c04735c4e45c5",
        "status" : "passed",
        "time" : {
          "start" : 1707211669284,
          "stop" : 1707211669346,
          "duration" : 62
        }
      }, {
        "uid" : "dc757aa56500d9c",
        "reportUrl" : "https://Nat754.github.io/PulseWave/163//#testresult/dc757aa56500d9c",
        "status" : "passed",
        "time" : {
          "start" : 1707078565065,
          "stop" : 1707078565124,
          "duration" : 59
        }
      } ]
    },
    "tags" : [ "smoke" ]
  },
  "source" : "cde6eac520cce21b.json",
  "parameterValues" : [ "'chrome'", "'https://front.pwave.pnpl.tech/auth/login'" ]
}