{
  "uid" : "d0ea07bf6c7cf8ad",
  "name" : "test_get_css_property_footer_license[font-family-Mulish, sans-serif-\\u0448\\u0440\\u0438\\u0444\\u0442\\u0430-https://front.pwave.pnpl.tech/auth/signup-chrome]",
  "fullName" : "tests.test_footer.test_footer.TestFooter#test_get_css_property_footer_license",
  "historyId" : "d9b76eb3e4ba2f4cc444a3b2fe3a4848",
  "time" : {
    "start" : 1708805856355,
    "stop" : 1708805856355,
    "duration" : 0
  },
  "status" : "broken",
  "statusMessage" : "selenium.common.exceptions.SessionNotCreatedException: Message: session not created: Chrome failed to start: exited normally.\n  (session not created: DevToolsActivePort file doesn't exist)\n  (The process started from chrome location /usr/bin/google-chrome is no longer running, so ChromeDriver is assuming that Chrome has crashed.)\nStacktrace:\n#0 0x562237fe4303 <unknown>\n#1 0x562237cc92b7 <unknown>\n#2 0x562237cfdb40 <unknown>\n#3 0x562237cf96e5 <unknown>\n#4 0x562237d43abc <unknown>\n#5 0x562237d37123 <unknown>\n#6 0x562237d07095 <unknown>\n#7 0x562237d0809e <unknown>\n#8 0x562237fa86ab <unknown>\n#9 0x562237fac4ba <unknown>\n#10 0x562237f94f85 <unknown>\n#11 0x562237fad12f <unknown>\n#12 0x562237f78e6f <unknown>\n#13 0x562237fd15f8 <unknown>\n#14 0x562237fd17c2 <unknown>\n#15 0x562237fe34a4 <unknown>\n#16 0x7f1a8d494ac3 <unknown>",
  "statusTrace" : "browser = 'chrome'\n\n    @pytest.fixture(scope='function')\n    def driver(browser):\n        print(f'\\nstart {browser} browser...')\n        if browser == \"chrome\":\n            chrome_options = ChromeOptions()\n            # chrome_options.add_argument('--headless')\n            chrome_options.add_argument('--start-maximized')\n>           driver = webdriver.Chrome(options=chrome_options)\n\nconftest.py:18: \n_ _ _ _ _ _ _ _ _ _ _ _ _ _ _ _ _ _ _ _ _ _ _ _ _ _ _ _ _ _ _ _ _ _ _ _ _ _ _ _ \n/opt/hostedtoolcache/Python/3.12.2/x64/lib/python3.12/site-packages/selenium/webdriver/chrome/webdriver.py:45: in __init__\n    super().__init__(\n/opt/hostedtoolcache/Python/3.12.2/x64/lib/python3.12/site-packages/selenium/webdriver/chromium/webdriver.py:61: in __init__\n    super().__init__(command_executor=executor, options=options)\n/opt/hostedtoolcache/Python/3.12.2/x64/lib/python3.12/site-packages/selenium/webdriver/remote/webdriver.py:208: in __init__\n    self.start_session(capabilities)\n/opt/hostedtoolcache/Python/3.12.2/x64/lib/python3.12/site-packages/selenium/webdriver/remote/webdriver.py:292: in start_session\n    response = self.execute(Command.NEW_SESSION, caps)[\"value\"]\n/opt/hostedtoolcache/Python/3.12.2/x64/lib/python3.12/site-packages/selenium/webdriver/remote/webdriver.py:347: in execute\n    self.error_handler.check_response(response)\n_ _ _ _ _ _ _ _ _ _ _ _ _ _ _ _ _ _ _ _ _ _ _ _ _ _ _ _ _ _ _ _ _ _ _ _ _ _ _ _ \n\nself = <selenium.webdriver.remote.errorhandler.ErrorHandler object at 0x7f13ac327620>\nresponse = {'status': 500, 'value': '{\"value\":{\"error\":\"session not created\",\"message\":\"session not created: Chrome failed to sta...\\\\n#14 0x562237fd17c2 \\\\u003Cunknown>\\\\n#15 0x562237fe34a4 \\\\u003Cunknown>\\\\n#16 0x7f1a8d494ac3 \\\\u003Cunknown>\\\\n\"}}'}\n\n    def check_response(self, response: Dict[str, Any]) -> None:\n        \"\"\"Checks that a JSON response from the WebDriver does not have an\n        error.\n    \n        :Args:\n         - response - The JSON response from the WebDriver server as a dictionary\n           object.\n    \n        :Raises: If the response contains an error message.\n        \"\"\"\n        status = response.get(\"status\", None)\n        if not status or status == ErrorCode.SUCCESS:\n            return\n        value = None\n        message = response.get(\"message\", \"\")\n        screen: str = response.get(\"screen\", \"\")\n        stacktrace = None\n        if isinstance(status, int):\n            value_json = response.get(\"value\", None)\n            if value_json and isinstance(value_json, str):\n                import json\n    \n                try:\n                    value = json.loads(value_json)\n                    if len(value) == 1:\n                        value = value[\"value\"]\n                    status = value.get(\"error\", None)\n                    if not status:\n                        status = value.get(\"status\", ErrorCode.UNKNOWN_ERROR)\n                        message = value.get(\"value\") or value.get(\"message\")\n                        if not isinstance(message, str):\n                            value = message\n                            message = message.get(\"message\")\n                    else:\n                        message = value.get(\"message\", None)\n                except ValueError:\n                    pass\n    \n        exception_class: Type[WebDriverException]\n        e = ErrorCode()\n        error_codes = [item for item in dir(e) if not item.startswith(\"__\")]\n        for error_code in error_codes:\n            error_info = getattr(ErrorCode, error_code)\n            if isinstance(error_info, list) and status in error_info:\n                exception_class = getattr(ExceptionMapping, error_code, WebDriverException)\n                break\n        else:\n            exception_class = WebDriverException\n    \n        if not value:\n            value = response[\"value\"]\n        if isinstance(value, str):\n            raise exception_class(value)\n        if message == \"\" and \"message\" in value:\n            message = value[\"message\"]\n    \n        screen = None  # type: ignore[assignment]\n        if \"screen\" in value:\n            screen = value[\"screen\"]\n    \n        stacktrace = None\n        st_value = value.get(\"stackTrace\") or value.get(\"stacktrace\")\n        if st_value:\n            if isinstance(st_value, str):\n                stacktrace = st_value.split(\"\\n\")\n            else:\n                stacktrace = []\n                try:\n                    for frame in st_value:\n                        line = frame.get(\"lineNumber\", \"\")\n                        file = frame.get(\"fileName\", \"<anonymous>\")\n                        if line:\n                            file = f\"{file}:{line}\"\n                        meth = frame.get(\"methodName\", \"<anonymous>\")\n                        if \"className\" in frame:\n                            meth = f\"{frame['className']}.{meth}\"\n                        msg = \"    at %s (%s)\"\n                        msg = msg % (meth, file)\n                        stacktrace.append(msg)\n                except TypeError:\n                    pass\n        if exception_class == UnexpectedAlertPresentException:\n            alert_text = None\n            if \"data\" in value:\n                alert_text = value[\"data\"].get(\"text\")\n            elif \"alert\" in value:\n                alert_text = value[\"alert\"].get(\"text\")\n            raise exception_class(message, screen, stacktrace, alert_text)  # type: ignore[call-arg]  # mypy is not smart enough here\n>       raise exception_class(message, screen, stacktrace)\nE       selenium.common.exceptions.SessionNotCreatedException: Message: session not created: Chrome failed to start: exited normally.\nE         (session not created: DevToolsActivePort file doesn't exist)\nE         (The process started from chrome location /usr/bin/google-chrome is no longer running, so ChromeDriver is assuming that Chrome has crashed.)\nE       Stacktrace:\nE       #0 0x562237fe4303 <unknown>\nE       #1 0x562237cc92b7 <unknown>\nE       #2 0x562237cfdb40 <unknown>\nE       #3 0x562237cf96e5 <unknown>\nE       #4 0x562237d43abc <unknown>\nE       #5 0x562237d37123 <unknown>\nE       #6 0x562237d07095 <unknown>\nE       #7 0x562237d0809e <unknown>\nE       #8 0x562237fa86ab <unknown>\nE       #9 0x562237fac4ba <unknown>\nE       #10 0x562237f94f85 <unknown>\nE       #11 0x562237fad12f <unknown>\nE       #12 0x562237f78e6f <unknown>\nE       #13 0x562237fd15f8 <unknown>\nE       #14 0x562237fd17c2 <unknown>\nE       #15 0x562237fe34a4 <unknown>\nE       #16 0x7f1a8d494ac3 <unknown>\n\n/opt/hostedtoolcache/Python/3.12.2/x64/lib/python3.12/site-packages/selenium/webdriver/remote/errorhandler.py:229: SessionNotCreatedException",
  "flaky" : false,
  "newFailed" : false,
  "beforeStages" : [ {
    "name" : "_session_faker",
    "time" : {
      "start" : 1708805607601,
      "stop" : 1708805607618,
      "duration" : 17
    },
    "status" : "passed",
    "steps" : [ ],
    "attachments" : [ ],
    "parameters" : [ ],
    "stepsCount" : 0,
    "attachmentsCount" : 0,
    "shouldDisplayMessage" : false,
    "hasContent" : false
  }, {
    "name" : "clear_allure_results_folder",
    "time" : {
      "start" : 1708805607619,
      "stop" : 1708805607619,
      "duration" : 0
    },
    "status" : "passed",
    "steps" : [ ],
    "attachments" : [ ],
    "parameters" : [ ],
    "stepsCount" : 0,
    "attachmentsCount" : 0,
    "shouldDisplayMessage" : false,
    "hasContent" : false
  }, {
    "name" : "driver",
    "time" : {
      "start" : 1708805856356,
      "stop" : 1708805856528,
      "duration" : 172
    },
    "status" : "broken",
    "statusMessage" : "selenium.common.exceptions.SessionNotCreatedException: Message: session not created: Chrome failed to start: exited normally.\n  (session not created: DevToolsActivePort file doesn't exist)\n  (The process started from chrome location /usr/bin/google-chrome is no longer running, so ChromeDriver is assuming that Chrome has crashed.)\nStacktrace:\n#0 0x562237fe4303 <unknown>\n#1 0x562237cc92b7 <unknown>\n#2 0x562237cfdb40 <unknown>\n#3 0x562237cf96e5 <unknown>\n#4 0x562237d43abc <unknown>\n#5 0x562237d37123 <unknown>\n#6 0x562237d07095 <unknown>\n#7 0x562237d0809e <unknown>\n#8 0x562237fa86ab <unknown>\n#9 0x562237fac4ba <unknown>\n#10 0x562237f94f85 <unknown>\n#11 0x562237fad12f <unknown>\n#12 0x562237f78e6f <unknown>\n#13 0x562237fd15f8 <unknown>\n#14 0x562237fd17c2 <unknown>\n#15 0x562237fe34a4 <unknown>\n#16 0x7f1a8d494ac3 <unknown>\n\n",
    "statusTrace" : "  File \"/opt/hostedtoolcache/Python/3.12.2/x64/lib/python3.12/site-packages/pluggy/_callers.py\", line 166, in _multicall\n    teardown.throw(outcome._exception)\n  File \"/opt/hostedtoolcache/Python/3.12.2/x64/lib/python3.12/site-packages/_pytest/setuponly.py\", line 36, in pytest_fixture_setup\n    return (yield)\n            ^^^^^\n  File \"/opt/hostedtoolcache/Python/3.12.2/x64/lib/python3.12/site-packages/pluggy/_callers.py\", line 102, in _multicall\n    res = hook_impl.function(*args)\n          ^^^^^^^^^^^^^^^^^^^^^^^^^\n  File \"/opt/hostedtoolcache/Python/3.12.2/x64/lib/python3.12/site-packages/_pytest/fixtures.py\", line 1149, in pytest_fixture_setup\n    result = call_fixture_func(fixturefunc, request, kwargs)\n             ^^^^^^^^^^^^^^^^^^^^^^^^^^^^^^^^^^^^^^^^^^^^^^^\n  File \"/opt/hostedtoolcache/Python/3.12.2/x64/lib/python3.12/site-packages/_pytest/fixtures.py\", line 916, in call_fixture_func\n    fixture_result = next(generator)\n                     ^^^^^^^^^^^^^^^\n  File \"/home/runner/work/PulseWave/PulseWave/conftest.py\", line 18, in driver\n    driver = webdriver.Chrome(options=chrome_options)\n             ^^^^^^^^^^^^^^^^^^^^^^^^^^^^^^^^^^^^^^^^\n  File \"/opt/hostedtoolcache/Python/3.12.2/x64/lib/python3.12/site-packages/selenium/webdriver/chrome/webdriver.py\", line 45, in __init__\n    super().__init__(\n  File \"/opt/hostedtoolcache/Python/3.12.2/x64/lib/python3.12/site-packages/selenium/webdriver/chromium/webdriver.py\", line 61, in __init__\n    super().__init__(command_executor=executor, options=options)\n  File \"/opt/hostedtoolcache/Python/3.12.2/x64/lib/python3.12/site-packages/selenium/webdriver/remote/webdriver.py\", line 208, in __init__\n    self.start_session(capabilities)\n  File \"/opt/hostedtoolcache/Python/3.12.2/x64/lib/python3.12/site-packages/selenium/webdriver/remote/webdriver.py\", line 292, in start_session\n    response = self.execute(Command.NEW_SESSION, caps)[\"value\"]\n               ^^^^^^^^^^^^^^^^^^^^^^^^^^^^^^^^^^^^^^^\n  File \"/opt/hostedtoolcache/Python/3.12.2/x64/lib/python3.12/site-packages/selenium/webdriver/remote/webdriver.py\", line 347, in execute\n    self.error_handler.check_response(response)\n  File \"/opt/hostedtoolcache/Python/3.12.2/x64/lib/python3.12/site-packages/selenium/webdriver/remote/errorhandler.py\", line 229, in check_response\n    raise exception_class(message, screen, stacktrace)\n",
    "steps" : [ ],
    "attachments" : [ ],
    "parameters" : [ ],
    "stepsCount" : 0,
    "attachmentsCount" : 0,
    "shouldDisplayMessage" : true,
    "hasContent" : true
  } ],
  "afterStages" : [ ],
  "labels" : [ {
    "name" : "epic",
    "value" : "Тестирование Футера"
  }, {
    "name" : "tag",
    "value" : "regress"
  }, {
    "name" : "parentSuite",
    "value" : "tests.test_footer"
  }, {
    "name" : "suite",
    "value" : "test_footer"
  }, {
    "name" : "subSuite",
    "value" : "TestFooter"
  }, {
    "name" : "host",
    "value" : "fv-az885-50"
  }, {
    "name" : "thread",
    "value" : "2222-MainThread"
  }, {
    "name" : "framework",
    "value" : "pytest"
  }, {
    "name" : "language",
    "value" : "cpython3"
  }, {
    "name" : "package",
    "value" : "tests.test_footer.test_footer"
  }, {
    "name" : "resultFormat",
    "value" : "allure2"
  } ],
  "parameters" : [ {
    "name" : "browser",
    "value" : "'chrome'"
  }, {
    "name" : "css_property",
    "value" : "'font-family'"
  }, {
    "name" : "figma",
    "value" : "'Mulish, sans-serif'"
  }, {
    "name" : "name",
    "value" : "'шрифта'"
  }, {
    "name" : "url",
    "value" : "'https://front.pwave.pnpl.tech/auth/signup'"
  } ],
  "links" : [ ],
  "hidden" : false,
  "retry" : false,
  "extra" : {
    "severity" : "normal",
    "retries" : [ ],
    "categories" : [ {
      "name" : "Test defects",
      "matchedStatuses" : [ ],
      "flaky" : false
    } ],
    "history" : {
      "statistic" : {
        "failed" : 0,
        "broken" : 1,
        "skipped" : 0,
        "passed" : 18,
        "unknown" : 0,
        "total" : 19
      },
      "items" : [ {
        "uid" : "1e222b5ea4bf5fe5",
        "reportUrl" : "https://Nat754.github.io/PulseWave/173//#testresult/1e222b5ea4bf5fe5",
        "status" : "passed",
        "time" : {
          "start" : 1708547973486,
          "stop" : 1708547973518,
          "duration" : 32
        }
      }, {
        "uid" : "5a665bf9e5c2398a",
        "reportUrl" : "https://Nat754.github.io/PulseWave/172//#testresult/5a665bf9e5c2398a",
        "status" : "passed",
        "time" : {
          "start" : 1707851234994,
          "stop" : 1707851235027,
          "duration" : 33
        }
      }, {
        "uid" : "4d2e46510afcaa7d",
        "reportUrl" : "https://Nat754.github.io/PulseWave/171//#testresult/4d2e46510afcaa7d",
        "status" : "passed",
        "time" : {
          "start" : 1707494768683,
          "stop" : 1707494768718,
          "duration" : 35
        }
      }, {
        "uid" : "f8dded67e47e0741",
        "reportUrl" : "https://Nat754.github.io/PulseWave/171//#testresult/f8dded67e47e0741",
        "status" : "passed",
        "time" : {
          "start" : 1707479833957,
          "stop" : 1707479833989,
          "duration" : 32
        }
      }, {
        "uid" : "429697953bcf8339",
        "reportUrl" : "https://Nat754.github.io/PulseWave/170//#testresult/429697953bcf8339",
        "status" : "passed",
        "time" : {
          "start" : 1707255187429,
          "stop" : 1707255187462,
          "duration" : 33
        }
      }, {
        "uid" : "64902ea08919e218",
        "reportUrl" : "https://Nat754.github.io/PulseWave/169//#testresult/64902ea08919e218",
        "status" : "passed",
        "time" : {
          "start" : 1707252535997,
          "stop" : 1707252536032,
          "duration" : 35
        }
      }, {
        "uid" : "eed2de1042bf9b49",
        "reportUrl" : "https://Nat754.github.io/PulseWave/169//#testresult/eed2de1042bf9b49",
        "status" : "passed",
        "time" : {
          "start" : 1707245240911,
          "stop" : 1707245240944,
          "duration" : 33
        }
      }, {
        "uid" : "320ccdc3a098ca93",
        "reportUrl" : "https://Nat754.github.io/PulseWave/169//#testresult/320ccdc3a098ca93",
        "status" : "passed",
        "time" : {
          "start" : 1707244199293,
          "stop" : 1707244199327,
          "duration" : 34
        }
      }, {
        "uid" : "6db41c918d592296",
        "reportUrl" : "https://Nat754.github.io/PulseWave/168//#testresult/6db41c918d592296",
        "status" : "passed",
        "time" : {
          "start" : 1707241299868,
          "stop" : 1707241299899,
          "duration" : 31
        }
      }, {
        "uid" : "208f59b7643bcae7",
        "reportUrl" : "https://Nat754.github.io/PulseWave/167//#testresult/208f59b7643bcae7",
        "status" : "passed",
        "time" : {
          "start" : 1707239638349,
          "stop" : 1707239638381,
          "duration" : 32
        }
      }, {
        "uid" : "c585dc32264f6cff",
        "reportUrl" : "https://Nat754.github.io/PulseWave/166//#testresult/c585dc32264f6cff",
        "status" : "passed",
        "time" : {
          "start" : 1707236001271,
          "stop" : 1707236001303,
          "duration" : 32
        }
      }, {
        "uid" : "d435245f702246dc",
        "reportUrl" : "https://Nat754.github.io/PulseWave/166//#testresult/d435245f702246dc",
        "status" : "passed",
        "time" : {
          "start" : 1707220088886,
          "stop" : 1707220088917,
          "duration" : 31
        }
      }, {
        "uid" : "31ef581840cbe386",
        "reportUrl" : "https://Nat754.github.io/PulseWave/166//#testresult/31ef581840cbe386",
        "status" : "passed",
        "time" : {
          "start" : 1707218502798,
          "stop" : 1707218502830,
          "duration" : 32
        }
      }, {
        "uid" : "e4383ac3b48d941b",
        "reportUrl" : "https://Nat754.github.io/PulseWave/166//#testresult/e4383ac3b48d941b",
        "status" : "passed",
        "time" : {
          "start" : 1707217542631,
          "stop" : 1707217542664,
          "duration" : 33
        }
      }, {
        "uid" : "6ba443c8550c6640",
        "reportUrl" : "https://Nat754.github.io/PulseWave/165//#testresult/6ba443c8550c6640",
        "status" : "passed",
        "time" : {
          "start" : 1707216640749,
          "stop" : 1707216640782,
          "duration" : 33
        }
      }, {
        "uid" : "1f8d1ddd514e2858",
        "reportUrl" : "https://Nat754.github.io/PulseWave/164//#testresult/1f8d1ddd514e2858",
        "status" : "passed",
        "time" : {
          "start" : 1707214963130,
          "stop" : 1707214963162,
          "duration" : 32
        }
      }, {
        "uid" : "27c5eb65d588d95f",
        "reportUrl" : "https://Nat754.github.io/PulseWave/164//#testresult/27c5eb65d588d95f",
        "status" : "passed",
        "time" : {
          "start" : 1707211575555,
          "stop" : 1707211575588,
          "duration" : 33
        }
      }, {
        "uid" : "ba7eb9a49631eb1f",
        "reportUrl" : "https://Nat754.github.io/PulseWave/163//#testresult/ba7eb9a49631eb1f",
        "status" : "passed",
        "time" : {
          "start" : 1707078495166,
          "stop" : 1707078495198,
          "duration" : 32
        }
      } ]
    },
    "tags" : [ "regress" ]
  },
  "source" : "d0ea07bf6c7cf8ad.json",
  "parameterValues" : [ "'chrome'", "'font-family'", "'Mulish, sans-serif'", "'шрифта'", "'https://front.pwave.pnpl.tech/auth/signup'" ]
}