{
  "uid" : "ebe6d96006db3223",
  "name" : "1.27 Окно регистрации сообщение 'Я согласен получать новости и обновления PulseWave'",
  "fullName" : "tests.test_signup_page.test_signup_page.TestSignupPage#test_signup_message_pulsewave_policy",
  "historyId" : "541f5f62764d08a6ee917bcb89ce264c",
  "time" : {
    "start" : 1708805883966,
    "stop" : 1708805883966,
    "duration" : 0
  },
  "status" : "broken",
  "statusMessage" : "selenium.common.exceptions.SessionNotCreatedException: Message: session not created: Chrome failed to start: exited normally.\n  (session not created: DevToolsActivePort file doesn't exist)\n  (The process started from chrome location /usr/bin/google-chrome is no longer running, so ChromeDriver is assuming that Chrome has crashed.)\nStacktrace:\n#0 0x555e922e6303 <unknown>\n#1 0x555e91fcb2b7 <unknown>\n#2 0x555e91fffb40 <unknown>\n#3 0x555e91ffb6e5 <unknown>\n#4 0x555e92045abc <unknown>\n#5 0x555e92039123 <unknown>\n#6 0x555e92009095 <unknown>\n#7 0x555e9200a09e <unknown>\n#8 0x555e922aa6ab <unknown>\n#9 0x555e922ae4ba <unknown>\n#10 0x555e92296f85 <unknown>\n#11 0x555e922af12f <unknown>\n#12 0x555e9227ae6f <unknown>\n#13 0x555e922d35f8 <unknown>\n#14 0x555e922d37c2 <unknown>\n#15 0x555e922e54a4 <unknown>\n#16 0x7efe92e94ac3 <unknown>",
  "statusTrace" : "browser = 'chrome'\n\n    @pytest.fixture(scope='function')\n    def driver(browser):\n        print(f'\\nstart {browser} browser...')\n        if browser == \"chrome\":\n            chrome_options = ChromeOptions()\n            # chrome_options.add_argument('--headless')\n            chrome_options.add_argument('--start-maximized')\n>           driver = webdriver.Chrome(options=chrome_options)\n\nconftest.py:18: \n_ _ _ _ _ _ _ _ _ _ _ _ _ _ _ _ _ _ _ _ _ _ _ _ _ _ _ _ _ _ _ _ _ _ _ _ _ _ _ _ \n/opt/hostedtoolcache/Python/3.12.2/x64/lib/python3.12/site-packages/selenium/webdriver/chrome/webdriver.py:45: in __init__\n    super().__init__(\n/opt/hostedtoolcache/Python/3.12.2/x64/lib/python3.12/site-packages/selenium/webdriver/chromium/webdriver.py:61: in __init__\n    super().__init__(command_executor=executor, options=options)\n/opt/hostedtoolcache/Python/3.12.2/x64/lib/python3.12/site-packages/selenium/webdriver/remote/webdriver.py:208: in __init__\n    self.start_session(capabilities)\n/opt/hostedtoolcache/Python/3.12.2/x64/lib/python3.12/site-packages/selenium/webdriver/remote/webdriver.py:292: in start_session\n    response = self.execute(Command.NEW_SESSION, caps)[\"value\"]\n/opt/hostedtoolcache/Python/3.12.2/x64/lib/python3.12/site-packages/selenium/webdriver/remote/webdriver.py:347: in execute\n    self.error_handler.check_response(response)\n_ _ _ _ _ _ _ _ _ _ _ _ _ _ _ _ _ _ _ _ _ _ _ _ _ _ _ _ _ _ _ _ _ _ _ _ _ _ _ _ \n\nself = <selenium.webdriver.remote.errorhandler.ErrorHandler object at 0x7f13ac3670b0>\nresponse = {'status': 500, 'value': '{\"value\":{\"error\":\"session not created\",\"message\":\"session not created: Chrome failed to sta...\\\\n#14 0x555e922d37c2 \\\\u003Cunknown>\\\\n#15 0x555e922e54a4 \\\\u003Cunknown>\\\\n#16 0x7efe92e94ac3 \\\\u003Cunknown>\\\\n\"}}'}\n\n    def check_response(self, response: Dict[str, Any]) -> None:\n        \"\"\"Checks that a JSON response from the WebDriver does not have an\n        error.\n    \n        :Args:\n         - response - The JSON response from the WebDriver server as a dictionary\n           object.\n    \n        :Raises: If the response contains an error message.\n        \"\"\"\n        status = response.get(\"status\", None)\n        if not status or status == ErrorCode.SUCCESS:\n            return\n        value = None\n        message = response.get(\"message\", \"\")\n        screen: str = response.get(\"screen\", \"\")\n        stacktrace = None\n        if isinstance(status, int):\n            value_json = response.get(\"value\", None)\n            if value_json and isinstance(value_json, str):\n                import json\n    \n                try:\n                    value = json.loads(value_json)\n                    if len(value) == 1:\n                        value = value[\"value\"]\n                    status = value.get(\"error\", None)\n                    if not status:\n                        status = value.get(\"status\", ErrorCode.UNKNOWN_ERROR)\n                        message = value.get(\"value\") or value.get(\"message\")\n                        if not isinstance(message, str):\n                            value = message\n                            message = message.get(\"message\")\n                    else:\n                        message = value.get(\"message\", None)\n                except ValueError:\n                    pass\n    \n        exception_class: Type[WebDriverException]\n        e = ErrorCode()\n        error_codes = [item for item in dir(e) if not item.startswith(\"__\")]\n        for error_code in error_codes:\n            error_info = getattr(ErrorCode, error_code)\n            if isinstance(error_info, list) and status in error_info:\n                exception_class = getattr(ExceptionMapping, error_code, WebDriverException)\n                break\n        else:\n            exception_class = WebDriverException\n    \n        if not value:\n            value = response[\"value\"]\n        if isinstance(value, str):\n            raise exception_class(value)\n        if message == \"\" and \"message\" in value:\n            message = value[\"message\"]\n    \n        screen = None  # type: ignore[assignment]\n        if \"screen\" in value:\n            screen = value[\"screen\"]\n    \n        stacktrace = None\n        st_value = value.get(\"stackTrace\") or value.get(\"stacktrace\")\n        if st_value:\n            if isinstance(st_value, str):\n                stacktrace = st_value.split(\"\\n\")\n            else:\n                stacktrace = []\n                try:\n                    for frame in st_value:\n                        line = frame.get(\"lineNumber\", \"\")\n                        file = frame.get(\"fileName\", \"<anonymous>\")\n                        if line:\n                            file = f\"{file}:{line}\"\n                        meth = frame.get(\"methodName\", \"<anonymous>\")\n                        if \"className\" in frame:\n                            meth = f\"{frame['className']}.{meth}\"\n                        msg = \"    at %s (%s)\"\n                        msg = msg % (meth, file)\n                        stacktrace.append(msg)\n                except TypeError:\n                    pass\n        if exception_class == UnexpectedAlertPresentException:\n            alert_text = None\n            if \"data\" in value:\n                alert_text = value[\"data\"].get(\"text\")\n            elif \"alert\" in value:\n                alert_text = value[\"alert\"].get(\"text\")\n            raise exception_class(message, screen, stacktrace, alert_text)  # type: ignore[call-arg]  # mypy is not smart enough here\n>       raise exception_class(message, screen, stacktrace)\nE       selenium.common.exceptions.SessionNotCreatedException: Message: session not created: Chrome failed to start: exited normally.\nE         (session not created: DevToolsActivePort file doesn't exist)\nE         (The process started from chrome location /usr/bin/google-chrome is no longer running, so ChromeDriver is assuming that Chrome has crashed.)\nE       Stacktrace:\nE       #0 0x555e922e6303 <unknown>\nE       #1 0x555e91fcb2b7 <unknown>\nE       #2 0x555e91fffb40 <unknown>\nE       #3 0x555e91ffb6e5 <unknown>\nE       #4 0x555e92045abc <unknown>\nE       #5 0x555e92039123 <unknown>\nE       #6 0x555e92009095 <unknown>\nE       #7 0x555e9200a09e <unknown>\nE       #8 0x555e922aa6ab <unknown>\nE       #9 0x555e922ae4ba <unknown>\nE       #10 0x555e92296f85 <unknown>\nE       #11 0x555e922af12f <unknown>\nE       #12 0x555e9227ae6f <unknown>\nE       #13 0x555e922d35f8 <unknown>\nE       #14 0x555e922d37c2 <unknown>\nE       #15 0x555e922e54a4 <unknown>\nE       #16 0x7efe92e94ac3 <unknown>\n\n/opt/hostedtoolcache/Python/3.12.2/x64/lib/python3.12/site-packages/selenium/webdriver/remote/errorhandler.py:229: SessionNotCreatedException",
  "flaky" : false,
  "newFailed" : false,
  "beforeStages" : [ {
    "name" : "_session_faker",
    "time" : {
      "start" : 1708805607601,
      "stop" : 1708805607618,
      "duration" : 17
    },
    "status" : "passed",
    "steps" : [ ],
    "attachments" : [ ],
    "parameters" : [ ],
    "stepsCount" : 0,
    "attachmentsCount" : 0,
    "shouldDisplayMessage" : false,
    "hasContent" : false
  }, {
    "name" : "clear_allure_results_folder",
    "time" : {
      "start" : 1708805607619,
      "stop" : 1708805607619,
      "duration" : 0
    },
    "status" : "passed",
    "steps" : [ ],
    "attachments" : [ ],
    "parameters" : [ ],
    "stepsCount" : 0,
    "attachmentsCount" : 0,
    "shouldDisplayMessage" : false,
    "hasContent" : false
  }, {
    "name" : "driver",
    "time" : {
      "start" : 1708805883966,
      "stop" : 1708805884137,
      "duration" : 171
    },
    "status" : "broken",
    "statusMessage" : "selenium.common.exceptions.SessionNotCreatedException: Message: session not created: Chrome failed to start: exited normally.\n  (session not created: DevToolsActivePort file doesn't exist)\n  (The process started from chrome location /usr/bin/google-chrome is no longer running, so ChromeDriver is assuming that Chrome has crashed.)\nStacktrace:\n#0 0x555e922e6303 <unknown>\n#1 0x555e91fcb2b7 <unknown>\n#2 0x555e91fffb40 <unknown>\n#3 0x555e91ffb6e5 <unknown>\n#4 0x555e92045abc <unknown>\n#5 0x555e92039123 <unknown>\n#6 0x555e92009095 <unknown>\n#7 0x555e9200a09e <unknown>\n#8 0x555e922aa6ab <unknown>\n#9 0x555e922ae4ba <unknown>\n#10 0x555e92296f85 <unknown>\n#11 0x555e922af12f <unknown>\n#12 0x555e9227ae6f <unknown>\n#13 0x555e922d35f8 <unknown>\n#14 0x555e922d37c2 <unknown>\n#15 0x555e922e54a4 <unknown>\n#16 0x7efe92e94ac3 <unknown>\n\n",
    "statusTrace" : "  File \"/opt/hostedtoolcache/Python/3.12.2/x64/lib/python3.12/site-packages/pluggy/_callers.py\", line 166, in _multicall\n    teardown.throw(outcome._exception)\n  File \"/opt/hostedtoolcache/Python/3.12.2/x64/lib/python3.12/site-packages/_pytest/setuponly.py\", line 36, in pytest_fixture_setup\n    return (yield)\n            ^^^^^\n  File \"/opt/hostedtoolcache/Python/3.12.2/x64/lib/python3.12/site-packages/pluggy/_callers.py\", line 102, in _multicall\n    res = hook_impl.function(*args)\n          ^^^^^^^^^^^^^^^^^^^^^^^^^\n  File \"/opt/hostedtoolcache/Python/3.12.2/x64/lib/python3.12/site-packages/_pytest/fixtures.py\", line 1149, in pytest_fixture_setup\n    result = call_fixture_func(fixturefunc, request, kwargs)\n             ^^^^^^^^^^^^^^^^^^^^^^^^^^^^^^^^^^^^^^^^^^^^^^^\n  File \"/opt/hostedtoolcache/Python/3.12.2/x64/lib/python3.12/site-packages/_pytest/fixtures.py\", line 916, in call_fixture_func\n    fixture_result = next(generator)\n                     ^^^^^^^^^^^^^^^\n  File \"/home/runner/work/PulseWave/PulseWave/conftest.py\", line 18, in driver\n    driver = webdriver.Chrome(options=chrome_options)\n             ^^^^^^^^^^^^^^^^^^^^^^^^^^^^^^^^^^^^^^^^\n  File \"/opt/hostedtoolcache/Python/3.12.2/x64/lib/python3.12/site-packages/selenium/webdriver/chrome/webdriver.py\", line 45, in __init__\n    super().__init__(\n  File \"/opt/hostedtoolcache/Python/3.12.2/x64/lib/python3.12/site-packages/selenium/webdriver/chromium/webdriver.py\", line 61, in __init__\n    super().__init__(command_executor=executor, options=options)\n  File \"/opt/hostedtoolcache/Python/3.12.2/x64/lib/python3.12/site-packages/selenium/webdriver/remote/webdriver.py\", line 208, in __init__\n    self.start_session(capabilities)\n  File \"/opt/hostedtoolcache/Python/3.12.2/x64/lib/python3.12/site-packages/selenium/webdriver/remote/webdriver.py\", line 292, in start_session\n    response = self.execute(Command.NEW_SESSION, caps)[\"value\"]\n               ^^^^^^^^^^^^^^^^^^^^^^^^^^^^^^^^^^^^^^^\n  File \"/opt/hostedtoolcache/Python/3.12.2/x64/lib/python3.12/site-packages/selenium/webdriver/remote/webdriver.py\", line 347, in execute\n    self.error_handler.check_response(response)\n  File \"/opt/hostedtoolcache/Python/3.12.2/x64/lib/python3.12/site-packages/selenium/webdriver/remote/errorhandler.py\", line 229, in check_response\n    raise exception_class(message, screen, stacktrace)\n",
    "steps" : [ ],
    "attachments" : [ ],
    "parameters" : [ ],
    "stepsCount" : 0,
    "attachmentsCount" : 0,
    "shouldDisplayMessage" : true,
    "hasContent" : true
  } ],
  "afterStages" : [ ],
  "labels" : [ {
    "name" : "epic",
    "value" : "Тестирование страницы 'Регистрация'"
  }, {
    "name" : "tag",
    "value" : "smoke"
  }, {
    "name" : "parentSuite",
    "value" : "tests.test_signup_page"
  }, {
    "name" : "suite",
    "value" : "test_signup_page"
  }, {
    "name" : "subSuite",
    "value" : "TestSignupPage"
  }, {
    "name" : "host",
    "value" : "fv-az885-50"
  }, {
    "name" : "thread",
    "value" : "2222-MainThread"
  }, {
    "name" : "framework",
    "value" : "pytest"
  }, {
    "name" : "language",
    "value" : "cpython3"
  }, {
    "name" : "package",
    "value" : "tests.test_signup_page.test_signup_page"
  }, {
    "name" : "resultFormat",
    "value" : "allure2"
  } ],
  "parameters" : [ {
    "name" : "browser",
    "value" : "'chrome'"
  } ],
  "links" : [ ],
  "hidden" : false,
  "retry" : false,
  "extra" : {
    "severity" : "normal",
    "retries" : [ ],
    "categories" : [ {
      "name" : "Test defects",
      "matchedStatuses" : [ ],
      "flaky" : false
    } ],
    "history" : {
      "statistic" : {
        "failed" : 0,
        "broken" : 1,
        "skipped" : 0,
        "passed" : 18,
        "unknown" : 0,
        "total" : 19
      },
      "items" : [ {
        "uid" : "2852e11ebadc0848",
        "reportUrl" : "https://Nat754.github.io/PulseWave/173//#testresult/2852e11ebadc0848",
        "status" : "passed",
        "time" : {
          "start" : 1708548342451,
          "stop" : 1708548342508,
          "duration" : 57
        }
      }, {
        "uid" : "d99ac5007a8f9235",
        "reportUrl" : "https://Nat754.github.io/PulseWave/172//#testresult/d99ac5007a8f9235",
        "status" : "passed",
        "time" : {
          "start" : 1707851760521,
          "stop" : 1707851760577,
          "duration" : 56
        }
      }, {
        "uid" : "81b5c1a9f8124e6b",
        "reportUrl" : "https://Nat754.github.io/PulseWave/171//#testresult/81b5c1a9f8124e6b",
        "status" : "passed",
        "time" : {
          "start" : 1707495141465,
          "stop" : 1707495141519,
          "duration" : 54
        }
      }, {
        "uid" : "102aecfedcf42697",
        "reportUrl" : "https://Nat754.github.io/PulseWave/171//#testresult/102aecfedcf42697",
        "status" : "passed",
        "time" : {
          "start" : 1707480219234,
          "stop" : 1707480219289,
          "duration" : 55
        }
      }, {
        "uid" : "a54e90a6e01e706d",
        "reportUrl" : "https://Nat754.github.io/PulseWave/170//#testresult/a54e90a6e01e706d",
        "status" : "passed",
        "time" : {
          "start" : 1707255563761,
          "stop" : 1707255563816,
          "duration" : 55
        }
      }, {
        "uid" : "c3c4376e30e16f9a",
        "reportUrl" : "https://Nat754.github.io/PulseWave/169//#testresult/c3c4376e30e16f9a",
        "status" : "passed",
        "time" : {
          "start" : 1707252834644,
          "stop" : 1707252834704,
          "duration" : 60
        }
      }, {
        "uid" : "397397b1a1fb5598",
        "reportUrl" : "https://Nat754.github.io/PulseWave/169//#testresult/397397b1a1fb5598",
        "status" : "passed",
        "time" : {
          "start" : 1707245732522,
          "stop" : 1707245732576,
          "duration" : 54
        }
      }, {
        "uid" : "c041b7b5e5501944",
        "reportUrl" : "https://Nat754.github.io/PulseWave/169//#testresult/c041b7b5e5501944",
        "status" : "passed",
        "time" : {
          "start" : 1707244576117,
          "stop" : 1707244576177,
          "duration" : 60
        }
      }, {
        "uid" : "3a2bd0f522851acd",
        "reportUrl" : "https://Nat754.github.io/PulseWave/168//#testresult/3a2bd0f522851acd",
        "status" : "passed",
        "time" : {
          "start" : 1707241586307,
          "stop" : 1707241586361,
          "duration" : 54
        }
      }, {
        "uid" : "fe45c589c71b12",
        "reportUrl" : "https://Nat754.github.io/PulseWave/167//#testresult/fe45c589c71b12",
        "status" : "passed",
        "time" : {
          "start" : 1707240131073,
          "stop" : 1707240131128,
          "duration" : 55
        }
      }, {
        "uid" : "484eb4365442e9a",
        "reportUrl" : "https://Nat754.github.io/PulseWave/166//#testresult/484eb4365442e9a",
        "status" : "passed",
        "time" : {
          "start" : 1707236314849,
          "stop" : 1707236314906,
          "duration" : 57
        }
      }, {
        "uid" : "182f714bd2144f83",
        "reportUrl" : "https://Nat754.github.io/PulseWave/166//#testresult/182f714bd2144f83",
        "status" : "passed",
        "time" : {
          "start" : 1707220514088,
          "stop" : 1707220514142,
          "duration" : 54
        }
      }, {
        "uid" : "bfc7e911a541ef33",
        "reportUrl" : "https://Nat754.github.io/PulseWave/166//#testresult/bfc7e911a541ef33",
        "status" : "passed",
        "time" : {
          "start" : 1707218773101,
          "stop" : 1707218773154,
          "duration" : 53
        }
      }, {
        "uid" : "d1d105b7a832d17f",
        "reportUrl" : "https://Nat754.github.io/PulseWave/166//#testresult/d1d105b7a832d17f",
        "status" : "passed",
        "time" : {
          "start" : 1707217945484,
          "stop" : 1707217945537,
          "duration" : 53
        }
      }, {
        "uid" : "ce6579e27d0f4071",
        "reportUrl" : "https://Nat754.github.io/PulseWave/165//#testresult/ce6579e27d0f4071",
        "status" : "passed",
        "time" : {
          "start" : 1707216904143,
          "stop" : 1707216904197,
          "duration" : 54
        }
      }, {
        "uid" : "e33101ae99312c87",
        "reportUrl" : "https://Nat754.github.io/PulseWave/164//#testresult/e33101ae99312c87",
        "status" : "passed",
        "time" : {
          "start" : 1707215370082,
          "stop" : 1707215370137,
          "duration" : 55
        }
      }, {
        "uid" : "4ce8ff5763e30057",
        "reportUrl" : "https://Nat754.github.io/PulseWave/164//#testresult/4ce8ff5763e30057",
        "status" : "passed",
        "time" : {
          "start" : 1707211969265,
          "stop" : 1707211969325,
          "duration" : 60
        }
      }, {
        "uid" : "f77ec3661f04859b",
        "reportUrl" : "https://Nat754.github.io/PulseWave/163//#testresult/f77ec3661f04859b",
        "status" : "passed",
        "time" : {
          "start" : 1707078760861,
          "stop" : 1707078760916,
          "duration" : 55
        }
      } ]
    },
    "tags" : [ "smoke" ]
  },
  "source" : "ebe6d96006db3223.json",
  "parameterValues" : [ "'chrome'" ]
}