{
  "uid" : "3e247e2afbceb53d",
  "name" : "1.23 Регистрация с корректными email и паролем без согласия на подписку",
  "fullName" : "tests.test_signup_page.test_signup_page.TestSignupPage#test_signup_with_correct_email_and_password",
  "historyId" : "a88141a3f07444f200b9b46dcc4041fe",
  "time" : {
    "start" : 1707244539518,
    "stop" : 1707244560148,
    "duration" : 20630
  },
  "status" : "broken",
  "statusMessage" : "selenium.common.exceptions.TimeoutException: Message: \nStacktrace:\n#0 0x55bf68bf5d93 <unknown>\n#1 0x55bf688d9337 <unknown>\n#2 0x55bf68924d60 <unknown>\n#3 0x55bf68924e51 <unknown>\n#4 0x55bf68968bc4 <unknown>\n#5 0x55bf6894746d <unknown>\n#6 0x55bf6896612d <unknown>\n#7 0x55bf689471e3 <unknown>\n#8 0x55bf68917135 <unknown>\n#9 0x55bf6891813e <unknown>\n#10 0x55bf68bb9e4b <unknown>\n#11 0x55bf68bbddfa <unknown>\n#12 0x55bf68ba66d5 <unknown>\n#13 0x55bf68bbea6f <unknown>\n#14 0x55bf68b8a69f <unknown>\n#15 0x55bf68be3098 <unknown>\n#16 0x55bf68be3262 <unknown>\n#17 0x55bf68bf4f34 <unknown>\n#18 0x7fc28be94ac3 <unknown>",
  "statusTrace" : "self = <tests.test_signup_page.test_signup_page.TestSignupPage object at 0x7fa9a460b710>\nsignup_page_open = <pages.signup_page.SignUpPage object at 0x7fa9a46371d0>\ndriver = <selenium.webdriver.chrome.webdriver.WebDriver (session=\"b5a9ab5c22950c87f91cdf76b6dafd4c\")>\n\n    @allure.title(\"1.23 Регистрация с корректными email и паролем без согласия на подписку\")\n    @pytest.mark.smoke\n    def test_signup_with_correct_email_and_password(self, signup_page_open, driver):\n        with allure.step('Заполнить поле email корректными данными'):\n            signup_page_open.put_data_to_email_field(email1)\n        with allure.step('Заполнить поле пароль сильным паролем'):\n            signup_page_open.put_data_to_password_field(password0)\n        with allure.step('Заполнить поле подтверждение пароля сильным паролем'):\n            signup_page_open.put_data_to_confirm_password_field(password0)\n        signup_page_open.click_button_registration()\n>       element = signup_page_open.get_send_invite_message()\n\ntests/test_signup_page/test_signup_page.py:127: \n_ _ _ _ _ _ _ _ _ _ _ _ _ _ _ _ _ _ _ _ _ _ _ _ _ _ _ _ _ _ _ _ _ _ _ _ _ _ _ _ \npages/signup_page.py:87: in get_send_invite_message\n    return self.element_is_visible(self.locator.SEND_INVITE_EMAIL)\npages/base_page.py:19: in element_is_visible\n    self.go_to_element(self.element_is_present(locator))\npages/base_page.py:35: in element_is_present\n    return Wait(self.driver, self.timeout).until(es.presence_of_element_located(locator))\n_ _ _ _ _ _ _ _ _ _ _ _ _ _ _ _ _ _ _ _ _ _ _ _ _ _ _ _ _ _ _ _ _ _ _ _ _ _ _ _ \n\nself = <selenium.webdriver.support.wait.WebDriverWait (session=\"b5a9ab5c22950c87f91cdf76b6dafd4c\")>\nmethod = <function presence_of_element_located.<locals>._predicate at 0x7fa9a2c5dda0>\nmessage = ''\n\n    def until(self, method: Callable[[D], Union[Literal[False], T]], message: str = \"\") -> T:\n        \"\"\"Calls the method provided with the driver as an argument until the \\\n        return value does not evaluate to ``False``.\n    \n        :param method: callable(WebDriver)\n        :param message: optional message for :exc:`TimeoutException`\n        :returns: the result of the last call to `method`\n        :raises: :exc:`selenium.common.exceptions.TimeoutException` if timeout occurs\n        \"\"\"\n        screen = None\n        stacktrace = None\n    \n        end_time = time.monotonic() + self._timeout\n        while True:\n            try:\n                value = method(self._driver)\n                if value:\n                    return value\n            except self._ignored_exceptions as exc:\n                screen = getattr(exc, \"screen\", None)\n                stacktrace = getattr(exc, \"stacktrace\", None)\n            time.sleep(self._poll)\n            if time.monotonic() > end_time:\n                break\n>       raise TimeoutException(message, screen, stacktrace)\nE       selenium.common.exceptions.TimeoutException: Message: \nE       Stacktrace:\nE       #0 0x55bf68bf5d93 <unknown>\nE       #1 0x55bf688d9337 <unknown>\nE       #2 0x55bf68924d60 <unknown>\nE       #3 0x55bf68924e51 <unknown>\nE       #4 0x55bf68968bc4 <unknown>\nE       #5 0x55bf6894746d <unknown>\nE       #6 0x55bf6896612d <unknown>\nE       #7 0x55bf689471e3 <unknown>\nE       #8 0x55bf68917135 <unknown>\nE       #9 0x55bf6891813e <unknown>\nE       #10 0x55bf68bb9e4b <unknown>\nE       #11 0x55bf68bbddfa <unknown>\nE       #12 0x55bf68ba66d5 <unknown>\nE       #13 0x55bf68bbea6f <unknown>\nE       #14 0x55bf68b8a69f <unknown>\nE       #15 0x55bf68be3098 <unknown>\nE       #16 0x55bf68be3262 <unknown>\nE       #17 0x55bf68bf4f34 <unknown>\nE       #18 0x7fc28be94ac3 <unknown>\n\n/opt/hostedtoolcache/Python/3.12.1/x64/lib/python3.12/site-packages/selenium/webdriver/support/wait.py:105: TimeoutException",
  "flaky" : false,
  "newFailed" : false,
  "beforeStages" : [ {
    "name" : "clear_allure_results_folder",
    "time" : {
      "start" : 1707243766437,
      "stop" : 1707243766437,
      "duration" : 0
    },
    "status" : "passed",
    "steps" : [ ],
    "attachments" : [ ],
    "parameters" : [ ],
    "stepsCount" : 0,
    "attachmentsCount" : 0,
    "shouldDisplayMessage" : false,
    "hasContent" : false
  }, {
    "name" : "_session_faker",
    "time" : {
      "start" : 1707243766418,
      "stop" : 1707243766437,
      "duration" : 19
    },
    "status" : "passed",
    "steps" : [ ],
    "attachments" : [ ],
    "parameters" : [ ],
    "stepsCount" : 0,
    "attachmentsCount" : 0,
    "shouldDisplayMessage" : false,
    "hasContent" : false
  }, {
    "name" : "signup_page_open",
    "time" : {
      "start" : 1707244537543,
      "stop" : 1707244539517,
      "duration" : 1974
    },
    "status" : "passed",
    "steps" : [ {
      "name" : "Проверка видимости кнопки 'Принимаю все' в сообщении о принятии файлов cookie",
      "time" : {
        "start" : 1707244539457,
        "stop" : 1707244539488,
        "duration" : 31
      },
      "status" : "passed",
      "steps" : [ ],
      "attachments" : [ ],
      "parameters" : [ ],
      "stepsCount" : 0,
      "attachmentsCount" : 0,
      "shouldDisplayMessage" : false,
      "hasContent" : false
    } ],
    "attachments" : [ ],
    "parameters" : [ ],
    "stepsCount" : 1,
    "attachmentsCount" : 0,
    "shouldDisplayMessage" : false,
    "hasContent" : true
  }, {
    "name" : "driver",
    "time" : {
      "start" : 1707244537365,
      "stop" : 1707244537543,
      "duration" : 178
    },
    "status" : "passed",
    "steps" : [ ],
    "attachments" : [ ],
    "parameters" : [ ],
    "stepsCount" : 0,
    "attachmentsCount" : 0,
    "shouldDisplayMessage" : false,
    "hasContent" : false
  } ],
  "testStage" : {
    "status" : "broken",
    "statusMessage" : "selenium.common.exceptions.TimeoutException: Message: \nStacktrace:\n#0 0x55bf68bf5d93 <unknown>\n#1 0x55bf688d9337 <unknown>\n#2 0x55bf68924d60 <unknown>\n#3 0x55bf68924e51 <unknown>\n#4 0x55bf68968bc4 <unknown>\n#5 0x55bf6894746d <unknown>\n#6 0x55bf6896612d <unknown>\n#7 0x55bf689471e3 <unknown>\n#8 0x55bf68917135 <unknown>\n#9 0x55bf6891813e <unknown>\n#10 0x55bf68bb9e4b <unknown>\n#11 0x55bf68bbddfa <unknown>\n#12 0x55bf68ba66d5 <unknown>\n#13 0x55bf68bbea6f <unknown>\n#14 0x55bf68b8a69f <unknown>\n#15 0x55bf68be3098 <unknown>\n#16 0x55bf68be3262 <unknown>\n#17 0x55bf68bf4f34 <unknown>\n#18 0x7fc28be94ac3 <unknown>",
    "statusTrace" : "self = <tests.test_signup_page.test_signup_page.TestSignupPage object at 0x7fa9a460b710>\nsignup_page_open = <pages.signup_page.SignUpPage object at 0x7fa9a46371d0>\ndriver = <selenium.webdriver.chrome.webdriver.WebDriver (session=\"b5a9ab5c22950c87f91cdf76b6dafd4c\")>\n\n    @allure.title(\"1.23 Регистрация с корректными email и паролем без согласия на подписку\")\n    @pytest.mark.smoke\n    def test_signup_with_correct_email_and_password(self, signup_page_open, driver):\n        with allure.step('Заполнить поле email корректными данными'):\n            signup_page_open.put_data_to_email_field(email1)\n        with allure.step('Заполнить поле пароль сильным паролем'):\n            signup_page_open.put_data_to_password_field(password0)\n        with allure.step('Заполнить поле подтверждение пароля сильным паролем'):\n            signup_page_open.put_data_to_confirm_password_field(password0)\n        signup_page_open.click_button_registration()\n>       element = signup_page_open.get_send_invite_message()\n\ntests/test_signup_page/test_signup_page.py:127: \n_ _ _ _ _ _ _ _ _ _ _ _ _ _ _ _ _ _ _ _ _ _ _ _ _ _ _ _ _ _ _ _ _ _ _ _ _ _ _ _ \npages/signup_page.py:87: in get_send_invite_message\n    return self.element_is_visible(self.locator.SEND_INVITE_EMAIL)\npages/base_page.py:19: in element_is_visible\n    self.go_to_element(self.element_is_present(locator))\npages/base_page.py:35: in element_is_present\n    return Wait(self.driver, self.timeout).until(es.presence_of_element_located(locator))\n_ _ _ _ _ _ _ _ _ _ _ _ _ _ _ _ _ _ _ _ _ _ _ _ _ _ _ _ _ _ _ _ _ _ _ _ _ _ _ _ \n\nself = <selenium.webdriver.support.wait.WebDriverWait (session=\"b5a9ab5c22950c87f91cdf76b6dafd4c\")>\nmethod = <function presence_of_element_located.<locals>._predicate at 0x7fa9a2c5dda0>\nmessage = ''\n\n    def until(self, method: Callable[[D], Union[Literal[False], T]], message: str = \"\") -> T:\n        \"\"\"Calls the method provided with the driver as an argument until the \\\n        return value does not evaluate to ``False``.\n    \n        :param method: callable(WebDriver)\n        :param message: optional message for :exc:`TimeoutException`\n        :returns: the result of the last call to `method`\n        :raises: :exc:`selenium.common.exceptions.TimeoutException` if timeout occurs\n        \"\"\"\n        screen = None\n        stacktrace = None\n    \n        end_time = time.monotonic() + self._timeout\n        while True:\n            try:\n                value = method(self._driver)\n                if value:\n                    return value\n            except self._ignored_exceptions as exc:\n                screen = getattr(exc, \"screen\", None)\n                stacktrace = getattr(exc, \"stacktrace\", None)\n            time.sleep(self._poll)\n            if time.monotonic() > end_time:\n                break\n>       raise TimeoutException(message, screen, stacktrace)\nE       selenium.common.exceptions.TimeoutException: Message: \nE       Stacktrace:\nE       #0 0x55bf68bf5d93 <unknown>\nE       #1 0x55bf688d9337 <unknown>\nE       #2 0x55bf68924d60 <unknown>\nE       #3 0x55bf68924e51 <unknown>\nE       #4 0x55bf68968bc4 <unknown>\nE       #5 0x55bf6894746d <unknown>\nE       #6 0x55bf6896612d <unknown>\nE       #7 0x55bf689471e3 <unknown>\nE       #8 0x55bf68917135 <unknown>\nE       #9 0x55bf6891813e <unknown>\nE       #10 0x55bf68bb9e4b <unknown>\nE       #11 0x55bf68bbddfa <unknown>\nE       #12 0x55bf68ba66d5 <unknown>\nE       #13 0x55bf68bbea6f <unknown>\nE       #14 0x55bf68b8a69f <unknown>\nE       #15 0x55bf68be3098 <unknown>\nE       #16 0x55bf68be3262 <unknown>\nE       #17 0x55bf68bf4f34 <unknown>\nE       #18 0x7fc28be94ac3 <unknown>\n\n/opt/hostedtoolcache/Python/3.12.1/x64/lib/python3.12/site-packages/selenium/webdriver/support/wait.py:105: TimeoutException",
    "steps" : [ {
      "name" : "Заполнить поле email корректными данными",
      "time" : {
        "start" : 1707244539518,
        "stop" : 1707244539598,
        "duration" : 80
      },
      "status" : "passed",
      "steps" : [ ],
      "attachments" : [ ],
      "parameters" : [ ],
      "stepsCount" : 0,
      "attachmentsCount" : 0,
      "shouldDisplayMessage" : false,
      "hasContent" : false
    }, {
      "name" : "Заполнить поле пароль сильным паролем",
      "time" : {
        "start" : 1707244539598,
        "stop" : 1707244539657,
        "duration" : 59
      },
      "status" : "passed",
      "steps" : [ ],
      "attachments" : [ ],
      "parameters" : [ ],
      "stepsCount" : 0,
      "attachmentsCount" : 0,
      "shouldDisplayMessage" : false,
      "hasContent" : false
    }, {
      "name" : "Заполнить поле подтверждение пароля сильным паролем",
      "time" : {
        "start" : 1707244539657,
        "stop" : 1707244539715,
        "duration" : 58
      },
      "status" : "passed",
      "steps" : [ ],
      "attachments" : [ ],
      "parameters" : [ ],
      "stepsCount" : 0,
      "attachmentsCount" : 0,
      "shouldDisplayMessage" : false,
      "hasContent" : false
    }, {
      "name" : "Нажать кнопку 'Регистрация'",
      "time" : {
        "start" : 1707244539715,
        "stop" : 1707244539768,
        "duration" : 53
      },
      "status" : "passed",
      "steps" : [ ],
      "attachments" : [ ],
      "parameters" : [ ],
      "stepsCount" : 0,
      "attachmentsCount" : 0,
      "shouldDisplayMessage" : false,
      "hasContent" : false
    }, {
      "name" : "Получено сообщения о подтверждении регистрации",
      "time" : {
        "start" : 1707244539768,
        "stop" : 1707244560147,
        "duration" : 20379
      },
      "status" : "broken",
      "statusMessage" : "selenium.common.exceptions.TimeoutException: Message: \nStacktrace:\n#0 0x55bf68bf5d93 <unknown>\n#1 0x55bf688d9337 <unknown>\n#2 0x55bf68924d60 <unknown>\n#3 0x55bf68924e51 <unknown>\n#4 0x55bf68968bc4 <unknown>\n#5 0x55bf6894746d <unknown>\n#6 0x55bf6896612d <unknown>\n#7 0x55bf689471e3 <unknown>\n#8 0x55bf68917135 <unknown>\n#9 0x55bf6891813e <unknown>\n#10 0x55bf68bb9e4b <unknown>\n#11 0x55bf68bbddfa <unknown>\n#12 0x55bf68ba66d5 <unknown>\n#13 0x55bf68bbea6f <unknown>\n#14 0x55bf68b8a69f <unknown>\n#15 0x55bf68be3098 <unknown>\n#16 0x55bf68be3262 <unknown>\n#17 0x55bf68bf4f34 <unknown>\n#18 0x7fc28be94ac3 <unknown>\n\n",
      "statusTrace" : "  File \"/opt/hostedtoolcache/Python/3.12.1/x64/lib/python3.12/site-packages/allure_commons/_allure.py\", line 192, in impl\n    return func(*a, **kw)\n           ^^^^^^^^^^^^^^\n  File \"/home/runner/work/PulseWave/PulseWave/pages/signup_page.py\", line 87, in get_send_invite_message\n    return self.element_is_visible(self.locator.SEND_INVITE_EMAIL)\n           ^^^^^^^^^^^^^^^^^^^^^^^^^^^^^^^^^^^^^^^^^^^^^^^^^^^^^^^\n  File \"/home/runner/work/PulseWave/PulseWave/pages/base_page.py\", line 19, in element_is_visible\n    self.go_to_element(self.element_is_present(locator))\n                       ^^^^^^^^^^^^^^^^^^^^^^^^^^^^^^^^\n  File \"/home/runner/work/PulseWave/PulseWave/pages/base_page.py\", line 35, in element_is_present\n    return Wait(self.driver, self.timeout).until(es.presence_of_element_located(locator))\n           ^^^^^^^^^^^^^^^^^^^^^^^^^^^^^^^^^^^^^^^^^^^^^^^^^^^^^^^^^^^^^^^^^^^^^^^^^^^^^^\n  File \"/opt/hostedtoolcache/Python/3.12.1/x64/lib/python3.12/site-packages/selenium/webdriver/support/wait.py\", line 105, in until\n    raise TimeoutException(message, screen, stacktrace)\n",
      "steps" : [ ],
      "attachments" : [ ],
      "parameters" : [ ],
      "stepsCount" : 0,
      "attachmentsCount" : 0,
      "shouldDisplayMessage" : true,
      "hasContent" : true
    } ],
    "attachments" : [ {
      "uid" : "e6dd94c2665dd68e",
      "name" : "Screenshot",
      "source" : "e6dd94c2665dd68e.png",
      "type" : "image/png",
      "size" : 62874
    }, {
      "uid" : "27ec44a36a3933fc",
      "name" : "HTML source",
      "source" : "27ec44a36a3933fc.html",
      "type" : "text/html",
      "size" : 99456
    } ],
    "parameters" : [ ],
    "stepsCount" : 5,
    "attachmentsCount" : 2,
    "shouldDisplayMessage" : true,
    "hasContent" : true
  },
  "afterStages" : [ {
    "name" : "driver::0",
    "time" : {
      "start" : 1707244560219,
      "stop" : 1707244560278,
      "duration" : 59
    },
    "status" : "passed",
    "steps" : [ ],
    "attachments" : [ ],
    "parameters" : [ ],
    "stepsCount" : 0,
    "attachmentsCount" : 0,
    "shouldDisplayMessage" : false,
    "hasContent" : false
  } ],
  "labels" : [ {
    "name" : "epic",
    "value" : "Тестирование страницы 'Регистрация'"
  }, {
    "name" : "tag",
    "value" : "smoke"
  }, {
    "name" : "parentSuite",
    "value" : "tests.test_signup_page"
  }, {
    "name" : "suite",
    "value" : "test_signup_page"
  }, {
    "name" : "subSuite",
    "value" : "TestSignupPage"
  }, {
    "name" : "host",
    "value" : "fv-az1269-505"
  }, {
    "name" : "thread",
    "value" : "2293-MainThread"
  }, {
    "name" : "framework",
    "value" : "pytest"
  }, {
    "name" : "language",
    "value" : "cpython3"
  }, {
    "name" : "package",
    "value" : "tests.test_signup_page.test_signup_page"
  }, {
    "name" : "resultFormat",
    "value" : "allure2"
  } ],
  "parameters" : [ {
    "name" : "browser",
    "value" : "'chrome'"
  } ],
  "links" : [ ],
  "hidden" : false,
  "retry" : false,
  "extra" : {
    "severity" : "normal",
    "retries" : [ ],
    "categories" : [ {
      "name" : "Test defects",
      "matchedStatuses" : [ ],
      "flaky" : false
    } ],
    "history" : {
      "statistic" : {
        "failed" : 0,
        "broken" : 7,
        "skipped" : 0,
        "passed" : 4,
        "unknown" : 0,
        "total" : 11
      },
      "items" : [ {
        "uid" : "304c8eee59108886",
        "reportUrl" : "https://Nat754.github.io/PulseWave/168//#testresult/304c8eee59108886",
        "status" : "broken",
        "statusDetails" : "selenium.common.exceptions.TimeoutException: Message: \nStacktrace:\n#0 0x556aeaed6d93 <unknown>\n#1 0x556aeabba337 <unknown>\n#2 0x556aeac05d60 <unknown>\n#3 0x556aeac05e51 <unknown>\n#4 0x556aeac49bc4 <unknown>\n#5 0x556aeac2846d <unknown>\n#6 0x556aeac4712d <unknown>\n#7 0x556aeac281e3 <unknown>\n#8 0x556aeabf8135 <unknown>\n#9 0x556aeabf913e <unknown>\n#10 0x556aeae9ae4b <unknown>\n#11 0x556aeae9edfa <unknown>\n#12 0x556aeae876d5 <unknown>\n#13 0x556aeae9fa6f <unknown>\n#14 0x556aeae6b69f <unknown>\n#15 0x556aeaec4098 <unknown>\n#16 0x556aeaec4262 <unknown>\n#17 0x556aeaed5f34 <unknown>\n#18 0x7ff4cf894ac3 <unknown>",
        "time" : {
          "start" : 1707241552279,
          "stop" : 1707241572862,
          "duration" : 20583
        }
      }, {
        "uid" : "c27e975d98c918ff",
        "reportUrl" : "https://Nat754.github.io/PulseWave/167//#testresult/c27e975d98c918ff",
        "status" : "broken",
        "statusDetails" : "selenium.common.exceptions.TimeoutException: Message: \nStacktrace:\n#0 0x5602b7a66d93 <unknown>\n#1 0x5602b774a337 <unknown>\n#2 0x5602b7795d60 <unknown>\n#3 0x5602b7795e51 <unknown>\n#4 0x5602b77d9bc4 <unknown>\n#5 0x5602b77b846d <unknown>\n#6 0x5602b77d712d <unknown>\n#7 0x5602b77b81e3 <unknown>\n#8 0x5602b7788135 <unknown>\n#9 0x5602b778913e <unknown>\n#10 0x5602b7a2ae4b <unknown>\n#11 0x5602b7a2edfa <unknown>\n#12 0x5602b7a176d5 <unknown>\n#13 0x5602b7a2fa6f <unknown>\n#14 0x5602b79fb69f <unknown>\n#15 0x5602b7a54098 <unknown>\n#16 0x5602b7a54262 <unknown>\n#17 0x5602b7a65f34 <unknown>\n#18 0x7f2cd8094ac3 <unknown>",
        "time" : {
          "start" : 1707240094449,
          "stop" : 1707240115058,
          "duration" : 20609
        }
      }, {
        "uid" : "aca6f72c210b27e1",
        "reportUrl" : "https://Nat754.github.io/PulseWave/166//#testresult/aca6f72c210b27e1",
        "status" : "broken",
        "statusDetails" : "selenium.common.exceptions.TimeoutException: Message: \nStacktrace:\n#0 0x55640ab15d93 <unknown>\n#1 0x55640a7f9337 <unknown>\n#2 0x55640a844d60 <unknown>\n#3 0x55640a844e51 <unknown>\n#4 0x55640a888bc4 <unknown>\n#5 0x55640a86746d <unknown>\n#6 0x55640a88612d <unknown>\n#7 0x55640a8671e3 <unknown>\n#8 0x55640a837135 <unknown>\n#9 0x55640a83813e <unknown>\n#10 0x55640aad9e4b <unknown>\n#11 0x55640aadddfa <unknown>\n#12 0x55640aac66d5 <unknown>\n#13 0x55640aadea6f <unknown>\n#14 0x55640aaaa69f <unknown>\n#15 0x55640ab03098 <unknown>\n#16 0x55640ab03262 <unknown>\n#17 0x55640ab14f34 <unknown>\n#18 0x7fd4bf094ac3 <unknown>",
        "time" : {
          "start" : 1707236280489,
          "stop" : 1707236301099,
          "duration" : 20610
        }
      }, {
        "uid" : "5f512c6927829fc0",
        "reportUrl" : "https://Nat754.github.io/PulseWave/166//#testresult/5f512c6927829fc0",
        "status" : "broken",
        "statusDetails" : "selenium.common.exceptions.TimeoutException: Message: \nStacktrace:\n#0 0x55ed3351ad93 <unknown>\n#1 0x55ed331fe337 <unknown>\n#2 0x55ed33249d60 <unknown>\n#3 0x55ed33249e51 <unknown>\n#4 0x55ed3328dbc4 <unknown>\n#5 0x55ed3326c46d <unknown>\n#6 0x55ed3328b12d <unknown>\n#7 0x55ed3326c1e3 <unknown>\n#8 0x55ed3323c135 <unknown>\n#9 0x55ed3323d13e <unknown>\n#10 0x55ed334dee4b <unknown>\n#11 0x55ed334e2dfa <unknown>\n#12 0x55ed334cb6d5 <unknown>\n#13 0x55ed334e3a6f <unknown>\n#14 0x55ed334af69f <unknown>\n#15 0x55ed33508098 <unknown>\n#16 0x55ed33508262 <unknown>\n#17 0x55ed33519f34 <unknown>\n#18 0x7fd617294ac3 <unknown>",
        "time" : {
          "start" : 1707220479524,
          "stop" : 1707220500089,
          "duration" : 20565
        }
      }, {
        "uid" : "65f45563d64ba36e",
        "reportUrl" : "https://Nat754.github.io/PulseWave/166//#testresult/65f45563d64ba36e",
        "status" : "passed",
        "time" : {
          "start" : 1707218747822,
          "stop" : 1707218759702,
          "duration" : 11880
        }
      }, {
        "uid" : "e093616356533e6b",
        "reportUrl" : "https://Nat754.github.io/PulseWave/166//#testresult/e093616356533e6b",
        "status" : "passed",
        "time" : {
          "start" : 1707217917261,
          "stop" : 1707217931936,
          "duration" : 14675
        }
      }, {
        "uid" : "cf29958dba65a831",
        "reportUrl" : "https://Nat754.github.io/PulseWave/165//#testresult/cf29958dba65a831",
        "status" : "passed",
        "time" : {
          "start" : 1707216883263,
          "stop" : 1707216890756,
          "duration" : 7493
        }
      }, {
        "uid" : "6ea9b57bbe1c1f78",
        "reportUrl" : "https://Nat754.github.io/PulseWave/164//#testresult/6ea9b57bbe1c1f78",
        "status" : "broken",
        "statusDetails" : "selenium.common.exceptions.TimeoutException: Message: \nStacktrace:\n#0 0x56112f5ecd93 <unknown>\n#1 0x56112f2d0337 <unknown>\n#2 0x56112f31bd60 <unknown>\n#3 0x56112f31be51 <unknown>\n#4 0x56112f35fbc4 <unknown>\n#5 0x56112f33e46d <unknown>\n#6 0x56112f35d12d <unknown>\n#7 0x56112f33e1e3 <unknown>\n#8 0x56112f30e135 <unknown>\n#9 0x56112f30f13e <unknown>\n#10 0x56112f5b0e4b <unknown>\n#11 0x56112f5b4dfa <unknown>\n#12 0x56112f59d6d5 <unknown>\n#13 0x56112f5b5a6f <unknown>\n#14 0x56112f58169f <unknown>\n#15 0x56112f5da098 <unknown>\n#16 0x56112f5da262 <unknown>\n#17 0x56112f5ebf34 <unknown>\n#18 0x7fa6d2094ac3 <unknown>",
        "time" : {
          "start" : 1707215335932,
          "stop" : 1707215356534,
          "duration" : 20602
        }
      }, {
        "uid" : "d0a9aadfda15f70",
        "reportUrl" : "https://Nat754.github.io/PulseWave/164//#testresult/d0a9aadfda15f70",
        "status" : "broken",
        "statusDetails" : "selenium.common.exceptions.TimeoutException: Message: \nStacktrace:\n#0 0x5605377a4d93 <unknown>\n#1 0x560537488337 <unknown>\n#2 0x5605374d3d60 <unknown>\n#3 0x5605374d3e51 <unknown>\n#4 0x560537517bc4 <unknown>\n#5 0x5605374f646d <unknown>\n#6 0x56053751512d <unknown>\n#7 0x5605374f61e3 <unknown>\n#8 0x5605374c6135 <unknown>\n#9 0x5605374c713e <unknown>\n#10 0x560537768e4b <unknown>\n#11 0x56053776cdfa <unknown>\n#12 0x5605377556d5 <unknown>\n#13 0x56053776da6f <unknown>\n#14 0x56053773969f <unknown>\n#15 0x560537792098 <unknown>\n#16 0x560537792262 <unknown>\n#17 0x5605377a3f34 <unknown>\n#18 0x7f38f0e94ac3 <unknown>",
        "time" : {
          "start" : 1707211932341,
          "stop" : 1707211953006,
          "duration" : 20665
        }
      }, {
        "uid" : "c78b4dae46953cc9",
        "reportUrl" : "https://Nat754.github.io/PulseWave/163//#testresult/c78b4dae46953cc9",
        "status" : "passed",
        "time" : {
          "start" : 1707078740308,
          "stop" : 1707078747330,
          "duration" : 7022
        }
      } ]
    },
    "tags" : [ "smoke" ]
  },
  "source" : "3e247e2afbceb53d.json",
  "parameterValues" : [ "'chrome'" ]
}