{
  "uid" : "5d80f9396c37af78",
  "name" : "Проверка перехода в Рабочие пространства по ссылке На главную",
  "fullName" : "tests.test_workspace_page.test_workspace_page.TestWorkspacePage#test_link_to_main",
  "historyId" : "11b6f02ab206056145597ed767926875",
  "time" : {
    "start" : 1713779724385,
    "stop" : 1713779724431,
    "duration" : 46
  },
  "status" : "broken",
  "statusMessage" : "selenium.common.exceptions.StaleElementReferenceException: Message: stale element reference: stale element not found in the current frame\n  (Session info: chrome-headless-shell=123.0.6312.122); For documentation on this error, please visit: https://www.selenium.dev/documentation/webdriver/troubleshooting/errors#stale-element-reference-exception\nStacktrace:\n#0 0x564f13b05863 <unknown>\n#1 0x564f137fb8c6 <unknown>\n#2 0x564f13800e75 <unknown>\n#3 0x564f13802bce <unknown>\n#4 0x564f13802c5c <unknown>\n#5 0x564f1384a986 <unknown>\n#6 0x564f13848b27 <unknown>\n#7 0x564f13847ed3 <unknown>\n#8 0x564f1383b507 <unknown>\n#9 0x564f138685a2 <unknown>\n#10 0x564f1383ae98 <unknown>\n#11 0x564f1386876e <unknown>\n#12 0x564f13886c19 <unknown>\n#13 0x564f13868343 <unknown>\n#14 0x564f13839593 <unknown>\n#15 0x564f13839f5e <unknown>\n#16 0x564f13ac984b <unknown>\n#17 0x564f13acd7a5 <unknown>\n#18 0x564f13ab7571 <unknown>\n#19 0x564f13ace332 <unknown>\n#20 0x564f13a9c87f <unknown>\n#21 0x564f13af4728 <unknown>\n#22 0x564f13af48fb <unknown>\n#23 0x564f13b049b4 <unknown>\n#24 0x7efe25e94ac3 <unknown>",
  "statusTrace" : "self = <tests.test_workspace_page.test_workspace_page.TestWorkspacePage object at 0x7f27d70f2ed0>\nauth_user = <pages.login_page.LoginPage object at 0x7f27d7116090>\ndriver = <selenium.webdriver.chrome.webdriver.WebDriver (session=\"e617d0c6526966aae0ac8cb69fb97391\")>\n\n    @allure.title(f\"Проверка перехода в {wsconst.WORKSPACE_TITLE} по ссылке {message.TO_MAIN_TEXT}\")\n    @pytest.mark.regress\n    def test_link_to_main(self, auth_user, driver):\n        page = SignUpPage(driver)\n>       page.click_button_avatar()\n\ntests/test_workspace_page/test_workspace_page.py:60: \n_ _ _ _ _ _ _ _ _ _ _ _ _ _ _ _ _ _ _ _ _ _ _ _ _ _ _ _ _ _ _ _ _ _ _ _ _ _ _ _ \npages/signup_page.py:91: in click_button_avatar\n    return self.element_is_visible(self.locator.BUTTON_AVATAR).click()\n/opt/hostedtoolcache/Python/3.12.3/x64/lib/python3.12/site-packages/selenium/webdriver/remote/webelement.py:94: in click\n    self._execute(Command.CLICK_ELEMENT)\n/opt/hostedtoolcache/Python/3.12.3/x64/lib/python3.12/site-packages/selenium/webdriver/remote/webelement.py:395: in _execute\n    return self._parent.execute(command, params)\n/opt/hostedtoolcache/Python/3.12.3/x64/lib/python3.12/site-packages/selenium/webdriver/remote/webdriver.py:347: in execute\n    self.error_handler.check_response(response)\n_ _ _ _ _ _ _ _ _ _ _ _ _ _ _ _ _ _ _ _ _ _ _ _ _ _ _ _ _ _ _ _ _ _ _ _ _ _ _ _ \n\nself = <selenium.webdriver.remote.errorhandler.ErrorHandler object at 0x7f27d71167e0>\nresponse = {'status': 404, 'value': '{\"value\":{\"error\":\"stale element reference\",\"message\":\"stale element reference: stale elemen...\\\\n#22 0x564f13af48fb \\\\u003Cunknown>\\\\n#23 0x564f13b049b4 \\\\u003Cunknown>\\\\n#24 0x7efe25e94ac3 \\\\u003Cunknown>\\\\n\"}}'}\n\n    def check_response(self, response: Dict[str, Any]) -> None:\n        \"\"\"Checks that a JSON response from the WebDriver does not have an\n        error.\n    \n        :Args:\n         - response - The JSON response from the WebDriver server as a dictionary\n           object.\n    \n        :Raises: If the response contains an error message.\n        \"\"\"\n        status = response.get(\"status\", None)\n        if not status or status == ErrorCode.SUCCESS:\n            return\n        value = None\n        message = response.get(\"message\", \"\")\n        screen: str = response.get(\"screen\", \"\")\n        stacktrace = None\n        if isinstance(status, int):\n            value_json = response.get(\"value\", None)\n            if value_json and isinstance(value_json, str):\n                import json\n    \n                try:\n                    value = json.loads(value_json)\n                    if len(value) == 1:\n                        value = value[\"value\"]\n                    status = value.get(\"error\", None)\n                    if not status:\n                        status = value.get(\"status\", ErrorCode.UNKNOWN_ERROR)\n                        message = value.get(\"value\") or value.get(\"message\")\n                        if not isinstance(message, str):\n                            value = message\n                            message = message.get(\"message\")\n                    else:\n                        message = value.get(\"message\", None)\n                except ValueError:\n                    pass\n    \n        exception_class: Type[WebDriverException]\n        e = ErrorCode()\n        error_codes = [item for item in dir(e) if not item.startswith(\"__\")]\n        for error_code in error_codes:\n            error_info = getattr(ErrorCode, error_code)\n            if isinstance(error_info, list) and status in error_info:\n                exception_class = getattr(ExceptionMapping, error_code, WebDriverException)\n                break\n        else:\n            exception_class = WebDriverException\n    \n        if not value:\n            value = response[\"value\"]\n        if isinstance(value, str):\n            raise exception_class(value)\n        if message == \"\" and \"message\" in value:\n            message = value[\"message\"]\n    \n        screen = None  # type: ignore[assignment]\n        if \"screen\" in value:\n            screen = value[\"screen\"]\n    \n        stacktrace = None\n        st_value = value.get(\"stackTrace\") or value.get(\"stacktrace\")\n        if st_value:\n            if isinstance(st_value, str):\n                stacktrace = st_value.split(\"\\n\")\n            else:\n                stacktrace = []\n                try:\n                    for frame in st_value:\n                        line = frame.get(\"lineNumber\", \"\")\n                        file = frame.get(\"fileName\", \"<anonymous>\")\n                        if line:\n                            file = f\"{file}:{line}\"\n                        meth = frame.get(\"methodName\", \"<anonymous>\")\n                        if \"className\" in frame:\n                            meth = f\"{frame['className']}.{meth}\"\n                        msg = \"    at %s (%s)\"\n                        msg = msg % (meth, file)\n                        stacktrace.append(msg)\n                except TypeError:\n                    pass\n        if exception_class == UnexpectedAlertPresentException:\n            alert_text = None\n            if \"data\" in value:\n                alert_text = value[\"data\"].get(\"text\")\n            elif \"alert\" in value:\n                alert_text = value[\"alert\"].get(\"text\")\n            raise exception_class(message, screen, stacktrace, alert_text)  # type: ignore[call-arg]  # mypy is not smart enough here\n>       raise exception_class(message, screen, stacktrace)\nE       selenium.common.exceptions.StaleElementReferenceException: Message: stale element reference: stale element not found in the current frame\nE         (Session info: chrome-headless-shell=123.0.6312.122); For documentation on this error, please visit: https://www.selenium.dev/documentation/webdriver/troubleshooting/errors#stale-element-reference-exception\nE       Stacktrace:\nE       #0 0x564f13b05863 <unknown>\nE       #1 0x564f137fb8c6 <unknown>\nE       #2 0x564f13800e75 <unknown>\nE       #3 0x564f13802bce <unknown>\nE       #4 0x564f13802c5c <unknown>\nE       #5 0x564f1384a986 <unknown>\nE       #6 0x564f13848b27 <unknown>\nE       #7 0x564f13847ed3 <unknown>\nE       #8 0x564f1383b507 <unknown>\nE       #9 0x564f138685a2 <unknown>\nE       #10 0x564f1383ae98 <unknown>\nE       #11 0x564f1386876e <unknown>\nE       #12 0x564f13886c19 <unknown>\nE       #13 0x564f13868343 <unknown>\nE       #14 0x564f13839593 <unknown>\nE       #15 0x564f13839f5e <unknown>\nE       #16 0x564f13ac984b <unknown>\nE       #17 0x564f13acd7a5 <unknown>\nE       #18 0x564f13ab7571 <unknown>\nE       #19 0x564f13ace332 <unknown>\nE       #20 0x564f13a9c87f <unknown>\nE       #21 0x564f13af4728 <unknown>\nE       #22 0x564f13af48fb <unknown>\nE       #23 0x564f13b049b4 <unknown>\nE       #24 0x7efe25e94ac3 <unknown>\n\n/opt/hostedtoolcache/Python/3.12.3/x64/lib/python3.12/site-packages/selenium/webdriver/remote/errorhandler.py:229: StaleElementReferenceException",
  "flaky" : false,
  "newFailed" : false,
  "beforeStages" : [ {
    "name" : "driver",
    "time" : {
      "start" : 1713779719685,
      "stop" : 1713779719968,
      "duration" : 283
    },
    "status" : "passed",
    "steps" : [ ],
    "attachments" : [ ],
    "parameters" : [ ],
    "stepsCount" : 0,
    "attachmentsCount" : 0,
    "shouldDisplayMessage" : false,
    "hasContent" : false
  }, {
    "name" : "_session_faker",
    "time" : {
      "start" : 1713778689817,
      "stop" : 1713778689834,
      "duration" : 17
    },
    "status" : "passed",
    "steps" : [ ],
    "attachments" : [ ],
    "parameters" : [ ],
    "stepsCount" : 0,
    "attachmentsCount" : 0,
    "shouldDisplayMessage" : false,
    "hasContent" : false
  }, {
    "name" : "clear_allure_results_folder",
    "time" : {
      "start" : 1713778689834,
      "stop" : 1713778689834,
      "duration" : 0
    },
    "status" : "passed",
    "steps" : [ ],
    "attachments" : [ ],
    "parameters" : [ ],
    "stepsCount" : 0,
    "attachmentsCount" : 0,
    "shouldDisplayMessage" : false,
    "hasContent" : false
  }, {
    "name" : "auth_user",
    "time" : {
      "start" : 1713779719968,
      "stop" : 1713779724384,
      "duration" : 4416
    },
    "status" : "passed",
    "steps" : [ {
      "name" : "Проверка видимости кнопки 'Принимаю все' в сообщении о принятии файлов cookie",
      "time" : {
        "start" : 1713779722625,
        "stop" : 1713779722656,
        "duration" : 31
      },
      "status" : "passed",
      "steps" : [ ],
      "attachments" : [ ],
      "parameters" : [ ],
      "stepsCount" : 0,
      "attachmentsCount" : 0,
      "shouldDisplayMessage" : false,
      "hasContent" : false
    }, {
      "name" : "Нажать кнопку 'Войти'",
      "time" : {
        "start" : 1713779722819,
        "stop" : 1713779722868,
        "duration" : 49
      },
      "status" : "passed",
      "steps" : [ ],
      "attachments" : [ ],
      "parameters" : [ ],
      "stepsCount" : 0,
      "attachmentsCount" : 0,
      "shouldDisplayMessage" : false,
      "hasContent" : false
    }, {
      "name" : "Ждать обновление страницы",
      "time" : {
        "start" : 1713779722868,
        "stop" : 1713779724384,
        "duration" : 1516
      },
      "status" : "passed",
      "steps" : [ ],
      "attachments" : [ ],
      "parameters" : [ ],
      "stepsCount" : 0,
      "attachmentsCount" : 0,
      "shouldDisplayMessage" : false,
      "hasContent" : false
    } ],
    "attachments" : [ ],
    "parameters" : [ ],
    "stepsCount" : 3,
    "attachmentsCount" : 0,
    "shouldDisplayMessage" : false,
    "hasContent" : true
  } ],
  "testStage" : {
    "status" : "broken",
    "statusMessage" : "selenium.common.exceptions.StaleElementReferenceException: Message: stale element reference: stale element not found in the current frame\n  (Session info: chrome-headless-shell=123.0.6312.122); For documentation on this error, please visit: https://www.selenium.dev/documentation/webdriver/troubleshooting/errors#stale-element-reference-exception\nStacktrace:\n#0 0x564f13b05863 <unknown>\n#1 0x564f137fb8c6 <unknown>\n#2 0x564f13800e75 <unknown>\n#3 0x564f13802bce <unknown>\n#4 0x564f13802c5c <unknown>\n#5 0x564f1384a986 <unknown>\n#6 0x564f13848b27 <unknown>\n#7 0x564f13847ed3 <unknown>\n#8 0x564f1383b507 <unknown>\n#9 0x564f138685a2 <unknown>\n#10 0x564f1383ae98 <unknown>\n#11 0x564f1386876e <unknown>\n#12 0x564f13886c19 <unknown>\n#13 0x564f13868343 <unknown>\n#14 0x564f13839593 <unknown>\n#15 0x564f13839f5e <unknown>\n#16 0x564f13ac984b <unknown>\n#17 0x564f13acd7a5 <unknown>\n#18 0x564f13ab7571 <unknown>\n#19 0x564f13ace332 <unknown>\n#20 0x564f13a9c87f <unknown>\n#21 0x564f13af4728 <unknown>\n#22 0x564f13af48fb <unknown>\n#23 0x564f13b049b4 <unknown>\n#24 0x7efe25e94ac3 <unknown>",
    "statusTrace" : "self = <tests.test_workspace_page.test_workspace_page.TestWorkspacePage object at 0x7f27d70f2ed0>\nauth_user = <pages.login_page.LoginPage object at 0x7f27d7116090>\ndriver = <selenium.webdriver.chrome.webdriver.WebDriver (session=\"e617d0c6526966aae0ac8cb69fb97391\")>\n\n    @allure.title(f\"Проверка перехода в {wsconst.WORKSPACE_TITLE} по ссылке {message.TO_MAIN_TEXT}\")\n    @pytest.mark.regress\n    def test_link_to_main(self, auth_user, driver):\n        page = SignUpPage(driver)\n>       page.click_button_avatar()\n\ntests/test_workspace_page/test_workspace_page.py:60: \n_ _ _ _ _ _ _ _ _ _ _ _ _ _ _ _ _ _ _ _ _ _ _ _ _ _ _ _ _ _ _ _ _ _ _ _ _ _ _ _ \npages/signup_page.py:91: in click_button_avatar\n    return self.element_is_visible(self.locator.BUTTON_AVATAR).click()\n/opt/hostedtoolcache/Python/3.12.3/x64/lib/python3.12/site-packages/selenium/webdriver/remote/webelement.py:94: in click\n    self._execute(Command.CLICK_ELEMENT)\n/opt/hostedtoolcache/Python/3.12.3/x64/lib/python3.12/site-packages/selenium/webdriver/remote/webelement.py:395: in _execute\n    return self._parent.execute(command, params)\n/opt/hostedtoolcache/Python/3.12.3/x64/lib/python3.12/site-packages/selenium/webdriver/remote/webdriver.py:347: in execute\n    self.error_handler.check_response(response)\n_ _ _ _ _ _ _ _ _ _ _ _ _ _ _ _ _ _ _ _ _ _ _ _ _ _ _ _ _ _ _ _ _ _ _ _ _ _ _ _ \n\nself = <selenium.webdriver.remote.errorhandler.ErrorHandler object at 0x7f27d71167e0>\nresponse = {'status': 404, 'value': '{\"value\":{\"error\":\"stale element reference\",\"message\":\"stale element reference: stale elemen...\\\\n#22 0x564f13af48fb \\\\u003Cunknown>\\\\n#23 0x564f13b049b4 \\\\u003Cunknown>\\\\n#24 0x7efe25e94ac3 \\\\u003Cunknown>\\\\n\"}}'}\n\n    def check_response(self, response: Dict[str, Any]) -> None:\n        \"\"\"Checks that a JSON response from the WebDriver does not have an\n        error.\n    \n        :Args:\n         - response - The JSON response from the WebDriver server as a dictionary\n           object.\n    \n        :Raises: If the response contains an error message.\n        \"\"\"\n        status = response.get(\"status\", None)\n        if not status or status == ErrorCode.SUCCESS:\n            return\n        value = None\n        message = response.get(\"message\", \"\")\n        screen: str = response.get(\"screen\", \"\")\n        stacktrace = None\n        if isinstance(status, int):\n            value_json = response.get(\"value\", None)\n            if value_json and isinstance(value_json, str):\n                import json\n    \n                try:\n                    value = json.loads(value_json)\n                    if len(value) == 1:\n                        value = value[\"value\"]\n                    status = value.get(\"error\", None)\n                    if not status:\n                        status = value.get(\"status\", ErrorCode.UNKNOWN_ERROR)\n                        message = value.get(\"value\") or value.get(\"message\")\n                        if not isinstance(message, str):\n                            value = message\n                            message = message.get(\"message\")\n                    else:\n                        message = value.get(\"message\", None)\n                except ValueError:\n                    pass\n    \n        exception_class: Type[WebDriverException]\n        e = ErrorCode()\n        error_codes = [item for item in dir(e) if not item.startswith(\"__\")]\n        for error_code in error_codes:\n            error_info = getattr(ErrorCode, error_code)\n            if isinstance(error_info, list) and status in error_info:\n                exception_class = getattr(ExceptionMapping, error_code, WebDriverException)\n                break\n        else:\n            exception_class = WebDriverException\n    \n        if not value:\n            value = response[\"value\"]\n        if isinstance(value, str):\n            raise exception_class(value)\n        if message == \"\" and \"message\" in value:\n            message = value[\"message\"]\n    \n        screen = None  # type: ignore[assignment]\n        if \"screen\" in value:\n            screen = value[\"screen\"]\n    \n        stacktrace = None\n        st_value = value.get(\"stackTrace\") or value.get(\"stacktrace\")\n        if st_value:\n            if isinstance(st_value, str):\n                stacktrace = st_value.split(\"\\n\")\n            else:\n                stacktrace = []\n                try:\n                    for frame in st_value:\n                        line = frame.get(\"lineNumber\", \"\")\n                        file = frame.get(\"fileName\", \"<anonymous>\")\n                        if line:\n                            file = f\"{file}:{line}\"\n                        meth = frame.get(\"methodName\", \"<anonymous>\")\n                        if \"className\" in frame:\n                            meth = f\"{frame['className']}.{meth}\"\n                        msg = \"    at %s (%s)\"\n                        msg = msg % (meth, file)\n                        stacktrace.append(msg)\n                except TypeError:\n                    pass\n        if exception_class == UnexpectedAlertPresentException:\n            alert_text = None\n            if \"data\" in value:\n                alert_text = value[\"data\"].get(\"text\")\n            elif \"alert\" in value:\n                alert_text = value[\"alert\"].get(\"text\")\n            raise exception_class(message, screen, stacktrace, alert_text)  # type: ignore[call-arg]  # mypy is not smart enough here\n>       raise exception_class(message, screen, stacktrace)\nE       selenium.common.exceptions.StaleElementReferenceException: Message: stale element reference: stale element not found in the current frame\nE         (Session info: chrome-headless-shell=123.0.6312.122); For documentation on this error, please visit: https://www.selenium.dev/documentation/webdriver/troubleshooting/errors#stale-element-reference-exception\nE       Stacktrace:\nE       #0 0x564f13b05863 <unknown>\nE       #1 0x564f137fb8c6 <unknown>\nE       #2 0x564f13800e75 <unknown>\nE       #3 0x564f13802bce <unknown>\nE       #4 0x564f13802c5c <unknown>\nE       #5 0x564f1384a986 <unknown>\nE       #6 0x564f13848b27 <unknown>\nE       #7 0x564f13847ed3 <unknown>\nE       #8 0x564f1383b507 <unknown>\nE       #9 0x564f138685a2 <unknown>\nE       #10 0x564f1383ae98 <unknown>\nE       #11 0x564f1386876e <unknown>\nE       #12 0x564f13886c19 <unknown>\nE       #13 0x564f13868343 <unknown>\nE       #14 0x564f13839593 <unknown>\nE       #15 0x564f13839f5e <unknown>\nE       #16 0x564f13ac984b <unknown>\nE       #17 0x564f13acd7a5 <unknown>\nE       #18 0x564f13ab7571 <unknown>\nE       #19 0x564f13ace332 <unknown>\nE       #20 0x564f13a9c87f <unknown>\nE       #21 0x564f13af4728 <unknown>\nE       #22 0x564f13af48fb <unknown>\nE       #23 0x564f13b049b4 <unknown>\nE       #24 0x7efe25e94ac3 <unknown>\n\n/opt/hostedtoolcache/Python/3.12.3/x64/lib/python3.12/site-packages/selenium/webdriver/remote/errorhandler.py:229: StaleElementReferenceException",
    "steps" : [ {
      "name" : "Нажать на иконку аватара",
      "time" : {
        "start" : 1713779724385,
        "stop" : 1713779724430,
        "duration" : 45
      },
      "status" : "broken",
      "statusMessage" : "selenium.common.exceptions.StaleElementReferenceException: Message: stale element reference: stale element not found in the current frame\n  (Session info: chrome-headless-shell=123.0.6312.122); For documentation on this error, please visit: https://www.selenium.dev/documentation/webdriver/troubleshooting/errors#stale-element-reference-exception\nStacktrace:\n#0 0x564f13b05863 <unknown>\n#1 0x564f137fb8c6 <unknown>\n#2 0x564f13800e75 <unknown>\n#3 0x564f13802bce <unknown>\n#4 0x564f13802c5c <unknown>\n#5 0x564f1384a986 <unknown>\n#6 0x564f13848b27 <unknown>\n#7 0x564f13847ed3 <unknown>\n#8 0x564f1383b507 <unknown>\n#9 0x564f138685a2 <unknown>\n#10 0x564f1383ae98 <unknown>\n#11 0x564f1386876e <unknown>\n#12 0x564f13886c19 <unknown>\n#13 0x564f13868343 <unknown>\n#14 0x564f13839593 <unknown>\n#15 0x564f13839f5e <unknown>\n#16 0x564f13ac984b <unknown>\n#17 0x564f13acd7a5 <unknown>\n#18 0x564f13ab7571 <unknown>\n#19 0x564f13ace332 <unknown>\n#20 0x564f13a9c87f <unknown>\n#21 0x564f13af4728 <unknown>\n#22 0x564f13af48fb <unknown>\n#23 0x564f13b049b4 <unknown>\n#24 0x7efe25e94ac3 <unknown>\n\n",
      "statusTrace" : "  File \"/opt/hostedtoolcache/Python/3.12.3/x64/lib/python3.12/site-packages/allure_commons/_allure.py\", line 192, in impl\n    return func(*a, **kw)\n           ^^^^^^^^^^^^^^\n  File \"/home/runner/work/PulseWave/PulseWave/pages/signup_page.py\", line 91, in click_button_avatar\n    return self.element_is_visible(self.locator.BUTTON_AVATAR).click()\n           ^^^^^^^^^^^^^^^^^^^^^^^^^^^^^^^^^^^^^^^^^^^^^^^^^^^^^^^^^^^\n  File \"/opt/hostedtoolcache/Python/3.12.3/x64/lib/python3.12/site-packages/selenium/webdriver/remote/webelement.py\", line 94, in click\n    self._execute(Command.CLICK_ELEMENT)\n  File \"/opt/hostedtoolcache/Python/3.12.3/x64/lib/python3.12/site-packages/selenium/webdriver/remote/webelement.py\", line 395, in _execute\n    return self._parent.execute(command, params)\n           ^^^^^^^^^^^^^^^^^^^^^^^^^^^^^^^^^^^^^\n  File \"/opt/hostedtoolcache/Python/3.12.3/x64/lib/python3.12/site-packages/selenium/webdriver/remote/webdriver.py\", line 347, in execute\n    self.error_handler.check_response(response)\n  File \"/opt/hostedtoolcache/Python/3.12.3/x64/lib/python3.12/site-packages/selenium/webdriver/remote/errorhandler.py\", line 229, in check_response\n    raise exception_class(message, screen, stacktrace)\n",
      "steps" : [ ],
      "attachments" : [ ],
      "parameters" : [ ],
      "stepsCount" : 0,
      "attachmentsCount" : 0,
      "shouldDisplayMessage" : true,
      "hasContent" : true
    } ],
    "attachments" : [ {
      "uid" : "8daa555a08fc4fc5",
      "name" : "Screenshot",
      "source" : "8daa555a08fc4fc5.png",
      "type" : "image/png",
      "size" : 55392
    }, {
      "uid" : "925cfd253f552d02",
      "name" : "HTML source",
      "source" : "925cfd253f552d02.html",
      "type" : "text/html",
      "size" : 72617
    } ],
    "parameters" : [ ],
    "stepsCount" : 1,
    "attachmentsCount" : 2,
    "shouldDisplayMessage" : true,
    "hasContent" : true
  },
  "afterStages" : [ {
    "name" : "driver::0",
    "time" : {
      "start" : 1713779724649,
      "stop" : 1713779724709,
      "duration" : 60
    },
    "status" : "passed",
    "steps" : [ ],
    "attachments" : [ ],
    "parameters" : [ ],
    "stepsCount" : 0,
    "attachmentsCount" : 0,
    "shouldDisplayMessage" : false,
    "hasContent" : false
  } ],
  "labels" : [ {
    "name" : "epic",
    "value" : "Тестирование страницы 'Рабочие пространства'"
  }, {
    "name" : "tag",
    "value" : "regress"
  }, {
    "name" : "parentSuite",
    "value" : "tests.test_workspace_page"
  }, {
    "name" : "suite",
    "value" : "test_workspace_page"
  }, {
    "name" : "subSuite",
    "value" : "TestWorkspacePage"
  }, {
    "name" : "host",
    "value" : "fv-az975-714"
  }, {
    "name" : "thread",
    "value" : "2239-MainThread"
  }, {
    "name" : "framework",
    "value" : "pytest"
  }, {
    "name" : "language",
    "value" : "cpython3"
  }, {
    "name" : "package",
    "value" : "tests.test_workspace_page.test_workspace_page"
  }, {
    "name" : "resultFormat",
    "value" : "allure2"
  } ],
  "parameters" : [ {
    "name" : "browser",
    "value" : "'chrome'"
  } ],
  "links" : [ ],
  "hidden" : false,
  "retry" : false,
  "extra" : {
    "severity" : "normal",
    "retries" : [ ],
    "categories" : [ {
      "name" : "Test defects",
      "matchedStatuses" : [ ],
      "flaky" : false
    } ],
    "history" : {
      "statistic" : {
        "failed" : 0,
        "broken" : 1,
        "skipped" : 0,
        "passed" : 8,
        "unknown" : 0,
        "total" : 9
      },
      "items" : [ {
        "uid" : "32af054f3e457fd7",
        "reportUrl" : "https://Nat754.github.io/PulseWave/2//#testresult/32af054f3e457fd7",
        "status" : "passed",
        "time" : {
          "start" : 1713753287549,
          "stop" : 1713753287700,
          "duration" : 151
        }
      }, {
        "uid" : "cb9f79782eb65793",
        "reportUrl" : "https://Nat754.github.io/PulseWave/1//#testresult/cb9f79782eb65793",
        "status" : "passed",
        "time" : {
          "start" : 1713667199716,
          "stop" : 1713667199883,
          "duration" : 167
        }
      }, {
        "uid" : "be5000cca6205dda",
        "reportUrl" : "https://Nat754.github.io/PulseWave/198//#testresult/be5000cca6205dda",
        "status" : "passed",
        "time" : {
          "start" : 1713593868966,
          "stop" : 1713593869123,
          "duration" : 157
        }
      }, {
        "uid" : "1c28ee73a8d9824a",
        "reportUrl" : "https://Nat754.github.io/PulseWave/196//#testresult/1c28ee73a8d9824a",
        "status" : "passed",
        "time" : {
          "start" : 1713436795380,
          "stop" : 1713436795554,
          "duration" : 174
        }
      }, {
        "uid" : "f9d09ed93841a641",
        "reportUrl" : "https://Nat754.github.io/PulseWave/197//#testresult/f9d09ed93841a641",
        "status" : "passed",
        "time" : {
          "start" : 1713199477439,
          "stop" : 1713199477598,
          "duration" : 159
        }
      }, {
        "uid" : "fa337474d87fe718",
        "reportUrl" : "https://Nat754.github.io/PulseWave/196//#testresult/fa337474d87fe718",
        "status" : "passed",
        "time" : {
          "start" : 1713102143546,
          "stop" : 1713102143698,
          "duration" : 152
        }
      }, {
        "uid" : "2931474327e06239",
        "reportUrl" : "https://Nat754.github.io/PulseWave/196//#testresult/2931474327e06239",
        "status" : "passed",
        "time" : {
          "start" : 1711137390125,
          "stop" : 1711137390291,
          "duration" : 166
        }
      }, {
        "uid" : "751333eab5d44ac6",
        "reportUrl" : "https://Nat754.github.io/PulseWave/195//#testresult/751333eab5d44ac6",
        "status" : "passed",
        "time" : {
          "start" : 1710361841117,
          "stop" : 1710361841266,
          "duration" : 149
        }
      } ]
    },
    "tags" : [ "regress" ]
  },
  "source" : "5d80f9396c37af78.json",
  "parameterValues" : [ "'chrome'" ]
}