{
  "uid" : "de5101881908a45f",
  "name" : "1.3, 1.3.1, 1.15 Регистрация с корректными email и паролем и с согласием на подписку",
  "fullName" : "tests.test_signup_page.test_signup_page.TestSignupPage#test_signup_with_correct_data_and_agree",
  "historyId" : "3f1a9a03cb3169fb36bf4b166c8deeee",
  "time" : {
    "start" : 1713779562727,
    "stop" : 1713779598131,
    "duration" : 35404
  },
  "status" : "skipped",
  "statusMessage" : "XFAIL\n\nselenium.common.exceptions.TimeoutException: Message: \nStacktrace:\n#0 0x55ae416bd863 <unknown>\n#1 0x55ae413b38c6 <unknown>\n#2 0x55ae413fe618 <unknown>\n#3 0x55ae413fe6d1 <unknown>\n#4 0x55ae41441744 <unknown>\n#5 0x55ae414205cd <unknown>\n#6 0x55ae4143ec19 <unknown>\n#7 0x55ae41420343 <unknown>\n#8 0x55ae413f1593 <unknown>\n#9 0x55ae413f1f5e <unknown>\n#10 0x55ae4168184b <unknown>\n#11 0x55ae416857a5 <unknown>\n#12 0x55ae4166f571 <unknown>\n#13 0x55ae41686332 <unknown>\n#14 0x55ae4165487f <unknown>\n#15 0x55ae416ac728 <unknown>\n#16 0x55ae416ac8fb <unknown>\n#17 0x55ae416bc9b4 <unknown>\n#18 0x7f8141e94ac3 <unknown>",
  "statusTrace" : "self = <tests.test_signup_page.test_signup_page.TestSignupPage object at 0x7f27d70e7020>\nsignup_page_open = <pages.signup_page.SignUpPage object at 0x7f27d712e690>\ndriver = <selenium.webdriver.chrome.webdriver.WebDriver (session=\"a79f42f79a8193085c865a1bb2fead45\")>\n\n    @pytest.mark.xfail\n    @allure.title(\"1.3, 1.3.1, 1.15 Регистрация с корректными email и паролем и с согласием на подписку\")\n    @pytest.mark.smoke\n    def test_signup_with_correct_data_and_agree(self, signup_page_open, driver):\n        with allure.step('Заполнить поле email корректными данными'):\n            signup_page_open.put_data_to_email_field(email1)\n        with allure.step('Заполнить поле пароль сильным паролем'):\n            signup_page_open.put_data_to_password_field(password0)\n        with allure.step('Заполнить поле подтверждение пароля сильным паролем'):\n            signup_page_open.put_data_to_confirm_password_field(password0)\n        signup_page_open.check_pulsewave_policy_message().click()\n        signup_page_open.click_button_submit()\n        element = signup_page_open.get_send_invite_message()\n        with allure.step(f'Получено сообщение необходимости подтвердить регистрацию: \"{self.signup.INVITE_MSG}\"'):\n            assert element.text == self.signup.INVITE_MSG, 'Нет сообщения успеха'\n        time.sleep(10)\n        link = signup_page_open.get_confirm_signup_to_email(email1, password1)\n        driver.get(link)\n>       signup_page_open.click_button_submit()\n\ntests/test_signup_page/test_signup_page.py:36: \n_ _ _ _ _ _ _ _ _ _ _ _ _ _ _ _ _ _ _ _ _ _ _ _ _ _ _ _ _ _ _ _ _ _ _ _ _ _ _ _ \npages/signup_page.py:79: in click_button_submit\n    return self.element_is_visible(self.locator.SUBMIT_BUTTON).click()\npages/base_page.py:19: in element_is_visible\n    self.go_to_element(self.element_is_present(locator))\npages/base_page.py:35: in element_is_present\n    return Wait(self.driver, self.timeout).until(es.presence_of_element_located(locator))\n_ _ _ _ _ _ _ _ _ _ _ _ _ _ _ _ _ _ _ _ _ _ _ _ _ _ _ _ _ _ _ _ _ _ _ _ _ _ _ _ \n\nself = <selenium.webdriver.support.wait.WebDriverWait (session=\"a79f42f79a8193085c865a1bb2fead45\")>\nmethod = <function presence_of_element_located.<locals>._predicate at 0x7f27d72a16c0>\nmessage = ''\n\n    def until(self, method: Callable[[D], Union[Literal[False], T]], message: str = \"\") -> T:\n        \"\"\"Calls the method provided with the driver as an argument until the \\\n        return value does not evaluate to ``False``.\n    \n        :param method: callable(WebDriver)\n        :param message: optional message for :exc:`TimeoutException`\n        :returns: the result of the last call to `method`\n        :raises: :exc:`selenium.common.exceptions.TimeoutException` if timeout occurs\n        \"\"\"\n        screen = None\n        stacktrace = None\n    \n        end_time = time.monotonic() + self._timeout\n        while True:\n            try:\n                value = method(self._driver)\n                if value:\n                    return value\n            except self._ignored_exceptions as exc:\n                screen = getattr(exc, \"screen\", None)\n                stacktrace = getattr(exc, \"stacktrace\", None)\n            time.sleep(self._poll)\n            if time.monotonic() > end_time:\n                break\n>       raise TimeoutException(message, screen, stacktrace)\nE       selenium.common.exceptions.TimeoutException: Message: \nE       Stacktrace:\nE       #0 0x55ae416bd863 <unknown>\nE       #1 0x55ae413b38c6 <unknown>\nE       #2 0x55ae413fe618 <unknown>\nE       #3 0x55ae413fe6d1 <unknown>\nE       #4 0x55ae41441744 <unknown>\nE       #5 0x55ae414205cd <unknown>\nE       #6 0x55ae4143ec19 <unknown>\nE       #7 0x55ae41420343 <unknown>\nE       #8 0x55ae413f1593 <unknown>\nE       #9 0x55ae413f1f5e <unknown>\nE       #10 0x55ae4168184b <unknown>\nE       #11 0x55ae416857a5 <unknown>\nE       #12 0x55ae4166f571 <unknown>\nE       #13 0x55ae41686332 <unknown>\nE       #14 0x55ae4165487f <unknown>\nE       #15 0x55ae416ac728 <unknown>\nE       #16 0x55ae416ac8fb <unknown>\nE       #17 0x55ae416bc9b4 <unknown>\nE       #18 0x7f8141e94ac3 <unknown>\n\n/opt/hostedtoolcache/Python/3.12.3/x64/lib/python3.12/site-packages/selenium/webdriver/support/wait.py:105: TimeoutException",
  "flaky" : false,
  "newFailed" : false,
  "beforeStages" : [ {
    "name" : "signup_page_open",
    "time" : {
      "start" : 1713779560040,
      "stop" : 1713779562727,
      "duration" : 2687
    },
    "status" : "passed",
    "steps" : [ {
      "name" : "Проверка видимости кнопки 'Принимаю все' в сообщении о принятии файлов cookie",
      "time" : {
        "start" : 1713779562667,
        "stop" : 1713779562698,
        "duration" : 31
      },
      "status" : "passed",
      "steps" : [ ],
      "attachments" : [ ],
      "parameters" : [ ],
      "stepsCount" : 0,
      "attachmentsCount" : 0,
      "shouldDisplayMessage" : false,
      "hasContent" : false
    } ],
    "attachments" : [ ],
    "parameters" : [ ],
    "stepsCount" : 1,
    "attachmentsCount" : 0,
    "shouldDisplayMessage" : false,
    "hasContent" : true
  }, {
    "name" : "_session_faker",
    "time" : {
      "start" : 1713778689817,
      "stop" : 1713778689834,
      "duration" : 17
    },
    "status" : "passed",
    "steps" : [ ],
    "attachments" : [ ],
    "parameters" : [ ],
    "stepsCount" : 0,
    "attachmentsCount" : 0,
    "shouldDisplayMessage" : false,
    "hasContent" : false
  }, {
    "name" : "clear_allure_results_folder",
    "time" : {
      "start" : 1713778689834,
      "stop" : 1713778689834,
      "duration" : 0
    },
    "status" : "passed",
    "steps" : [ ],
    "attachments" : [ ],
    "parameters" : [ ],
    "stepsCount" : 0,
    "attachmentsCount" : 0,
    "shouldDisplayMessage" : false,
    "hasContent" : false
  }, {
    "name" : "driver",
    "time" : {
      "start" : 1713779559758,
      "stop" : 1713779560040,
      "duration" : 282
    },
    "status" : "passed",
    "steps" : [ ],
    "attachments" : [ ],
    "parameters" : [ ],
    "stepsCount" : 0,
    "attachmentsCount" : 0,
    "shouldDisplayMessage" : false,
    "hasContent" : false
  } ],
  "testStage" : {
    "status" : "skipped",
    "statusMessage" : "XFAIL\n\nselenium.common.exceptions.TimeoutException: Message: \nStacktrace:\n#0 0x55ae416bd863 <unknown>\n#1 0x55ae413b38c6 <unknown>\n#2 0x55ae413fe618 <unknown>\n#3 0x55ae413fe6d1 <unknown>\n#4 0x55ae41441744 <unknown>\n#5 0x55ae414205cd <unknown>\n#6 0x55ae4143ec19 <unknown>\n#7 0x55ae41420343 <unknown>\n#8 0x55ae413f1593 <unknown>\n#9 0x55ae413f1f5e <unknown>\n#10 0x55ae4168184b <unknown>\n#11 0x55ae416857a5 <unknown>\n#12 0x55ae4166f571 <unknown>\n#13 0x55ae41686332 <unknown>\n#14 0x55ae4165487f <unknown>\n#15 0x55ae416ac728 <unknown>\n#16 0x55ae416ac8fb <unknown>\n#17 0x55ae416bc9b4 <unknown>\n#18 0x7f8141e94ac3 <unknown>",
    "statusTrace" : "self = <tests.test_signup_page.test_signup_page.TestSignupPage object at 0x7f27d70e7020>\nsignup_page_open = <pages.signup_page.SignUpPage object at 0x7f27d712e690>\ndriver = <selenium.webdriver.chrome.webdriver.WebDriver (session=\"a79f42f79a8193085c865a1bb2fead45\")>\n\n    @pytest.mark.xfail\n    @allure.title(\"1.3, 1.3.1, 1.15 Регистрация с корректными email и паролем и с согласием на подписку\")\n    @pytest.mark.smoke\n    def test_signup_with_correct_data_and_agree(self, signup_page_open, driver):\n        with allure.step('Заполнить поле email корректными данными'):\n            signup_page_open.put_data_to_email_field(email1)\n        with allure.step('Заполнить поле пароль сильным паролем'):\n            signup_page_open.put_data_to_password_field(password0)\n        with allure.step('Заполнить поле подтверждение пароля сильным паролем'):\n            signup_page_open.put_data_to_confirm_password_field(password0)\n        signup_page_open.check_pulsewave_policy_message().click()\n        signup_page_open.click_button_submit()\n        element = signup_page_open.get_send_invite_message()\n        with allure.step(f'Получено сообщение необходимости подтвердить регистрацию: \"{self.signup.INVITE_MSG}\"'):\n            assert element.text == self.signup.INVITE_MSG, 'Нет сообщения успеха'\n        time.sleep(10)\n        link = signup_page_open.get_confirm_signup_to_email(email1, password1)\n        driver.get(link)\n>       signup_page_open.click_button_submit()\n\ntests/test_signup_page/test_signup_page.py:36: \n_ _ _ _ _ _ _ _ _ _ _ _ _ _ _ _ _ _ _ _ _ _ _ _ _ _ _ _ _ _ _ _ _ _ _ _ _ _ _ _ \npages/signup_page.py:79: in click_button_submit\n    return self.element_is_visible(self.locator.SUBMIT_BUTTON).click()\npages/base_page.py:19: in element_is_visible\n    self.go_to_element(self.element_is_present(locator))\npages/base_page.py:35: in element_is_present\n    return Wait(self.driver, self.timeout).until(es.presence_of_element_located(locator))\n_ _ _ _ _ _ _ _ _ _ _ _ _ _ _ _ _ _ _ _ _ _ _ _ _ _ _ _ _ _ _ _ _ _ _ _ _ _ _ _ \n\nself = <selenium.webdriver.support.wait.WebDriverWait (session=\"a79f42f79a8193085c865a1bb2fead45\")>\nmethod = <function presence_of_element_located.<locals>._predicate at 0x7f27d72a16c0>\nmessage = ''\n\n    def until(self, method: Callable[[D], Union[Literal[False], T]], message: str = \"\") -> T:\n        \"\"\"Calls the method provided with the driver as an argument until the \\\n        return value does not evaluate to ``False``.\n    \n        :param method: callable(WebDriver)\n        :param message: optional message for :exc:`TimeoutException`\n        :returns: the result of the last call to `method`\n        :raises: :exc:`selenium.common.exceptions.TimeoutException` if timeout occurs\n        \"\"\"\n        screen = None\n        stacktrace = None\n    \n        end_time = time.monotonic() + self._timeout\n        while True:\n            try:\n                value = method(self._driver)\n                if value:\n                    return value\n            except self._ignored_exceptions as exc:\n                screen = getattr(exc, \"screen\", None)\n                stacktrace = getattr(exc, \"stacktrace\", None)\n            time.sleep(self._poll)\n            if time.monotonic() > end_time:\n                break\n>       raise TimeoutException(message, screen, stacktrace)\nE       selenium.common.exceptions.TimeoutException: Message: \nE       Stacktrace:\nE       #0 0x55ae416bd863 <unknown>\nE       #1 0x55ae413b38c6 <unknown>\nE       #2 0x55ae413fe618 <unknown>\nE       #3 0x55ae413fe6d1 <unknown>\nE       #4 0x55ae41441744 <unknown>\nE       #5 0x55ae414205cd <unknown>\nE       #6 0x55ae4143ec19 <unknown>\nE       #7 0x55ae41420343 <unknown>\nE       #8 0x55ae413f1593 <unknown>\nE       #9 0x55ae413f1f5e <unknown>\nE       #10 0x55ae4168184b <unknown>\nE       #11 0x55ae416857a5 <unknown>\nE       #12 0x55ae4166f571 <unknown>\nE       #13 0x55ae41686332 <unknown>\nE       #14 0x55ae4165487f <unknown>\nE       #15 0x55ae416ac728 <unknown>\nE       #16 0x55ae416ac8fb <unknown>\nE       #17 0x55ae416bc9b4 <unknown>\nE       #18 0x7f8141e94ac3 <unknown>\n\n/opt/hostedtoolcache/Python/3.12.3/x64/lib/python3.12/site-packages/selenium/webdriver/support/wait.py:105: TimeoutException",
    "steps" : [ {
      "name" : "Заполнить поле email корректными данными",
      "time" : {
        "start" : 1713779562727,
        "stop" : 1713779562803,
        "duration" : 76
      },
      "status" : "passed",
      "steps" : [ ],
      "attachments" : [ ],
      "parameters" : [ ],
      "stepsCount" : 0,
      "attachmentsCount" : 0,
      "shouldDisplayMessage" : false,
      "hasContent" : false
    }, {
      "name" : "Заполнить поле пароль сильным паролем",
      "time" : {
        "start" : 1713779562803,
        "stop" : 1713779562859,
        "duration" : 56
      },
      "status" : "passed",
      "steps" : [ ],
      "attachments" : [ ],
      "parameters" : [ ],
      "stepsCount" : 0,
      "attachmentsCount" : 0,
      "shouldDisplayMessage" : false,
      "hasContent" : false
    }, {
      "name" : "Заполнить поле подтверждение пароля сильным паролем",
      "time" : {
        "start" : 1713779562859,
        "stop" : 1713779562915,
        "duration" : 56
      },
      "status" : "passed",
      "steps" : [ ],
      "attachments" : [ ],
      "parameters" : [ ],
      "stepsCount" : 0,
      "attachmentsCount" : 0,
      "shouldDisplayMessage" : false,
      "hasContent" : false
    }, {
      "name" : "Видимость сообщения: 'Я согласен получать новости и обновления PulseWave'",
      "time" : {
        "start" : 1713779562915,
        "stop" : 1713779562938,
        "duration" : 23
      },
      "status" : "passed",
      "steps" : [ ],
      "attachments" : [ ],
      "parameters" : [ ],
      "stepsCount" : 0,
      "attachmentsCount" : 0,
      "shouldDisplayMessage" : false,
      "hasContent" : false
    }, {
      "name" : "Подтвердить изменения'",
      "time" : {
        "start" : 1713779562962,
        "stop" : 1713779563012,
        "duration" : 50
      },
      "status" : "passed",
      "steps" : [ ],
      "attachments" : [ ],
      "parameters" : [ ],
      "stepsCount" : 0,
      "attachmentsCount" : 0,
      "shouldDisplayMessage" : false,
      "hasContent" : false
    }, {
      "name" : "Получено сообщения о подтверждении регистрации",
      "time" : {
        "start" : 1713779563012,
        "stop" : 1713779565074,
        "duration" : 2062
      },
      "status" : "passed",
      "steps" : [ ],
      "attachments" : [ ],
      "parameters" : [ ],
      "stepsCount" : 0,
      "attachmentsCount" : 0,
      "shouldDisplayMessage" : false,
      "hasContent" : false
    }, {
      "name" : "Получено сообщение необходимости подтвердить регистрацию: \"Регистрация\nМы отправили вам письмо на test_pulsewave0@mail.ru.\nДля подтверждения регистрации и активации учётной записи пройдите по ссылке в письме.\nПисьмо не пришло?\nПроверьте папку Спам и нажмите кнопку «Отправить повторно».\"",
      "time" : {
        "start" : 1713779565074,
        "stop" : 1713779565084,
        "duration" : 10
      },
      "status" : "passed",
      "steps" : [ ],
      "attachments" : [ ],
      "parameters" : [ ],
      "stepsCount" : 0,
      "attachmentsCount" : 0,
      "shouldDisplayMessage" : false,
      "hasContent" : false
    }, {
      "name" : "Получить ссылку подтверждения регистрации пользователя на емайл",
      "time" : {
        "start" : 1713779575084,
        "stop" : 1713779577530,
        "duration" : 2446
      },
      "status" : "passed",
      "steps" : [ ],
      "attachments" : [ ],
      "parameters" : [ ],
      "stepsCount" : 0,
      "attachmentsCount" : 0,
      "shouldDisplayMessage" : false,
      "hasContent" : false
    }, {
      "name" : "Подтвердить изменения'",
      "time" : {
        "start" : 1713779577778,
        "stop" : 1713779598130,
        "duration" : 20352
      },
      "status" : "broken",
      "statusMessage" : "selenium.common.exceptions.TimeoutException: Message: \nStacktrace:\n#0 0x55ae416bd863 <unknown>\n#1 0x55ae413b38c6 <unknown>\n#2 0x55ae413fe618 <unknown>\n#3 0x55ae413fe6d1 <unknown>\n#4 0x55ae41441744 <unknown>\n#5 0x55ae414205cd <unknown>\n#6 0x55ae4143ec19 <unknown>\n#7 0x55ae41420343 <unknown>\n#8 0x55ae413f1593 <unknown>\n#9 0x55ae413f1f5e <unknown>\n#10 0x55ae4168184b <unknown>\n#11 0x55ae416857a5 <unknown>\n#12 0x55ae4166f571 <unknown>\n#13 0x55ae41686332 <unknown>\n#14 0x55ae4165487f <unknown>\n#15 0x55ae416ac728 <unknown>\n#16 0x55ae416ac8fb <unknown>\n#17 0x55ae416bc9b4 <unknown>\n#18 0x7f8141e94ac3 <unknown>\n\n",
      "statusTrace" : "  File \"/opt/hostedtoolcache/Python/3.12.3/x64/lib/python3.12/site-packages/allure_commons/_allure.py\", line 192, in impl\n    return func(*a, **kw)\n           ^^^^^^^^^^^^^^\n  File \"/home/runner/work/PulseWave/PulseWave/pages/signup_page.py\", line 79, in click_button_submit\n    return self.element_is_visible(self.locator.SUBMIT_BUTTON).click()\n           ^^^^^^^^^^^^^^^^^^^^^^^^^^^^^^^^^^^^^^^^^^^^^^^^^^^\n  File \"/home/runner/work/PulseWave/PulseWave/pages/base_page.py\", line 19, in element_is_visible\n    self.go_to_element(self.element_is_present(locator))\n                       ^^^^^^^^^^^^^^^^^^^^^^^^^^^^^^^^\n  File \"/home/runner/work/PulseWave/PulseWave/pages/base_page.py\", line 35, in element_is_present\n    return Wait(self.driver, self.timeout).until(es.presence_of_element_located(locator))\n           ^^^^^^^^^^^^^^^^^^^^^^^^^^^^^^^^^^^^^^^^^^^^^^^^^^^^^^^^^^^^^^^^^^^^^^^^^^^^^^\n  File \"/opt/hostedtoolcache/Python/3.12.3/x64/lib/python3.12/site-packages/selenium/webdriver/support/wait.py\", line 105, in until\n    raise TimeoutException(message, screen, stacktrace)\n",
      "steps" : [ ],
      "attachments" : [ ],
      "parameters" : [ ],
      "stepsCount" : 0,
      "attachmentsCount" : 0,
      "shouldDisplayMessage" : true,
      "hasContent" : true
    } ],
    "attachments" : [ {
      "uid" : "31ce2e102daca369",
      "name" : "Screenshot",
      "source" : "31ce2e102daca369.png",
      "type" : "image/png",
      "size" : 91614
    }, {
      "uid" : "ad9dd93a9f3f5573",
      "name" : "HTML source",
      "source" : "ad9dd93a9f3f5573.html",
      "type" : "text/html",
      "size" : 175875
    } ],
    "parameters" : [ ],
    "stepsCount" : 9,
    "attachmentsCount" : 2,
    "shouldDisplayMessage" : true,
    "hasContent" : true
  },
  "afterStages" : [ {
    "name" : "driver::0",
    "time" : {
      "start" : 1713779598276,
      "stop" : 1713779598335,
      "duration" : 59
    },
    "status" : "passed",
    "steps" : [ ],
    "attachments" : [ ],
    "parameters" : [ ],
    "stepsCount" : 0,
    "attachmentsCount" : 0,
    "shouldDisplayMessage" : false,
    "hasContent" : false
  } ],
  "labels" : [ {
    "name" : "epic",
    "value" : "Тестирование страницы 'Регистрация'"
  }, {
    "name" : "tag",
    "value" : "smoke"
  }, {
    "name" : "tag",
    "value" : "@pytest.mark.xfail"
  }, {
    "name" : "parentSuite",
    "value" : "tests.test_signup_page"
  }, {
    "name" : "suite",
    "value" : "test_signup_page"
  }, {
    "name" : "subSuite",
    "value" : "TestSignupPage"
  }, {
    "name" : "host",
    "value" : "fv-az975-714"
  }, {
    "name" : "thread",
    "value" : "2239-MainThread"
  }, {
    "name" : "framework",
    "value" : "pytest"
  }, {
    "name" : "language",
    "value" : "cpython3"
  }, {
    "name" : "package",
    "value" : "tests.test_signup_page.test_signup_page"
  }, {
    "name" : "resultFormat",
    "value" : "allure2"
  } ],
  "parameters" : [ {
    "name" : "browser",
    "value" : "'chrome'"
  } ],
  "links" : [ ],
  "hidden" : false,
  "retry" : false,
  "extra" : {
    "severity" : "normal",
    "retries" : [ ],
    "categories" : [ ],
    "history" : {
      "statistic" : {
        "failed" : 0,
        "broken" : 22,
        "skipped" : 1,
        "passed" : 29,
        "unknown" : 0,
        "total" : 52
      },
      "items" : [ {
        "uid" : "901e429b134e3155",
        "reportUrl" : "https://Nat754.github.io/PulseWave/2//#testresult/901e429b134e3155",
        "status" : "broken",
        "statusDetails" : "selenium.common.exceptions.TimeoutException: Message: \nStacktrace:\n#0 0x562f97ad5863 <unknown>\n#1 0x562f977cb8c6 <unknown>\n#2 0x562f97816618 <unknown>\n#3 0x562f978166d1 <unknown>\n#4 0x562f97859744 <unknown>\n#5 0x562f978385cd <unknown>\n#6 0x562f97856c19 <unknown>\n#7 0x562f97838343 <unknown>\n#8 0x562f97809593 <unknown>\n#9 0x562f97809f5e <unknown>\n#10 0x562f97a9984b <unknown>\n#11 0x562f97a9d7a5 <unknown>\n#12 0x562f97a87571 <unknown>\n#13 0x562f97a9e332 <unknown>\n#14 0x562f97a6c87f <unknown>\n#15 0x562f97ac4728 <unknown>\n#16 0x562f97ac48fb <unknown>\n#17 0x562f97ad49b4 <unknown>\n#18 0x7fe127694ac3 <unknown>",
        "time" : {
          "start" : 1713753139336,
          "stop" : 1713753174348,
          "duration" : 35012
        }
      }, {
        "uid" : "c4aec558c33c62e6",
        "reportUrl" : "https://Nat754.github.io/PulseWave/1//#testresult/c4aec558c33c62e6",
        "status" : "broken",
        "statusDetails" : "selenium.common.exceptions.TimeoutException: Message: \nStacktrace:\n#0 0x555c641d5863 <unknown>\n#1 0x555c63ecb8c6 <unknown>\n#2 0x555c63f16618 <unknown>\n#3 0x555c63f166d1 <unknown>\n#4 0x555c63f59744 <unknown>\n#5 0x555c63f385cd <unknown>\n#6 0x555c63f56c19 <unknown>\n#7 0x555c63f38343 <unknown>\n#8 0x555c63f09593 <unknown>\n#9 0x555c63f09f5e <unknown>\n#10 0x555c6419984b <unknown>\n#11 0x555c6419d7a5 <unknown>\n#12 0x555c64187571 <unknown>\n#13 0x555c6419e332 <unknown>\n#14 0x555c6416c87f <unknown>\n#15 0x555c641c4728 <unknown>\n#16 0x555c641c48fb <unknown>\n#17 0x555c641d49b4 <unknown>\n#18 0x7fa059a94ac3 <unknown>",
        "time" : {
          "start" : 1713667015603,
          "stop" : 1713667051990,
          "duration" : 36387
        }
      }, {
        "uid" : "291dfb0fa9efa628",
        "reportUrl" : "https://Nat754.github.io/PulseWave/198//#testresult/291dfb0fa9efa628",
        "status" : "broken",
        "statusDetails" : "selenium.common.exceptions.TimeoutException: Message: \nStacktrace:\n#0 0x5577379b5863 <unknown>\n#1 0x5577376ab8c6 <unknown>\n#2 0x5577376f6618 <unknown>\n#3 0x5577376f66d1 <unknown>\n#4 0x557737739744 <unknown>\n#5 0x5577377185cd <unknown>\n#6 0x557737736c19 <unknown>\n#7 0x557737718343 <unknown>\n#8 0x5577376e9593 <unknown>\n#9 0x5577376e9f5e <unknown>\n#10 0x55773797984b <unknown>\n#11 0x55773797d7a5 <unknown>\n#12 0x557737967571 <unknown>\n#13 0x55773797e332 <unknown>\n#14 0x55773794c87f <unknown>\n#15 0x5577379a4728 <unknown>\n#16 0x5577379a48fb <unknown>\n#17 0x5577379b49b4 <unknown>\n#18 0x7f337e894ac3 <unknown>",
        "time" : {
          "start" : 1713593688564,
          "stop" : 1713593724466,
          "duration" : 35902
        }
      }, {
        "uid" : "de510a659cd4e8d9",
        "reportUrl" : "https://Nat754.github.io/PulseWave/196//#testresult/de510a659cd4e8d9",
        "status" : "broken",
        "statusDetails" : "selenium.common.exceptions.TimeoutException: Message: \nStacktrace:\n#0 0x559e351ba863 <unknown>\n#1 0x559e34eb08c6 <unknown>\n#2 0x559e34efb618 <unknown>\n#3 0x559e34efb6d1 <unknown>\n#4 0x559e34f3e744 <unknown>\n#5 0x559e34f1d5cd <unknown>\n#6 0x559e34f3bc19 <unknown>\n#7 0x559e34f1d343 <unknown>\n#8 0x559e34eee593 <unknown>\n#9 0x559e34eeef5e <unknown>\n#10 0x559e3517e84b <unknown>\n#11 0x559e351827a5 <unknown>\n#12 0x559e3516c571 <unknown>\n#13 0x559e35183332 <unknown>\n#14 0x559e3515187f <unknown>\n#15 0x559e351a9728 <unknown>\n#16 0x559e351a98fb <unknown>\n#17 0x559e351b99b4 <unknown>\n#18 0x7fef9b494ac3 <unknown>",
        "time" : {
          "start" : 1713436608760,
          "stop" : 1713436646879,
          "duration" : 38119
        }
      }, {
        "uid" : "c536030c4ab81586",
        "reportUrl" : "https://Nat754.github.io/PulseWave/197//#testresult/c536030c4ab81586",
        "status" : "passed",
        "time" : {
          "start" : 1713199340814,
          "stop" : 1713199359506,
          "duration" : 18692
        }
      }, {
        "uid" : "a2d333869e587091",
        "reportUrl" : "https://Nat754.github.io/PulseWave/196//#testresult/a2d333869e587091",
        "status" : "passed",
        "time" : {
          "start" : 1713101997711,
          "stop" : 1713102017124,
          "duration" : 19413
        }
      }, {
        "uid" : "7356a5be05d46a01",
        "reportUrl" : "https://Nat754.github.io/PulseWave/196//#testresult/7356a5be05d46a01",
        "status" : "passed",
        "time" : {
          "start" : 1711137264627,
          "stop" : 1711137281314,
          "duration" : 16687
        }
      }, {
        "uid" : "b0e6e55745a74931",
        "reportUrl" : "https://Nat754.github.io/PulseWave/195//#testresult/b0e6e55745a74931",
        "status" : "passed",
        "time" : {
          "start" : 1710361698847,
          "stop" : 1710361716459,
          "duration" : 17612
        }
      }, {
        "uid" : "ac134905ce028649",
        "reportUrl" : "https://Nat754.github.io/PulseWave/194//#testresult/ac134905ce028649",
        "status" : "passed",
        "time" : {
          "start" : 1710227167772,
          "stop" : 1710227185242,
          "duration" : 17470
        }
      }, {
        "uid" : "a9a841eaba673426",
        "reportUrl" : "https://Nat754.github.io/PulseWave/193//#testresult/a9a841eaba673426",
        "status" : "passed",
        "time" : {
          "start" : 1710181970411,
          "stop" : 1710181986613,
          "duration" : 16202
        }
      }, {
        "uid" : "961a80b2d6ef185f",
        "reportUrl" : "https://Nat754.github.io/PulseWave/192//#testresult/961a80b2d6ef185f",
        "status" : "passed",
        "time" : {
          "start" : 1710081513119,
          "stop" : 1710081530053,
          "duration" : 16934
        }
      }, {
        "uid" : "e4f1ba6baabfdd5",
        "reportUrl" : "https://Nat754.github.io/PulseWave/191//#testresult/e4f1ba6baabfdd5",
        "status" : "passed",
        "time" : {
          "start" : 1709991132827,
          "stop" : 1709991150537,
          "duration" : 17710
        }
      }, {
        "uid" : "b6a5caa0072ed2c8",
        "reportUrl" : "https://Nat754.github.io/PulseWave/190//#testresult/b6a5caa0072ed2c8",
        "status" : "passed",
        "time" : {
          "start" : 1709989347861,
          "stop" : 1709989365091,
          "duration" : 17230
        }
      }, {
        "uid" : "f74b5224fc2e4bb2",
        "reportUrl" : "https://Nat754.github.io/PulseWave/189//#testresult/f74b5224fc2e4bb2",
        "status" : "broken",
        "statusDetails" : "selenium.common.exceptions.TimeoutException: Message: \nStacktrace:\n#0 0x55cf085bfe93 <unknown>\n#1 0x55cf082b7ce6 <unknown>\n#2 0x55cf08302e48 <unknown>\n#3 0x55cf08302f01 <unknown>\n#4 0x55cf083463f4 <unknown>\n#5 0x55cf08324edd <unknown>\n#6 0x55cf08343899 <unknown>\n#7 0x55cf08324c53 <unknown>\n#8 0x55cf082f5db3 <unknown>\n#9 0x55cf082f677e <unknown>\n#10 0x55cf085857cb <unknown>\n#11 0x55cf085897e5 <unknown>\n#12 0x55cf085730e1 <unknown>\n#13 0x55cf0858a372 <unknown>\n#14 0x55cf085571bf <unknown>\n#15 0x55cf085ae488 <unknown>\n#16 0x55cf085ae683 <unknown>\n#17 0x55cf085bf044 <unknown>\n#18 0x7f6c9f294ac3 <unknown>",
        "time" : {
          "start" : 1709932282687,
          "stop" : 1709932319908,
          "duration" : 37221
        }
      }, {
        "uid" : "16bbe1f979a7143",
        "reportUrl" : "https://Nat754.github.io/PulseWave/188//#testresult/16bbe1f979a7143",
        "status" : "broken",
        "statusDetails" : "selenium.common.exceptions.TimeoutException: Message: \nStacktrace:\n#0 0x5606fde47e93 <unknown>\n#1 0x5606fdb3fce6 <unknown>\n#2 0x5606fdb8ae48 <unknown>\n#3 0x5606fdb8af01 <unknown>\n#4 0x5606fdbce3f4 <unknown>\n#5 0x5606fdbacedd <unknown>\n#6 0x5606fdbcb899 <unknown>\n#7 0x5606fdbacc53 <unknown>\n#8 0x5606fdb7ddb3 <unknown>\n#9 0x5606fdb7e77e <unknown>\n#10 0x5606fde0d7cb <unknown>\n#11 0x5606fde117e5 <unknown>\n#12 0x5606fddfb0e1 <unknown>\n#13 0x5606fde12372 <unknown>\n#14 0x5606fdddf1bf <unknown>\n#15 0x5606fde36488 <unknown>\n#16 0x5606fde36683 <unknown>\n#17 0x5606fde47044 <unknown>\n#18 0x7febc1494ac3 <unknown>",
        "time" : {
          "start" : 1709930265881,
          "stop" : 1709930302819,
          "duration" : 36938
        }
      }, {
        "uid" : "5b31539fe7d2d774",
        "reportUrl" : "https://Nat754.github.io/PulseWave/187//#testresult/5b31539fe7d2d774",
        "status" : "passed",
        "time" : {
          "start" : 1709814606624,
          "stop" : 1709814623775,
          "duration" : 17151
        }
      }, {
        "uid" : "883cd2685fe1aef0",
        "reportUrl" : "https://Nat754.github.io/PulseWave/186//#testresult/883cd2685fe1aef0",
        "status" : "passed",
        "time" : {
          "start" : 1709751008544,
          "stop" : 1709751025000,
          "duration" : 16456
        }
      }, {
        "uid" : "f340c27ff2728375",
        "reportUrl" : "https://Nat754.github.io/PulseWave/185//#testresult/f340c27ff2728375",
        "status" : "broken",
        "statusDetails" : "selenium.common.exceptions.StaleElementReferenceException: Message: stale element reference: stale element not found\n  (Session info: chrome-headless-shell=122.0.6261.94); For documentation on this error, please visit: https://www.selenium.dev/documentation/webdriver/troubleshooting/errors#stale-element-reference-exception\nStacktrace:\n#0 0x56126a5d6e93 <unknown>\n#1 0x56126a2cece6 <unknown>\n#2 0x56126a2d40bc <unknown>\n#3 0x56126a2d5e4b <unknown>\n#4 0x56126a2d5eec <unknown>\n#5 0x56126a314322 <unknown>\n#6 0x56126a33beb2 <unknown>\n#7 0x56126a30e6b8 <unknown>\n#8 0x56126a33c07e <unknown>\n#9 0x56126a35a899 <unknown>\n#10 0x56126a33bc53 <unknown>\n#11 0x56126a30cdb3 <unknown>\n#12 0x56126a30d77e <unknown>\n#13 0x56126a59c7cb <unknown>\n#14 0x56126a5a07e5 <unknown>\n#15 0x56126a58a0e1 <unknown>\n#16 0x56126a5a1372 <unknown>\n#17 0x56126a56e1bf <unknown>\n#18 0x56126a5c5488 <unknown>\n#19 0x56126a5c5683 <unknown>\n#20 0x56126a5d6044 <unknown>\n#21 0x7ff52c294ac3 <unknown>",
        "time" : {
          "start" : 1709749582716,
          "stop" : 1709749600272,
          "duration" : 17556
        }
      }, {
        "uid" : "a01c5d2e37733473",
        "reportUrl" : "https://Nat754.github.io/PulseWave/184//#testresult/a01c5d2e37733473",
        "status" : "passed",
        "time" : {
          "start" : 1709535409482,
          "stop" : 1709535425210,
          "duration" : 15728
        }
      }, {
        "uid" : "2e802bb367879d06",
        "reportUrl" : "https://Nat754.github.io/PulseWave/183//#testresult/2e802bb367879d06",
        "status" : "broken",
        "statusDetails" : "selenium.common.exceptions.TimeoutException: Message: \nStacktrace:\n#0 0x559e04341793 <unknown>\n#1 0x559e040351c6 <unknown>\n#2 0x559e04080358 <unknown>\n#3 0x559e04080411 <unknown>\n#4 0x559e040c3934 <unknown>\n#5 0x559e040a23fd <unknown>\n#6 0x559e040c0dd9 <unknown>\n#7 0x559e040a2173 <unknown>\n#8 0x559e040732d3 <unknown>\n#9 0x559e04073c9e <unknown>\n#10 0x559e043058cb <unknown>\n#11 0x559e04309745 <unknown>\n#12 0x559e042f22e1 <unknown>\n#13 0x559e0430a2d2 <unknown>\n#14 0x559e042d617f <unknown>\n#15 0x559e0432fdc8 <unknown>\n#16 0x559e0432ffc3 <unknown>\n#17 0x559e04340944 <unknown>\n#18 0x7fe026494ac3 <unknown>",
        "time" : {
          "start" : 1709530125861,
          "stop" : 1709530146526,
          "duration" : 20665
        }
      } ]
    },
    "tags" : [ "@pytest.mark.xfail", "smoke" ]
  },
  "source" : "de5101881908a45f.json",
  "parameterValues" : [ "'chrome'" ]
}