{
  "uid" : "35d5f8b8b9fc376b",
  "name" : "1.25 Регистрация с корректным email и подтверждением пароля и пустым паролем",
  "fullName" : "tests.test_signup_page.test_signup_page.TestSignupPage#test_signup_with_correct_email_and_confirm_password_without_password",
  "historyId" : "aef7d1d1a16fc6015a615ce677f761f2",
  "time" : {
    "start" : 1714357269359,
    "stop" : 1714357269359,
    "duration" : 0
  },
  "status" : "broken",
  "statusMessage" : "selenium.common.exceptions.WebDriverException: Message: unknown error: net::ERR_CONNECTION_REFUSED\n  (Session info: chrome-headless-shell=124.0.6367.60)\nStacktrace:\n#0 0x5616474dbe33 <unknown>\n#1 0x5616471cb567 <unknown>\n#2 0x5616471c3879 <unknown>\n#3 0x5616471b3852 <unknown>\n#4 0x5616471b4e44 <unknown>\n#5 0x5616471b3bbe <unknown>\n#6 0x5616471b32e0 <unknown>\n#7 0x5616471b3181 <unknown>\n#8 0x5616471b10ec <unknown>\n#9 0x5616471b160a <unknown>\n#10 0x5616471cdeef <unknown>\n#11 0x561647257695 <unknown>\n#12 0x561647238362 <unknown>\n#13 0x561647256ae2 <unknown>\n#14 0x561647238103 <unknown>\n#15 0x5616472091ba <unknown>\n#16 0x561647209b8e <unknown>\n#17 0x5616474a059b <unknown>\n#18 0x5616474a434b <unknown>\n#19 0x56164748c681 <unknown>\n#20 0x5616474a4eb2 <unknown>\n#21 0x5616474716af <unknown>\n#22 0x5616474cb428 <unknown>\n#23 0x5616474cb600 <unknown>\n#24 0x5616474daf84 <unknown>\n#25 0x7f8ea8e94ac3 <unknown>",
  "statusTrace" : "driver = <selenium.webdriver.chrome.webdriver.WebDriver (session=\"1b8f12e9de19ff69d9dbeb9d33a8f5eb\")>\n\n    @pytest.fixture(scope='function')\n    def signup_page_open(driver):\n        signup_page = SignUpPage(driver)\n>       driver.get(Constant.SIGNUP_PAGE)\n\ntests/test_signup_page/conftest.py:9: \n_ _ _ _ _ _ _ _ _ _ _ _ _ _ _ _ _ _ _ _ _ _ _ _ _ _ _ _ _ _ _ _ _ _ _ _ _ _ _ _ \n/opt/hostedtoolcache/Python/3.12.3/x64/lib/python3.12/site-packages/selenium/webdriver/remote/webdriver.py:356: in get\n    self.execute(Command.GET, {\"url\": url})\n/opt/hostedtoolcache/Python/3.12.3/x64/lib/python3.12/site-packages/selenium/webdriver/remote/webdriver.py:347: in execute\n    self.error_handler.check_response(response)\n_ _ _ _ _ _ _ _ _ _ _ _ _ _ _ _ _ _ _ _ _ _ _ _ _ _ _ _ _ _ _ _ _ _ _ _ _ _ _ _ \n\nself = <selenium.webdriver.remote.errorhandler.ErrorHandler object at 0x7f7971c62d20>\nresponse = {'status': 500, 'value': '{\"value\":{\"error\":\"unknown error\",\"message\":\"unknown error: net::ERR_CONNECTION_REFUSED\\\\n  ...\\\\n#23 0x5616474cb600 \\\\u003Cunknown>\\\\n#24 0x5616474daf84 \\\\u003Cunknown>\\\\n#25 0x7f8ea8e94ac3 \\\\u003Cunknown>\\\\n\"}}'}\n\n    def check_response(self, response: Dict[str, Any]) -> None:\n        \"\"\"Checks that a JSON response from the WebDriver does not have an\n        error.\n    \n        :Args:\n         - response - The JSON response from the WebDriver server as a dictionary\n           object.\n    \n        :Raises: If the response contains an error message.\n        \"\"\"\n        status = response.get(\"status\", None)\n        if not status or status == ErrorCode.SUCCESS:\n            return\n        value = None\n        message = response.get(\"message\", \"\")\n        screen: str = response.get(\"screen\", \"\")\n        stacktrace = None\n        if isinstance(status, int):\n            value_json = response.get(\"value\", None)\n            if value_json and isinstance(value_json, str):\n                import json\n    \n                try:\n                    value = json.loads(value_json)\n                    if len(value) == 1:\n                        value = value[\"value\"]\n                    status = value.get(\"error\", None)\n                    if not status:\n                        status = value.get(\"status\", ErrorCode.UNKNOWN_ERROR)\n                        message = value.get(\"value\") or value.get(\"message\")\n                        if not isinstance(message, str):\n                            value = message\n                            message = message.get(\"message\")\n                    else:\n                        message = value.get(\"message\", None)\n                except ValueError:\n                    pass\n    \n        exception_class: Type[WebDriverException]\n        e = ErrorCode()\n        error_codes = [item for item in dir(e) if not item.startswith(\"__\")]\n        for error_code in error_codes:\n            error_info = getattr(ErrorCode, error_code)\n            if isinstance(error_info, list) and status in error_info:\n                exception_class = getattr(ExceptionMapping, error_code, WebDriverException)\n                break\n        else:\n            exception_class = WebDriverException\n    \n        if not value:\n            value = response[\"value\"]\n        if isinstance(value, str):\n            raise exception_class(value)\n        if message == \"\" and \"message\" in value:\n            message = value[\"message\"]\n    \n        screen = None  # type: ignore[assignment]\n        if \"screen\" in value:\n            screen = value[\"screen\"]\n    \n        stacktrace = None\n        st_value = value.get(\"stackTrace\") or value.get(\"stacktrace\")\n        if st_value:\n            if isinstance(st_value, str):\n                stacktrace = st_value.split(\"\\n\")\n            else:\n                stacktrace = []\n                try:\n                    for frame in st_value:\n                        line = frame.get(\"lineNumber\", \"\")\n                        file = frame.get(\"fileName\", \"<anonymous>\")\n                        if line:\n                            file = f\"{file}:{line}\"\n                        meth = frame.get(\"methodName\", \"<anonymous>\")\n                        if \"className\" in frame:\n                            meth = f\"{frame['className']}.{meth}\"\n                        msg = \"    at %s (%s)\"\n                        msg = msg % (meth, file)\n                        stacktrace.append(msg)\n                except TypeError:\n                    pass\n        if exception_class == UnexpectedAlertPresentException:\n            alert_text = None\n            if \"data\" in value:\n                alert_text = value[\"data\"].get(\"text\")\n            elif \"alert\" in value:\n                alert_text = value[\"alert\"].get(\"text\")\n            raise exception_class(message, screen, stacktrace, alert_text)  # type: ignore[call-arg]  # mypy is not smart enough here\n>       raise exception_class(message, screen, stacktrace)\nE       selenium.common.exceptions.WebDriverException: Message: unknown error: net::ERR_CONNECTION_REFUSED\nE         (Session info: chrome-headless-shell=124.0.6367.60)\nE       Stacktrace:\nE       #0 0x5616474dbe33 <unknown>\nE       #1 0x5616471cb567 <unknown>\nE       #2 0x5616471c3879 <unknown>\nE       #3 0x5616471b3852 <unknown>\nE       #4 0x5616471b4e44 <unknown>\nE       #5 0x5616471b3bbe <unknown>\nE       #6 0x5616471b32e0 <unknown>\nE       #7 0x5616471b3181 <unknown>\nE       #8 0x5616471b10ec <unknown>\nE       #9 0x5616471b160a <unknown>\nE       #10 0x5616471cdeef <unknown>\nE       #11 0x561647257695 <unknown>\nE       #12 0x561647238362 <unknown>\nE       #13 0x561647256ae2 <unknown>\nE       #14 0x561647238103 <unknown>\nE       #15 0x5616472091ba <unknown>\nE       #16 0x561647209b8e <unknown>\nE       #17 0x5616474a059b <unknown>\nE       #18 0x5616474a434b <unknown>\nE       #19 0x56164748c681 <unknown>\nE       #20 0x5616474a4eb2 <unknown>\nE       #21 0x5616474716af <unknown>\nE       #22 0x5616474cb428 <unknown>\nE       #23 0x5616474cb600 <unknown>\nE       #24 0x5616474daf84 <unknown>\nE       #25 0x7f8ea8e94ac3 <unknown>\n\n/opt/hostedtoolcache/Python/3.12.3/x64/lib/python3.12/site-packages/selenium/webdriver/remote/errorhandler.py:229: WebDriverException",
  "flaky" : false,
  "newFailed" : false,
  "beforeStages" : [ {
    "name" : "signup_page_open",
    "time" : {
      "start" : 1714357269558,
      "stop" : 1714357269712,
      "duration" : 154
    },
    "status" : "broken",
    "statusMessage" : "selenium.common.exceptions.WebDriverException: Message: unknown error: net::ERR_CONNECTION_REFUSED\n  (Session info: chrome-headless-shell=124.0.6367.60)\nStacktrace:\n#0 0x5616474dbe33 <unknown>\n#1 0x5616471cb567 <unknown>\n#2 0x5616471c3879 <unknown>\n#3 0x5616471b3852 <unknown>\n#4 0x5616471b4e44 <unknown>\n#5 0x5616471b3bbe <unknown>\n#6 0x5616471b32e0 <unknown>\n#7 0x5616471b3181 <unknown>\n#8 0x5616471b10ec <unknown>\n#9 0x5616471b160a <unknown>\n#10 0x5616471cdeef <unknown>\n#11 0x561647257695 <unknown>\n#12 0x561647238362 <unknown>\n#13 0x561647256ae2 <unknown>\n#14 0x561647238103 <unknown>\n#15 0x5616472091ba <unknown>\n#16 0x561647209b8e <unknown>\n#17 0x5616474a059b <unknown>\n#18 0x5616474a434b <unknown>\n#19 0x56164748c681 <unknown>\n#20 0x5616474a4eb2 <unknown>\n#21 0x5616474716af <unknown>\n#22 0x5616474cb428 <unknown>\n#23 0x5616474cb600 <unknown>\n#24 0x5616474daf84 <unknown>\n#25 0x7f8ea8e94ac3 <unknown>\n\n",
    "statusTrace" : "  File \"/opt/hostedtoolcache/Python/3.12.3/x64/lib/python3.12/site-packages/pluggy/_callers.py\", line 167, in _multicall\n    teardown.throw(outcome._exception)\n  File \"/opt/hostedtoolcache/Python/3.12.3/x64/lib/python3.12/site-packages/_pytest/setuponly.py\", line 36, in pytest_fixture_setup\n    return (yield)\n            ^^^^^\n  File \"/opt/hostedtoolcache/Python/3.12.3/x64/lib/python3.12/site-packages/pluggy/_callers.py\", line 103, in _multicall\n    res = hook_impl.function(*args)\n          ^^^^^^^^^^^^^^^^^^^^^^^^^\n  File \"/opt/hostedtoolcache/Python/3.12.3/x64/lib/python3.12/site-packages/_pytest/fixtures.py\", line 1140, in pytest_fixture_setup\n    result = call_fixture_func(fixturefunc, request, kwargs)\n             ^^^^^^^^^^^^^^^^^^^^^^^^^^^^^^^^^^^^^^^^^^^^^^^\n  File \"/opt/hostedtoolcache/Python/3.12.3/x64/lib/python3.12/site-packages/_pytest/fixtures.py\", line 917, in call_fixture_func\n    fixture_result = fixturefunc(**kwargs)\n                     ^^^^^^^^^^^^^^^^^^^^^\n  File \"/home/runner/work/PulseWave/PulseWave/tests/test_signup_page/conftest.py\", line 9, in signup_page_open\n    driver.get(Constant.SIGNUP_PAGE)\n  File \"/opt/hostedtoolcache/Python/3.12.3/x64/lib/python3.12/site-packages/selenium/webdriver/remote/webdriver.py\", line 356, in get\n    self.execute(Command.GET, {\"url\": url})\n  File \"/opt/hostedtoolcache/Python/3.12.3/x64/lib/python3.12/site-packages/selenium/webdriver/remote/webdriver.py\", line 347, in execute\n    self.error_handler.check_response(response)\n  File \"/opt/hostedtoolcache/Python/3.12.3/x64/lib/python3.12/site-packages/selenium/webdriver/remote/errorhandler.py\", line 229, in check_response\n    raise exception_class(message, screen, stacktrace)\n",
    "steps" : [ ],
    "attachments" : [ ],
    "parameters" : [ ],
    "stepsCount" : 0,
    "attachmentsCount" : 0,
    "shouldDisplayMessage" : true,
    "hasContent" : true
  }, {
    "name" : "clear_allure_results_folder",
    "time" : {
      "start" : 1714357159972,
      "stop" : 1714357159973,
      "duration" : 1
    },
    "status" : "passed",
    "steps" : [ ],
    "attachments" : [ ],
    "parameters" : [ ],
    "stepsCount" : 0,
    "attachmentsCount" : 0,
    "shouldDisplayMessage" : false,
    "hasContent" : false
  }, {
    "name" : "_session_faker",
    "time" : {
      "start" : 1714357159955,
      "stop" : 1714357159972,
      "duration" : 17
    },
    "status" : "passed",
    "steps" : [ ],
    "attachments" : [ ],
    "parameters" : [ ],
    "stepsCount" : 0,
    "attachmentsCount" : 0,
    "shouldDisplayMessage" : false,
    "hasContent" : false
  }, {
    "name" : "driver",
    "time" : {
      "start" : 1714357269359,
      "stop" : 1714357269557,
      "duration" : 198
    },
    "status" : "passed",
    "steps" : [ ],
    "attachments" : [ ],
    "parameters" : [ ],
    "stepsCount" : 0,
    "attachmentsCount" : 0,
    "shouldDisplayMessage" : false,
    "hasContent" : false
  } ],
  "afterStages" : [ {
    "name" : "driver::0",
    "time" : {
      "start" : 1714357269743,
      "stop" : 1714357269800,
      "duration" : 57
    },
    "status" : "passed",
    "steps" : [ ],
    "attachments" : [ ],
    "parameters" : [ ],
    "stepsCount" : 0,
    "attachmentsCount" : 0,
    "shouldDisplayMessage" : false,
    "hasContent" : false
  } ],
  "labels" : [ {
    "name" : "epic",
    "value" : "Тестирование страницы 'Регистрация'"
  }, {
    "name" : "tag",
    "value" : "smoke"
  }, {
    "name" : "parentSuite",
    "value" : "tests.test_signup_page"
  }, {
    "name" : "suite",
    "value" : "test_signup_page"
  }, {
    "name" : "subSuite",
    "value" : "TestSignupPage"
  }, {
    "name" : "host",
    "value" : "fv-az842-111"
  }, {
    "name" : "thread",
    "value" : "2300-MainThread"
  }, {
    "name" : "framework",
    "value" : "pytest"
  }, {
    "name" : "language",
    "value" : "cpython3"
  }, {
    "name" : "package",
    "value" : "tests.test_signup_page.test_signup_page"
  }, {
    "name" : "resultFormat",
    "value" : "allure2"
  } ],
  "parameters" : [ {
    "name" : "browser",
    "value" : "'chrome'"
  } ],
  "links" : [ ],
  "hidden" : false,
  "retry" : false,
  "extra" : {
    "severity" : "normal",
    "retries" : [ ],
    "categories" : [ {
      "name" : "Test defects",
      "matchedStatuses" : [ ],
      "flaky" : false
    } ],
    "history" : {
      "statistic" : {
        "failed" : 0,
        "broken" : 2,
        "skipped" : 0,
        "passed" : 11,
        "unknown" : 0,
        "total" : 13
      },
      "items" : [ {
        "uid" : "bc0d89842cac882c",
        "reportUrl" : "https://Nat754.github.io/PulseWave/8//#testresult/bc0d89842cac882c",
        "status" : "broken",
        "statusDetails" : "selenium.common.exceptions.TimeoutException: Message: \nStacktrace:\n#0 0x55e366f2de33 <unknown>\n#1 0x55e366c1d567 <unknown>\n#2 0x55e366c6827d <unknown>\n#3 0x55e366c68331 <unknown>\n#4 0x55e366cab624 <unknown>\n#5 0x55e366c8a38d <unknown>\n#6 0x55e366ca8ae2 <unknown>\n#7 0x55e366c8a103 <unknown>\n#8 0x55e366c5b1ba <unknown>\n#9 0x55e366c5bb8e <unknown>\n#10 0x55e366ef259b <unknown>\n#11 0x55e366ef634b <unknown>\n#12 0x55e366ede681 <unknown>\n#13 0x55e366ef6eb2 <unknown>\n#14 0x55e366ec36af <unknown>\n#15 0x55e366f1d428 <unknown>\n#16 0x55e366f1d600 <unknown>\n#17 0x55e366f2cf84 <unknown>\n#18 0x7f80f4c94ac3 <unknown>",
        "time" : {
          "start" : 1714274210590,
          "stop" : 1714274210590,
          "duration" : 0
        }
      }, {
        "uid" : "16a2819ff375c7f2",
        "reportUrl" : "https://Nat754.github.io/PulseWave/7//#testresult/16a2819ff375c7f2",
        "status" : "passed",
        "time" : {
          "start" : 1714185366780,
          "stop" : 1714185369032,
          "duration" : 2252
        }
      }, {
        "uid" : "86e839182aa4f550",
        "reportUrl" : "https://Nat754.github.io/PulseWave/6//#testresult/86e839182aa4f550",
        "status" : "passed",
        "time" : {
          "start" : 1714148784710,
          "stop" : 1714148786969,
          "duration" : 2259
        }
      }, {
        "uid" : "d97a9556fa8d37ca",
        "reportUrl" : "https://Nat754.github.io/PulseWave/6//#testresult/d97a9556fa8d37ca",
        "status" : "passed",
        "time" : {
          "start" : 1714098834546,
          "stop" : 1714098836793,
          "duration" : 2247
        }
      }, {
        "uid" : "bfc61ce995dd349b",
        "reportUrl" : "https://Nat754.github.io/PulseWave/5//#testresult/bfc61ce995dd349b",
        "status" : "passed",
        "time" : {
          "start" : 1714014680601,
          "stop" : 1714014682855,
          "duration" : 2254
        }
      }, {
        "uid" : "647e27f9ebeb18c",
        "reportUrl" : "https://Nat754.github.io/PulseWave/211//#testresult/647e27f9ebeb18c",
        "status" : "passed",
        "time" : {
          "start" : 1713946191170,
          "stop" : 1713946193425,
          "duration" : 2255
        }
      }, {
        "uid" : "b1e5cc6b13a10a76",
        "reportUrl" : "https://Nat754.github.io/PulseWave/4//#testresult/b1e5cc6b13a10a76",
        "status" : "passed",
        "time" : {
          "start" : 1713925983096,
          "stop" : 1713925985354,
          "duration" : 2258
        }
      }, {
        "uid" : "4832d9cea33d93f1",
        "reportUrl" : "https://Nat754.github.io/PulseWave/211//#testresult/4832d9cea33d93f1",
        "status" : "passed",
        "time" : {
          "start" : 1713901863102,
          "stop" : 1713901865369,
          "duration" : 2267
        }
      }, {
        "uid" : "295c1b50ebc96d8d",
        "reportUrl" : "https://Nat754.github.io/PulseWave/210//#testresult/295c1b50ebc96d8d",
        "status" : "passed",
        "time" : {
          "start" : 1713886107845,
          "stop" : 1713886110106,
          "duration" : 2261
        }
      }, {
        "uid" : "12ba2bfb26ba104f",
        "reportUrl" : "https://Nat754.github.io/PulseWave/209//#testresult/12ba2bfb26ba104f",
        "status" : "passed",
        "time" : {
          "start" : 1713883994718,
          "stop" : 1713883996969,
          "duration" : 2251
        }
      }, {
        "uid" : "a384a2d9a530b232",
        "reportUrl" : "https://Nat754.github.io/PulseWave/209//#testresult/a384a2d9a530b232",
        "status" : "passed",
        "time" : {
          "start" : 1713882525586,
          "stop" : 1713882527837,
          "duration" : 2251
        }
      }, {
        "uid" : "61cab52cb61ae91",
        "reportUrl" : "https://Nat754.github.io/PulseWave/208//#testresult/61cab52cb61ae91",
        "status" : "passed",
        "time" : {
          "start" : 1713879703838,
          "stop" : 1713879706095,
          "duration" : 2257
        }
      } ]
    },
    "tags" : [ "smoke" ]
  },
  "source" : "35d5f8b8b9fc376b.json",
  "parameterValues" : [ "'chrome'" ]
}