{
  "uid" : "5682685499bc8cd7",
  "name" : "Проверка текста элемента 'Самый высокий уровень бесперебойной работы!'",
  "fullName" : "tests.test_main_page.test_main_page.TestMainPage#test_get_text_body_all_time",
  "historyId" : "ee26936a118730d003926d2a98526979",
  "time" : {
    "start" : 1714357258753,
    "stop" : 1714357258753,
    "duration" : 0
  },
  "status" : "broken",
  "statusMessage" : "selenium.common.exceptions.WebDriverException: Message: unknown error: net::ERR_CONNECTION_REFUSED\n  (Session info: chrome-headless-shell=124.0.6367.60)\nStacktrace:\n#0 0x557edd17fe33 <unknown>\n#1 0x557edce6f567 <unknown>\n#2 0x557edce67879 <unknown>\n#3 0x557edce57852 <unknown>\n#4 0x557edce58e44 <unknown>\n#5 0x557edce57bbe <unknown>\n#6 0x557edce572e0 <unknown>\n#7 0x557edce57181 <unknown>\n#8 0x557edce550ec <unknown>\n#9 0x557edce5560a <unknown>\n#10 0x557edce71eef <unknown>\n#11 0x557edcefb695 <unknown>\n#12 0x557edcedc362 <unknown>\n#13 0x557edcefaae2 <unknown>\n#14 0x557edcedc103 <unknown>\n#15 0x557edcead1ba <unknown>\n#16 0x557edceadb8e <unknown>\n#17 0x557edd14459b <unknown>\n#18 0x557edd14834b <unknown>\n#19 0x557edd130681 <unknown>\n#20 0x557edd148eb2 <unknown>\n#21 0x557edd1156af <unknown>\n#22 0x557edd16f428 <unknown>\n#23 0x557edd16f600 <unknown>\n#24 0x557edd17ef84 <unknown>\n#25 0x7f5b42694ac3 <unknown>",
  "statusTrace" : "driver = <selenium.webdriver.chrome.webdriver.WebDriver (session=\"2a33bdcc1d3e7f609b0acec5ef86ac51\")>\n\n    @pytest.fixture(scope='function')\n    def main_page_open(driver):\n        main_page = MainPage(driver)\n>       driver.get(Constant.MAIN_PAGE)\n\ntests/test_main_page/conftest.py:9: \n_ _ _ _ _ _ _ _ _ _ _ _ _ _ _ _ _ _ _ _ _ _ _ _ _ _ _ _ _ _ _ _ _ _ _ _ _ _ _ _ \n/opt/hostedtoolcache/Python/3.12.3/x64/lib/python3.12/site-packages/selenium/webdriver/remote/webdriver.py:356: in get\n    self.execute(Command.GET, {\"url\": url})\n/opt/hostedtoolcache/Python/3.12.3/x64/lib/python3.12/site-packages/selenium/webdriver/remote/webdriver.py:347: in execute\n    self.error_handler.check_response(response)\n_ _ _ _ _ _ _ _ _ _ _ _ _ _ _ _ _ _ _ _ _ _ _ _ _ _ _ _ _ _ _ _ _ _ _ _ _ _ _ _ \n\nself = <selenium.webdriver.remote.errorhandler.ErrorHandler object at 0x7f7971c4c950>\nresponse = {'status': 500, 'value': '{\"value\":{\"error\":\"unknown error\",\"message\":\"unknown error: net::ERR_CONNECTION_REFUSED\\\\n  ...\\\\n#23 0x557edd16f600 \\\\u003Cunknown>\\\\n#24 0x557edd17ef84 \\\\u003Cunknown>\\\\n#25 0x7f5b42694ac3 \\\\u003Cunknown>\\\\n\"}}'}\n\n    def check_response(self, response: Dict[str, Any]) -> None:\n        \"\"\"Checks that a JSON response from the WebDriver does not have an\n        error.\n    \n        :Args:\n         - response - The JSON response from the WebDriver server as a dictionary\n           object.\n    \n        :Raises: If the response contains an error message.\n        \"\"\"\n        status = response.get(\"status\", None)\n        if not status or status == ErrorCode.SUCCESS:\n            return\n        value = None\n        message = response.get(\"message\", \"\")\n        screen: str = response.get(\"screen\", \"\")\n        stacktrace = None\n        if isinstance(status, int):\n            value_json = response.get(\"value\", None)\n            if value_json and isinstance(value_json, str):\n                import json\n    \n                try:\n                    value = json.loads(value_json)\n                    if len(value) == 1:\n                        value = value[\"value\"]\n                    status = value.get(\"error\", None)\n                    if not status:\n                        status = value.get(\"status\", ErrorCode.UNKNOWN_ERROR)\n                        message = value.get(\"value\") or value.get(\"message\")\n                        if not isinstance(message, str):\n                            value = message\n                            message = message.get(\"message\")\n                    else:\n                        message = value.get(\"message\", None)\n                except ValueError:\n                    pass\n    \n        exception_class: Type[WebDriverException]\n        e = ErrorCode()\n        error_codes = [item for item in dir(e) if not item.startswith(\"__\")]\n        for error_code in error_codes:\n            error_info = getattr(ErrorCode, error_code)\n            if isinstance(error_info, list) and status in error_info:\n                exception_class = getattr(ExceptionMapping, error_code, WebDriverException)\n                break\n        else:\n            exception_class = WebDriverException\n    \n        if not value:\n            value = response[\"value\"]\n        if isinstance(value, str):\n            raise exception_class(value)\n        if message == \"\" and \"message\" in value:\n            message = value[\"message\"]\n    \n        screen = None  # type: ignore[assignment]\n        if \"screen\" in value:\n            screen = value[\"screen\"]\n    \n        stacktrace = None\n        st_value = value.get(\"stackTrace\") or value.get(\"stacktrace\")\n        if st_value:\n            if isinstance(st_value, str):\n                stacktrace = st_value.split(\"\\n\")\n            else:\n                stacktrace = []\n                try:\n                    for frame in st_value:\n                        line = frame.get(\"lineNumber\", \"\")\n                        file = frame.get(\"fileName\", \"<anonymous>\")\n                        if line:\n                            file = f\"{file}:{line}\"\n                        meth = frame.get(\"methodName\", \"<anonymous>\")\n                        if \"className\" in frame:\n                            meth = f\"{frame['className']}.{meth}\"\n                        msg = \"    at %s (%s)\"\n                        msg = msg % (meth, file)\n                        stacktrace.append(msg)\n                except TypeError:\n                    pass\n        if exception_class == UnexpectedAlertPresentException:\n            alert_text = None\n            if \"data\" in value:\n                alert_text = value[\"data\"].get(\"text\")\n            elif \"alert\" in value:\n                alert_text = value[\"alert\"].get(\"text\")\n            raise exception_class(message, screen, stacktrace, alert_text)  # type: ignore[call-arg]  # mypy is not smart enough here\n>       raise exception_class(message, screen, stacktrace)\nE       selenium.common.exceptions.WebDriverException: Message: unknown error: net::ERR_CONNECTION_REFUSED\nE         (Session info: chrome-headless-shell=124.0.6367.60)\nE       Stacktrace:\nE       #0 0x557edd17fe33 <unknown>\nE       #1 0x557edce6f567 <unknown>\nE       #2 0x557edce67879 <unknown>\nE       #3 0x557edce57852 <unknown>\nE       #4 0x557edce58e44 <unknown>\nE       #5 0x557edce57bbe <unknown>\nE       #6 0x557edce572e0 <unknown>\nE       #7 0x557edce57181 <unknown>\nE       #8 0x557edce550ec <unknown>\nE       #9 0x557edce5560a <unknown>\nE       #10 0x557edce71eef <unknown>\nE       #11 0x557edcefb695 <unknown>\nE       #12 0x557edcedc362 <unknown>\nE       #13 0x557edcefaae2 <unknown>\nE       #14 0x557edcedc103 <unknown>\nE       #15 0x557edcead1ba <unknown>\nE       #16 0x557edceadb8e <unknown>\nE       #17 0x557edd14459b <unknown>\nE       #18 0x557edd14834b <unknown>\nE       #19 0x557edd130681 <unknown>\nE       #20 0x557edd148eb2 <unknown>\nE       #21 0x557edd1156af <unknown>\nE       #22 0x557edd16f428 <unknown>\nE       #23 0x557edd16f600 <unknown>\nE       #24 0x557edd17ef84 <unknown>\nE       #25 0x7f5b42694ac3 <unknown>\n\n/opt/hostedtoolcache/Python/3.12.3/x64/lib/python3.12/site-packages/selenium/webdriver/remote/errorhandler.py:229: WebDriverException",
  "flaky" : false,
  "newFailed" : false,
  "beforeStages" : [ {
    "name" : "driver",
    "time" : {
      "start" : 1714357258754,
      "stop" : 1714357258952,
      "duration" : 198
    },
    "status" : "passed",
    "steps" : [ ],
    "attachments" : [ ],
    "parameters" : [ ],
    "stepsCount" : 0,
    "attachmentsCount" : 0,
    "shouldDisplayMessage" : false,
    "hasContent" : false
  }, {
    "name" : "clear_allure_results_folder",
    "time" : {
      "start" : 1714357159972,
      "stop" : 1714357159973,
      "duration" : 1
    },
    "status" : "passed",
    "steps" : [ ],
    "attachments" : [ ],
    "parameters" : [ ],
    "stepsCount" : 0,
    "attachmentsCount" : 0,
    "shouldDisplayMessage" : false,
    "hasContent" : false
  }, {
    "name" : "main_page_open",
    "time" : {
      "start" : 1714357258952,
      "stop" : 1714357259105,
      "duration" : 153
    },
    "status" : "broken",
    "statusMessage" : "selenium.common.exceptions.WebDriverException: Message: unknown error: net::ERR_CONNECTION_REFUSED\n  (Session info: chrome-headless-shell=124.0.6367.60)\nStacktrace:\n#0 0x557edd17fe33 <unknown>\n#1 0x557edce6f567 <unknown>\n#2 0x557edce67879 <unknown>\n#3 0x557edce57852 <unknown>\n#4 0x557edce58e44 <unknown>\n#5 0x557edce57bbe <unknown>\n#6 0x557edce572e0 <unknown>\n#7 0x557edce57181 <unknown>\n#8 0x557edce550ec <unknown>\n#9 0x557edce5560a <unknown>\n#10 0x557edce71eef <unknown>\n#11 0x557edcefb695 <unknown>\n#12 0x557edcedc362 <unknown>\n#13 0x557edcefaae2 <unknown>\n#14 0x557edcedc103 <unknown>\n#15 0x557edcead1ba <unknown>\n#16 0x557edceadb8e <unknown>\n#17 0x557edd14459b <unknown>\n#18 0x557edd14834b <unknown>\n#19 0x557edd130681 <unknown>\n#20 0x557edd148eb2 <unknown>\n#21 0x557edd1156af <unknown>\n#22 0x557edd16f428 <unknown>\n#23 0x557edd16f600 <unknown>\n#24 0x557edd17ef84 <unknown>\n#25 0x7f5b42694ac3 <unknown>\n\n",
    "statusTrace" : "  File \"/opt/hostedtoolcache/Python/3.12.3/x64/lib/python3.12/site-packages/pluggy/_callers.py\", line 167, in _multicall\n    teardown.throw(outcome._exception)\n  File \"/opt/hostedtoolcache/Python/3.12.3/x64/lib/python3.12/site-packages/_pytest/setuponly.py\", line 36, in pytest_fixture_setup\n    return (yield)\n            ^^^^^\n  File \"/opt/hostedtoolcache/Python/3.12.3/x64/lib/python3.12/site-packages/pluggy/_callers.py\", line 103, in _multicall\n    res = hook_impl.function(*args)\n          ^^^^^^^^^^^^^^^^^^^^^^^^^\n  File \"/opt/hostedtoolcache/Python/3.12.3/x64/lib/python3.12/site-packages/_pytest/fixtures.py\", line 1140, in pytest_fixture_setup\n    result = call_fixture_func(fixturefunc, request, kwargs)\n             ^^^^^^^^^^^^^^^^^^^^^^^^^^^^^^^^^^^^^^^^^^^^^^^\n  File \"/opt/hostedtoolcache/Python/3.12.3/x64/lib/python3.12/site-packages/_pytest/fixtures.py\", line 917, in call_fixture_func\n    fixture_result = fixturefunc(**kwargs)\n                     ^^^^^^^^^^^^^^^^^^^^^\n  File \"/home/runner/work/PulseWave/PulseWave/tests/test_main_page/conftest.py\", line 9, in main_page_open\n    driver.get(Constant.MAIN_PAGE)\n  File \"/opt/hostedtoolcache/Python/3.12.3/x64/lib/python3.12/site-packages/selenium/webdriver/remote/webdriver.py\", line 356, in get\n    self.execute(Command.GET, {\"url\": url})\n  File \"/opt/hostedtoolcache/Python/3.12.3/x64/lib/python3.12/site-packages/selenium/webdriver/remote/webdriver.py\", line 347, in execute\n    self.error_handler.check_response(response)\n  File \"/opt/hostedtoolcache/Python/3.12.3/x64/lib/python3.12/site-packages/selenium/webdriver/remote/errorhandler.py\", line 229, in check_response\n    raise exception_class(message, screen, stacktrace)\n",
    "steps" : [ ],
    "attachments" : [ ],
    "parameters" : [ ],
    "stepsCount" : 0,
    "attachmentsCount" : 0,
    "shouldDisplayMessage" : true,
    "hasContent" : true
  }, {
    "name" : "_session_faker",
    "time" : {
      "start" : 1714357159955,
      "stop" : 1714357159972,
      "duration" : 17
    },
    "status" : "passed",
    "steps" : [ ],
    "attachments" : [ ],
    "parameters" : [ ],
    "stepsCount" : 0,
    "attachmentsCount" : 0,
    "shouldDisplayMessage" : false,
    "hasContent" : false
  } ],
  "afterStages" : [ {
    "name" : "driver::0",
    "time" : {
      "start" : 1714357259135,
      "stop" : 1714357259193,
      "duration" : 58
    },
    "status" : "passed",
    "steps" : [ ],
    "attachments" : [ ],
    "parameters" : [ ],
    "stepsCount" : 0,
    "attachmentsCount" : 0,
    "shouldDisplayMessage" : false,
    "hasContent" : false
  } ],
  "labels" : [ {
    "name" : "epic",
    "value" : "Тестирование Главной страницы"
  }, {
    "name" : "tag",
    "value" : "regress"
  }, {
    "name" : "parentSuite",
    "value" : "tests.test_main_page"
  }, {
    "name" : "suite",
    "value" : "test_main_page"
  }, {
    "name" : "subSuite",
    "value" : "TestMainPage"
  }, {
    "name" : "host",
    "value" : "fv-az842-111"
  }, {
    "name" : "thread",
    "value" : "2300-MainThread"
  }, {
    "name" : "framework",
    "value" : "pytest"
  }, {
    "name" : "language",
    "value" : "cpython3"
  }, {
    "name" : "package",
    "value" : "tests.test_main_page.test_main_page"
  }, {
    "name" : "resultFormat",
    "value" : "allure2"
  } ],
  "parameters" : [ {
    "name" : "browser",
    "value" : "'chrome'"
  } ],
  "links" : [ ],
  "hidden" : false,
  "retry" : false,
  "extra" : {
    "severity" : "normal",
    "retries" : [ ],
    "categories" : [ {
      "name" : "Test defects",
      "matchedStatuses" : [ ],
      "flaky" : false
    } ],
    "history" : {
      "statistic" : {
        "failed" : 0,
        "broken" : 2,
        "skipped" : 0,
        "passed" : 11,
        "unknown" : 0,
        "total" : 13
      },
      "items" : [ {
        "uid" : "6cf64d55e6000ff8",
        "reportUrl" : "https://Nat754.github.io/PulseWave/8//#testresult/6cf64d55e6000ff8",
        "status" : "broken",
        "statusDetails" : "selenium.common.exceptions.TimeoutException: Message: \nStacktrace:\n#0 0x55ab3dae7e33 <unknown>\n#1 0x55ab3d7d7567 <unknown>\n#2 0x55ab3d82227d <unknown>\n#3 0x55ab3d822331 <unknown>\n#4 0x55ab3d865624 <unknown>\n#5 0x55ab3d84438d <unknown>\n#6 0x55ab3d862ae2 <unknown>\n#7 0x55ab3d844103 <unknown>\n#8 0x55ab3d8151ba <unknown>\n#9 0x55ab3d815b8e <unknown>\n#10 0x55ab3daac59b <unknown>\n#11 0x55ab3dab034b <unknown>\n#12 0x55ab3da98681 <unknown>\n#13 0x55ab3dab0eb2 <unknown>\n#14 0x55ab3da7d6af <unknown>\n#15 0x55ab3dad7428 <unknown>\n#16 0x55ab3dad7600 <unknown>\n#17 0x55ab3dae6f84 <unknown>\n#18 0x7f7dff094ac3 <unknown>",
        "time" : {
          "start" : 1714273705540,
          "stop" : 1714273705540,
          "duration" : 0
        }
      }, {
        "uid" : "3864fa5eed814aa5",
        "reportUrl" : "https://Nat754.github.io/PulseWave/7//#testresult/3864fa5eed814aa5",
        "status" : "passed",
        "time" : {
          "start" : 1714185179173,
          "stop" : 1714185179212,
          "duration" : 39
        }
      }, {
        "uid" : "7a4fc1751557e090",
        "reportUrl" : "https://Nat754.github.io/PulseWave/6//#testresult/7a4fc1751557e090",
        "status" : "passed",
        "time" : {
          "start" : 1714148611570,
          "stop" : 1714148611614,
          "duration" : 44
        }
      }, {
        "uid" : "e5346778670d20f",
        "reportUrl" : "https://Nat754.github.io/PulseWave/6//#testresult/e5346778670d20f",
        "status" : "passed",
        "time" : {
          "start" : 1714098661672,
          "stop" : 1714098661712,
          "duration" : 40
        }
      }, {
        "uid" : "30b8a4fa90bf7cf5",
        "reportUrl" : "https://Nat754.github.io/PulseWave/5//#testresult/30b8a4fa90bf7cf5",
        "status" : "passed",
        "time" : {
          "start" : 1714014520565,
          "stop" : 1714014520604,
          "duration" : 39
        }
      }, {
        "uid" : "d78a43832901a4ed",
        "reportUrl" : "https://Nat754.github.io/PulseWave/211//#testresult/d78a43832901a4ed",
        "status" : "passed",
        "time" : {
          "start" : 1713946026349,
          "stop" : 1713946026387,
          "duration" : 38
        }
      }, {
        "uid" : "91be4f8b68401fdd",
        "reportUrl" : "https://Nat754.github.io/PulseWave/4//#testresult/91be4f8b68401fdd",
        "status" : "passed",
        "time" : {
          "start" : 1713925817038,
          "stop" : 1713925817077,
          "duration" : 39
        }
      }, {
        "uid" : "401bae849b039b9a",
        "reportUrl" : "https://Nat754.github.io/PulseWave/211//#testresult/401bae849b039b9a",
        "status" : "passed",
        "time" : {
          "start" : 1713901689335,
          "stop" : 1713901689375,
          "duration" : 40
        }
      }, {
        "uid" : "217da654d3fa0d06",
        "reportUrl" : "https://Nat754.github.io/PulseWave/210//#testresult/217da654d3fa0d06",
        "status" : "passed",
        "time" : {
          "start" : 1713885916730,
          "stop" : 1713885916768,
          "duration" : 38
        }
      }, {
        "uid" : "7f45162d087830c5",
        "reportUrl" : "https://Nat754.github.io/PulseWave/209//#testresult/7f45162d087830c5",
        "status" : "passed",
        "time" : {
          "start" : 1713883804737,
          "stop" : 1713883804776,
          "duration" : 39
        }
      }, {
        "uid" : "282de661e523154f",
        "reportUrl" : "https://Nat754.github.io/PulseWave/209//#testresult/282de661e523154f",
        "status" : "passed",
        "time" : {
          "start" : 1713882335001,
          "stop" : 1713882335041,
          "duration" : 40
        }
      }, {
        "uid" : "4af17067277ab55",
        "reportUrl" : "https://Nat754.github.io/PulseWave/208//#testresult/4af17067277ab55",
        "status" : "passed",
        "time" : {
          "start" : 1713879514512,
          "stop" : 1713879514553,
          "duration" : 41
        }
      } ]
    },
    "tags" : [ "regress" ]
  },
  "source" : "5682685499bc8cd7.json",
  "parameterValues" : [ "'chrome'" ]
}