{
  "uid" : "82fc229e1818ca9e",
  "name" : "test_get_css_property_title_signup[font-size-18px-\\u0440\\u0430\\u0437\\u043c\\u0435\\u0440\\u0430 \\u0448\\u0440\\u0438\\u0444\\u0442\\u0430-chrome]",
  "fullName" : "tests.test_signup_page.test_signup_page.TestSignupPage#test_get_css_property_title_signup",
  "historyId" : "9b2f0c08918fd66a3f895104a2e637ed",
  "time" : {
    "start" : 1714357265832,
    "stop" : 1714357265832,
    "duration" : 0
  },
  "status" : "broken",
  "statusMessage" : "selenium.common.exceptions.WebDriverException: Message: unknown error: net::ERR_CONNECTION_REFUSED\n  (Session info: chrome-headless-shell=124.0.6367.60)\nStacktrace:\n#0 0x55fd19d98e33 <unknown>\n#1 0x55fd19a88567 <unknown>\n#2 0x55fd19a80879 <unknown>\n#3 0x55fd19a70852 <unknown>\n#4 0x55fd19a71e44 <unknown>\n#5 0x55fd19a70bbe <unknown>\n#6 0x55fd19a702e0 <unknown>\n#7 0x55fd19a70181 <unknown>\n#8 0x55fd19a6e0ec <unknown>\n#9 0x55fd19a6e60a <unknown>\n#10 0x55fd19a8aeef <unknown>\n#11 0x55fd19b14695 <unknown>\n#12 0x55fd19af5362 <unknown>\n#13 0x55fd19b13ae2 <unknown>\n#14 0x55fd19af5103 <unknown>\n#15 0x55fd19ac61ba <unknown>\n#16 0x55fd19ac6b8e <unknown>\n#17 0x55fd19d5d59b <unknown>\n#18 0x55fd19d6134b <unknown>\n#19 0x55fd19d49681 <unknown>\n#20 0x55fd19d61eb2 <unknown>\n#21 0x55fd19d2e6af <unknown>\n#22 0x55fd19d88428 <unknown>\n#23 0x55fd19d88600 <unknown>\n#24 0x55fd19d97f84 <unknown>\n#25 0x7fae6c494ac3 <unknown>",
  "statusTrace" : "driver = <selenium.webdriver.chrome.webdriver.WebDriver (session=\"697f247c2db45f294a98352aa7aab57c\")>\n\n    @pytest.fixture(scope='function')\n    def signup_page_open(driver):\n        signup_page = SignUpPage(driver)\n>       driver.get(Constant.SIGNUP_PAGE)\n\ntests/test_signup_page/conftest.py:9: \n_ _ _ _ _ _ _ _ _ _ _ _ _ _ _ _ _ _ _ _ _ _ _ _ _ _ _ _ _ _ _ _ _ _ _ _ _ _ _ _ \n/opt/hostedtoolcache/Python/3.12.3/x64/lib/python3.12/site-packages/selenium/webdriver/remote/webdriver.py:356: in get\n    self.execute(Command.GET, {\"url\": url})\n/opt/hostedtoolcache/Python/3.12.3/x64/lib/python3.12/site-packages/selenium/webdriver/remote/webdriver.py:347: in execute\n    self.error_handler.check_response(response)\n_ _ _ _ _ _ _ _ _ _ _ _ _ _ _ _ _ _ _ _ _ _ _ _ _ _ _ _ _ _ _ _ _ _ _ _ _ _ _ _ \n\nself = <selenium.webdriver.remote.errorhandler.ErrorHandler object at 0x7f7971c61760>\nresponse = {'status': 500, 'value': '{\"value\":{\"error\":\"unknown error\",\"message\":\"unknown error: net::ERR_CONNECTION_REFUSED\\\\n  ...\\\\n#23 0x55fd19d88600 \\\\u003Cunknown>\\\\n#24 0x55fd19d97f84 \\\\u003Cunknown>\\\\n#25 0x7fae6c494ac3 \\\\u003Cunknown>\\\\n\"}}'}\n\n    def check_response(self, response: Dict[str, Any]) -> None:\n        \"\"\"Checks that a JSON response from the WebDriver does not have an\n        error.\n    \n        :Args:\n         - response - The JSON response from the WebDriver server as a dictionary\n           object.\n    \n        :Raises: If the response contains an error message.\n        \"\"\"\n        status = response.get(\"status\", None)\n        if not status or status == ErrorCode.SUCCESS:\n            return\n        value = None\n        message = response.get(\"message\", \"\")\n        screen: str = response.get(\"screen\", \"\")\n        stacktrace = None\n        if isinstance(status, int):\n            value_json = response.get(\"value\", None)\n            if value_json and isinstance(value_json, str):\n                import json\n    \n                try:\n                    value = json.loads(value_json)\n                    if len(value) == 1:\n                        value = value[\"value\"]\n                    status = value.get(\"error\", None)\n                    if not status:\n                        status = value.get(\"status\", ErrorCode.UNKNOWN_ERROR)\n                        message = value.get(\"value\") or value.get(\"message\")\n                        if not isinstance(message, str):\n                            value = message\n                            message = message.get(\"message\")\n                    else:\n                        message = value.get(\"message\", None)\n                except ValueError:\n                    pass\n    \n        exception_class: Type[WebDriverException]\n        e = ErrorCode()\n        error_codes = [item for item in dir(e) if not item.startswith(\"__\")]\n        for error_code in error_codes:\n            error_info = getattr(ErrorCode, error_code)\n            if isinstance(error_info, list) and status in error_info:\n                exception_class = getattr(ExceptionMapping, error_code, WebDriverException)\n                break\n        else:\n            exception_class = WebDriverException\n    \n        if not value:\n            value = response[\"value\"]\n        if isinstance(value, str):\n            raise exception_class(value)\n        if message == \"\" and \"message\" in value:\n            message = value[\"message\"]\n    \n        screen = None  # type: ignore[assignment]\n        if \"screen\" in value:\n            screen = value[\"screen\"]\n    \n        stacktrace = None\n        st_value = value.get(\"stackTrace\") or value.get(\"stacktrace\")\n        if st_value:\n            if isinstance(st_value, str):\n                stacktrace = st_value.split(\"\\n\")\n            else:\n                stacktrace = []\n                try:\n                    for frame in st_value:\n                        line = frame.get(\"lineNumber\", \"\")\n                        file = frame.get(\"fileName\", \"<anonymous>\")\n                        if line:\n                            file = f\"{file}:{line}\"\n                        meth = frame.get(\"methodName\", \"<anonymous>\")\n                        if \"className\" in frame:\n                            meth = f\"{frame['className']}.{meth}\"\n                        msg = \"    at %s (%s)\"\n                        msg = msg % (meth, file)\n                        stacktrace.append(msg)\n                except TypeError:\n                    pass\n        if exception_class == UnexpectedAlertPresentException:\n            alert_text = None\n            if \"data\" in value:\n                alert_text = value[\"data\"].get(\"text\")\n            elif \"alert\" in value:\n                alert_text = value[\"alert\"].get(\"text\")\n            raise exception_class(message, screen, stacktrace, alert_text)  # type: ignore[call-arg]  # mypy is not smart enough here\n>       raise exception_class(message, screen, stacktrace)\nE       selenium.common.exceptions.WebDriverException: Message: unknown error: net::ERR_CONNECTION_REFUSED\nE         (Session info: chrome-headless-shell=124.0.6367.60)\nE       Stacktrace:\nE       #0 0x55fd19d98e33 <unknown>\nE       #1 0x55fd19a88567 <unknown>\nE       #2 0x55fd19a80879 <unknown>\nE       #3 0x55fd19a70852 <unknown>\nE       #4 0x55fd19a71e44 <unknown>\nE       #5 0x55fd19a70bbe <unknown>\nE       #6 0x55fd19a702e0 <unknown>\nE       #7 0x55fd19a70181 <unknown>\nE       #8 0x55fd19a6e0ec <unknown>\nE       #9 0x55fd19a6e60a <unknown>\nE       #10 0x55fd19a8aeef <unknown>\nE       #11 0x55fd19b14695 <unknown>\nE       #12 0x55fd19af5362 <unknown>\nE       #13 0x55fd19b13ae2 <unknown>\nE       #14 0x55fd19af5103 <unknown>\nE       #15 0x55fd19ac61ba <unknown>\nE       #16 0x55fd19ac6b8e <unknown>\nE       #17 0x55fd19d5d59b <unknown>\nE       #18 0x55fd19d6134b <unknown>\nE       #19 0x55fd19d49681 <unknown>\nE       #20 0x55fd19d61eb2 <unknown>\nE       #21 0x55fd19d2e6af <unknown>\nE       #22 0x55fd19d88428 <unknown>\nE       #23 0x55fd19d88600 <unknown>\nE       #24 0x55fd19d97f84 <unknown>\nE       #25 0x7fae6c494ac3 <unknown>\n\n/opt/hostedtoolcache/Python/3.12.3/x64/lib/python3.12/site-packages/selenium/webdriver/remote/errorhandler.py:229: WebDriverException",
  "flaky" : false,
  "newFailed" : false,
  "beforeStages" : [ {
    "name" : "signup_page_open",
    "time" : {
      "start" : 1714357266030,
      "stop" : 1714357266183,
      "duration" : 153
    },
    "status" : "broken",
    "statusMessage" : "selenium.common.exceptions.WebDriverException: Message: unknown error: net::ERR_CONNECTION_REFUSED\n  (Session info: chrome-headless-shell=124.0.6367.60)\nStacktrace:\n#0 0x55fd19d98e33 <unknown>\n#1 0x55fd19a88567 <unknown>\n#2 0x55fd19a80879 <unknown>\n#3 0x55fd19a70852 <unknown>\n#4 0x55fd19a71e44 <unknown>\n#5 0x55fd19a70bbe <unknown>\n#6 0x55fd19a702e0 <unknown>\n#7 0x55fd19a70181 <unknown>\n#8 0x55fd19a6e0ec <unknown>\n#9 0x55fd19a6e60a <unknown>\n#10 0x55fd19a8aeef <unknown>\n#11 0x55fd19b14695 <unknown>\n#12 0x55fd19af5362 <unknown>\n#13 0x55fd19b13ae2 <unknown>\n#14 0x55fd19af5103 <unknown>\n#15 0x55fd19ac61ba <unknown>\n#16 0x55fd19ac6b8e <unknown>\n#17 0x55fd19d5d59b <unknown>\n#18 0x55fd19d6134b <unknown>\n#19 0x55fd19d49681 <unknown>\n#20 0x55fd19d61eb2 <unknown>\n#21 0x55fd19d2e6af <unknown>\n#22 0x55fd19d88428 <unknown>\n#23 0x55fd19d88600 <unknown>\n#24 0x55fd19d97f84 <unknown>\n#25 0x7fae6c494ac3 <unknown>\n\n",
    "statusTrace" : "  File \"/opt/hostedtoolcache/Python/3.12.3/x64/lib/python3.12/site-packages/pluggy/_callers.py\", line 167, in _multicall\n    teardown.throw(outcome._exception)\n  File \"/opt/hostedtoolcache/Python/3.12.3/x64/lib/python3.12/site-packages/_pytest/setuponly.py\", line 36, in pytest_fixture_setup\n    return (yield)\n            ^^^^^\n  File \"/opt/hostedtoolcache/Python/3.12.3/x64/lib/python3.12/site-packages/pluggy/_callers.py\", line 103, in _multicall\n    res = hook_impl.function(*args)\n          ^^^^^^^^^^^^^^^^^^^^^^^^^\n  File \"/opt/hostedtoolcache/Python/3.12.3/x64/lib/python3.12/site-packages/_pytest/fixtures.py\", line 1140, in pytest_fixture_setup\n    result = call_fixture_func(fixturefunc, request, kwargs)\n             ^^^^^^^^^^^^^^^^^^^^^^^^^^^^^^^^^^^^^^^^^^^^^^^\n  File \"/opt/hostedtoolcache/Python/3.12.3/x64/lib/python3.12/site-packages/_pytest/fixtures.py\", line 917, in call_fixture_func\n    fixture_result = fixturefunc(**kwargs)\n                     ^^^^^^^^^^^^^^^^^^^^^\n  File \"/home/runner/work/PulseWave/PulseWave/tests/test_signup_page/conftest.py\", line 9, in signup_page_open\n    driver.get(Constant.SIGNUP_PAGE)\n  File \"/opt/hostedtoolcache/Python/3.12.3/x64/lib/python3.12/site-packages/selenium/webdriver/remote/webdriver.py\", line 356, in get\n    self.execute(Command.GET, {\"url\": url})\n  File \"/opt/hostedtoolcache/Python/3.12.3/x64/lib/python3.12/site-packages/selenium/webdriver/remote/webdriver.py\", line 347, in execute\n    self.error_handler.check_response(response)\n  File \"/opt/hostedtoolcache/Python/3.12.3/x64/lib/python3.12/site-packages/selenium/webdriver/remote/errorhandler.py\", line 229, in check_response\n    raise exception_class(message, screen, stacktrace)\n",
    "steps" : [ ],
    "attachments" : [ ],
    "parameters" : [ ],
    "stepsCount" : 0,
    "attachmentsCount" : 0,
    "shouldDisplayMessage" : true,
    "hasContent" : true
  }, {
    "name" : "clear_allure_results_folder",
    "time" : {
      "start" : 1714357159972,
      "stop" : 1714357159973,
      "duration" : 1
    },
    "status" : "passed",
    "steps" : [ ],
    "attachments" : [ ],
    "parameters" : [ ],
    "stepsCount" : 0,
    "attachmentsCount" : 0,
    "shouldDisplayMessage" : false,
    "hasContent" : false
  }, {
    "name" : "_session_faker",
    "time" : {
      "start" : 1714357159955,
      "stop" : 1714357159972,
      "duration" : 17
    },
    "status" : "passed",
    "steps" : [ ],
    "attachments" : [ ],
    "parameters" : [ ],
    "stepsCount" : 0,
    "attachmentsCount" : 0,
    "shouldDisplayMessage" : false,
    "hasContent" : false
  }, {
    "name" : "driver",
    "time" : {
      "start" : 1714357265833,
      "stop" : 1714357266030,
      "duration" : 197
    },
    "status" : "passed",
    "steps" : [ ],
    "attachments" : [ ],
    "parameters" : [ ],
    "stepsCount" : 0,
    "attachmentsCount" : 0,
    "shouldDisplayMessage" : false,
    "hasContent" : false
  } ],
  "afterStages" : [ {
    "name" : "driver::0",
    "time" : {
      "start" : 1714357266214,
      "stop" : 1714357266271,
      "duration" : 57
    },
    "status" : "passed",
    "steps" : [ ],
    "attachments" : [ ],
    "parameters" : [ ],
    "stepsCount" : 0,
    "attachmentsCount" : 0,
    "shouldDisplayMessage" : false,
    "hasContent" : false
  } ],
  "labels" : [ {
    "name" : "epic",
    "value" : "Тестирование страницы 'Регистрация'"
  }, {
    "name" : "tag",
    "value" : "regress"
  }, {
    "name" : "parentSuite",
    "value" : "tests.test_signup_page"
  }, {
    "name" : "suite",
    "value" : "test_signup_page"
  }, {
    "name" : "subSuite",
    "value" : "TestSignupPage"
  }, {
    "name" : "host",
    "value" : "fv-az842-111"
  }, {
    "name" : "thread",
    "value" : "2300-MainThread"
  }, {
    "name" : "framework",
    "value" : "pytest"
  }, {
    "name" : "language",
    "value" : "cpython3"
  }, {
    "name" : "package",
    "value" : "tests.test_signup_page.test_signup_page"
  }, {
    "name" : "resultFormat",
    "value" : "allure2"
  } ],
  "parameters" : [ {
    "name" : "browser",
    "value" : "'chrome'"
  }, {
    "name" : "css_property",
    "value" : "'font-size'"
  }, {
    "name" : "figma",
    "value" : "'18px'"
  }, {
    "name" : "name",
    "value" : "'размера шрифта'"
  } ],
  "links" : [ ],
  "hidden" : false,
  "retry" : false,
  "extra" : {
    "severity" : "normal",
    "retries" : [ ],
    "categories" : [ {
      "name" : "Test defects",
      "matchedStatuses" : [ ],
      "flaky" : false
    } ],
    "history" : {
      "statistic" : {
        "failed" : 0,
        "broken" : 2,
        "skipped" : 0,
        "passed" : 11,
        "unknown" : 0,
        "total" : 13
      },
      "items" : [ {
        "uid" : "3e13d926b3c0cec",
        "reportUrl" : "https://Nat754.github.io/PulseWave/8//#testresult/3e13d926b3c0cec",
        "status" : "broken",
        "statusDetails" : "selenium.common.exceptions.TimeoutException: Message: \nStacktrace:\n#0 0x56068af9ee33 <unknown>\n#1 0x56068ac8e567 <unknown>\n#2 0x56068acd927d <unknown>\n#3 0x56068acd9331 <unknown>\n#4 0x56068ad1c624 <unknown>\n#5 0x56068acfb38d <unknown>\n#6 0x56068ad19ae2 <unknown>\n#7 0x56068acfb103 <unknown>\n#8 0x56068accc1ba <unknown>\n#9 0x56068acccb8e <unknown>\n#10 0x56068af6359b <unknown>\n#11 0x56068af6734b <unknown>\n#12 0x56068af4f681 <unknown>\n#13 0x56068af67eb2 <unknown>\n#14 0x56068af346af <unknown>\n#15 0x56068af8e428 <unknown>\n#16 0x56068af8e600 <unknown>\n#17 0x56068af9df84 <unknown>\n#18 0x7f3d33494ac3 <unknown>",
        "time" : {
          "start" : 1714274042578,
          "stop" : 1714274042578,
          "duration" : 0
        }
      }, {
        "uid" : "3abd1dea0e122e79",
        "reportUrl" : "https://Nat754.github.io/PulseWave/7//#testresult/3abd1dea0e122e79",
        "status" : "passed",
        "time" : {
          "start" : 1714185314445,
          "stop" : 1714185314478,
          "duration" : 33
        }
      }, {
        "uid" : "c68ebd7de53ceddd",
        "reportUrl" : "https://Nat754.github.io/PulseWave/6//#testresult/c68ebd7de53ceddd",
        "status" : "passed",
        "time" : {
          "start" : 1714148735850,
          "stop" : 1714148735886,
          "duration" : 36
        }
      }, {
        "uid" : "5551d5b608c6ce54",
        "reportUrl" : "https://Nat754.github.io/PulseWave/6//#testresult/5551d5b608c6ce54",
        "status" : "passed",
        "time" : {
          "start" : 1714098786599,
          "stop" : 1714098786634,
          "duration" : 35
        }
      }, {
        "uid" : "6e8a81efaccc9a52",
        "reportUrl" : "https://Nat754.github.io/PulseWave/5//#testresult/6e8a81efaccc9a52",
        "status" : "passed",
        "time" : {
          "start" : 1714014636303,
          "stop" : 1714014636338,
          "duration" : 35
        }
      }, {
        "uid" : "fa8edaf32d361a8f",
        "reportUrl" : "https://Nat754.github.io/PulseWave/211//#testresult/fa8edaf32d361a8f",
        "status" : "passed",
        "time" : {
          "start" : 1713946145812,
          "stop" : 1713946145846,
          "duration" : 34
        }
      }, {
        "uid" : "7e33530563491825",
        "reportUrl" : "https://Nat754.github.io/PulseWave/4//#testresult/7e33530563491825",
        "status" : "passed",
        "time" : {
          "start" : 1713925937326,
          "stop" : 1713925937361,
          "duration" : 35
        }
      }, {
        "uid" : "6e9e2e9e008a0a93",
        "reportUrl" : "https://Nat754.github.io/PulseWave/211//#testresult/6e9e2e9e008a0a93",
        "status" : "passed",
        "time" : {
          "start" : 1713901814643,
          "stop" : 1713901814677,
          "duration" : 34
        }
      }, {
        "uid" : "877af7485fc35afb",
        "reportUrl" : "https://Nat754.github.io/PulseWave/210//#testresult/877af7485fc35afb",
        "status" : "passed",
        "time" : {
          "start" : 1713886054519,
          "stop" : 1713886054552,
          "duration" : 33
        }
      }, {
        "uid" : "4706d5a6812b2853",
        "reportUrl" : "https://Nat754.github.io/PulseWave/209//#testresult/4706d5a6812b2853",
        "status" : "passed",
        "time" : {
          "start" : 1713883942481,
          "stop" : 1713883942514,
          "duration" : 33
        }
      }, {
        "uid" : "a138c550928ba647",
        "reportUrl" : "https://Nat754.github.io/PulseWave/209//#testresult/a138c550928ba647",
        "status" : "passed",
        "time" : {
          "start" : 1713882471660,
          "stop" : 1713882471696,
          "duration" : 36
        }
      }, {
        "uid" : "3c09536483dbc571",
        "reportUrl" : "https://Nat754.github.io/PulseWave/208//#testresult/3c09536483dbc571",
        "status" : "passed",
        "time" : {
          "start" : 1713879650664,
          "stop" : 1713879650701,
          "duration" : 37
        }
      } ]
    },
    "tags" : [ "regress" ]
  },
  "source" : "82fc229e1818ca9e.json",
  "parameterValues" : [ "'chrome'", "'font-size'", "'18px'", "'размера шрифта'" ]
}