{
  "uid" : "83e33d9f95d91b15",
  "name" : "test_get_css_property[font-size-18px-\\u0440\\u0430\\u0437\\u043c\\u0435\\u0440\\u0430 \\u0448\\u0440\\u0438\\u0444\\u0442\\u0430-chrome]",
  "fullName" : "tests.test_login_page.test_login_page.TestLoginPage#test_get_css_property",
  "historyId" : "c87beade0e03c669c0329a3dab552bfe",
  "time" : {
    "start" : 1714357242839,
    "stop" : 1714357242839,
    "duration" : 0
  },
  "status" : "broken",
  "statusMessage" : "selenium.common.exceptions.WebDriverException: Message: unknown error: net::ERR_CONNECTION_REFUSED\n  (Session info: chrome-headless-shell=124.0.6367.60)\nStacktrace:\n#0 0x55af0b693e33 <unknown>\n#1 0x55af0b383567 <unknown>\n#2 0x55af0b37b879 <unknown>\n#3 0x55af0b36b852 <unknown>\n#4 0x55af0b36ce44 <unknown>\n#5 0x55af0b36bbbe <unknown>\n#6 0x55af0b36b2e0 <unknown>\n#7 0x55af0b36b181 <unknown>\n#8 0x55af0b3690ec <unknown>\n#9 0x55af0b36960a <unknown>\n#10 0x55af0b385eef <unknown>\n#11 0x55af0b40f695 <unknown>\n#12 0x55af0b3f0362 <unknown>\n#13 0x55af0b40eae2 <unknown>\n#14 0x55af0b3f0103 <unknown>\n#15 0x55af0b3c11ba <unknown>\n#16 0x55af0b3c1b8e <unknown>\n#17 0x55af0b65859b <unknown>\n#18 0x55af0b65c34b <unknown>\n#19 0x55af0b644681 <unknown>\n#20 0x55af0b65ceb2 <unknown>\n#21 0x55af0b6296af <unknown>\n#22 0x55af0b683428 <unknown>\n#23 0x55af0b683600 <unknown>\n#24 0x55af0b692f84 <unknown>\n#25 0x7f7066e94ac3 <unknown>",
  "statusTrace" : "driver = <selenium.webdriver.chrome.webdriver.WebDriver (session=\"b584a52a4bba8d7695bb743718663d84\")>\n\n    @pytest.fixture(scope='function')\n    def login_page_open(driver):\n        login_page = LoginPage(driver)\n>       driver.get(Constant.LOGIN_PAGE)\n\ntests/test_login_page/conftest.py:9: \n_ _ _ _ _ _ _ _ _ _ _ _ _ _ _ _ _ _ _ _ _ _ _ _ _ _ _ _ _ _ _ _ _ _ _ _ _ _ _ _ \n/opt/hostedtoolcache/Python/3.12.3/x64/lib/python3.12/site-packages/selenium/webdriver/remote/webdriver.py:356: in get\n    self.execute(Command.GET, {\"url\": url})\n/opt/hostedtoolcache/Python/3.12.3/x64/lib/python3.12/site-packages/selenium/webdriver/remote/webdriver.py:347: in execute\n    self.error_handler.check_response(response)\n_ _ _ _ _ _ _ _ _ _ _ _ _ _ _ _ _ _ _ _ _ _ _ _ _ _ _ _ _ _ _ _ _ _ _ _ _ _ _ _ \n\nself = <selenium.webdriver.remote.errorhandler.ErrorHandler object at 0x7f7971c332c0>\nresponse = {'status': 500, 'value': '{\"value\":{\"error\":\"unknown error\",\"message\":\"unknown error: net::ERR_CONNECTION_REFUSED\\\\n  ...\\\\n#23 0x55af0b683600 \\\\u003Cunknown>\\\\n#24 0x55af0b692f84 \\\\u003Cunknown>\\\\n#25 0x7f7066e94ac3 \\\\u003Cunknown>\\\\n\"}}'}\n\n    def check_response(self, response: Dict[str, Any]) -> None:\n        \"\"\"Checks that a JSON response from the WebDriver does not have an\n        error.\n    \n        :Args:\n         - response - The JSON response from the WebDriver server as a dictionary\n           object.\n    \n        :Raises: If the response contains an error message.\n        \"\"\"\n        status = response.get(\"status\", None)\n        if not status or status == ErrorCode.SUCCESS:\n            return\n        value = None\n        message = response.get(\"message\", \"\")\n        screen: str = response.get(\"screen\", \"\")\n        stacktrace = None\n        if isinstance(status, int):\n            value_json = response.get(\"value\", None)\n            if value_json and isinstance(value_json, str):\n                import json\n    \n                try:\n                    value = json.loads(value_json)\n                    if len(value) == 1:\n                        value = value[\"value\"]\n                    status = value.get(\"error\", None)\n                    if not status:\n                        status = value.get(\"status\", ErrorCode.UNKNOWN_ERROR)\n                        message = value.get(\"value\") or value.get(\"message\")\n                        if not isinstance(message, str):\n                            value = message\n                            message = message.get(\"message\")\n                    else:\n                        message = value.get(\"message\", None)\n                except ValueError:\n                    pass\n    \n        exception_class: Type[WebDriverException]\n        e = ErrorCode()\n        error_codes = [item for item in dir(e) if not item.startswith(\"__\")]\n        for error_code in error_codes:\n            error_info = getattr(ErrorCode, error_code)\n            if isinstance(error_info, list) and status in error_info:\n                exception_class = getattr(ExceptionMapping, error_code, WebDriverException)\n                break\n        else:\n            exception_class = WebDriverException\n    \n        if not value:\n            value = response[\"value\"]\n        if isinstance(value, str):\n            raise exception_class(value)\n        if message == \"\" and \"message\" in value:\n            message = value[\"message\"]\n    \n        screen = None  # type: ignore[assignment]\n        if \"screen\" in value:\n            screen = value[\"screen\"]\n    \n        stacktrace = None\n        st_value = value.get(\"stackTrace\") or value.get(\"stacktrace\")\n        if st_value:\n            if isinstance(st_value, str):\n                stacktrace = st_value.split(\"\\n\")\n            else:\n                stacktrace = []\n                try:\n                    for frame in st_value:\n                        line = frame.get(\"lineNumber\", \"\")\n                        file = frame.get(\"fileName\", \"<anonymous>\")\n                        if line:\n                            file = f\"{file}:{line}\"\n                        meth = frame.get(\"methodName\", \"<anonymous>\")\n                        if \"className\" in frame:\n                            meth = f\"{frame['className']}.{meth}\"\n                        msg = \"    at %s (%s)\"\n                        msg = msg % (meth, file)\n                        stacktrace.append(msg)\n                except TypeError:\n                    pass\n        if exception_class == UnexpectedAlertPresentException:\n            alert_text = None\n            if \"data\" in value:\n                alert_text = value[\"data\"].get(\"text\")\n            elif \"alert\" in value:\n                alert_text = value[\"alert\"].get(\"text\")\n            raise exception_class(message, screen, stacktrace, alert_text)  # type: ignore[call-arg]  # mypy is not smart enough here\n>       raise exception_class(message, screen, stacktrace)\nE       selenium.common.exceptions.WebDriverException: Message: unknown error: net::ERR_CONNECTION_REFUSED\nE         (Session info: chrome-headless-shell=124.0.6367.60)\nE       Stacktrace:\nE       #0 0x55af0b693e33 <unknown>\nE       #1 0x55af0b383567 <unknown>\nE       #2 0x55af0b37b879 <unknown>\nE       #3 0x55af0b36b852 <unknown>\nE       #4 0x55af0b36ce44 <unknown>\nE       #5 0x55af0b36bbbe <unknown>\nE       #6 0x55af0b36b2e0 <unknown>\nE       #7 0x55af0b36b181 <unknown>\nE       #8 0x55af0b3690ec <unknown>\nE       #9 0x55af0b36960a <unknown>\nE       #10 0x55af0b385eef <unknown>\nE       #11 0x55af0b40f695 <unknown>\nE       #12 0x55af0b3f0362 <unknown>\nE       #13 0x55af0b40eae2 <unknown>\nE       #14 0x55af0b3f0103 <unknown>\nE       #15 0x55af0b3c11ba <unknown>\nE       #16 0x55af0b3c1b8e <unknown>\nE       #17 0x55af0b65859b <unknown>\nE       #18 0x55af0b65c34b <unknown>\nE       #19 0x55af0b644681 <unknown>\nE       #20 0x55af0b65ceb2 <unknown>\nE       #21 0x55af0b6296af <unknown>\nE       #22 0x55af0b683428 <unknown>\nE       #23 0x55af0b683600 <unknown>\nE       #24 0x55af0b692f84 <unknown>\nE       #25 0x7f7066e94ac3 <unknown>\n\n/opt/hostedtoolcache/Python/3.12.3/x64/lib/python3.12/site-packages/selenium/webdriver/remote/errorhandler.py:229: WebDriverException",
  "flaky" : false,
  "newFailed" : false,
  "beforeStages" : [ {
    "name" : "login_page_open",
    "time" : {
      "start" : 1714357243035,
      "stop" : 1714357243190,
      "duration" : 155
    },
    "status" : "broken",
    "statusMessage" : "selenium.common.exceptions.WebDriverException: Message: unknown error: net::ERR_CONNECTION_REFUSED\n  (Session info: chrome-headless-shell=124.0.6367.60)\nStacktrace:\n#0 0x55af0b693e33 <unknown>\n#1 0x55af0b383567 <unknown>\n#2 0x55af0b37b879 <unknown>\n#3 0x55af0b36b852 <unknown>\n#4 0x55af0b36ce44 <unknown>\n#5 0x55af0b36bbbe <unknown>\n#6 0x55af0b36b2e0 <unknown>\n#7 0x55af0b36b181 <unknown>\n#8 0x55af0b3690ec <unknown>\n#9 0x55af0b36960a <unknown>\n#10 0x55af0b385eef <unknown>\n#11 0x55af0b40f695 <unknown>\n#12 0x55af0b3f0362 <unknown>\n#13 0x55af0b40eae2 <unknown>\n#14 0x55af0b3f0103 <unknown>\n#15 0x55af0b3c11ba <unknown>\n#16 0x55af0b3c1b8e <unknown>\n#17 0x55af0b65859b <unknown>\n#18 0x55af0b65c34b <unknown>\n#19 0x55af0b644681 <unknown>\n#20 0x55af0b65ceb2 <unknown>\n#21 0x55af0b6296af <unknown>\n#22 0x55af0b683428 <unknown>\n#23 0x55af0b683600 <unknown>\n#24 0x55af0b692f84 <unknown>\n#25 0x7f7066e94ac3 <unknown>\n\n",
    "statusTrace" : "  File \"/opt/hostedtoolcache/Python/3.12.3/x64/lib/python3.12/site-packages/pluggy/_callers.py\", line 167, in _multicall\n    teardown.throw(outcome._exception)\n  File \"/opt/hostedtoolcache/Python/3.12.3/x64/lib/python3.12/site-packages/_pytest/setuponly.py\", line 36, in pytest_fixture_setup\n    return (yield)\n            ^^^^^\n  File \"/opt/hostedtoolcache/Python/3.12.3/x64/lib/python3.12/site-packages/pluggy/_callers.py\", line 103, in _multicall\n    res = hook_impl.function(*args)\n          ^^^^^^^^^^^^^^^^^^^^^^^^^\n  File \"/opt/hostedtoolcache/Python/3.12.3/x64/lib/python3.12/site-packages/_pytest/fixtures.py\", line 1140, in pytest_fixture_setup\n    result = call_fixture_func(fixturefunc, request, kwargs)\n             ^^^^^^^^^^^^^^^^^^^^^^^^^^^^^^^^^^^^^^^^^^^^^^^\n  File \"/opt/hostedtoolcache/Python/3.12.3/x64/lib/python3.12/site-packages/_pytest/fixtures.py\", line 917, in call_fixture_func\n    fixture_result = fixturefunc(**kwargs)\n                     ^^^^^^^^^^^^^^^^^^^^^\n  File \"/home/runner/work/PulseWave/PulseWave/tests/test_login_page/conftest.py\", line 9, in login_page_open\n    driver.get(Constant.LOGIN_PAGE)\n  File \"/opt/hostedtoolcache/Python/3.12.3/x64/lib/python3.12/site-packages/selenium/webdriver/remote/webdriver.py\", line 356, in get\n    self.execute(Command.GET, {\"url\": url})\n  File \"/opt/hostedtoolcache/Python/3.12.3/x64/lib/python3.12/site-packages/selenium/webdriver/remote/webdriver.py\", line 347, in execute\n    self.error_handler.check_response(response)\n  File \"/opt/hostedtoolcache/Python/3.12.3/x64/lib/python3.12/site-packages/selenium/webdriver/remote/errorhandler.py\", line 229, in check_response\n    raise exception_class(message, screen, stacktrace)\n",
    "steps" : [ ],
    "attachments" : [ ],
    "parameters" : [ ],
    "stepsCount" : 0,
    "attachmentsCount" : 0,
    "shouldDisplayMessage" : true,
    "hasContent" : true
  }, {
    "name" : "driver",
    "time" : {
      "start" : 1714357242839,
      "stop" : 1714357243035,
      "duration" : 196
    },
    "status" : "passed",
    "steps" : [ ],
    "attachments" : [ ],
    "parameters" : [ ],
    "stepsCount" : 0,
    "attachmentsCount" : 0,
    "shouldDisplayMessage" : false,
    "hasContent" : false
  }, {
    "name" : "clear_allure_results_folder",
    "time" : {
      "start" : 1714357159972,
      "stop" : 1714357159973,
      "duration" : 1
    },
    "status" : "passed",
    "steps" : [ ],
    "attachments" : [ ],
    "parameters" : [ ],
    "stepsCount" : 0,
    "attachmentsCount" : 0,
    "shouldDisplayMessage" : false,
    "hasContent" : false
  }, {
    "name" : "_session_faker",
    "time" : {
      "start" : 1714357159955,
      "stop" : 1714357159972,
      "duration" : 17
    },
    "status" : "passed",
    "steps" : [ ],
    "attachments" : [ ],
    "parameters" : [ ],
    "stepsCount" : 0,
    "attachmentsCount" : 0,
    "shouldDisplayMessage" : false,
    "hasContent" : false
  } ],
  "afterStages" : [ {
    "name" : "driver::0",
    "time" : {
      "start" : 1714357243221,
      "stop" : 1714357243278,
      "duration" : 57
    },
    "status" : "passed",
    "steps" : [ ],
    "attachments" : [ ],
    "parameters" : [ ],
    "stepsCount" : 0,
    "attachmentsCount" : 0,
    "shouldDisplayMessage" : false,
    "hasContent" : false
  } ],
  "labels" : [ {
    "name" : "epic",
    "value" : "Тестирование страницы 'Войти'"
  }, {
    "name" : "tag",
    "value" : "regress"
  }, {
    "name" : "parentSuite",
    "value" : "tests.test_login_page"
  }, {
    "name" : "suite",
    "value" : "test_login_page"
  }, {
    "name" : "subSuite",
    "value" : "TestLoginPage"
  }, {
    "name" : "host",
    "value" : "fv-az842-111"
  }, {
    "name" : "thread",
    "value" : "2300-MainThread"
  }, {
    "name" : "framework",
    "value" : "pytest"
  }, {
    "name" : "language",
    "value" : "cpython3"
  }, {
    "name" : "package",
    "value" : "tests.test_login_page.test_login_page"
  }, {
    "name" : "resultFormat",
    "value" : "allure2"
  } ],
  "parameters" : [ {
    "name" : "browser",
    "value" : "'chrome'"
  }, {
    "name" : "css_property",
    "value" : "'font-size'"
  }, {
    "name" : "figma",
    "value" : "'18px'"
  }, {
    "name" : "name",
    "value" : "'размера шрифта'"
  } ],
  "links" : [ ],
  "hidden" : false,
  "retry" : false,
  "extra" : {
    "severity" : "normal",
    "retries" : [ ],
    "categories" : [ {
      "name" : "Test defects",
      "matchedStatuses" : [ ],
      "flaky" : false
    } ],
    "history" : {
      "statistic" : {
        "failed" : 0,
        "broken" : 2,
        "skipped" : 0,
        "passed" : 11,
        "unknown" : 0,
        "total" : 13
      },
      "items" : [ {
        "uid" : "7b64a8deb86a9984",
        "reportUrl" : "https://Nat754.github.io/PulseWave/8//#testresult/7b64a8deb86a9984",
        "status" : "broken",
        "statusDetails" : "selenium.common.exceptions.TimeoutException: Message: \nStacktrace:\n#0 0x561304bf1e33 <unknown>\n#1 0x5613048e1567 <unknown>\n#2 0x56130492c27d <unknown>\n#3 0x56130492c331 <unknown>\n#4 0x56130496f624 <unknown>\n#5 0x56130494e38d <unknown>\n#6 0x56130496cae2 <unknown>\n#7 0x56130494e103 <unknown>\n#8 0x56130491f1ba <unknown>\n#9 0x56130491fb8e <unknown>\n#10 0x561304bb659b <unknown>\n#11 0x561304bba34b <unknown>\n#12 0x561304ba2681 <unknown>\n#13 0x561304bbaeb2 <unknown>\n#14 0x561304b876af <unknown>\n#15 0x561304be1428 <unknown>\n#16 0x561304be1600 <unknown>\n#17 0x561304bf0f84 <unknown>\n#18 0x7ff8b9494ac3 <unknown>",
        "time" : {
          "start" : 1714272947931,
          "stop" : 1714272947931,
          "duration" : 0
        }
      }, {
        "uid" : "70b383b7abb91b67",
        "reportUrl" : "https://Nat754.github.io/PulseWave/7//#testresult/70b383b7abb91b67",
        "status" : "passed",
        "time" : {
          "start" : 1714185032257,
          "stop" : 1714185032293,
          "duration" : 36
        }
      }, {
        "uid" : "b463736014733ec8",
        "reportUrl" : "https://Nat754.github.io/PulseWave/6//#testresult/b463736014733ec8",
        "status" : "passed",
        "time" : {
          "start" : 1714148492680,
          "stop" : 1714148492715,
          "duration" : 35
        }
      }, {
        "uid" : "d1489182671492b9",
        "reportUrl" : "https://Nat754.github.io/PulseWave/6//#testresult/d1489182671492b9",
        "status" : "passed",
        "time" : {
          "start" : 1714098542491,
          "stop" : 1714098542524,
          "duration" : 33
        }
      }, {
        "uid" : "abf8f9429ebcc8b9",
        "reportUrl" : "https://Nat754.github.io/PulseWave/5//#testresult/abf8f9429ebcc8b9",
        "status" : "passed",
        "time" : {
          "start" : 1714014418669,
          "stop" : 1714014418703,
          "duration" : 34
        }
      }, {
        "uid" : "c19425b1be7a3bdb",
        "reportUrl" : "https://Nat754.github.io/PulseWave/211//#testresult/c19425b1be7a3bdb",
        "status" : "passed",
        "time" : {
          "start" : 1713945915790,
          "stop" : 1713945915825,
          "duration" : 35
        }
      }, {
        "uid" : "560748455d04a5b1",
        "reportUrl" : "https://Nat754.github.io/PulseWave/4//#testresult/560748455d04a5b1",
        "status" : "passed",
        "time" : {
          "start" : 1713925708830,
          "stop" : 1713925708864,
          "duration" : 34
        }
      }, {
        "uid" : "4a4e9411354853c6",
        "reportUrl" : "https://Nat754.github.io/PulseWave/211//#testresult/4a4e9411354853c6",
        "status" : "passed",
        "time" : {
          "start" : 1713901566851,
          "stop" : 1713901566888,
          "duration" : 37
        }
      }, {
        "uid" : "d2d9611b8879d8f8",
        "reportUrl" : "https://Nat754.github.io/PulseWave/210//#testresult/d2d9611b8879d8f8",
        "status" : "passed",
        "time" : {
          "start" : 1713885772173,
          "stop" : 1713885772207,
          "duration" : 34
        }
      }, {
        "uid" : "955d9b0077769203",
        "reportUrl" : "https://Nat754.github.io/PulseWave/209//#testresult/955d9b0077769203",
        "status" : "passed",
        "time" : {
          "start" : 1713883666722,
          "stop" : 1713883666755,
          "duration" : 33
        }
      }, {
        "uid" : "f573a9a137a4924d",
        "reportUrl" : "https://Nat754.github.io/PulseWave/209//#testresult/f573a9a137a4924d",
        "status" : "passed",
        "time" : {
          "start" : 1713882189457,
          "stop" : 1713882189491,
          "duration" : 34
        }
      }, {
        "uid" : "14c811bd954c10d3",
        "reportUrl" : "https://Nat754.github.io/PulseWave/208//#testresult/14c811bd954c10d3",
        "status" : "passed",
        "time" : {
          "start" : 1713879366806,
          "stop" : 1713879366840,
          "duration" : 34
        }
      } ]
    },
    "tags" : [ "regress" ]
  },
  "source" : "83e33d9f95d91b15.json",
  "parameterValues" : [ "'chrome'", "'font-size'", "'18px'", "'размера шрифта'" ]
}