{
  "uid" : "c9557bfba5ac7a28",
  "name" : "test_get_css_property_body_all_time[font-size-16px-\\u0440\\u0430\\u0437\\u043c\\u0435\\u0440\\u0430 \\u0448\\u0440\\u0438\\u0444\\u0442\\u0430-chrome]",
  "fullName" : "tests.test_main_page.test_main_page.TestMainPage#test_get_css_property_body_all_time",
  "historyId" : "2f76f2434a34c764d1cedb5d5daeddbd",
  "time" : {
    "start" : 1714357252110,
    "stop" : 1714357252110,
    "duration" : 0
  },
  "status" : "broken",
  "statusMessage" : "selenium.common.exceptions.WebDriverException: Message: unknown error: net::ERR_CONNECTION_REFUSED\n  (Session info: chrome-headless-shell=124.0.6367.60)\nStacktrace:\n#0 0x5634ca774e33 <unknown>\n#1 0x5634ca464567 <unknown>\n#2 0x5634ca45c879 <unknown>\n#3 0x5634ca44c852 <unknown>\n#4 0x5634ca44de44 <unknown>\n#5 0x5634ca44cbbe <unknown>\n#6 0x5634ca44c2e0 <unknown>\n#7 0x5634ca44c181 <unknown>\n#8 0x5634ca44a0ec <unknown>\n#9 0x5634ca44a60a <unknown>\n#10 0x5634ca466eef <unknown>\n#11 0x5634ca4f0695 <unknown>\n#12 0x5634ca4d1362 <unknown>\n#13 0x5634ca4efae2 <unknown>\n#14 0x5634ca4d1103 <unknown>\n#15 0x5634ca4a21ba <unknown>\n#16 0x5634ca4a2b8e <unknown>\n#17 0x5634ca73959b <unknown>\n#18 0x5634ca73d34b <unknown>\n#19 0x5634ca725681 <unknown>\n#20 0x5634ca73deb2 <unknown>\n#21 0x5634ca70a6af <unknown>\n#22 0x5634ca764428 <unknown>\n#23 0x5634ca764600 <unknown>\n#24 0x5634ca773f84 <unknown>\n#25 0x7f7ec6e94ac3 <unknown>",
  "statusTrace" : "driver = <selenium.webdriver.chrome.webdriver.WebDriver (session=\"2f770176c7ada3f25d5e5c573c44f349\")>\n\n    @pytest.fixture(scope='function')\n    def main_page_open(driver):\n        main_page = MainPage(driver)\n>       driver.get(Constant.MAIN_PAGE)\n\ntests/test_main_page/conftest.py:9: \n_ _ _ _ _ _ _ _ _ _ _ _ _ _ _ _ _ _ _ _ _ _ _ _ _ _ _ _ _ _ _ _ _ _ _ _ _ _ _ _ \n/opt/hostedtoolcache/Python/3.12.3/x64/lib/python3.12/site-packages/selenium/webdriver/remote/webdriver.py:356: in get\n    self.execute(Command.GET, {\"url\": url})\n/opt/hostedtoolcache/Python/3.12.3/x64/lib/python3.12/site-packages/selenium/webdriver/remote/webdriver.py:347: in execute\n    self.error_handler.check_response(response)\n_ _ _ _ _ _ _ _ _ _ _ _ _ _ _ _ _ _ _ _ _ _ _ _ _ _ _ _ _ _ _ _ _ _ _ _ _ _ _ _ \n\nself = <selenium.webdriver.remote.errorhandler.ErrorHandler object at 0x7f7971c5ae40>\nresponse = {'status': 500, 'value': '{\"value\":{\"error\":\"unknown error\",\"message\":\"unknown error: net::ERR_CONNECTION_REFUSED\\\\n  ...\\\\n#23 0x5634ca764600 \\\\u003Cunknown>\\\\n#24 0x5634ca773f84 \\\\u003Cunknown>\\\\n#25 0x7f7ec6e94ac3 \\\\u003Cunknown>\\\\n\"}}'}\n\n    def check_response(self, response: Dict[str, Any]) -> None:\n        \"\"\"Checks that a JSON response from the WebDriver does not have an\n        error.\n    \n        :Args:\n         - response - The JSON response from the WebDriver server as a dictionary\n           object.\n    \n        :Raises: If the response contains an error message.\n        \"\"\"\n        status = response.get(\"status\", None)\n        if not status or status == ErrorCode.SUCCESS:\n            return\n        value = None\n        message = response.get(\"message\", \"\")\n        screen: str = response.get(\"screen\", \"\")\n        stacktrace = None\n        if isinstance(status, int):\n            value_json = response.get(\"value\", None)\n            if value_json and isinstance(value_json, str):\n                import json\n    \n                try:\n                    value = json.loads(value_json)\n                    if len(value) == 1:\n                        value = value[\"value\"]\n                    status = value.get(\"error\", None)\n                    if not status:\n                        status = value.get(\"status\", ErrorCode.UNKNOWN_ERROR)\n                        message = value.get(\"value\") or value.get(\"message\")\n                        if not isinstance(message, str):\n                            value = message\n                            message = message.get(\"message\")\n                    else:\n                        message = value.get(\"message\", None)\n                except ValueError:\n                    pass\n    \n        exception_class: Type[WebDriverException]\n        e = ErrorCode()\n        error_codes = [item for item in dir(e) if not item.startswith(\"__\")]\n        for error_code in error_codes:\n            error_info = getattr(ErrorCode, error_code)\n            if isinstance(error_info, list) and status in error_info:\n                exception_class = getattr(ExceptionMapping, error_code, WebDriverException)\n                break\n        else:\n            exception_class = WebDriverException\n    \n        if not value:\n            value = response[\"value\"]\n        if isinstance(value, str):\n            raise exception_class(value)\n        if message == \"\" and \"message\" in value:\n            message = value[\"message\"]\n    \n        screen = None  # type: ignore[assignment]\n        if \"screen\" in value:\n            screen = value[\"screen\"]\n    \n        stacktrace = None\n        st_value = value.get(\"stackTrace\") or value.get(\"stacktrace\")\n        if st_value:\n            if isinstance(st_value, str):\n                stacktrace = st_value.split(\"\\n\")\n            else:\n                stacktrace = []\n                try:\n                    for frame in st_value:\n                        line = frame.get(\"lineNumber\", \"\")\n                        file = frame.get(\"fileName\", \"<anonymous>\")\n                        if line:\n                            file = f\"{file}:{line}\"\n                        meth = frame.get(\"methodName\", \"<anonymous>\")\n                        if \"className\" in frame:\n                            meth = f\"{frame['className']}.{meth}\"\n                        msg = \"    at %s (%s)\"\n                        msg = msg % (meth, file)\n                        stacktrace.append(msg)\n                except TypeError:\n                    pass\n        if exception_class == UnexpectedAlertPresentException:\n            alert_text = None\n            if \"data\" in value:\n                alert_text = value[\"data\"].get(\"text\")\n            elif \"alert\" in value:\n                alert_text = value[\"alert\"].get(\"text\")\n            raise exception_class(message, screen, stacktrace, alert_text)  # type: ignore[call-arg]  # mypy is not smart enough here\n>       raise exception_class(message, screen, stacktrace)\nE       selenium.common.exceptions.WebDriverException: Message: unknown error: net::ERR_CONNECTION_REFUSED\nE         (Session info: chrome-headless-shell=124.0.6367.60)\nE       Stacktrace:\nE       #0 0x5634ca774e33 <unknown>\nE       #1 0x5634ca464567 <unknown>\nE       #2 0x5634ca45c879 <unknown>\nE       #3 0x5634ca44c852 <unknown>\nE       #4 0x5634ca44de44 <unknown>\nE       #5 0x5634ca44cbbe <unknown>\nE       #6 0x5634ca44c2e0 <unknown>\nE       #7 0x5634ca44c181 <unknown>\nE       #8 0x5634ca44a0ec <unknown>\nE       #9 0x5634ca44a60a <unknown>\nE       #10 0x5634ca466eef <unknown>\nE       #11 0x5634ca4f0695 <unknown>\nE       #12 0x5634ca4d1362 <unknown>\nE       #13 0x5634ca4efae2 <unknown>\nE       #14 0x5634ca4d1103 <unknown>\nE       #15 0x5634ca4a21ba <unknown>\nE       #16 0x5634ca4a2b8e <unknown>\nE       #17 0x5634ca73959b <unknown>\nE       #18 0x5634ca73d34b <unknown>\nE       #19 0x5634ca725681 <unknown>\nE       #20 0x5634ca73deb2 <unknown>\nE       #21 0x5634ca70a6af <unknown>\nE       #22 0x5634ca764428 <unknown>\nE       #23 0x5634ca764600 <unknown>\nE       #24 0x5634ca773f84 <unknown>\nE       #25 0x7f7ec6e94ac3 <unknown>\n\n/opt/hostedtoolcache/Python/3.12.3/x64/lib/python3.12/site-packages/selenium/webdriver/remote/errorhandler.py:229: WebDriverException",
  "flaky" : false,
  "newFailed" : false,
  "beforeStages" : [ {
    "name" : "clear_allure_results_folder",
    "time" : {
      "start" : 1714357159972,
      "stop" : 1714357159973,
      "duration" : 1
    },
    "status" : "passed",
    "steps" : [ ],
    "attachments" : [ ],
    "parameters" : [ ],
    "stepsCount" : 0,
    "attachmentsCount" : 0,
    "shouldDisplayMessage" : false,
    "hasContent" : false
  }, {
    "name" : "_session_faker",
    "time" : {
      "start" : 1714357159955,
      "stop" : 1714357159972,
      "duration" : 17
    },
    "status" : "passed",
    "steps" : [ ],
    "attachments" : [ ],
    "parameters" : [ ],
    "stepsCount" : 0,
    "attachmentsCount" : 0,
    "shouldDisplayMessage" : false,
    "hasContent" : false
  }, {
    "name" : "main_page_open",
    "time" : {
      "start" : 1714357252309,
      "stop" : 1714357252461,
      "duration" : 152
    },
    "status" : "broken",
    "statusMessage" : "selenium.common.exceptions.WebDriverException: Message: unknown error: net::ERR_CONNECTION_REFUSED\n  (Session info: chrome-headless-shell=124.0.6367.60)\nStacktrace:\n#0 0x5634ca774e33 <unknown>\n#1 0x5634ca464567 <unknown>\n#2 0x5634ca45c879 <unknown>\n#3 0x5634ca44c852 <unknown>\n#4 0x5634ca44de44 <unknown>\n#5 0x5634ca44cbbe <unknown>\n#6 0x5634ca44c2e0 <unknown>\n#7 0x5634ca44c181 <unknown>\n#8 0x5634ca44a0ec <unknown>\n#9 0x5634ca44a60a <unknown>\n#10 0x5634ca466eef <unknown>\n#11 0x5634ca4f0695 <unknown>\n#12 0x5634ca4d1362 <unknown>\n#13 0x5634ca4efae2 <unknown>\n#14 0x5634ca4d1103 <unknown>\n#15 0x5634ca4a21ba <unknown>\n#16 0x5634ca4a2b8e <unknown>\n#17 0x5634ca73959b <unknown>\n#18 0x5634ca73d34b <unknown>\n#19 0x5634ca725681 <unknown>\n#20 0x5634ca73deb2 <unknown>\n#21 0x5634ca70a6af <unknown>\n#22 0x5634ca764428 <unknown>\n#23 0x5634ca764600 <unknown>\n#24 0x5634ca773f84 <unknown>\n#25 0x7f7ec6e94ac3 <unknown>\n\n",
    "statusTrace" : "  File \"/opt/hostedtoolcache/Python/3.12.3/x64/lib/python3.12/site-packages/pluggy/_callers.py\", line 167, in _multicall\n    teardown.throw(outcome._exception)\n  File \"/opt/hostedtoolcache/Python/3.12.3/x64/lib/python3.12/site-packages/_pytest/setuponly.py\", line 36, in pytest_fixture_setup\n    return (yield)\n            ^^^^^\n  File \"/opt/hostedtoolcache/Python/3.12.3/x64/lib/python3.12/site-packages/pluggy/_callers.py\", line 103, in _multicall\n    res = hook_impl.function(*args)\n          ^^^^^^^^^^^^^^^^^^^^^^^^^\n  File \"/opt/hostedtoolcache/Python/3.12.3/x64/lib/python3.12/site-packages/_pytest/fixtures.py\", line 1140, in pytest_fixture_setup\n    result = call_fixture_func(fixturefunc, request, kwargs)\n             ^^^^^^^^^^^^^^^^^^^^^^^^^^^^^^^^^^^^^^^^^^^^^^^\n  File \"/opt/hostedtoolcache/Python/3.12.3/x64/lib/python3.12/site-packages/_pytest/fixtures.py\", line 917, in call_fixture_func\n    fixture_result = fixturefunc(**kwargs)\n                     ^^^^^^^^^^^^^^^^^^^^^\n  File \"/home/runner/work/PulseWave/PulseWave/tests/test_main_page/conftest.py\", line 9, in main_page_open\n    driver.get(Constant.MAIN_PAGE)\n  File \"/opt/hostedtoolcache/Python/3.12.3/x64/lib/python3.12/site-packages/selenium/webdriver/remote/webdriver.py\", line 356, in get\n    self.execute(Command.GET, {\"url\": url})\n  File \"/opt/hostedtoolcache/Python/3.12.3/x64/lib/python3.12/site-packages/selenium/webdriver/remote/webdriver.py\", line 347, in execute\n    self.error_handler.check_response(response)\n  File \"/opt/hostedtoolcache/Python/3.12.3/x64/lib/python3.12/site-packages/selenium/webdriver/remote/errorhandler.py\", line 229, in check_response\n    raise exception_class(message, screen, stacktrace)\n",
    "steps" : [ ],
    "attachments" : [ ],
    "parameters" : [ ],
    "stepsCount" : 0,
    "attachmentsCount" : 0,
    "shouldDisplayMessage" : true,
    "hasContent" : true
  }, {
    "name" : "driver",
    "time" : {
      "start" : 1714357252111,
      "stop" : 1714357252309,
      "duration" : 198
    },
    "status" : "passed",
    "steps" : [ ],
    "attachments" : [ ],
    "parameters" : [ ],
    "stepsCount" : 0,
    "attachmentsCount" : 0,
    "shouldDisplayMessage" : false,
    "hasContent" : false
  } ],
  "afterStages" : [ {
    "name" : "driver::0",
    "time" : {
      "start" : 1714357252494,
      "stop" : 1714357252551,
      "duration" : 57
    },
    "status" : "passed",
    "steps" : [ ],
    "attachments" : [ ],
    "parameters" : [ ],
    "stepsCount" : 0,
    "attachmentsCount" : 0,
    "shouldDisplayMessage" : false,
    "hasContent" : false
  } ],
  "labels" : [ {
    "name" : "epic",
    "value" : "Тестирование Главной страницы"
  }, {
    "name" : "tag",
    "value" : "regress"
  }, {
    "name" : "parentSuite",
    "value" : "tests.test_main_page"
  }, {
    "name" : "suite",
    "value" : "test_main_page"
  }, {
    "name" : "subSuite",
    "value" : "TestMainPage"
  }, {
    "name" : "host",
    "value" : "fv-az842-111"
  }, {
    "name" : "thread",
    "value" : "2300-MainThread"
  }, {
    "name" : "framework",
    "value" : "pytest"
  }, {
    "name" : "language",
    "value" : "cpython3"
  }, {
    "name" : "package",
    "value" : "tests.test_main_page.test_main_page"
  }, {
    "name" : "resultFormat",
    "value" : "allure2"
  } ],
  "parameters" : [ {
    "name" : "browser",
    "value" : "'chrome'"
  }, {
    "name" : "css_property",
    "value" : "'font-size'"
  }, {
    "name" : "figma",
    "value" : "'16px'"
  }, {
    "name" : "name",
    "value" : "'размера шрифта'"
  } ],
  "links" : [ ],
  "hidden" : false,
  "retry" : false,
  "extra" : {
    "severity" : "normal",
    "retries" : [ ],
    "categories" : [ {
      "name" : "Test defects",
      "matchedStatuses" : [ ],
      "flaky" : false
    } ],
    "history" : {
      "statistic" : {
        "failed" : 0,
        "broken" : 2,
        "skipped" : 0,
        "passed" : 11,
        "unknown" : 0,
        "total" : 13
      },
      "items" : [ {
        "uid" : "a1a7abf3c5cac6a4",
        "reportUrl" : "https://Nat754.github.io/PulseWave/8//#testresult/a1a7abf3c5cac6a4",
        "status" : "broken",
        "statusDetails" : "selenium.common.exceptions.TimeoutException: Message: \nStacktrace:\n#0 0x5630dbda4e33 <unknown>\n#1 0x5630dba94567 <unknown>\n#2 0x5630dbadf27d <unknown>\n#3 0x5630dbadf331 <unknown>\n#4 0x5630dbb22624 <unknown>\n#5 0x5630dbb0138d <unknown>\n#6 0x5630dbb1fae2 <unknown>\n#7 0x5630dbb01103 <unknown>\n#8 0x5630dbad21ba <unknown>\n#9 0x5630dbad2b8e <unknown>\n#10 0x5630dbd6959b <unknown>\n#11 0x5630dbd6d34b <unknown>\n#12 0x5630dbd55681 <unknown>\n#13 0x5630dbd6deb2 <unknown>\n#14 0x5630dbd3a6af <unknown>\n#15 0x5630dbd94428 <unknown>\n#16 0x5630dbd94600 <unknown>\n#17 0x5630dbda3f84 <unknown>\n#18 0x7fc9f2894ac3 <unknown>",
        "time" : {
          "start" : 1714273390551,
          "stop" : 1714273390551,
          "duration" : 0
        }
      }, {
        "uid" : "c92245a9e211fe34",
        "reportUrl" : "https://Nat754.github.io/PulseWave/7//#testresult/c92245a9e211fe34",
        "status" : "passed",
        "time" : {
          "start" : 1714185121972,
          "stop" : 1714185122009,
          "duration" : 37
        }
      }, {
        "uid" : "15fcd6132a69e8c7",
        "reportUrl" : "https://Nat754.github.io/PulseWave/6//#testresult/15fcd6132a69e8c7",
        "status" : "passed",
        "time" : {
          "start" : 1714148566692,
          "stop" : 1714148566730,
          "duration" : 38
        }
      }, {
        "uid" : "76789a1e9d978a49",
        "reportUrl" : "https://Nat754.github.io/PulseWave/6//#testresult/76789a1e9d978a49",
        "status" : "passed",
        "time" : {
          "start" : 1714098616611,
          "stop" : 1714098616646,
          "duration" : 35
        }
      }, {
        "uid" : "4e3d1e4a3d654e4c",
        "reportUrl" : "https://Nat754.github.io/PulseWave/5//#testresult/4e3d1e4a3d654e4c",
        "status" : "passed",
        "time" : {
          "start" : 1714014481847,
          "stop" : 1714014481884,
          "duration" : 37
        }
      }, {
        "uid" : "a75e9308e45b99a7",
        "reportUrl" : "https://Nat754.github.io/PulseWave/211//#testresult/a75e9308e45b99a7",
        "status" : "passed",
        "time" : {
          "start" : 1713945985136,
          "stop" : 1713945985173,
          "duration" : 37
        }
      }, {
        "uid" : "e23e32e046e3fd98",
        "reportUrl" : "https://Nat754.github.io/PulseWave/4//#testresult/e23e32e046e3fd98",
        "status" : "passed",
        "time" : {
          "start" : 1713925775889,
          "stop" : 1713925775925,
          "duration" : 36
        }
      }, {
        "uid" : "4c2eadaf1a041248",
        "reportUrl" : "https://Nat754.github.io/PulseWave/211//#testresult/4c2eadaf1a041248",
        "status" : "passed",
        "time" : {
          "start" : 1713901642684,
          "stop" : 1713901642724,
          "duration" : 40
        }
      }, {
        "uid" : "fb0dc2446941a08",
        "reportUrl" : "https://Nat754.github.io/PulseWave/210//#testresult/fb0dc2446941a08",
        "status" : "passed",
        "time" : {
          "start" : 1713885860686,
          "stop" : 1713885860722,
          "duration" : 36
        }
      }, {
        "uid" : "66d5980dc52074ed",
        "reportUrl" : "https://Nat754.github.io/PulseWave/209//#testresult/66d5980dc52074ed",
        "status" : "passed",
        "time" : {
          "start" : 1713883751073,
          "stop" : 1713883751109,
          "duration" : 36
        }
      }, {
        "uid" : "9f73d6ace54a38d0",
        "reportUrl" : "https://Nat754.github.io/PulseWave/209//#testresult/9f73d6ace54a38d0",
        "status" : "passed",
        "time" : {
          "start" : 1713882279004,
          "stop" : 1713882279041,
          "duration" : 37
        }
      }, {
        "uid" : "7da9641911ef92d3",
        "reportUrl" : "https://Nat754.github.io/PulseWave/208//#testresult/7da9641911ef92d3",
        "status" : "passed",
        "time" : {
          "start" : 1713879456638,
          "stop" : 1713879456675,
          "duration" : 37
        }
      } ]
    },
    "tags" : [ "regress" ]
  },
  "source" : "c9557bfba5ac7a28.json",
  "parameterValues" : [ "'chrome'", "'font-size'", "'16px'", "'размера шрифта'" ]
}