{
  "uid" : "e23dc56480c8ae79",
  "name" : "Проверка текста кнопки 'Зарегистрироваться'",
  "fullName" : "tests.test_main_page.test_main_page.TestMainPage#test_get_text_body_auth_signup",
  "historyId" : "41f4ffcdcaeadd68202f630634e2fcc9",
  "time" : {
    "start" : 1714357257431,
    "stop" : 1714357257431,
    "duration" : 0
  },
  "status" : "broken",
  "statusMessage" : "selenium.common.exceptions.WebDriverException: Message: unknown error: net::ERR_CONNECTION_REFUSED\n  (Session info: chrome-headless-shell=124.0.6367.60)\nStacktrace:\n#0 0x55e27ed86e33 <unknown>\n#1 0x55e27ea76567 <unknown>\n#2 0x55e27ea6e879 <unknown>\n#3 0x55e27ea5e852 <unknown>\n#4 0x55e27ea5fe44 <unknown>\n#5 0x55e27ea5ebbe <unknown>\n#6 0x55e27ea5e2e0 <unknown>\n#7 0x55e27ea5e181 <unknown>\n#8 0x55e27ea5c0ec <unknown>\n#9 0x55e27ea5c60a <unknown>\n#10 0x55e27ea78eef <unknown>\n#11 0x55e27eb02695 <unknown>\n#12 0x55e27eae3362 <unknown>\n#13 0x55e27eb01ae2 <unknown>\n#14 0x55e27eae3103 <unknown>\n#15 0x55e27eab41ba <unknown>\n#16 0x55e27eab4b8e <unknown>\n#17 0x55e27ed4b59b <unknown>\n#18 0x55e27ed4f34b <unknown>\n#19 0x55e27ed37681 <unknown>\n#20 0x55e27ed4feb2 <unknown>\n#21 0x55e27ed1c6af <unknown>\n#22 0x55e27ed76428 <unknown>\n#23 0x55e27ed76600 <unknown>\n#24 0x55e27ed85f84 <unknown>\n#25 0x7f5bd2e94ac3 <unknown>",
  "statusTrace" : "driver = <selenium.webdriver.chrome.webdriver.WebDriver (session=\"05e625ba6c91d4d7a9b23c91b5ccdb9c\")>\n\n    @pytest.fixture(scope='function')\n    def main_page_open(driver):\n        main_page = MainPage(driver)\n>       driver.get(Constant.MAIN_PAGE)\n\ntests/test_main_page/conftest.py:9: \n_ _ _ _ _ _ _ _ _ _ _ _ _ _ _ _ _ _ _ _ _ _ _ _ _ _ _ _ _ _ _ _ _ _ _ _ _ _ _ _ \n/opt/hostedtoolcache/Python/3.12.3/x64/lib/python3.12/site-packages/selenium/webdriver/remote/webdriver.py:356: in get\n    self.execute(Command.GET, {\"url\": url})\n/opt/hostedtoolcache/Python/3.12.3/x64/lib/python3.12/site-packages/selenium/webdriver/remote/webdriver.py:347: in execute\n    self.error_handler.check_response(response)\n_ _ _ _ _ _ _ _ _ _ _ _ _ _ _ _ _ _ _ _ _ _ _ _ _ _ _ _ _ _ _ _ _ _ _ _ _ _ _ _ \n\nself = <selenium.webdriver.remote.errorhandler.ErrorHandler object at 0x7f7971c4d280>\nresponse = {'status': 500, 'value': '{\"value\":{\"error\":\"unknown error\",\"message\":\"unknown error: net::ERR_CONNECTION_REFUSED\\\\n  ...\\\\n#23 0x55e27ed76600 \\\\u003Cunknown>\\\\n#24 0x55e27ed85f84 \\\\u003Cunknown>\\\\n#25 0x7f5bd2e94ac3 \\\\u003Cunknown>\\\\n\"}}'}\n\n    def check_response(self, response: Dict[str, Any]) -> None:\n        \"\"\"Checks that a JSON response from the WebDriver does not have an\n        error.\n    \n        :Args:\n         - response - The JSON response from the WebDriver server as a dictionary\n           object.\n    \n        :Raises: If the response contains an error message.\n        \"\"\"\n        status = response.get(\"status\", None)\n        if not status or status == ErrorCode.SUCCESS:\n            return\n        value = None\n        message = response.get(\"message\", \"\")\n        screen: str = response.get(\"screen\", \"\")\n        stacktrace = None\n        if isinstance(status, int):\n            value_json = response.get(\"value\", None)\n            if value_json and isinstance(value_json, str):\n                import json\n    \n                try:\n                    value = json.loads(value_json)\n                    if len(value) == 1:\n                        value = value[\"value\"]\n                    status = value.get(\"error\", None)\n                    if not status:\n                        status = value.get(\"status\", ErrorCode.UNKNOWN_ERROR)\n                        message = value.get(\"value\") or value.get(\"message\")\n                        if not isinstance(message, str):\n                            value = message\n                            message = message.get(\"message\")\n                    else:\n                        message = value.get(\"message\", None)\n                except ValueError:\n                    pass\n    \n        exception_class: Type[WebDriverException]\n        e = ErrorCode()\n        error_codes = [item for item in dir(e) if not item.startswith(\"__\")]\n        for error_code in error_codes:\n            error_info = getattr(ErrorCode, error_code)\n            if isinstance(error_info, list) and status in error_info:\n                exception_class = getattr(ExceptionMapping, error_code, WebDriverException)\n                break\n        else:\n            exception_class = WebDriverException\n    \n        if not value:\n            value = response[\"value\"]\n        if isinstance(value, str):\n            raise exception_class(value)\n        if message == \"\" and \"message\" in value:\n            message = value[\"message\"]\n    \n        screen = None  # type: ignore[assignment]\n        if \"screen\" in value:\n            screen = value[\"screen\"]\n    \n        stacktrace = None\n        st_value = value.get(\"stackTrace\") or value.get(\"stacktrace\")\n        if st_value:\n            if isinstance(st_value, str):\n                stacktrace = st_value.split(\"\\n\")\n            else:\n                stacktrace = []\n                try:\n                    for frame in st_value:\n                        line = frame.get(\"lineNumber\", \"\")\n                        file = frame.get(\"fileName\", \"<anonymous>\")\n                        if line:\n                            file = f\"{file}:{line}\"\n                        meth = frame.get(\"methodName\", \"<anonymous>\")\n                        if \"className\" in frame:\n                            meth = f\"{frame['className']}.{meth}\"\n                        msg = \"    at %s (%s)\"\n                        msg = msg % (meth, file)\n                        stacktrace.append(msg)\n                except TypeError:\n                    pass\n        if exception_class == UnexpectedAlertPresentException:\n            alert_text = None\n            if \"data\" in value:\n                alert_text = value[\"data\"].get(\"text\")\n            elif \"alert\" in value:\n                alert_text = value[\"alert\"].get(\"text\")\n            raise exception_class(message, screen, stacktrace, alert_text)  # type: ignore[call-arg]  # mypy is not smart enough here\n>       raise exception_class(message, screen, stacktrace)\nE       selenium.common.exceptions.WebDriverException: Message: unknown error: net::ERR_CONNECTION_REFUSED\nE         (Session info: chrome-headless-shell=124.0.6367.60)\nE       Stacktrace:\nE       #0 0x55e27ed86e33 <unknown>\nE       #1 0x55e27ea76567 <unknown>\nE       #2 0x55e27ea6e879 <unknown>\nE       #3 0x55e27ea5e852 <unknown>\nE       #4 0x55e27ea5fe44 <unknown>\nE       #5 0x55e27ea5ebbe <unknown>\nE       #6 0x55e27ea5e2e0 <unknown>\nE       #7 0x55e27ea5e181 <unknown>\nE       #8 0x55e27ea5c0ec <unknown>\nE       #9 0x55e27ea5c60a <unknown>\nE       #10 0x55e27ea78eef <unknown>\nE       #11 0x55e27eb02695 <unknown>\nE       #12 0x55e27eae3362 <unknown>\nE       #13 0x55e27eb01ae2 <unknown>\nE       #14 0x55e27eae3103 <unknown>\nE       #15 0x55e27eab41ba <unknown>\nE       #16 0x55e27eab4b8e <unknown>\nE       #17 0x55e27ed4b59b <unknown>\nE       #18 0x55e27ed4f34b <unknown>\nE       #19 0x55e27ed37681 <unknown>\nE       #20 0x55e27ed4feb2 <unknown>\nE       #21 0x55e27ed1c6af <unknown>\nE       #22 0x55e27ed76428 <unknown>\nE       #23 0x55e27ed76600 <unknown>\nE       #24 0x55e27ed85f84 <unknown>\nE       #25 0x7f5bd2e94ac3 <unknown>\n\n/opt/hostedtoolcache/Python/3.12.3/x64/lib/python3.12/site-packages/selenium/webdriver/remote/errorhandler.py:229: WebDriverException",
  "flaky" : false,
  "newFailed" : false,
  "beforeStages" : [ {
    "name" : "clear_allure_results_folder",
    "time" : {
      "start" : 1714357159972,
      "stop" : 1714357159973,
      "duration" : 1
    },
    "status" : "passed",
    "steps" : [ ],
    "attachments" : [ ],
    "parameters" : [ ],
    "stepsCount" : 0,
    "attachmentsCount" : 0,
    "shouldDisplayMessage" : false,
    "hasContent" : false
  }, {
    "name" : "_session_faker",
    "time" : {
      "start" : 1714357159955,
      "stop" : 1714357159972,
      "duration" : 17
    },
    "status" : "passed",
    "steps" : [ ],
    "attachments" : [ ],
    "parameters" : [ ],
    "stepsCount" : 0,
    "attachmentsCount" : 0,
    "shouldDisplayMessage" : false,
    "hasContent" : false
  }, {
    "name" : "driver",
    "time" : {
      "start" : 1714357257432,
      "stop" : 1714357257629,
      "duration" : 197
    },
    "status" : "passed",
    "steps" : [ ],
    "attachments" : [ ],
    "parameters" : [ ],
    "stepsCount" : 0,
    "attachmentsCount" : 0,
    "shouldDisplayMessage" : false,
    "hasContent" : false
  }, {
    "name" : "main_page_open",
    "time" : {
      "start" : 1714357257629,
      "stop" : 1714357257781,
      "duration" : 152
    },
    "status" : "broken",
    "statusMessage" : "selenium.common.exceptions.WebDriverException: Message: unknown error: net::ERR_CONNECTION_REFUSED\n  (Session info: chrome-headless-shell=124.0.6367.60)\nStacktrace:\n#0 0x55e27ed86e33 <unknown>\n#1 0x55e27ea76567 <unknown>\n#2 0x55e27ea6e879 <unknown>\n#3 0x55e27ea5e852 <unknown>\n#4 0x55e27ea5fe44 <unknown>\n#5 0x55e27ea5ebbe <unknown>\n#6 0x55e27ea5e2e0 <unknown>\n#7 0x55e27ea5e181 <unknown>\n#8 0x55e27ea5c0ec <unknown>\n#9 0x55e27ea5c60a <unknown>\n#10 0x55e27ea78eef <unknown>\n#11 0x55e27eb02695 <unknown>\n#12 0x55e27eae3362 <unknown>\n#13 0x55e27eb01ae2 <unknown>\n#14 0x55e27eae3103 <unknown>\n#15 0x55e27eab41ba <unknown>\n#16 0x55e27eab4b8e <unknown>\n#17 0x55e27ed4b59b <unknown>\n#18 0x55e27ed4f34b <unknown>\n#19 0x55e27ed37681 <unknown>\n#20 0x55e27ed4feb2 <unknown>\n#21 0x55e27ed1c6af <unknown>\n#22 0x55e27ed76428 <unknown>\n#23 0x55e27ed76600 <unknown>\n#24 0x55e27ed85f84 <unknown>\n#25 0x7f5bd2e94ac3 <unknown>\n\n",
    "statusTrace" : "  File \"/opt/hostedtoolcache/Python/3.12.3/x64/lib/python3.12/site-packages/pluggy/_callers.py\", line 167, in _multicall\n    teardown.throw(outcome._exception)\n  File \"/opt/hostedtoolcache/Python/3.12.3/x64/lib/python3.12/site-packages/_pytest/setuponly.py\", line 36, in pytest_fixture_setup\n    return (yield)\n            ^^^^^\n  File \"/opt/hostedtoolcache/Python/3.12.3/x64/lib/python3.12/site-packages/pluggy/_callers.py\", line 103, in _multicall\n    res = hook_impl.function(*args)\n          ^^^^^^^^^^^^^^^^^^^^^^^^^\n  File \"/opt/hostedtoolcache/Python/3.12.3/x64/lib/python3.12/site-packages/_pytest/fixtures.py\", line 1140, in pytest_fixture_setup\n    result = call_fixture_func(fixturefunc, request, kwargs)\n             ^^^^^^^^^^^^^^^^^^^^^^^^^^^^^^^^^^^^^^^^^^^^^^^\n  File \"/opt/hostedtoolcache/Python/3.12.3/x64/lib/python3.12/site-packages/_pytest/fixtures.py\", line 917, in call_fixture_func\n    fixture_result = fixturefunc(**kwargs)\n                     ^^^^^^^^^^^^^^^^^^^^^\n  File \"/home/runner/work/PulseWave/PulseWave/tests/test_main_page/conftest.py\", line 9, in main_page_open\n    driver.get(Constant.MAIN_PAGE)\n  File \"/opt/hostedtoolcache/Python/3.12.3/x64/lib/python3.12/site-packages/selenium/webdriver/remote/webdriver.py\", line 356, in get\n    self.execute(Command.GET, {\"url\": url})\n  File \"/opt/hostedtoolcache/Python/3.12.3/x64/lib/python3.12/site-packages/selenium/webdriver/remote/webdriver.py\", line 347, in execute\n    self.error_handler.check_response(response)\n  File \"/opt/hostedtoolcache/Python/3.12.3/x64/lib/python3.12/site-packages/selenium/webdriver/remote/errorhandler.py\", line 229, in check_response\n    raise exception_class(message, screen, stacktrace)\n",
    "steps" : [ ],
    "attachments" : [ ],
    "parameters" : [ ],
    "stepsCount" : 0,
    "attachmentsCount" : 0,
    "shouldDisplayMessage" : true,
    "hasContent" : true
  } ],
  "afterStages" : [ {
    "name" : "driver::0",
    "time" : {
      "start" : 1714357257812,
      "stop" : 1714357257869,
      "duration" : 57
    },
    "status" : "passed",
    "steps" : [ ],
    "attachments" : [ ],
    "parameters" : [ ],
    "stepsCount" : 0,
    "attachmentsCount" : 0,
    "shouldDisplayMessage" : false,
    "hasContent" : false
  } ],
  "labels" : [ {
    "name" : "epic",
    "value" : "Тестирование Главной страницы"
  }, {
    "name" : "tag",
    "value" : "regress"
  }, {
    "name" : "parentSuite",
    "value" : "tests.test_main_page"
  }, {
    "name" : "suite",
    "value" : "test_main_page"
  }, {
    "name" : "subSuite",
    "value" : "TestMainPage"
  }, {
    "name" : "host",
    "value" : "fv-az842-111"
  }, {
    "name" : "thread",
    "value" : "2300-MainThread"
  }, {
    "name" : "framework",
    "value" : "pytest"
  }, {
    "name" : "language",
    "value" : "cpython3"
  }, {
    "name" : "package",
    "value" : "tests.test_main_page.test_main_page"
  }, {
    "name" : "resultFormat",
    "value" : "allure2"
  } ],
  "parameters" : [ {
    "name" : "browser",
    "value" : "'chrome'"
  } ],
  "links" : [ ],
  "hidden" : false,
  "retry" : false,
  "extra" : {
    "severity" : "normal",
    "retries" : [ ],
    "categories" : [ {
      "name" : "Test defects",
      "matchedStatuses" : [ ],
      "flaky" : false
    } ],
    "history" : {
      "statistic" : {
        "failed" : 0,
        "broken" : 2,
        "skipped" : 0,
        "passed" : 11,
        "unknown" : 0,
        "total" : 13
      },
      "items" : [ {
        "uid" : "98c56df622eb24e1",
        "reportUrl" : "https://Nat754.github.io/PulseWave/8//#testresult/98c56df622eb24e1",
        "status" : "broken",
        "statusDetails" : "selenium.common.exceptions.TimeoutException: Message: \nStacktrace:\n#0 0x5637c41bfe33 <unknown>\n#1 0x5637c3eaf567 <unknown>\n#2 0x5637c3efa27d <unknown>\n#3 0x5637c3efa331 <unknown>\n#4 0x5637c3f3d624 <unknown>\n#5 0x5637c3f1c38d <unknown>\n#6 0x5637c3f3aae2 <unknown>\n#7 0x5637c3f1c103 <unknown>\n#8 0x5637c3eed1ba <unknown>\n#9 0x5637c3eedb8e <unknown>\n#10 0x5637c418459b <unknown>\n#11 0x5637c418834b <unknown>\n#12 0x5637c4170681 <unknown>\n#13 0x5637c4188eb2 <unknown>\n#14 0x5637c41556af <unknown>\n#15 0x5637c41af428 <unknown>\n#16 0x5637c41af600 <unknown>\n#17 0x5637c41bef84 <unknown>\n#18 0x7f133a294ac3 <unknown>",
        "time" : {
          "start" : 1714273642538,
          "stop" : 1714273642538,
          "duration" : 0
        }
      }, {
        "uid" : "dcbd53de6b836d22",
        "reportUrl" : "https://Nat754.github.io/PulseWave/7//#testresult/dcbd53de6b836d22",
        "status" : "passed",
        "time" : {
          "start" : 1714185168182,
          "stop" : 1714185168219,
          "duration" : 37
        }
      }, {
        "uid" : "846de848d403e157",
        "reportUrl" : "https://Nat754.github.io/PulseWave/6//#testresult/846de848d403e157",
        "status" : "passed",
        "time" : {
          "start" : 1714148602603,
          "stop" : 1714148602641,
          "duration" : 38
        }
      }, {
        "uid" : "301f87a78c3ad9b3",
        "reportUrl" : "https://Nat754.github.io/PulseWave/6//#testresult/301f87a78c3ad9b3",
        "status" : "passed",
        "time" : {
          "start" : 1714098652560,
          "stop" : 1714098652597,
          "duration" : 37
        }
      }, {
        "uid" : "e5c905f65e3451ae",
        "reportUrl" : "https://Nat754.github.io/PulseWave/5//#testresult/e5c905f65e3451ae",
        "status" : "passed",
        "time" : {
          "start" : 1714014512741,
          "stop" : 1714014512780,
          "duration" : 39
        }
      }, {
        "uid" : "ca09f0b4c5ff2aa5",
        "reportUrl" : "https://Nat754.github.io/PulseWave/211//#testresult/ca09f0b4c5ff2aa5",
        "status" : "passed",
        "time" : {
          "start" : 1713946018178,
          "stop" : 1713946018214,
          "duration" : 36
        }
      }, {
        "uid" : "2f0757f2c6a59ed9",
        "reportUrl" : "https://Nat754.github.io/PulseWave/4//#testresult/2f0757f2c6a59ed9",
        "status" : "passed",
        "time" : {
          "start" : 1713925808794,
          "stop" : 1713925808829,
          "duration" : 35
        }
      }, {
        "uid" : "12d6946a367e69f0",
        "reportUrl" : "https://Nat754.github.io/PulseWave/211//#testresult/12d6946a367e69f0",
        "status" : "passed",
        "time" : {
          "start" : 1713901679789,
          "stop" : 1713901679825,
          "duration" : 36
        }
      }, {
        "uid" : "8a2843fb183e5ba7",
        "reportUrl" : "https://Nat754.github.io/PulseWave/210//#testresult/8a2843fb183e5ba7",
        "status" : "passed",
        "time" : {
          "start" : 1713885905423,
          "stop" : 1713885905460,
          "duration" : 37
        }
      }, {
        "uid" : "977d69a31096b20b",
        "reportUrl" : "https://Nat754.github.io/PulseWave/209//#testresult/977d69a31096b20b",
        "status" : "passed",
        "time" : {
          "start" : 1713883793854,
          "stop" : 1713883793891,
          "duration" : 37
        }
      }, {
        "uid" : "6174dd4f0393f7c7",
        "reportUrl" : "https://Nat754.github.io/PulseWave/209//#testresult/6174dd4f0393f7c7",
        "status" : "passed",
        "time" : {
          "start" : 1713882324155,
          "stop" : 1713882324194,
          "duration" : 39
        }
      }, {
        "uid" : "e713d20887524545",
        "reportUrl" : "https://Nat754.github.io/PulseWave/208//#testresult/e713d20887524545",
        "status" : "passed",
        "time" : {
          "start" : 1713879502714,
          "stop" : 1713879502752,
          "duration" : 38
        }
      } ]
    },
    "tags" : [ "regress" ]
  },
  "source" : "e23dc56480c8ae79.json",
  "parameterValues" : [ "'chrome'" ]
}