{
  "uid" : "ed16558cae662047",
  "name" : "test_get_css_property_body_auth_signup[font-size-18px-\\u0440\\u0430\\u0437\\u043c\\u0435\\u0440\\u0430 \\u0448\\u0440\\u0438\\u0444\\u0442\\u0430-chrome]",
  "fullName" : "tests.test_main_page.test_main_page.TestMainPage#test_get_css_property_body_auth_signup",
  "historyId" : "01bb58e13eb5f046015717fb4768109c",
  "time" : {
    "start" : 1714357249027,
    "stop" : 1714357249027,
    "duration" : 0
  },
  "status" : "broken",
  "statusMessage" : "selenium.common.exceptions.WebDriverException: Message: unknown error: net::ERR_CONNECTION_REFUSED\n  (Session info: chrome-headless-shell=124.0.6367.60)\nStacktrace:\n#0 0x56414f521e33 <unknown>\n#1 0x56414f211567 <unknown>\n#2 0x56414f209879 <unknown>\n#3 0x56414f1f9852 <unknown>\n#4 0x56414f1fae44 <unknown>\n#5 0x56414f1f9bbe <unknown>\n#6 0x56414f1f92e0 <unknown>\n#7 0x56414f1f9181 <unknown>\n#8 0x56414f1f70ec <unknown>\n#9 0x56414f1f760a <unknown>\n#10 0x56414f213eef <unknown>\n#11 0x56414f29d695 <unknown>\n#12 0x56414f27e362 <unknown>\n#13 0x56414f29cae2 <unknown>\n#14 0x56414f27e103 <unknown>\n#15 0x56414f24f1ba <unknown>\n#16 0x56414f24fb8e <unknown>\n#17 0x56414f4e659b <unknown>\n#18 0x56414f4ea34b <unknown>\n#19 0x56414f4d2681 <unknown>\n#20 0x56414f4eaeb2 <unknown>\n#21 0x56414f4b76af <unknown>\n#22 0x56414f511428 <unknown>\n#23 0x56414f511600 <unknown>\n#24 0x56414f520f84 <unknown>\n#25 0x7f82b5a94ac3 <unknown>",
  "statusTrace" : "driver = <selenium.webdriver.chrome.webdriver.WebDriver (session=\"e514351dd79cdc57ffb1569535330d5d\")>\n\n    @pytest.fixture(scope='function')\n    def main_page_open(driver):\n        main_page = MainPage(driver)\n>       driver.get(Constant.MAIN_PAGE)\n\ntests/test_main_page/conftest.py:9: \n_ _ _ _ _ _ _ _ _ _ _ _ _ _ _ _ _ _ _ _ _ _ _ _ _ _ _ _ _ _ _ _ _ _ _ _ _ _ _ _ \n/opt/hostedtoolcache/Python/3.12.3/x64/lib/python3.12/site-packages/selenium/webdriver/remote/webdriver.py:356: in get\n    self.execute(Command.GET, {\"url\": url})\n/opt/hostedtoolcache/Python/3.12.3/x64/lib/python3.12/site-packages/selenium/webdriver/remote/webdriver.py:347: in execute\n    self.error_handler.check_response(response)\n_ _ _ _ _ _ _ _ _ _ _ _ _ _ _ _ _ _ _ _ _ _ _ _ _ _ _ _ _ _ _ _ _ _ _ _ _ _ _ _ \n\nself = <selenium.webdriver.remote.errorhandler.ErrorHandler object at 0x7f7971c4c890>\nresponse = {'status': 500, 'value': '{\"value\":{\"error\":\"unknown error\",\"message\":\"unknown error: net::ERR_CONNECTION_REFUSED\\\\n  ...\\\\n#23 0x56414f511600 \\\\u003Cunknown>\\\\n#24 0x56414f520f84 \\\\u003Cunknown>\\\\n#25 0x7f82b5a94ac3 \\\\u003Cunknown>\\\\n\"}}'}\n\n    def check_response(self, response: Dict[str, Any]) -> None:\n        \"\"\"Checks that a JSON response from the WebDriver does not have an\n        error.\n    \n        :Args:\n         - response - The JSON response from the WebDriver server as a dictionary\n           object.\n    \n        :Raises: If the response contains an error message.\n        \"\"\"\n        status = response.get(\"status\", None)\n        if not status or status == ErrorCode.SUCCESS:\n            return\n        value = None\n        message = response.get(\"message\", \"\")\n        screen: str = response.get(\"screen\", \"\")\n        stacktrace = None\n        if isinstance(status, int):\n            value_json = response.get(\"value\", None)\n            if value_json and isinstance(value_json, str):\n                import json\n    \n                try:\n                    value = json.loads(value_json)\n                    if len(value) == 1:\n                        value = value[\"value\"]\n                    status = value.get(\"error\", None)\n                    if not status:\n                        status = value.get(\"status\", ErrorCode.UNKNOWN_ERROR)\n                        message = value.get(\"value\") or value.get(\"message\")\n                        if not isinstance(message, str):\n                            value = message\n                            message = message.get(\"message\")\n                    else:\n                        message = value.get(\"message\", None)\n                except ValueError:\n                    pass\n    \n        exception_class: Type[WebDriverException]\n        e = ErrorCode()\n        error_codes = [item for item in dir(e) if not item.startswith(\"__\")]\n        for error_code in error_codes:\n            error_info = getattr(ErrorCode, error_code)\n            if isinstance(error_info, list) and status in error_info:\n                exception_class = getattr(ExceptionMapping, error_code, WebDriverException)\n                break\n        else:\n            exception_class = WebDriverException\n    \n        if not value:\n            value = response[\"value\"]\n        if isinstance(value, str):\n            raise exception_class(value)\n        if message == \"\" and \"message\" in value:\n            message = value[\"message\"]\n    \n        screen = None  # type: ignore[assignment]\n        if \"screen\" in value:\n            screen = value[\"screen\"]\n    \n        stacktrace = None\n        st_value = value.get(\"stackTrace\") or value.get(\"stacktrace\")\n        if st_value:\n            if isinstance(st_value, str):\n                stacktrace = st_value.split(\"\\n\")\n            else:\n                stacktrace = []\n                try:\n                    for frame in st_value:\n                        line = frame.get(\"lineNumber\", \"\")\n                        file = frame.get(\"fileName\", \"<anonymous>\")\n                        if line:\n                            file = f\"{file}:{line}\"\n                        meth = frame.get(\"methodName\", \"<anonymous>\")\n                        if \"className\" in frame:\n                            meth = f\"{frame['className']}.{meth}\"\n                        msg = \"    at %s (%s)\"\n                        msg = msg % (meth, file)\n                        stacktrace.append(msg)\n                except TypeError:\n                    pass\n        if exception_class == UnexpectedAlertPresentException:\n            alert_text = None\n            if \"data\" in value:\n                alert_text = value[\"data\"].get(\"text\")\n            elif \"alert\" in value:\n                alert_text = value[\"alert\"].get(\"text\")\n            raise exception_class(message, screen, stacktrace, alert_text)  # type: ignore[call-arg]  # mypy is not smart enough here\n>       raise exception_class(message, screen, stacktrace)\nE       selenium.common.exceptions.WebDriverException: Message: unknown error: net::ERR_CONNECTION_REFUSED\nE         (Session info: chrome-headless-shell=124.0.6367.60)\nE       Stacktrace:\nE       #0 0x56414f521e33 <unknown>\nE       #1 0x56414f211567 <unknown>\nE       #2 0x56414f209879 <unknown>\nE       #3 0x56414f1f9852 <unknown>\nE       #4 0x56414f1fae44 <unknown>\nE       #5 0x56414f1f9bbe <unknown>\nE       #6 0x56414f1f92e0 <unknown>\nE       #7 0x56414f1f9181 <unknown>\nE       #8 0x56414f1f70ec <unknown>\nE       #9 0x56414f1f760a <unknown>\nE       #10 0x56414f213eef <unknown>\nE       #11 0x56414f29d695 <unknown>\nE       #12 0x56414f27e362 <unknown>\nE       #13 0x56414f29cae2 <unknown>\nE       #14 0x56414f27e103 <unknown>\nE       #15 0x56414f24f1ba <unknown>\nE       #16 0x56414f24fb8e <unknown>\nE       #17 0x56414f4e659b <unknown>\nE       #18 0x56414f4ea34b <unknown>\nE       #19 0x56414f4d2681 <unknown>\nE       #20 0x56414f4eaeb2 <unknown>\nE       #21 0x56414f4b76af <unknown>\nE       #22 0x56414f511428 <unknown>\nE       #23 0x56414f511600 <unknown>\nE       #24 0x56414f520f84 <unknown>\nE       #25 0x7f82b5a94ac3 <unknown>\n\n/opt/hostedtoolcache/Python/3.12.3/x64/lib/python3.12/site-packages/selenium/webdriver/remote/errorhandler.py:229: WebDriverException",
  "flaky" : false,
  "newFailed" : false,
  "beforeStages" : [ {
    "name" : "clear_allure_results_folder",
    "time" : {
      "start" : 1714357159972,
      "stop" : 1714357159973,
      "duration" : 1
    },
    "status" : "passed",
    "steps" : [ ],
    "attachments" : [ ],
    "parameters" : [ ],
    "stepsCount" : 0,
    "attachmentsCount" : 0,
    "shouldDisplayMessage" : false,
    "hasContent" : false
  }, {
    "name" : "driver",
    "time" : {
      "start" : 1714357249027,
      "stop" : 1714357249224,
      "duration" : 197
    },
    "status" : "passed",
    "steps" : [ ],
    "attachments" : [ ],
    "parameters" : [ ],
    "stepsCount" : 0,
    "attachmentsCount" : 0,
    "shouldDisplayMessage" : false,
    "hasContent" : false
  }, {
    "name" : "main_page_open",
    "time" : {
      "start" : 1714357249225,
      "stop" : 1714357249378,
      "duration" : 153
    },
    "status" : "broken",
    "statusMessage" : "selenium.common.exceptions.WebDriverException: Message: unknown error: net::ERR_CONNECTION_REFUSED\n  (Session info: chrome-headless-shell=124.0.6367.60)\nStacktrace:\n#0 0x56414f521e33 <unknown>\n#1 0x56414f211567 <unknown>\n#2 0x56414f209879 <unknown>\n#3 0x56414f1f9852 <unknown>\n#4 0x56414f1fae44 <unknown>\n#5 0x56414f1f9bbe <unknown>\n#6 0x56414f1f92e0 <unknown>\n#7 0x56414f1f9181 <unknown>\n#8 0x56414f1f70ec <unknown>\n#9 0x56414f1f760a <unknown>\n#10 0x56414f213eef <unknown>\n#11 0x56414f29d695 <unknown>\n#12 0x56414f27e362 <unknown>\n#13 0x56414f29cae2 <unknown>\n#14 0x56414f27e103 <unknown>\n#15 0x56414f24f1ba <unknown>\n#16 0x56414f24fb8e <unknown>\n#17 0x56414f4e659b <unknown>\n#18 0x56414f4ea34b <unknown>\n#19 0x56414f4d2681 <unknown>\n#20 0x56414f4eaeb2 <unknown>\n#21 0x56414f4b76af <unknown>\n#22 0x56414f511428 <unknown>\n#23 0x56414f511600 <unknown>\n#24 0x56414f520f84 <unknown>\n#25 0x7f82b5a94ac3 <unknown>\n\n",
    "statusTrace" : "  File \"/opt/hostedtoolcache/Python/3.12.3/x64/lib/python3.12/site-packages/pluggy/_callers.py\", line 167, in _multicall\n    teardown.throw(outcome._exception)\n  File \"/opt/hostedtoolcache/Python/3.12.3/x64/lib/python3.12/site-packages/_pytest/setuponly.py\", line 36, in pytest_fixture_setup\n    return (yield)\n            ^^^^^\n  File \"/opt/hostedtoolcache/Python/3.12.3/x64/lib/python3.12/site-packages/pluggy/_callers.py\", line 103, in _multicall\n    res = hook_impl.function(*args)\n          ^^^^^^^^^^^^^^^^^^^^^^^^^\n  File \"/opt/hostedtoolcache/Python/3.12.3/x64/lib/python3.12/site-packages/_pytest/fixtures.py\", line 1140, in pytest_fixture_setup\n    result = call_fixture_func(fixturefunc, request, kwargs)\n             ^^^^^^^^^^^^^^^^^^^^^^^^^^^^^^^^^^^^^^^^^^^^^^^\n  File \"/opt/hostedtoolcache/Python/3.12.3/x64/lib/python3.12/site-packages/_pytest/fixtures.py\", line 917, in call_fixture_func\n    fixture_result = fixturefunc(**kwargs)\n                     ^^^^^^^^^^^^^^^^^^^^^\n  File \"/home/runner/work/PulseWave/PulseWave/tests/test_main_page/conftest.py\", line 9, in main_page_open\n    driver.get(Constant.MAIN_PAGE)\n  File \"/opt/hostedtoolcache/Python/3.12.3/x64/lib/python3.12/site-packages/selenium/webdriver/remote/webdriver.py\", line 356, in get\n    self.execute(Command.GET, {\"url\": url})\n  File \"/opt/hostedtoolcache/Python/3.12.3/x64/lib/python3.12/site-packages/selenium/webdriver/remote/webdriver.py\", line 347, in execute\n    self.error_handler.check_response(response)\n  File \"/opt/hostedtoolcache/Python/3.12.3/x64/lib/python3.12/site-packages/selenium/webdriver/remote/errorhandler.py\", line 229, in check_response\n    raise exception_class(message, screen, stacktrace)\n",
    "steps" : [ ],
    "attachments" : [ ],
    "parameters" : [ ],
    "stepsCount" : 0,
    "attachmentsCount" : 0,
    "shouldDisplayMessage" : true,
    "hasContent" : true
  }, {
    "name" : "_session_faker",
    "time" : {
      "start" : 1714357159955,
      "stop" : 1714357159972,
      "duration" : 17
    },
    "status" : "passed",
    "steps" : [ ],
    "attachments" : [ ],
    "parameters" : [ ],
    "stepsCount" : 0,
    "attachmentsCount" : 0,
    "shouldDisplayMessage" : false,
    "hasContent" : false
  } ],
  "afterStages" : [ {
    "name" : "driver::0",
    "time" : {
      "start" : 1714357249409,
      "stop" : 1714357249466,
      "duration" : 57
    },
    "status" : "passed",
    "steps" : [ ],
    "attachments" : [ ],
    "parameters" : [ ],
    "stepsCount" : 0,
    "attachmentsCount" : 0,
    "shouldDisplayMessage" : false,
    "hasContent" : false
  } ],
  "labels" : [ {
    "name" : "epic",
    "value" : "Тестирование Главной страницы"
  }, {
    "name" : "tag",
    "value" : "regress"
  }, {
    "name" : "parentSuite",
    "value" : "tests.test_main_page"
  }, {
    "name" : "suite",
    "value" : "test_main_page"
  }, {
    "name" : "subSuite",
    "value" : "TestMainPage"
  }, {
    "name" : "host",
    "value" : "fv-az842-111"
  }, {
    "name" : "thread",
    "value" : "2300-MainThread"
  }, {
    "name" : "framework",
    "value" : "pytest"
  }, {
    "name" : "language",
    "value" : "cpython3"
  }, {
    "name" : "package",
    "value" : "tests.test_main_page.test_main_page"
  }, {
    "name" : "resultFormat",
    "value" : "allure2"
  } ],
  "parameters" : [ {
    "name" : "browser",
    "value" : "'chrome'"
  }, {
    "name" : "css_property",
    "value" : "'font-size'"
  }, {
    "name" : "figma",
    "value" : "'18px'"
  }, {
    "name" : "name",
    "value" : "'размера шрифта'"
  } ],
  "links" : [ ],
  "hidden" : false,
  "retry" : false,
  "extra" : {
    "severity" : "normal",
    "retries" : [ ],
    "categories" : [ {
      "name" : "Test defects",
      "matchedStatuses" : [ ],
      "flaky" : false
    } ],
    "history" : {
      "statistic" : {
        "failed" : 0,
        "broken" : 2,
        "skipped" : 0,
        "passed" : 11,
        "unknown" : 0,
        "total" : 13
      },
      "items" : [ {
        "uid" : "5ed9f6f8716973c3",
        "reportUrl" : "https://Nat754.github.io/PulseWave/8//#testresult/5ed9f6f8716973c3",
        "status" : "broken",
        "statusDetails" : "selenium.common.exceptions.TimeoutException: Message: \nStacktrace:\n#0 0x55c62d693e33 <unknown>\n#1 0x55c62d383567 <unknown>\n#2 0x55c62d3ce27d <unknown>\n#3 0x55c62d3ce331 <unknown>\n#4 0x55c62d411624 <unknown>\n#5 0x55c62d3f038d <unknown>\n#6 0x55c62d40eae2 <unknown>\n#7 0x55c62d3f0103 <unknown>\n#8 0x55c62d3c11ba <unknown>\n#9 0x55c62d3c1b8e <unknown>\n#10 0x55c62d65859b <unknown>\n#11 0x55c62d65c34b <unknown>\n#12 0x55c62d644681 <unknown>\n#13 0x55c62d65ceb2 <unknown>\n#14 0x55c62d6296af <unknown>\n#15 0x55c62d683428 <unknown>\n#16 0x55c62d683600 <unknown>\n#17 0x55c62d692f84 <unknown>\n#18 0x7fa694c94ac3 <unknown>",
        "time" : {
          "start" : 1714273241989,
          "stop" : 1714273241989,
          "duration" : 0
        }
      }, {
        "uid" : "f3398b7c033bc772",
        "reportUrl" : "https://Nat754.github.io/PulseWave/7//#testresult/f3398b7c033bc772",
        "status" : "passed",
        "time" : {
          "start" : 1714185094428,
          "stop" : 1714185094465,
          "duration" : 37
        }
      }, {
        "uid" : "4aee5308aaaa4a45",
        "reportUrl" : "https://Nat754.github.io/PulseWave/6//#testresult/4aee5308aaaa4a45",
        "status" : "passed",
        "time" : {
          "start" : 1714148545555,
          "stop" : 1714148545589,
          "duration" : 34
        }
      }, {
        "uid" : "491d859ce05d5cf6",
        "reportUrl" : "https://Nat754.github.io/PulseWave/6//#testresult/491d859ce05d5cf6",
        "status" : "passed",
        "time" : {
          "start" : 1714098595560,
          "stop" : 1714098595594,
          "duration" : 34
        }
      }, {
        "uid" : "c825967b219e912",
        "reportUrl" : "https://Nat754.github.io/PulseWave/5//#testresult/c825967b219e912",
        "status" : "passed",
        "time" : {
          "start" : 1714014463777,
          "stop" : 1714014463812,
          "duration" : 35
        }
      }, {
        "uid" : "a944da5d69e391e6",
        "reportUrl" : "https://Nat754.github.io/PulseWave/211//#testresult/a944da5d69e391e6",
        "status" : "passed",
        "time" : {
          "start" : 1713945965785,
          "stop" : 1713945965819,
          "duration" : 34
        }
      }, {
        "uid" : "456d631b902c231c",
        "reportUrl" : "https://Nat754.github.io/PulseWave/4//#testresult/456d631b902c231c",
        "status" : "passed",
        "time" : {
          "start" : 1713925756893,
          "stop" : 1713925756927,
          "duration" : 34
        }
      }, {
        "uid" : "a4636d4cae5b32de",
        "reportUrl" : "https://Nat754.github.io/PulseWave/211//#testresult/a4636d4cae5b32de",
        "status" : "passed",
        "time" : {
          "start" : 1713901620882,
          "stop" : 1713901620918,
          "duration" : 36
        }
      }, {
        "uid" : "2c03ea55f5ff41ed",
        "reportUrl" : "https://Nat754.github.io/PulseWave/210//#testresult/2c03ea55f5ff41ed",
        "status" : "passed",
        "time" : {
          "start" : 1713885834746,
          "stop" : 1713885834780,
          "duration" : 34
        }
      }, {
        "uid" : "69c0e4ca0b3af3c0",
        "reportUrl" : "https://Nat754.github.io/PulseWave/209//#testresult/69c0e4ca0b3af3c0",
        "status" : "passed",
        "time" : {
          "start" : 1713883726102,
          "stop" : 1713883726135,
          "duration" : 33
        }
      }, {
        "uid" : "e4785d57bed11193",
        "reportUrl" : "https://Nat754.github.io/PulseWave/209//#testresult/e4785d57bed11193",
        "status" : "passed",
        "time" : {
          "start" : 1713882252624,
          "stop" : 1713882252659,
          "duration" : 35
        }
      }, {
        "uid" : "da156a0774422ff9",
        "reportUrl" : "https://Nat754.github.io/PulseWave/208//#testresult/da156a0774422ff9",
        "status" : "passed",
        "time" : {
          "start" : 1713879430424,
          "stop" : 1713879430459,
          "duration" : 35
        }
      } ]
    },
    "tags" : [ "regress" ]
  },
  "source" : "ed16558cae662047.json",
  "parameterValues" : [ "'chrome'", "'font-size'", "'18px'", "'размера шрифта'" ]
}