{
  "uid" : "f4c255f4efcffff8",
  "name" : "1.30 Окно регистрации сообщение 'Регистрируясь, я соглашаюсь с Условиями пользования и Политикой конфиденциальности', проверка корректности перехода по ссылке 'Условиями пользования'",
  "fullName" : "tests.test_signup_page.test_signup_page.TestSignupPage#test_check_redirect_to_terms_of_service",
  "historyId" : "b58a850da4df14e6c04f4231c1bcdedf",
  "time" : {
    "start" : 1714357271567,
    "stop" : 1714357271567,
    "duration" : 0
  },
  "status" : "broken",
  "statusMessage" : "selenium.common.exceptions.WebDriverException: Message: unknown error: net::ERR_CONNECTION_REFUSED\n  (Session info: chrome-headless-shell=124.0.6367.60)\nStacktrace:\n#0 0x55c594b4ce33 <unknown>\n#1 0x55c59483c567 <unknown>\n#2 0x55c594834879 <unknown>\n#3 0x55c594824852 <unknown>\n#4 0x55c594825e44 <unknown>\n#5 0x55c594824bbe <unknown>\n#6 0x55c5948242e0 <unknown>\n#7 0x55c594824181 <unknown>\n#8 0x55c5948220ec <unknown>\n#9 0x55c59482260a <unknown>\n#10 0x55c59483eeef <unknown>\n#11 0x55c5948c8695 <unknown>\n#12 0x55c5948a9362 <unknown>\n#13 0x55c5948c7ae2 <unknown>\n#14 0x55c5948a9103 <unknown>\n#15 0x55c59487a1ba <unknown>\n#16 0x55c59487ab8e <unknown>\n#17 0x55c594b1159b <unknown>\n#18 0x55c594b1534b <unknown>\n#19 0x55c594afd681 <unknown>\n#20 0x55c594b15eb2 <unknown>\n#21 0x55c594ae26af <unknown>\n#22 0x55c594b3c428 <unknown>\n#23 0x55c594b3c600 <unknown>\n#24 0x55c594b4bf84 <unknown>\n#25 0x7fe31e294ac3 <unknown>",
  "statusTrace" : "driver = <selenium.webdriver.chrome.webdriver.WebDriver (session=\"7c22274e1c1c01ebab756e580aafc386\")>\n\n    @pytest.fixture(scope='function')\n    def signup_page_open(driver):\n        signup_page = SignUpPage(driver)\n>       driver.get(Constant.SIGNUP_PAGE)\n\ntests/test_signup_page/conftest.py:9: \n_ _ _ _ _ _ _ _ _ _ _ _ _ _ _ _ _ _ _ _ _ _ _ _ _ _ _ _ _ _ _ _ _ _ _ _ _ _ _ _ \n/opt/hostedtoolcache/Python/3.12.3/x64/lib/python3.12/site-packages/selenium/webdriver/remote/webdriver.py:356: in get\n    self.execute(Command.GET, {\"url\": url})\n/opt/hostedtoolcache/Python/3.12.3/x64/lib/python3.12/site-packages/selenium/webdriver/remote/webdriver.py:347: in execute\n    self.error_handler.check_response(response)\n_ _ _ _ _ _ _ _ _ _ _ _ _ _ _ _ _ _ _ _ _ _ _ _ _ _ _ _ _ _ _ _ _ _ _ _ _ _ _ _ \n\nself = <selenium.webdriver.remote.errorhandler.ErrorHandler object at 0x7f7971c6a120>\nresponse = {'status': 500, 'value': '{\"value\":{\"error\":\"unknown error\",\"message\":\"unknown error: net::ERR_CONNECTION_REFUSED\\\\n  ...\\\\n#23 0x55c594b3c600 \\\\u003Cunknown>\\\\n#24 0x55c594b4bf84 \\\\u003Cunknown>\\\\n#25 0x7fe31e294ac3 \\\\u003Cunknown>\\\\n\"}}'}\n\n    def check_response(self, response: Dict[str, Any]) -> None:\n        \"\"\"Checks that a JSON response from the WebDriver does not have an\n        error.\n    \n        :Args:\n         - response - The JSON response from the WebDriver server as a dictionary\n           object.\n    \n        :Raises: If the response contains an error message.\n        \"\"\"\n        status = response.get(\"status\", None)\n        if not status or status == ErrorCode.SUCCESS:\n            return\n        value = None\n        message = response.get(\"message\", \"\")\n        screen: str = response.get(\"screen\", \"\")\n        stacktrace = None\n        if isinstance(status, int):\n            value_json = response.get(\"value\", None)\n            if value_json and isinstance(value_json, str):\n                import json\n    \n                try:\n                    value = json.loads(value_json)\n                    if len(value) == 1:\n                        value = value[\"value\"]\n                    status = value.get(\"error\", None)\n                    if not status:\n                        status = value.get(\"status\", ErrorCode.UNKNOWN_ERROR)\n                        message = value.get(\"value\") or value.get(\"message\")\n                        if not isinstance(message, str):\n                            value = message\n                            message = message.get(\"message\")\n                    else:\n                        message = value.get(\"message\", None)\n                except ValueError:\n                    pass\n    \n        exception_class: Type[WebDriverException]\n        e = ErrorCode()\n        error_codes = [item for item in dir(e) if not item.startswith(\"__\")]\n        for error_code in error_codes:\n            error_info = getattr(ErrorCode, error_code)\n            if isinstance(error_info, list) and status in error_info:\n                exception_class = getattr(ExceptionMapping, error_code, WebDriverException)\n                break\n        else:\n            exception_class = WebDriverException\n    \n        if not value:\n            value = response[\"value\"]\n        if isinstance(value, str):\n            raise exception_class(value)\n        if message == \"\" and \"message\" in value:\n            message = value[\"message\"]\n    \n        screen = None  # type: ignore[assignment]\n        if \"screen\" in value:\n            screen = value[\"screen\"]\n    \n        stacktrace = None\n        st_value = value.get(\"stackTrace\") or value.get(\"stacktrace\")\n        if st_value:\n            if isinstance(st_value, str):\n                stacktrace = st_value.split(\"\\n\")\n            else:\n                stacktrace = []\n                try:\n                    for frame in st_value:\n                        line = frame.get(\"lineNumber\", \"\")\n                        file = frame.get(\"fileName\", \"<anonymous>\")\n                        if line:\n                            file = f\"{file}:{line}\"\n                        meth = frame.get(\"methodName\", \"<anonymous>\")\n                        if \"className\" in frame:\n                            meth = f\"{frame['className']}.{meth}\"\n                        msg = \"    at %s (%s)\"\n                        msg = msg % (meth, file)\n                        stacktrace.append(msg)\n                except TypeError:\n                    pass\n        if exception_class == UnexpectedAlertPresentException:\n            alert_text = None\n            if \"data\" in value:\n                alert_text = value[\"data\"].get(\"text\")\n            elif \"alert\" in value:\n                alert_text = value[\"alert\"].get(\"text\")\n            raise exception_class(message, screen, stacktrace, alert_text)  # type: ignore[call-arg]  # mypy is not smart enough here\n>       raise exception_class(message, screen, stacktrace)\nE       selenium.common.exceptions.WebDriverException: Message: unknown error: net::ERR_CONNECTION_REFUSED\nE         (Session info: chrome-headless-shell=124.0.6367.60)\nE       Stacktrace:\nE       #0 0x55c594b4ce33 <unknown>\nE       #1 0x55c59483c567 <unknown>\nE       #2 0x55c594834879 <unknown>\nE       #3 0x55c594824852 <unknown>\nE       #4 0x55c594825e44 <unknown>\nE       #5 0x55c594824bbe <unknown>\nE       #6 0x55c5948242e0 <unknown>\nE       #7 0x55c594824181 <unknown>\nE       #8 0x55c5948220ec <unknown>\nE       #9 0x55c59482260a <unknown>\nE       #10 0x55c59483eeef <unknown>\nE       #11 0x55c5948c8695 <unknown>\nE       #12 0x55c5948a9362 <unknown>\nE       #13 0x55c5948c7ae2 <unknown>\nE       #14 0x55c5948a9103 <unknown>\nE       #15 0x55c59487a1ba <unknown>\nE       #16 0x55c59487ab8e <unknown>\nE       #17 0x55c594b1159b <unknown>\nE       #18 0x55c594b1534b <unknown>\nE       #19 0x55c594afd681 <unknown>\nE       #20 0x55c594b15eb2 <unknown>\nE       #21 0x55c594ae26af <unknown>\nE       #22 0x55c594b3c428 <unknown>\nE       #23 0x55c594b3c600 <unknown>\nE       #24 0x55c594b4bf84 <unknown>\nE       #25 0x7fe31e294ac3 <unknown>\n\n/opt/hostedtoolcache/Python/3.12.3/x64/lib/python3.12/site-packages/selenium/webdriver/remote/errorhandler.py:229: WebDriverException",
  "flaky" : false,
  "newFailed" : false,
  "beforeStages" : [ {
    "name" : "driver",
    "time" : {
      "start" : 1714357271568,
      "stop" : 1714357271765,
      "duration" : 197
    },
    "status" : "passed",
    "steps" : [ ],
    "attachments" : [ ],
    "parameters" : [ ],
    "stepsCount" : 0,
    "attachmentsCount" : 0,
    "shouldDisplayMessage" : false,
    "hasContent" : false
  }, {
    "name" : "clear_allure_results_folder",
    "time" : {
      "start" : 1714357159972,
      "stop" : 1714357159973,
      "duration" : 1
    },
    "status" : "passed",
    "steps" : [ ],
    "attachments" : [ ],
    "parameters" : [ ],
    "stepsCount" : 0,
    "attachmentsCount" : 0,
    "shouldDisplayMessage" : false,
    "hasContent" : false
  }, {
    "name" : "_session_faker",
    "time" : {
      "start" : 1714357159955,
      "stop" : 1714357159972,
      "duration" : 17
    },
    "status" : "passed",
    "steps" : [ ],
    "attachments" : [ ],
    "parameters" : [ ],
    "stepsCount" : 0,
    "attachmentsCount" : 0,
    "shouldDisplayMessage" : false,
    "hasContent" : false
  }, {
    "name" : "signup_page_open",
    "time" : {
      "start" : 1714357271766,
      "stop" : 1714357271919,
      "duration" : 153
    },
    "status" : "broken",
    "statusMessage" : "selenium.common.exceptions.WebDriverException: Message: unknown error: net::ERR_CONNECTION_REFUSED\n  (Session info: chrome-headless-shell=124.0.6367.60)\nStacktrace:\n#0 0x55c594b4ce33 <unknown>\n#1 0x55c59483c567 <unknown>\n#2 0x55c594834879 <unknown>\n#3 0x55c594824852 <unknown>\n#4 0x55c594825e44 <unknown>\n#5 0x55c594824bbe <unknown>\n#6 0x55c5948242e0 <unknown>\n#7 0x55c594824181 <unknown>\n#8 0x55c5948220ec <unknown>\n#9 0x55c59482260a <unknown>\n#10 0x55c59483eeef <unknown>\n#11 0x55c5948c8695 <unknown>\n#12 0x55c5948a9362 <unknown>\n#13 0x55c5948c7ae2 <unknown>\n#14 0x55c5948a9103 <unknown>\n#15 0x55c59487a1ba <unknown>\n#16 0x55c59487ab8e <unknown>\n#17 0x55c594b1159b <unknown>\n#18 0x55c594b1534b <unknown>\n#19 0x55c594afd681 <unknown>\n#20 0x55c594b15eb2 <unknown>\n#21 0x55c594ae26af <unknown>\n#22 0x55c594b3c428 <unknown>\n#23 0x55c594b3c600 <unknown>\n#24 0x55c594b4bf84 <unknown>\n#25 0x7fe31e294ac3 <unknown>\n\n",
    "statusTrace" : "  File \"/opt/hostedtoolcache/Python/3.12.3/x64/lib/python3.12/site-packages/pluggy/_callers.py\", line 167, in _multicall\n    teardown.throw(outcome._exception)\n  File \"/opt/hostedtoolcache/Python/3.12.3/x64/lib/python3.12/site-packages/_pytest/setuponly.py\", line 36, in pytest_fixture_setup\n    return (yield)\n            ^^^^^\n  File \"/opt/hostedtoolcache/Python/3.12.3/x64/lib/python3.12/site-packages/pluggy/_callers.py\", line 103, in _multicall\n    res = hook_impl.function(*args)\n          ^^^^^^^^^^^^^^^^^^^^^^^^^\n  File \"/opt/hostedtoolcache/Python/3.12.3/x64/lib/python3.12/site-packages/_pytest/fixtures.py\", line 1140, in pytest_fixture_setup\n    result = call_fixture_func(fixturefunc, request, kwargs)\n             ^^^^^^^^^^^^^^^^^^^^^^^^^^^^^^^^^^^^^^^^^^^^^^^\n  File \"/opt/hostedtoolcache/Python/3.12.3/x64/lib/python3.12/site-packages/_pytest/fixtures.py\", line 917, in call_fixture_func\n    fixture_result = fixturefunc(**kwargs)\n                     ^^^^^^^^^^^^^^^^^^^^^\n  File \"/home/runner/work/PulseWave/PulseWave/tests/test_signup_page/conftest.py\", line 9, in signup_page_open\n    driver.get(Constant.SIGNUP_PAGE)\n  File \"/opt/hostedtoolcache/Python/3.12.3/x64/lib/python3.12/site-packages/selenium/webdriver/remote/webdriver.py\", line 356, in get\n    self.execute(Command.GET, {\"url\": url})\n  File \"/opt/hostedtoolcache/Python/3.12.3/x64/lib/python3.12/site-packages/selenium/webdriver/remote/webdriver.py\", line 347, in execute\n    self.error_handler.check_response(response)\n  File \"/opt/hostedtoolcache/Python/3.12.3/x64/lib/python3.12/site-packages/selenium/webdriver/remote/errorhandler.py\", line 229, in check_response\n    raise exception_class(message, screen, stacktrace)\n",
    "steps" : [ ],
    "attachments" : [ ],
    "parameters" : [ ],
    "stepsCount" : 0,
    "attachmentsCount" : 0,
    "shouldDisplayMessage" : true,
    "hasContent" : true
  } ],
  "afterStages" : [ {
    "name" : "driver::0",
    "time" : {
      "start" : 1714357271950,
      "stop" : 1714357272007,
      "duration" : 57
    },
    "status" : "passed",
    "steps" : [ ],
    "attachments" : [ ],
    "parameters" : [ ],
    "stepsCount" : 0,
    "attachmentsCount" : 0,
    "shouldDisplayMessage" : false,
    "hasContent" : false
  } ],
  "labels" : [ {
    "name" : "epic",
    "value" : "Тестирование страницы 'Регистрация'"
  }, {
    "name" : "tag",
    "value" : "smoke"
  }, {
    "name" : "parentSuite",
    "value" : "tests.test_signup_page"
  }, {
    "name" : "suite",
    "value" : "test_signup_page"
  }, {
    "name" : "subSuite",
    "value" : "TestSignupPage"
  }, {
    "name" : "host",
    "value" : "fv-az842-111"
  }, {
    "name" : "thread",
    "value" : "2300-MainThread"
  }, {
    "name" : "framework",
    "value" : "pytest"
  }, {
    "name" : "language",
    "value" : "cpython3"
  }, {
    "name" : "package",
    "value" : "tests.test_signup_page.test_signup_page"
  }, {
    "name" : "resultFormat",
    "value" : "allure2"
  } ],
  "parameters" : [ {
    "name" : "browser",
    "value" : "'chrome'"
  } ],
  "links" : [ ],
  "hidden" : false,
  "retry" : false,
  "extra" : {
    "severity" : "normal",
    "retries" : [ ],
    "categories" : [ {
      "name" : "Test defects",
      "matchedStatuses" : [ ],
      "flaky" : false
    } ],
    "history" : {
      "statistic" : {
        "failed" : 0,
        "broken" : 2,
        "skipped" : 0,
        "passed" : 11,
        "unknown" : 0,
        "total" : 13
      },
      "items" : [ {
        "uid" : "650d396ca1bcc548",
        "reportUrl" : "https://Nat754.github.io/PulseWave/8//#testresult/650d396ca1bcc548",
        "status" : "broken",
        "statusDetails" : "selenium.common.exceptions.TimeoutException: Message: \nStacktrace:\n#0 0x5591fbaece33 <unknown>\n#1 0x5591fb7dc567 <unknown>\n#2 0x5591fb82727d <unknown>\n#3 0x5591fb827331 <unknown>\n#4 0x5591fb86a624 <unknown>\n#5 0x5591fb84938d <unknown>\n#6 0x5591fb867ae2 <unknown>\n#7 0x5591fb849103 <unknown>\n#8 0x5591fb81a1ba <unknown>\n#9 0x5591fb81ab8e <unknown>\n#10 0x5591fbab159b <unknown>\n#11 0x5591fbab534b <unknown>\n#12 0x5591fba9d681 <unknown>\n#13 0x5591fbab5eb2 <unknown>\n#14 0x5591fba826af <unknown>\n#15 0x5591fbadc428 <unknown>\n#16 0x5591fbadc600 <unknown>\n#17 0x5591fbaebf84 <unknown>\n#18 0x7f1a0ca94ac3 <unknown>",
        "time" : {
          "start" : 1714274315571,
          "stop" : 1714274315571,
          "duration" : 0
        }
      }, {
        "uid" : "b5183912102a50c8",
        "reportUrl" : "https://Nat754.github.io/PulseWave/7//#testresult/b5183912102a50c8",
        "status" : "passed",
        "time" : {
          "start" : 1714185389760,
          "stop" : 1714185389867,
          "duration" : 107
        }
      }, {
        "uid" : "2ee85267ee688983",
        "reportUrl" : "https://Nat754.github.io/PulseWave/6//#testresult/2ee85267ee688983",
        "status" : "passed",
        "time" : {
          "start" : 1714148804661,
          "stop" : 1714148804770,
          "duration" : 109
        }
      }, {
        "uid" : "c64444b16ba59aab",
        "reportUrl" : "https://Nat754.github.io/PulseWave/6//#testresult/c64444b16ba59aab",
        "status" : "passed",
        "time" : {
          "start" : 1714098854535,
          "stop" : 1714098854641,
          "duration" : 106
        }
      }, {
        "uid" : "734cb15f4cdb8ea9",
        "reportUrl" : "https://Nat754.github.io/PulseWave/5//#testresult/734cb15f4cdb8ea9",
        "status" : "passed",
        "time" : {
          "start" : 1714014698183,
          "stop" : 1714014698288,
          "duration" : 105
        }
      }, {
        "uid" : "500a565897a80582",
        "reportUrl" : "https://Nat754.github.io/PulseWave/211//#testresult/500a565897a80582",
        "status" : "passed",
        "time" : {
          "start" : 1713946209614,
          "stop" : 1713946209717,
          "duration" : 103
        }
      }, {
        "uid" : "63f42f6caec7fb41",
        "reportUrl" : "https://Nat754.github.io/PulseWave/4//#testresult/63f42f6caec7fb41",
        "status" : "passed",
        "time" : {
          "start" : 1713926001455,
          "stop" : 1713926001562,
          "duration" : 107
        }
      }, {
        "uid" : "3e3cde2c501f7691",
        "reportUrl" : "https://Nat754.github.io/PulseWave/211//#testresult/3e3cde2c501f7691",
        "status" : "passed",
        "time" : {
          "start" : 1713901883867,
          "stop" : 1713901883975,
          "duration" : 108
        }
      }, {
        "uid" : "be3acb1131e07e02",
        "reportUrl" : "https://Nat754.github.io/PulseWave/210//#testresult/be3acb1131e07e02",
        "status" : "passed",
        "time" : {
          "start" : 1713886131089,
          "stop" : 1713886131199,
          "duration" : 110
        }
      }, {
        "uid" : "649881644d362dfe",
        "reportUrl" : "https://Nat754.github.io/PulseWave/209//#testresult/649881644d362dfe",
        "status" : "passed",
        "time" : {
          "start" : 1713884017198,
          "stop" : 1713884017301,
          "duration" : 103
        }
      }, {
        "uid" : "4fe2587402102a21",
        "reportUrl" : "https://Nat754.github.io/PulseWave/209//#testresult/4fe2587402102a21",
        "status" : "passed",
        "time" : {
          "start" : 1713882549486,
          "stop" : 1713882549593,
          "duration" : 107
        }
      }, {
        "uid" : "11007cc75b2bd84b",
        "reportUrl" : "https://Nat754.github.io/PulseWave/208//#testresult/11007cc75b2bd84b",
        "status" : "passed",
        "time" : {
          "start" : 1713879726863,
          "stop" : 1713879726975,
          "duration" : 112
        }
      } ]
    },
    "tags" : [ "smoke" ]
  },
  "source" : "f4c255f4efcffff8.json",
  "parameterValues" : [ "'chrome'" ]
}