{
  "uid" : "fc84f5548cf19de",
  "name" : "3.4 Проверка некликабельности кнопки 'Продолжить'",
  "fullName" : "tests.test_password_recovery.test_password_recovery.TestPasswordRecoveryPage#test_check_resume_button_is_not_clickable_without_email",
  "historyId" : "70ed930c71f149fb2a4b1475b327d5c1",
  "time" : {
    "start" : 1714357262285,
    "stop" : 1714357262285,
    "duration" : 0
  },
  "status" : "broken",
  "statusMessage" : "selenium.common.exceptions.WebDriverException: Message: unknown error: net::ERR_CONNECTION_REFUSED\n  (Session info: chrome-headless-shell=124.0.6367.60)\nStacktrace:\n#0 0x55fb49729e33 <unknown>\n#1 0x55fb49419567 <unknown>\n#2 0x55fb49411879 <unknown>\n#3 0x55fb49401852 <unknown>\n#4 0x55fb49402e44 <unknown>\n#5 0x55fb49401bbe <unknown>\n#6 0x55fb494012e0 <unknown>\n#7 0x55fb49401181 <unknown>\n#8 0x55fb493ff0ec <unknown>\n#9 0x55fb493ff60a <unknown>\n#10 0x55fb4941beef <unknown>\n#11 0x55fb494a5695 <unknown>\n#12 0x55fb49486362 <unknown>\n#13 0x55fb494a4ae2 <unknown>\n#14 0x55fb49486103 <unknown>\n#15 0x55fb494571ba <unknown>\n#16 0x55fb49457b8e <unknown>\n#17 0x55fb496ee59b <unknown>\n#18 0x55fb496f234b <unknown>\n#19 0x55fb496da681 <unknown>\n#20 0x55fb496f2eb2 <unknown>\n#21 0x55fb496bf6af <unknown>\n#22 0x55fb49719428 <unknown>\n#23 0x55fb49719600 <unknown>\n#24 0x55fb49728f84 <unknown>\n#25 0x7f9c79e94ac3 <unknown>",
  "statusTrace" : "driver = <selenium.webdriver.chrome.webdriver.WebDriver (session=\"1b8e6b314b19ef538acf0ff5fbbdb6b0\")>\n\n    @pytest.fixture(scope='function')\n    def recovery_page_open(driver):\n        recovery_page = PasswordRecoveryPage(driver)\n>       driver.get(Constant.PASSWORD_RECOVERY)\n\ntests/test_password_recovery/conftest.py:9: \n_ _ _ _ _ _ _ _ _ _ _ _ _ _ _ _ _ _ _ _ _ _ _ _ _ _ _ _ _ _ _ _ _ _ _ _ _ _ _ _ \n/opt/hostedtoolcache/Python/3.12.3/x64/lib/python3.12/site-packages/selenium/webdriver/remote/webdriver.py:356: in get\n    self.execute(Command.GET, {\"url\": url})\n/opt/hostedtoolcache/Python/3.12.3/x64/lib/python3.12/site-packages/selenium/webdriver/remote/webdriver.py:347: in execute\n    self.error_handler.check_response(response)\n_ _ _ _ _ _ _ _ _ _ _ _ _ _ _ _ _ _ _ _ _ _ _ _ _ _ _ _ _ _ _ _ _ _ _ _ _ _ _ _ \n\nself = <selenium.webdriver.remote.errorhandler.ErrorHandler object at 0x7f7971c5aae0>\nresponse = {'status': 500, 'value': '{\"value\":{\"error\":\"unknown error\",\"message\":\"unknown error: net::ERR_CONNECTION_REFUSED\\\\n  ...\\\\n#23 0x55fb49719600 \\\\u003Cunknown>\\\\n#24 0x55fb49728f84 \\\\u003Cunknown>\\\\n#25 0x7f9c79e94ac3 \\\\u003Cunknown>\\\\n\"}}'}\n\n    def check_response(self, response: Dict[str, Any]) -> None:\n        \"\"\"Checks that a JSON response from the WebDriver does not have an\n        error.\n    \n        :Args:\n         - response - The JSON response from the WebDriver server as a dictionary\n           object.\n    \n        :Raises: If the response contains an error message.\n        \"\"\"\n        status = response.get(\"status\", None)\n        if not status or status == ErrorCode.SUCCESS:\n            return\n        value = None\n        message = response.get(\"message\", \"\")\n        screen: str = response.get(\"screen\", \"\")\n        stacktrace = None\n        if isinstance(status, int):\n            value_json = response.get(\"value\", None)\n            if value_json and isinstance(value_json, str):\n                import json\n    \n                try:\n                    value = json.loads(value_json)\n                    if len(value) == 1:\n                        value = value[\"value\"]\n                    status = value.get(\"error\", None)\n                    if not status:\n                        status = value.get(\"status\", ErrorCode.UNKNOWN_ERROR)\n                        message = value.get(\"value\") or value.get(\"message\")\n                        if not isinstance(message, str):\n                            value = message\n                            message = message.get(\"message\")\n                    else:\n                        message = value.get(\"message\", None)\n                except ValueError:\n                    pass\n    \n        exception_class: Type[WebDriverException]\n        e = ErrorCode()\n        error_codes = [item for item in dir(e) if not item.startswith(\"__\")]\n        for error_code in error_codes:\n            error_info = getattr(ErrorCode, error_code)\n            if isinstance(error_info, list) and status in error_info:\n                exception_class = getattr(ExceptionMapping, error_code, WebDriverException)\n                break\n        else:\n            exception_class = WebDriverException\n    \n        if not value:\n            value = response[\"value\"]\n        if isinstance(value, str):\n            raise exception_class(value)\n        if message == \"\" and \"message\" in value:\n            message = value[\"message\"]\n    \n        screen = None  # type: ignore[assignment]\n        if \"screen\" in value:\n            screen = value[\"screen\"]\n    \n        stacktrace = None\n        st_value = value.get(\"stackTrace\") or value.get(\"stacktrace\")\n        if st_value:\n            if isinstance(st_value, str):\n                stacktrace = st_value.split(\"\\n\")\n            else:\n                stacktrace = []\n                try:\n                    for frame in st_value:\n                        line = frame.get(\"lineNumber\", \"\")\n                        file = frame.get(\"fileName\", \"<anonymous>\")\n                        if line:\n                            file = f\"{file}:{line}\"\n                        meth = frame.get(\"methodName\", \"<anonymous>\")\n                        if \"className\" in frame:\n                            meth = f\"{frame['className']}.{meth}\"\n                        msg = \"    at %s (%s)\"\n                        msg = msg % (meth, file)\n                        stacktrace.append(msg)\n                except TypeError:\n                    pass\n        if exception_class == UnexpectedAlertPresentException:\n            alert_text = None\n            if \"data\" in value:\n                alert_text = value[\"data\"].get(\"text\")\n            elif \"alert\" in value:\n                alert_text = value[\"alert\"].get(\"text\")\n            raise exception_class(message, screen, stacktrace, alert_text)  # type: ignore[call-arg]  # mypy is not smart enough here\n>       raise exception_class(message, screen, stacktrace)\nE       selenium.common.exceptions.WebDriverException: Message: unknown error: net::ERR_CONNECTION_REFUSED\nE         (Session info: chrome-headless-shell=124.0.6367.60)\nE       Stacktrace:\nE       #0 0x55fb49729e33 <unknown>\nE       #1 0x55fb49419567 <unknown>\nE       #2 0x55fb49411879 <unknown>\nE       #3 0x55fb49401852 <unknown>\nE       #4 0x55fb49402e44 <unknown>\nE       #5 0x55fb49401bbe <unknown>\nE       #6 0x55fb494012e0 <unknown>\nE       #7 0x55fb49401181 <unknown>\nE       #8 0x55fb493ff0ec <unknown>\nE       #9 0x55fb493ff60a <unknown>\nE       #10 0x55fb4941beef <unknown>\nE       #11 0x55fb494a5695 <unknown>\nE       #12 0x55fb49486362 <unknown>\nE       #13 0x55fb494a4ae2 <unknown>\nE       #14 0x55fb49486103 <unknown>\nE       #15 0x55fb494571ba <unknown>\nE       #16 0x55fb49457b8e <unknown>\nE       #17 0x55fb496ee59b <unknown>\nE       #18 0x55fb496f234b <unknown>\nE       #19 0x55fb496da681 <unknown>\nE       #20 0x55fb496f2eb2 <unknown>\nE       #21 0x55fb496bf6af <unknown>\nE       #22 0x55fb49719428 <unknown>\nE       #23 0x55fb49719600 <unknown>\nE       #24 0x55fb49728f84 <unknown>\nE       #25 0x7f9c79e94ac3 <unknown>\n\n/opt/hostedtoolcache/Python/3.12.3/x64/lib/python3.12/site-packages/selenium/webdriver/remote/errorhandler.py:229: WebDriverException",
  "flaky" : false,
  "newFailed" : false,
  "beforeStages" : [ {
    "name" : "driver",
    "time" : {
      "start" : 1714357262286,
      "stop" : 1714357262483,
      "duration" : 197
    },
    "status" : "passed",
    "steps" : [ ],
    "attachments" : [ ],
    "parameters" : [ ],
    "stepsCount" : 0,
    "attachmentsCount" : 0,
    "shouldDisplayMessage" : false,
    "hasContent" : false
  }, {
    "name" : "clear_allure_results_folder",
    "time" : {
      "start" : 1714357159972,
      "stop" : 1714357159973,
      "duration" : 1
    },
    "status" : "passed",
    "steps" : [ ],
    "attachments" : [ ],
    "parameters" : [ ],
    "stepsCount" : 0,
    "attachmentsCount" : 0,
    "shouldDisplayMessage" : false,
    "hasContent" : false
  }, {
    "name" : "recovery_page_open",
    "time" : {
      "start" : 1714357262483,
      "stop" : 1714357262637,
      "duration" : 154
    },
    "status" : "broken",
    "statusMessage" : "selenium.common.exceptions.WebDriverException: Message: unknown error: net::ERR_CONNECTION_REFUSED\n  (Session info: chrome-headless-shell=124.0.6367.60)\nStacktrace:\n#0 0x55fb49729e33 <unknown>\n#1 0x55fb49419567 <unknown>\n#2 0x55fb49411879 <unknown>\n#3 0x55fb49401852 <unknown>\n#4 0x55fb49402e44 <unknown>\n#5 0x55fb49401bbe <unknown>\n#6 0x55fb494012e0 <unknown>\n#7 0x55fb49401181 <unknown>\n#8 0x55fb493ff0ec <unknown>\n#9 0x55fb493ff60a <unknown>\n#10 0x55fb4941beef <unknown>\n#11 0x55fb494a5695 <unknown>\n#12 0x55fb49486362 <unknown>\n#13 0x55fb494a4ae2 <unknown>\n#14 0x55fb49486103 <unknown>\n#15 0x55fb494571ba <unknown>\n#16 0x55fb49457b8e <unknown>\n#17 0x55fb496ee59b <unknown>\n#18 0x55fb496f234b <unknown>\n#19 0x55fb496da681 <unknown>\n#20 0x55fb496f2eb2 <unknown>\n#21 0x55fb496bf6af <unknown>\n#22 0x55fb49719428 <unknown>\n#23 0x55fb49719600 <unknown>\n#24 0x55fb49728f84 <unknown>\n#25 0x7f9c79e94ac3 <unknown>\n\n",
    "statusTrace" : "  File \"/opt/hostedtoolcache/Python/3.12.3/x64/lib/python3.12/site-packages/pluggy/_callers.py\", line 167, in _multicall\n    teardown.throw(outcome._exception)\n  File \"/opt/hostedtoolcache/Python/3.12.3/x64/lib/python3.12/site-packages/_pytest/setuponly.py\", line 36, in pytest_fixture_setup\n    return (yield)\n            ^^^^^\n  File \"/opt/hostedtoolcache/Python/3.12.3/x64/lib/python3.12/site-packages/pluggy/_callers.py\", line 103, in _multicall\n    res = hook_impl.function(*args)\n          ^^^^^^^^^^^^^^^^^^^^^^^^^\n  File \"/opt/hostedtoolcache/Python/3.12.3/x64/lib/python3.12/site-packages/_pytest/fixtures.py\", line 1140, in pytest_fixture_setup\n    result = call_fixture_func(fixturefunc, request, kwargs)\n             ^^^^^^^^^^^^^^^^^^^^^^^^^^^^^^^^^^^^^^^^^^^^^^^\n  File \"/opt/hostedtoolcache/Python/3.12.3/x64/lib/python3.12/site-packages/_pytest/fixtures.py\", line 917, in call_fixture_func\n    fixture_result = fixturefunc(**kwargs)\n                     ^^^^^^^^^^^^^^^^^^^^^\n  File \"/home/runner/work/PulseWave/PulseWave/tests/test_password_recovery/conftest.py\", line 9, in recovery_page_open\n    driver.get(Constant.PASSWORD_RECOVERY)\n  File \"/opt/hostedtoolcache/Python/3.12.3/x64/lib/python3.12/site-packages/selenium/webdriver/remote/webdriver.py\", line 356, in get\n    self.execute(Command.GET, {\"url\": url})\n  File \"/opt/hostedtoolcache/Python/3.12.3/x64/lib/python3.12/site-packages/selenium/webdriver/remote/webdriver.py\", line 347, in execute\n    self.error_handler.check_response(response)\n  File \"/opt/hostedtoolcache/Python/3.12.3/x64/lib/python3.12/site-packages/selenium/webdriver/remote/errorhandler.py\", line 229, in check_response\n    raise exception_class(message, screen, stacktrace)\n",
    "steps" : [ ],
    "attachments" : [ ],
    "parameters" : [ ],
    "stepsCount" : 0,
    "attachmentsCount" : 0,
    "shouldDisplayMessage" : true,
    "hasContent" : true
  }, {
    "name" : "_session_faker",
    "time" : {
      "start" : 1714357159955,
      "stop" : 1714357159972,
      "duration" : 17
    },
    "status" : "passed",
    "steps" : [ ],
    "attachments" : [ ],
    "parameters" : [ ],
    "stepsCount" : 0,
    "attachmentsCount" : 0,
    "shouldDisplayMessage" : false,
    "hasContent" : false
  } ],
  "afterStages" : [ {
    "name" : "driver::0",
    "time" : {
      "start" : 1714357262668,
      "stop" : 1714357262725,
      "duration" : 57
    },
    "status" : "passed",
    "steps" : [ ],
    "attachments" : [ ],
    "parameters" : [ ],
    "stepsCount" : 0,
    "attachmentsCount" : 0,
    "shouldDisplayMessage" : false,
    "hasContent" : false
  } ],
  "labels" : [ {
    "name" : "epic",
    "value" : "Тестирование страницы 'Восстановление пароля'"
  }, {
    "name" : "tag",
    "value" : "regress"
  }, {
    "name" : "parentSuite",
    "value" : "tests.test_password_recovery"
  }, {
    "name" : "suite",
    "value" : "test_password_recovery"
  }, {
    "name" : "subSuite",
    "value" : "TestPasswordRecoveryPage"
  }, {
    "name" : "host",
    "value" : "fv-az842-111"
  }, {
    "name" : "thread",
    "value" : "2300-MainThread"
  }, {
    "name" : "framework",
    "value" : "pytest"
  }, {
    "name" : "language",
    "value" : "cpython3"
  }, {
    "name" : "package",
    "value" : "tests.test_password_recovery.test_password_recovery"
  }, {
    "name" : "resultFormat",
    "value" : "allure2"
  } ],
  "parameters" : [ {
    "name" : "browser",
    "value" : "'chrome'"
  } ],
  "links" : [ ],
  "hidden" : false,
  "retry" : false,
  "extra" : {
    "severity" : "normal",
    "retries" : [ ],
    "categories" : [ {
      "name" : "Test defects",
      "matchedStatuses" : [ ],
      "flaky" : false
    } ],
    "history" : {
      "statistic" : {
        "failed" : 0,
        "broken" : 2,
        "skipped" : 0,
        "passed" : 11,
        "unknown" : 0,
        "total" : 13
      },
      "items" : [ {
        "uid" : "80d9c4431d179822",
        "reportUrl" : "https://Nat754.github.io/PulseWave/8//#testresult/80d9c4431d179822",
        "status" : "broken",
        "statusDetails" : "selenium.common.exceptions.TimeoutException: Message: \nStacktrace:\n#0 0x55ba5ca02e33 <unknown>\n#1 0x55ba5c6f2567 <unknown>\n#2 0x55ba5c73d27d <unknown>\n#3 0x55ba5c73d331 <unknown>\n#4 0x55ba5c780624 <unknown>\n#5 0x55ba5c75f38d <unknown>\n#6 0x55ba5c77dae2 <unknown>\n#7 0x55ba5c75f103 <unknown>\n#8 0x55ba5c7301ba <unknown>\n#9 0x55ba5c730b8e <unknown>\n#10 0x55ba5c9c759b <unknown>\n#11 0x55ba5c9cb34b <unknown>\n#12 0x55ba5c9b3681 <unknown>\n#13 0x55ba5c9cbeb2 <unknown>\n#14 0x55ba5c9986af <unknown>\n#15 0x55ba5c9f2428 <unknown>\n#16 0x55ba5c9f2600 <unknown>\n#17 0x55ba5ca01f84 <unknown>\n#18 0x7ff2f2e94ac3 <unknown>",
        "time" : {
          "start" : 1714273873539,
          "stop" : 1714273873539,
          "duration" : 0
        }
      }, {
        "uid" : "7f94f3769b9ce4d6",
        "reportUrl" : "https://Nat754.github.io/PulseWave/7//#testresult/7f94f3769b9ce4d6",
        "status" : "passed",
        "time" : {
          "start" : 1714185208477,
          "stop" : 1714185210556,
          "duration" : 2079
        }
      }, {
        "uid" : "cbdc0573d2d38004",
        "reportUrl" : "https://Nat754.github.io/PulseWave/6//#testresult/cbdc0573d2d38004",
        "status" : "passed",
        "time" : {
          "start" : 1714148635637,
          "stop" : 1714148637717,
          "duration" : 2080
        }
      }, {
        "uid" : "9a19a9dd7b74f918",
        "reportUrl" : "https://Nat754.github.io/PulseWave/6//#testresult/9a19a9dd7b74f918",
        "status" : "passed",
        "time" : {
          "start" : 1714098685548,
          "stop" : 1714098687623,
          "duration" : 2075
        }
      }, {
        "uid" : "1fdae37ab6182f34",
        "reportUrl" : "https://Nat754.github.io/PulseWave/5//#testresult/1fdae37ab6182f34",
        "status" : "passed",
        "time" : {
          "start" : 1714014541191,
          "stop" : 1714014543275,
          "duration" : 2084
        }
      }, {
        "uid" : "603b168915727313",
        "reportUrl" : "https://Nat754.github.io/PulseWave/211//#testresult/603b168915727313",
        "status" : "passed",
        "time" : {
          "start" : 1713946048710,
          "stop" : 1713946050785,
          "duration" : 2075
        }
      }, {
        "uid" : "67643096a999a32f",
        "reportUrl" : "https://Nat754.github.io/PulseWave/4//#testresult/67643096a999a32f",
        "status" : "passed",
        "time" : {
          "start" : 1713925839152,
          "stop" : 1713925841229,
          "duration" : 2077
        }
      }, {
        "uid" : "aaf9800b9cd1e06f",
        "reportUrl" : "https://Nat754.github.io/PulseWave/211//#testresult/aaf9800b9cd1e06f",
        "status" : "passed",
        "time" : {
          "start" : 1713901714103,
          "stop" : 1713901716183,
          "duration" : 2080
        }
      }, {
        "uid" : "ba629866f3aafec2",
        "reportUrl" : "https://Nat754.github.io/PulseWave/210//#testresult/ba629866f3aafec2",
        "status" : "passed",
        "time" : {
          "start" : 1713885947043,
          "stop" : 1713885949120,
          "duration" : 2077
        }
      }, {
        "uid" : "347ab5394da82f2e",
        "reportUrl" : "https://Nat754.github.io/PulseWave/209//#testresult/347ab5394da82f2e",
        "status" : "passed",
        "time" : {
          "start" : 1713883833149,
          "stop" : 1713883835227,
          "duration" : 2078
        }
      }, {
        "uid" : "58a85326d32eb6e0",
        "reportUrl" : "https://Nat754.github.io/PulseWave/209//#testresult/58a85326d32eb6e0",
        "status" : "passed",
        "time" : {
          "start" : 1713882364714,
          "stop" : 1713882366794,
          "duration" : 2080
        }
      }, {
        "uid" : "eef5448837532ddd",
        "reportUrl" : "https://Nat754.github.io/PulseWave/208//#testresult/eef5448837532ddd",
        "status" : "passed",
        "time" : {
          "start" : 1713879544071,
          "stop" : 1713879546153,
          "duration" : 2082
        }
      } ]
    },
    "tags" : [ "regress" ]
  },
  "source" : "fc84f5548cf19de.json",
  "parameterValues" : [ "'chrome'" ]
}