{
  "uid" : "42e1f8731a579da5",
  "name" : "Проверка перехода в Рабочие пространства по ссылке На главную",
  "fullName" : "tests.test_workspace_page.test_workspace_page.TestWorkspacePage#test_link_to_main",
  "historyId" : "11b6f02ab206056145597ed767926875",
  "time" : {
    "start" : 1721718668353,
    "stop" : 1721718668687,
    "duration" : 334
  },
  "status" : "broken",
  "statusMessage" : "selenium.common.exceptions.StaleElementReferenceException: Message: stale element reference: stale element not found in the current frame\n  (Session info: chrome-headless-shell=126.0.6478.126); For documentation on this error, please visit: https://www.selenium.dev/documentation/webdriver/troubleshooting/errors#stale-element-reference-exception\nStacktrace:\n#0 0x55a5b59cac7a <unknown>\n#1 0x55a5b56ade2c <unknown>\n#2 0x55a5b56b3539 <unknown>\n#3 0x55a5b56b52e5 <unknown>\n#4 0x55a5b56b536c <unknown>\n#5 0x55a5b56fc8ae <unknown>\n#6 0x55a5b56fb853 <unknown>\n#7 0x55a5b56ef15f <unknown>\n#8 0x55a5b571d5c2 <unknown>\n#9 0x55a5b56eead9 <unknown>\n#10 0x55a5b571d78e <unknown>\n#11 0x55a5b573c303 <unknown>\n#12 0x55a5b571d363 <unknown>\n#13 0x55a5b56ed247 <unknown>\n#14 0x55a5b56edb9e <unknown>\n#15 0x55a5b599124b <unknown>\n#16 0x55a5b59952f1 <unknown>\n#17 0x55a5b597cafe <unknown>\n#18 0x55a5b5995e52 <unknown>\n#19 0x55a5b596179f <unknown>\n#20 0x55a5b59ba638 <unknown>\n#21 0x55a5b59ba810 <unknown>\n#22 0x55a5b59c9dac <unknown>\n#23 0x7f5398894ac3 <unknown>",
  "statusTrace" : "self = <tests.test_workspace_page.test_workspace_page.TestWorkspacePage object at 0x7f197b5582f0>\nauth_user = <pages.login_page.LoginPage object at 0x7f197b59a5d0>\ndriver = <selenium.webdriver.chrome.webdriver.WebDriver (session=\"d0e68459e0e8ee65373fb5f59c43f145\")>\n\n    @allure.title(f\"Проверка перехода в {wsconst.WORKSPACE_TITLE} по ссылке {message.TO_MAIN_TEXT}\")\n    @pytest.mark.regress\n    def test_link_to_main(self, auth_user, driver):\n        page = SignUpPage(driver)\n>       page.click_button_avatar()\n\ntests/test_workspace_page/test_workspace_page.py:60: \n_ _ _ _ _ _ _ _ _ _ _ _ _ _ _ _ _ _ _ _ _ _ _ _ _ _ _ _ _ _ _ _ _ _ _ _ _ _ _ _ \npages/signup_page.py:93: in click_button_avatar\n    self.element_is_clickable(self.locator.BUTTON_AVATAR).click()\n/opt/hostedtoolcache/Python/3.12.4/x64/lib/python3.12/site-packages/selenium/webdriver/remote/webelement.py:94: in click\n    self._execute(Command.CLICK_ELEMENT)\n/opt/hostedtoolcache/Python/3.12.4/x64/lib/python3.12/site-packages/selenium/webdriver/remote/webelement.py:395: in _execute\n    return self._parent.execute(command, params)\n/opt/hostedtoolcache/Python/3.12.4/x64/lib/python3.12/site-packages/selenium/webdriver/remote/webdriver.py:347: in execute\n    self.error_handler.check_response(response)\n_ _ _ _ _ _ _ _ _ _ _ _ _ _ _ _ _ _ _ _ _ _ _ _ _ _ _ _ _ _ _ _ _ _ _ _ _ _ _ _ \n\nself = <selenium.webdriver.remote.errorhandler.ErrorHandler object at 0x7f197b575e50>\nresponse = {'status': 404, 'value': '{\"value\":{\"error\":\"stale element reference\",\"message\":\"stale element reference: stale elemen...\\\\n#21 0x55a5b59ba810 \\\\u003Cunknown>\\\\n#22 0x55a5b59c9dac \\\\u003Cunknown>\\\\n#23 0x7f5398894ac3 \\\\u003Cunknown>\\\\n\"}}'}\n\n    def check_response(self, response: Dict[str, Any]) -> None:\n        \"\"\"Checks that a JSON response from the WebDriver does not have an\n        error.\n    \n        :Args:\n         - response - The JSON response from the WebDriver server as a dictionary\n           object.\n    \n        :Raises: If the response contains an error message.\n        \"\"\"\n        status = response.get(\"status\", None)\n        if not status or status == ErrorCode.SUCCESS:\n            return\n        value = None\n        message = response.get(\"message\", \"\")\n        screen: str = response.get(\"screen\", \"\")\n        stacktrace = None\n        if isinstance(status, int):\n            value_json = response.get(\"value\", None)\n            if value_json and isinstance(value_json, str):\n                import json\n    \n                try:\n                    value = json.loads(value_json)\n                    if len(value) == 1:\n                        value = value[\"value\"]\n                    status = value.get(\"error\", None)\n                    if not status:\n                        status = value.get(\"status\", ErrorCode.UNKNOWN_ERROR)\n                        message = value.get(\"value\") or value.get(\"message\")\n                        if not isinstance(message, str):\n                            value = message\n                            message = message.get(\"message\")\n                    else:\n                        message = value.get(\"message\", None)\n                except ValueError:\n                    pass\n    \n        exception_class: Type[WebDriverException]\n        e = ErrorCode()\n        error_codes = [item for item in dir(e) if not item.startswith(\"__\")]\n        for error_code in error_codes:\n            error_info = getattr(ErrorCode, error_code)\n            if isinstance(error_info, list) and status in error_info:\n                exception_class = getattr(ExceptionMapping, error_code, WebDriverException)\n                break\n        else:\n            exception_class = WebDriverException\n    \n        if not value:\n            value = response[\"value\"]\n        if isinstance(value, str):\n            raise exception_class(value)\n        if message == \"\" and \"message\" in value:\n            message = value[\"message\"]\n    \n        screen = None  # type: ignore[assignment]\n        if \"screen\" in value:\n            screen = value[\"screen\"]\n    \n        stacktrace = None\n        st_value = value.get(\"stackTrace\") or value.get(\"stacktrace\")\n        if st_value:\n            if isinstance(st_value, str):\n                stacktrace = st_value.split(\"\\n\")\n            else:\n                stacktrace = []\n                try:\n                    for frame in st_value:\n                        line = frame.get(\"lineNumber\", \"\")\n                        file = frame.get(\"fileName\", \"<anonymous>\")\n                        if line:\n                            file = f\"{file}:{line}\"\n                        meth = frame.get(\"methodName\", \"<anonymous>\")\n                        if \"className\" in frame:\n                            meth = f\"{frame['className']}.{meth}\"\n                        msg = \"    at %s (%s)\"\n                        msg = msg % (meth, file)\n                        stacktrace.append(msg)\n                except TypeError:\n                    pass\n        if exception_class == UnexpectedAlertPresentException:\n            alert_text = None\n            if \"data\" in value:\n                alert_text = value[\"data\"].get(\"text\")\n            elif \"alert\" in value:\n                alert_text = value[\"alert\"].get(\"text\")\n            raise exception_class(message, screen, stacktrace, alert_text)  # type: ignore[call-arg]  # mypy is not smart enough here\n>       raise exception_class(message, screen, stacktrace)\nE       selenium.common.exceptions.StaleElementReferenceException: Message: stale element reference: stale element not found in the current frame\nE         (Session info: chrome-headless-shell=126.0.6478.126); For documentation on this error, please visit: https://www.selenium.dev/documentation/webdriver/troubleshooting/errors#stale-element-reference-exception\nE       Stacktrace:\nE       #0 0x55a5b59cac7a <unknown>\nE       #1 0x55a5b56ade2c <unknown>\nE       #2 0x55a5b56b3539 <unknown>\nE       #3 0x55a5b56b52e5 <unknown>\nE       #4 0x55a5b56b536c <unknown>\nE       #5 0x55a5b56fc8ae <unknown>\nE       #6 0x55a5b56fb853 <unknown>\nE       #7 0x55a5b56ef15f <unknown>\nE       #8 0x55a5b571d5c2 <unknown>\nE       #9 0x55a5b56eead9 <unknown>\nE       #10 0x55a5b571d78e <unknown>\nE       #11 0x55a5b573c303 <unknown>\nE       #12 0x55a5b571d363 <unknown>\nE       #13 0x55a5b56ed247 <unknown>\nE       #14 0x55a5b56edb9e <unknown>\nE       #15 0x55a5b599124b <unknown>\nE       #16 0x55a5b59952f1 <unknown>\nE       #17 0x55a5b597cafe <unknown>\nE       #18 0x55a5b5995e52 <unknown>\nE       #19 0x55a5b596179f <unknown>\nE       #20 0x55a5b59ba638 <unknown>\nE       #21 0x55a5b59ba810 <unknown>\nE       #22 0x55a5b59c9dac <unknown>\nE       #23 0x7f5398894ac3 <unknown>\n\n/opt/hostedtoolcache/Python/3.12.4/x64/lib/python3.12/site-packages/selenium/webdriver/remote/errorhandler.py:229: StaleElementReferenceException",
  "flaky" : false,
  "newFailed" : false,
  "beforeStages" : [ {
    "name" : "auth_user",
    "time" : {
      "start" : 1721718663930,
      "stop" : 1721718668352,
      "duration" : 4422
    },
    "status" : "passed",
    "steps" : [ {
      "name" : "Проверка видимости кнопки 'Принимаю все' в сообщении о принятии файлов cookie",
      "time" : {
        "start" : 1721718666603,
        "stop" : 1721718666635,
        "duration" : 32
      },
      "status" : "passed",
      "steps" : [ ],
      "attachments" : [ ],
      "parameters" : [ ],
      "stepsCount" : 0,
      "attachmentsCount" : 0,
      "shouldDisplayMessage" : false,
      "hasContent" : false
    }, {
      "name" : "Нажать кнопку 'Войти'",
      "time" : {
        "start" : 1721718666792,
        "stop" : 1721718666837,
        "duration" : 45
      },
      "status" : "passed",
      "steps" : [ ],
      "attachments" : [ ],
      "parameters" : [ ],
      "stepsCount" : 0,
      "attachmentsCount" : 0,
      "shouldDisplayMessage" : false,
      "hasContent" : false
    }, {
      "name" : "Ждать обновление страницы",
      "time" : {
        "start" : 1721718666837,
        "stop" : 1721718668352,
        "duration" : 1515
      },
      "status" : "passed",
      "steps" : [ ],
      "attachments" : [ ],
      "parameters" : [ ],
      "stepsCount" : 0,
      "attachmentsCount" : 0,
      "shouldDisplayMessage" : false,
      "hasContent" : false
    } ],
    "attachments" : [ ],
    "parameters" : [ ],
    "stepsCount" : 3,
    "attachmentsCount" : 0,
    "shouldDisplayMessage" : false,
    "hasContent" : true
  }, {
    "name" : "driver",
    "time" : {
      "start" : 1721718663731,
      "stop" : 1721718663930,
      "duration" : 199
    },
    "status" : "passed",
    "steps" : [ ],
    "attachments" : [ ],
    "parameters" : [ ],
    "stepsCount" : 0,
    "attachmentsCount" : 0,
    "shouldDisplayMessage" : false,
    "hasContent" : false
  }, {
    "name" : "clear_allure_results_folder",
    "time" : {
      "start" : 1721717889095,
      "stop" : 1721717889095,
      "duration" : 0
    },
    "status" : "passed",
    "steps" : [ ],
    "attachments" : [ ],
    "parameters" : [ ],
    "stepsCount" : 0,
    "attachmentsCount" : 0,
    "shouldDisplayMessage" : false,
    "hasContent" : false
  }, {
    "name" : "_session_faker",
    "time" : {
      "start" : 1721717889077,
      "stop" : 1721717889095,
      "duration" : 18
    },
    "status" : "passed",
    "steps" : [ ],
    "attachments" : [ ],
    "parameters" : [ ],
    "stepsCount" : 0,
    "attachmentsCount" : 0,
    "shouldDisplayMessage" : false,
    "hasContent" : false
  } ],
  "testStage" : {
    "status" : "broken",
    "statusMessage" : "selenium.common.exceptions.StaleElementReferenceException: Message: stale element reference: stale element not found in the current frame\n  (Session info: chrome-headless-shell=126.0.6478.126); For documentation on this error, please visit: https://www.selenium.dev/documentation/webdriver/troubleshooting/errors#stale-element-reference-exception\nStacktrace:\n#0 0x55a5b59cac7a <unknown>\n#1 0x55a5b56ade2c <unknown>\n#2 0x55a5b56b3539 <unknown>\n#3 0x55a5b56b52e5 <unknown>\n#4 0x55a5b56b536c <unknown>\n#5 0x55a5b56fc8ae <unknown>\n#6 0x55a5b56fb853 <unknown>\n#7 0x55a5b56ef15f <unknown>\n#8 0x55a5b571d5c2 <unknown>\n#9 0x55a5b56eead9 <unknown>\n#10 0x55a5b571d78e <unknown>\n#11 0x55a5b573c303 <unknown>\n#12 0x55a5b571d363 <unknown>\n#13 0x55a5b56ed247 <unknown>\n#14 0x55a5b56edb9e <unknown>\n#15 0x55a5b599124b <unknown>\n#16 0x55a5b59952f1 <unknown>\n#17 0x55a5b597cafe <unknown>\n#18 0x55a5b5995e52 <unknown>\n#19 0x55a5b596179f <unknown>\n#20 0x55a5b59ba638 <unknown>\n#21 0x55a5b59ba810 <unknown>\n#22 0x55a5b59c9dac <unknown>\n#23 0x7f5398894ac3 <unknown>",
    "statusTrace" : "self = <tests.test_workspace_page.test_workspace_page.TestWorkspacePage object at 0x7f197b5582f0>\nauth_user = <pages.login_page.LoginPage object at 0x7f197b59a5d0>\ndriver = <selenium.webdriver.chrome.webdriver.WebDriver (session=\"d0e68459e0e8ee65373fb5f59c43f145\")>\n\n    @allure.title(f\"Проверка перехода в {wsconst.WORKSPACE_TITLE} по ссылке {message.TO_MAIN_TEXT}\")\n    @pytest.mark.regress\n    def test_link_to_main(self, auth_user, driver):\n        page = SignUpPage(driver)\n>       page.click_button_avatar()\n\ntests/test_workspace_page/test_workspace_page.py:60: \n_ _ _ _ _ _ _ _ _ _ _ _ _ _ _ _ _ _ _ _ _ _ _ _ _ _ _ _ _ _ _ _ _ _ _ _ _ _ _ _ \npages/signup_page.py:93: in click_button_avatar\n    self.element_is_clickable(self.locator.BUTTON_AVATAR).click()\n/opt/hostedtoolcache/Python/3.12.4/x64/lib/python3.12/site-packages/selenium/webdriver/remote/webelement.py:94: in click\n    self._execute(Command.CLICK_ELEMENT)\n/opt/hostedtoolcache/Python/3.12.4/x64/lib/python3.12/site-packages/selenium/webdriver/remote/webelement.py:395: in _execute\n    return self._parent.execute(command, params)\n/opt/hostedtoolcache/Python/3.12.4/x64/lib/python3.12/site-packages/selenium/webdriver/remote/webdriver.py:347: in execute\n    self.error_handler.check_response(response)\n_ _ _ _ _ _ _ _ _ _ _ _ _ _ _ _ _ _ _ _ _ _ _ _ _ _ _ _ _ _ _ _ _ _ _ _ _ _ _ _ \n\nself = <selenium.webdriver.remote.errorhandler.ErrorHandler object at 0x7f197b575e50>\nresponse = {'status': 404, 'value': '{\"value\":{\"error\":\"stale element reference\",\"message\":\"stale element reference: stale elemen...\\\\n#21 0x55a5b59ba810 \\\\u003Cunknown>\\\\n#22 0x55a5b59c9dac \\\\u003Cunknown>\\\\n#23 0x7f5398894ac3 \\\\u003Cunknown>\\\\n\"}}'}\n\n    def check_response(self, response: Dict[str, Any]) -> None:\n        \"\"\"Checks that a JSON response from the WebDriver does not have an\n        error.\n    \n        :Args:\n         - response - The JSON response from the WebDriver server as a dictionary\n           object.\n    \n        :Raises: If the response contains an error message.\n        \"\"\"\n        status = response.get(\"status\", None)\n        if not status or status == ErrorCode.SUCCESS:\n            return\n        value = None\n        message = response.get(\"message\", \"\")\n        screen: str = response.get(\"screen\", \"\")\n        stacktrace = None\n        if isinstance(status, int):\n            value_json = response.get(\"value\", None)\n            if value_json and isinstance(value_json, str):\n                import json\n    \n                try:\n                    value = json.loads(value_json)\n                    if len(value) == 1:\n                        value = value[\"value\"]\n                    status = value.get(\"error\", None)\n                    if not status:\n                        status = value.get(\"status\", ErrorCode.UNKNOWN_ERROR)\n                        message = value.get(\"value\") or value.get(\"message\")\n                        if not isinstance(message, str):\n                            value = message\n                            message = message.get(\"message\")\n                    else:\n                        message = value.get(\"message\", None)\n                except ValueError:\n                    pass\n    \n        exception_class: Type[WebDriverException]\n        e = ErrorCode()\n        error_codes = [item for item in dir(e) if not item.startswith(\"__\")]\n        for error_code in error_codes:\n            error_info = getattr(ErrorCode, error_code)\n            if isinstance(error_info, list) and status in error_info:\n                exception_class = getattr(ExceptionMapping, error_code, WebDriverException)\n                break\n        else:\n            exception_class = WebDriverException\n    \n        if not value:\n            value = response[\"value\"]\n        if isinstance(value, str):\n            raise exception_class(value)\n        if message == \"\" and \"message\" in value:\n            message = value[\"message\"]\n    \n        screen = None  # type: ignore[assignment]\n        if \"screen\" in value:\n            screen = value[\"screen\"]\n    \n        stacktrace = None\n        st_value = value.get(\"stackTrace\") or value.get(\"stacktrace\")\n        if st_value:\n            if isinstance(st_value, str):\n                stacktrace = st_value.split(\"\\n\")\n            else:\n                stacktrace = []\n                try:\n                    for frame in st_value:\n                        line = frame.get(\"lineNumber\", \"\")\n                        file = frame.get(\"fileName\", \"<anonymous>\")\n                        if line:\n                            file = f\"{file}:{line}\"\n                        meth = frame.get(\"methodName\", \"<anonymous>\")\n                        if \"className\" in frame:\n                            meth = f\"{frame['className']}.{meth}\"\n                        msg = \"    at %s (%s)\"\n                        msg = msg % (meth, file)\n                        stacktrace.append(msg)\n                except TypeError:\n                    pass\n        if exception_class == UnexpectedAlertPresentException:\n            alert_text = None\n            if \"data\" in value:\n                alert_text = value[\"data\"].get(\"text\")\n            elif \"alert\" in value:\n                alert_text = value[\"alert\"].get(\"text\")\n            raise exception_class(message, screen, stacktrace, alert_text)  # type: ignore[call-arg]  # mypy is not smart enough here\n>       raise exception_class(message, screen, stacktrace)\nE       selenium.common.exceptions.StaleElementReferenceException: Message: stale element reference: stale element not found in the current frame\nE         (Session info: chrome-headless-shell=126.0.6478.126); For documentation on this error, please visit: https://www.selenium.dev/documentation/webdriver/troubleshooting/errors#stale-element-reference-exception\nE       Stacktrace:\nE       #0 0x55a5b59cac7a <unknown>\nE       #1 0x55a5b56ade2c <unknown>\nE       #2 0x55a5b56b3539 <unknown>\nE       #3 0x55a5b56b52e5 <unknown>\nE       #4 0x55a5b56b536c <unknown>\nE       #5 0x55a5b56fc8ae <unknown>\nE       #6 0x55a5b56fb853 <unknown>\nE       #7 0x55a5b56ef15f <unknown>\nE       #8 0x55a5b571d5c2 <unknown>\nE       #9 0x55a5b56eead9 <unknown>\nE       #10 0x55a5b571d78e <unknown>\nE       #11 0x55a5b573c303 <unknown>\nE       #12 0x55a5b571d363 <unknown>\nE       #13 0x55a5b56ed247 <unknown>\nE       #14 0x55a5b56edb9e <unknown>\nE       #15 0x55a5b599124b <unknown>\nE       #16 0x55a5b59952f1 <unknown>\nE       #17 0x55a5b597cafe <unknown>\nE       #18 0x55a5b5995e52 <unknown>\nE       #19 0x55a5b596179f <unknown>\nE       #20 0x55a5b59ba638 <unknown>\nE       #21 0x55a5b59ba810 <unknown>\nE       #22 0x55a5b59c9dac <unknown>\nE       #23 0x7f5398894ac3 <unknown>\n\n/opt/hostedtoolcache/Python/3.12.4/x64/lib/python3.12/site-packages/selenium/webdriver/remote/errorhandler.py:229: StaleElementReferenceException",
    "steps" : [ {
      "name" : "Нажать на иконку аватара",
      "time" : {
        "start" : 1721718668353,
        "stop" : 1721718668686,
        "duration" : 333
      },
      "status" : "broken",
      "statusMessage" : "selenium.common.exceptions.StaleElementReferenceException: Message: stale element reference: stale element not found in the current frame\n  (Session info: chrome-headless-shell=126.0.6478.126); For documentation on this error, please visit: https://www.selenium.dev/documentation/webdriver/troubleshooting/errors#stale-element-reference-exception\nStacktrace:\n#0 0x55a5b59cac7a <unknown>\n#1 0x55a5b56ade2c <unknown>\n#2 0x55a5b56b3539 <unknown>\n#3 0x55a5b56b52e5 <unknown>\n#4 0x55a5b56b536c <unknown>\n#5 0x55a5b56fc8ae <unknown>\n#6 0x55a5b56fb853 <unknown>\n#7 0x55a5b56ef15f <unknown>\n#8 0x55a5b571d5c2 <unknown>\n#9 0x55a5b56eead9 <unknown>\n#10 0x55a5b571d78e <unknown>\n#11 0x55a5b573c303 <unknown>\n#12 0x55a5b571d363 <unknown>\n#13 0x55a5b56ed247 <unknown>\n#14 0x55a5b56edb9e <unknown>\n#15 0x55a5b599124b <unknown>\n#16 0x55a5b59952f1 <unknown>\n#17 0x55a5b597cafe <unknown>\n#18 0x55a5b5995e52 <unknown>\n#19 0x55a5b596179f <unknown>\n#20 0x55a5b59ba638 <unknown>\n#21 0x55a5b59ba810 <unknown>\n#22 0x55a5b59c9dac <unknown>\n#23 0x7f5398894ac3 <unknown>\n\n",
      "statusTrace" : "  File \"/opt/hostedtoolcache/Python/3.12.4/x64/lib/python3.12/site-packages/allure_commons/_allure.py\", line 192, in impl\n    return func(*a, **kw)\n           ^^^^^^^^^^^^^^\n  File \"/home/runner/work/PulseWave/PulseWave/pages/signup_page.py\", line 93, in click_button_avatar\n    self.element_is_clickable(self.locator.BUTTON_AVATAR).click()\n  File \"/opt/hostedtoolcache/Python/3.12.4/x64/lib/python3.12/site-packages/selenium/webdriver/remote/webelement.py\", line 94, in click\n    self._execute(Command.CLICK_ELEMENT)\n  File \"/opt/hostedtoolcache/Python/3.12.4/x64/lib/python3.12/site-packages/selenium/webdriver/remote/webelement.py\", line 395, in _execute\n    return self._parent.execute(command, params)\n           ^^^^^^^^^^^^^^^^^^^^^^^^^^^^^^^^^^^^^\n  File \"/opt/hostedtoolcache/Python/3.12.4/x64/lib/python3.12/site-packages/selenium/webdriver/remote/webdriver.py\", line 347, in execute\n    self.error_handler.check_response(response)\n  File \"/opt/hostedtoolcache/Python/3.12.4/x64/lib/python3.12/site-packages/selenium/webdriver/remote/errorhandler.py\", line 229, in check_response\n    raise exception_class(message, screen, stacktrace)\n",
      "steps" : [ ],
      "attachments" : [ ],
      "parameters" : [ ],
      "stepsCount" : 0,
      "attachmentsCount" : 0,
      "shouldDisplayMessage" : true,
      "hasContent" : true
    } ],
    "attachments" : [ {
      "uid" : "ed16acec25f33d6b",
      "name" : "Screenshot",
      "source" : "ed16acec25f33d6b.png",
      "type" : "image/png",
      "size" : 53322
    }, {
      "uid" : "d73e6a24c839c608",
      "name" : "HTML source",
      "source" : "d73e6a24c839c608.html",
      "type" : "text/html",
      "size" : 73416
    } ],
    "parameters" : [ ],
    "stepsCount" : 1,
    "attachmentsCount" : 2,
    "shouldDisplayMessage" : true,
    "hasContent" : true
  },
  "afterStages" : [ {
    "name" : "driver::0",
    "time" : {
      "start" : 1721718669103,
      "stop" : 1721718669163,
      "duration" : 60
    },
    "status" : "passed",
    "steps" : [ ],
    "attachments" : [ ],
    "parameters" : [ ],
    "stepsCount" : 0,
    "attachmentsCount" : 0,
    "shouldDisplayMessage" : false,
    "hasContent" : false
  } ],
  "labels" : [ {
    "name" : "epic",
    "value" : "Тестирование страницы 'Рабочие пространства'"
  }, {
    "name" : "tag",
    "value" : "regress"
  }, {
    "name" : "parentSuite",
    "value" : "tests.test_workspace_page"
  }, {
    "name" : "suite",
    "value" : "test_workspace_page"
  }, {
    "name" : "subSuite",
    "value" : "TestWorkspacePage"
  }, {
    "name" : "host",
    "value" : "fv-az1385-900"
  }, {
    "name" : "thread",
    "value" : "2334-MainThread"
  }, {
    "name" : "framework",
    "value" : "pytest"
  }, {
    "name" : "language",
    "value" : "cpython3"
  }, {
    "name" : "package",
    "value" : "tests.test_workspace_page.test_workspace_page"
  }, {
    "name" : "resultFormat",
    "value" : "allure2"
  } ],
  "parameters" : [ {
    "name" : "browser",
    "value" : "'chrome'"
  } ],
  "links" : [ ],
  "hidden" : false,
  "retry" : false,
  "extra" : {
    "severity" : "normal",
    "retries" : [ ],
    "categories" : [ {
      "name" : "Test defects",
      "matchedStatuses" : [ ],
      "flaky" : false
    } ],
    "history" : {
      "statistic" : {
        "failed" : 0,
        "broken" : 14,
        "skipped" : 0,
        "passed" : 89,
        "unknown" : 0,
        "total" : 103
      },
      "items" : [ {
        "uid" : "7f89cf836fdb3831",
        "reportUrl" : "https://Nat754.github.io/PulseWave/94//#testresult/7f89cf836fdb3831",
        "status" : "passed",
        "time" : {
          "start" : 1721717792835,
          "stop" : 1721717794314,
          "duration" : 1479
        }
      }, {
        "uid" : "5ed4156fed6598ce",
        "reportUrl" : "https://Nat754.github.io/PulseWave/94//#testresult/5ed4156fed6598ce",
        "status" : "passed",
        "time" : {
          "start" : 1721702404707,
          "stop" : 1721702405118,
          "duration" : 411
        }
      }, {
        "uid" : "e53eca926c8f0b3",
        "reportUrl" : "https://Nat754.github.io/PulseWave/93//#testresult/e53eca926c8f0b3",
        "status" : "passed",
        "time" : {
          "start" : 1721616341662,
          "stop" : 1721616342100,
          "duration" : 438
        }
      }, {
        "uid" : "a421cf556cf8e7ed",
        "reportUrl" : "https://Nat754.github.io/PulseWave/92//#testresult/a421cf556cf8e7ed",
        "status" : "passed",
        "time" : {
          "start" : 1721529691203,
          "stop" : 1721529691626,
          "duration" : 423
        }
      }, {
        "uid" : "6ee586245181221",
        "reportUrl" : "https://Nat754.github.io/PulseWave/91//#testresult/6ee586245181221",
        "status" : "passed",
        "time" : {
          "start" : 1721443017028,
          "stop" : 1721443017448,
          "duration" : 420
        }
      }, {
        "uid" : "10cea97cad9aee6e",
        "reportUrl" : "https://Nat754.github.io/PulseWave/90//#testresult/10cea97cad9aee6e",
        "status" : "passed",
        "time" : {
          "start" : 1721356927344,
          "stop" : 1721356927776,
          "duration" : 432
        }
      }, {
        "uid" : "3b127892da29ae9f",
        "reportUrl" : "https://Nat754.github.io/PulseWave/89//#testresult/3b127892da29ae9f",
        "status" : "passed",
        "time" : {
          "start" : 1721270294765,
          "stop" : 1721270295177,
          "duration" : 412
        }
      }, {
        "uid" : "72b4395de29e0980",
        "reportUrl" : "https://Nat754.github.io/PulseWave/88//#testresult/72b4395de29e0980",
        "status" : "passed",
        "time" : {
          "start" : 1721184007638,
          "stop" : 1721184008071,
          "duration" : 433
        }
      }, {
        "uid" : "4f9b25512bad98b3",
        "reportUrl" : "https://Nat754.github.io/PulseWave/87//#testresult/4f9b25512bad98b3",
        "status" : "passed",
        "time" : {
          "start" : 1721097658704,
          "stop" : 1721097659124,
          "duration" : 420
        }
      }, {
        "uid" : "6258e79ec314f777",
        "reportUrl" : "https://Nat754.github.io/PulseWave/86//#testresult/6258e79ec314f777",
        "status" : "passed",
        "time" : {
          "start" : 1721011387566,
          "stop" : 1721011387977,
          "duration" : 411
        }
      }, {
        "uid" : "b2ee5b4e776ba63b",
        "reportUrl" : "https://Nat754.github.io/PulseWave/85//#testresult/b2ee5b4e776ba63b",
        "status" : "passed",
        "time" : {
          "start" : 1720925220993,
          "stop" : 1720925221402,
          "duration" : 409
        }
      }, {
        "uid" : "3d333e2ec3246e70",
        "reportUrl" : "https://Nat754.github.io/PulseWave/84//#testresult/3d333e2ec3246e70",
        "status" : "passed",
        "time" : {
          "start" : 1720838380215,
          "stop" : 1720838380634,
          "duration" : 419
        }
      }, {
        "uid" : "a6d1b2eaa472f672",
        "reportUrl" : "https://Nat754.github.io/PulseWave/83//#testresult/a6d1b2eaa472f672",
        "status" : "passed",
        "time" : {
          "start" : 1720751924991,
          "stop" : 1720751925404,
          "duration" : 413
        }
      }, {
        "uid" : "eb94222c930fc0f4",
        "reportUrl" : "https://Nat754.github.io/PulseWave/82//#testresult/eb94222c930fc0f4",
        "status" : "passed",
        "time" : {
          "start" : 1720665963130,
          "stop" : 1720665963554,
          "duration" : 424
        }
      }, {
        "uid" : "903ee35ceda8dea",
        "reportUrl" : "https://Nat754.github.io/PulseWave/81//#testresult/903ee35ceda8dea",
        "status" : "passed",
        "time" : {
          "start" : 1720579499122,
          "stop" : 1720579499547,
          "duration" : 425
        }
      }, {
        "uid" : "bc26ee97c635f6d4",
        "reportUrl" : "https://Nat754.github.io/PulseWave/80//#testresult/bc26ee97c635f6d4",
        "status" : "passed",
        "time" : {
          "start" : 1720493059575,
          "stop" : 1720493060009,
          "duration" : 434
        }
      }, {
        "uid" : "bd7659b16e26c899",
        "reportUrl" : "https://Nat754.github.io/PulseWave/79//#testresult/bd7659b16e26c899",
        "status" : "passed",
        "time" : {
          "start" : 1720406942867,
          "stop" : 1720406943279,
          "duration" : 412
        }
      }, {
        "uid" : "25e3d7c486051892",
        "reportUrl" : "https://Nat754.github.io/PulseWave/78//#testresult/25e3d7c486051892",
        "status" : "passed",
        "time" : {
          "start" : 1720320393508,
          "stop" : 1720320393941,
          "duration" : 433
        }
      }, {
        "uid" : "3dffb7c6a0bc0033",
        "reportUrl" : "https://Nat754.github.io/PulseWave/77//#testresult/3dffb7c6a0bc0033",
        "status" : "passed",
        "time" : {
          "start" : 1720233621930,
          "stop" : 1720233622347,
          "duration" : 417
        }
      }, {
        "uid" : "9945dd4ce0158a4c",
        "reportUrl" : "https://Nat754.github.io/PulseWave/76//#testresult/9945dd4ce0158a4c",
        "status" : "passed",
        "time" : {
          "start" : 1720147304243,
          "stop" : 1720147304669,
          "duration" : 426
        }
      } ]
    },
    "tags" : [ "regress" ]
  },
  "source" : "42e1f8731a579da5.json",
  "parameterValues" : [ "'chrome'" ]
}