{
  "uid" : "125009fad9c48252",
  "name" : "Проверка некликабельности логотипа на Главной странице",
  "fullName" : "tests.ui_tests.header_test.TestHeader#test_visibility_logo",
  "historyId" : "426b95b432628e852e5426c61539f4a7",
  "time" : {
    "start" : 1751290937863,
    "stop" : 1751290937897,
    "duration" : 34
  },
  "status" : "skipped",
  "statusMessage" : "XFAIL\n\nAssertionError: Логотип кликабельный на Главной странице\nassert False\n +  where False = <bound method HeaderPage.get_header_logo_is_not_clickable of <pages.header.HeaderPage object at 0x7f1da5c0f4d0>>()\n +    where <bound method HeaderPage.get_header_logo_is_not_clickable of <pages.header.HeaderPage object at 0x7f1da5c0f4d0>> = <pages.header.HeaderPage object at 0x7f1da5c0f4d0>.get_header_logo_is_not_clickable",
  "statusTrace" : "self = <tests.ui_tests.header_test.TestHeader object at 0x7f1da5be7800>\nheader_open = <pages.header.HeaderPage object at 0x7f1da5c0f4d0>\nurl = 'https://pulsewave.ru/'\n\n    @allure.title(\"Проверка некликабельности логотипа на Главной странице\")\n    @pytest.mark.xfail(reazon='Лого пока кликабельный на лендинге')\n    @pytest.mark.regress\n    @pytest.mark.parametrize('url', [link.START_PAGE])\n    def test_visibility_logo(self, header_open, url):\n>       assert header_open.get_header_logo_is_not_clickable(), 'Логотип кликабельный на Главной странице'\nE       AssertionError: Логотип кликабельный на Главной странице\nE       assert False\nE        +  where False = <bound method HeaderPage.get_header_logo_is_not_clickable of <pages.header.HeaderPage object at 0x7f1da5c0f4d0>>()\nE        +    where <bound method HeaderPage.get_header_logo_is_not_clickable of <pages.header.HeaderPage object at 0x7f1da5c0f4d0>> = <pages.header.HeaderPage object at 0x7f1da5c0f4d0>.get_header_logo_is_not_clickable\n\ntests/ui_tests/header_test.py:19: AssertionError",
  "flaky" : false,
  "newFailed" : false,
  "beforeStages" : [ {
    "name" : "header_open",
    "time" : {
      "start" : 1751290875007,
      "stop" : 1751290937863,
      "duration" : 62856
    },
    "status" : "passed",
    "steps" : [ {
      "name" : "Открыть страницу 'https://pulsewave.ru/'",
      "time" : {
        "start" : 1751290875007,
        "stop" : 1751290937863,
        "duration" : 62856
      },
      "status" : "passed",
      "steps" : [ {
        "name" : "Согласиться с использованием файлов cookies, если высветилось окно",
        "time" : {
          "start" : 1751290877395,
          "stop" : 1751290937863,
          "duration" : 60468
        },
        "status" : "passed",
        "steps" : [ {
          "name" : "Получить кнопку 'Принимаю всё' в сообщении о принятии файлов cookie на Главной странице",
          "time" : {
            "start" : 1751290877395,
            "stop" : 1751290937862,
            "duration" : 60467
          },
          "status" : "broken",
          "statusMessage" : "selenium.common.exceptions.TimeoutException: Message: \nStacktrace:\n#0 0x56001de6745a <unknown>\n#1 0x56001d90c760 <unknown>\n#2 0x56001d95e127 <unknown>\n#3 0x56001d95e321 <unknown>\n#4 0x56001d9ace94 <unknown>\n#5 0x56001d983e7d <unknown>\n#6 0x56001d9aa30b <unknown>\n#7 0x56001d983c23 <unknown>\n#8 0x56001d9504a5 <unknown>\n#9 0x56001d951111 <unknown>\n#10 0x56001de2bf1b <unknown>\n#11 0x56001de2fe19 <unknown>\n#12 0x56001de12ac9 <unknown>\n#13 0x56001de309c8 <unknown>\n#14 0x56001ddf734f <unknown>\n#15 0x56001de54a28 <unknown>\n#16 0x56001de54c06 <unknown>\n#17 0x56001de66336 <unknown>\n#18 0x7fe4be69caa4 <unknown>\n#19 0x7fe4be729c3c <unknown>\n\n",
          "statusTrace" : "  File \"/opt/hostedtoolcache/Python/3.12.11/x64/lib/python3.12/site-packages/allure_commons/_allure.py\", line 192, in impl\n    return func(*a, **kw)\n           ^^^^^^^^^^^^^^\n  File \"/home/runner/work/PulseWave/PulseWave/pages/footer.py\", line 39, in get_allow_all_cookies\n    button_text = self.element_is_visible(self.locator.ALLOW_ALL_COOKIES)\n                  ^^^^^^^^^^^^^^^^^^^^^^^^^^^^^^^^^^^^^^^^^^^^^^^^^^^^^^^\n  File \"/opt/hostedtoolcache/Python/3.12.11/x64/lib/python3.12/site-packages/allure_commons/_allure.py\", line 192, in impl\n    return func(*a, **kw)\n           ^^^^^^^^^^^^^^\n  File \"/home/runner/work/PulseWave/PulseWave/pages/base_page.py\", line 20, in element_is_visible\n    element = self.element_is_present(locator)\n              ^^^^^^^^^^^^^^^^^^^^^^^^^^^^^^^^\n  File \"/opt/hostedtoolcache/Python/3.12.11/x64/lib/python3.12/site-packages/allure_commons/_allure.py\", line 192, in impl\n    return func(*a, **kw)\n           ^^^^^^^^^^^^^^\n  File \"/home/runner/work/PulseWave/PulseWave/pages/base_page.py\", line 39, in element_is_present\n    return Wait(self.driver, self.timeout).until(es.presence_of_element_located(locator))\n           ^^^^^^^^^^^^^^^^^^^^^^^^^^^^^^^^^^^^^^^^^^^^^^^^^^^^^^^^^^^^^^^^^^^^^^^^^^^^^^\n  File \"/opt/hostedtoolcache/Python/3.12.11/x64/lib/python3.12/site-packages/selenium/webdriver/support/wait.py\", line 105, in until\n    raise TimeoutException(message, screen, stacktrace)\n",
          "steps" : [ {
            "name" : "Проверить видимость элемента",
            "time" : {
              "start" : 1751290877395,
              "stop" : 1751290937862,
              "duration" : 60467
            },
            "status" : "broken",
            "statusMessage" : "selenium.common.exceptions.TimeoutException: Message: \nStacktrace:\n#0 0x56001de6745a <unknown>\n#1 0x56001d90c760 <unknown>\n#2 0x56001d95e127 <unknown>\n#3 0x56001d95e321 <unknown>\n#4 0x56001d9ace94 <unknown>\n#5 0x56001d983e7d <unknown>\n#6 0x56001d9aa30b <unknown>\n#7 0x56001d983c23 <unknown>\n#8 0x56001d9504a5 <unknown>\n#9 0x56001d951111 <unknown>\n#10 0x56001de2bf1b <unknown>\n#11 0x56001de2fe19 <unknown>\n#12 0x56001de12ac9 <unknown>\n#13 0x56001de309c8 <unknown>\n#14 0x56001ddf734f <unknown>\n#15 0x56001de54a28 <unknown>\n#16 0x56001de54c06 <unknown>\n#17 0x56001de66336 <unknown>\n#18 0x7fe4be69caa4 <unknown>\n#19 0x7fe4be729c3c <unknown>\n\n",
            "statusTrace" : "  File \"/opt/hostedtoolcache/Python/3.12.11/x64/lib/python3.12/site-packages/allure_commons/_allure.py\", line 192, in impl\n    return func(*a, **kw)\n           ^^^^^^^^^^^^^^\n  File \"/home/runner/work/PulseWave/PulseWave/pages/base_page.py\", line 20, in element_is_visible\n    element = self.element_is_present(locator)\n              ^^^^^^^^^^^^^^^^^^^^^^^^^^^^^^^^\n  File \"/opt/hostedtoolcache/Python/3.12.11/x64/lib/python3.12/site-packages/allure_commons/_allure.py\", line 192, in impl\n    return func(*a, **kw)\n           ^^^^^^^^^^^^^^\n  File \"/home/runner/work/PulseWave/PulseWave/pages/base_page.py\", line 39, in element_is_present\n    return Wait(self.driver, self.timeout).until(es.presence_of_element_located(locator))\n           ^^^^^^^^^^^^^^^^^^^^^^^^^^^^^^^^^^^^^^^^^^^^^^^^^^^^^^^^^^^^^^^^^^^^^^^^^^^^^^\n  File \"/opt/hostedtoolcache/Python/3.12.11/x64/lib/python3.12/site-packages/selenium/webdriver/support/wait.py\", line 105, in until\n    raise TimeoutException(message, screen, stacktrace)\n",
            "steps" : [ {
              "name" : "Проверить присутствие элемента в DOM",
              "time" : {
                "start" : 1751290877395,
                "stop" : 1751290937862,
                "duration" : 60467
              },
              "status" : "broken",
              "statusMessage" : "selenium.common.exceptions.TimeoutException: Message: \nStacktrace:\n#0 0x56001de6745a <unknown>\n#1 0x56001d90c760 <unknown>\n#2 0x56001d95e127 <unknown>\n#3 0x56001d95e321 <unknown>\n#4 0x56001d9ace94 <unknown>\n#5 0x56001d983e7d <unknown>\n#6 0x56001d9aa30b <unknown>\n#7 0x56001d983c23 <unknown>\n#8 0x56001d9504a5 <unknown>\n#9 0x56001d951111 <unknown>\n#10 0x56001de2bf1b <unknown>\n#11 0x56001de2fe19 <unknown>\n#12 0x56001de12ac9 <unknown>\n#13 0x56001de309c8 <unknown>\n#14 0x56001ddf734f <unknown>\n#15 0x56001de54a28 <unknown>\n#16 0x56001de54c06 <unknown>\n#17 0x56001de66336 <unknown>\n#18 0x7fe4be69caa4 <unknown>\n#19 0x7fe4be729c3c <unknown>\n\n",
              "statusTrace" : "  File \"/opt/hostedtoolcache/Python/3.12.11/x64/lib/python3.12/site-packages/allure_commons/_allure.py\", line 192, in impl\n    return func(*a, **kw)\n           ^^^^^^^^^^^^^^\n  File \"/home/runner/work/PulseWave/PulseWave/pages/base_page.py\", line 39, in element_is_present\n    return Wait(self.driver, self.timeout).until(es.presence_of_element_located(locator))\n           ^^^^^^^^^^^^^^^^^^^^^^^^^^^^^^^^^^^^^^^^^^^^^^^^^^^^^^^^^^^^^^^^^^^^^^^^^^^^^^\n  File \"/opt/hostedtoolcache/Python/3.12.11/x64/lib/python3.12/site-packages/selenium/webdriver/support/wait.py\", line 105, in until\n    raise TimeoutException(message, screen, stacktrace)\n",
              "steps" : [ ],
              "attachments" : [ ],
              "parameters" : [ {
                "name" : "locator",
                "value" : "('css selector', '.cookies__body .button__small')"
              } ],
              "stepsCount" : 0,
              "attachmentsCount" : 0,
              "shouldDisplayMessage" : true,
              "hasContent" : true
            } ],
            "attachments" : [ ],
            "parameters" : [ {
              "name" : "locator",
              "value" : "('css selector', '.cookies__body .button__small')"
            } ],
            "stepsCount" : 1,
            "attachmentsCount" : 0,
            "shouldDisplayMessage" : false,
            "hasContent" : true
          } ],
          "attachments" : [ ],
          "parameters" : [ ],
          "stepsCount" : 2,
          "attachmentsCount" : 0,
          "shouldDisplayMessage" : false,
          "hasContent" : true
        } ],
        "attachments" : [ ],
        "parameters" : [ {
          "name" : "driver",
          "value" : "<selenium.webdriver.chrome.webdriver.WebDriver (session=\"2280115cae41b67c090bf015b0b2409a\")>"
        } ],
        "stepsCount" : 3,
        "attachmentsCount" : 0,
        "shouldDisplayMessage" : false,
        "hasContent" : true
      } ],
      "attachments" : [ ],
      "parameters" : [ ],
      "stepsCount" : 4,
      "attachmentsCount" : 0,
      "shouldDisplayMessage" : false,
      "hasContent" : true
    } ],
    "attachments" : [ ],
    "parameters" : [ ],
    "stepsCount" : 5,
    "attachmentsCount" : 0,
    "shouldDisplayMessage" : false,
    "hasContent" : true
  }, {
    "name" : "_session_faker",
    "time" : {
      "start" : 1751289807596,
      "stop" : 1751289807612,
      "duration" : 16
    },
    "status" : "passed",
    "steps" : [ ],
    "attachments" : [ ],
    "parameters" : [ ],
    "stepsCount" : 0,
    "attachmentsCount" : 0,
    "shouldDisplayMessage" : false,
    "hasContent" : false
  }, {
    "name" : "clear_allure_results_folder",
    "time" : {
      "start" : 1751289807612,
      "stop" : 1751289807612,
      "duration" : 0
    },
    "status" : "passed",
    "steps" : [ ],
    "attachments" : [ ],
    "parameters" : [ ],
    "stepsCount" : 0,
    "attachmentsCount" : 0,
    "shouldDisplayMessage" : false,
    "hasContent" : false
  }, {
    "name" : "driver",
    "time" : {
      "start" : 1751290874679,
      "stop" : 1751290875007,
      "duration" : 328
    },
    "status" : "passed",
    "steps" : [ ],
    "attachments" : [ ],
    "parameters" : [ ],
    "stepsCount" : 0,
    "attachmentsCount" : 0,
    "shouldDisplayMessage" : false,
    "hasContent" : false
  } ],
  "testStage" : {
    "status" : "skipped",
    "statusMessage" : "XFAIL\n\nAssertionError: Логотип кликабельный на Главной странице\nassert False\n +  where False = <bound method HeaderPage.get_header_logo_is_not_clickable of <pages.header.HeaderPage object at 0x7f1da5c0f4d0>>()\n +    where <bound method HeaderPage.get_header_logo_is_not_clickable of <pages.header.HeaderPage object at 0x7f1da5c0f4d0>> = <pages.header.HeaderPage object at 0x7f1da5c0f4d0>.get_header_logo_is_not_clickable",
    "statusTrace" : "self = <tests.ui_tests.header_test.TestHeader object at 0x7f1da5be7800>\nheader_open = <pages.header.HeaderPage object at 0x7f1da5c0f4d0>\nurl = 'https://pulsewave.ru/'\n\n    @allure.title(\"Проверка некликабельности логотипа на Главной странице\")\n    @pytest.mark.xfail(reazon='Лого пока кликабельный на лендинге')\n    @pytest.mark.regress\n    @pytest.mark.parametrize('url', [link.START_PAGE])\n    def test_visibility_logo(self, header_open, url):\n>       assert header_open.get_header_logo_is_not_clickable(), 'Логотип кликабельный на Главной странице'\nE       AssertionError: Логотип кликабельный на Главной странице\nE       assert False\nE        +  where False = <bound method HeaderPage.get_header_logo_is_not_clickable of <pages.header.HeaderPage object at 0x7f1da5c0f4d0>>()\nE        +    where <bound method HeaderPage.get_header_logo_is_not_clickable of <pages.header.HeaderPage object at 0x7f1da5c0f4d0>> = <pages.header.HeaderPage object at 0x7f1da5c0f4d0>.get_header_logo_is_not_clickable\n\ntests/ui_tests/header_test.py:19: AssertionError",
    "steps" : [ {
      "name" : "Проверка некликабельности логотипа в хедере",
      "time" : {
        "start" : 1751290937863,
        "stop" : 1751290937896,
        "duration" : 33
      },
      "status" : "passed",
      "steps" : [ {
        "name" : "Проверка некликабельности видимого элемента",
        "time" : {
          "start" : 1751290937864,
          "stop" : 1751290937896,
          "duration" : 32
        },
        "status" : "passed",
        "steps" : [ ],
        "attachments" : [ ],
        "parameters" : [ {
          "name" : "locator",
          "value" : "('class name', 'header__logo')"
        } ],
        "stepsCount" : 0,
        "attachmentsCount" : 0,
        "shouldDisplayMessage" : false,
        "hasContent" : true
      } ],
      "attachments" : [ ],
      "parameters" : [ ],
      "stepsCount" : 1,
      "attachmentsCount" : 0,
      "shouldDisplayMessage" : false,
      "hasContent" : true
    } ],
    "attachments" : [ {
      "uid" : "ad26b3558bcf4f56",
      "name" : "Screenshot",
      "source" : "ad26b3558bcf4f56.png",
      "type" : "image/png",
      "size" : 278316
    }, {
      "uid" : "bceae8315477006",
      "name" : "HTML source",
      "source" : "bceae8315477006.html",
      "type" : "text/html",
      "size" : 1507635
    } ],
    "parameters" : [ ],
    "stepsCount" : 2,
    "attachmentsCount" : 2,
    "shouldDisplayMessage" : true,
    "hasContent" : true
  },
  "afterStages" : [ {
    "name" : "driver::0",
    "time" : {
      "start" : 1751290938262,
      "stop" : 1751290938331,
      "duration" : 69
    },
    "status" : "passed",
    "steps" : [ ],
    "attachments" : [ ],
    "parameters" : [ ],
    "stepsCount" : 0,
    "attachmentsCount" : 0,
    "shouldDisplayMessage" : false,
    "hasContent" : false
  } ],
  "labels" : [ {
    "name" : "epic",
    "value" : "Тестирование Хедера"
  }, {
    "name" : "tag",
    "value" : "regress"
  }, {
    "name" : "tag",
    "value" : "@pytest.mark.xfail(reazon='Лого пока кликабельный на лендинге')"
  }, {
    "name" : "parentSuite",
    "value" : "tests.ui_tests"
  }, {
    "name" : "suite",
    "value" : "header_test"
  }, {
    "name" : "subSuite",
    "value" : "TestHeader"
  }, {
    "name" : "host",
    "value" : "pkrvmbietmlfzoi"
  }, {
    "name" : "thread",
    "value" : "2694-MainThread"
  }, {
    "name" : "framework",
    "value" : "pytest"
  }, {
    "name" : "language",
    "value" : "cpython3"
  }, {
    "name" : "package",
    "value" : "tests.ui_tests.header_test"
  }, {
    "name" : "resultFormat",
    "value" : "allure2"
  } ],
  "parameters" : [ {
    "name" : "url",
    "value" : "'https://pulsewave.ru/'"
  } ],
  "links" : [ ],
  "hidden" : false,
  "retry" : false,
  "extra" : {
    "severity" : "normal",
    "retries" : [ ],
    "categories" : [ ],
    "tags" : [ "@pytest.mark.xfail(reazon='Лого пока кликабельный на лендинге')", "regress" ]
  },
  "source" : "125009fad9c48252.json",
  "parameterValues" : [ "'https://pulsewave.ru/'" ]
}