{
  "uid" : "15c2fb895f228a30",
  "name" : "Проверка текста элемента 'Ваша безопасность и конфиденциальность для нас на первом месте!'",
  "fullName" : "tests.test_main_page.test_main_page.TestMainPage#test_get_text_body_first_safety",
  "historyId" : "811d6c96abc4bc8ed0d2592712074947",
  "time" : {
    "start" : 1703188029580,
    "stop" : 1703188049971,
    "duration" : 20391
  },
  "status" : "broken",
  "statusMessage" : "selenium.common.exceptions.TimeoutException: Message: \nStacktrace:\n#0 0x55b4020b0d33 <unknown>\n#1 0x55b401d6df87 <unknown>\n#2 0x55b401dbdc0e <unknown>\n#3 0x55b401dbdd11 <unknown>\n#4 0x55b401e09004 <unknown>\n#5 0x55b401de736d <unknown>\n#6 0x55b401e06297 <unknown>\n#7 0x55b401de70e3 <unknown>\n#8 0x55b401daf044 <unknown>\n#9 0x55b401db044e <unknown>\n#10 0x55b402075861 <unknown>\n#11 0x55b402079785 <unknown>\n#12 0x55b402063285 <unknown>\n#13 0x55b40207a41f <unknown>\n#14 0x55b40204720f <unknown>\n#15 0x55b40209e028 <unknown>\n#16 0x55b40209e1f7 <unknown>\n#17 0x55b4020afed4 <unknown>\n#18 0x7fad90a94ac3 <unknown>",
  "statusTrace" : "self = <tests.test_main_page.test_main_page.TestMainPage object at 0x7f4f7cf7ed90>\nmain_page_open = <pages.main_page.MainPage object at 0x7f4f7ddbf690>\n\n    @allure.title(f\"Проверка текста элемента '{main.FIRST_SAFETY}'\")\n    @pytest.mark.regress\n    def test_get_text_body_first_safety(self, main_page_open):\n>       text = main_page_open.get_body_first_safety().text\n\ntests/test_main_page/test_main_page.py:159: \n_ _ _ _ _ _ _ _ _ _ _ _ _ _ _ _ _ _ _ _ _ _ _ _ _ _ _ _ _ _ _ _ _ _ _ _ _ _ _ _ \npages/main_page.py:56: in get_body_first_safety\n    return self.element_is_visible(self.locator.FIRST_SAFETY)\npages/base_page.py:19: in element_is_visible\n    self.go_to_element(self.element_is_present(locator))\npages/base_page.py:35: in element_is_present\n    return Wait(self.driver, self.timeout).until(es.presence_of_element_located(locator))\n_ _ _ _ _ _ _ _ _ _ _ _ _ _ _ _ _ _ _ _ _ _ _ _ _ _ _ _ _ _ _ _ _ _ _ _ _ _ _ _ \n\nself = <selenium.webdriver.support.wait.WebDriverWait (session=\"2b17de5b11d193a23318645035baf2b9\")>\nmethod = <function presence_of_element_located.<locals>._predicate at 0x7f4f7dd609a0>\nmessage = ''\n\n    def until(self, method, message: str = \"\"):\n        \"\"\"Calls the method provided with the driver as an argument until the \\\n        return value does not evaluate to ``False``.\n    \n        :param method: callable(WebDriver)\n        :param message: optional message for :exc:`TimeoutException`\n        :returns: the result of the last call to `method`\n        :raises: :exc:`selenium.common.exceptions.TimeoutException` if timeout occurs\n        \"\"\"\n        screen = None\n        stacktrace = None\n    \n        end_time = time.monotonic() + self._timeout\n        while True:\n            try:\n                value = method(self._driver)\n                if value:\n                    return value\n            except self._ignored_exceptions as exc:\n                screen = getattr(exc, \"screen\", None)\n                stacktrace = getattr(exc, \"stacktrace\", None)\n            time.sleep(self._poll)\n            if time.monotonic() > end_time:\n                break\n>       raise TimeoutException(message, screen, stacktrace)\nE       selenium.common.exceptions.TimeoutException: Message: \nE       Stacktrace:\nE       #0 0x55b4020b0d33 <unknown>\nE       #1 0x55b401d6df87 <unknown>\nE       #2 0x55b401dbdc0e <unknown>\nE       #3 0x55b401dbdd11 <unknown>\nE       #4 0x55b401e09004 <unknown>\nE       #5 0x55b401de736d <unknown>\nE       #6 0x55b401e06297 <unknown>\nE       #7 0x55b401de70e3 <unknown>\nE       #8 0x55b401daf044 <unknown>\nE       #9 0x55b401db044e <unknown>\nE       #10 0x55b402075861 <unknown>\nE       #11 0x55b402079785 <unknown>\nE       #12 0x55b402063285 <unknown>\nE       #13 0x55b40207a41f <unknown>\nE       #14 0x55b40204720f <unknown>\nE       #15 0x55b40209e028 <unknown>\nE       #16 0x55b40209e1f7 <unknown>\nE       #17 0x55b4020afed4 <unknown>\nE       #18 0x7fad90a94ac3 <unknown>\n\n/opt/hostedtoolcache/Python/3.11.7/x64/lib/python3.11/site-packages/selenium/webdriver/support/wait.py:95: TimeoutException",
  "flaky" : false,
  "newFailed" : false,
  "beforeStages" : [ {
    "name" : "driver",
    "time" : {
      "start" : 1703188026972,
      "stop" : 1703188027636,
      "duration" : 664
    },
    "status" : "passed",
    "steps" : [ ],
    "attachments" : [ ],
    "parameters" : [ ],
    "stepsCount" : 0,
    "attachmentsCount" : 0,
    "shouldDisplayMessage" : false,
    "hasContent" : false
  }, {
    "name" : "_session_faker",
    "time" : {
      "start" : 1703187213409,
      "stop" : 1703187213483,
      "duration" : 74
    },
    "status" : "passed",
    "steps" : [ ],
    "attachments" : [ ],
    "parameters" : [ ],
    "stepsCount" : 0,
    "attachmentsCount" : 0,
    "shouldDisplayMessage" : false,
    "hasContent" : false
  }, {
    "name" : "clear_allure_results_folder",
    "time" : {
      "start" : 1703187213483,
      "stop" : 1703187213483,
      "duration" : 0
    },
    "status" : "passed",
    "steps" : [ ],
    "attachments" : [ ],
    "parameters" : [ ],
    "stepsCount" : 0,
    "attachmentsCount" : 0,
    "shouldDisplayMessage" : false,
    "hasContent" : false
  }, {
    "name" : "main_page_open",
    "time" : {
      "start" : 1703188027637,
      "stop" : 1703188029579,
      "duration" : 1942
    },
    "status" : "passed",
    "steps" : [ {
      "name" : "Проверка видимости кнопки 'Принимаю всё' в сообщении о принятии файлов cookie на Главной странице",
      "time" : {
        "start" : 1703188029526,
        "stop" : 1703188029553,
        "duration" : 27
      },
      "status" : "passed",
      "steps" : [ ],
      "attachments" : [ ],
      "parameters" : [ ],
      "stepsCount" : 0,
      "attachmentsCount" : 0,
      "shouldDisplayMessage" : false,
      "hasContent" : false
    } ],
    "attachments" : [ ],
    "parameters" : [ ],
    "stepsCount" : 1,
    "attachmentsCount" : 0,
    "shouldDisplayMessage" : false,
    "hasContent" : true
  } ],
  "testStage" : {
    "status" : "broken",
    "statusMessage" : "selenium.common.exceptions.TimeoutException: Message: \nStacktrace:\n#0 0x55b4020b0d33 <unknown>\n#1 0x55b401d6df87 <unknown>\n#2 0x55b401dbdc0e <unknown>\n#3 0x55b401dbdd11 <unknown>\n#4 0x55b401e09004 <unknown>\n#5 0x55b401de736d <unknown>\n#6 0x55b401e06297 <unknown>\n#7 0x55b401de70e3 <unknown>\n#8 0x55b401daf044 <unknown>\n#9 0x55b401db044e <unknown>\n#10 0x55b402075861 <unknown>\n#11 0x55b402079785 <unknown>\n#12 0x55b402063285 <unknown>\n#13 0x55b40207a41f <unknown>\n#14 0x55b40204720f <unknown>\n#15 0x55b40209e028 <unknown>\n#16 0x55b40209e1f7 <unknown>\n#17 0x55b4020afed4 <unknown>\n#18 0x7fad90a94ac3 <unknown>",
    "statusTrace" : "self = <tests.test_main_page.test_main_page.TestMainPage object at 0x7f4f7cf7ed90>\nmain_page_open = <pages.main_page.MainPage object at 0x7f4f7ddbf690>\n\n    @allure.title(f\"Проверка текста элемента '{main.FIRST_SAFETY}'\")\n    @pytest.mark.regress\n    def test_get_text_body_first_safety(self, main_page_open):\n>       text = main_page_open.get_body_first_safety().text\n\ntests/test_main_page/test_main_page.py:159: \n_ _ _ _ _ _ _ _ _ _ _ _ _ _ _ _ _ _ _ _ _ _ _ _ _ _ _ _ _ _ _ _ _ _ _ _ _ _ _ _ \npages/main_page.py:56: in get_body_first_safety\n    return self.element_is_visible(self.locator.FIRST_SAFETY)\npages/base_page.py:19: in element_is_visible\n    self.go_to_element(self.element_is_present(locator))\npages/base_page.py:35: in element_is_present\n    return Wait(self.driver, self.timeout).until(es.presence_of_element_located(locator))\n_ _ _ _ _ _ _ _ _ _ _ _ _ _ _ _ _ _ _ _ _ _ _ _ _ _ _ _ _ _ _ _ _ _ _ _ _ _ _ _ \n\nself = <selenium.webdriver.support.wait.WebDriverWait (session=\"2b17de5b11d193a23318645035baf2b9\")>\nmethod = <function presence_of_element_located.<locals>._predicate at 0x7f4f7dd609a0>\nmessage = ''\n\n    def until(self, method, message: str = \"\"):\n        \"\"\"Calls the method provided with the driver as an argument until the \\\n        return value does not evaluate to ``False``.\n    \n        :param method: callable(WebDriver)\n        :param message: optional message for :exc:`TimeoutException`\n        :returns: the result of the last call to `method`\n        :raises: :exc:`selenium.common.exceptions.TimeoutException` if timeout occurs\n        \"\"\"\n        screen = None\n        stacktrace = None\n    \n        end_time = time.monotonic() + self._timeout\n        while True:\n            try:\n                value = method(self._driver)\n                if value:\n                    return value\n            except self._ignored_exceptions as exc:\n                screen = getattr(exc, \"screen\", None)\n                stacktrace = getattr(exc, \"stacktrace\", None)\n            time.sleep(self._poll)\n            if time.monotonic() > end_time:\n                break\n>       raise TimeoutException(message, screen, stacktrace)\nE       selenium.common.exceptions.TimeoutException: Message: \nE       Stacktrace:\nE       #0 0x55b4020b0d33 <unknown>\nE       #1 0x55b401d6df87 <unknown>\nE       #2 0x55b401dbdc0e <unknown>\nE       #3 0x55b401dbdd11 <unknown>\nE       #4 0x55b401e09004 <unknown>\nE       #5 0x55b401de736d <unknown>\nE       #6 0x55b401e06297 <unknown>\nE       #7 0x55b401de70e3 <unknown>\nE       #8 0x55b401daf044 <unknown>\nE       #9 0x55b401db044e <unknown>\nE       #10 0x55b402075861 <unknown>\nE       #11 0x55b402079785 <unknown>\nE       #12 0x55b402063285 <unknown>\nE       #13 0x55b40207a41f <unknown>\nE       #14 0x55b40204720f <unknown>\nE       #15 0x55b40209e028 <unknown>\nE       #16 0x55b40209e1f7 <unknown>\nE       #17 0x55b4020afed4 <unknown>\nE       #18 0x7fad90a94ac3 <unknown>\n\n/opt/hostedtoolcache/Python/3.11.7/x64/lib/python3.11/site-packages/selenium/webdriver/support/wait.py:95: TimeoutException",
    "steps" : [ {
      "name" : "Проверка видимости надписи 'Ваша безопасность и конфиденциальность для нас на первом месте!' на Главной странице",
      "time" : {
        "start" : 1703188029580,
        "stop" : 1703188049971,
        "duration" : 20391
      },
      "status" : "broken",
      "statusMessage" : "selenium.common.exceptions.TimeoutException: Message: \nStacktrace:\n#0 0x55b4020b0d33 <unknown>\n#1 0x55b401d6df87 <unknown>\n#2 0x55b401dbdc0e <unknown>\n#3 0x55b401dbdd11 <unknown>\n#4 0x55b401e09004 <unknown>\n#5 0x55b401de736d <unknown>\n#6 0x55b401e06297 <unknown>\n#7 0x55b401de70e3 <unknown>\n#8 0x55b401daf044 <unknown>\n#9 0x55b401db044e <unknown>\n#10 0x55b402075861 <unknown>\n#11 0x55b402079785 <unknown>\n#12 0x55b402063285 <unknown>\n#13 0x55b40207a41f <unknown>\n#14 0x55b40204720f <unknown>\n#15 0x55b40209e028 <unknown>\n#16 0x55b40209e1f7 <unknown>\n#17 0x55b4020afed4 <unknown>\n#18 0x7fad90a94ac3 <unknown>\n\n",
      "statusTrace" : "  File \"/opt/hostedtoolcache/Python/3.11.7/x64/lib/python3.11/site-packages/allure_commons/_allure.py\", line 192, in impl\n    return func(*a, **kw)\n           ^^^^^^^^^^^^^^\n  File \"/home/runner/work/PulseWave/PulseWave/pages/main_page.py\", line 56, in get_body_first_safety\n    return self.element_is_visible(self.locator.FIRST_SAFETY)\n           ^^^^^^^^^^^^^^^^^^^^^^^^^^^^^^^^^^^^^^^^^^^^^^^^^^\n  File \"/home/runner/work/PulseWave/PulseWave/pages/base_page.py\", line 19, in element_is_visible\n    self.go_to_element(self.element_is_present(locator))\n                       ^^^^^^^^^^^^^^^^^^^^^^^^^^^^^^^^\n  File \"/home/runner/work/PulseWave/PulseWave/pages/base_page.py\", line 35, in element_is_present\n    return Wait(self.driver, self.timeout).until(es.presence_of_element_located(locator))\n           ^^^^^^^^^^^^^^^^^^^^^^^^^^^^^^^^^^^^^^^^^^^^^^^^^^^^^^^^^^^^^^^^^^^^^^^^^^^^^^\n  File \"/opt/hostedtoolcache/Python/3.11.7/x64/lib/python3.11/site-packages/selenium/webdriver/support/wait.py\", line 95, in until\n    raise TimeoutException(message, screen, stacktrace)\n",
      "steps" : [ ],
      "attachments" : [ ],
      "parameters" : [ ],
      "stepsCount" : 0,
      "attachmentsCount" : 0,
      "shouldDisplayMessage" : true,
      "hasContent" : true
    } ],
    "attachments" : [ {
      "name" : "Screenshot",
      "type" : "image/png",
      "size" : 0
    } ],
    "parameters" : [ ],
    "stepsCount" : 1,
    "attachmentsCount" : 1,
    "shouldDisplayMessage" : true,
    "hasContent" : true
  },
  "afterStages" : [ {
    "name" : "driver::0",
    "time" : {
      "start" : 1703188050030,
      "stop" : 1703188050087,
      "duration" : 57
    },
    "status" : "passed",
    "steps" : [ ],
    "attachments" : [ ],
    "parameters" : [ ],
    "stepsCount" : 0,
    "attachmentsCount" : 0,
    "shouldDisplayMessage" : false,
    "hasContent" : false
  } ],
  "labels" : [ {
    "name" : "epic",
    "value" : "Тестирование Главной страницы"
  }, {
    "name" : "tag",
    "value" : "regress"
  }, {
    "name" : "parentSuite",
    "value" : "tests.test_main_page"
  }, {
    "name" : "suite",
    "value" : "test_main_page"
  }, {
    "name" : "subSuite",
    "value" : "TestMainPage"
  }, {
    "name" : "host",
    "value" : "fv-az1429-131"
  }, {
    "name" : "thread",
    "value" : "2194-MainThread"
  }, {
    "name" : "framework",
    "value" : "pytest"
  }, {
    "name" : "language",
    "value" : "cpython3"
  }, {
    "name" : "package",
    "value" : "tests.test_main_page.test_main_page"
  }, {
    "name" : "resultFormat",
    "value" : "allure2"
  } ],
  "parameters" : [ ],
  "links" : [ ],
  "hidden" : false,
  "retry" : false,
  "extra" : {
    "severity" : "normal",
    "retries" : [ ],
    "categories" : [ {
      "name" : "Test defects",
      "matchedStatuses" : [ ],
      "flaky" : false
    } ],
    "tags" : [ "regress" ]
  },
  "source" : "15c2fb895f228a30.json",
  "parameterValues" : [ ]
}