{
  "uid" : "1681d1c1b2d580a5",
  "name" : "Проверка цвета шрифта элемента 'Одно приложениe для решения всех Ваших задач!' в футере",
  "fullName" : "tests.test_main_page.test_main_page.TestMainPage#test_get_css_property_body_main_subtitle",
  "historyId" : "911f6e6f21056bd0756075928f681566",
  "time" : {
    "start" : 1703187905878,
    "stop" : 1703187926245,
    "duration" : 20367
  },
  "status" : "broken",
  "statusMessage" : "selenium.common.exceptions.TimeoutException: Message: \nStacktrace:\n#0 0x5631e2fbed33 <unknown>\n#1 0x5631e2c7bf87 <unknown>\n#2 0x5631e2ccbc0e <unknown>\n#3 0x5631e2ccbd11 <unknown>\n#4 0x5631e2d17004 <unknown>\n#5 0x5631e2cf536d <unknown>\n#6 0x5631e2d14297 <unknown>\n#7 0x5631e2cf50e3 <unknown>\n#8 0x5631e2cbd044 <unknown>\n#9 0x5631e2cbe44e <unknown>\n#10 0x5631e2f83861 <unknown>\n#11 0x5631e2f87785 <unknown>\n#12 0x5631e2f71285 <unknown>\n#13 0x5631e2f8841f <unknown>\n#14 0x5631e2f5520f <unknown>\n#15 0x5631e2fac028 <unknown>\n#16 0x5631e2fac1f7 <unknown>\n#17 0x5631e2fbded4 <unknown>\n#18 0x7f9108294ac3 <unknown>",
  "statusTrace" : "self = <tests.test_main_page.test_main_page.TestMainPage object at 0x7f4f7d009690>\nmain_page_open = <pages.main_page.MainPage object at 0x7f4f7de37a10>\ncss_property = 'color', figma = 'rgba(16, 16, 18, 1)', name = 'цвета шрифта'\n\n    @pytest.mark.parametrize('css_property, figma, name', main.CHECK_TEXT)\n    @pytest.mark.regress\n    def test_get_css_property_body_main_subtitle(self, main_page_open, css_property, figma, name):\n        allure.dynamic.title(f\"Проверка {name} элемента '{self.main.ONE_APP}' в футере\")\n>       element = main_page_open.get_body_main_subtitle()\n\ntests/test_main_page/test_main_page.py:114: \n_ _ _ _ _ _ _ _ _ _ _ _ _ _ _ _ _ _ _ _ _ _ _ _ _ _ _ _ _ _ _ _ _ _ _ _ _ _ _ _ \npages/main_page.py:64: in get_body_main_subtitle\n    return self.element_is_visible(self.locator.MAIN_SUBTITLE)\npages/base_page.py:19: in element_is_visible\n    self.go_to_element(self.element_is_present(locator))\npages/base_page.py:35: in element_is_present\n    return Wait(self.driver, self.timeout).until(es.presence_of_element_located(locator))\n_ _ _ _ _ _ _ _ _ _ _ _ _ _ _ _ _ _ _ _ _ _ _ _ _ _ _ _ _ _ _ _ _ _ _ _ _ _ _ _ \n\nself = <selenium.webdriver.support.wait.WebDriverWait (session=\"92b5339cc41dc50a1b5dab69d5f9275b\")>\nmethod = <function presence_of_element_located.<locals>._predicate at 0x7f4f7dd271a0>\nmessage = ''\n\n    def until(self, method, message: str = \"\"):\n        \"\"\"Calls the method provided with the driver as an argument until the \\\n        return value does not evaluate to ``False``.\n    \n        :param method: callable(WebDriver)\n        :param message: optional message for :exc:`TimeoutException`\n        :returns: the result of the last call to `method`\n        :raises: :exc:`selenium.common.exceptions.TimeoutException` if timeout occurs\n        \"\"\"\n        screen = None\n        stacktrace = None\n    \n        end_time = time.monotonic() + self._timeout\n        while True:\n            try:\n                value = method(self._driver)\n                if value:\n                    return value\n            except self._ignored_exceptions as exc:\n                screen = getattr(exc, \"screen\", None)\n                stacktrace = getattr(exc, \"stacktrace\", None)\n            time.sleep(self._poll)\n            if time.monotonic() > end_time:\n                break\n>       raise TimeoutException(message, screen, stacktrace)\nE       selenium.common.exceptions.TimeoutException: Message: \nE       Stacktrace:\nE       #0 0x5631e2fbed33 <unknown>\nE       #1 0x5631e2c7bf87 <unknown>\nE       #2 0x5631e2ccbc0e <unknown>\nE       #3 0x5631e2ccbd11 <unknown>\nE       #4 0x5631e2d17004 <unknown>\nE       #5 0x5631e2cf536d <unknown>\nE       #6 0x5631e2d14297 <unknown>\nE       #7 0x5631e2cf50e3 <unknown>\nE       #8 0x5631e2cbd044 <unknown>\nE       #9 0x5631e2cbe44e <unknown>\nE       #10 0x5631e2f83861 <unknown>\nE       #11 0x5631e2f87785 <unknown>\nE       #12 0x5631e2f71285 <unknown>\nE       #13 0x5631e2f8841f <unknown>\nE       #14 0x5631e2f5520f <unknown>\nE       #15 0x5631e2fac028 <unknown>\nE       #16 0x5631e2fac1f7 <unknown>\nE       #17 0x5631e2fbded4 <unknown>\nE       #18 0x7f9108294ac3 <unknown>\n\n/opt/hostedtoolcache/Python/3.11.7/x64/lib/python3.11/site-packages/selenium/webdriver/support/wait.py:95: TimeoutException",
  "flaky" : false,
  "newFailed" : false,
  "beforeStages" : [ {
    "name" : "main_page_open",
    "time" : {
      "start" : 1703187903942,
      "stop" : 1703187905877,
      "duration" : 1935
    },
    "status" : "passed",
    "steps" : [ {
      "name" : "Проверка видимости кнопки 'Принимаю всё' в сообщении о принятии файлов cookie на Главной странице",
      "time" : {
        "start" : 1703187905823,
        "stop" : 1703187905850,
        "duration" : 27
      },
      "status" : "passed",
      "steps" : [ ],
      "attachments" : [ ],
      "parameters" : [ ],
      "stepsCount" : 0,
      "attachmentsCount" : 0,
      "shouldDisplayMessage" : false,
      "hasContent" : false
    } ],
    "attachments" : [ ],
    "parameters" : [ ],
    "stepsCount" : 1,
    "attachmentsCount" : 0,
    "shouldDisplayMessage" : false,
    "hasContent" : true
  }, {
    "name" : "_session_faker",
    "time" : {
      "start" : 1703187213409,
      "stop" : 1703187213483,
      "duration" : 74
    },
    "status" : "passed",
    "steps" : [ ],
    "attachments" : [ ],
    "parameters" : [ ],
    "stepsCount" : 0,
    "attachmentsCount" : 0,
    "shouldDisplayMessage" : false,
    "hasContent" : false
  }, {
    "name" : "driver",
    "time" : {
      "start" : 1703187903277,
      "stop" : 1703187903941,
      "duration" : 664
    },
    "status" : "passed",
    "steps" : [ ],
    "attachments" : [ ],
    "parameters" : [ ],
    "stepsCount" : 0,
    "attachmentsCount" : 0,
    "shouldDisplayMessage" : false,
    "hasContent" : false
  }, {
    "name" : "clear_allure_results_folder",
    "time" : {
      "start" : 1703187213483,
      "stop" : 1703187213483,
      "duration" : 0
    },
    "status" : "passed",
    "steps" : [ ],
    "attachments" : [ ],
    "parameters" : [ ],
    "stepsCount" : 0,
    "attachmentsCount" : 0,
    "shouldDisplayMessage" : false,
    "hasContent" : false
  } ],
  "testStage" : {
    "status" : "broken",
    "statusMessage" : "selenium.common.exceptions.TimeoutException: Message: \nStacktrace:\n#0 0x5631e2fbed33 <unknown>\n#1 0x5631e2c7bf87 <unknown>\n#2 0x5631e2ccbc0e <unknown>\n#3 0x5631e2ccbd11 <unknown>\n#4 0x5631e2d17004 <unknown>\n#5 0x5631e2cf536d <unknown>\n#6 0x5631e2d14297 <unknown>\n#7 0x5631e2cf50e3 <unknown>\n#8 0x5631e2cbd044 <unknown>\n#9 0x5631e2cbe44e <unknown>\n#10 0x5631e2f83861 <unknown>\n#11 0x5631e2f87785 <unknown>\n#12 0x5631e2f71285 <unknown>\n#13 0x5631e2f8841f <unknown>\n#14 0x5631e2f5520f <unknown>\n#15 0x5631e2fac028 <unknown>\n#16 0x5631e2fac1f7 <unknown>\n#17 0x5631e2fbded4 <unknown>\n#18 0x7f9108294ac3 <unknown>",
    "statusTrace" : "self = <tests.test_main_page.test_main_page.TestMainPage object at 0x7f4f7d009690>\nmain_page_open = <pages.main_page.MainPage object at 0x7f4f7de37a10>\ncss_property = 'color', figma = 'rgba(16, 16, 18, 1)', name = 'цвета шрифта'\n\n    @pytest.mark.parametrize('css_property, figma, name', main.CHECK_TEXT)\n    @pytest.mark.regress\n    def test_get_css_property_body_main_subtitle(self, main_page_open, css_property, figma, name):\n        allure.dynamic.title(f\"Проверка {name} элемента '{self.main.ONE_APP}' в футере\")\n>       element = main_page_open.get_body_main_subtitle()\n\ntests/test_main_page/test_main_page.py:114: \n_ _ _ _ _ _ _ _ _ _ _ _ _ _ _ _ _ _ _ _ _ _ _ _ _ _ _ _ _ _ _ _ _ _ _ _ _ _ _ _ \npages/main_page.py:64: in get_body_main_subtitle\n    return self.element_is_visible(self.locator.MAIN_SUBTITLE)\npages/base_page.py:19: in element_is_visible\n    self.go_to_element(self.element_is_present(locator))\npages/base_page.py:35: in element_is_present\n    return Wait(self.driver, self.timeout).until(es.presence_of_element_located(locator))\n_ _ _ _ _ _ _ _ _ _ _ _ _ _ _ _ _ _ _ _ _ _ _ _ _ _ _ _ _ _ _ _ _ _ _ _ _ _ _ _ \n\nself = <selenium.webdriver.support.wait.WebDriverWait (session=\"92b5339cc41dc50a1b5dab69d5f9275b\")>\nmethod = <function presence_of_element_located.<locals>._predicate at 0x7f4f7dd271a0>\nmessage = ''\n\n    def until(self, method, message: str = \"\"):\n        \"\"\"Calls the method provided with the driver as an argument until the \\\n        return value does not evaluate to ``False``.\n    \n        :param method: callable(WebDriver)\n        :param message: optional message for :exc:`TimeoutException`\n        :returns: the result of the last call to `method`\n        :raises: :exc:`selenium.common.exceptions.TimeoutException` if timeout occurs\n        \"\"\"\n        screen = None\n        stacktrace = None\n    \n        end_time = time.monotonic() + self._timeout\n        while True:\n            try:\n                value = method(self._driver)\n                if value:\n                    return value\n            except self._ignored_exceptions as exc:\n                screen = getattr(exc, \"screen\", None)\n                stacktrace = getattr(exc, \"stacktrace\", None)\n            time.sleep(self._poll)\n            if time.monotonic() > end_time:\n                break\n>       raise TimeoutException(message, screen, stacktrace)\nE       selenium.common.exceptions.TimeoutException: Message: \nE       Stacktrace:\nE       #0 0x5631e2fbed33 <unknown>\nE       #1 0x5631e2c7bf87 <unknown>\nE       #2 0x5631e2ccbc0e <unknown>\nE       #3 0x5631e2ccbd11 <unknown>\nE       #4 0x5631e2d17004 <unknown>\nE       #5 0x5631e2cf536d <unknown>\nE       #6 0x5631e2d14297 <unknown>\nE       #7 0x5631e2cf50e3 <unknown>\nE       #8 0x5631e2cbd044 <unknown>\nE       #9 0x5631e2cbe44e <unknown>\nE       #10 0x5631e2f83861 <unknown>\nE       #11 0x5631e2f87785 <unknown>\nE       #12 0x5631e2f71285 <unknown>\nE       #13 0x5631e2f8841f <unknown>\nE       #14 0x5631e2f5520f <unknown>\nE       #15 0x5631e2fac028 <unknown>\nE       #16 0x5631e2fac1f7 <unknown>\nE       #17 0x5631e2fbded4 <unknown>\nE       #18 0x7f9108294ac3 <unknown>\n\n/opt/hostedtoolcache/Python/3.11.7/x64/lib/python3.11/site-packages/selenium/webdriver/support/wait.py:95: TimeoutException",
    "steps" : [ {
      "name" : "Проверка видимости надписи 'Одно приложениe для решения всех Ваших задач!' на Главной странице",
      "time" : {
        "start" : 1703187905878,
        "stop" : 1703187926245,
        "duration" : 20367
      },
      "status" : "broken",
      "statusMessage" : "selenium.common.exceptions.TimeoutException: Message: \nStacktrace:\n#0 0x5631e2fbed33 <unknown>\n#1 0x5631e2c7bf87 <unknown>\n#2 0x5631e2ccbc0e <unknown>\n#3 0x5631e2ccbd11 <unknown>\n#4 0x5631e2d17004 <unknown>\n#5 0x5631e2cf536d <unknown>\n#6 0x5631e2d14297 <unknown>\n#7 0x5631e2cf50e3 <unknown>\n#8 0x5631e2cbd044 <unknown>\n#9 0x5631e2cbe44e <unknown>\n#10 0x5631e2f83861 <unknown>\n#11 0x5631e2f87785 <unknown>\n#12 0x5631e2f71285 <unknown>\n#13 0x5631e2f8841f <unknown>\n#14 0x5631e2f5520f <unknown>\n#15 0x5631e2fac028 <unknown>\n#16 0x5631e2fac1f7 <unknown>\n#17 0x5631e2fbded4 <unknown>\n#18 0x7f9108294ac3 <unknown>\n\n",
      "statusTrace" : "  File \"/opt/hostedtoolcache/Python/3.11.7/x64/lib/python3.11/site-packages/allure_commons/_allure.py\", line 192, in impl\n    return func(*a, **kw)\n           ^^^^^^^^^^^^^^\n  File \"/home/runner/work/PulseWave/PulseWave/pages/main_page.py\", line 64, in get_body_main_subtitle\n    return self.element_is_visible(self.locator.MAIN_SUBTITLE)\n           ^^^^^^^^^^^^^^^^^^^^^^^^^^^^^^^^^^^^^^^^^^^^^^^^^^^\n  File \"/home/runner/work/PulseWave/PulseWave/pages/base_page.py\", line 19, in element_is_visible\n    self.go_to_element(self.element_is_present(locator))\n                       ^^^^^^^^^^^^^^^^^^^^^^^^^^^^^^^^\n  File \"/home/runner/work/PulseWave/PulseWave/pages/base_page.py\", line 35, in element_is_present\n    return Wait(self.driver, self.timeout).until(es.presence_of_element_located(locator))\n           ^^^^^^^^^^^^^^^^^^^^^^^^^^^^^^^^^^^^^^^^^^^^^^^^^^^^^^^^^^^^^^^^^^^^^^^^^^^^^^\n  File \"/opt/hostedtoolcache/Python/3.11.7/x64/lib/python3.11/site-packages/selenium/webdriver/support/wait.py\", line 95, in until\n    raise TimeoutException(message, screen, stacktrace)\n",
      "steps" : [ ],
      "attachments" : [ ],
      "parameters" : [ ],
      "stepsCount" : 0,
      "attachmentsCount" : 0,
      "shouldDisplayMessage" : true,
      "hasContent" : true
    } ],
    "attachments" : [ {
      "name" : "Screenshot",
      "type" : "image/png",
      "size" : 0
    } ],
    "parameters" : [ ],
    "stepsCount" : 1,
    "attachmentsCount" : 1,
    "shouldDisplayMessage" : true,
    "hasContent" : true
  },
  "afterStages" : [ {
    "name" : "driver::0",
    "time" : {
      "start" : 1703187926302,
      "stop" : 1703187926359,
      "duration" : 57
    },
    "status" : "passed",
    "steps" : [ ],
    "attachments" : [ ],
    "parameters" : [ ],
    "stepsCount" : 0,
    "attachmentsCount" : 0,
    "shouldDisplayMessage" : false,
    "hasContent" : false
  } ],
  "labels" : [ {
    "name" : "epic",
    "value" : "Тестирование Главной страницы"
  }, {
    "name" : "tag",
    "value" : "regress"
  }, {
    "name" : "parentSuite",
    "value" : "tests.test_main_page"
  }, {
    "name" : "suite",
    "value" : "test_main_page"
  }, {
    "name" : "subSuite",
    "value" : "TestMainPage"
  }, {
    "name" : "host",
    "value" : "fv-az1429-131"
  }, {
    "name" : "thread",
    "value" : "2194-MainThread"
  }, {
    "name" : "framework",
    "value" : "pytest"
  }, {
    "name" : "language",
    "value" : "cpython3"
  }, {
    "name" : "package",
    "value" : "tests.test_main_page.test_main_page"
  }, {
    "name" : "resultFormat",
    "value" : "allure2"
  } ],
  "parameters" : [ {
    "name" : "css_property",
    "value" : "'color'"
  }, {
    "name" : "figma",
    "value" : "'rgba(16, 16, 18, 1)'"
  }, {
    "name" : "name",
    "value" : "'цвета шрифта'"
  } ],
  "links" : [ ],
  "hidden" : false,
  "retry" : false,
  "extra" : {
    "severity" : "normal",
    "retries" : [ ],
    "categories" : [ {
      "name" : "Test defects",
      "matchedStatuses" : [ ],
      "flaky" : false
    } ],
    "tags" : [ "regress" ]
  },
  "source" : "1681d1c1b2d580a5.json",
  "parameterValues" : [ "'color'", "'rgba(16, 16, 18, 1)'", "'цвета шрифта'" ]
}