{
  "uid" : "867b4a9f4781dc07",
  "name" : "Проверка размера шрифта элемента 'Удобный и понятный интерфейс!' в футере",
  "fullName" : "tests.test_main_page.test_main_page.TestMainPage#test_get_css_property_body_useful_interface",
  "historyId" : "d52c2e714bb1bb9489197f445415f772",
  "time" : {
    "start" : 1703187605524,
    "stop" : 1703187625922,
    "duration" : 20398
  },
  "status" : "broken",
  "statusMessage" : "selenium.common.exceptions.TimeoutException: Message: \nStacktrace:\n#0 0x55d76ff15d33 <unknown>\n#1 0x55d76fbd2f87 <unknown>\n#2 0x55d76fc22c0e <unknown>\n#3 0x55d76fc22d11 <unknown>\n#4 0x55d76fc6e004 <unknown>\n#5 0x55d76fc4c36d <unknown>\n#6 0x55d76fc6b297 <unknown>\n#7 0x55d76fc4c0e3 <unknown>\n#8 0x55d76fc14044 <unknown>\n#9 0x55d76fc1544e <unknown>\n#10 0x55d76feda861 <unknown>\n#11 0x55d76fede785 <unknown>\n#12 0x55d76fec8285 <unknown>\n#13 0x55d76fedf41f <unknown>\n#14 0x55d76feac20f <unknown>\n#15 0x55d76ff03028 <unknown>\n#16 0x55d76ff031f7 <unknown>\n#17 0x55d76ff14ed4 <unknown>\n#18 0x7f8d7d294ac3 <unknown>",
  "statusTrace" : "self = <tests.test_main_page.test_main_page.TestMainPage object at 0x7f4f7cf7c790>\nmain_page_open = <pages.main_page.MainPage object at 0x7f4f7deed010>\ncss_property = 'font-size', figma = '16px', name = 'размера шрифта'\n\n    @pytest.mark.parametrize('css_property, figma, name', main.CHECK_TEXT)\n    @pytest.mark.regress\n    def test_get_css_property_body_useful_interface(self, main_page_open, css_property, figma, name):\n        allure.dynamic.title(f\"Проверка {name} элемента '{self.main.USEFUL_INTERFACE}' в футере\")\n>       element = main_page_open.get_body_useful_interface()\n\ntests/test_main_page/test_main_page.py:80: \n_ _ _ _ _ _ _ _ _ _ _ _ _ _ _ _ _ _ _ _ _ _ _ _ _ _ _ _ _ _ _ _ _ _ _ _ _ _ _ _ \npages/main_page.py:48: in get_body_useful_interface\n    return self.element_is_visible(self.locator.USERFUL_INTERFACE)\npages/base_page.py:19: in element_is_visible\n    self.go_to_element(self.element_is_present(locator))\npages/base_page.py:35: in element_is_present\n    return Wait(self.driver, self.timeout).until(es.presence_of_element_located(locator))\n_ _ _ _ _ _ _ _ _ _ _ _ _ _ _ _ _ _ _ _ _ _ _ _ _ _ _ _ _ _ _ _ _ _ _ _ _ _ _ _ \n\nself = <selenium.webdriver.support.wait.WebDriverWait (session=\"e0950a2609406508d828dd291c40c529\")>\nmethod = <function presence_of_element_located.<locals>._predicate at 0x7f4f7dd24fe0>\nmessage = ''\n\n    def until(self, method, message: str = \"\"):\n        \"\"\"Calls the method provided with the driver as an argument until the \\\n        return value does not evaluate to ``False``.\n    \n        :param method: callable(WebDriver)\n        :param message: optional message for :exc:`TimeoutException`\n        :returns: the result of the last call to `method`\n        :raises: :exc:`selenium.common.exceptions.TimeoutException` if timeout occurs\n        \"\"\"\n        screen = None\n        stacktrace = None\n    \n        end_time = time.monotonic() + self._timeout\n        while True:\n            try:\n                value = method(self._driver)\n                if value:\n                    return value\n            except self._ignored_exceptions as exc:\n                screen = getattr(exc, \"screen\", None)\n                stacktrace = getattr(exc, \"stacktrace\", None)\n            time.sleep(self._poll)\n            if time.monotonic() > end_time:\n                break\n>       raise TimeoutException(message, screen, stacktrace)\nE       selenium.common.exceptions.TimeoutException: Message: \nE       Stacktrace:\nE       #0 0x55d76ff15d33 <unknown>\nE       #1 0x55d76fbd2f87 <unknown>\nE       #2 0x55d76fc22c0e <unknown>\nE       #3 0x55d76fc22d11 <unknown>\nE       #4 0x55d76fc6e004 <unknown>\nE       #5 0x55d76fc4c36d <unknown>\nE       #6 0x55d76fc6b297 <unknown>\nE       #7 0x55d76fc4c0e3 <unknown>\nE       #8 0x55d76fc14044 <unknown>\nE       #9 0x55d76fc1544e <unknown>\nE       #10 0x55d76feda861 <unknown>\nE       #11 0x55d76fede785 <unknown>\nE       #12 0x55d76fec8285 <unknown>\nE       #13 0x55d76fedf41f <unknown>\nE       #14 0x55d76feac20f <unknown>\nE       #15 0x55d76ff03028 <unknown>\nE       #16 0x55d76ff031f7 <unknown>\nE       #17 0x55d76ff14ed4 <unknown>\nE       #18 0x7f8d7d294ac3 <unknown>\n\n/opt/hostedtoolcache/Python/3.11.7/x64/lib/python3.11/site-packages/selenium/webdriver/support/wait.py:95: TimeoutException",
  "flaky" : false,
  "newFailed" : false,
  "beforeStages" : [ {
    "name" : "main_page_open",
    "time" : {
      "start" : 1703187603572,
      "stop" : 1703187605523,
      "duration" : 1951
    },
    "status" : "passed",
    "steps" : [ {
      "name" : "Проверка видимости кнопки 'Принимаю всё' в сообщении о принятии файлов cookie на Главной странице",
      "time" : {
        "start" : 1703187605470,
        "stop" : 1703187605496,
        "duration" : 26
      },
      "status" : "passed",
      "steps" : [ ],
      "attachments" : [ ],
      "parameters" : [ ],
      "stepsCount" : 0,
      "attachmentsCount" : 0,
      "shouldDisplayMessage" : false,
      "hasContent" : false
    } ],
    "attachments" : [ ],
    "parameters" : [ ],
    "stepsCount" : 1,
    "attachmentsCount" : 0,
    "shouldDisplayMessage" : false,
    "hasContent" : true
  }, {
    "name" : "_session_faker",
    "time" : {
      "start" : 1703187213409,
      "stop" : 1703187213483,
      "duration" : 74
    },
    "status" : "passed",
    "steps" : [ ],
    "attachments" : [ ],
    "parameters" : [ ],
    "stepsCount" : 0,
    "attachmentsCount" : 0,
    "shouldDisplayMessage" : false,
    "hasContent" : false
  }, {
    "name" : "clear_allure_results_folder",
    "time" : {
      "start" : 1703187213483,
      "stop" : 1703187213483,
      "duration" : 0
    },
    "status" : "passed",
    "steps" : [ ],
    "attachments" : [ ],
    "parameters" : [ ],
    "stepsCount" : 0,
    "attachmentsCount" : 0,
    "shouldDisplayMessage" : false,
    "hasContent" : false
  }, {
    "name" : "driver",
    "time" : {
      "start" : 1703187602906,
      "stop" : 1703187603572,
      "duration" : 666
    },
    "status" : "passed",
    "steps" : [ ],
    "attachments" : [ ],
    "parameters" : [ ],
    "stepsCount" : 0,
    "attachmentsCount" : 0,
    "shouldDisplayMessage" : false,
    "hasContent" : false
  } ],
  "testStage" : {
    "status" : "broken",
    "statusMessage" : "selenium.common.exceptions.TimeoutException: Message: \nStacktrace:\n#0 0x55d76ff15d33 <unknown>\n#1 0x55d76fbd2f87 <unknown>\n#2 0x55d76fc22c0e <unknown>\n#3 0x55d76fc22d11 <unknown>\n#4 0x55d76fc6e004 <unknown>\n#5 0x55d76fc4c36d <unknown>\n#6 0x55d76fc6b297 <unknown>\n#7 0x55d76fc4c0e3 <unknown>\n#8 0x55d76fc14044 <unknown>\n#9 0x55d76fc1544e <unknown>\n#10 0x55d76feda861 <unknown>\n#11 0x55d76fede785 <unknown>\n#12 0x55d76fec8285 <unknown>\n#13 0x55d76fedf41f <unknown>\n#14 0x55d76feac20f <unknown>\n#15 0x55d76ff03028 <unknown>\n#16 0x55d76ff031f7 <unknown>\n#17 0x55d76ff14ed4 <unknown>\n#18 0x7f8d7d294ac3 <unknown>",
    "statusTrace" : "self = <tests.test_main_page.test_main_page.TestMainPage object at 0x7f4f7cf7c790>\nmain_page_open = <pages.main_page.MainPage object at 0x7f4f7deed010>\ncss_property = 'font-size', figma = '16px', name = 'размера шрифта'\n\n    @pytest.mark.parametrize('css_property, figma, name', main.CHECK_TEXT)\n    @pytest.mark.regress\n    def test_get_css_property_body_useful_interface(self, main_page_open, css_property, figma, name):\n        allure.dynamic.title(f\"Проверка {name} элемента '{self.main.USEFUL_INTERFACE}' в футере\")\n>       element = main_page_open.get_body_useful_interface()\n\ntests/test_main_page/test_main_page.py:80: \n_ _ _ _ _ _ _ _ _ _ _ _ _ _ _ _ _ _ _ _ _ _ _ _ _ _ _ _ _ _ _ _ _ _ _ _ _ _ _ _ \npages/main_page.py:48: in get_body_useful_interface\n    return self.element_is_visible(self.locator.USERFUL_INTERFACE)\npages/base_page.py:19: in element_is_visible\n    self.go_to_element(self.element_is_present(locator))\npages/base_page.py:35: in element_is_present\n    return Wait(self.driver, self.timeout).until(es.presence_of_element_located(locator))\n_ _ _ _ _ _ _ _ _ _ _ _ _ _ _ _ _ _ _ _ _ _ _ _ _ _ _ _ _ _ _ _ _ _ _ _ _ _ _ _ \n\nself = <selenium.webdriver.support.wait.WebDriverWait (session=\"e0950a2609406508d828dd291c40c529\")>\nmethod = <function presence_of_element_located.<locals>._predicate at 0x7f4f7dd24fe0>\nmessage = ''\n\n    def until(self, method, message: str = \"\"):\n        \"\"\"Calls the method provided with the driver as an argument until the \\\n        return value does not evaluate to ``False``.\n    \n        :param method: callable(WebDriver)\n        :param message: optional message for :exc:`TimeoutException`\n        :returns: the result of the last call to `method`\n        :raises: :exc:`selenium.common.exceptions.TimeoutException` if timeout occurs\n        \"\"\"\n        screen = None\n        stacktrace = None\n    \n        end_time = time.monotonic() + self._timeout\n        while True:\n            try:\n                value = method(self._driver)\n                if value:\n                    return value\n            except self._ignored_exceptions as exc:\n                screen = getattr(exc, \"screen\", None)\n                stacktrace = getattr(exc, \"stacktrace\", None)\n            time.sleep(self._poll)\n            if time.monotonic() > end_time:\n                break\n>       raise TimeoutException(message, screen, stacktrace)\nE       selenium.common.exceptions.TimeoutException: Message: \nE       Stacktrace:\nE       #0 0x55d76ff15d33 <unknown>\nE       #1 0x55d76fbd2f87 <unknown>\nE       #2 0x55d76fc22c0e <unknown>\nE       #3 0x55d76fc22d11 <unknown>\nE       #4 0x55d76fc6e004 <unknown>\nE       #5 0x55d76fc4c36d <unknown>\nE       #6 0x55d76fc6b297 <unknown>\nE       #7 0x55d76fc4c0e3 <unknown>\nE       #8 0x55d76fc14044 <unknown>\nE       #9 0x55d76fc1544e <unknown>\nE       #10 0x55d76feda861 <unknown>\nE       #11 0x55d76fede785 <unknown>\nE       #12 0x55d76fec8285 <unknown>\nE       #13 0x55d76fedf41f <unknown>\nE       #14 0x55d76feac20f <unknown>\nE       #15 0x55d76ff03028 <unknown>\nE       #16 0x55d76ff031f7 <unknown>\nE       #17 0x55d76ff14ed4 <unknown>\nE       #18 0x7f8d7d294ac3 <unknown>\n\n/opt/hostedtoolcache/Python/3.11.7/x64/lib/python3.11/site-packages/selenium/webdriver/support/wait.py:95: TimeoutException",
    "steps" : [ {
      "name" : "Проверка видимости надписи 'Удобный и понятный интерфейс!' на Главной странице",
      "time" : {
        "start" : 1703187605524,
        "stop" : 1703187625921,
        "duration" : 20397
      },
      "status" : "broken",
      "statusMessage" : "selenium.common.exceptions.TimeoutException: Message: \nStacktrace:\n#0 0x55d76ff15d33 <unknown>\n#1 0x55d76fbd2f87 <unknown>\n#2 0x55d76fc22c0e <unknown>\n#3 0x55d76fc22d11 <unknown>\n#4 0x55d76fc6e004 <unknown>\n#5 0x55d76fc4c36d <unknown>\n#6 0x55d76fc6b297 <unknown>\n#7 0x55d76fc4c0e3 <unknown>\n#8 0x55d76fc14044 <unknown>\n#9 0x55d76fc1544e <unknown>\n#10 0x55d76feda861 <unknown>\n#11 0x55d76fede785 <unknown>\n#12 0x55d76fec8285 <unknown>\n#13 0x55d76fedf41f <unknown>\n#14 0x55d76feac20f <unknown>\n#15 0x55d76ff03028 <unknown>\n#16 0x55d76ff031f7 <unknown>\n#17 0x55d76ff14ed4 <unknown>\n#18 0x7f8d7d294ac3 <unknown>\n\n",
      "statusTrace" : "  File \"/opt/hostedtoolcache/Python/3.11.7/x64/lib/python3.11/site-packages/allure_commons/_allure.py\", line 192, in impl\n    return func(*a, **kw)\n           ^^^^^^^^^^^^^^\n  File \"/home/runner/work/PulseWave/PulseWave/pages/main_page.py\", line 48, in get_body_useful_interface\n    return self.element_is_visible(self.locator.USERFUL_INTERFACE)\n           ^^^^^^^^^^^^^^^^^^^^^^^^^^^^^^^^^^^^^^^^^^^^^^^^^^^^^^^\n  File \"/home/runner/work/PulseWave/PulseWave/pages/base_page.py\", line 19, in element_is_visible\n    self.go_to_element(self.element_is_present(locator))\n                       ^^^^^^^^^^^^^^^^^^^^^^^^^^^^^^^^\n  File \"/home/runner/work/PulseWave/PulseWave/pages/base_page.py\", line 35, in element_is_present\n    return Wait(self.driver, self.timeout).until(es.presence_of_element_located(locator))\n           ^^^^^^^^^^^^^^^^^^^^^^^^^^^^^^^^^^^^^^^^^^^^^^^^^^^^^^^^^^^^^^^^^^^^^^^^^^^^^^\n  File \"/opt/hostedtoolcache/Python/3.11.7/x64/lib/python3.11/site-packages/selenium/webdriver/support/wait.py\", line 95, in until\n    raise TimeoutException(message, screen, stacktrace)\n",
      "steps" : [ ],
      "attachments" : [ ],
      "parameters" : [ ],
      "stepsCount" : 0,
      "attachmentsCount" : 0,
      "shouldDisplayMessage" : true,
      "hasContent" : true
    } ],
    "attachments" : [ {
      "name" : "Screenshot",
      "type" : "image/png",
      "size" : 0
    } ],
    "parameters" : [ ],
    "stepsCount" : 1,
    "attachmentsCount" : 1,
    "shouldDisplayMessage" : true,
    "hasContent" : true
  },
  "afterStages" : [ {
    "name" : "driver::0",
    "time" : {
      "start" : 1703187625982,
      "stop" : 1703187626039,
      "duration" : 57
    },
    "status" : "passed",
    "steps" : [ ],
    "attachments" : [ ],
    "parameters" : [ ],
    "stepsCount" : 0,
    "attachmentsCount" : 0,
    "shouldDisplayMessage" : false,
    "hasContent" : false
  } ],
  "labels" : [ {
    "name" : "epic",
    "value" : "Тестирование Главной страницы"
  }, {
    "name" : "tag",
    "value" : "regress"
  }, {
    "name" : "parentSuite",
    "value" : "tests.test_main_page"
  }, {
    "name" : "suite",
    "value" : "test_main_page"
  }, {
    "name" : "subSuite",
    "value" : "TestMainPage"
  }, {
    "name" : "host",
    "value" : "fv-az1429-131"
  }, {
    "name" : "thread",
    "value" : "2194-MainThread"
  }, {
    "name" : "framework",
    "value" : "pytest"
  }, {
    "name" : "language",
    "value" : "cpython3"
  }, {
    "name" : "package",
    "value" : "tests.test_main_page.test_main_page"
  }, {
    "name" : "resultFormat",
    "value" : "allure2"
  } ],
  "parameters" : [ {
    "name" : "css_property",
    "value" : "'font-size'"
  }, {
    "name" : "figma",
    "value" : "'16px'"
  }, {
    "name" : "name",
    "value" : "'размера шрифта'"
  } ],
  "links" : [ ],
  "hidden" : false,
  "retry" : false,
  "extra" : {
    "severity" : "normal",
    "retries" : [ ],
    "categories" : [ {
      "name" : "Test defects",
      "matchedStatuses" : [ ],
      "flaky" : false
    } ],
    "tags" : [ "regress" ]
  },
  "source" : "867b4a9f4781dc07.json",
  "parameterValues" : [ "'font-size'", "'16px'", "'размера шрифта'" ]
}