{
  "uid" : "b7464ac299d48466",
  "name" : "Проверка шрифта элемента 'Неограниченный функционал, понятный интерфейс и большое количество возможностей\nпомогут Вам улучшить рабочий процесс.' в футере",
  "fullName" : "tests.test_main_page.test_main_page.TestMainPage#test_get_css_property_body_main_descr",
  "historyId" : "5e6e393fe7ed1525d33cadd8c869e886",
  "time" : {
    "start" : 1703187859727,
    "stop" : 1703187880088,
    "duration" : 20361
  },
  "status" : "broken",
  "statusMessage" : "selenium.common.exceptions.TimeoutException: Message: \nStacktrace:\n#0 0x561fb7ccfd33 <unknown>\n#1 0x561fb798cf87 <unknown>\n#2 0x561fb79dcc0e <unknown>\n#3 0x561fb79dcd11 <unknown>\n#4 0x561fb7a28004 <unknown>\n#5 0x561fb7a0636d <unknown>\n#6 0x561fb7a25297 <unknown>\n#7 0x561fb7a060e3 <unknown>\n#8 0x561fb79ce044 <unknown>\n#9 0x561fb79cf44e <unknown>\n#10 0x561fb7c94861 <unknown>\n#11 0x561fb7c98785 <unknown>\n#12 0x561fb7c82285 <unknown>\n#13 0x561fb7c9941f <unknown>\n#14 0x561fb7c6620f <unknown>\n#15 0x561fb7cbd028 <unknown>\n#16 0x561fb7cbd1f7 <unknown>\n#17 0x561fb7cceed4 <unknown>\n#18 0x7f0047894ac3 <unknown>",
  "statusTrace" : "self = <tests.test_main_page.test_main_page.TestMainPage object at 0x7f4f7cf90cd0>\nmain_page_open = <pages.main_page.MainPage object at 0x7f4f7bd55d90>\ncss_property = 'font-family', figma = 'Mulish, sans-serif', name = 'шрифта'\n\n    @pytest.mark.parametrize('css_property, figma, name', main.CHECK_TEXT)\n    @pytest.mark.regress\n    def test_get_css_property_body_main_descr(self, main_page_open, css_property, figma, name):\n        allure.dynamic.title(f\"Проверка {name} элемента '{self.main.FULL_FUNCTIONALITY}' в футере\")\n>       element = main_page_open.get_body_main_descr()\n\ntests/test_main_page/test_main_page.py:105: \n_ _ _ _ _ _ _ _ _ _ _ _ _ _ _ _ _ _ _ _ _ _ _ _ _ _ _ _ _ _ _ _ _ _ _ _ _ _ _ _ \npages/main_page.py:60: in get_body_main_descr\n    return self.element_is_visible(self.locator.MAIN_DESCR)\npages/base_page.py:19: in element_is_visible\n    self.go_to_element(self.element_is_present(locator))\npages/base_page.py:35: in element_is_present\n    return Wait(self.driver, self.timeout).until(es.presence_of_element_located(locator))\n_ _ _ _ _ _ _ _ _ _ _ _ _ _ _ _ _ _ _ _ _ _ _ _ _ _ _ _ _ _ _ _ _ _ _ _ _ _ _ _ \n\nself = <selenium.webdriver.support.wait.WebDriverWait (session=\"394ca377451bb7b5f1eee71da1774f12\")>\nmethod = <function presence_of_element_located.<locals>._predicate at 0x7f4f7dd277e0>\nmessage = ''\n\n    def until(self, method, message: str = \"\"):\n        \"\"\"Calls the method provided with the driver as an argument until the \\\n        return value does not evaluate to ``False``.\n    \n        :param method: callable(WebDriver)\n        :param message: optional message for :exc:`TimeoutException`\n        :returns: the result of the last call to `method`\n        :raises: :exc:`selenium.common.exceptions.TimeoutException` if timeout occurs\n        \"\"\"\n        screen = None\n        stacktrace = None\n    \n        end_time = time.monotonic() + self._timeout\n        while True:\n            try:\n                value = method(self._driver)\n                if value:\n                    return value\n            except self._ignored_exceptions as exc:\n                screen = getattr(exc, \"screen\", None)\n                stacktrace = getattr(exc, \"stacktrace\", None)\n            time.sleep(self._poll)\n            if time.monotonic() > end_time:\n                break\n>       raise TimeoutException(message, screen, stacktrace)\nE       selenium.common.exceptions.TimeoutException: Message: \nE       Stacktrace:\nE       #0 0x561fb7ccfd33 <unknown>\nE       #1 0x561fb798cf87 <unknown>\nE       #2 0x561fb79dcc0e <unknown>\nE       #3 0x561fb79dcd11 <unknown>\nE       #4 0x561fb7a28004 <unknown>\nE       #5 0x561fb7a0636d <unknown>\nE       #6 0x561fb7a25297 <unknown>\nE       #7 0x561fb7a060e3 <unknown>\nE       #8 0x561fb79ce044 <unknown>\nE       #9 0x561fb79cf44e <unknown>\nE       #10 0x561fb7c94861 <unknown>\nE       #11 0x561fb7c98785 <unknown>\nE       #12 0x561fb7c82285 <unknown>\nE       #13 0x561fb7c9941f <unknown>\nE       #14 0x561fb7c6620f <unknown>\nE       #15 0x561fb7cbd028 <unknown>\nE       #16 0x561fb7cbd1f7 <unknown>\nE       #17 0x561fb7cceed4 <unknown>\nE       #18 0x7f0047894ac3 <unknown>\n\n/opt/hostedtoolcache/Python/3.11.7/x64/lib/python3.11/site-packages/selenium/webdriver/support/wait.py:95: TimeoutException",
  "flaky" : false,
  "newFailed" : false,
  "beforeStages" : [ {
    "name" : "main_page_open",
    "time" : {
      "start" : 1703187857794,
      "stop" : 1703187859727,
      "duration" : 1933
    },
    "status" : "passed",
    "steps" : [ {
      "name" : "Проверка видимости кнопки 'Принимаю всё' в сообщении о принятии файлов cookie на Главной странице",
      "time" : {
        "start" : 1703187859673,
        "stop" : 1703187859700,
        "duration" : 27
      },
      "status" : "passed",
      "steps" : [ ],
      "attachments" : [ ],
      "parameters" : [ ],
      "stepsCount" : 0,
      "attachmentsCount" : 0,
      "shouldDisplayMessage" : false,
      "hasContent" : false
    } ],
    "attachments" : [ ],
    "parameters" : [ ],
    "stepsCount" : 1,
    "attachmentsCount" : 0,
    "shouldDisplayMessage" : false,
    "hasContent" : true
  }, {
    "name" : "_session_faker",
    "time" : {
      "start" : 1703187213409,
      "stop" : 1703187213483,
      "duration" : 74
    },
    "status" : "passed",
    "steps" : [ ],
    "attachments" : [ ],
    "parameters" : [ ],
    "stepsCount" : 0,
    "attachmentsCount" : 0,
    "shouldDisplayMessage" : false,
    "hasContent" : false
  }, {
    "name" : "clear_allure_results_folder",
    "time" : {
      "start" : 1703187213483,
      "stop" : 1703187213483,
      "duration" : 0
    },
    "status" : "passed",
    "steps" : [ ],
    "attachments" : [ ],
    "parameters" : [ ],
    "stepsCount" : 0,
    "attachmentsCount" : 0,
    "shouldDisplayMessage" : false,
    "hasContent" : false
  }, {
    "name" : "driver",
    "time" : {
      "start" : 1703187857129,
      "stop" : 1703187857794,
      "duration" : 665
    },
    "status" : "passed",
    "steps" : [ ],
    "attachments" : [ ],
    "parameters" : [ ],
    "stepsCount" : 0,
    "attachmentsCount" : 0,
    "shouldDisplayMessage" : false,
    "hasContent" : false
  } ],
  "testStage" : {
    "status" : "broken",
    "statusMessage" : "selenium.common.exceptions.TimeoutException: Message: \nStacktrace:\n#0 0x561fb7ccfd33 <unknown>\n#1 0x561fb798cf87 <unknown>\n#2 0x561fb79dcc0e <unknown>\n#3 0x561fb79dcd11 <unknown>\n#4 0x561fb7a28004 <unknown>\n#5 0x561fb7a0636d <unknown>\n#6 0x561fb7a25297 <unknown>\n#7 0x561fb7a060e3 <unknown>\n#8 0x561fb79ce044 <unknown>\n#9 0x561fb79cf44e <unknown>\n#10 0x561fb7c94861 <unknown>\n#11 0x561fb7c98785 <unknown>\n#12 0x561fb7c82285 <unknown>\n#13 0x561fb7c9941f <unknown>\n#14 0x561fb7c6620f <unknown>\n#15 0x561fb7cbd028 <unknown>\n#16 0x561fb7cbd1f7 <unknown>\n#17 0x561fb7cceed4 <unknown>\n#18 0x7f0047894ac3 <unknown>",
    "statusTrace" : "self = <tests.test_main_page.test_main_page.TestMainPage object at 0x7f4f7cf90cd0>\nmain_page_open = <pages.main_page.MainPage object at 0x7f4f7bd55d90>\ncss_property = 'font-family', figma = 'Mulish, sans-serif', name = 'шрифта'\n\n    @pytest.mark.parametrize('css_property, figma, name', main.CHECK_TEXT)\n    @pytest.mark.regress\n    def test_get_css_property_body_main_descr(self, main_page_open, css_property, figma, name):\n        allure.dynamic.title(f\"Проверка {name} элемента '{self.main.FULL_FUNCTIONALITY}' в футере\")\n>       element = main_page_open.get_body_main_descr()\n\ntests/test_main_page/test_main_page.py:105: \n_ _ _ _ _ _ _ _ _ _ _ _ _ _ _ _ _ _ _ _ _ _ _ _ _ _ _ _ _ _ _ _ _ _ _ _ _ _ _ _ \npages/main_page.py:60: in get_body_main_descr\n    return self.element_is_visible(self.locator.MAIN_DESCR)\npages/base_page.py:19: in element_is_visible\n    self.go_to_element(self.element_is_present(locator))\npages/base_page.py:35: in element_is_present\n    return Wait(self.driver, self.timeout).until(es.presence_of_element_located(locator))\n_ _ _ _ _ _ _ _ _ _ _ _ _ _ _ _ _ _ _ _ _ _ _ _ _ _ _ _ _ _ _ _ _ _ _ _ _ _ _ _ \n\nself = <selenium.webdriver.support.wait.WebDriverWait (session=\"394ca377451bb7b5f1eee71da1774f12\")>\nmethod = <function presence_of_element_located.<locals>._predicate at 0x7f4f7dd277e0>\nmessage = ''\n\n    def until(self, method, message: str = \"\"):\n        \"\"\"Calls the method provided with the driver as an argument until the \\\n        return value does not evaluate to ``False``.\n    \n        :param method: callable(WebDriver)\n        :param message: optional message for :exc:`TimeoutException`\n        :returns: the result of the last call to `method`\n        :raises: :exc:`selenium.common.exceptions.TimeoutException` if timeout occurs\n        \"\"\"\n        screen = None\n        stacktrace = None\n    \n        end_time = time.monotonic() + self._timeout\n        while True:\n            try:\n                value = method(self._driver)\n                if value:\n                    return value\n            except self._ignored_exceptions as exc:\n                screen = getattr(exc, \"screen\", None)\n                stacktrace = getattr(exc, \"stacktrace\", None)\n            time.sleep(self._poll)\n            if time.monotonic() > end_time:\n                break\n>       raise TimeoutException(message, screen, stacktrace)\nE       selenium.common.exceptions.TimeoutException: Message: \nE       Stacktrace:\nE       #0 0x561fb7ccfd33 <unknown>\nE       #1 0x561fb798cf87 <unknown>\nE       #2 0x561fb79dcc0e <unknown>\nE       #3 0x561fb79dcd11 <unknown>\nE       #4 0x561fb7a28004 <unknown>\nE       #5 0x561fb7a0636d <unknown>\nE       #6 0x561fb7a25297 <unknown>\nE       #7 0x561fb7a060e3 <unknown>\nE       #8 0x561fb79ce044 <unknown>\nE       #9 0x561fb79cf44e <unknown>\nE       #10 0x561fb7c94861 <unknown>\nE       #11 0x561fb7c98785 <unknown>\nE       #12 0x561fb7c82285 <unknown>\nE       #13 0x561fb7c9941f <unknown>\nE       #14 0x561fb7c6620f <unknown>\nE       #15 0x561fb7cbd028 <unknown>\nE       #16 0x561fb7cbd1f7 <unknown>\nE       #17 0x561fb7cceed4 <unknown>\nE       #18 0x7f0047894ac3 <unknown>\n\n/opt/hostedtoolcache/Python/3.11.7/x64/lib/python3.11/site-packages/selenium/webdriver/support/wait.py:95: TimeoutException",
    "steps" : [ {
      "name" : "Проверка видимости надписи 'Неограниченный функционал, понятный интерфейс и большое количество возможностей\nпомогут Вам улучшить рабочий процесс.' на Главной странице",
      "time" : {
        "start" : 1703187859728,
        "stop" : 1703187880088,
        "duration" : 20360
      },
      "status" : "broken",
      "statusMessage" : "selenium.common.exceptions.TimeoutException: Message: \nStacktrace:\n#0 0x561fb7ccfd33 <unknown>\n#1 0x561fb798cf87 <unknown>\n#2 0x561fb79dcc0e <unknown>\n#3 0x561fb79dcd11 <unknown>\n#4 0x561fb7a28004 <unknown>\n#5 0x561fb7a0636d <unknown>\n#6 0x561fb7a25297 <unknown>\n#7 0x561fb7a060e3 <unknown>\n#8 0x561fb79ce044 <unknown>\n#9 0x561fb79cf44e <unknown>\n#10 0x561fb7c94861 <unknown>\n#11 0x561fb7c98785 <unknown>\n#12 0x561fb7c82285 <unknown>\n#13 0x561fb7c9941f <unknown>\n#14 0x561fb7c6620f <unknown>\n#15 0x561fb7cbd028 <unknown>\n#16 0x561fb7cbd1f7 <unknown>\n#17 0x561fb7cceed4 <unknown>\n#18 0x7f0047894ac3 <unknown>\n\n",
      "statusTrace" : "  File \"/opt/hostedtoolcache/Python/3.11.7/x64/lib/python3.11/site-packages/allure_commons/_allure.py\", line 192, in impl\n    return func(*a, **kw)\n           ^^^^^^^^^^^^^^\n  File \"/home/runner/work/PulseWave/PulseWave/pages/main_page.py\", line 60, in get_body_main_descr\n    return self.element_is_visible(self.locator.MAIN_DESCR)\n           ^^^^^^^^^^^^^^^^^^^^^^^^^^^^^^^^^^^^^^^^^^^^^^^^\n  File \"/home/runner/work/PulseWave/PulseWave/pages/base_page.py\", line 19, in element_is_visible\n    self.go_to_element(self.element_is_present(locator))\n                       ^^^^^^^^^^^^^^^^^^^^^^^^^^^^^^^^\n  File \"/home/runner/work/PulseWave/PulseWave/pages/base_page.py\", line 35, in element_is_present\n    return Wait(self.driver, self.timeout).until(es.presence_of_element_located(locator))\n           ^^^^^^^^^^^^^^^^^^^^^^^^^^^^^^^^^^^^^^^^^^^^^^^^^^^^^^^^^^^^^^^^^^^^^^^^^^^^^^\n  File \"/opt/hostedtoolcache/Python/3.11.7/x64/lib/python3.11/site-packages/selenium/webdriver/support/wait.py\", line 95, in until\n    raise TimeoutException(message, screen, stacktrace)\n",
      "steps" : [ ],
      "attachments" : [ ],
      "parameters" : [ ],
      "stepsCount" : 0,
      "attachmentsCount" : 0,
      "shouldDisplayMessage" : true,
      "hasContent" : true
    } ],
    "attachments" : [ {
      "name" : "Screenshot",
      "type" : "image/png",
      "size" : 0
    } ],
    "parameters" : [ ],
    "stepsCount" : 1,
    "attachmentsCount" : 1,
    "shouldDisplayMessage" : true,
    "hasContent" : true
  },
  "afterStages" : [ {
    "name" : "driver::0",
    "time" : {
      "start" : 1703187880137,
      "stop" : 1703187880194,
      "duration" : 57
    },
    "status" : "passed",
    "steps" : [ ],
    "attachments" : [ ],
    "parameters" : [ ],
    "stepsCount" : 0,
    "attachmentsCount" : 0,
    "shouldDisplayMessage" : false,
    "hasContent" : false
  } ],
  "labels" : [ {
    "name" : "epic",
    "value" : "Тестирование Главной страницы"
  }, {
    "name" : "tag",
    "value" : "regress"
  }, {
    "name" : "parentSuite",
    "value" : "tests.test_main_page"
  }, {
    "name" : "suite",
    "value" : "test_main_page"
  }, {
    "name" : "subSuite",
    "value" : "TestMainPage"
  }, {
    "name" : "host",
    "value" : "fv-az1429-131"
  }, {
    "name" : "thread",
    "value" : "2194-MainThread"
  }, {
    "name" : "framework",
    "value" : "pytest"
  }, {
    "name" : "language",
    "value" : "cpython3"
  }, {
    "name" : "package",
    "value" : "tests.test_main_page.test_main_page"
  }, {
    "name" : "resultFormat",
    "value" : "allure2"
  } ],
  "parameters" : [ {
    "name" : "css_property",
    "value" : "'font-family'"
  }, {
    "name" : "figma",
    "value" : "'Mulish, sans-serif'"
  }, {
    "name" : "name",
    "value" : "'шрифта'"
  } ],
  "links" : [ ],
  "hidden" : false,
  "retry" : false,
  "extra" : {
    "severity" : "normal",
    "retries" : [ ],
    "categories" : [ {
      "name" : "Test defects",
      "matchedStatuses" : [ ],
      "flaky" : false
    } ],
    "tags" : [ "regress" ]
  },
  "source" : "b7464ac299d48466.json",
  "parameterValues" : [ "'font-family'", "'Mulish, sans-serif'", "'шрифта'" ]
}