{
  "uid" : "f66eca8de258152c",
  "name" : "Проверка шрифта элемента 'Самый высокий уровень бесперебойной работы!' в футере",
  "fullName" : "tests.test_main_page.test_main_page.TestMainPage#test_get_css_property_body_all_time",
  "historyId" : "d753a52362c005cd4687d9ec1128041c",
  "time" : {
    "start" : 1703187721104,
    "stop" : 1703187741499,
    "duration" : 20395
  },
  "status" : "broken",
  "statusMessage" : "selenium.common.exceptions.TimeoutException: Message: \nStacktrace:\n#0 0x55636291dd33 <unknown>\n#1 0x5563625daf87 <unknown>\n#2 0x55636262ac0e <unknown>\n#3 0x55636262ad11 <unknown>\n#4 0x556362676004 <unknown>\n#5 0x55636265436d <unknown>\n#6 0x556362673297 <unknown>\n#7 0x5563626540e3 <unknown>\n#8 0x55636261c044 <unknown>\n#9 0x55636261d44e <unknown>\n#10 0x5563628e2861 <unknown>\n#11 0x5563628e6785 <unknown>\n#12 0x5563628d0285 <unknown>\n#13 0x5563628e741f <unknown>\n#14 0x5563628b420f <unknown>\n#15 0x55636290b028 <unknown>\n#16 0x55636290b1f7 <unknown>\n#17 0x55636291ced4 <unknown>\n#18 0x7f34f2094ac3 <unknown>",
  "statusTrace" : "self = <tests.test_main_page.test_main_page.TestMainPage object at 0x7f4f7cf7dfd0>\nmain_page_open = <pages.main_page.MainPage object at 0x7f4f7dd34a50>\ncss_property = 'font-family', figma = 'Mulish, sans-serif', name = 'шрифта'\n\n    @pytest.mark.parametrize('css_property, figma, name', main.CHECK_TEXT)\n    @pytest.mark.regress\n    def test_get_css_property_body_all_time(self, main_page_open, css_property, figma, name):\n        allure.dynamic.title(f\"Проверка {name} элемента '{self.main.ALL_TIME}' в футере\")\n>       element = main_page_open.get_body_all_time()\n\ntests/test_main_page/test_main_page.py:89: \n_ _ _ _ _ _ _ _ _ _ _ _ _ _ _ _ _ _ _ _ _ _ _ _ _ _ _ _ _ _ _ _ _ _ _ _ _ _ _ _ \npages/main_page.py:52: in get_body_all_time\n    return self.element_is_visible(self.locator.ALL_TIME)\npages/base_page.py:19: in element_is_visible\n    self.go_to_element(self.element_is_present(locator))\npages/base_page.py:35: in element_is_present\n    return Wait(self.driver, self.timeout).until(es.presence_of_element_located(locator))\n_ _ _ _ _ _ _ _ _ _ _ _ _ _ _ _ _ _ _ _ _ _ _ _ _ _ _ _ _ _ _ _ _ _ _ _ _ _ _ _ \n\nself = <selenium.webdriver.support.wait.WebDriverWait (session=\"f59fd8ce05876bfe0ebc53b938e66e49\")>\nmethod = <function presence_of_element_located.<locals>._predicate at 0x7f4f7dd271a0>\nmessage = ''\n\n    def until(self, method, message: str = \"\"):\n        \"\"\"Calls the method provided with the driver as an argument until the \\\n        return value does not evaluate to ``False``.\n    \n        :param method: callable(WebDriver)\n        :param message: optional message for :exc:`TimeoutException`\n        :returns: the result of the last call to `method`\n        :raises: :exc:`selenium.common.exceptions.TimeoutException` if timeout occurs\n        \"\"\"\n        screen = None\n        stacktrace = None\n    \n        end_time = time.monotonic() + self._timeout\n        while True:\n            try:\n                value = method(self._driver)\n                if value:\n                    return value\n            except self._ignored_exceptions as exc:\n                screen = getattr(exc, \"screen\", None)\n                stacktrace = getattr(exc, \"stacktrace\", None)\n            time.sleep(self._poll)\n            if time.monotonic() > end_time:\n                break\n>       raise TimeoutException(message, screen, stacktrace)\nE       selenium.common.exceptions.TimeoutException: Message: \nE       Stacktrace:\nE       #0 0x55636291dd33 <unknown>\nE       #1 0x5563625daf87 <unknown>\nE       #2 0x55636262ac0e <unknown>\nE       #3 0x55636262ad11 <unknown>\nE       #4 0x556362676004 <unknown>\nE       #5 0x55636265436d <unknown>\nE       #6 0x556362673297 <unknown>\nE       #7 0x5563626540e3 <unknown>\nE       #8 0x55636261c044 <unknown>\nE       #9 0x55636261d44e <unknown>\nE       #10 0x5563628e2861 <unknown>\nE       #11 0x5563628e6785 <unknown>\nE       #12 0x5563628d0285 <unknown>\nE       #13 0x5563628e741f <unknown>\nE       #14 0x5563628b420f <unknown>\nE       #15 0x55636290b028 <unknown>\nE       #16 0x55636290b1f7 <unknown>\nE       #17 0x55636291ced4 <unknown>\nE       #18 0x7f34f2094ac3 <unknown>\n\n/opt/hostedtoolcache/Python/3.11.7/x64/lib/python3.11/site-packages/selenium/webdriver/support/wait.py:95: TimeoutException",
  "flaky" : false,
  "newFailed" : false,
  "beforeStages" : [ {
    "name" : "driver",
    "time" : {
      "start" : 1703187718501,
      "stop" : 1703187719166,
      "duration" : 665
    },
    "status" : "passed",
    "steps" : [ ],
    "attachments" : [ ],
    "parameters" : [ ],
    "stepsCount" : 0,
    "attachmentsCount" : 0,
    "shouldDisplayMessage" : false,
    "hasContent" : false
  }, {
    "name" : "_session_faker",
    "time" : {
      "start" : 1703187213409,
      "stop" : 1703187213483,
      "duration" : 74
    },
    "status" : "passed",
    "steps" : [ ],
    "attachments" : [ ],
    "parameters" : [ ],
    "stepsCount" : 0,
    "attachmentsCount" : 0,
    "shouldDisplayMessage" : false,
    "hasContent" : false
  }, {
    "name" : "main_page_open",
    "time" : {
      "start" : 1703187719166,
      "stop" : 1703187721103,
      "duration" : 1937
    },
    "status" : "passed",
    "steps" : [ {
      "name" : "Проверка видимости кнопки 'Принимаю всё' в сообщении о принятии файлов cookie на Главной странице",
      "time" : {
        "start" : 1703187721049,
        "stop" : 1703187721076,
        "duration" : 27
      },
      "status" : "passed",
      "steps" : [ ],
      "attachments" : [ ],
      "parameters" : [ ],
      "stepsCount" : 0,
      "attachmentsCount" : 0,
      "shouldDisplayMessage" : false,
      "hasContent" : false
    } ],
    "attachments" : [ ],
    "parameters" : [ ],
    "stepsCount" : 1,
    "attachmentsCount" : 0,
    "shouldDisplayMessage" : false,
    "hasContent" : true
  }, {
    "name" : "clear_allure_results_folder",
    "time" : {
      "start" : 1703187213483,
      "stop" : 1703187213483,
      "duration" : 0
    },
    "status" : "passed",
    "steps" : [ ],
    "attachments" : [ ],
    "parameters" : [ ],
    "stepsCount" : 0,
    "attachmentsCount" : 0,
    "shouldDisplayMessage" : false,
    "hasContent" : false
  } ],
  "testStage" : {
    "status" : "broken",
    "statusMessage" : "selenium.common.exceptions.TimeoutException: Message: \nStacktrace:\n#0 0x55636291dd33 <unknown>\n#1 0x5563625daf87 <unknown>\n#2 0x55636262ac0e <unknown>\n#3 0x55636262ad11 <unknown>\n#4 0x556362676004 <unknown>\n#5 0x55636265436d <unknown>\n#6 0x556362673297 <unknown>\n#7 0x5563626540e3 <unknown>\n#8 0x55636261c044 <unknown>\n#9 0x55636261d44e <unknown>\n#10 0x5563628e2861 <unknown>\n#11 0x5563628e6785 <unknown>\n#12 0x5563628d0285 <unknown>\n#13 0x5563628e741f <unknown>\n#14 0x5563628b420f <unknown>\n#15 0x55636290b028 <unknown>\n#16 0x55636290b1f7 <unknown>\n#17 0x55636291ced4 <unknown>\n#18 0x7f34f2094ac3 <unknown>",
    "statusTrace" : "self = <tests.test_main_page.test_main_page.TestMainPage object at 0x7f4f7cf7dfd0>\nmain_page_open = <pages.main_page.MainPage object at 0x7f4f7dd34a50>\ncss_property = 'font-family', figma = 'Mulish, sans-serif', name = 'шрифта'\n\n    @pytest.mark.parametrize('css_property, figma, name', main.CHECK_TEXT)\n    @pytest.mark.regress\n    def test_get_css_property_body_all_time(self, main_page_open, css_property, figma, name):\n        allure.dynamic.title(f\"Проверка {name} элемента '{self.main.ALL_TIME}' в футере\")\n>       element = main_page_open.get_body_all_time()\n\ntests/test_main_page/test_main_page.py:89: \n_ _ _ _ _ _ _ _ _ _ _ _ _ _ _ _ _ _ _ _ _ _ _ _ _ _ _ _ _ _ _ _ _ _ _ _ _ _ _ _ \npages/main_page.py:52: in get_body_all_time\n    return self.element_is_visible(self.locator.ALL_TIME)\npages/base_page.py:19: in element_is_visible\n    self.go_to_element(self.element_is_present(locator))\npages/base_page.py:35: in element_is_present\n    return Wait(self.driver, self.timeout).until(es.presence_of_element_located(locator))\n_ _ _ _ _ _ _ _ _ _ _ _ _ _ _ _ _ _ _ _ _ _ _ _ _ _ _ _ _ _ _ _ _ _ _ _ _ _ _ _ \n\nself = <selenium.webdriver.support.wait.WebDriverWait (session=\"f59fd8ce05876bfe0ebc53b938e66e49\")>\nmethod = <function presence_of_element_located.<locals>._predicate at 0x7f4f7dd271a0>\nmessage = ''\n\n    def until(self, method, message: str = \"\"):\n        \"\"\"Calls the method provided with the driver as an argument until the \\\n        return value does not evaluate to ``False``.\n    \n        :param method: callable(WebDriver)\n        :param message: optional message for :exc:`TimeoutException`\n        :returns: the result of the last call to `method`\n        :raises: :exc:`selenium.common.exceptions.TimeoutException` if timeout occurs\n        \"\"\"\n        screen = None\n        stacktrace = None\n    \n        end_time = time.monotonic() + self._timeout\n        while True:\n            try:\n                value = method(self._driver)\n                if value:\n                    return value\n            except self._ignored_exceptions as exc:\n                screen = getattr(exc, \"screen\", None)\n                stacktrace = getattr(exc, \"stacktrace\", None)\n            time.sleep(self._poll)\n            if time.monotonic() > end_time:\n                break\n>       raise TimeoutException(message, screen, stacktrace)\nE       selenium.common.exceptions.TimeoutException: Message: \nE       Stacktrace:\nE       #0 0x55636291dd33 <unknown>\nE       #1 0x5563625daf87 <unknown>\nE       #2 0x55636262ac0e <unknown>\nE       #3 0x55636262ad11 <unknown>\nE       #4 0x556362676004 <unknown>\nE       #5 0x55636265436d <unknown>\nE       #6 0x556362673297 <unknown>\nE       #7 0x5563626540e3 <unknown>\nE       #8 0x55636261c044 <unknown>\nE       #9 0x55636261d44e <unknown>\nE       #10 0x5563628e2861 <unknown>\nE       #11 0x5563628e6785 <unknown>\nE       #12 0x5563628d0285 <unknown>\nE       #13 0x5563628e741f <unknown>\nE       #14 0x5563628b420f <unknown>\nE       #15 0x55636290b028 <unknown>\nE       #16 0x55636290b1f7 <unknown>\nE       #17 0x55636291ced4 <unknown>\nE       #18 0x7f34f2094ac3 <unknown>\n\n/opt/hostedtoolcache/Python/3.11.7/x64/lib/python3.11/site-packages/selenium/webdriver/support/wait.py:95: TimeoutException",
    "steps" : [ {
      "name" : "Проверка видимости надписи 'Самый высокий уровень бесперебойной работы!' на Главной странице",
      "time" : {
        "start" : 1703187721104,
        "stop" : 1703187741498,
        "duration" : 20394
      },
      "status" : "broken",
      "statusMessage" : "selenium.common.exceptions.TimeoutException: Message: \nStacktrace:\n#0 0x55636291dd33 <unknown>\n#1 0x5563625daf87 <unknown>\n#2 0x55636262ac0e <unknown>\n#3 0x55636262ad11 <unknown>\n#4 0x556362676004 <unknown>\n#5 0x55636265436d <unknown>\n#6 0x556362673297 <unknown>\n#7 0x5563626540e3 <unknown>\n#8 0x55636261c044 <unknown>\n#9 0x55636261d44e <unknown>\n#10 0x5563628e2861 <unknown>\n#11 0x5563628e6785 <unknown>\n#12 0x5563628d0285 <unknown>\n#13 0x5563628e741f <unknown>\n#14 0x5563628b420f <unknown>\n#15 0x55636290b028 <unknown>\n#16 0x55636290b1f7 <unknown>\n#17 0x55636291ced4 <unknown>\n#18 0x7f34f2094ac3 <unknown>\n\n",
      "statusTrace" : "  File \"/opt/hostedtoolcache/Python/3.11.7/x64/lib/python3.11/site-packages/allure_commons/_allure.py\", line 192, in impl\n    return func(*a, **kw)\n           ^^^^^^^^^^^^^^\n  File \"/home/runner/work/PulseWave/PulseWave/pages/main_page.py\", line 52, in get_body_all_time\n    return self.element_is_visible(self.locator.ALL_TIME)\n           ^^^^^^^^^^^^^^^^^^^^^^^^^^^^^^^^^^^^^^^^^^^^^^\n  File \"/home/runner/work/PulseWave/PulseWave/pages/base_page.py\", line 19, in element_is_visible\n    self.go_to_element(self.element_is_present(locator))\n                       ^^^^^^^^^^^^^^^^^^^^^^^^^^^^^^^^\n  File \"/home/runner/work/PulseWave/PulseWave/pages/base_page.py\", line 35, in element_is_present\n    return Wait(self.driver, self.timeout).until(es.presence_of_element_located(locator))\n           ^^^^^^^^^^^^^^^^^^^^^^^^^^^^^^^^^^^^^^^^^^^^^^^^^^^^^^^^^^^^^^^^^^^^^^^^^^^^^^\n  File \"/opt/hostedtoolcache/Python/3.11.7/x64/lib/python3.11/site-packages/selenium/webdriver/support/wait.py\", line 95, in until\n    raise TimeoutException(message, screen, stacktrace)\n",
      "steps" : [ ],
      "attachments" : [ ],
      "parameters" : [ ],
      "stepsCount" : 0,
      "attachmentsCount" : 0,
      "shouldDisplayMessage" : true,
      "hasContent" : true
    } ],
    "attachments" : [ {
      "name" : "Screenshot",
      "type" : "image/png",
      "size" : 0
    } ],
    "parameters" : [ ],
    "stepsCount" : 1,
    "attachmentsCount" : 1,
    "shouldDisplayMessage" : true,
    "hasContent" : true
  },
  "afterStages" : [ {
    "name" : "driver::0",
    "time" : {
      "start" : 1703187741558,
      "stop" : 1703187741615,
      "duration" : 57
    },
    "status" : "passed",
    "steps" : [ ],
    "attachments" : [ ],
    "parameters" : [ ],
    "stepsCount" : 0,
    "attachmentsCount" : 0,
    "shouldDisplayMessage" : false,
    "hasContent" : false
  } ],
  "labels" : [ {
    "name" : "epic",
    "value" : "Тестирование Главной страницы"
  }, {
    "name" : "tag",
    "value" : "regress"
  }, {
    "name" : "parentSuite",
    "value" : "tests.test_main_page"
  }, {
    "name" : "suite",
    "value" : "test_main_page"
  }, {
    "name" : "subSuite",
    "value" : "TestMainPage"
  }, {
    "name" : "host",
    "value" : "fv-az1429-131"
  }, {
    "name" : "thread",
    "value" : "2194-MainThread"
  }, {
    "name" : "framework",
    "value" : "pytest"
  }, {
    "name" : "language",
    "value" : "cpython3"
  }, {
    "name" : "package",
    "value" : "tests.test_main_page.test_main_page"
  }, {
    "name" : "resultFormat",
    "value" : "allure2"
  } ],
  "parameters" : [ {
    "name" : "css_property",
    "value" : "'font-family'"
  }, {
    "name" : "figma",
    "value" : "'Mulish, sans-serif'"
  }, {
    "name" : "name",
    "value" : "'шрифта'"
  } ],
  "links" : [ ],
  "hidden" : false,
  "retry" : false,
  "extra" : {
    "severity" : "normal",
    "retries" : [ ],
    "categories" : [ {
      "name" : "Test defects",
      "matchedStatuses" : [ ],
      "flaky" : false
    } ],
    "tags" : [ "regress" ]
  },
  "source" : "f66eca8de258152c.json",
  "parameterValues" : [ "'font-family'", "'Mulish, sans-serif'", "'шрифта'" ]
}