{
  "uid" : "269536f01c156080",
  "name" : "H.1 Проверка некликабельности логотипа на лендинге",
  "fullName" : "tests.ui_tests.header_test.TestHeader#test_visibility_logo",
  "historyId" : "ee38dc5350e5bf9ba01eb584cbeea512",
  "time" : {
    "start" : 1755465042578,
    "stop" : 1755465042608,
    "duration" : 30
  },
  "status" : "skipped",
  "statusMessage" : "XFAIL\n\nAssertionError: Логотип кликабельный на Главной странице\nassert False\n +  where False = <bound method HeaderPage.get_header_logo_is_not_clickable of <pages.header.HeaderPage object at 0x7f477abd8260>>()\n +    where <bound method HeaderPage.get_header_logo_is_not_clickable of <pages.header.HeaderPage object at 0x7f477abd8260>> = <pages.header.HeaderPage object at 0x7f477abd8260>.get_header_logo_is_not_clickable",
  "statusTrace" : "self = <tests.ui_tests.header_test.TestHeader object at 0x7f477abb0410>\nheader_open = <pages.header.HeaderPage object at 0x7f477abd8260>\nurl = 'https://web.dev.pulsewave.ru/'\n\n    @allure.title(\"H.1 Проверка некликабельности логотипа на лендинге\")\n    @pytest.mark.xfail(reazon='Лого пока кликабельный на лендинге')\n    @pytest.mark.regress\n    @pytest.mark.parametrize('url', [link.START_PAGE])\n    def test_visibility_logo(self, header_open, url):\n>       assert header_open.get_header_logo_is_not_clickable(), 'Логотип кликабельный на Главной странице'\nE       AssertionError: Логотип кликабельный на Главной странице\nE       assert False\nE        +  where False = <bound method HeaderPage.get_header_logo_is_not_clickable of <pages.header.HeaderPage object at 0x7f477abd8260>>()\nE        +    where <bound method HeaderPage.get_header_logo_is_not_clickable of <pages.header.HeaderPage object at 0x7f477abd8260>> = <pages.header.HeaderPage object at 0x7f477abd8260>.get_header_logo_is_not_clickable\n\ntests/ui_tests/header_test.py:18: AssertionError",
  "flaky" : false,
  "newFailed" : false,
  "beforeStages" : [ {
    "name" : "driver",
    "time" : {
      "start" : 1755464980242,
      "stop" : 1755464980507,
      "duration" : 265
    },
    "status" : "passed",
    "steps" : [ ],
    "attachments" : [ ],
    "parameters" : [ ],
    "stepsCount" : 0,
    "attachmentsCount" : 0,
    "shouldDisplayMessage" : false,
    "hasContent" : false
  }, {
    "name" : "header_open",
    "time" : {
      "start" : 1755464980507,
      "stop" : 1755465042577,
      "duration" : 62070
    },
    "status" : "passed",
    "steps" : [ {
      "name" : "Открыть страницу 'https://web.dev.pulsewave.ru/'",
      "time" : {
        "start" : 1755464980507,
        "stop" : 1755465042577,
        "duration" : 62070
      },
      "status" : "passed",
      "steps" : [ {
        "name" : "Согласиться с использованием файлов cookies, если высветилось окно",
        "time" : {
          "start" : 1755464982506,
          "stop" : 1755465042577,
          "duration" : 60071
        },
        "status" : "passed",
        "steps" : [ {
          "name" : "Получить кнопку 'Принимаю всё' в сообщении о принятии файлов cookie на Главной странице",
          "time" : {
            "start" : 1755464982506,
            "stop" : 1755465042577,
            "duration" : 60071
          },
          "status" : "broken",
          "statusMessage" : "selenium.common.exceptions.TimeoutException: Message: \nStacktrace:\n#0 0x563cadf5305a <unknown>\n#1 0x563cad9f2a70 <unknown>\n#2 0x563cada44907 <unknown>\n#3 0x563cada44b01 <unknown>\n#4 0x563cada92d54 <unknown>\n#5 0x563cada6a40d <unknown>\n#6 0x563cada9014f <unknown>\n#7 0x563cada6a1b3 <unknown>\n#8 0x563cada3659b <unknown>\n#9 0x563cada37971 <unknown>\n#10 0x563cadf1822b <unknown>\n#11 0x563cadf1bf79 <unknown>\n#12 0x563cadeff309 <unknown>\n#13 0x563cadf1cb28 <unknown>\n#14 0x563cadee3bef <unknown>\n#15 0x563cadf400e8 <unknown>\n#16 0x563cadf402c6 <unknown>\n#17 0x563cadf52036 <unknown>\n#18 0x7f5a1aa9caa4 <unknown>\n#19 0x7f5a1ab29c3c <unknown>\n\n",
          "statusTrace" : "  File \"/opt/hostedtoolcache/Python/3.12.11/x64/lib/python3.12/site-packages/allure_commons/_allure.py\", line 192, in impl\n    return func(*a, **kw)\n           ^^^^^^^^^^^^^^\n  File \"/home/runner/work/PulseWave/PulseWave/pages/footer.py\", line 39, in get_allow_all_cookies\n    button_text = self.element_is_visible(self.locator.ALLOW_ALL_COOKIES)\n                  ^^^^^^^^^^^^^^^^^^^^^^^^^^^^^^^^^^^^^^^^^^^^^^^^^^^^^^^\n  File \"/opt/hostedtoolcache/Python/3.12.11/x64/lib/python3.12/site-packages/allure_commons/_allure.py\", line 192, in impl\n    return func(*a, **kw)\n           ^^^^^^^^^^^^^^\n  File \"/home/runner/work/PulseWave/PulseWave/pages/base_page.py\", line 20, in element_is_visible\n    element = self.element_is_present(locator)\n              ^^^^^^^^^^^^^^^^^^^^^^^^^^^^^^^^\n  File \"/opt/hostedtoolcache/Python/3.12.11/x64/lib/python3.12/site-packages/allure_commons/_allure.py\", line 192, in impl\n    return func(*a, **kw)\n           ^^^^^^^^^^^^^^\n  File \"/home/runner/work/PulseWave/PulseWave/pages/base_page.py\", line 39, in element_is_present\n    return Wait(self.driver, self.timeout).until(es.presence_of_element_located(locator))\n           ^^^^^^^^^^^^^^^^^^^^^^^^^^^^^^^^^^^^^^^^^^^^^^^^^^^^^^^^^^^^^^^^^^^^^^^^^^^^^^\n  File \"/opt/hostedtoolcache/Python/3.12.11/x64/lib/python3.12/site-packages/selenium/webdriver/support/wait.py\", line 105, in until\n    raise TimeoutException(message, screen, stacktrace)\n",
          "steps" : [ {
            "name" : "Проверить видимость элемента",
            "time" : {
              "start" : 1755464982506,
              "stop" : 1755465042577,
              "duration" : 60071
            },
            "status" : "broken",
            "statusMessage" : "selenium.common.exceptions.TimeoutException: Message: \nStacktrace:\n#0 0x563cadf5305a <unknown>\n#1 0x563cad9f2a70 <unknown>\n#2 0x563cada44907 <unknown>\n#3 0x563cada44b01 <unknown>\n#4 0x563cada92d54 <unknown>\n#5 0x563cada6a40d <unknown>\n#6 0x563cada9014f <unknown>\n#7 0x563cada6a1b3 <unknown>\n#8 0x563cada3659b <unknown>\n#9 0x563cada37971 <unknown>\n#10 0x563cadf1822b <unknown>\n#11 0x563cadf1bf79 <unknown>\n#12 0x563cadeff309 <unknown>\n#13 0x563cadf1cb28 <unknown>\n#14 0x563cadee3bef <unknown>\n#15 0x563cadf400e8 <unknown>\n#16 0x563cadf402c6 <unknown>\n#17 0x563cadf52036 <unknown>\n#18 0x7f5a1aa9caa4 <unknown>\n#19 0x7f5a1ab29c3c <unknown>\n\n",
            "statusTrace" : "  File \"/opt/hostedtoolcache/Python/3.12.11/x64/lib/python3.12/site-packages/allure_commons/_allure.py\", line 192, in impl\n    return func(*a, **kw)\n           ^^^^^^^^^^^^^^\n  File \"/home/runner/work/PulseWave/PulseWave/pages/base_page.py\", line 20, in element_is_visible\n    element = self.element_is_present(locator)\n              ^^^^^^^^^^^^^^^^^^^^^^^^^^^^^^^^\n  File \"/opt/hostedtoolcache/Python/3.12.11/x64/lib/python3.12/site-packages/allure_commons/_allure.py\", line 192, in impl\n    return func(*a, **kw)\n           ^^^^^^^^^^^^^^\n  File \"/home/runner/work/PulseWave/PulseWave/pages/base_page.py\", line 39, in element_is_present\n    return Wait(self.driver, self.timeout).until(es.presence_of_element_located(locator))\n           ^^^^^^^^^^^^^^^^^^^^^^^^^^^^^^^^^^^^^^^^^^^^^^^^^^^^^^^^^^^^^^^^^^^^^^^^^^^^^^\n  File \"/opt/hostedtoolcache/Python/3.12.11/x64/lib/python3.12/site-packages/selenium/webdriver/support/wait.py\", line 105, in until\n    raise TimeoutException(message, screen, stacktrace)\n",
            "steps" : [ {
              "name" : "Проверить присутствие элемента в DOM",
              "time" : {
                "start" : 1755464982506,
                "stop" : 1755465042576,
                "duration" : 60070
              },
              "status" : "broken",
              "statusMessage" : "selenium.common.exceptions.TimeoutException: Message: \nStacktrace:\n#0 0x563cadf5305a <unknown>\n#1 0x563cad9f2a70 <unknown>\n#2 0x563cada44907 <unknown>\n#3 0x563cada44b01 <unknown>\n#4 0x563cada92d54 <unknown>\n#5 0x563cada6a40d <unknown>\n#6 0x563cada9014f <unknown>\n#7 0x563cada6a1b3 <unknown>\n#8 0x563cada3659b <unknown>\n#9 0x563cada37971 <unknown>\n#10 0x563cadf1822b <unknown>\n#11 0x563cadf1bf79 <unknown>\n#12 0x563cadeff309 <unknown>\n#13 0x563cadf1cb28 <unknown>\n#14 0x563cadee3bef <unknown>\n#15 0x563cadf400e8 <unknown>\n#16 0x563cadf402c6 <unknown>\n#17 0x563cadf52036 <unknown>\n#18 0x7f5a1aa9caa4 <unknown>\n#19 0x7f5a1ab29c3c <unknown>\n\n",
              "statusTrace" : "  File \"/opt/hostedtoolcache/Python/3.12.11/x64/lib/python3.12/site-packages/allure_commons/_allure.py\", line 192, in impl\n    return func(*a, **kw)\n           ^^^^^^^^^^^^^^\n  File \"/home/runner/work/PulseWave/PulseWave/pages/base_page.py\", line 39, in element_is_present\n    return Wait(self.driver, self.timeout).until(es.presence_of_element_located(locator))\n           ^^^^^^^^^^^^^^^^^^^^^^^^^^^^^^^^^^^^^^^^^^^^^^^^^^^^^^^^^^^^^^^^^^^^^^^^^^^^^^\n  File \"/opt/hostedtoolcache/Python/3.12.11/x64/lib/python3.12/site-packages/selenium/webdriver/support/wait.py\", line 105, in until\n    raise TimeoutException(message, screen, stacktrace)\n",
              "steps" : [ ],
              "attachments" : [ ],
              "parameters" : [ {
                "name" : "locator",
                "value" : "('css selector', '.cookies__body .button__small')"
              } ],
              "stepsCount" : 0,
              "attachmentsCount" : 0,
              "shouldDisplayMessage" : true,
              "hasContent" : true
            } ],
            "attachments" : [ ],
            "parameters" : [ {
              "name" : "locator",
              "value" : "('css selector', '.cookies__body .button__small')"
            } ],
            "stepsCount" : 1,
            "attachmentsCount" : 0,
            "shouldDisplayMessage" : false,
            "hasContent" : true
          } ],
          "attachments" : [ ],
          "parameters" : [ ],
          "stepsCount" : 2,
          "attachmentsCount" : 0,
          "shouldDisplayMessage" : false,
          "hasContent" : true
        } ],
        "attachments" : [ ],
        "parameters" : [ {
          "name" : "driver",
          "value" : "<selenium.webdriver.chrome.webdriver.WebDriver (session=\"92ef0229475641c20d10e0058308e7c8\")>"
        } ],
        "stepsCount" : 3,
        "attachmentsCount" : 0,
        "shouldDisplayMessage" : false,
        "hasContent" : true
      } ],
      "attachments" : [ ],
      "parameters" : [ ],
      "stepsCount" : 4,
      "attachmentsCount" : 0,
      "shouldDisplayMessage" : false,
      "hasContent" : true
    } ],
    "attachments" : [ ],
    "parameters" : [ ],
    "stepsCount" : 5,
    "attachmentsCount" : 0,
    "shouldDisplayMessage" : false,
    "hasContent" : true
  } ],
  "testStage" : {
    "status" : "skipped",
    "statusMessage" : "XFAIL\n\nAssertionError: Логотип кликабельный на Главной странице\nassert False\n +  where False = <bound method HeaderPage.get_header_logo_is_not_clickable of <pages.header.HeaderPage object at 0x7f477abd8260>>()\n +    where <bound method HeaderPage.get_header_logo_is_not_clickable of <pages.header.HeaderPage object at 0x7f477abd8260>> = <pages.header.HeaderPage object at 0x7f477abd8260>.get_header_logo_is_not_clickable",
    "statusTrace" : "self = <tests.ui_tests.header_test.TestHeader object at 0x7f477abb0410>\nheader_open = <pages.header.HeaderPage object at 0x7f477abd8260>\nurl = 'https://web.dev.pulsewave.ru/'\n\n    @allure.title(\"H.1 Проверка некликабельности логотипа на лендинге\")\n    @pytest.mark.xfail(reazon='Лого пока кликабельный на лендинге')\n    @pytest.mark.regress\n    @pytest.mark.parametrize('url', [link.START_PAGE])\n    def test_visibility_logo(self, header_open, url):\n>       assert header_open.get_header_logo_is_not_clickable(), 'Логотип кликабельный на Главной странице'\nE       AssertionError: Логотип кликабельный на Главной странице\nE       assert False\nE        +  where False = <bound method HeaderPage.get_header_logo_is_not_clickable of <pages.header.HeaderPage object at 0x7f477abd8260>>()\nE        +    where <bound method HeaderPage.get_header_logo_is_not_clickable of <pages.header.HeaderPage object at 0x7f477abd8260>> = <pages.header.HeaderPage object at 0x7f477abd8260>.get_header_logo_is_not_clickable\n\ntests/ui_tests/header_test.py:18: AssertionError",
    "steps" : [ {
      "name" : "Проверка некликабельности логотипа в хедере",
      "time" : {
        "start" : 1755465042578,
        "stop" : 1755465042607,
        "duration" : 29
      },
      "status" : "passed",
      "steps" : [ {
        "name" : "Проверка некликабельности видимого элемента",
        "time" : {
          "start" : 1755465042578,
          "stop" : 1755465042607,
          "duration" : 29
        },
        "status" : "passed",
        "steps" : [ ],
        "attachments" : [ ],
        "parameters" : [ {
          "name" : "locator",
          "value" : "('class name', 'header__logo')"
        } ],
        "stepsCount" : 0,
        "attachmentsCount" : 0,
        "shouldDisplayMessage" : false,
        "hasContent" : true
      } ],
      "attachments" : [ ],
      "parameters" : [ ],
      "stepsCount" : 1,
      "attachmentsCount" : 0,
      "shouldDisplayMessage" : false,
      "hasContent" : true
    } ],
    "attachments" : [ {
      "name" : "Screenshot",
      "type" : "image/png",
      "size" : 0
    } ],
    "parameters" : [ ],
    "stepsCount" : 2,
    "attachmentsCount" : 1,
    "shouldDisplayMessage" : true,
    "hasContent" : true
  },
  "afterStages" : [ {
    "name" : "driver::0",
    "time" : {
      "start" : 1755465042832,
      "stop" : 1755465042903,
      "duration" : 71
    },
    "status" : "passed",
    "steps" : [ ],
    "attachments" : [ ],
    "parameters" : [ ],
    "stepsCount" : 0,
    "attachmentsCount" : 0,
    "shouldDisplayMessage" : false,
    "hasContent" : false
  } ],
  "labels" : [ {
    "name" : "epic",
    "value" : "Тестирование Хедера"
  }, {
    "name" : "tag",
    "value" : "regress"
  }, {
    "name" : "tag",
    "value" : "@pytest.mark.xfail(reazon='Лого пока кликабельный на лендинге')"
  }, {
    "name" : "parentSuite",
    "value" : "tests.ui_tests"
  }, {
    "name" : "suite",
    "value" : "header_test"
  }, {
    "name" : "subSuite",
    "value" : "TestHeader"
  }, {
    "name" : "host",
    "value" : "pkrvmubgrv54qmi"
  }, {
    "name" : "thread",
    "value" : "2556-MainThread"
  }, {
    "name" : "framework",
    "value" : "pytest"
  }, {
    "name" : "language",
    "value" : "cpython3"
  }, {
    "name" : "package",
    "value" : "tests.ui_tests.header_test"
  }, {
    "name" : "resultFormat",
    "value" : "allure2"
  } ],
  "parameters" : [ {
    "name" : "url",
    "value" : "'https://web.dev.pulsewave.ru/'"
  } ],
  "links" : [ ],
  "hidden" : false,
  "retry" : false,
  "extra" : {
    "severity" : "normal",
    "retries" : [ ],
    "categories" : [ ],
    "history" : {
      "statistic" : {
        "failed" : 0,
        "broken" : 0,
        "skipped" : 3,
        "passed" : 0,
        "unknown" : 0,
        "total" : 3
      },
      "items" : [ {
        "uid" : "902b26d697d4eacb",
        "reportUrl" : "https://Nat754.github.io/PulseWave/239//#testresult/902b26d697d4eacb",
        "status" : "skipped",
        "statusDetails" : "XFAIL\n\nAssertionError: Логотип кликабельный на Главной странице\nassert False\n +  where False = <bound method HeaderPage.get_header_logo_is_not_clickable of <pages.header.HeaderPage object at 0x7f049d1df260>>()\n +    where <bound method HeaderPage.get_header_logo_is_not_clickable of <pages.header.HeaderPage object at 0x7f049d1df260>> = <pages.header.HeaderPage object at 0x7f049d1df260>.get_header_logo_is_not_clickable",
        "time" : {
          "start" : 1755467571049,
          "stop" : 1755467571081,
          "duration" : 32
        }
      }, {
        "uid" : "16fa05a664db4c94",
        "reportUrl" : "https://Nat754.github.io/PulseWave/238//#testresult/16fa05a664db4c94",
        "status" : "skipped",
        "statusDetails" : "XFAIL\n\nAssertionError: Логотип кликабельный на Главной странице\nassert False\n +  where False = <bound method HeaderPage.get_header_logo_is_not_clickable of <pages.header.HeaderPage object at 0x7efd36796810>>()\n +    where <bound method HeaderPage.get_header_logo_is_not_clickable of <pages.header.HeaderPage object at 0x7efd36796810>> = <pages.header.HeaderPage object at 0x7efd36796810>.get_header_logo_is_not_clickable",
        "time" : {
          "start" : 1755457034480,
          "stop" : 1755457034509,
          "duration" : 29
        }
      } ]
    },
    "tags" : [ "@pytest.mark.xfail(reazon='Лого пока кликабельный на лендинге')", "regress" ]
  },
  "source" : "269536f01c156080.json",
  "parameterValues" : [ "'https://web.dev.pulsewave.ru/'" ]
}