{
  "uid" : "5d03ea33e0b45843",
  "name" : "H.8 Проверка размера шрифта кнопки 'Регистрация в хедере https://app.dev.pulsewave.ru/auth/password?email='",
  "fullName" : "tests.ui_tests.header_test.TestHeader#test_get_css_property_header_auth_signup",
  "historyId" : "824f0a679229683aa2145c26792d7312",
  "time" : {
    "start" : 1755466525376,
    "stop" : 1755466525420,
    "duration" : 44
  },
  "status" : "passed",
  "statusMessage" : "XPASS",
  "flaky" : false,
  "newFailed" : false,
  "beforeStages" : [ {
    "name" : "header_open",
    "time" : {
      "start" : 1755466461905,
      "stop" : 1755466525375,
      "duration" : 63470
    },
    "status" : "passed",
    "steps" : [ {
      "name" : "Открыть страницу 'https://app.dev.pulsewave.ru/auth/password?email='",
      "time" : {
        "start" : 1755466461906,
        "stop" : 1755466525375,
        "duration" : 63469
      },
      "status" : "passed",
      "steps" : [ {
        "name" : "Согласиться с использованием файлов cookies, если высветилось окно",
        "time" : {
          "start" : 1755466465049,
          "stop" : 1755466525375,
          "duration" : 60326
        },
        "status" : "passed",
        "steps" : [ {
          "name" : "Получить кнопку 'Принимаю всё' в сообщении о принятии файлов cookie на Главной странице",
          "time" : {
            "start" : 1755466465049,
            "stop" : 1755466525375,
            "duration" : 60326
          },
          "status" : "broken",
          "statusMessage" : "selenium.common.exceptions.TimeoutException: Message: \nStacktrace:\n#0 0x560582af905a <unknown>\n#1 0x560582598a70 <unknown>\n#2 0x5605825ea907 <unknown>\n#3 0x5605825eab01 <unknown>\n#4 0x560582638d54 <unknown>\n#5 0x56058261040d <unknown>\n#6 0x56058263614f <unknown>\n#7 0x5605826101b3 <unknown>\n#8 0x5605825dc59b <unknown>\n#9 0x5605825dd971 <unknown>\n#10 0x560582abe22b <unknown>\n#11 0x560582ac1f79 <unknown>\n#12 0x560582aa5309 <unknown>\n#13 0x560582ac2b28 <unknown>\n#14 0x560582a89bef <unknown>\n#15 0x560582ae60e8 <unknown>\n#16 0x560582ae62c6 <unknown>\n#17 0x560582af8036 <unknown>\n#18 0x7fecef49caa4 <unknown>\n#19 0x7fecef529c3c <unknown>\n\n",
          "statusTrace" : "  File \"/opt/hostedtoolcache/Python/3.12.11/x64/lib/python3.12/site-packages/allure_commons/_allure.py\", line 192, in impl\n    return func(*a, **kw)\n           ^^^^^^^^^^^^^^\n  File \"/home/runner/work/PulseWave/PulseWave/pages/footer.py\", line 39, in get_allow_all_cookies\n    button_text = self.element_is_visible(self.locator.ALLOW_ALL_COOKIES)\n                  ^^^^^^^^^^^^^^^^^^^^^^^^^^^^^^^^^^^^^^^^^^^^^^^^^^^^^^^\n  File \"/opt/hostedtoolcache/Python/3.12.11/x64/lib/python3.12/site-packages/allure_commons/_allure.py\", line 192, in impl\n    return func(*a, **kw)\n           ^^^^^^^^^^^^^^\n  File \"/home/runner/work/PulseWave/PulseWave/pages/base_page.py\", line 20, in element_is_visible\n    element = self.element_is_present(locator)\n              ^^^^^^^^^^^^^^^^^^^^^^^^^^^^^^^^\n  File \"/opt/hostedtoolcache/Python/3.12.11/x64/lib/python3.12/site-packages/allure_commons/_allure.py\", line 192, in impl\n    return func(*a, **kw)\n           ^^^^^^^^^^^^^^\n  File \"/home/runner/work/PulseWave/PulseWave/pages/base_page.py\", line 39, in element_is_present\n    return Wait(self.driver, self.timeout).until(es.presence_of_element_located(locator))\n           ^^^^^^^^^^^^^^^^^^^^^^^^^^^^^^^^^^^^^^^^^^^^^^^^^^^^^^^^^^^^^^^^^^^^^^^^^^^^^^\n  File \"/opt/hostedtoolcache/Python/3.12.11/x64/lib/python3.12/site-packages/selenium/webdriver/support/wait.py\", line 105, in until\n    raise TimeoutException(message, screen, stacktrace)\n",
          "steps" : [ {
            "name" : "Проверить видимость элемента",
            "time" : {
              "start" : 1755466465049,
              "stop" : 1755466525374,
              "duration" : 60325
            },
            "status" : "broken",
            "statusMessage" : "selenium.common.exceptions.TimeoutException: Message: \nStacktrace:\n#0 0x560582af905a <unknown>\n#1 0x560582598a70 <unknown>\n#2 0x5605825ea907 <unknown>\n#3 0x5605825eab01 <unknown>\n#4 0x560582638d54 <unknown>\n#5 0x56058261040d <unknown>\n#6 0x56058263614f <unknown>\n#7 0x5605826101b3 <unknown>\n#8 0x5605825dc59b <unknown>\n#9 0x5605825dd971 <unknown>\n#10 0x560582abe22b <unknown>\n#11 0x560582ac1f79 <unknown>\n#12 0x560582aa5309 <unknown>\n#13 0x560582ac2b28 <unknown>\n#14 0x560582a89bef <unknown>\n#15 0x560582ae60e8 <unknown>\n#16 0x560582ae62c6 <unknown>\n#17 0x560582af8036 <unknown>\n#18 0x7fecef49caa4 <unknown>\n#19 0x7fecef529c3c <unknown>\n\n",
            "statusTrace" : "  File \"/opt/hostedtoolcache/Python/3.12.11/x64/lib/python3.12/site-packages/allure_commons/_allure.py\", line 192, in impl\n    return func(*a, **kw)\n           ^^^^^^^^^^^^^^\n  File \"/home/runner/work/PulseWave/PulseWave/pages/base_page.py\", line 20, in element_is_visible\n    element = self.element_is_present(locator)\n              ^^^^^^^^^^^^^^^^^^^^^^^^^^^^^^^^\n  File \"/opt/hostedtoolcache/Python/3.12.11/x64/lib/python3.12/site-packages/allure_commons/_allure.py\", line 192, in impl\n    return func(*a, **kw)\n           ^^^^^^^^^^^^^^\n  File \"/home/runner/work/PulseWave/PulseWave/pages/base_page.py\", line 39, in element_is_present\n    return Wait(self.driver, self.timeout).until(es.presence_of_element_located(locator))\n           ^^^^^^^^^^^^^^^^^^^^^^^^^^^^^^^^^^^^^^^^^^^^^^^^^^^^^^^^^^^^^^^^^^^^^^^^^^^^^^\n  File \"/opt/hostedtoolcache/Python/3.12.11/x64/lib/python3.12/site-packages/selenium/webdriver/support/wait.py\", line 105, in until\n    raise TimeoutException(message, screen, stacktrace)\n",
            "steps" : [ {
              "name" : "Проверить присутствие элемента в DOM",
              "time" : {
                "start" : 1755466465049,
                "stop" : 1755466525374,
                "duration" : 60325
              },
              "status" : "broken",
              "statusMessage" : "selenium.common.exceptions.TimeoutException: Message: \nStacktrace:\n#0 0x560582af905a <unknown>\n#1 0x560582598a70 <unknown>\n#2 0x5605825ea907 <unknown>\n#3 0x5605825eab01 <unknown>\n#4 0x560582638d54 <unknown>\n#5 0x56058261040d <unknown>\n#6 0x56058263614f <unknown>\n#7 0x5605826101b3 <unknown>\n#8 0x5605825dc59b <unknown>\n#9 0x5605825dd971 <unknown>\n#10 0x560582abe22b <unknown>\n#11 0x560582ac1f79 <unknown>\n#12 0x560582aa5309 <unknown>\n#13 0x560582ac2b28 <unknown>\n#14 0x560582a89bef <unknown>\n#15 0x560582ae60e8 <unknown>\n#16 0x560582ae62c6 <unknown>\n#17 0x560582af8036 <unknown>\n#18 0x7fecef49caa4 <unknown>\n#19 0x7fecef529c3c <unknown>\n\n",
              "statusTrace" : "  File \"/opt/hostedtoolcache/Python/3.12.11/x64/lib/python3.12/site-packages/allure_commons/_allure.py\", line 192, in impl\n    return func(*a, **kw)\n           ^^^^^^^^^^^^^^\n  File \"/home/runner/work/PulseWave/PulseWave/pages/base_page.py\", line 39, in element_is_present\n    return Wait(self.driver, self.timeout).until(es.presence_of_element_located(locator))\n           ^^^^^^^^^^^^^^^^^^^^^^^^^^^^^^^^^^^^^^^^^^^^^^^^^^^^^^^^^^^^^^^^^^^^^^^^^^^^^^\n  File \"/opt/hostedtoolcache/Python/3.12.11/x64/lib/python3.12/site-packages/selenium/webdriver/support/wait.py\", line 105, in until\n    raise TimeoutException(message, screen, stacktrace)\n",
              "steps" : [ ],
              "attachments" : [ ],
              "parameters" : [ {
                "name" : "locator",
                "value" : "('css selector', '.cookies__body .button__small')"
              } ],
              "stepsCount" : 0,
              "attachmentsCount" : 0,
              "shouldDisplayMessage" : true,
              "hasContent" : true
            } ],
            "attachments" : [ ],
            "parameters" : [ {
              "name" : "locator",
              "value" : "('css selector', '.cookies__body .button__small')"
            } ],
            "stepsCount" : 1,
            "attachmentsCount" : 0,
            "shouldDisplayMessage" : false,
            "hasContent" : true
          } ],
          "attachments" : [ ],
          "parameters" : [ ],
          "stepsCount" : 2,
          "attachmentsCount" : 0,
          "shouldDisplayMessage" : false,
          "hasContent" : true
        } ],
        "attachments" : [ ],
        "parameters" : [ {
          "name" : "driver",
          "value" : "<selenium.webdriver.chrome.webdriver.WebDriver (session=\"7e61975e80068733022ec45aa700fbc1\")>"
        } ],
        "stepsCount" : 3,
        "attachmentsCount" : 0,
        "shouldDisplayMessage" : false,
        "hasContent" : true
      } ],
      "attachments" : [ ],
      "parameters" : [ ],
      "stepsCount" : 4,
      "attachmentsCount" : 0,
      "shouldDisplayMessage" : false,
      "hasContent" : true
    } ],
    "attachments" : [ ],
    "parameters" : [ ],
    "stepsCount" : 5,
    "attachmentsCount" : 0,
    "shouldDisplayMessage" : false,
    "hasContent" : true
  }, {
    "name" : "driver",
    "time" : {
      "start" : 1755466461638,
      "stop" : 1755466461905,
      "duration" : 267
    },
    "status" : "passed",
    "steps" : [ ],
    "attachments" : [ ],
    "parameters" : [ ],
    "stepsCount" : 0,
    "attachmentsCount" : 0,
    "shouldDisplayMessage" : false,
    "hasContent" : false
  } ],
  "testStage" : {
    "status" : "passed",
    "statusMessage" : "XPASS",
    "steps" : [ {
      "name" : "Проверка видимости кнопки 'Войти' в хэдере",
      "time" : {
        "start" : 1755466525376,
        "stop" : 1755466525411,
        "duration" : 35
      },
      "status" : "passed",
      "steps" : [ {
        "name" : "Проверить видимость элемента",
        "time" : {
          "start" : 1755466525376,
          "stop" : 1755466525411,
          "duration" : 35
        },
        "status" : "passed",
        "steps" : [ {
          "name" : "Проверить присутствие элемента в DOM",
          "time" : {
            "start" : 1755466525376,
            "stop" : 1755466525386,
            "duration" : 10
          },
          "status" : "passed",
          "steps" : [ ],
          "attachments" : [ ],
          "parameters" : [ {
            "name" : "locator",
            "value" : "('xpath', '//*[text()=\" Войти \"]')"
          } ],
          "stepsCount" : 0,
          "attachmentsCount" : 0,
          "shouldDisplayMessage" : false,
          "hasContent" : true
        }, {
          "name" : "Проскролить до элемента",
          "time" : {
            "start" : 1755466525386,
            "stop" : 1755466525391,
            "duration" : 5
          },
          "status" : "passed",
          "steps" : [ ],
          "attachments" : [ ],
          "parameters" : [ {
            "name" : "element",
            "value" : "<selenium.webdriver.remote.webelement.WebElement (session=\"7e61975e80068733022ec45aa700fbc1\", element=\"f.8A3EAED6F924EA6B2E00E2F188EAD61F.d.68C78DD38930AFE65C48685CD82D061A.e.17\")>"
          } ],
          "stepsCount" : 0,
          "attachmentsCount" : 0,
          "shouldDisplayMessage" : false,
          "hasContent" : true
        } ],
        "attachments" : [ ],
        "parameters" : [ {
          "name" : "locator",
          "value" : "('xpath', '//*[text()=\" Войти \"]')"
        } ],
        "stepsCount" : 2,
        "attachmentsCount" : 0,
        "shouldDisplayMessage" : false,
        "hasContent" : true
      } ],
      "attachments" : [ ],
      "parameters" : [ ],
      "stepsCount" : 3,
      "attachmentsCount" : 0,
      "shouldDisplayMessage" : false,
      "hasContent" : true
    }, {
      "name" : "Прошла проверка соответствия размера шрифта кнопки 'Регистрация' макету",
      "time" : {
        "start" : 1755466525420,
        "stop" : 1755466525420,
        "duration" : 0
      },
      "status" : "passed",
      "steps" : [ ],
      "attachments" : [ ],
      "parameters" : [ ],
      "stepsCount" : 0,
      "attachmentsCount" : 0,
      "shouldDisplayMessage" : false,
      "hasContent" : false
    } ],
    "attachments" : [ ],
    "parameters" : [ ],
    "stepsCount" : 5,
    "attachmentsCount" : 0,
    "shouldDisplayMessage" : true,
    "hasContent" : true
  },
  "afterStages" : [ {
    "name" : "driver::0",
    "time" : {
      "start" : 1755466525422,
      "stop" : 1755466525493,
      "duration" : 71
    },
    "status" : "passed",
    "steps" : [ ],
    "attachments" : [ ],
    "parameters" : [ ],
    "stepsCount" : 0,
    "attachmentsCount" : 0,
    "shouldDisplayMessage" : false,
    "hasContent" : false
  } ],
  "labels" : [ {
    "name" : "epic",
    "value" : "Тестирование Хедера"
  }, {
    "name" : "tag",
    "value" : "regress"
  }, {
    "name" : "tag",
    "value" : "@pytest.mark.xfail"
  }, {
    "name" : "parentSuite",
    "value" : "tests.ui_tests"
  }, {
    "name" : "suite",
    "value" : "header_test"
  }, {
    "name" : "subSuite",
    "value" : "TestHeader"
  }, {
    "name" : "host",
    "value" : "pkrvmubgrv54qmi"
  }, {
    "name" : "thread",
    "value" : "2556-MainThread"
  }, {
    "name" : "framework",
    "value" : "pytest"
  }, {
    "name" : "language",
    "value" : "cpython3"
  }, {
    "name" : "package",
    "value" : "tests.ui_tests.header_test"
  }, {
    "name" : "resultFormat",
    "value" : "allure2"
  } ],
  "parameters" : [ {
    "name" : "css_property",
    "value" : "'font-size'"
  }, {
    "name" : "figma",
    "value" : "'18px'"
  }, {
    "name" : "name",
    "value" : "'размера шрифта'"
  }, {
    "name" : "url",
    "value" : "'https://app.dev.pulsewave.ru/auth/password?email='"
  } ],
  "links" : [ ],
  "hidden" : false,
  "retry" : false,
  "extra" : {
    "severity" : "normal",
    "retries" : [ ],
    "categories" : [ ],
    "history" : {
      "statistic" : {
        "failed" : 0,
        "broken" : 0,
        "skipped" : 0,
        "passed" : 3,
        "unknown" : 0,
        "total" : 3
      },
      "items" : [ {
        "uid" : "1e449d654b90ab61",
        "reportUrl" : "https://Nat754.github.io/PulseWave/239//#testresult/1e449d654b90ab61",
        "status" : "passed",
        "statusDetails" : "XPASS",
        "time" : {
          "start" : 1755469052045,
          "stop" : 1755469052091,
          "duration" : 46
        }
      }, {
        "uid" : "aa004fd27b7b3a93",
        "reportUrl" : "https://Nat754.github.io/PulseWave/238//#testresult/aa004fd27b7b3a93",
        "status" : "passed",
        "statusDetails" : "XPASS",
        "time" : {
          "start" : 1755458523796,
          "stop" : 1755458523838,
          "duration" : 42
        }
      } ]
    },
    "tags" : [ "@pytest.mark.xfail", "regress" ]
  },
  "source" : "5d03ea33e0b45843.json",
  "parameterValues" : [ "'font-size'", "'18px'", "'размера шрифта'", "'https://app.dev.pulsewave.ru/auth/password?email='" ]
}