{
  "uid" : "b09152570d27f5d0",
  "name" : "H.8 Проверка цвета кнопки 'Регистрация в хедере https://app.dev.pulsewave.ru/auth/password?email='",
  "fullName" : "tests.ui_tests.header_test.TestHeader#test_get_css_property_header_auth_signup",
  "historyId" : "05af22f974f64d6bff182e1af126a33c",
  "time" : {
    "start" : 1755467091668,
    "stop" : 1755467091713,
    "duration" : 45
  },
  "status" : "skipped",
  "statusMessage" : "XFAIL\n\nAssertionError: Не прошла проверка соответствия цвета кнопки 'Регистрация' макету\nassert 'rgba(0, 0, 0, 0)' == 'rgba(252, 224, 88, 1)'\n  \n  - rgba(252, 224, 88, 1)\n  + rgba(0, 0, 0, 0)",
  "statusTrace" : "self = <tests.ui_tests.header_test.TestHeader object at 0x7f477abb7710>\nheader_open = <pages.header.HeaderPage object at 0x7f477abdbbf0>\ncss_property = 'background-color', figma = 'rgba(252, 224, 88, 1)'\nname = 'цвета', url = 'https://app.dev.pulsewave.ru/auth/password?email='\n\n    @pytest.mark.xfail\n    @pytest.mark.parametrize('url', [link.LOGIN_PAGE, link.PASSWORD_RECOVERY])\n    @pytest.mark.parametrize('css_property, figma, name', const.CHECK_BUTTON)\n    @pytest.mark.regress\n    def test_get_css_property_header_auth_signup(self, header_open, css_property, figma, name, url):\n        allure.dynamic.title(f\"H.8 Проверка {name} кнопки '{self.const.TEXT_SIGNUP} в хедере {url}'\")\n        element = header_open.get_header_auth_login()\n        mean_css = element.value_of_css_property(css_property)\n        with allure.step(f\"Прошла проверка соответствия {name} кнопки '{self.const.TEXT_SIGNUP}' макету\"):\n>           assert mean_css == figma, \\\n                f\"Не прошла проверка соответствия {name} кнопки '{self.const.TEXT_SIGNUP}' макету\"\nE           AssertionError: Не прошла проверка соответствия цвета кнопки 'Регистрация' макету\nE           assert 'rgba(0, 0, 0, 0)' == 'rgba(252, 224, 88, 1)'\nE             \nE             - rgba(252, 224, 88, 1)\nE             + rgba(0, 0, 0, 0)\n\ntests/ui_tests/header_test.py:88: AssertionError",
  "flaky" : false,
  "newFailed" : false,
  "beforeStages" : [ {
    "name" : "driver",
    "time" : {
      "start" : 1755467027785,
      "stop" : 1755467028069,
      "duration" : 284
    },
    "status" : "passed",
    "steps" : [ ],
    "attachments" : [ ],
    "parameters" : [ ],
    "stepsCount" : 0,
    "attachmentsCount" : 0,
    "shouldDisplayMessage" : false,
    "hasContent" : false
  }, {
    "name" : "header_open",
    "time" : {
      "start" : 1755467028069,
      "stop" : 1755467091667,
      "duration" : 63598
    },
    "status" : "passed",
    "steps" : [ {
      "name" : "Открыть страницу 'https://app.dev.pulsewave.ru/auth/password?email='",
      "time" : {
        "start" : 1755467028069,
        "stop" : 1755467091667,
        "duration" : 63598
      },
      "status" : "passed",
      "steps" : [ {
        "name" : "Согласиться с использованием файлов cookies, если высветилось окно",
        "time" : {
          "start" : 1755467031395,
          "stop" : 1755467091667,
          "duration" : 60272
        },
        "status" : "passed",
        "steps" : [ {
          "name" : "Получить кнопку 'Принимаю всё' в сообщении о принятии файлов cookie на Главной странице",
          "time" : {
            "start" : 1755467031395,
            "stop" : 1755467091667,
            "duration" : 60272
          },
          "status" : "broken",
          "statusMessage" : "selenium.common.exceptions.TimeoutException: Message: \nStacktrace:\n#0 0x55736a59405a <unknown>\n#1 0x55736a033a70 <unknown>\n#2 0x55736a085907 <unknown>\n#3 0x55736a085b01 <unknown>\n#4 0x55736a0d3d54 <unknown>\n#5 0x55736a0ab40d <unknown>\n#6 0x55736a0d114f <unknown>\n#7 0x55736a0ab1b3 <unknown>\n#8 0x55736a07759b <unknown>\n#9 0x55736a078971 <unknown>\n#10 0x55736a55922b <unknown>\n#11 0x55736a55cf79 <unknown>\n#12 0x55736a540309 <unknown>\n#13 0x55736a55db28 <unknown>\n#14 0x55736a524bef <unknown>\n#15 0x55736a5810e8 <unknown>\n#16 0x55736a5812c6 <unknown>\n#17 0x55736a593036 <unknown>\n#18 0x7f777889caa4 <unknown>\n#19 0x7f7778929c3c <unknown>\n\n",
          "statusTrace" : "  File \"/opt/hostedtoolcache/Python/3.12.11/x64/lib/python3.12/site-packages/allure_commons/_allure.py\", line 192, in impl\n    return func(*a, **kw)\n           ^^^^^^^^^^^^^^\n  File \"/home/runner/work/PulseWave/PulseWave/pages/footer.py\", line 39, in get_allow_all_cookies\n    button_text = self.element_is_visible(self.locator.ALLOW_ALL_COOKIES)\n                  ^^^^^^^^^^^^^^^^^^^^^^^^^^^^^^^^^^^^^^^^^^^^^^^^^^^^^^^\n  File \"/opt/hostedtoolcache/Python/3.12.11/x64/lib/python3.12/site-packages/allure_commons/_allure.py\", line 192, in impl\n    return func(*a, **kw)\n           ^^^^^^^^^^^^^^\n  File \"/home/runner/work/PulseWave/PulseWave/pages/base_page.py\", line 20, in element_is_visible\n    element = self.element_is_present(locator)\n              ^^^^^^^^^^^^^^^^^^^^^^^^^^^^^^^^\n  File \"/opt/hostedtoolcache/Python/3.12.11/x64/lib/python3.12/site-packages/allure_commons/_allure.py\", line 192, in impl\n    return func(*a, **kw)\n           ^^^^^^^^^^^^^^\n  File \"/home/runner/work/PulseWave/PulseWave/pages/base_page.py\", line 39, in element_is_present\n    return Wait(self.driver, self.timeout).until(es.presence_of_element_located(locator))\n           ^^^^^^^^^^^^^^^^^^^^^^^^^^^^^^^^^^^^^^^^^^^^^^^^^^^^^^^^^^^^^^^^^^^^^^^^^^^^^^\n  File \"/opt/hostedtoolcache/Python/3.12.11/x64/lib/python3.12/site-packages/selenium/webdriver/support/wait.py\", line 105, in until\n    raise TimeoutException(message, screen, stacktrace)\n",
          "steps" : [ {
            "name" : "Проверить видимость элемента",
            "time" : {
              "start" : 1755467031396,
              "stop" : 1755467091666,
              "duration" : 60270
            },
            "status" : "broken",
            "statusMessage" : "selenium.common.exceptions.TimeoutException: Message: \nStacktrace:\n#0 0x55736a59405a <unknown>\n#1 0x55736a033a70 <unknown>\n#2 0x55736a085907 <unknown>\n#3 0x55736a085b01 <unknown>\n#4 0x55736a0d3d54 <unknown>\n#5 0x55736a0ab40d <unknown>\n#6 0x55736a0d114f <unknown>\n#7 0x55736a0ab1b3 <unknown>\n#8 0x55736a07759b <unknown>\n#9 0x55736a078971 <unknown>\n#10 0x55736a55922b <unknown>\n#11 0x55736a55cf79 <unknown>\n#12 0x55736a540309 <unknown>\n#13 0x55736a55db28 <unknown>\n#14 0x55736a524bef <unknown>\n#15 0x55736a5810e8 <unknown>\n#16 0x55736a5812c6 <unknown>\n#17 0x55736a593036 <unknown>\n#18 0x7f777889caa4 <unknown>\n#19 0x7f7778929c3c <unknown>\n\n",
            "statusTrace" : "  File \"/opt/hostedtoolcache/Python/3.12.11/x64/lib/python3.12/site-packages/allure_commons/_allure.py\", line 192, in impl\n    return func(*a, **kw)\n           ^^^^^^^^^^^^^^\n  File \"/home/runner/work/PulseWave/PulseWave/pages/base_page.py\", line 20, in element_is_visible\n    element = self.element_is_present(locator)\n              ^^^^^^^^^^^^^^^^^^^^^^^^^^^^^^^^\n  File \"/opt/hostedtoolcache/Python/3.12.11/x64/lib/python3.12/site-packages/allure_commons/_allure.py\", line 192, in impl\n    return func(*a, **kw)\n           ^^^^^^^^^^^^^^\n  File \"/home/runner/work/PulseWave/PulseWave/pages/base_page.py\", line 39, in element_is_present\n    return Wait(self.driver, self.timeout).until(es.presence_of_element_located(locator))\n           ^^^^^^^^^^^^^^^^^^^^^^^^^^^^^^^^^^^^^^^^^^^^^^^^^^^^^^^^^^^^^^^^^^^^^^^^^^^^^^\n  File \"/opt/hostedtoolcache/Python/3.12.11/x64/lib/python3.12/site-packages/selenium/webdriver/support/wait.py\", line 105, in until\n    raise TimeoutException(message, screen, stacktrace)\n",
            "steps" : [ {
              "name" : "Проверить присутствие элемента в DOM",
              "time" : {
                "start" : 1755467031396,
                "stop" : 1755467091666,
                "duration" : 60270
              },
              "status" : "broken",
              "statusMessage" : "selenium.common.exceptions.TimeoutException: Message: \nStacktrace:\n#0 0x55736a59405a <unknown>\n#1 0x55736a033a70 <unknown>\n#2 0x55736a085907 <unknown>\n#3 0x55736a085b01 <unknown>\n#4 0x55736a0d3d54 <unknown>\n#5 0x55736a0ab40d <unknown>\n#6 0x55736a0d114f <unknown>\n#7 0x55736a0ab1b3 <unknown>\n#8 0x55736a07759b <unknown>\n#9 0x55736a078971 <unknown>\n#10 0x55736a55922b <unknown>\n#11 0x55736a55cf79 <unknown>\n#12 0x55736a540309 <unknown>\n#13 0x55736a55db28 <unknown>\n#14 0x55736a524bef <unknown>\n#15 0x55736a5810e8 <unknown>\n#16 0x55736a5812c6 <unknown>\n#17 0x55736a593036 <unknown>\n#18 0x7f777889caa4 <unknown>\n#19 0x7f7778929c3c <unknown>\n\n",
              "statusTrace" : "  File \"/opt/hostedtoolcache/Python/3.12.11/x64/lib/python3.12/site-packages/allure_commons/_allure.py\", line 192, in impl\n    return func(*a, **kw)\n           ^^^^^^^^^^^^^^\n  File \"/home/runner/work/PulseWave/PulseWave/pages/base_page.py\", line 39, in element_is_present\n    return Wait(self.driver, self.timeout).until(es.presence_of_element_located(locator))\n           ^^^^^^^^^^^^^^^^^^^^^^^^^^^^^^^^^^^^^^^^^^^^^^^^^^^^^^^^^^^^^^^^^^^^^^^^^^^^^^\n  File \"/opt/hostedtoolcache/Python/3.12.11/x64/lib/python3.12/site-packages/selenium/webdriver/support/wait.py\", line 105, in until\n    raise TimeoutException(message, screen, stacktrace)\n",
              "steps" : [ ],
              "attachments" : [ ],
              "parameters" : [ {
                "name" : "locator",
                "value" : "('css selector', '.cookies__body .button__small')"
              } ],
              "stepsCount" : 0,
              "attachmentsCount" : 0,
              "shouldDisplayMessage" : true,
              "hasContent" : true
            } ],
            "attachments" : [ ],
            "parameters" : [ {
              "name" : "locator",
              "value" : "('css selector', '.cookies__body .button__small')"
            } ],
            "stepsCount" : 1,
            "attachmentsCount" : 0,
            "shouldDisplayMessage" : false,
            "hasContent" : true
          } ],
          "attachments" : [ ],
          "parameters" : [ ],
          "stepsCount" : 2,
          "attachmentsCount" : 0,
          "shouldDisplayMessage" : false,
          "hasContent" : true
        } ],
        "attachments" : [ ],
        "parameters" : [ {
          "name" : "driver",
          "value" : "<selenium.webdriver.chrome.webdriver.WebDriver (session=\"0a33632a14d6a5576f77d981907aa680\")>"
        } ],
        "stepsCount" : 3,
        "attachmentsCount" : 0,
        "shouldDisplayMessage" : false,
        "hasContent" : true
      } ],
      "attachments" : [ ],
      "parameters" : [ ],
      "stepsCount" : 4,
      "attachmentsCount" : 0,
      "shouldDisplayMessage" : false,
      "hasContent" : true
    } ],
    "attachments" : [ ],
    "parameters" : [ ],
    "stepsCount" : 5,
    "attachmentsCount" : 0,
    "shouldDisplayMessage" : false,
    "hasContent" : true
  } ],
  "testStage" : {
    "status" : "skipped",
    "statusMessage" : "XFAIL\n\nAssertionError: Не прошла проверка соответствия цвета кнопки 'Регистрация' макету\nassert 'rgba(0, 0, 0, 0)' == 'rgba(252, 224, 88, 1)'\n  \n  - rgba(252, 224, 88, 1)\n  + rgba(0, 0, 0, 0)",
    "statusTrace" : "self = <tests.ui_tests.header_test.TestHeader object at 0x7f477abb7710>\nheader_open = <pages.header.HeaderPage object at 0x7f477abdbbf0>\ncss_property = 'background-color', figma = 'rgba(252, 224, 88, 1)'\nname = 'цвета', url = 'https://app.dev.pulsewave.ru/auth/password?email='\n\n    @pytest.mark.xfail\n    @pytest.mark.parametrize('url', [link.LOGIN_PAGE, link.PASSWORD_RECOVERY])\n    @pytest.mark.parametrize('css_property, figma, name', const.CHECK_BUTTON)\n    @pytest.mark.regress\n    def test_get_css_property_header_auth_signup(self, header_open, css_property, figma, name, url):\n        allure.dynamic.title(f\"H.8 Проверка {name} кнопки '{self.const.TEXT_SIGNUP} в хедере {url}'\")\n        element = header_open.get_header_auth_login()\n        mean_css = element.value_of_css_property(css_property)\n        with allure.step(f\"Прошла проверка соответствия {name} кнопки '{self.const.TEXT_SIGNUP}' макету\"):\n>           assert mean_css == figma, \\\n                f\"Не прошла проверка соответствия {name} кнопки '{self.const.TEXT_SIGNUP}' макету\"\nE           AssertionError: Не прошла проверка соответствия цвета кнопки 'Регистрация' макету\nE           assert 'rgba(0, 0, 0, 0)' == 'rgba(252, 224, 88, 1)'\nE             \nE             - rgba(252, 224, 88, 1)\nE             + rgba(0, 0, 0, 0)\n\ntests/ui_tests/header_test.py:88: AssertionError",
    "steps" : [ {
      "name" : "Проверка видимости кнопки 'Войти' в хэдере",
      "time" : {
        "start" : 1755467091668,
        "stop" : 1755467091704,
        "duration" : 36
      },
      "status" : "passed",
      "steps" : [ {
        "name" : "Проверить видимость элемента",
        "time" : {
          "start" : 1755467091668,
          "stop" : 1755467091704,
          "duration" : 36
        },
        "status" : "passed",
        "steps" : [ {
          "name" : "Проверить присутствие элемента в DOM",
          "time" : {
            "start" : 1755467091668,
            "stop" : 1755467091678,
            "duration" : 10
          },
          "status" : "passed",
          "steps" : [ ],
          "attachments" : [ ],
          "parameters" : [ {
            "name" : "locator",
            "value" : "('xpath', '//*[text()=\" Войти \"]')"
          } ],
          "stepsCount" : 0,
          "attachmentsCount" : 0,
          "shouldDisplayMessage" : false,
          "hasContent" : true
        }, {
          "name" : "Проскролить до элемента",
          "time" : {
            "start" : 1755467091678,
            "stop" : 1755467091683,
            "duration" : 5
          },
          "status" : "passed",
          "steps" : [ ],
          "attachments" : [ ],
          "parameters" : [ {
            "name" : "element",
            "value" : "<selenium.webdriver.remote.webelement.WebElement (session=\"0a33632a14d6a5576f77d981907aa680\", element=\"f.E98198FAF47B13066F2212AB7A28CE1A.d.F183AA20DEC2937E1C34B1B175EE20B4.e.15\")>"
          } ],
          "stepsCount" : 0,
          "attachmentsCount" : 0,
          "shouldDisplayMessage" : false,
          "hasContent" : true
        } ],
        "attachments" : [ ],
        "parameters" : [ {
          "name" : "locator",
          "value" : "('xpath', '//*[text()=\" Войти \"]')"
        } ],
        "stepsCount" : 2,
        "attachmentsCount" : 0,
        "shouldDisplayMessage" : false,
        "hasContent" : true
      } ],
      "attachments" : [ ],
      "parameters" : [ ],
      "stepsCount" : 3,
      "attachmentsCount" : 0,
      "shouldDisplayMessage" : false,
      "hasContent" : true
    }, {
      "name" : "Прошла проверка соответствия цвета кнопки 'Регистрация' макету",
      "time" : {
        "start" : 1755467091713,
        "stop" : 1755467091713,
        "duration" : 0
      },
      "status" : "failed",
      "statusMessage" : "AssertionError: Не прошла проверка соответствия цвета кнопки 'Регистрация' макету\nassert 'rgba(0, 0, 0, 0)' == 'rgba(252, 224, 88, 1)'\n  \n  - rgba(252, 224, 88, 1)\n  + rgba(0, 0, 0, 0)\n",
      "statusTrace" : "  File \"/home/runner/work/PulseWave/PulseWave/tests/ui_tests/header_test.py\", line 88, in test_get_css_property_header_auth_signup\n    assert mean_css == figma, \\\n",
      "steps" : [ ],
      "attachments" : [ ],
      "parameters" : [ ],
      "stepsCount" : 0,
      "attachmentsCount" : 0,
      "shouldDisplayMessage" : true,
      "hasContent" : true
    } ],
    "attachments" : [ {
      "name" : "Screenshot",
      "type" : "image/png",
      "size" : 0
    } ],
    "parameters" : [ ],
    "stepsCount" : 5,
    "attachmentsCount" : 1,
    "shouldDisplayMessage" : true,
    "hasContent" : true
  },
  "afterStages" : [ {
    "name" : "driver::0",
    "time" : {
      "start" : 1755467091792,
      "stop" : 1755467091863,
      "duration" : 71
    },
    "status" : "passed",
    "steps" : [ ],
    "attachments" : [ ],
    "parameters" : [ ],
    "stepsCount" : 0,
    "attachmentsCount" : 0,
    "shouldDisplayMessage" : false,
    "hasContent" : false
  } ],
  "labels" : [ {
    "name" : "epic",
    "value" : "Тестирование Хедера"
  }, {
    "name" : "tag",
    "value" : "regress"
  }, {
    "name" : "tag",
    "value" : "@pytest.mark.xfail"
  }, {
    "name" : "parentSuite",
    "value" : "tests.ui_tests"
  }, {
    "name" : "suite",
    "value" : "header_test"
  }, {
    "name" : "subSuite",
    "value" : "TestHeader"
  }, {
    "name" : "host",
    "value" : "pkrvmubgrv54qmi"
  }, {
    "name" : "thread",
    "value" : "2556-MainThread"
  }, {
    "name" : "framework",
    "value" : "pytest"
  }, {
    "name" : "language",
    "value" : "cpython3"
  }, {
    "name" : "package",
    "value" : "tests.ui_tests.header_test"
  }, {
    "name" : "resultFormat",
    "value" : "allure2"
  } ],
  "parameters" : [ {
    "name" : "css_property",
    "value" : "'background-color'"
  }, {
    "name" : "figma",
    "value" : "'rgba(252, 224, 88, 1)'"
  }, {
    "name" : "name",
    "value" : "'цвета'"
  }, {
    "name" : "url",
    "value" : "'https://app.dev.pulsewave.ru/auth/password?email='"
  } ],
  "links" : [ ],
  "hidden" : false,
  "retry" : false,
  "extra" : {
    "severity" : "normal",
    "retries" : [ ],
    "categories" : [ ],
    "history" : {
      "statistic" : {
        "failed" : 0,
        "broken" : 0,
        "skipped" : 3,
        "passed" : 0,
        "unknown" : 0,
        "total" : 3
      },
      "items" : [ {
        "uid" : "63908b42e663a8a8",
        "reportUrl" : "https://Nat754.github.io/PulseWave/239//#testresult/63908b42e663a8a8",
        "status" : "skipped",
        "statusDetails" : "XFAIL\n\nAssertionError: Не прошла проверка соответствия цвета кнопки 'Регистрация' макету\nassert 'rgba(0, 0, 0, 0)' == 'rgba(252, 224, 88, 1)'\n  \n  - rgba(252, 224, 88, 1)\n  + rgba(0, 0, 0, 0)",
        "time" : {
          "start" : 1755469616397,
          "stop" : 1755469616446,
          "duration" : 49
        }
      }, {
        "uid" : "2232b095ba06e821",
        "reportUrl" : "https://Nat754.github.io/PulseWave/238//#testresult/2232b095ba06e821",
        "status" : "skipped",
        "statusDetails" : "XFAIL\n\nAssertionError: Не прошла проверка соответствия цвета кнопки 'Регистрация' макету\nassert 'rgba(0, 0, 0, 0)' == 'rgba(252, 224, 88, 1)'\n  \n  - rgba(252, 224, 88, 1)\n  + rgba(0, 0, 0, 0)",
        "time" : {
          "start" : 1755459089591,
          "stop" : 1755459089636,
          "duration" : 45
        }
      } ]
    },
    "tags" : [ "@pytest.mark.xfail", "regress" ]
  },
  "source" : "b09152570d27f5d0.json",
  "parameterValues" : [ "'background-color'", "'rgba(252, 224, 88, 1)'", "'цвета'", "'https://app.dev.pulsewave.ru/auth/password?email='" ]
}