{
  "uid" : "d01e82b5be5e874",
  "name" : "S.6 Окно регистрации сообщение 'Пароль должен содержать минимум 8 символов, включая буквы и цифры'",
  "fullName" : "tests.ui_tests.signup_page_test.TestSignupPage#test_signup_message_password_rules",
  "historyId" : "62aafa69e8c1e3d5c6312a9ddf73389e",
  "time" : {
    "start" : 1755468943770,
    "stop" : 1755469004060,
    "duration" : 60290
  },
  "status" : "broken",
  "statusMessage" : "selenium.common.exceptions.TimeoutException: Message: \nStacktrace:\n#0 0x5597fe78505a <unknown>\n#1 0x5597fe224a70 <unknown>\n#2 0x5597fe276907 <unknown>\n#3 0x5597fe276b01 <unknown>\n#4 0x5597fe2c4d54 <unknown>\n#5 0x5597fe29c40d <unknown>\n#6 0x5597fe2c214f <unknown>\n#7 0x5597fe29c1b3 <unknown>\n#8 0x5597fe26859b <unknown>\n#9 0x5597fe269971 <unknown>\n#10 0x5597fe74a22b <unknown>\n#11 0x5597fe74df79 <unknown>\n#12 0x5597fe731309 <unknown>\n#13 0x5597fe74eb28 <unknown>\n#14 0x5597fe715bef <unknown>\n#15 0x5597fe7720e8 <unknown>\n#16 0x5597fe7722c6 <unknown>\n#17 0x5597fe784036 <unknown>\n#18 0x7f7251c9caa4 <unknown>\n#19 0x7f7251d29c3c <unknown>",
  "statusTrace" : "self = <tests.ui_tests.signup_page_test.TestSignupPage object at 0x7f477abbbfb0>\nsignup_page_open = <pages.signup_page.SignUpPage object at 0x7f477abeccb0>\nerr = 0\n\n    @allure.title(f\"S.6 Окно регистрации сообщение '{msg.PASSWORD_RULES_MSG}'\")\n    @pytest.mark.smoke\n    def test_signup_message_password_rules(self, signup_page_open, err=0):\n>       element = signup_page_open.check_password_rules_message()\n\ntests/ui_tests/signup_page_test.py:88: \n_ _ _ _ _ _ _ _ _ _ _ _ _ _ _ _ _ _ _ _ _ _ _ _ _ _ _ _ _ _ _ _ _ _ _ _ _ _ _ _ \npages/signup_page.py:40: in check_password_rules_message\n    return self.element_is_visible(self.locator.PASSWORD_RULES)\npages/base_page.py:20: in element_is_visible\n    element = self.element_is_present(locator)\npages/base_page.py:39: in element_is_present\n    return Wait(self.driver, self.timeout).until(es.presence_of_element_located(locator))\n_ _ _ _ _ _ _ _ _ _ _ _ _ _ _ _ _ _ _ _ _ _ _ _ _ _ _ _ _ _ _ _ _ _ _ _ _ _ _ _ \n\nself = <selenium.webdriver.support.wait.WebDriverWait (session=\"9cddb81738c8466b6f2a59b62c54bdee\")>\nmethod = <function presence_of_element_located.<locals>._predicate at 0x7f477ae8d120>\nmessage = ''\n\n    def until(self, method: Callable[[D], Union[Literal[False], T]], message: str = \"\") -> T:\n        \"\"\"Calls the method provided with the driver as an argument until the \\\n        return value does not evaluate to ``False``.\n    \n        :param method: callable(WebDriver)\n        :param message: optional message for :exc:`TimeoutException`\n        :returns: the result of the last call to `method`\n        :raises: :exc:`selenium.common.exceptions.TimeoutException` if timeout occurs\n        \"\"\"\n        screen = None\n        stacktrace = None\n    \n        end_time = time.monotonic() + self._timeout\n        while True:\n            try:\n                value = method(self._driver)\n                if value:\n                    return value\n            except self._ignored_exceptions as exc:\n                screen = getattr(exc, \"screen\", None)\n                stacktrace = getattr(exc, \"stacktrace\", None)\n            time.sleep(self._poll)\n            if time.monotonic() > end_time:\n                break\n>       raise TimeoutException(message, screen, stacktrace)\nE       selenium.common.exceptions.TimeoutException: Message: \nE       Stacktrace:\nE       #0 0x5597fe78505a <unknown>\nE       #1 0x5597fe224a70 <unknown>\nE       #2 0x5597fe276907 <unknown>\nE       #3 0x5597fe276b01 <unknown>\nE       #4 0x5597fe2c4d54 <unknown>\nE       #5 0x5597fe29c40d <unknown>\nE       #6 0x5597fe2c214f <unknown>\nE       #7 0x5597fe29c1b3 <unknown>\nE       #8 0x5597fe26859b <unknown>\nE       #9 0x5597fe269971 <unknown>\nE       #10 0x5597fe74a22b <unknown>\nE       #11 0x5597fe74df79 <unknown>\nE       #12 0x5597fe731309 <unknown>\nE       #13 0x5597fe74eb28 <unknown>\nE       #14 0x5597fe715bef <unknown>\nE       #15 0x5597fe7720e8 <unknown>\nE       #16 0x5597fe7722c6 <unknown>\nE       #17 0x5597fe784036 <unknown>\nE       #18 0x7f7251c9caa4 <unknown>\nE       #19 0x7f7251d29c3c <unknown>\n\n/opt/hostedtoolcache/Python/3.12.11/x64/lib/python3.12/site-packages/selenium/webdriver/support/wait.py:105: TimeoutException",
  "flaky" : false,
  "newFailed" : false,
  "beforeStages" : [ {
    "name" : "signup_page_open",
    "time" : {
      "start" : 1755468879744,
      "stop" : 1755468943770,
      "duration" : 64026
    },
    "status" : "passed",
    "steps" : [ {
      "name" : "Открыть страницу Регистрации",
      "time" : {
        "start" : 1755468879745,
        "stop" : 1755468943770,
        "duration" : 64025
      },
      "status" : "passed",
      "steps" : [ {
        "name" : "Согласиться с использованием файлов cookies, если высветилось окно",
        "time" : {
          "start" : 1755468883496,
          "stop" : 1755468943770,
          "duration" : 60274
        },
        "status" : "passed",
        "steps" : [ {
          "name" : "Получить кнопку 'Принимаю всё' в сообщении о принятии файлов cookie на Главной странице",
          "time" : {
            "start" : 1755468883496,
            "stop" : 1755468943769,
            "duration" : 60273
          },
          "status" : "broken",
          "statusMessage" : "selenium.common.exceptions.TimeoutException: Message: \nStacktrace:\n#0 0x5597fe78505a <unknown>\n#1 0x5597fe224a70 <unknown>\n#2 0x5597fe276907 <unknown>\n#3 0x5597fe276b01 <unknown>\n#4 0x5597fe2c4d54 <unknown>\n#5 0x5597fe29c40d <unknown>\n#6 0x5597fe2c214f <unknown>\n#7 0x5597fe29c1b3 <unknown>\n#8 0x5597fe26859b <unknown>\n#9 0x5597fe269971 <unknown>\n#10 0x5597fe74a22b <unknown>\n#11 0x5597fe74df79 <unknown>\n#12 0x5597fe731309 <unknown>\n#13 0x5597fe74eb28 <unknown>\n#14 0x5597fe715bef <unknown>\n#15 0x5597fe7720e8 <unknown>\n#16 0x5597fe7722c6 <unknown>\n#17 0x5597fe784036 <unknown>\n#18 0x7f7251c9caa4 <unknown>\n#19 0x7f7251d29c3c <unknown>\n\n",
          "statusTrace" : "  File \"/opt/hostedtoolcache/Python/3.12.11/x64/lib/python3.12/site-packages/allure_commons/_allure.py\", line 192, in impl\n    return func(*a, **kw)\n           ^^^^^^^^^^^^^^\n  File \"/home/runner/work/PulseWave/PulseWave/pages/footer.py\", line 39, in get_allow_all_cookies\n    button_text = self.element_is_visible(self.locator.ALLOW_ALL_COOKIES)\n                  ^^^^^^^^^^^^^^^^^^^^^^^^^^^^^^^^^^^^^^^^^^^^^^^^^^^^^^^\n  File \"/opt/hostedtoolcache/Python/3.12.11/x64/lib/python3.12/site-packages/allure_commons/_allure.py\", line 192, in impl\n    return func(*a, **kw)\n           ^^^^^^^^^^^^^^\n  File \"/home/runner/work/PulseWave/PulseWave/pages/base_page.py\", line 20, in element_is_visible\n    element = self.element_is_present(locator)\n              ^^^^^^^^^^^^^^^^^^^^^^^^^^^^^^^^\n  File \"/opt/hostedtoolcache/Python/3.12.11/x64/lib/python3.12/site-packages/allure_commons/_allure.py\", line 192, in impl\n    return func(*a, **kw)\n           ^^^^^^^^^^^^^^\n  File \"/home/runner/work/PulseWave/PulseWave/pages/base_page.py\", line 39, in element_is_present\n    return Wait(self.driver, self.timeout).until(es.presence_of_element_located(locator))\n           ^^^^^^^^^^^^^^^^^^^^^^^^^^^^^^^^^^^^^^^^^^^^^^^^^^^^^^^^^^^^^^^^^^^^^^^^^^^^^^\n  File \"/opt/hostedtoolcache/Python/3.12.11/x64/lib/python3.12/site-packages/selenium/webdriver/support/wait.py\", line 105, in until\n    raise TimeoutException(message, screen, stacktrace)\n",
          "steps" : [ {
            "name" : "Проверить видимость элемента",
            "time" : {
              "start" : 1755468883497,
              "stop" : 1755468943769,
              "duration" : 60272
            },
            "status" : "broken",
            "statusMessage" : "selenium.common.exceptions.TimeoutException: Message: \nStacktrace:\n#0 0x5597fe78505a <unknown>\n#1 0x5597fe224a70 <unknown>\n#2 0x5597fe276907 <unknown>\n#3 0x5597fe276b01 <unknown>\n#4 0x5597fe2c4d54 <unknown>\n#5 0x5597fe29c40d <unknown>\n#6 0x5597fe2c214f <unknown>\n#7 0x5597fe29c1b3 <unknown>\n#8 0x5597fe26859b <unknown>\n#9 0x5597fe269971 <unknown>\n#10 0x5597fe74a22b <unknown>\n#11 0x5597fe74df79 <unknown>\n#12 0x5597fe731309 <unknown>\n#13 0x5597fe74eb28 <unknown>\n#14 0x5597fe715bef <unknown>\n#15 0x5597fe7720e8 <unknown>\n#16 0x5597fe7722c6 <unknown>\n#17 0x5597fe784036 <unknown>\n#18 0x7f7251c9caa4 <unknown>\n#19 0x7f7251d29c3c <unknown>\n\n",
            "statusTrace" : "  File \"/opt/hostedtoolcache/Python/3.12.11/x64/lib/python3.12/site-packages/allure_commons/_allure.py\", line 192, in impl\n    return func(*a, **kw)\n           ^^^^^^^^^^^^^^\n  File \"/home/runner/work/PulseWave/PulseWave/pages/base_page.py\", line 20, in element_is_visible\n    element = self.element_is_present(locator)\n              ^^^^^^^^^^^^^^^^^^^^^^^^^^^^^^^^\n  File \"/opt/hostedtoolcache/Python/3.12.11/x64/lib/python3.12/site-packages/allure_commons/_allure.py\", line 192, in impl\n    return func(*a, **kw)\n           ^^^^^^^^^^^^^^\n  File \"/home/runner/work/PulseWave/PulseWave/pages/base_page.py\", line 39, in element_is_present\n    return Wait(self.driver, self.timeout).until(es.presence_of_element_located(locator))\n           ^^^^^^^^^^^^^^^^^^^^^^^^^^^^^^^^^^^^^^^^^^^^^^^^^^^^^^^^^^^^^^^^^^^^^^^^^^^^^^\n  File \"/opt/hostedtoolcache/Python/3.12.11/x64/lib/python3.12/site-packages/selenium/webdriver/support/wait.py\", line 105, in until\n    raise TimeoutException(message, screen, stacktrace)\n",
            "steps" : [ {
              "name" : "Проверить присутствие элемента в DOM",
              "time" : {
                "start" : 1755468883497,
                "stop" : 1755468943769,
                "duration" : 60272
              },
              "status" : "broken",
              "statusMessage" : "selenium.common.exceptions.TimeoutException: Message: \nStacktrace:\n#0 0x5597fe78505a <unknown>\n#1 0x5597fe224a70 <unknown>\n#2 0x5597fe276907 <unknown>\n#3 0x5597fe276b01 <unknown>\n#4 0x5597fe2c4d54 <unknown>\n#5 0x5597fe29c40d <unknown>\n#6 0x5597fe2c214f <unknown>\n#7 0x5597fe29c1b3 <unknown>\n#8 0x5597fe26859b <unknown>\n#9 0x5597fe269971 <unknown>\n#10 0x5597fe74a22b <unknown>\n#11 0x5597fe74df79 <unknown>\n#12 0x5597fe731309 <unknown>\n#13 0x5597fe74eb28 <unknown>\n#14 0x5597fe715bef <unknown>\n#15 0x5597fe7720e8 <unknown>\n#16 0x5597fe7722c6 <unknown>\n#17 0x5597fe784036 <unknown>\n#18 0x7f7251c9caa4 <unknown>\n#19 0x7f7251d29c3c <unknown>\n\n",
              "statusTrace" : "  File \"/opt/hostedtoolcache/Python/3.12.11/x64/lib/python3.12/site-packages/allure_commons/_allure.py\", line 192, in impl\n    return func(*a, **kw)\n           ^^^^^^^^^^^^^^\n  File \"/home/runner/work/PulseWave/PulseWave/pages/base_page.py\", line 39, in element_is_present\n    return Wait(self.driver, self.timeout).until(es.presence_of_element_located(locator))\n           ^^^^^^^^^^^^^^^^^^^^^^^^^^^^^^^^^^^^^^^^^^^^^^^^^^^^^^^^^^^^^^^^^^^^^^^^^^^^^^\n  File \"/opt/hostedtoolcache/Python/3.12.11/x64/lib/python3.12/site-packages/selenium/webdriver/support/wait.py\", line 105, in until\n    raise TimeoutException(message, screen, stacktrace)\n",
              "steps" : [ ],
              "attachments" : [ ],
              "parameters" : [ {
                "name" : "locator",
                "value" : "('css selector', '.cookies__body .button__small')"
              } ],
              "stepsCount" : 0,
              "attachmentsCount" : 0,
              "shouldDisplayMessage" : true,
              "hasContent" : true
            } ],
            "attachments" : [ ],
            "parameters" : [ {
              "name" : "locator",
              "value" : "('css selector', '.cookies__body .button__small')"
            } ],
            "stepsCount" : 1,
            "attachmentsCount" : 0,
            "shouldDisplayMessage" : false,
            "hasContent" : true
          } ],
          "attachments" : [ ],
          "parameters" : [ ],
          "stepsCount" : 2,
          "attachmentsCount" : 0,
          "shouldDisplayMessage" : false,
          "hasContent" : true
        } ],
        "attachments" : [ ],
        "parameters" : [ {
          "name" : "driver",
          "value" : "<selenium.webdriver.chrome.webdriver.WebDriver (session=\"9cddb81738c8466b6f2a59b62c54bdee\")>"
        } ],
        "stepsCount" : 3,
        "attachmentsCount" : 0,
        "shouldDisplayMessage" : false,
        "hasContent" : true
      } ],
      "attachments" : [ ],
      "parameters" : [ {
        "name" : "driver",
        "value" : "<selenium.webdriver.chrome.webdriver.WebDriver (session=\"9cddb81738c8466b6f2a59b62c54bdee\")>"
      } ],
      "stepsCount" : 4,
      "attachmentsCount" : 0,
      "shouldDisplayMessage" : false,
      "hasContent" : true
    } ],
    "attachments" : [ ],
    "parameters" : [ ],
    "stepsCount" : 5,
    "attachmentsCount" : 0,
    "shouldDisplayMessage" : false,
    "hasContent" : true
  }, {
    "name" : "driver",
    "time" : {
      "start" : 1755468879471,
      "stop" : 1755468879744,
      "duration" : 273
    },
    "status" : "passed",
    "steps" : [ ],
    "attachments" : [ ],
    "parameters" : [ ],
    "stepsCount" : 0,
    "attachmentsCount" : 0,
    "shouldDisplayMessage" : false,
    "hasContent" : false
  } ],
  "testStage" : {
    "status" : "broken",
    "statusMessage" : "selenium.common.exceptions.TimeoutException: Message: \nStacktrace:\n#0 0x5597fe78505a <unknown>\n#1 0x5597fe224a70 <unknown>\n#2 0x5597fe276907 <unknown>\n#3 0x5597fe276b01 <unknown>\n#4 0x5597fe2c4d54 <unknown>\n#5 0x5597fe29c40d <unknown>\n#6 0x5597fe2c214f <unknown>\n#7 0x5597fe29c1b3 <unknown>\n#8 0x5597fe26859b <unknown>\n#9 0x5597fe269971 <unknown>\n#10 0x5597fe74a22b <unknown>\n#11 0x5597fe74df79 <unknown>\n#12 0x5597fe731309 <unknown>\n#13 0x5597fe74eb28 <unknown>\n#14 0x5597fe715bef <unknown>\n#15 0x5597fe7720e8 <unknown>\n#16 0x5597fe7722c6 <unknown>\n#17 0x5597fe784036 <unknown>\n#18 0x7f7251c9caa4 <unknown>\n#19 0x7f7251d29c3c <unknown>",
    "statusTrace" : "self = <tests.ui_tests.signup_page_test.TestSignupPage object at 0x7f477abbbfb0>\nsignup_page_open = <pages.signup_page.SignUpPage object at 0x7f477abeccb0>\nerr = 0\n\n    @allure.title(f\"S.6 Окно регистрации сообщение '{msg.PASSWORD_RULES_MSG}'\")\n    @pytest.mark.smoke\n    def test_signup_message_password_rules(self, signup_page_open, err=0):\n>       element = signup_page_open.check_password_rules_message()\n\ntests/ui_tests/signup_page_test.py:88: \n_ _ _ _ _ _ _ _ _ _ _ _ _ _ _ _ _ _ _ _ _ _ _ _ _ _ _ _ _ _ _ _ _ _ _ _ _ _ _ _ \npages/signup_page.py:40: in check_password_rules_message\n    return self.element_is_visible(self.locator.PASSWORD_RULES)\npages/base_page.py:20: in element_is_visible\n    element = self.element_is_present(locator)\npages/base_page.py:39: in element_is_present\n    return Wait(self.driver, self.timeout).until(es.presence_of_element_located(locator))\n_ _ _ _ _ _ _ _ _ _ _ _ _ _ _ _ _ _ _ _ _ _ _ _ _ _ _ _ _ _ _ _ _ _ _ _ _ _ _ _ \n\nself = <selenium.webdriver.support.wait.WebDriverWait (session=\"9cddb81738c8466b6f2a59b62c54bdee\")>\nmethod = <function presence_of_element_located.<locals>._predicate at 0x7f477ae8d120>\nmessage = ''\n\n    def until(self, method: Callable[[D], Union[Literal[False], T]], message: str = \"\") -> T:\n        \"\"\"Calls the method provided with the driver as an argument until the \\\n        return value does not evaluate to ``False``.\n    \n        :param method: callable(WebDriver)\n        :param message: optional message for :exc:`TimeoutException`\n        :returns: the result of the last call to `method`\n        :raises: :exc:`selenium.common.exceptions.TimeoutException` if timeout occurs\n        \"\"\"\n        screen = None\n        stacktrace = None\n    \n        end_time = time.monotonic() + self._timeout\n        while True:\n            try:\n                value = method(self._driver)\n                if value:\n                    return value\n            except self._ignored_exceptions as exc:\n                screen = getattr(exc, \"screen\", None)\n                stacktrace = getattr(exc, \"stacktrace\", None)\n            time.sleep(self._poll)\n            if time.monotonic() > end_time:\n                break\n>       raise TimeoutException(message, screen, stacktrace)\nE       selenium.common.exceptions.TimeoutException: Message: \nE       Stacktrace:\nE       #0 0x5597fe78505a <unknown>\nE       #1 0x5597fe224a70 <unknown>\nE       #2 0x5597fe276907 <unknown>\nE       #3 0x5597fe276b01 <unknown>\nE       #4 0x5597fe2c4d54 <unknown>\nE       #5 0x5597fe29c40d <unknown>\nE       #6 0x5597fe2c214f <unknown>\nE       #7 0x5597fe29c1b3 <unknown>\nE       #8 0x5597fe26859b <unknown>\nE       #9 0x5597fe269971 <unknown>\nE       #10 0x5597fe74a22b <unknown>\nE       #11 0x5597fe74df79 <unknown>\nE       #12 0x5597fe731309 <unknown>\nE       #13 0x5597fe74eb28 <unknown>\nE       #14 0x5597fe715bef <unknown>\nE       #15 0x5597fe7720e8 <unknown>\nE       #16 0x5597fe7722c6 <unknown>\nE       #17 0x5597fe784036 <unknown>\nE       #18 0x7f7251c9caa4 <unknown>\nE       #19 0x7f7251d29c3c <unknown>\n\n/opt/hostedtoolcache/Python/3.12.11/x64/lib/python3.12/site-packages/selenium/webdriver/support/wait.py:105: TimeoutException",
    "steps" : [ {
      "name" : "Видимость подсказки: 'Слабый пароль. Пароль должен содержать минимум 8 символов, включая буквы и цифры'",
      "time" : {
        "start" : 1755468943771,
        "stop" : 1755469004060,
        "duration" : 60289
      },
      "status" : "broken",
      "statusMessage" : "selenium.common.exceptions.TimeoutException: Message: \nStacktrace:\n#0 0x5597fe78505a <unknown>\n#1 0x5597fe224a70 <unknown>\n#2 0x5597fe276907 <unknown>\n#3 0x5597fe276b01 <unknown>\n#4 0x5597fe2c4d54 <unknown>\n#5 0x5597fe29c40d <unknown>\n#6 0x5597fe2c214f <unknown>\n#7 0x5597fe29c1b3 <unknown>\n#8 0x5597fe26859b <unknown>\n#9 0x5597fe269971 <unknown>\n#10 0x5597fe74a22b <unknown>\n#11 0x5597fe74df79 <unknown>\n#12 0x5597fe731309 <unknown>\n#13 0x5597fe74eb28 <unknown>\n#14 0x5597fe715bef <unknown>\n#15 0x5597fe7720e8 <unknown>\n#16 0x5597fe7722c6 <unknown>\n#17 0x5597fe784036 <unknown>\n#18 0x7f7251c9caa4 <unknown>\n#19 0x7f7251d29c3c <unknown>\n\n",
      "statusTrace" : "  File \"/opt/hostedtoolcache/Python/3.12.11/x64/lib/python3.12/site-packages/allure_commons/_allure.py\", line 192, in impl\n    return func(*a, **kw)\n           ^^^^^^^^^^^^^^\n  File \"/home/runner/work/PulseWave/PulseWave/pages/signup_page.py\", line 40, in check_password_rules_message\n    return self.element_is_visible(self.locator.PASSWORD_RULES)\n           ^^^^^^^^^^^^^^^^^^^^^^^^^^^^^^^^^^^^^^^^^^^^^^^^^^^^\n  File \"/opt/hostedtoolcache/Python/3.12.11/x64/lib/python3.12/site-packages/allure_commons/_allure.py\", line 192, in impl\n    return func(*a, **kw)\n           ^^^^^^^^^^^^^^\n  File \"/home/runner/work/PulseWave/PulseWave/pages/base_page.py\", line 20, in element_is_visible\n    element = self.element_is_present(locator)\n              ^^^^^^^^^^^^^^^^^^^^^^^^^^^^^^^^\n  File \"/opt/hostedtoolcache/Python/3.12.11/x64/lib/python3.12/site-packages/allure_commons/_allure.py\", line 192, in impl\n    return func(*a, **kw)\n           ^^^^^^^^^^^^^^\n  File \"/home/runner/work/PulseWave/PulseWave/pages/base_page.py\", line 39, in element_is_present\n    return Wait(self.driver, self.timeout).until(es.presence_of_element_located(locator))\n           ^^^^^^^^^^^^^^^^^^^^^^^^^^^^^^^^^^^^^^^^^^^^^^^^^^^^^^^^^^^^^^^^^^^^^^^^^^^^^^\n  File \"/opt/hostedtoolcache/Python/3.12.11/x64/lib/python3.12/site-packages/selenium/webdriver/support/wait.py\", line 105, in until\n    raise TimeoutException(message, screen, stacktrace)\n",
      "steps" : [ {
        "name" : "Проверить видимость элемента",
        "time" : {
          "start" : 1755468943771,
          "stop" : 1755469004059,
          "duration" : 60288
        },
        "status" : "broken",
        "statusMessage" : "selenium.common.exceptions.TimeoutException: Message: \nStacktrace:\n#0 0x5597fe78505a <unknown>\n#1 0x5597fe224a70 <unknown>\n#2 0x5597fe276907 <unknown>\n#3 0x5597fe276b01 <unknown>\n#4 0x5597fe2c4d54 <unknown>\n#5 0x5597fe29c40d <unknown>\n#6 0x5597fe2c214f <unknown>\n#7 0x5597fe29c1b3 <unknown>\n#8 0x5597fe26859b <unknown>\n#9 0x5597fe269971 <unknown>\n#10 0x5597fe74a22b <unknown>\n#11 0x5597fe74df79 <unknown>\n#12 0x5597fe731309 <unknown>\n#13 0x5597fe74eb28 <unknown>\n#14 0x5597fe715bef <unknown>\n#15 0x5597fe7720e8 <unknown>\n#16 0x5597fe7722c6 <unknown>\n#17 0x5597fe784036 <unknown>\n#18 0x7f7251c9caa4 <unknown>\n#19 0x7f7251d29c3c <unknown>\n\n",
        "statusTrace" : "  File \"/opt/hostedtoolcache/Python/3.12.11/x64/lib/python3.12/site-packages/allure_commons/_allure.py\", line 192, in impl\n    return func(*a, **kw)\n           ^^^^^^^^^^^^^^\n  File \"/home/runner/work/PulseWave/PulseWave/pages/base_page.py\", line 20, in element_is_visible\n    element = self.element_is_present(locator)\n              ^^^^^^^^^^^^^^^^^^^^^^^^^^^^^^^^\n  File \"/opt/hostedtoolcache/Python/3.12.11/x64/lib/python3.12/site-packages/allure_commons/_allure.py\", line 192, in impl\n    return func(*a, **kw)\n           ^^^^^^^^^^^^^^\n  File \"/home/runner/work/PulseWave/PulseWave/pages/base_page.py\", line 39, in element_is_present\n    return Wait(self.driver, self.timeout).until(es.presence_of_element_located(locator))\n           ^^^^^^^^^^^^^^^^^^^^^^^^^^^^^^^^^^^^^^^^^^^^^^^^^^^^^^^^^^^^^^^^^^^^^^^^^^^^^^\n  File \"/opt/hostedtoolcache/Python/3.12.11/x64/lib/python3.12/site-packages/selenium/webdriver/support/wait.py\", line 105, in until\n    raise TimeoutException(message, screen, stacktrace)\n",
        "steps" : [ {
          "name" : "Проверить присутствие элемента в DOM",
          "time" : {
            "start" : 1755468943771,
            "stop" : 1755469004059,
            "duration" : 60288
          },
          "status" : "broken",
          "statusMessage" : "selenium.common.exceptions.TimeoutException: Message: \nStacktrace:\n#0 0x5597fe78505a <unknown>\n#1 0x5597fe224a70 <unknown>\n#2 0x5597fe276907 <unknown>\n#3 0x5597fe276b01 <unknown>\n#4 0x5597fe2c4d54 <unknown>\n#5 0x5597fe29c40d <unknown>\n#6 0x5597fe2c214f <unknown>\n#7 0x5597fe29c1b3 <unknown>\n#8 0x5597fe26859b <unknown>\n#9 0x5597fe269971 <unknown>\n#10 0x5597fe74a22b <unknown>\n#11 0x5597fe74df79 <unknown>\n#12 0x5597fe731309 <unknown>\n#13 0x5597fe74eb28 <unknown>\n#14 0x5597fe715bef <unknown>\n#15 0x5597fe7720e8 <unknown>\n#16 0x5597fe7722c6 <unknown>\n#17 0x5597fe784036 <unknown>\n#18 0x7f7251c9caa4 <unknown>\n#19 0x7f7251d29c3c <unknown>\n\n",
          "statusTrace" : "  File \"/opt/hostedtoolcache/Python/3.12.11/x64/lib/python3.12/site-packages/allure_commons/_allure.py\", line 192, in impl\n    return func(*a, **kw)\n           ^^^^^^^^^^^^^^\n  File \"/home/runner/work/PulseWave/PulseWave/pages/base_page.py\", line 39, in element_is_present\n    return Wait(self.driver, self.timeout).until(es.presence_of_element_located(locator))\n           ^^^^^^^^^^^^^^^^^^^^^^^^^^^^^^^^^^^^^^^^^^^^^^^^^^^^^^^^^^^^^^^^^^^^^^^^^^^^^^\n  File \"/opt/hostedtoolcache/Python/3.12.11/x64/lib/python3.12/site-packages/selenium/webdriver/support/wait.py\", line 105, in until\n    raise TimeoutException(message, screen, stacktrace)\n",
          "steps" : [ ],
          "attachments" : [ ],
          "parameters" : [ {
            "name" : "locator",
            "value" : "('class name', 'explanation')"
          } ],
          "stepsCount" : 0,
          "attachmentsCount" : 0,
          "shouldDisplayMessage" : true,
          "hasContent" : true
        } ],
        "attachments" : [ ],
        "parameters" : [ {
          "name" : "locator",
          "value" : "('class name', 'explanation')"
        } ],
        "stepsCount" : 1,
        "attachmentsCount" : 0,
        "shouldDisplayMessage" : false,
        "hasContent" : true
      } ],
      "attachments" : [ ],
      "parameters" : [ ],
      "stepsCount" : 2,
      "attachmentsCount" : 0,
      "shouldDisplayMessage" : false,
      "hasContent" : true
    } ],
    "attachments" : [ {
      "name" : "Screenshot",
      "type" : "image/png",
      "size" : 0
    } ],
    "parameters" : [ ],
    "stepsCount" : 3,
    "attachmentsCount" : 1,
    "shouldDisplayMessage" : true,
    "hasContent" : true
  },
  "afterStages" : [ {
    "name" : "driver::0",
    "time" : {
      "start" : 1755469004140,
      "stop" : 1755469004225,
      "duration" : 85
    },
    "status" : "passed",
    "steps" : [ ],
    "attachments" : [ ],
    "parameters" : [ ],
    "stepsCount" : 0,
    "attachmentsCount" : 0,
    "shouldDisplayMessage" : false,
    "hasContent" : false
  } ],
  "labels" : [ {
    "name" : "epic",
    "value" : "Тестирование страницы 'Регистрация'"
  }, {
    "name" : "tag",
    "value" : "smoke"
  }, {
    "name" : "parentSuite",
    "value" : "tests.ui_tests"
  }, {
    "name" : "suite",
    "value" : "signup_page_test"
  }, {
    "name" : "subSuite",
    "value" : "TestSignupPage"
  }, {
    "name" : "host",
    "value" : "pkrvmubgrv54qmi"
  }, {
    "name" : "thread",
    "value" : "2556-MainThread"
  }, {
    "name" : "framework",
    "value" : "pytest"
  }, {
    "name" : "language",
    "value" : "cpython3"
  }, {
    "name" : "package",
    "value" : "tests.ui_tests.signup_page_test"
  }, {
    "name" : "resultFormat",
    "value" : "allure2"
  } ],
  "parameters" : [ ],
  "links" : [ ],
  "hidden" : false,
  "retry" : false,
  "extra" : {
    "severity" : "normal",
    "retries" : [ ],
    "categories" : [ {
      "name" : "Test defects",
      "matchedStatuses" : [ ],
      "flaky" : false
    } ],
    "history" : {
      "statistic" : {
        "failed" : 0,
        "broken" : 3,
        "skipped" : 0,
        "passed" : 58,
        "unknown" : 0,
        "total" : 61
      },
      "items" : [ {
        "uid" : "19b4b0ff242fbb4",
        "reportUrl" : "https://Nat754.github.io/PulseWave/239//#testresult/19b4b0ff242fbb4",
        "status" : "broken",
        "statusDetails" : "selenium.common.exceptions.TimeoutException: Message: \nStacktrace:\n#0 0x55a2df6ea05a <unknown>\n#1 0x55a2df189a70 <unknown>\n#2 0x55a2df1db907 <unknown>\n#3 0x55a2df1dbb01 <unknown>\n#4 0x55a2df229d54 <unknown>\n#5 0x55a2df20140d <unknown>\n#6 0x55a2df22714f <unknown>\n#7 0x55a2df2011b3 <unknown>\n#8 0x55a2df1cd59b <unknown>\n#9 0x55a2df1ce971 <unknown>\n#10 0x55a2df6af22b <unknown>\n#11 0x55a2df6b2f79 <unknown>\n#12 0x55a2df696309 <unknown>\n#13 0x55a2df6b3b28 <unknown>\n#14 0x55a2df67abef <unknown>\n#15 0x55a2df6d70e8 <unknown>\n#16 0x55a2df6d72c6 <unknown>\n#17 0x55a2df6e9036 <unknown>\n#18 0x7feb8649caa4 <unknown>\n#19 0x7feb86529c3c <unknown>",
        "time" : {
          "start" : 1755471513322,
          "stop" : 1755471573589,
          "duration" : 60267
        }
      }, {
        "uid" : "6b0e52b6990fac53",
        "reportUrl" : "https://Nat754.github.io/PulseWave/238//#testresult/6b0e52b6990fac53",
        "status" : "broken",
        "statusDetails" : "selenium.common.exceptions.TimeoutException: Message: \nStacktrace:\n#0 0x55c87803405a <unknown>\n#1 0x55c877ad3a70 <unknown>\n#2 0x55c877b25907 <unknown>\n#3 0x55c877b25b01 <unknown>\n#4 0x55c877b73d54 <unknown>\n#5 0x55c877b4b40d <unknown>\n#6 0x55c877b7114f <unknown>\n#7 0x55c877b4b1b3 <unknown>\n#8 0x55c877b1759b <unknown>\n#9 0x55c877b18971 <unknown>\n#10 0x55c877ff922b <unknown>\n#11 0x55c877ffcf79 <unknown>\n#12 0x55c877fe0309 <unknown>\n#13 0x55c877ffdb28 <unknown>\n#14 0x55c877fc4bef <unknown>\n#15 0x55c8780210e8 <unknown>\n#16 0x55c8780212c6 <unknown>\n#17 0x55c878033036 <unknown>\n#18 0x7f0a79c9caa4 <unknown>\n#19 0x7f0a79d29c3c <unknown>",
        "time" : {
          "start" : 1755460955259,
          "stop" : 1755461015571,
          "duration" : 60312
        }
      }, {
        "uid" : "3d426e9c0fb2a64d",
        "reportUrl" : "https://Nat754.github.io/PulseWave/483//#testresult/3d426e9c0fb2a64d",
        "status" : "passed",
        "time" : {
          "start" : 1755438830059,
          "stop" : 1755438830118,
          "duration" : 59
        }
      }, {
        "uid" : "19d7891a5c89d2e7",
        "reportUrl" : "https://Nat754.github.io/PulseWave/482//#testresult/19d7891a5c89d2e7",
        "status" : "passed",
        "time" : {
          "start" : 1755283357577,
          "stop" : 1755283357638,
          "duration" : 61
        }
      }, {
        "uid" : "249c99a28b587a25",
        "reportUrl" : "https://Nat754.github.io/PulseWave/237//#testresult/249c99a28b587a25",
        "status" : "passed",
        "time" : {
          "start" : 1755214866141,
          "stop" : 1755214866203,
          "duration" : 62
        }
      }, {
        "uid" : "e01e5527b9140f88",
        "reportUrl" : "https://Nat754.github.io/PulseWave/481//#testresult/e01e5527b9140f88",
        "status" : "passed",
        "time" : {
          "start" : 1755196834218,
          "stop" : 1755196834278,
          "duration" : 60
        }
      }, {
        "uid" : "4a2ee3579231d727",
        "reportUrl" : "https://Nat754.github.io/PulseWave/480//#testresult/4a2ee3579231d727",
        "status" : "passed",
        "time" : {
          "start" : 1755110423467,
          "stop" : 1755110424074,
          "duration" : 607
        }
      }, {
        "uid" : "aa009b97ab378f5d",
        "reportUrl" : "https://Nat754.github.io/PulseWave/479//#testresult/aa009b97ab378f5d",
        "status" : "passed",
        "time" : {
          "start" : 1755024084095,
          "stop" : 1755024084155,
          "duration" : 60
        }
      }, {
        "uid" : "d0554e0440b4f926",
        "reportUrl" : "https://Nat754.github.io/PulseWave/478//#testresult/d0554e0440b4f926",
        "status" : "passed",
        "time" : {
          "start" : 1754937623651,
          "stop" : 1754937623710,
          "duration" : 59
        }
      }, {
        "uid" : "74460ada3f679a1a",
        "reportUrl" : "https://Nat754.github.io/PulseWave/477//#testresult/74460ada3f679a1a",
        "status" : "passed",
        "time" : {
          "start" : 1754851214745,
          "stop" : 1754851214804,
          "duration" : 59
        }
      }, {
        "uid" : "a52808ac55b28276",
        "reportUrl" : "https://Nat754.github.io/PulseWave/476//#testresult/a52808ac55b28276",
        "status" : "passed",
        "time" : {
          "start" : 1754764765864,
          "stop" : 1754764765924,
          "duration" : 60
        }
      }, {
        "uid" : "a55a0b3c0e0bc416",
        "reportUrl" : "https://Nat754.github.io/PulseWave/475//#testresult/a55a0b3c0e0bc416",
        "status" : "passed",
        "time" : {
          "start" : 1754678397032,
          "stop" : 1754678397090,
          "duration" : 58
        }
      }, {
        "uid" : "4025da55fa0730fd",
        "reportUrl" : "https://Nat754.github.io/PulseWave/474//#testresult/4025da55fa0730fd",
        "status" : "passed",
        "time" : {
          "start" : 1754592114058,
          "stop" : 1754592114114,
          "duration" : 56
        }
      }, {
        "uid" : "a111c7c71caaef1a",
        "reportUrl" : "https://Nat754.github.io/PulseWave/473//#testresult/a111c7c71caaef1a",
        "status" : "passed",
        "time" : {
          "start" : 1754512652036,
          "stop" : 1754512652093,
          "duration" : 57
        }
      }, {
        "uid" : "14072f87db9919ee",
        "reportUrl" : "https://Nat754.github.io/PulseWave/473//#testresult/14072f87db9919ee",
        "status" : "passed",
        "time" : {
          "start" : 1754505658754,
          "stop" : 1754505658815,
          "duration" : 61
        }
      }, {
        "uid" : "d40a133f0bb332c6",
        "reportUrl" : "https://Nat754.github.io/PulseWave/472//#testresult/d40a133f0bb332c6",
        "status" : "passed",
        "time" : {
          "start" : 1754419334627,
          "stop" : 1754419334687,
          "duration" : 60
        }
      }, {
        "uid" : "7bb29ed28e503942",
        "reportUrl" : "https://Nat754.github.io/PulseWave/471//#testresult/7bb29ed28e503942",
        "status" : "passed",
        "time" : {
          "start" : 1754332888853,
          "stop" : 1754332888913,
          "duration" : 60
        }
      }, {
        "uid" : "5492a02f0dbee60d",
        "reportUrl" : "https://Nat754.github.io/PulseWave/470//#testresult/5492a02f0dbee60d",
        "status" : "passed",
        "time" : {
          "start" : 1754246381460,
          "stop" : 1754246381522,
          "duration" : 62
        }
      }, {
        "uid" : "27286c60429da59a",
        "reportUrl" : "https://Nat754.github.io/PulseWave/469//#testresult/27286c60429da59a",
        "status" : "passed",
        "time" : {
          "start" : 1754159913371,
          "stop" : 1754159913430,
          "duration" : 59
        }
      }, {
        "uid" : "87577bc98992822f",
        "reportUrl" : "https://Nat754.github.io/PulseWave/468//#testresult/87577bc98992822f",
        "status" : "passed",
        "time" : {
          "start" : 1754073780624,
          "stop" : 1754073780679,
          "duration" : 55
        }
      } ]
    },
    "tags" : [ "smoke" ]
  },
  "source" : "d01e82b5be5e874.json",
  "parameterValues" : [ ]
}