{
  "uid" : "ec3695fad91e1725",
  "name" : "H.8 Проверка шрифта кнопки 'Регистрация в хедере https://app.dev.pulsewave.ru/auth/password?email='",
  "fullName" : "tests.ui_tests.header_test.TestHeader#test_get_css_property_header_auth_signup",
  "historyId" : "d8a5a4b5f7770fc936dab84bfb89a873",
  "time" : {
    "start" : 1755466903157,
    "stop" : 1755466903203,
    "duration" : 46
  },
  "status" : "passed",
  "statusMessage" : "XPASS",
  "flaky" : false,
  "newFailed" : false,
  "beforeStages" : [ {
    "name" : "header_open",
    "time" : {
      "start" : 1755466839516,
      "stop" : 1755466903157,
      "duration" : 63641
    },
    "status" : "passed",
    "steps" : [ {
      "name" : "Открыть страницу 'https://app.dev.pulsewave.ru/auth/password?email='",
      "time" : {
        "start" : 1755466839516,
        "stop" : 1755466903157,
        "duration" : 63641
      },
      "status" : "passed",
      "steps" : [ {
        "name" : "Согласиться с использованием файлов cookies, если высветилось окно",
        "time" : {
          "start" : 1755466842862,
          "stop" : 1755466903157,
          "duration" : 60295
        },
        "status" : "passed",
        "steps" : [ {
          "name" : "Получить кнопку 'Принимаю всё' в сообщении о принятии файлов cookie на Главной странице",
          "time" : {
            "start" : 1755466842862,
            "stop" : 1755466903156,
            "duration" : 60294
          },
          "status" : "broken",
          "statusMessage" : "selenium.common.exceptions.TimeoutException: Message: \nStacktrace:\n#0 0x55b01817305a <unknown>\n#1 0x55b017c12a70 <unknown>\n#2 0x55b017c64907 <unknown>\n#3 0x55b017c64b01 <unknown>\n#4 0x55b017cb2d54 <unknown>\n#5 0x55b017c8a40d <unknown>\n#6 0x55b017cb014f <unknown>\n#7 0x55b017c8a1b3 <unknown>\n#8 0x55b017c5659b <unknown>\n#9 0x55b017c57971 <unknown>\n#10 0x55b01813822b <unknown>\n#11 0x55b01813bf79 <unknown>\n#12 0x55b01811f309 <unknown>\n#13 0x55b01813cb28 <unknown>\n#14 0x55b018103bef <unknown>\n#15 0x55b0181600e8 <unknown>\n#16 0x55b0181602c6 <unknown>\n#17 0x55b018172036 <unknown>\n#18 0x7f324829caa4 <unknown>\n#19 0x7f3248329c3c <unknown>\n\n",
          "statusTrace" : "  File \"/opt/hostedtoolcache/Python/3.12.11/x64/lib/python3.12/site-packages/allure_commons/_allure.py\", line 192, in impl\n    return func(*a, **kw)\n           ^^^^^^^^^^^^^^\n  File \"/home/runner/work/PulseWave/PulseWave/pages/footer.py\", line 39, in get_allow_all_cookies\n    button_text = self.element_is_visible(self.locator.ALLOW_ALL_COOKIES)\n                  ^^^^^^^^^^^^^^^^^^^^^^^^^^^^^^^^^^^^^^^^^^^^^^^^^^^^^^^\n  File \"/opt/hostedtoolcache/Python/3.12.11/x64/lib/python3.12/site-packages/allure_commons/_allure.py\", line 192, in impl\n    return func(*a, **kw)\n           ^^^^^^^^^^^^^^\n  File \"/home/runner/work/PulseWave/PulseWave/pages/base_page.py\", line 20, in element_is_visible\n    element = self.element_is_present(locator)\n              ^^^^^^^^^^^^^^^^^^^^^^^^^^^^^^^^\n  File \"/opt/hostedtoolcache/Python/3.12.11/x64/lib/python3.12/site-packages/allure_commons/_allure.py\", line 192, in impl\n    return func(*a, **kw)\n           ^^^^^^^^^^^^^^\n  File \"/home/runner/work/PulseWave/PulseWave/pages/base_page.py\", line 39, in element_is_present\n    return Wait(self.driver, self.timeout).until(es.presence_of_element_located(locator))\n           ^^^^^^^^^^^^^^^^^^^^^^^^^^^^^^^^^^^^^^^^^^^^^^^^^^^^^^^^^^^^^^^^^^^^^^^^^^^^^^\n  File \"/opt/hostedtoolcache/Python/3.12.11/x64/lib/python3.12/site-packages/selenium/webdriver/support/wait.py\", line 105, in until\n    raise TimeoutException(message, screen, stacktrace)\n",
          "steps" : [ {
            "name" : "Проверить видимость элемента",
            "time" : {
              "start" : 1755466842862,
              "stop" : 1755466903156,
              "duration" : 60294
            },
            "status" : "broken",
            "statusMessage" : "selenium.common.exceptions.TimeoutException: Message: \nStacktrace:\n#0 0x55b01817305a <unknown>\n#1 0x55b017c12a70 <unknown>\n#2 0x55b017c64907 <unknown>\n#3 0x55b017c64b01 <unknown>\n#4 0x55b017cb2d54 <unknown>\n#5 0x55b017c8a40d <unknown>\n#6 0x55b017cb014f <unknown>\n#7 0x55b017c8a1b3 <unknown>\n#8 0x55b017c5659b <unknown>\n#9 0x55b017c57971 <unknown>\n#10 0x55b01813822b <unknown>\n#11 0x55b01813bf79 <unknown>\n#12 0x55b01811f309 <unknown>\n#13 0x55b01813cb28 <unknown>\n#14 0x55b018103bef <unknown>\n#15 0x55b0181600e8 <unknown>\n#16 0x55b0181602c6 <unknown>\n#17 0x55b018172036 <unknown>\n#18 0x7f324829caa4 <unknown>\n#19 0x7f3248329c3c <unknown>\n\n",
            "statusTrace" : "  File \"/opt/hostedtoolcache/Python/3.12.11/x64/lib/python3.12/site-packages/allure_commons/_allure.py\", line 192, in impl\n    return func(*a, **kw)\n           ^^^^^^^^^^^^^^\n  File \"/home/runner/work/PulseWave/PulseWave/pages/base_page.py\", line 20, in element_is_visible\n    element = self.element_is_present(locator)\n              ^^^^^^^^^^^^^^^^^^^^^^^^^^^^^^^^\n  File \"/opt/hostedtoolcache/Python/3.12.11/x64/lib/python3.12/site-packages/allure_commons/_allure.py\", line 192, in impl\n    return func(*a, **kw)\n           ^^^^^^^^^^^^^^\n  File \"/home/runner/work/PulseWave/PulseWave/pages/base_page.py\", line 39, in element_is_present\n    return Wait(self.driver, self.timeout).until(es.presence_of_element_located(locator))\n           ^^^^^^^^^^^^^^^^^^^^^^^^^^^^^^^^^^^^^^^^^^^^^^^^^^^^^^^^^^^^^^^^^^^^^^^^^^^^^^\n  File \"/opt/hostedtoolcache/Python/3.12.11/x64/lib/python3.12/site-packages/selenium/webdriver/support/wait.py\", line 105, in until\n    raise TimeoutException(message, screen, stacktrace)\n",
            "steps" : [ {
              "name" : "Проверить присутствие элемента в DOM",
              "time" : {
                "start" : 1755466842862,
                "stop" : 1755466903156,
                "duration" : 60294
              },
              "status" : "broken",
              "statusMessage" : "selenium.common.exceptions.TimeoutException: Message: \nStacktrace:\n#0 0x55b01817305a <unknown>\n#1 0x55b017c12a70 <unknown>\n#2 0x55b017c64907 <unknown>\n#3 0x55b017c64b01 <unknown>\n#4 0x55b017cb2d54 <unknown>\n#5 0x55b017c8a40d <unknown>\n#6 0x55b017cb014f <unknown>\n#7 0x55b017c8a1b3 <unknown>\n#8 0x55b017c5659b <unknown>\n#9 0x55b017c57971 <unknown>\n#10 0x55b01813822b <unknown>\n#11 0x55b01813bf79 <unknown>\n#12 0x55b01811f309 <unknown>\n#13 0x55b01813cb28 <unknown>\n#14 0x55b018103bef <unknown>\n#15 0x55b0181600e8 <unknown>\n#16 0x55b0181602c6 <unknown>\n#17 0x55b018172036 <unknown>\n#18 0x7f324829caa4 <unknown>\n#19 0x7f3248329c3c <unknown>\n\n",
              "statusTrace" : "  File \"/opt/hostedtoolcache/Python/3.12.11/x64/lib/python3.12/site-packages/allure_commons/_allure.py\", line 192, in impl\n    return func(*a, **kw)\n           ^^^^^^^^^^^^^^\n  File \"/home/runner/work/PulseWave/PulseWave/pages/base_page.py\", line 39, in element_is_present\n    return Wait(self.driver, self.timeout).until(es.presence_of_element_located(locator))\n           ^^^^^^^^^^^^^^^^^^^^^^^^^^^^^^^^^^^^^^^^^^^^^^^^^^^^^^^^^^^^^^^^^^^^^^^^^^^^^^\n  File \"/opt/hostedtoolcache/Python/3.12.11/x64/lib/python3.12/site-packages/selenium/webdriver/support/wait.py\", line 105, in until\n    raise TimeoutException(message, screen, stacktrace)\n",
              "steps" : [ ],
              "attachments" : [ ],
              "parameters" : [ {
                "name" : "locator",
                "value" : "('css selector', '.cookies__body .button__small')"
              } ],
              "stepsCount" : 0,
              "attachmentsCount" : 0,
              "shouldDisplayMessage" : true,
              "hasContent" : true
            } ],
            "attachments" : [ ],
            "parameters" : [ {
              "name" : "locator",
              "value" : "('css selector', '.cookies__body .button__small')"
            } ],
            "stepsCount" : 1,
            "attachmentsCount" : 0,
            "shouldDisplayMessage" : false,
            "hasContent" : true
          } ],
          "attachments" : [ ],
          "parameters" : [ ],
          "stepsCount" : 2,
          "attachmentsCount" : 0,
          "shouldDisplayMessage" : false,
          "hasContent" : true
        } ],
        "attachments" : [ ],
        "parameters" : [ {
          "name" : "driver",
          "value" : "<selenium.webdriver.chrome.webdriver.WebDriver (session=\"444814d86c50a7cc6eb4d8cf7486c7a7\")>"
        } ],
        "stepsCount" : 3,
        "attachmentsCount" : 0,
        "shouldDisplayMessage" : false,
        "hasContent" : true
      } ],
      "attachments" : [ ],
      "parameters" : [ ],
      "stepsCount" : 4,
      "attachmentsCount" : 0,
      "shouldDisplayMessage" : false,
      "hasContent" : true
    } ],
    "attachments" : [ ],
    "parameters" : [ ],
    "stepsCount" : 5,
    "attachmentsCount" : 0,
    "shouldDisplayMessage" : false,
    "hasContent" : true
  }, {
    "name" : "driver",
    "time" : {
      "start" : 1755466839256,
      "stop" : 1755466839515,
      "duration" : 259
    },
    "status" : "passed",
    "steps" : [ ],
    "attachments" : [ ],
    "parameters" : [ ],
    "stepsCount" : 0,
    "attachmentsCount" : 0,
    "shouldDisplayMessage" : false,
    "hasContent" : false
  } ],
  "testStage" : {
    "status" : "passed",
    "statusMessage" : "XPASS",
    "steps" : [ {
      "name" : "Проверка видимости кнопки 'Войти' в хэдере",
      "time" : {
        "start" : 1755466903158,
        "stop" : 1755466903194,
        "duration" : 36
      },
      "status" : "passed",
      "steps" : [ {
        "name" : "Проверить видимость элемента",
        "time" : {
          "start" : 1755466903158,
          "stop" : 1755466903194,
          "duration" : 36
        },
        "status" : "passed",
        "steps" : [ {
          "name" : "Проверить присутствие элемента в DOM",
          "time" : {
            "start" : 1755466903158,
            "stop" : 1755466903168,
            "duration" : 10
          },
          "status" : "passed",
          "steps" : [ ],
          "attachments" : [ ],
          "parameters" : [ {
            "name" : "locator",
            "value" : "('xpath', '//*[text()=\" Войти \"]')"
          } ],
          "stepsCount" : 0,
          "attachmentsCount" : 0,
          "shouldDisplayMessage" : false,
          "hasContent" : true
        }, {
          "name" : "Проскролить до элемента",
          "time" : {
            "start" : 1755466903168,
            "stop" : 1755466903172,
            "duration" : 4
          },
          "status" : "passed",
          "steps" : [ ],
          "attachments" : [ ],
          "parameters" : [ {
            "name" : "element",
            "value" : "<selenium.webdriver.remote.webelement.WebElement (session=\"444814d86c50a7cc6eb4d8cf7486c7a7\", element=\"f.469934DC0E1579142D85E06DAF867506.d.56204C07EF22F97FA5D788764E7C5EC1.e.18\")>"
          } ],
          "stepsCount" : 0,
          "attachmentsCount" : 0,
          "shouldDisplayMessage" : false,
          "hasContent" : true
        } ],
        "attachments" : [ ],
        "parameters" : [ {
          "name" : "locator",
          "value" : "('xpath', '//*[text()=\" Войти \"]')"
        } ],
        "stepsCount" : 2,
        "attachmentsCount" : 0,
        "shouldDisplayMessage" : false,
        "hasContent" : true
      } ],
      "attachments" : [ ],
      "parameters" : [ ],
      "stepsCount" : 3,
      "attachmentsCount" : 0,
      "shouldDisplayMessage" : false,
      "hasContent" : true
    }, {
      "name" : "Прошла проверка соответствия шрифта кнопки 'Регистрация' макету",
      "time" : {
        "start" : 1755466903203,
        "stop" : 1755466903203,
        "duration" : 0
      },
      "status" : "passed",
      "steps" : [ ],
      "attachments" : [ ],
      "parameters" : [ ],
      "stepsCount" : 0,
      "attachmentsCount" : 0,
      "shouldDisplayMessage" : false,
      "hasContent" : false
    } ],
    "attachments" : [ ],
    "parameters" : [ ],
    "stepsCount" : 5,
    "attachmentsCount" : 0,
    "shouldDisplayMessage" : true,
    "hasContent" : true
  },
  "afterStages" : [ {
    "name" : "driver::0",
    "time" : {
      "start" : 1755466903205,
      "stop" : 1755466903278,
      "duration" : 73
    },
    "status" : "passed",
    "steps" : [ ],
    "attachments" : [ ],
    "parameters" : [ ],
    "stepsCount" : 0,
    "attachmentsCount" : 0,
    "shouldDisplayMessage" : false,
    "hasContent" : false
  } ],
  "labels" : [ {
    "name" : "epic",
    "value" : "Тестирование Хедера"
  }, {
    "name" : "tag",
    "value" : "regress"
  }, {
    "name" : "tag",
    "value" : "@pytest.mark.xfail"
  }, {
    "name" : "parentSuite",
    "value" : "tests.ui_tests"
  }, {
    "name" : "suite",
    "value" : "header_test"
  }, {
    "name" : "subSuite",
    "value" : "TestHeader"
  }, {
    "name" : "host",
    "value" : "pkrvmubgrv54qmi"
  }, {
    "name" : "thread",
    "value" : "2556-MainThread"
  }, {
    "name" : "framework",
    "value" : "pytest"
  }, {
    "name" : "language",
    "value" : "cpython3"
  }, {
    "name" : "package",
    "value" : "tests.ui_tests.header_test"
  }, {
    "name" : "resultFormat",
    "value" : "allure2"
  } ],
  "parameters" : [ {
    "name" : "css_property",
    "value" : "'font-family'"
  }, {
    "name" : "figma",
    "value" : "'Mulish, sans-serif'"
  }, {
    "name" : "name",
    "value" : "'шрифта'"
  }, {
    "name" : "url",
    "value" : "'https://app.dev.pulsewave.ru/auth/password?email='"
  } ],
  "links" : [ ],
  "hidden" : false,
  "retry" : false,
  "extra" : {
    "severity" : "normal",
    "retries" : [ ],
    "categories" : [ ],
    "history" : {
      "statistic" : {
        "failed" : 0,
        "broken" : 0,
        "skipped" : 0,
        "passed" : 3,
        "unknown" : 0,
        "total" : 3
      },
      "items" : [ {
        "uid" : "a24c2aabcf5da88a",
        "reportUrl" : "https://Nat754.github.io/PulseWave/239//#testresult/a24c2aabcf5da88a",
        "status" : "passed",
        "statusDetails" : "XPASS",
        "time" : {
          "start" : 1755469428180,
          "stop" : 1755469428231,
          "duration" : 51
        }
      }, {
        "uid" : "cd519002e98cd033",
        "reportUrl" : "https://Nat754.github.io/PulseWave/238//#testresult/cd519002e98cd033",
        "status" : "passed",
        "statusDetails" : "XPASS",
        "time" : {
          "start" : 1755458900988,
          "stop" : 1755458901035,
          "duration" : 47
        }
      } ]
    },
    "tags" : [ "@pytest.mark.xfail", "regress" ]
  },
  "source" : "ec3695fad91e1725.json",
  "parameterValues" : [ "'font-family'", "'Mulish, sans-serif'", "'шрифта'", "'https://app.dev.pulsewave.ru/auth/password?email='" ]
}