{
  "uid" : "19c3a6f5ef5afb0e",
  "name" : "test_get_footer_link[https://pulsewave.ru/auth/signup-chrome]",
  "fullName" : "tests.test_footer.test_footer.TestFooter#test_get_footer_link",
  "historyId" : "71586b0cc07b7eac78073b307b294686",
  "time" : {
    "start" : 1714271120510,
    "stop" : 1714271120510,
    "duration" : 0
  },
  "status" : "broken",
  "statusMessage" : "selenium.common.exceptions.TimeoutException: Message: \nStacktrace:\n#0 0x55735a312e33 <unknown>\n#1 0x55735a002567 <unknown>\n#2 0x55735a04d27d <unknown>\n#3 0x55735a04d331 <unknown>\n#4 0x55735a090624 <unknown>\n#5 0x55735a06f38d <unknown>\n#6 0x55735a08dae2 <unknown>\n#7 0x55735a06f103 <unknown>\n#8 0x55735a0401ba <unknown>\n#9 0x55735a040b8e <unknown>\n#10 0x55735a2d759b <unknown>\n#11 0x55735a2db34b <unknown>\n#12 0x55735a2c3681 <unknown>\n#13 0x55735a2dbeb2 <unknown>\n#14 0x55735a2a86af <unknown>\n#15 0x55735a302428 <unknown>\n#16 0x55735a302600 <unknown>\n#17 0x55735a311f84 <unknown>\n#18 0x7f88cfe94ac3 <unknown>",
  "statusTrace" : "driver = <selenium.webdriver.chrome.webdriver.WebDriver (session=\"62fc86c322a56de93d79c0e755d49177\")>\nurl = 'https://pulsewave.ru/auth/signup'\n\n    @pytest.fixture()\n    def footer_open(driver, url):\n        page = FooterPage(driver)\n        driver.get(url)\n>       page.get_cookies_link()\n\ntests/test_footer/conftest.py:9: \n_ _ _ _ _ _ _ _ _ _ _ _ _ _ _ _ _ _ _ _ _ _ _ _ _ _ _ _ _ _ _ _ _ _ _ _ _ _ _ _ \npages/footer.py:44: in get_cookies_link\n    return self.element_is_visible(self.locator.COOKIES_LINK).click()\npages/base_page.py:19: in element_is_visible\n    self.go_to_element(self.element_is_present(locator))\npages/base_page.py:35: in element_is_present\n    return Wait(self.driver, self.timeout).until(es.presence_of_element_located(locator))\n_ _ _ _ _ _ _ _ _ _ _ _ _ _ _ _ _ _ _ _ _ _ _ _ _ _ _ _ _ _ _ _ _ _ _ _ _ _ _ _ \n\nself = <selenium.webdriver.support.wait.WebDriverWait (session=\"62fc86c322a56de93d79c0e755d49177\")>\nmethod = <function presence_of_element_located.<locals>._predicate at 0x7f3f3a714c20>\nmessage = ''\n\n    def until(self, method: Callable[[D], Union[Literal[False], T]], message: str = \"\") -> T:\n        \"\"\"Calls the method provided with the driver as an argument until the \\\n        return value does not evaluate to ``False``.\n    \n        :param method: callable(WebDriver)\n        :param message: optional message for :exc:`TimeoutException`\n        :returns: the result of the last call to `method`\n        :raises: :exc:`selenium.common.exceptions.TimeoutException` if timeout occurs\n        \"\"\"\n        screen = None\n        stacktrace = None\n    \n        end_time = time.monotonic() + self._timeout\n        while True:\n            try:\n                value = method(self._driver)\n                if value:\n                    return value\n            except self._ignored_exceptions as exc:\n                screen = getattr(exc, \"screen\", None)\n                stacktrace = getattr(exc, \"stacktrace\", None)\n            time.sleep(self._poll)\n            if time.monotonic() > end_time:\n                break\n>       raise TimeoutException(message, screen, stacktrace)\nE       selenium.common.exceptions.TimeoutException: Message: \nE       Stacktrace:\nE       #0 0x55735a312e33 <unknown>\nE       #1 0x55735a002567 <unknown>\nE       #2 0x55735a04d27d <unknown>\nE       #3 0x55735a04d331 <unknown>\nE       #4 0x55735a090624 <unknown>\nE       #5 0x55735a06f38d <unknown>\nE       #6 0x55735a08dae2 <unknown>\nE       #7 0x55735a06f103 <unknown>\nE       #8 0x55735a0401ba <unknown>\nE       #9 0x55735a040b8e <unknown>\nE       #10 0x55735a2d759b <unknown>\nE       #11 0x55735a2db34b <unknown>\nE       #12 0x55735a2c3681 <unknown>\nE       #13 0x55735a2dbeb2 <unknown>\nE       #14 0x55735a2a86af <unknown>\nE       #15 0x55735a302428 <unknown>\nE       #16 0x55735a302600 <unknown>\nE       #17 0x55735a311f84 <unknown>\nE       #18 0x7f88cfe94ac3 <unknown>\n\n/opt/hostedtoolcache/Python/3.12.3/x64/lib/python3.12/site-packages/selenium/webdriver/support/wait.py:105: TimeoutException",
  "flaky" : false,
  "newFailed" : false,
  "beforeStages" : [ {
    "name" : "driver",
    "time" : {
      "start" : 1714271120510,
      "stop" : 1714271120707,
      "duration" : 197
    },
    "status" : "passed",
    "steps" : [ ],
    "attachments" : [ ],
    "parameters" : [ ],
    "stepsCount" : 0,
    "attachmentsCount" : 0,
    "shouldDisplayMessage" : false,
    "hasContent" : false
  }, {
    "name" : "clear_allure_results_folder",
    "time" : {
      "start" : 1714270943308,
      "stop" : 1714270943308,
      "duration" : 0
    },
    "status" : "passed",
    "steps" : [ ],
    "attachments" : [ ],
    "parameters" : [ ],
    "stepsCount" : 0,
    "attachmentsCount" : 0,
    "shouldDisplayMessage" : false,
    "hasContent" : false
  }, {
    "name" : "_session_faker",
    "time" : {
      "start" : 1714270943291,
      "stop" : 1714270943307,
      "duration" : 16
    },
    "status" : "passed",
    "steps" : [ ],
    "attachments" : [ ],
    "parameters" : [ ],
    "stepsCount" : 0,
    "attachmentsCount" : 0,
    "shouldDisplayMessage" : false,
    "hasContent" : false
  }, {
    "name" : "footer_open",
    "time" : {
      "start" : 1714271120707,
      "stop" : 1714271141441,
      "duration" : 20734
    },
    "status" : "broken",
    "statusMessage" : "selenium.common.exceptions.TimeoutException: Message: \nStacktrace:\n#0 0x55735a312e33 <unknown>\n#1 0x55735a002567 <unknown>\n#2 0x55735a04d27d <unknown>\n#3 0x55735a04d331 <unknown>\n#4 0x55735a090624 <unknown>\n#5 0x55735a06f38d <unknown>\n#6 0x55735a08dae2 <unknown>\n#7 0x55735a06f103 <unknown>\n#8 0x55735a0401ba <unknown>\n#9 0x55735a040b8e <unknown>\n#10 0x55735a2d759b <unknown>\n#11 0x55735a2db34b <unknown>\n#12 0x55735a2c3681 <unknown>\n#13 0x55735a2dbeb2 <unknown>\n#14 0x55735a2a86af <unknown>\n#15 0x55735a302428 <unknown>\n#16 0x55735a302600 <unknown>\n#17 0x55735a311f84 <unknown>\n#18 0x7f88cfe94ac3 <unknown>\n\n",
    "statusTrace" : "  File \"/opt/hostedtoolcache/Python/3.12.3/x64/lib/python3.12/site-packages/pluggy/_callers.py\", line 167, in _multicall\n    teardown.throw(outcome._exception)\n  File \"/opt/hostedtoolcache/Python/3.12.3/x64/lib/python3.12/site-packages/_pytest/setuponly.py\", line 36, in pytest_fixture_setup\n    return (yield)\n            ^^^^^\n  File \"/opt/hostedtoolcache/Python/3.12.3/x64/lib/python3.12/site-packages/pluggy/_callers.py\", line 103, in _multicall\n    res = hook_impl.function(*args)\n          ^^^^^^^^^^^^^^^^^^^^^^^^^\n  File \"/opt/hostedtoolcache/Python/3.12.3/x64/lib/python3.12/site-packages/_pytest/fixtures.py\", line 1140, in pytest_fixture_setup\n    result = call_fixture_func(fixturefunc, request, kwargs)\n             ^^^^^^^^^^^^^^^^^^^^^^^^^^^^^^^^^^^^^^^^^^^^^^^\n  File \"/opt/hostedtoolcache/Python/3.12.3/x64/lib/python3.12/site-packages/_pytest/fixtures.py\", line 917, in call_fixture_func\n    fixture_result = fixturefunc(**kwargs)\n                     ^^^^^^^^^^^^^^^^^^^^^\n  File \"/home/runner/work/PulseWave/PulseWave/tests/test_footer/conftest.py\", line 9, in footer_open\n    page.get_cookies_link()\n  File \"/opt/hostedtoolcache/Python/3.12.3/x64/lib/python3.12/site-packages/allure_commons/_allure.py\", line 192, in impl\n    return func(*a, **kw)\n           ^^^^^^^^^^^^^^\n  File \"/home/runner/work/PulseWave/PulseWave/pages/footer.py\", line 44, in get_cookies_link\n    return self.element_is_visible(self.locator.COOKIES_LINK).click()\n           ^^^^^^^^^^^^^^^^^^^^^^^^^^^^^^^^^^^^^^^^^^^^^^^^^^\n  File \"/home/runner/work/PulseWave/PulseWave/pages/base_page.py\", line 19, in element_is_visible\n    self.go_to_element(self.element_is_present(locator))\n                       ^^^^^^^^^^^^^^^^^^^^^^^^^^^^^^^^\n  File \"/home/runner/work/PulseWave/PulseWave/pages/base_page.py\", line 35, in element_is_present\n    return Wait(self.driver, self.timeout).until(es.presence_of_element_located(locator))\n           ^^^^^^^^^^^^^^^^^^^^^^^^^^^^^^^^^^^^^^^^^^^^^^^^^^^^^^^^^^^^^^^^^^^^^^^^^^^^^^\n  File \"/opt/hostedtoolcache/Python/3.12.3/x64/lib/python3.12/site-packages/selenium/webdriver/support/wait.py\", line 105, in until\n    raise TimeoutException(message, screen, stacktrace)\n",
    "steps" : [ {
      "name" : "Проверка перехода по ссылке для просмотра информации о файлах cookie на Главной странице",
      "time" : {
        "start" : 1714271121027,
        "stop" : 1714271141440,
        "duration" : 20413
      },
      "status" : "broken",
      "statusMessage" : "selenium.common.exceptions.TimeoutException: Message: \nStacktrace:\n#0 0x55735a312e33 <unknown>\n#1 0x55735a002567 <unknown>\n#2 0x55735a04d27d <unknown>\n#3 0x55735a04d331 <unknown>\n#4 0x55735a090624 <unknown>\n#5 0x55735a06f38d <unknown>\n#6 0x55735a08dae2 <unknown>\n#7 0x55735a06f103 <unknown>\n#8 0x55735a0401ba <unknown>\n#9 0x55735a040b8e <unknown>\n#10 0x55735a2d759b <unknown>\n#11 0x55735a2db34b <unknown>\n#12 0x55735a2c3681 <unknown>\n#13 0x55735a2dbeb2 <unknown>\n#14 0x55735a2a86af <unknown>\n#15 0x55735a302428 <unknown>\n#16 0x55735a302600 <unknown>\n#17 0x55735a311f84 <unknown>\n#18 0x7f88cfe94ac3 <unknown>\n\n",
      "statusTrace" : "  File \"/opt/hostedtoolcache/Python/3.12.3/x64/lib/python3.12/site-packages/allure_commons/_allure.py\", line 192, in impl\n    return func(*a, **kw)\n           ^^^^^^^^^^^^^^\n  File \"/home/runner/work/PulseWave/PulseWave/pages/footer.py\", line 44, in get_cookies_link\n    return self.element_is_visible(self.locator.COOKIES_LINK).click()\n           ^^^^^^^^^^^^^^^^^^^^^^^^^^^^^^^^^^^^^^^^^^^^^^^^^^\n  File \"/home/runner/work/PulseWave/PulseWave/pages/base_page.py\", line 19, in element_is_visible\n    self.go_to_element(self.element_is_present(locator))\n                       ^^^^^^^^^^^^^^^^^^^^^^^^^^^^^^^^\n  File \"/home/runner/work/PulseWave/PulseWave/pages/base_page.py\", line 35, in element_is_present\n    return Wait(self.driver, self.timeout).until(es.presence_of_element_located(locator))\n           ^^^^^^^^^^^^^^^^^^^^^^^^^^^^^^^^^^^^^^^^^^^^^^^^^^^^^^^^^^^^^^^^^^^^^^^^^^^^^^\n  File \"/opt/hostedtoolcache/Python/3.12.3/x64/lib/python3.12/site-packages/selenium/webdriver/support/wait.py\", line 105, in until\n    raise TimeoutException(message, screen, stacktrace)\n",
      "steps" : [ ],
      "attachments" : [ ],
      "parameters" : [ ],
      "stepsCount" : 0,
      "attachmentsCount" : 0,
      "shouldDisplayMessage" : true,
      "hasContent" : true
    } ],
    "attachments" : [ ],
    "parameters" : [ ],
    "stepsCount" : 1,
    "attachmentsCount" : 0,
    "shouldDisplayMessage" : false,
    "hasContent" : true
  } ],
  "afterStages" : [ {
    "name" : "driver::0",
    "time" : {
      "start" : 1714271141481,
      "stop" : 1714271141539,
      "duration" : 58
    },
    "status" : "passed",
    "steps" : [ ],
    "attachments" : [ ],
    "parameters" : [ ],
    "stepsCount" : 0,
    "attachmentsCount" : 0,
    "shouldDisplayMessage" : false,
    "hasContent" : false
  } ],
  "labels" : [ {
    "name" : "epic",
    "value" : "Тестирование Футера"
  }, {
    "name" : "tag",
    "value" : "smoke"
  }, {
    "name" : "parentSuite",
    "value" : "tests.test_footer"
  }, {
    "name" : "suite",
    "value" : "test_footer"
  }, {
    "name" : "subSuite",
    "value" : "TestFooter"
  }, {
    "name" : "host",
    "value" : "fv-az1383-514"
  }, {
    "name" : "thread",
    "value" : "2368-MainThread"
  }, {
    "name" : "framework",
    "value" : "pytest"
  }, {
    "name" : "language",
    "value" : "cpython3"
  }, {
    "name" : "package",
    "value" : "tests.test_footer.test_footer"
  }, {
    "name" : "resultFormat",
    "value" : "allure2"
  } ],
  "parameters" : [ {
    "name" : "browser",
    "value" : "'chrome'"
  }, {
    "name" : "url",
    "value" : "'https://pulsewave.ru/auth/signup'"
  } ],
  "links" : [ ],
  "hidden" : false,
  "retry" : false,
  "extra" : {
    "severity" : "normal",
    "retries" : [ ],
    "categories" : [ {
      "name" : "Test defects",
      "matchedStatuses" : [ ],
      "flaky" : false
    } ],
    "history" : {
      "statistic" : {
        "failed" : 0,
        "broken" : 1,
        "skipped" : 0,
        "passed" : 11,
        "unknown" : 0,
        "total" : 12
      },
      "items" : [ {
        "uid" : "f7cdf767140fa327",
        "reportUrl" : "https://Nat754.github.io/PulseWave/7//#testresult/f7cdf767140fa327",
        "status" : "passed",
        "time" : {
          "start" : 1714184712777,
          "stop" : 1714184712912,
          "duration" : 135
        }
      }, {
        "uid" : "5e18d708280e6234",
        "reportUrl" : "https://Nat754.github.io/PulseWave/6//#testresult/5e18d708280e6234",
        "status" : "passed",
        "time" : {
          "start" : 1714148230854,
          "stop" : 1714148230998,
          "duration" : 144
        }
      }, {
        "uid" : "7a18be9eeb8df5e4",
        "reportUrl" : "https://Nat754.github.io/PulseWave/6//#testresult/7a18be9eeb8df5e4",
        "status" : "passed",
        "time" : {
          "start" : 1714098277901,
          "stop" : 1714098278035,
          "duration" : 134
        }
      }, {
        "uid" : "251619a60367705b",
        "reportUrl" : "https://Nat754.github.io/PulseWave/5//#testresult/251619a60367705b",
        "status" : "passed",
        "time" : {
          "start" : 1714014193358,
          "stop" : 1714014193494,
          "duration" : 136
        }
      }, {
        "uid" : "6e6843ac9738c1d",
        "reportUrl" : "https://Nat754.github.io/PulseWave/211//#testresult/6e6843ac9738c1d",
        "status" : "passed",
        "time" : {
          "start" : 1713945674282,
          "stop" : 1713945674575,
          "duration" : 293
        }
      }, {
        "uid" : "a51f93abd4b8fb9f",
        "reportUrl" : "https://Nat754.github.io/PulseWave/4//#testresult/a51f93abd4b8fb9f",
        "status" : "passed",
        "time" : {
          "start" : 1713925468530,
          "stop" : 1713925468667,
          "duration" : 137
        }
      }, {
        "uid" : "2c10462aa3f73053",
        "reportUrl" : "https://Nat754.github.io/PulseWave/211//#testresult/2c10462aa3f73053",
        "status" : "passed",
        "time" : {
          "start" : 1713901296653,
          "stop" : 1713901296799,
          "duration" : 146
        }
      }, {
        "uid" : "f59eb72321161ee",
        "reportUrl" : "https://Nat754.github.io/PulseWave/210//#testresult/f59eb72321161ee",
        "status" : "passed",
        "time" : {
          "start" : 1713885444193,
          "stop" : 1713885444333,
          "duration" : 140
        }
      }, {
        "uid" : "cbf659184ef56e4c",
        "reportUrl" : "https://Nat754.github.io/PulseWave/209//#testresult/cbf659184ef56e4c",
        "status" : "passed",
        "time" : {
          "start" : 1713883356822,
          "stop" : 1713883356956,
          "duration" : 134
        }
      }, {
        "uid" : "b2c4e69f88be121f",
        "reportUrl" : "https://Nat754.github.io/PulseWave/209//#testresult/b2c4e69f88be121f",
        "status" : "passed",
        "time" : {
          "start" : 1713881858668,
          "stop" : 1713881858803,
          "duration" : 135
        }
      }, {
        "uid" : "be11f18cb1fe2a62",
        "reportUrl" : "https://Nat754.github.io/PulseWave/208//#testresult/be11f18cb1fe2a62",
        "status" : "passed",
        "time" : {
          "start" : 1713879033489,
          "stop" : 1713879033627,
          "duration" : 138
        }
      } ]
    },
    "tags" : [ "smoke" ]
  },
  "source" : "19c3a6f5ef5afb0e.json",
  "parameterValues" : [ "'chrome'", "'https://pulsewave.ru/auth/signup'" ]
}