{
  "uid" : "1ac6c7ccec365ace",
  "name" : "Проверка текста кнопки 'Войти'",
  "fullName" : "tests.test_header.test_header.TestHeader#test_get_text_header_auth_login",
  "historyId" : "96464695b5a6072f027cb003d18a5575",
  "time" : {
    "start" : 1714272191610,
    "stop" : 1714272191610,
    "duration" : 0
  },
  "status" : "broken",
  "statusMessage" : "selenium.common.exceptions.TimeoutException: Message: \nStacktrace:\n#0 0x557dd1523e33 <unknown>\n#1 0x557dd1213567 <unknown>\n#2 0x557dd125e27d <unknown>\n#3 0x557dd125e331 <unknown>\n#4 0x557dd12a1624 <unknown>\n#5 0x557dd128038d <unknown>\n#6 0x557dd129eae2 <unknown>\n#7 0x557dd1280103 <unknown>\n#8 0x557dd12511ba <unknown>\n#9 0x557dd1251b8e <unknown>\n#10 0x557dd14e859b <unknown>\n#11 0x557dd14ec34b <unknown>\n#12 0x557dd14d4681 <unknown>\n#13 0x557dd14eceb2 <unknown>\n#14 0x557dd14b96af <unknown>\n#15 0x557dd1513428 <unknown>\n#16 0x557dd1513600 <unknown>\n#17 0x557dd1522f84 <unknown>\n#18 0x7f8edc094ac3 <unknown>",
  "statusTrace" : "driver = <selenium.webdriver.chrome.webdriver.WebDriver (session=\"de40649bdf1696ba2ec9cb6cf2fc0ae8\")>\nurl = 'https://pulsewave.ru/auth/signup'\n\n    @pytest.fixture()\n    def header_open(driver, url):\n        page = HeaderPage(driver)\n        driver.get(url)\n>       page.get_allow_all_cookies().click()\n\ntests/test_header/conftest.py:9: \n_ _ _ _ _ _ _ _ _ _ _ _ _ _ _ _ _ _ _ _ _ _ _ _ _ _ _ _ _ _ _ _ _ _ _ _ _ _ _ _ \npages/header.py:33: in get_allow_all_cookies\n    return self.element_is_visible(FooterLocators.ALLOW_ALL_COOKIES)\npages/base_page.py:19: in element_is_visible\n    self.go_to_element(self.element_is_present(locator))\npages/base_page.py:35: in element_is_present\n    return Wait(self.driver, self.timeout).until(es.presence_of_element_located(locator))\n_ _ _ _ _ _ _ _ _ _ _ _ _ _ _ _ _ _ _ _ _ _ _ _ _ _ _ _ _ _ _ _ _ _ _ _ _ _ _ _ \n\nself = <selenium.webdriver.support.wait.WebDriverWait (session=\"de40649bdf1696ba2ec9cb6cf2fc0ae8\")>\nmethod = <function presence_of_element_located.<locals>._predicate at 0x7f3f3a717240>\nmessage = ''\n\n    def until(self, method: Callable[[D], Union[Literal[False], T]], message: str = \"\") -> T:\n        \"\"\"Calls the method provided with the driver as an argument until the \\\n        return value does not evaluate to ``False``.\n    \n        :param method: callable(WebDriver)\n        :param message: optional message for :exc:`TimeoutException`\n        :returns: the result of the last call to `method`\n        :raises: :exc:`selenium.common.exceptions.TimeoutException` if timeout occurs\n        \"\"\"\n        screen = None\n        stacktrace = None\n    \n        end_time = time.monotonic() + self._timeout\n        while True:\n            try:\n                value = method(self._driver)\n                if value:\n                    return value\n            except self._ignored_exceptions as exc:\n                screen = getattr(exc, \"screen\", None)\n                stacktrace = getattr(exc, \"stacktrace\", None)\n            time.sleep(self._poll)\n            if time.monotonic() > end_time:\n                break\n>       raise TimeoutException(message, screen, stacktrace)\nE       selenium.common.exceptions.TimeoutException: Message: \nE       Stacktrace:\nE       #0 0x557dd1523e33 <unknown>\nE       #1 0x557dd1213567 <unknown>\nE       #2 0x557dd125e27d <unknown>\nE       #3 0x557dd125e331 <unknown>\nE       #4 0x557dd12a1624 <unknown>\nE       #5 0x557dd128038d <unknown>\nE       #6 0x557dd129eae2 <unknown>\nE       #7 0x557dd1280103 <unknown>\nE       #8 0x557dd12511ba <unknown>\nE       #9 0x557dd1251b8e <unknown>\nE       #10 0x557dd14e859b <unknown>\nE       #11 0x557dd14ec34b <unknown>\nE       #12 0x557dd14d4681 <unknown>\nE       #13 0x557dd14eceb2 <unknown>\nE       #14 0x557dd14b96af <unknown>\nE       #15 0x557dd1513428 <unknown>\nE       #16 0x557dd1513600 <unknown>\nE       #17 0x557dd1522f84 <unknown>\nE       #18 0x7f8edc094ac3 <unknown>\n\n/opt/hostedtoolcache/Python/3.12.3/x64/lib/python3.12/site-packages/selenium/webdriver/support/wait.py:105: TimeoutException",
  "flaky" : false,
  "newFailed" : false,
  "beforeStages" : [ {
    "name" : "header_open",
    "time" : {
      "start" : 1714272191807,
      "stop" : 1714272212532,
      "duration" : 20725
    },
    "status" : "broken",
    "statusMessage" : "selenium.common.exceptions.TimeoutException: Message: \nStacktrace:\n#0 0x557dd1523e33 <unknown>\n#1 0x557dd1213567 <unknown>\n#2 0x557dd125e27d <unknown>\n#3 0x557dd125e331 <unknown>\n#4 0x557dd12a1624 <unknown>\n#5 0x557dd128038d <unknown>\n#6 0x557dd129eae2 <unknown>\n#7 0x557dd1280103 <unknown>\n#8 0x557dd12511ba <unknown>\n#9 0x557dd1251b8e <unknown>\n#10 0x557dd14e859b <unknown>\n#11 0x557dd14ec34b <unknown>\n#12 0x557dd14d4681 <unknown>\n#13 0x557dd14eceb2 <unknown>\n#14 0x557dd14b96af <unknown>\n#15 0x557dd1513428 <unknown>\n#16 0x557dd1513600 <unknown>\n#17 0x557dd1522f84 <unknown>\n#18 0x7f8edc094ac3 <unknown>\n\n",
    "statusTrace" : "  File \"/opt/hostedtoolcache/Python/3.12.3/x64/lib/python3.12/site-packages/pluggy/_callers.py\", line 167, in _multicall\n    teardown.throw(outcome._exception)\n  File \"/opt/hostedtoolcache/Python/3.12.3/x64/lib/python3.12/site-packages/_pytest/setuponly.py\", line 36, in pytest_fixture_setup\n    return (yield)\n            ^^^^^\n  File \"/opt/hostedtoolcache/Python/3.12.3/x64/lib/python3.12/site-packages/pluggy/_callers.py\", line 103, in _multicall\n    res = hook_impl.function(*args)\n          ^^^^^^^^^^^^^^^^^^^^^^^^^\n  File \"/opt/hostedtoolcache/Python/3.12.3/x64/lib/python3.12/site-packages/_pytest/fixtures.py\", line 1140, in pytest_fixture_setup\n    result = call_fixture_func(fixturefunc, request, kwargs)\n             ^^^^^^^^^^^^^^^^^^^^^^^^^^^^^^^^^^^^^^^^^^^^^^^\n  File \"/opt/hostedtoolcache/Python/3.12.3/x64/lib/python3.12/site-packages/_pytest/fixtures.py\", line 917, in call_fixture_func\n    fixture_result = fixturefunc(**kwargs)\n                     ^^^^^^^^^^^^^^^^^^^^^\n  File \"/home/runner/work/PulseWave/PulseWave/tests/test_header/conftest.py\", line 9, in header_open\n    page.get_allow_all_cookies().click()\n    ^^^^^^^^^^^^^^^^^^^^^^^^^^^^\n  File \"/opt/hostedtoolcache/Python/3.12.3/x64/lib/python3.12/site-packages/allure_commons/_allure.py\", line 192, in impl\n    return func(*a, **kw)\n           ^^^^^^^^^^^^^^\n  File \"/home/runner/work/PulseWave/PulseWave/pages/header.py\", line 33, in get_allow_all_cookies\n    return self.element_is_visible(FooterLocators.ALLOW_ALL_COOKIES)\n           ^^^^^^^^^^^^^^^^^^^^^^^^^^^^^^^^^^^^^^^^^^^^^^^^^^^^^^^^^\n  File \"/home/runner/work/PulseWave/PulseWave/pages/base_page.py\", line 19, in element_is_visible\n    self.go_to_element(self.element_is_present(locator))\n                       ^^^^^^^^^^^^^^^^^^^^^^^^^^^^^^^^\n  File \"/home/runner/work/PulseWave/PulseWave/pages/base_page.py\", line 35, in element_is_present\n    return Wait(self.driver, self.timeout).until(es.presence_of_element_located(locator))\n           ^^^^^^^^^^^^^^^^^^^^^^^^^^^^^^^^^^^^^^^^^^^^^^^^^^^^^^^^^^^^^^^^^^^^^^^^^^^^^^\n  File \"/opt/hostedtoolcache/Python/3.12.3/x64/lib/python3.12/site-packages/selenium/webdriver/support/wait.py\", line 105, in until\n    raise TimeoutException(message, screen, stacktrace)\n",
    "steps" : [ {
      "name" : "Проверка видимости кнопки 'Принимаю всё' в сообщении о принятии файлов cookie на Главной странице",
      "time" : {
        "start" : 1714272192122,
        "stop" : 1714272212532,
        "duration" : 20410
      },
      "status" : "broken",
      "statusMessage" : "selenium.common.exceptions.TimeoutException: Message: \nStacktrace:\n#0 0x557dd1523e33 <unknown>\n#1 0x557dd1213567 <unknown>\n#2 0x557dd125e27d <unknown>\n#3 0x557dd125e331 <unknown>\n#4 0x557dd12a1624 <unknown>\n#5 0x557dd128038d <unknown>\n#6 0x557dd129eae2 <unknown>\n#7 0x557dd1280103 <unknown>\n#8 0x557dd12511ba <unknown>\n#9 0x557dd1251b8e <unknown>\n#10 0x557dd14e859b <unknown>\n#11 0x557dd14ec34b <unknown>\n#12 0x557dd14d4681 <unknown>\n#13 0x557dd14eceb2 <unknown>\n#14 0x557dd14b96af <unknown>\n#15 0x557dd1513428 <unknown>\n#16 0x557dd1513600 <unknown>\n#17 0x557dd1522f84 <unknown>\n#18 0x7f8edc094ac3 <unknown>\n\n",
      "statusTrace" : "  File \"/opt/hostedtoolcache/Python/3.12.3/x64/lib/python3.12/site-packages/allure_commons/_allure.py\", line 192, in impl\n    return func(*a, **kw)\n           ^^^^^^^^^^^^^^\n  File \"/home/runner/work/PulseWave/PulseWave/pages/header.py\", line 33, in get_allow_all_cookies\n    return self.element_is_visible(FooterLocators.ALLOW_ALL_COOKIES)\n           ^^^^^^^^^^^^^^^^^^^^^^^^^^^^^^^^^^^^^^^^^^^^^^^^^^^^^^^^^\n  File \"/home/runner/work/PulseWave/PulseWave/pages/base_page.py\", line 19, in element_is_visible\n    self.go_to_element(self.element_is_present(locator))\n                       ^^^^^^^^^^^^^^^^^^^^^^^^^^^^^^^^\n  File \"/home/runner/work/PulseWave/PulseWave/pages/base_page.py\", line 35, in element_is_present\n    return Wait(self.driver, self.timeout).until(es.presence_of_element_located(locator))\n           ^^^^^^^^^^^^^^^^^^^^^^^^^^^^^^^^^^^^^^^^^^^^^^^^^^^^^^^^^^^^^^^^^^^^^^^^^^^^^^\n  File \"/opt/hostedtoolcache/Python/3.12.3/x64/lib/python3.12/site-packages/selenium/webdriver/support/wait.py\", line 105, in until\n    raise TimeoutException(message, screen, stacktrace)\n",
      "steps" : [ ],
      "attachments" : [ ],
      "parameters" : [ ],
      "stepsCount" : 0,
      "attachmentsCount" : 0,
      "shouldDisplayMessage" : true,
      "hasContent" : true
    } ],
    "attachments" : [ ],
    "parameters" : [ ],
    "stepsCount" : 1,
    "attachmentsCount" : 0,
    "shouldDisplayMessage" : false,
    "hasContent" : true
  }, {
    "name" : "clear_allure_results_folder",
    "time" : {
      "start" : 1714270943308,
      "stop" : 1714270943308,
      "duration" : 0
    },
    "status" : "passed",
    "steps" : [ ],
    "attachments" : [ ],
    "parameters" : [ ],
    "stepsCount" : 0,
    "attachmentsCount" : 0,
    "shouldDisplayMessage" : false,
    "hasContent" : false
  }, {
    "name" : "_session_faker",
    "time" : {
      "start" : 1714270943291,
      "stop" : 1714270943307,
      "duration" : 16
    },
    "status" : "passed",
    "steps" : [ ],
    "attachments" : [ ],
    "parameters" : [ ],
    "stepsCount" : 0,
    "attachmentsCount" : 0,
    "shouldDisplayMessage" : false,
    "hasContent" : false
  }, {
    "name" : "driver",
    "time" : {
      "start" : 1714272191610,
      "stop" : 1714272191806,
      "duration" : 196
    },
    "status" : "passed",
    "steps" : [ ],
    "attachments" : [ ],
    "parameters" : [ ],
    "stepsCount" : 0,
    "attachmentsCount" : 0,
    "shouldDisplayMessage" : false,
    "hasContent" : false
  } ],
  "afterStages" : [ {
    "name" : "driver::0",
    "time" : {
      "start" : 1714272212545,
      "stop" : 1714272212602,
      "duration" : 57
    },
    "status" : "passed",
    "steps" : [ ],
    "attachments" : [ ],
    "parameters" : [ ],
    "stepsCount" : 0,
    "attachmentsCount" : 0,
    "shouldDisplayMessage" : false,
    "hasContent" : false
  } ],
  "labels" : [ {
    "name" : "epic",
    "value" : "Тестирование Хедера"
  }, {
    "name" : "tag",
    "value" : "regress"
  }, {
    "name" : "parentSuite",
    "value" : "tests.test_header"
  }, {
    "name" : "suite",
    "value" : "test_header"
  }, {
    "name" : "subSuite",
    "value" : "TestHeader"
  }, {
    "name" : "host",
    "value" : "fv-az1383-514"
  }, {
    "name" : "thread",
    "value" : "2368-MainThread"
  }, {
    "name" : "framework",
    "value" : "pytest"
  }, {
    "name" : "language",
    "value" : "cpython3"
  }, {
    "name" : "package",
    "value" : "tests.test_header.test_header"
  }, {
    "name" : "resultFormat",
    "value" : "allure2"
  } ],
  "parameters" : [ {
    "name" : "browser",
    "value" : "'chrome'"
  }, {
    "name" : "url",
    "value" : "'https://pulsewave.ru/auth/signup'"
  } ],
  "links" : [ ],
  "hidden" : false,
  "retry" : false,
  "extra" : {
    "severity" : "normal",
    "retries" : [ ],
    "categories" : [ {
      "name" : "Test defects",
      "matchedStatuses" : [ ],
      "flaky" : false
    } ],
    "history" : {
      "statistic" : {
        "failed" : 0,
        "broken" : 1,
        "skipped" : 0,
        "passed" : 11,
        "unknown" : 0,
        "total" : 12
      },
      "items" : [ {
        "uid" : "28f43f026009aae",
        "reportUrl" : "https://Nat754.github.io/PulseWave/7//#testresult/28f43f026009aae",
        "status" : "passed",
        "time" : {
          "start" : 1714184900724,
          "stop" : 1714184900763,
          "duration" : 39
        }
      }, {
        "uid" : "ea44c03a341b5076",
        "reportUrl" : "https://Nat754.github.io/PulseWave/6//#testresult/ea44c03a341b5076",
        "status" : "passed",
        "time" : {
          "start" : 1714148384565,
          "stop" : 1714148384604,
          "duration" : 39
        }
      }, {
        "uid" : "66464170aafb6212",
        "reportUrl" : "https://Nat754.github.io/PulseWave/6//#testresult/66464170aafb6212",
        "status" : "passed",
        "time" : {
          "start" : 1714098432552,
          "stop" : 1714098432590,
          "duration" : 38
        }
      }, {
        "uid" : "5e13b83f8f391d04",
        "reportUrl" : "https://Nat754.github.io/PulseWave/5//#testresult/5e13b83f8f391d04",
        "status" : "passed",
        "time" : {
          "start" : 1714014325598,
          "stop" : 1714014325635,
          "duration" : 37
        }
      }, {
        "uid" : "650d7180b0b094f7",
        "reportUrl" : "https://Nat754.github.io/PulseWave/211//#testresult/650d7180b0b094f7",
        "status" : "passed",
        "time" : {
          "start" : 1713945816592,
          "stop" : 1713945816628,
          "duration" : 36
        }
      }, {
        "uid" : "dc6760f04b1419ee",
        "reportUrl" : "https://Nat754.github.io/PulseWave/4//#testresult/dc6760f04b1419ee",
        "status" : "passed",
        "time" : {
          "start" : 1713925609420,
          "stop" : 1713925609458,
          "duration" : 38
        }
      }, {
        "uid" : "31e0727fccd361a8",
        "reportUrl" : "https://Nat754.github.io/PulseWave/211//#testresult/31e0727fccd361a8",
        "status" : "passed",
        "time" : {
          "start" : 1713901454022,
          "stop" : 1713901454062,
          "duration" : 40
        }
      }, {
        "uid" : "ea1a157ad5c33ec5",
        "reportUrl" : "https://Nat754.github.io/PulseWave/210//#testresult/ea1a157ad5c33ec5",
        "status" : "passed",
        "time" : {
          "start" : 1713885635751,
          "stop" : 1713885635790,
          "duration" : 39
        }
      }, {
        "uid" : "26cc405cd4bee4ec",
        "reportUrl" : "https://Nat754.github.io/PulseWave/209//#testresult/26cc405cd4bee4ec",
        "status" : "passed",
        "time" : {
          "start" : 1713883538496,
          "stop" : 1713883538534,
          "duration" : 38
        }
      }, {
        "uid" : "d4d24cf3f71db639",
        "reportUrl" : "https://Nat754.github.io/PulseWave/209//#testresult/d4d24cf3f71db639",
        "status" : "passed",
        "time" : {
          "start" : 1713882051474,
          "stop" : 1713882051514,
          "duration" : 40
        }
      }, {
        "uid" : "79987122f398c3db",
        "reportUrl" : "https://Nat754.github.io/PulseWave/208//#testresult/79987122f398c3db",
        "status" : "passed",
        "time" : {
          "start" : 1713879226583,
          "stop" : 1713879226623,
          "duration" : 40
        }
      } ]
    },
    "tags" : [ "regress" ]
  },
  "source" : "1ac6c7ccec365ace.json",
  "parameterValues" : [ "'chrome'", "'https://pulsewave.ru/auth/signup'" ]
}