{
  "uid" : "1b9c11b91082e75d",
  "name" : "test_get_css_property_header_auth_login[background-color-rgba(252, 224, 88, 1)-\\u0446\\u0432\\u0435\\u0442\\u0430-https://pulsewave.ru/-chrome]",
  "fullName" : "tests.test_header.test_header.TestHeader#test_get_css_property_header_auth_login",
  "historyId" : "3e0c86eae29fb92d8c3601ca93ec2655",
  "time" : {
    "start" : 1714272611630,
    "stop" : 1714272611630,
    "duration" : 0
  },
  "status" : "broken",
  "statusMessage" : "selenium.common.exceptions.TimeoutException: Message: \nStacktrace:\n#0 0x560035573e33 <unknown>\n#1 0x560035263567 <unknown>\n#2 0x5600352ae27d <unknown>\n#3 0x5600352ae331 <unknown>\n#4 0x5600352f1624 <unknown>\n#5 0x5600352d038d <unknown>\n#6 0x5600352eeae2 <unknown>\n#7 0x5600352d0103 <unknown>\n#8 0x5600352a11ba <unknown>\n#9 0x5600352a1b8e <unknown>\n#10 0x56003553859b <unknown>\n#11 0x56003553c34b <unknown>\n#12 0x560035524681 <unknown>\n#13 0x56003553ceb2 <unknown>\n#14 0x5600355096af <unknown>\n#15 0x560035563428 <unknown>\n#16 0x560035563600 <unknown>\n#17 0x560035572f84 <unknown>\n#18 0x7f2734094ac3 <unknown>",
  "statusTrace" : "driver = <selenium.webdriver.chrome.webdriver.WebDriver (session=\"1804d03deb7650dbef01b8f1c0c8064f\")>\nurl = 'https://pulsewave.ru/'\n\n    @pytest.fixture()\n    def header_open(driver, url):\n        page = HeaderPage(driver)\n        driver.get(url)\n>       page.get_allow_all_cookies().click()\n\ntests/test_header/conftest.py:9: \n_ _ _ _ _ _ _ _ _ _ _ _ _ _ _ _ _ _ _ _ _ _ _ _ _ _ _ _ _ _ _ _ _ _ _ _ _ _ _ _ \npages/header.py:33: in get_allow_all_cookies\n    return self.element_is_visible(FooterLocators.ALLOW_ALL_COOKIES)\npages/base_page.py:19: in element_is_visible\n    self.go_to_element(self.element_is_present(locator))\npages/base_page.py:35: in element_is_present\n    return Wait(self.driver, self.timeout).until(es.presence_of_element_located(locator))\n_ _ _ _ _ _ _ _ _ _ _ _ _ _ _ _ _ _ _ _ _ _ _ _ _ _ _ _ _ _ _ _ _ _ _ _ _ _ _ _ \n\nself = <selenium.webdriver.support.wait.WebDriverWait (session=\"1804d03deb7650dbef01b8f1c0c8064f\")>\nmethod = <function presence_of_element_located.<locals>._predicate at 0x7f3f3a717ec0>\nmessage = ''\n\n    def until(self, method: Callable[[D], Union[Literal[False], T]], message: str = \"\") -> T:\n        \"\"\"Calls the method provided with the driver as an argument until the \\\n        return value does not evaluate to ``False``.\n    \n        :param method: callable(WebDriver)\n        :param message: optional message for :exc:`TimeoutException`\n        :returns: the result of the last call to `method`\n        :raises: :exc:`selenium.common.exceptions.TimeoutException` if timeout occurs\n        \"\"\"\n        screen = None\n        stacktrace = None\n    \n        end_time = time.monotonic() + self._timeout\n        while True:\n            try:\n                value = method(self._driver)\n                if value:\n                    return value\n            except self._ignored_exceptions as exc:\n                screen = getattr(exc, \"screen\", None)\n                stacktrace = getattr(exc, \"stacktrace\", None)\n            time.sleep(self._poll)\n            if time.monotonic() > end_time:\n                break\n>       raise TimeoutException(message, screen, stacktrace)\nE       selenium.common.exceptions.TimeoutException: Message: \nE       Stacktrace:\nE       #0 0x560035573e33 <unknown>\nE       #1 0x560035263567 <unknown>\nE       #2 0x5600352ae27d <unknown>\nE       #3 0x5600352ae331 <unknown>\nE       #4 0x5600352f1624 <unknown>\nE       #5 0x5600352d038d <unknown>\nE       #6 0x5600352eeae2 <unknown>\nE       #7 0x5600352d0103 <unknown>\nE       #8 0x5600352a11ba <unknown>\nE       #9 0x5600352a1b8e <unknown>\nE       #10 0x56003553859b <unknown>\nE       #11 0x56003553c34b <unknown>\nE       #12 0x560035524681 <unknown>\nE       #13 0x56003553ceb2 <unknown>\nE       #14 0x5600355096af <unknown>\nE       #15 0x560035563428 <unknown>\nE       #16 0x560035563600 <unknown>\nE       #17 0x560035572f84 <unknown>\nE       #18 0x7f2734094ac3 <unknown>\n\n/opt/hostedtoolcache/Python/3.12.3/x64/lib/python3.12/site-packages/selenium/webdriver/support/wait.py:105: TimeoutException",
  "flaky" : false,
  "newFailed" : false,
  "beforeStages" : [ {
    "name" : "clear_allure_results_folder",
    "time" : {
      "start" : 1714270943308,
      "stop" : 1714270943308,
      "duration" : 0
    },
    "status" : "passed",
    "steps" : [ ],
    "attachments" : [ ],
    "parameters" : [ ],
    "stepsCount" : 0,
    "attachmentsCount" : 0,
    "shouldDisplayMessage" : false,
    "hasContent" : false
  }, {
    "name" : "_session_faker",
    "time" : {
      "start" : 1714270943291,
      "stop" : 1714270943307,
      "duration" : 16
    },
    "status" : "passed",
    "steps" : [ ],
    "attachments" : [ ],
    "parameters" : [ ],
    "stepsCount" : 0,
    "attachmentsCount" : 0,
    "shouldDisplayMessage" : false,
    "hasContent" : false
  }, {
    "name" : "driver",
    "time" : {
      "start" : 1714272611631,
      "stop" : 1714272611827,
      "duration" : 196
    },
    "status" : "passed",
    "steps" : [ ],
    "attachments" : [ ],
    "parameters" : [ ],
    "stepsCount" : 0,
    "attachmentsCount" : 0,
    "shouldDisplayMessage" : false,
    "hasContent" : false
  }, {
    "name" : "header_open",
    "time" : {
      "start" : 1714272611827,
      "stop" : 1714272632556,
      "duration" : 20729
    },
    "status" : "broken",
    "statusMessage" : "selenium.common.exceptions.TimeoutException: Message: \nStacktrace:\n#0 0x560035573e33 <unknown>\n#1 0x560035263567 <unknown>\n#2 0x5600352ae27d <unknown>\n#3 0x5600352ae331 <unknown>\n#4 0x5600352f1624 <unknown>\n#5 0x5600352d038d <unknown>\n#6 0x5600352eeae2 <unknown>\n#7 0x5600352d0103 <unknown>\n#8 0x5600352a11ba <unknown>\n#9 0x5600352a1b8e <unknown>\n#10 0x56003553859b <unknown>\n#11 0x56003553c34b <unknown>\n#12 0x560035524681 <unknown>\n#13 0x56003553ceb2 <unknown>\n#14 0x5600355096af <unknown>\n#15 0x560035563428 <unknown>\n#16 0x560035563600 <unknown>\n#17 0x560035572f84 <unknown>\n#18 0x7f2734094ac3 <unknown>\n\n",
    "statusTrace" : "  File \"/opt/hostedtoolcache/Python/3.12.3/x64/lib/python3.12/site-packages/pluggy/_callers.py\", line 167, in _multicall\n    teardown.throw(outcome._exception)\n  File \"/opt/hostedtoolcache/Python/3.12.3/x64/lib/python3.12/site-packages/_pytest/setuponly.py\", line 36, in pytest_fixture_setup\n    return (yield)\n            ^^^^^\n  File \"/opt/hostedtoolcache/Python/3.12.3/x64/lib/python3.12/site-packages/pluggy/_callers.py\", line 103, in _multicall\n    res = hook_impl.function(*args)\n          ^^^^^^^^^^^^^^^^^^^^^^^^^\n  File \"/opt/hostedtoolcache/Python/3.12.3/x64/lib/python3.12/site-packages/_pytest/fixtures.py\", line 1140, in pytest_fixture_setup\n    result = call_fixture_func(fixturefunc, request, kwargs)\n             ^^^^^^^^^^^^^^^^^^^^^^^^^^^^^^^^^^^^^^^^^^^^^^^\n  File \"/opt/hostedtoolcache/Python/3.12.3/x64/lib/python3.12/site-packages/_pytest/fixtures.py\", line 917, in call_fixture_func\n    fixture_result = fixturefunc(**kwargs)\n                     ^^^^^^^^^^^^^^^^^^^^^\n  File \"/home/runner/work/PulseWave/PulseWave/tests/test_header/conftest.py\", line 9, in header_open\n    page.get_allow_all_cookies().click()\n    ^^^^^^^^^^^^^^^^^^^^^^^^^^^^\n  File \"/opt/hostedtoolcache/Python/3.12.3/x64/lib/python3.12/site-packages/allure_commons/_allure.py\", line 192, in impl\n    return func(*a, **kw)\n           ^^^^^^^^^^^^^^\n  File \"/home/runner/work/PulseWave/PulseWave/pages/header.py\", line 33, in get_allow_all_cookies\n    return self.element_is_visible(FooterLocators.ALLOW_ALL_COOKIES)\n           ^^^^^^^^^^^^^^^^^^^^^^^^^^^^^^^^^^^^^^^^^^^^^^^^^^^^^^^^^\n  File \"/home/runner/work/PulseWave/PulseWave/pages/base_page.py\", line 19, in element_is_visible\n    self.go_to_element(self.element_is_present(locator))\n                       ^^^^^^^^^^^^^^^^^^^^^^^^^^^^^^^^\n  File \"/home/runner/work/PulseWave/PulseWave/pages/base_page.py\", line 35, in element_is_present\n    return Wait(self.driver, self.timeout).until(es.presence_of_element_located(locator))\n           ^^^^^^^^^^^^^^^^^^^^^^^^^^^^^^^^^^^^^^^^^^^^^^^^^^^^^^^^^^^^^^^^^^^^^^^^^^^^^^\n  File \"/opt/hostedtoolcache/Python/3.12.3/x64/lib/python3.12/site-packages/selenium/webdriver/support/wait.py\", line 105, in until\n    raise TimeoutException(message, screen, stacktrace)\n",
    "steps" : [ {
      "name" : "Проверка видимости кнопки 'Принимаю всё' в сообщении о принятии файлов cookie на Главной странице",
      "time" : {
        "start" : 1714272612143,
        "stop" : 1714272632555,
        "duration" : 20412
      },
      "status" : "broken",
      "statusMessage" : "selenium.common.exceptions.TimeoutException: Message: \nStacktrace:\n#0 0x560035573e33 <unknown>\n#1 0x560035263567 <unknown>\n#2 0x5600352ae27d <unknown>\n#3 0x5600352ae331 <unknown>\n#4 0x5600352f1624 <unknown>\n#5 0x5600352d038d <unknown>\n#6 0x5600352eeae2 <unknown>\n#7 0x5600352d0103 <unknown>\n#8 0x5600352a11ba <unknown>\n#9 0x5600352a1b8e <unknown>\n#10 0x56003553859b <unknown>\n#11 0x56003553c34b <unknown>\n#12 0x560035524681 <unknown>\n#13 0x56003553ceb2 <unknown>\n#14 0x5600355096af <unknown>\n#15 0x560035563428 <unknown>\n#16 0x560035563600 <unknown>\n#17 0x560035572f84 <unknown>\n#18 0x7f2734094ac3 <unknown>\n\n",
      "statusTrace" : "  File \"/opt/hostedtoolcache/Python/3.12.3/x64/lib/python3.12/site-packages/allure_commons/_allure.py\", line 192, in impl\n    return func(*a, **kw)\n           ^^^^^^^^^^^^^^\n  File \"/home/runner/work/PulseWave/PulseWave/pages/header.py\", line 33, in get_allow_all_cookies\n    return self.element_is_visible(FooterLocators.ALLOW_ALL_COOKIES)\n           ^^^^^^^^^^^^^^^^^^^^^^^^^^^^^^^^^^^^^^^^^^^^^^^^^^^^^^^^^\n  File \"/home/runner/work/PulseWave/PulseWave/pages/base_page.py\", line 19, in element_is_visible\n    self.go_to_element(self.element_is_present(locator))\n                       ^^^^^^^^^^^^^^^^^^^^^^^^^^^^^^^^\n  File \"/home/runner/work/PulseWave/PulseWave/pages/base_page.py\", line 35, in element_is_present\n    return Wait(self.driver, self.timeout).until(es.presence_of_element_located(locator))\n           ^^^^^^^^^^^^^^^^^^^^^^^^^^^^^^^^^^^^^^^^^^^^^^^^^^^^^^^^^^^^^^^^^^^^^^^^^^^^^^\n  File \"/opt/hostedtoolcache/Python/3.12.3/x64/lib/python3.12/site-packages/selenium/webdriver/support/wait.py\", line 105, in until\n    raise TimeoutException(message, screen, stacktrace)\n",
      "steps" : [ ],
      "attachments" : [ ],
      "parameters" : [ ],
      "stepsCount" : 0,
      "attachmentsCount" : 0,
      "shouldDisplayMessage" : true,
      "hasContent" : true
    } ],
    "attachments" : [ ],
    "parameters" : [ ],
    "stepsCount" : 1,
    "attachmentsCount" : 0,
    "shouldDisplayMessage" : false,
    "hasContent" : true
  } ],
  "afterStages" : [ {
    "name" : "driver::0",
    "time" : {
      "start" : 1714272632568,
      "stop" : 1714272632626,
      "duration" : 58
    },
    "status" : "passed",
    "steps" : [ ],
    "attachments" : [ ],
    "parameters" : [ ],
    "stepsCount" : 0,
    "attachmentsCount" : 0,
    "shouldDisplayMessage" : false,
    "hasContent" : false
  } ],
  "labels" : [ {
    "name" : "epic",
    "value" : "Тестирование Хедера"
  }, {
    "name" : "tag",
    "value" : "regress"
  }, {
    "name" : "parentSuite",
    "value" : "tests.test_header"
  }, {
    "name" : "suite",
    "value" : "test_header"
  }, {
    "name" : "subSuite",
    "value" : "TestHeader"
  }, {
    "name" : "host",
    "value" : "fv-az1383-514"
  }, {
    "name" : "thread",
    "value" : "2368-MainThread"
  }, {
    "name" : "framework",
    "value" : "pytest"
  }, {
    "name" : "language",
    "value" : "cpython3"
  }, {
    "name" : "package",
    "value" : "tests.test_header.test_header"
  }, {
    "name" : "resultFormat",
    "value" : "allure2"
  } ],
  "parameters" : [ {
    "name" : "browser",
    "value" : "'chrome'"
  }, {
    "name" : "css_property",
    "value" : "'background-color'"
  }, {
    "name" : "figma",
    "value" : "'rgba(252, 224, 88, 1)'"
  }, {
    "name" : "name",
    "value" : "'цвета'"
  }, {
    "name" : "url",
    "value" : "'https://pulsewave.ru/'"
  } ],
  "links" : [ ],
  "hidden" : false,
  "retry" : false,
  "extra" : {
    "severity" : "normal",
    "retries" : [ ],
    "categories" : [ {
      "name" : "Test defects",
      "matchedStatuses" : [ ],
      "flaky" : false
    } ],
    "history" : {
      "statistic" : {
        "failed" : 0,
        "broken" : 1,
        "skipped" : 0,
        "passed" : 11,
        "unknown" : 0,
        "total" : 12
      },
      "items" : [ {
        "uid" : "bcb5f54850d232b1",
        "reportUrl" : "https://Nat754.github.io/PulseWave/7//#testresult/bcb5f54850d232b1",
        "status" : "passed",
        "time" : {
          "start" : 1714184973778,
          "stop" : 1714184973815,
          "duration" : 37
        }
      }, {
        "uid" : "a585620c1690b260",
        "reportUrl" : "https://Nat754.github.io/PulseWave/6//#testresult/a585620c1690b260",
        "status" : "passed",
        "time" : {
          "start" : 1714148444626,
          "stop" : 1714148444663,
          "duration" : 37
        }
      }, {
        "uid" : "b986cd77c1537820",
        "reportUrl" : "https://Nat754.github.io/PulseWave/6//#testresult/b986cd77c1537820",
        "status" : "passed",
        "time" : {
          "start" : 1714098494516,
          "stop" : 1714098494553,
          "duration" : 37
        }
      }, {
        "uid" : "ee4d0e4c50894a1d",
        "reportUrl" : "https://Nat754.github.io/PulseWave/5//#testresult/ee4d0e4c50894a1d",
        "status" : "passed",
        "time" : {
          "start" : 1714014377710,
          "stop" : 1714014377746,
          "duration" : 36
        }
      }, {
        "uid" : "87a8511538cb060",
        "reportUrl" : "https://Nat754.github.io/PulseWave/211//#testresult/87a8511538cb060",
        "status" : "passed",
        "time" : {
          "start" : 1713945871908,
          "stop" : 1713945871944,
          "duration" : 36
        }
      }, {
        "uid" : "8fde0585551619bc",
        "reportUrl" : "https://Nat754.github.io/PulseWave/4//#testresult/8fde0585551619bc",
        "status" : "passed",
        "time" : {
          "start" : 1713925664705,
          "stop" : 1713925664743,
          "duration" : 38
        }
      }, {
        "uid" : "ab3aa6329bb76820",
        "reportUrl" : "https://Nat754.github.io/PulseWave/211//#testresult/ab3aa6329bb76820",
        "status" : "passed",
        "time" : {
          "start" : 1713901516936,
          "stop" : 1713901516972,
          "duration" : 36
        }
      }, {
        "uid" : "d4e051dc4e988a3f",
        "reportUrl" : "https://Nat754.github.io/PulseWave/210//#testresult/d4e051dc4e988a3f",
        "status" : "passed",
        "time" : {
          "start" : 1713885711701,
          "stop" : 1713885711739,
          "duration" : 38
        }
      }, {
        "uid" : "deafc777cb3dc5a8",
        "reportUrl" : "https://Nat754.github.io/PulseWave/209//#testresult/deafc777cb3dc5a8",
        "status" : "passed",
        "time" : {
          "start" : 1713883609531,
          "stop" : 1713883609566,
          "duration" : 35
        }
      }, {
        "uid" : "be59c047e7bfaf4d",
        "reportUrl" : "https://Nat754.github.io/PulseWave/209//#testresult/be59c047e7bfaf4d",
        "status" : "passed",
        "time" : {
          "start" : 1713882127627,
          "stop" : 1713882127662,
          "duration" : 35
        }
      }, {
        "uid" : "5a49bf9fa23f89c",
        "reportUrl" : "https://Nat754.github.io/PulseWave/208//#testresult/5a49bf9fa23f89c",
        "status" : "passed",
        "time" : {
          "start" : 1713879302239,
          "stop" : 1713879302278,
          "duration" : 39
        }
      } ]
    },
    "tags" : [ "regress" ]
  },
  "source" : "1b9c11b91082e75d.json",
  "parameterValues" : [ "'chrome'", "'background-color'", "'rgba(252, 224, 88, 1)'", "'цвета'", "'https://pulsewave.ru/'" ]
}