{
  "uid" : "26aecb594e576164",
  "name" : "Проверка текста кнопки 'Войти'",
  "fullName" : "tests.test_header.test_header.TestHeader#test_get_text_header_auth_login",
  "historyId" : "64aab2cb4378424e81547ff1916d5c7d",
  "time" : {
    "start" : 1714272212604,
    "stop" : 1714272212604,
    "duration" : 0
  },
  "status" : "broken",
  "statusMessage" : "selenium.common.exceptions.TimeoutException: Message: \nStacktrace:\n#0 0x562115c61e33 <unknown>\n#1 0x562115951567 <unknown>\n#2 0x56211599c27d <unknown>\n#3 0x56211599c331 <unknown>\n#4 0x5621159df624 <unknown>\n#5 0x5621159be38d <unknown>\n#6 0x5621159dcae2 <unknown>\n#7 0x5621159be103 <unknown>\n#8 0x56211598f1ba <unknown>\n#9 0x56211598fb8e <unknown>\n#10 0x562115c2659b <unknown>\n#11 0x562115c2a34b <unknown>\n#12 0x562115c12681 <unknown>\n#13 0x562115c2aeb2 <unknown>\n#14 0x562115bf76af <unknown>\n#15 0x562115c51428 <unknown>\n#16 0x562115c51600 <unknown>\n#17 0x562115c60f84 <unknown>\n#18 0x7f0fa9694ac3 <unknown>",
  "statusTrace" : "driver = <selenium.webdriver.chrome.webdriver.WebDriver (session=\"4648ff928ed73f9d7d2e66b9c3dcc1b7\")>\nurl = 'https://pulsewave.ru/auth/password?email='\n\n    @pytest.fixture()\n    def header_open(driver, url):\n        page = HeaderPage(driver)\n        driver.get(url)\n>       page.get_allow_all_cookies().click()\n\ntests/test_header/conftest.py:9: \n_ _ _ _ _ _ _ _ _ _ _ _ _ _ _ _ _ _ _ _ _ _ _ _ _ _ _ _ _ _ _ _ _ _ _ _ _ _ _ _ \npages/header.py:33: in get_allow_all_cookies\n    return self.element_is_visible(FooterLocators.ALLOW_ALL_COOKIES)\npages/base_page.py:19: in element_is_visible\n    self.go_to_element(self.element_is_present(locator))\npages/base_page.py:35: in element_is_present\n    return Wait(self.driver, self.timeout).until(es.presence_of_element_located(locator))\n_ _ _ _ _ _ _ _ _ _ _ _ _ _ _ _ _ _ _ _ _ _ _ _ _ _ _ _ _ _ _ _ _ _ _ _ _ _ _ _ \n\nself = <selenium.webdriver.support.wait.WebDriverWait (session=\"4648ff928ed73f9d7d2e66b9c3dcc1b7\")>\nmethod = <function presence_of_element_located.<locals>._predicate at 0x7f3f3a717e20>\nmessage = ''\n\n    def until(self, method: Callable[[D], Union[Literal[False], T]], message: str = \"\") -> T:\n        \"\"\"Calls the method provided with the driver as an argument until the \\\n        return value does not evaluate to ``False``.\n    \n        :param method: callable(WebDriver)\n        :param message: optional message for :exc:`TimeoutException`\n        :returns: the result of the last call to `method`\n        :raises: :exc:`selenium.common.exceptions.TimeoutException` if timeout occurs\n        \"\"\"\n        screen = None\n        stacktrace = None\n    \n        end_time = time.monotonic() + self._timeout\n        while True:\n            try:\n                value = method(self._driver)\n                if value:\n                    return value\n            except self._ignored_exceptions as exc:\n                screen = getattr(exc, \"screen\", None)\n                stacktrace = getattr(exc, \"stacktrace\", None)\n            time.sleep(self._poll)\n            if time.monotonic() > end_time:\n                break\n>       raise TimeoutException(message, screen, stacktrace)\nE       selenium.common.exceptions.TimeoutException: Message: \nE       Stacktrace:\nE       #0 0x562115c61e33 <unknown>\nE       #1 0x562115951567 <unknown>\nE       #2 0x56211599c27d <unknown>\nE       #3 0x56211599c331 <unknown>\nE       #4 0x5621159df624 <unknown>\nE       #5 0x5621159be38d <unknown>\nE       #6 0x5621159dcae2 <unknown>\nE       #7 0x5621159be103 <unknown>\nE       #8 0x56211598f1ba <unknown>\nE       #9 0x56211598fb8e <unknown>\nE       #10 0x562115c2659b <unknown>\nE       #11 0x562115c2a34b <unknown>\nE       #12 0x562115c12681 <unknown>\nE       #13 0x562115c2aeb2 <unknown>\nE       #14 0x562115bf76af <unknown>\nE       #15 0x562115c51428 <unknown>\nE       #16 0x562115c51600 <unknown>\nE       #17 0x562115c60f84 <unknown>\nE       #18 0x7f0fa9694ac3 <unknown>\n\n/opt/hostedtoolcache/Python/3.12.3/x64/lib/python3.12/site-packages/selenium/webdriver/support/wait.py:105: TimeoutException",
  "flaky" : false,
  "newFailed" : false,
  "beforeStages" : [ {
    "name" : "clear_allure_results_folder",
    "time" : {
      "start" : 1714270943308,
      "stop" : 1714270943308,
      "duration" : 0
    },
    "status" : "passed",
    "steps" : [ ],
    "attachments" : [ ],
    "parameters" : [ ],
    "stepsCount" : 0,
    "attachmentsCount" : 0,
    "shouldDisplayMessage" : false,
    "hasContent" : false
  }, {
    "name" : "_session_faker",
    "time" : {
      "start" : 1714270943291,
      "stop" : 1714270943307,
      "duration" : 16
    },
    "status" : "passed",
    "steps" : [ ],
    "attachments" : [ ],
    "parameters" : [ ],
    "stepsCount" : 0,
    "attachmentsCount" : 0,
    "shouldDisplayMessage" : false,
    "hasContent" : false
  }, {
    "name" : "driver",
    "time" : {
      "start" : 1714272212604,
      "stop" : 1714272212801,
      "duration" : 197
    },
    "status" : "passed",
    "steps" : [ ],
    "attachments" : [ ],
    "parameters" : [ ],
    "stepsCount" : 0,
    "attachmentsCount" : 0,
    "shouldDisplayMessage" : false,
    "hasContent" : false
  }, {
    "name" : "header_open",
    "time" : {
      "start" : 1714272212801,
      "stop" : 1714272233529,
      "duration" : 20728
    },
    "status" : "broken",
    "statusMessage" : "selenium.common.exceptions.TimeoutException: Message: \nStacktrace:\n#0 0x562115c61e33 <unknown>\n#1 0x562115951567 <unknown>\n#2 0x56211599c27d <unknown>\n#3 0x56211599c331 <unknown>\n#4 0x5621159df624 <unknown>\n#5 0x5621159be38d <unknown>\n#6 0x5621159dcae2 <unknown>\n#7 0x5621159be103 <unknown>\n#8 0x56211598f1ba <unknown>\n#9 0x56211598fb8e <unknown>\n#10 0x562115c2659b <unknown>\n#11 0x562115c2a34b <unknown>\n#12 0x562115c12681 <unknown>\n#13 0x562115c2aeb2 <unknown>\n#14 0x562115bf76af <unknown>\n#15 0x562115c51428 <unknown>\n#16 0x562115c51600 <unknown>\n#17 0x562115c60f84 <unknown>\n#18 0x7f0fa9694ac3 <unknown>\n\n",
    "statusTrace" : "  File \"/opt/hostedtoolcache/Python/3.12.3/x64/lib/python3.12/site-packages/pluggy/_callers.py\", line 167, in _multicall\n    teardown.throw(outcome._exception)\n  File \"/opt/hostedtoolcache/Python/3.12.3/x64/lib/python3.12/site-packages/_pytest/setuponly.py\", line 36, in pytest_fixture_setup\n    return (yield)\n            ^^^^^\n  File \"/opt/hostedtoolcache/Python/3.12.3/x64/lib/python3.12/site-packages/pluggy/_callers.py\", line 103, in _multicall\n    res = hook_impl.function(*args)\n          ^^^^^^^^^^^^^^^^^^^^^^^^^\n  File \"/opt/hostedtoolcache/Python/3.12.3/x64/lib/python3.12/site-packages/_pytest/fixtures.py\", line 1140, in pytest_fixture_setup\n    result = call_fixture_func(fixturefunc, request, kwargs)\n             ^^^^^^^^^^^^^^^^^^^^^^^^^^^^^^^^^^^^^^^^^^^^^^^\n  File \"/opt/hostedtoolcache/Python/3.12.3/x64/lib/python3.12/site-packages/_pytest/fixtures.py\", line 917, in call_fixture_func\n    fixture_result = fixturefunc(**kwargs)\n                     ^^^^^^^^^^^^^^^^^^^^^\n  File \"/home/runner/work/PulseWave/PulseWave/tests/test_header/conftest.py\", line 9, in header_open\n    page.get_allow_all_cookies().click()\n    ^^^^^^^^^^^^^^^^^^^^^^^^^^^^\n  File \"/opt/hostedtoolcache/Python/3.12.3/x64/lib/python3.12/site-packages/allure_commons/_allure.py\", line 192, in impl\n    return func(*a, **kw)\n           ^^^^^^^^^^^^^^\n  File \"/home/runner/work/PulseWave/PulseWave/pages/header.py\", line 33, in get_allow_all_cookies\n    return self.element_is_visible(FooterLocators.ALLOW_ALL_COOKIES)\n           ^^^^^^^^^^^^^^^^^^^^^^^^^^^^^^^^^^^^^^^^^^^^^^^^^^^^^^^^^\n  File \"/home/runner/work/PulseWave/PulseWave/pages/base_page.py\", line 19, in element_is_visible\n    self.go_to_element(self.element_is_present(locator))\n                       ^^^^^^^^^^^^^^^^^^^^^^^^^^^^^^^^\n  File \"/home/runner/work/PulseWave/PulseWave/pages/base_page.py\", line 35, in element_is_present\n    return Wait(self.driver, self.timeout).until(es.presence_of_element_located(locator))\n           ^^^^^^^^^^^^^^^^^^^^^^^^^^^^^^^^^^^^^^^^^^^^^^^^^^^^^^^^^^^^^^^^^^^^^^^^^^^^^^\n  File \"/opt/hostedtoolcache/Python/3.12.3/x64/lib/python3.12/site-packages/selenium/webdriver/support/wait.py\", line 105, in until\n    raise TimeoutException(message, screen, stacktrace)\n",
    "steps" : [ {
      "name" : "Проверка видимости кнопки 'Принимаю всё' в сообщении о принятии файлов cookie на Главной странице",
      "time" : {
        "start" : 1714272213121,
        "stop" : 1714272233529,
        "duration" : 20408
      },
      "status" : "broken",
      "statusMessage" : "selenium.common.exceptions.TimeoutException: Message: \nStacktrace:\n#0 0x562115c61e33 <unknown>\n#1 0x562115951567 <unknown>\n#2 0x56211599c27d <unknown>\n#3 0x56211599c331 <unknown>\n#4 0x5621159df624 <unknown>\n#5 0x5621159be38d <unknown>\n#6 0x5621159dcae2 <unknown>\n#7 0x5621159be103 <unknown>\n#8 0x56211598f1ba <unknown>\n#9 0x56211598fb8e <unknown>\n#10 0x562115c2659b <unknown>\n#11 0x562115c2a34b <unknown>\n#12 0x562115c12681 <unknown>\n#13 0x562115c2aeb2 <unknown>\n#14 0x562115bf76af <unknown>\n#15 0x562115c51428 <unknown>\n#16 0x562115c51600 <unknown>\n#17 0x562115c60f84 <unknown>\n#18 0x7f0fa9694ac3 <unknown>\n\n",
      "statusTrace" : "  File \"/opt/hostedtoolcache/Python/3.12.3/x64/lib/python3.12/site-packages/allure_commons/_allure.py\", line 192, in impl\n    return func(*a, **kw)\n           ^^^^^^^^^^^^^^\n  File \"/home/runner/work/PulseWave/PulseWave/pages/header.py\", line 33, in get_allow_all_cookies\n    return self.element_is_visible(FooterLocators.ALLOW_ALL_COOKIES)\n           ^^^^^^^^^^^^^^^^^^^^^^^^^^^^^^^^^^^^^^^^^^^^^^^^^^^^^^^^^\n  File \"/home/runner/work/PulseWave/PulseWave/pages/base_page.py\", line 19, in element_is_visible\n    self.go_to_element(self.element_is_present(locator))\n                       ^^^^^^^^^^^^^^^^^^^^^^^^^^^^^^^^\n  File \"/home/runner/work/PulseWave/PulseWave/pages/base_page.py\", line 35, in element_is_present\n    return Wait(self.driver, self.timeout).until(es.presence_of_element_located(locator))\n           ^^^^^^^^^^^^^^^^^^^^^^^^^^^^^^^^^^^^^^^^^^^^^^^^^^^^^^^^^^^^^^^^^^^^^^^^^^^^^^\n  File \"/opt/hostedtoolcache/Python/3.12.3/x64/lib/python3.12/site-packages/selenium/webdriver/support/wait.py\", line 105, in until\n    raise TimeoutException(message, screen, stacktrace)\n",
      "steps" : [ ],
      "attachments" : [ ],
      "parameters" : [ ],
      "stepsCount" : 0,
      "attachmentsCount" : 0,
      "shouldDisplayMessage" : true,
      "hasContent" : true
    } ],
    "attachments" : [ ],
    "parameters" : [ ],
    "stepsCount" : 1,
    "attachmentsCount" : 0,
    "shouldDisplayMessage" : false,
    "hasContent" : true
  } ],
  "afterStages" : [ {
    "name" : "driver::0",
    "time" : {
      "start" : 1714272233543,
      "stop" : 1714272233601,
      "duration" : 58
    },
    "status" : "passed",
    "steps" : [ ],
    "attachments" : [ ],
    "parameters" : [ ],
    "stepsCount" : 0,
    "attachmentsCount" : 0,
    "shouldDisplayMessage" : false,
    "hasContent" : false
  } ],
  "labels" : [ {
    "name" : "epic",
    "value" : "Тестирование Хедера"
  }, {
    "name" : "tag",
    "value" : "regress"
  }, {
    "name" : "parentSuite",
    "value" : "tests.test_header"
  }, {
    "name" : "suite",
    "value" : "test_header"
  }, {
    "name" : "subSuite",
    "value" : "TestHeader"
  }, {
    "name" : "host",
    "value" : "fv-az1383-514"
  }, {
    "name" : "thread",
    "value" : "2368-MainThread"
  }, {
    "name" : "framework",
    "value" : "pytest"
  }, {
    "name" : "language",
    "value" : "cpython3"
  }, {
    "name" : "package",
    "value" : "tests.test_header.test_header"
  }, {
    "name" : "resultFormat",
    "value" : "allure2"
  } ],
  "parameters" : [ {
    "name" : "browser",
    "value" : "'chrome'"
  }, {
    "name" : "url",
    "value" : "'https://pulsewave.ru/auth/password?email='"
  } ],
  "links" : [ ],
  "hidden" : false,
  "retry" : false,
  "extra" : {
    "severity" : "normal",
    "retries" : [ ],
    "categories" : [ {
      "name" : "Test defects",
      "matchedStatuses" : [ ],
      "flaky" : false
    } ],
    "history" : {
      "statistic" : {
        "failed" : 0,
        "broken" : 1,
        "skipped" : 0,
        "passed" : 11,
        "unknown" : 0,
        "total" : 12
      },
      "items" : [ {
        "uid" : "4848687dc2c85f15",
        "reportUrl" : "https://Nat754.github.io/PulseWave/7//#testresult/4848687dc2c85f15",
        "status" : "passed",
        "time" : {
          "start" : 1714184904508,
          "stop" : 1714184904546,
          "duration" : 38
        }
      }, {
        "uid" : "95b748dda0cae78b",
        "reportUrl" : "https://Nat754.github.io/PulseWave/6//#testresult/95b748dda0cae78b",
        "status" : "passed",
        "time" : {
          "start" : 1714148387511,
          "stop" : 1714148387565,
          "duration" : 54
        }
      }, {
        "uid" : "3d3d19d5dc9cf195",
        "reportUrl" : "https://Nat754.github.io/PulseWave/6//#testresult/3d3d19d5dc9cf195",
        "status" : "passed",
        "time" : {
          "start" : 1714098435583,
          "stop" : 1714098435621,
          "duration" : 38
        }
      }, {
        "uid" : "dd6231a59ad8533b",
        "reportUrl" : "https://Nat754.github.io/PulseWave/5//#testresult/dd6231a59ad8533b",
        "status" : "passed",
        "time" : {
          "start" : 1714014328228,
          "stop" : 1714014328265,
          "duration" : 37
        }
      }, {
        "uid" : "5a15e9edf1ebd7d4",
        "reportUrl" : "https://Nat754.github.io/PulseWave/211//#testresult/5a15e9edf1ebd7d4",
        "status" : "passed",
        "time" : {
          "start" : 1713945819395,
          "stop" : 1713945819432,
          "duration" : 37
        }
      }, {
        "uid" : "f0e719a2c537cb0a",
        "reportUrl" : "https://Nat754.github.io/PulseWave/4//#testresult/f0e719a2c537cb0a",
        "status" : "passed",
        "time" : {
          "start" : 1713925612198,
          "stop" : 1713925612235,
          "duration" : 37
        }
      }, {
        "uid" : "e1af27b47d2d2a05",
        "reportUrl" : "https://Nat754.github.io/PulseWave/211//#testresult/e1af27b47d2d2a05",
        "status" : "passed",
        "time" : {
          "start" : 1713901457274,
          "stop" : 1713901457313,
          "duration" : 39
        }
      }, {
        "uid" : "ffc91c379abe66b4",
        "reportUrl" : "https://Nat754.github.io/PulseWave/210//#testresult/ffc91c379abe66b4",
        "status" : "passed",
        "time" : {
          "start" : 1713885639609,
          "stop" : 1713885639651,
          "duration" : 42
        }
      }, {
        "uid" : "5e02229f6025171a",
        "reportUrl" : "https://Nat754.github.io/PulseWave/209//#testresult/5e02229f6025171a",
        "status" : "passed",
        "time" : {
          "start" : 1713883542039,
          "stop" : 1713883542075,
          "duration" : 36
        }
      }, {
        "uid" : "572d8a1d7e0d6fa1",
        "reportUrl" : "https://Nat754.github.io/PulseWave/209//#testresult/572d8a1d7e0d6fa1",
        "status" : "passed",
        "time" : {
          "start" : 1713882055082,
          "stop" : 1713882055121,
          "duration" : 39
        }
      }, {
        "uid" : "89ab79c4caa64c69",
        "reportUrl" : "https://Nat754.github.io/PulseWave/208//#testresult/89ab79c4caa64c69",
        "status" : "passed",
        "time" : {
          "start" : 1713879230539,
          "stop" : 1713879230579,
          "duration" : 40
        }
      } ]
    },
    "tags" : [ "regress" ]
  },
  "source" : "26aecb594e576164.json",
  "parameterValues" : [ "'chrome'", "'https://pulsewave.ru/auth/password?email='" ]
}