{
  "uid" : "2d8ea577fc0570b6",
  "name" : "test_get_css_property_header_auth_login[font-family-Mulish, sans-serif-\\u0448\\u0440\\u0438\\u0444\\u0442\\u0430-https://pulsewave.ru/-chrome]",
  "fullName" : "tests.test_header.test_header.TestHeader#test_get_css_property_header_auth_login",
  "historyId" : "7574b697ae36a64e8cca74fca10c710b",
  "time" : {
    "start" : 1714272548620,
    "stop" : 1714272548620,
    "duration" : 0
  },
  "status" : "broken",
  "statusMessage" : "selenium.common.exceptions.TimeoutException: Message: \nStacktrace:\n#0 0x5647c4e5be33 <unknown>\n#1 0x5647c4b4b567 <unknown>\n#2 0x5647c4b9627d <unknown>\n#3 0x5647c4b96331 <unknown>\n#4 0x5647c4bd9624 <unknown>\n#5 0x5647c4bb838d <unknown>\n#6 0x5647c4bd6ae2 <unknown>\n#7 0x5647c4bb8103 <unknown>\n#8 0x5647c4b891ba <unknown>\n#9 0x5647c4b89b8e <unknown>\n#10 0x5647c4e2059b <unknown>\n#11 0x5647c4e2434b <unknown>\n#12 0x5647c4e0c681 <unknown>\n#13 0x5647c4e24eb2 <unknown>\n#14 0x5647c4df16af <unknown>\n#15 0x5647c4e4b428 <unknown>\n#16 0x5647c4e4b600 <unknown>\n#17 0x5647c4e5af84 <unknown>\n#18 0x7fc69ae94ac3 <unknown>",
  "statusTrace" : "driver = <selenium.webdriver.chrome.webdriver.WebDriver (session=\"76f18e168f68d27ef3e92ef186462a28\")>\nurl = 'https://pulsewave.ru/'\n\n    @pytest.fixture()\n    def header_open(driver, url):\n        page = HeaderPage(driver)\n        driver.get(url)\n>       page.get_allow_all_cookies().click()\n\ntests/test_header/conftest.py:9: \n_ _ _ _ _ _ _ _ _ _ _ _ _ _ _ _ _ _ _ _ _ _ _ _ _ _ _ _ _ _ _ _ _ _ _ _ _ _ _ _ \npages/header.py:33: in get_allow_all_cookies\n    return self.element_is_visible(FooterLocators.ALLOW_ALL_COOKIES)\npages/base_page.py:19: in element_is_visible\n    self.go_to_element(self.element_is_present(locator))\npages/base_page.py:35: in element_is_present\n    return Wait(self.driver, self.timeout).until(es.presence_of_element_located(locator))\n_ _ _ _ _ _ _ _ _ _ _ _ _ _ _ _ _ _ _ _ _ _ _ _ _ _ _ _ _ _ _ _ _ _ _ _ _ _ _ _ \n\nself = <selenium.webdriver.support.wait.WebDriverWait (session=\"76f18e168f68d27ef3e92ef186462a28\")>\nmethod = <function presence_of_element_located.<locals>._predicate at 0x7f3f3a717100>\nmessage = ''\n\n    def until(self, method: Callable[[D], Union[Literal[False], T]], message: str = \"\") -> T:\n        \"\"\"Calls the method provided with the driver as an argument until the \\\n        return value does not evaluate to ``False``.\n    \n        :param method: callable(WebDriver)\n        :param message: optional message for :exc:`TimeoutException`\n        :returns: the result of the last call to `method`\n        :raises: :exc:`selenium.common.exceptions.TimeoutException` if timeout occurs\n        \"\"\"\n        screen = None\n        stacktrace = None\n    \n        end_time = time.monotonic() + self._timeout\n        while True:\n            try:\n                value = method(self._driver)\n                if value:\n                    return value\n            except self._ignored_exceptions as exc:\n                screen = getattr(exc, \"screen\", None)\n                stacktrace = getattr(exc, \"stacktrace\", None)\n            time.sleep(self._poll)\n            if time.monotonic() > end_time:\n                break\n>       raise TimeoutException(message, screen, stacktrace)\nE       selenium.common.exceptions.TimeoutException: Message: \nE       Stacktrace:\nE       #0 0x5647c4e5be33 <unknown>\nE       #1 0x5647c4b4b567 <unknown>\nE       #2 0x5647c4b9627d <unknown>\nE       #3 0x5647c4b96331 <unknown>\nE       #4 0x5647c4bd9624 <unknown>\nE       #5 0x5647c4bb838d <unknown>\nE       #6 0x5647c4bd6ae2 <unknown>\nE       #7 0x5647c4bb8103 <unknown>\nE       #8 0x5647c4b891ba <unknown>\nE       #9 0x5647c4b89b8e <unknown>\nE       #10 0x5647c4e2059b <unknown>\nE       #11 0x5647c4e2434b <unknown>\nE       #12 0x5647c4e0c681 <unknown>\nE       #13 0x5647c4e24eb2 <unknown>\nE       #14 0x5647c4df16af <unknown>\nE       #15 0x5647c4e4b428 <unknown>\nE       #16 0x5647c4e4b600 <unknown>\nE       #17 0x5647c4e5af84 <unknown>\nE       #18 0x7fc69ae94ac3 <unknown>\n\n/opt/hostedtoolcache/Python/3.12.3/x64/lib/python3.12/site-packages/selenium/webdriver/support/wait.py:105: TimeoutException",
  "flaky" : false,
  "newFailed" : false,
  "beforeStages" : [ {
    "name" : "clear_allure_results_folder",
    "time" : {
      "start" : 1714270943308,
      "stop" : 1714270943308,
      "duration" : 0
    },
    "status" : "passed",
    "steps" : [ ],
    "attachments" : [ ],
    "parameters" : [ ],
    "stepsCount" : 0,
    "attachmentsCount" : 0,
    "shouldDisplayMessage" : false,
    "hasContent" : false
  }, {
    "name" : "_session_faker",
    "time" : {
      "start" : 1714270943291,
      "stop" : 1714270943307,
      "duration" : 16
    },
    "status" : "passed",
    "steps" : [ ],
    "attachments" : [ ],
    "parameters" : [ ],
    "stepsCount" : 0,
    "attachmentsCount" : 0,
    "shouldDisplayMessage" : false,
    "hasContent" : false
  }, {
    "name" : "driver",
    "time" : {
      "start" : 1714272548620,
      "stop" : 1714272548818,
      "duration" : 198
    },
    "status" : "passed",
    "steps" : [ ],
    "attachments" : [ ],
    "parameters" : [ ],
    "stepsCount" : 0,
    "attachmentsCount" : 0,
    "shouldDisplayMessage" : false,
    "hasContent" : false
  }, {
    "name" : "header_open",
    "time" : {
      "start" : 1714272548819,
      "stop" : 1714272569549,
      "duration" : 20730
    },
    "status" : "broken",
    "statusMessage" : "selenium.common.exceptions.TimeoutException: Message: \nStacktrace:\n#0 0x5647c4e5be33 <unknown>\n#1 0x5647c4b4b567 <unknown>\n#2 0x5647c4b9627d <unknown>\n#3 0x5647c4b96331 <unknown>\n#4 0x5647c4bd9624 <unknown>\n#5 0x5647c4bb838d <unknown>\n#6 0x5647c4bd6ae2 <unknown>\n#7 0x5647c4bb8103 <unknown>\n#8 0x5647c4b891ba <unknown>\n#9 0x5647c4b89b8e <unknown>\n#10 0x5647c4e2059b <unknown>\n#11 0x5647c4e2434b <unknown>\n#12 0x5647c4e0c681 <unknown>\n#13 0x5647c4e24eb2 <unknown>\n#14 0x5647c4df16af <unknown>\n#15 0x5647c4e4b428 <unknown>\n#16 0x5647c4e4b600 <unknown>\n#17 0x5647c4e5af84 <unknown>\n#18 0x7fc69ae94ac3 <unknown>\n\n",
    "statusTrace" : "  File \"/opt/hostedtoolcache/Python/3.12.3/x64/lib/python3.12/site-packages/pluggy/_callers.py\", line 167, in _multicall\n    teardown.throw(outcome._exception)\n  File \"/opt/hostedtoolcache/Python/3.12.3/x64/lib/python3.12/site-packages/_pytest/setuponly.py\", line 36, in pytest_fixture_setup\n    return (yield)\n            ^^^^^\n  File \"/opt/hostedtoolcache/Python/3.12.3/x64/lib/python3.12/site-packages/pluggy/_callers.py\", line 103, in _multicall\n    res = hook_impl.function(*args)\n          ^^^^^^^^^^^^^^^^^^^^^^^^^\n  File \"/opt/hostedtoolcache/Python/3.12.3/x64/lib/python3.12/site-packages/_pytest/fixtures.py\", line 1140, in pytest_fixture_setup\n    result = call_fixture_func(fixturefunc, request, kwargs)\n             ^^^^^^^^^^^^^^^^^^^^^^^^^^^^^^^^^^^^^^^^^^^^^^^\n  File \"/opt/hostedtoolcache/Python/3.12.3/x64/lib/python3.12/site-packages/_pytest/fixtures.py\", line 917, in call_fixture_func\n    fixture_result = fixturefunc(**kwargs)\n                     ^^^^^^^^^^^^^^^^^^^^^\n  File \"/home/runner/work/PulseWave/PulseWave/tests/test_header/conftest.py\", line 9, in header_open\n    page.get_allow_all_cookies().click()\n    ^^^^^^^^^^^^^^^^^^^^^^^^^^^^\n  File \"/opt/hostedtoolcache/Python/3.12.3/x64/lib/python3.12/site-packages/allure_commons/_allure.py\", line 192, in impl\n    return func(*a, **kw)\n           ^^^^^^^^^^^^^^\n  File \"/home/runner/work/PulseWave/PulseWave/pages/header.py\", line 33, in get_allow_all_cookies\n    return self.element_is_visible(FooterLocators.ALLOW_ALL_COOKIES)\n           ^^^^^^^^^^^^^^^^^^^^^^^^^^^^^^^^^^^^^^^^^^^^^^^^^^^^^^^^^\n  File \"/home/runner/work/PulseWave/PulseWave/pages/base_page.py\", line 19, in element_is_visible\n    self.go_to_element(self.element_is_present(locator))\n                       ^^^^^^^^^^^^^^^^^^^^^^^^^^^^^^^^\n  File \"/home/runner/work/PulseWave/PulseWave/pages/base_page.py\", line 35, in element_is_present\n    return Wait(self.driver, self.timeout).until(es.presence_of_element_located(locator))\n           ^^^^^^^^^^^^^^^^^^^^^^^^^^^^^^^^^^^^^^^^^^^^^^^^^^^^^^^^^^^^^^^^^^^^^^^^^^^^^^\n  File \"/opt/hostedtoolcache/Python/3.12.3/x64/lib/python3.12/site-packages/selenium/webdriver/support/wait.py\", line 105, in until\n    raise TimeoutException(message, screen, stacktrace)\n",
    "steps" : [ {
      "name" : "Проверка видимости кнопки 'Принимаю всё' в сообщении о принятии файлов cookie на Главной странице",
      "time" : {
        "start" : 1714272549135,
        "stop" : 1714272569549,
        "duration" : 20414
      },
      "status" : "broken",
      "statusMessage" : "selenium.common.exceptions.TimeoutException: Message: \nStacktrace:\n#0 0x5647c4e5be33 <unknown>\n#1 0x5647c4b4b567 <unknown>\n#2 0x5647c4b9627d <unknown>\n#3 0x5647c4b96331 <unknown>\n#4 0x5647c4bd9624 <unknown>\n#5 0x5647c4bb838d <unknown>\n#6 0x5647c4bd6ae2 <unknown>\n#7 0x5647c4bb8103 <unknown>\n#8 0x5647c4b891ba <unknown>\n#9 0x5647c4b89b8e <unknown>\n#10 0x5647c4e2059b <unknown>\n#11 0x5647c4e2434b <unknown>\n#12 0x5647c4e0c681 <unknown>\n#13 0x5647c4e24eb2 <unknown>\n#14 0x5647c4df16af <unknown>\n#15 0x5647c4e4b428 <unknown>\n#16 0x5647c4e4b600 <unknown>\n#17 0x5647c4e5af84 <unknown>\n#18 0x7fc69ae94ac3 <unknown>\n\n",
      "statusTrace" : "  File \"/opt/hostedtoolcache/Python/3.12.3/x64/lib/python3.12/site-packages/allure_commons/_allure.py\", line 192, in impl\n    return func(*a, **kw)\n           ^^^^^^^^^^^^^^\n  File \"/home/runner/work/PulseWave/PulseWave/pages/header.py\", line 33, in get_allow_all_cookies\n    return self.element_is_visible(FooterLocators.ALLOW_ALL_COOKIES)\n           ^^^^^^^^^^^^^^^^^^^^^^^^^^^^^^^^^^^^^^^^^^^^^^^^^^^^^^^^^\n  File \"/home/runner/work/PulseWave/PulseWave/pages/base_page.py\", line 19, in element_is_visible\n    self.go_to_element(self.element_is_present(locator))\n                       ^^^^^^^^^^^^^^^^^^^^^^^^^^^^^^^^\n  File \"/home/runner/work/PulseWave/PulseWave/pages/base_page.py\", line 35, in element_is_present\n    return Wait(self.driver, self.timeout).until(es.presence_of_element_located(locator))\n           ^^^^^^^^^^^^^^^^^^^^^^^^^^^^^^^^^^^^^^^^^^^^^^^^^^^^^^^^^^^^^^^^^^^^^^^^^^^^^^\n  File \"/opt/hostedtoolcache/Python/3.12.3/x64/lib/python3.12/site-packages/selenium/webdriver/support/wait.py\", line 105, in until\n    raise TimeoutException(message, screen, stacktrace)\n",
      "steps" : [ ],
      "attachments" : [ ],
      "parameters" : [ ],
      "stepsCount" : 0,
      "attachmentsCount" : 0,
      "shouldDisplayMessage" : true,
      "hasContent" : true
    } ],
    "attachments" : [ ],
    "parameters" : [ ],
    "stepsCount" : 1,
    "attachmentsCount" : 0,
    "shouldDisplayMessage" : false,
    "hasContent" : true
  } ],
  "afterStages" : [ {
    "name" : "driver::0",
    "time" : {
      "start" : 1714272569563,
      "stop" : 1714272569621,
      "duration" : 58
    },
    "status" : "passed",
    "steps" : [ ],
    "attachments" : [ ],
    "parameters" : [ ],
    "stepsCount" : 0,
    "attachmentsCount" : 0,
    "shouldDisplayMessage" : false,
    "hasContent" : false
  } ],
  "labels" : [ {
    "name" : "epic",
    "value" : "Тестирование Хедера"
  }, {
    "name" : "tag",
    "value" : "regress"
  }, {
    "name" : "parentSuite",
    "value" : "tests.test_header"
  }, {
    "name" : "suite",
    "value" : "test_header"
  }, {
    "name" : "subSuite",
    "value" : "TestHeader"
  }, {
    "name" : "host",
    "value" : "fv-az1383-514"
  }, {
    "name" : "thread",
    "value" : "2368-MainThread"
  }, {
    "name" : "framework",
    "value" : "pytest"
  }, {
    "name" : "language",
    "value" : "cpython3"
  }, {
    "name" : "package",
    "value" : "tests.test_header.test_header"
  }, {
    "name" : "resultFormat",
    "value" : "allure2"
  } ],
  "parameters" : [ {
    "name" : "browser",
    "value" : "'chrome'"
  }, {
    "name" : "css_property",
    "value" : "'font-family'"
  }, {
    "name" : "figma",
    "value" : "'Mulish, sans-serif'"
  }, {
    "name" : "name",
    "value" : "'шрифта'"
  }, {
    "name" : "url",
    "value" : "'https://pulsewave.ru/'"
  } ],
  "links" : [ ],
  "hidden" : false,
  "retry" : false,
  "extra" : {
    "severity" : "normal",
    "retries" : [ ],
    "categories" : [ {
      "name" : "Test defects",
      "matchedStatuses" : [ ],
      "flaky" : false
    } ],
    "history" : {
      "statistic" : {
        "failed" : 0,
        "broken" : 1,
        "skipped" : 0,
        "passed" : 11,
        "unknown" : 0,
        "total" : 12
      },
      "items" : [ {
        "uid" : "91c0dec9547c741d",
        "reportUrl" : "https://Nat754.github.io/PulseWave/7//#testresult/91c0dec9547c741d",
        "status" : "passed",
        "time" : {
          "start" : 1714184962690,
          "stop" : 1714184962728,
          "duration" : 38
        }
      }, {
        "uid" : "cdf13f85813f22fe",
        "reportUrl" : "https://Nat754.github.io/PulseWave/6//#testresult/cdf13f85813f22fe",
        "status" : "passed",
        "time" : {
          "start" : 1714148435668,
          "stop" : 1714148435706,
          "duration" : 38
        }
      }, {
        "uid" : "428c0bce2a15e255",
        "reportUrl" : "https://Nat754.github.io/PulseWave/6//#testresult/428c0bce2a15e255",
        "status" : "passed",
        "time" : {
          "start" : 1714098485595,
          "stop" : 1714098485631,
          "duration" : 36
        }
      }, {
        "uid" : "aaa5c25df92fc657",
        "reportUrl" : "https://Nat754.github.io/PulseWave/5//#testresult/aaa5c25df92fc657",
        "status" : "passed",
        "time" : {
          "start" : 1714014370161,
          "stop" : 1714014370197,
          "duration" : 36
        }
      }, {
        "uid" : "c4d9b7d7ccc6edf1",
        "reportUrl" : "https://Nat754.github.io/PulseWave/211//#testresult/c4d9b7d7ccc6edf1",
        "status" : "passed",
        "time" : {
          "start" : 1713945863526,
          "stop" : 1713945863564,
          "duration" : 38
        }
      }, {
        "uid" : "f0c4dda8f014866f",
        "reportUrl" : "https://Nat754.github.io/PulseWave/4//#testresult/f0c4dda8f014866f",
        "status" : "passed",
        "time" : {
          "start" : 1713925656471,
          "stop" : 1713925656508,
          "duration" : 37
        }
      }, {
        "uid" : "634b1863fa4132c",
        "reportUrl" : "https://Nat754.github.io/PulseWave/211//#testresult/634b1863fa4132c",
        "status" : "passed",
        "time" : {
          "start" : 1713901507437,
          "stop" : 1713901507473,
          "duration" : 36
        }
      }, {
        "uid" : "d052d44b855fee1",
        "reportUrl" : "https://Nat754.github.io/PulseWave/210//#testresult/d052d44b855fee1",
        "status" : "passed",
        "time" : {
          "start" : 1713885700676,
          "stop" : 1713885700714,
          "duration" : 38
        }
      }, {
        "uid" : "d70a9f4644c83e0e",
        "reportUrl" : "https://Nat754.github.io/PulseWave/209//#testresult/d70a9f4644c83e0e",
        "status" : "passed",
        "time" : {
          "start" : 1713883599055,
          "stop" : 1713883599090,
          "duration" : 35
        }
      }, {
        "uid" : "f5a8ca34263c7500",
        "reportUrl" : "https://Nat754.github.io/PulseWave/209//#testresult/f5a8ca34263c7500",
        "status" : "passed",
        "time" : {
          "start" : 1713882116448,
          "stop" : 1713882116487,
          "duration" : 39
        }
      }, {
        "uid" : "636e4154eb90a96b",
        "reportUrl" : "https://Nat754.github.io/PulseWave/208//#testresult/636e4154eb90a96b",
        "status" : "passed",
        "time" : {
          "start" : 1713879290836,
          "stop" : 1713879290874,
          "duration" : 38
        }
      } ]
    },
    "tags" : [ "regress" ]
  },
  "source" : "2d8ea577fc0570b6.json",
  "parameterValues" : [ "'chrome'", "'font-family'", "'Mulish, sans-serif'", "'шрифта'", "'https://pulsewave.ru/'" ]
}