{
  "uid" : "306ef2e9a403c2e4",
  "name" : "test_get_css_property_body_main_descr[font-family-Mulish, sans-serif-\\u0448\\u0440\\u0438\\u0444\\u0442\\u0430-chrome]",
  "fullName" : "tests.test_main_page.test_main_page.TestMainPage#test_get_css_property_body_main_descr",
  "historyId" : "0345e28de4326110d9be958a46c69d5a",
  "time" : {
    "start" : 1714273558555,
    "stop" : 1714273558555,
    "duration" : 0
  },
  "status" : "broken",
  "statusMessage" : "selenium.common.exceptions.TimeoutException: Message: \nStacktrace:\n#0 0x5624d58d4e33 <unknown>\n#1 0x5624d55c4567 <unknown>\n#2 0x5624d560f27d <unknown>\n#3 0x5624d560f331 <unknown>\n#4 0x5624d5652624 <unknown>\n#5 0x5624d563138d <unknown>\n#6 0x5624d564fae2 <unknown>\n#7 0x5624d5631103 <unknown>\n#8 0x5624d56021ba <unknown>\n#9 0x5624d5602b8e <unknown>\n#10 0x5624d589959b <unknown>\n#11 0x5624d589d34b <unknown>\n#12 0x5624d5885681 <unknown>\n#13 0x5624d589deb2 <unknown>\n#14 0x5624d586a6af <unknown>\n#15 0x5624d58c4428 <unknown>\n#16 0x5624d58c4600 <unknown>\n#17 0x5624d58d3f84 <unknown>\n#18 0x7fde22694ac3 <unknown>",
  "statusTrace" : "driver = <selenium.webdriver.chrome.webdriver.WebDriver (session=\"38960cdf4a961cc42cdaa521f5349561\")>\n\n    @pytest.fixture(scope='function')\n    def main_page_open(driver):\n        main_page = MainPage(driver)\n        driver.get(Constant.MAIN_PAGE)\n>       main_page.get_allow_all_cookies().click()\n\ntests/test_main_page/conftest.py:10: \n_ _ _ _ _ _ _ _ _ _ _ _ _ _ _ _ _ _ _ _ _ _ _ _ _ _ _ _ _ _ _ _ _ _ _ _ _ _ _ _ \npages/main_page.py:24: in get_allow_all_cookies\n    return self.element_is_visible(self.locator.ALLOW_ALL_COOKIES)\npages/base_page.py:19: in element_is_visible\n    self.go_to_element(self.element_is_present(locator))\npages/base_page.py:35: in element_is_present\n    return Wait(self.driver, self.timeout).until(es.presence_of_element_located(locator))\n_ _ _ _ _ _ _ _ _ _ _ _ _ _ _ _ _ _ _ _ _ _ _ _ _ _ _ _ _ _ _ _ _ _ _ _ _ _ _ _ \n\nself = <selenium.webdriver.support.wait.WebDriverWait (session=\"38960cdf4a961cc42cdaa521f5349561\")>\nmethod = <function presence_of_element_located.<locals>._predicate at 0x7f3f3a715620>\nmessage = ''\n\n    def until(self, method: Callable[[D], Union[Literal[False], T]], message: str = \"\") -> T:\n        \"\"\"Calls the method provided with the driver as an argument until the \\\n        return value does not evaluate to ``False``.\n    \n        :param method: callable(WebDriver)\n        :param message: optional message for :exc:`TimeoutException`\n        :returns: the result of the last call to `method`\n        :raises: :exc:`selenium.common.exceptions.TimeoutException` if timeout occurs\n        \"\"\"\n        screen = None\n        stacktrace = None\n    \n        end_time = time.monotonic() + self._timeout\n        while True:\n            try:\n                value = method(self._driver)\n                if value:\n                    return value\n            except self._ignored_exceptions as exc:\n                screen = getattr(exc, \"screen\", None)\n                stacktrace = getattr(exc, \"stacktrace\", None)\n            time.sleep(self._poll)\n            if time.monotonic() > end_time:\n                break\n>       raise TimeoutException(message, screen, stacktrace)\nE       selenium.common.exceptions.TimeoutException: Message: \nE       Stacktrace:\nE       #0 0x5624d58d4e33 <unknown>\nE       #1 0x5624d55c4567 <unknown>\nE       #2 0x5624d560f27d <unknown>\nE       #3 0x5624d560f331 <unknown>\nE       #4 0x5624d5652624 <unknown>\nE       #5 0x5624d563138d <unknown>\nE       #6 0x5624d564fae2 <unknown>\nE       #7 0x5624d5631103 <unknown>\nE       #8 0x5624d56021ba <unknown>\nE       #9 0x5624d5602b8e <unknown>\nE       #10 0x5624d589959b <unknown>\nE       #11 0x5624d589d34b <unknown>\nE       #12 0x5624d5885681 <unknown>\nE       #13 0x5624d589deb2 <unknown>\nE       #14 0x5624d586a6af <unknown>\nE       #15 0x5624d58c4428 <unknown>\nE       #16 0x5624d58c4600 <unknown>\nE       #17 0x5624d58d3f84 <unknown>\nE       #18 0x7fde22694ac3 <unknown>\n\n/opt/hostedtoolcache/Python/3.12.3/x64/lib/python3.12/site-packages/selenium/webdriver/support/wait.py:105: TimeoutException",
  "flaky" : false,
  "newFailed" : false,
  "beforeStages" : [ {
    "name" : "clear_allure_results_folder",
    "time" : {
      "start" : 1714270943308,
      "stop" : 1714270943308,
      "duration" : 0
    },
    "status" : "passed",
    "steps" : [ ],
    "attachments" : [ ],
    "parameters" : [ ],
    "stepsCount" : 0,
    "attachmentsCount" : 0,
    "shouldDisplayMessage" : false,
    "hasContent" : false
  }, {
    "name" : "_session_faker",
    "time" : {
      "start" : 1714270943291,
      "stop" : 1714270943307,
      "duration" : 16
    },
    "status" : "passed",
    "steps" : [ ],
    "attachments" : [ ],
    "parameters" : [ ],
    "stepsCount" : 0,
    "attachmentsCount" : 0,
    "shouldDisplayMessage" : false,
    "hasContent" : false
  }, {
    "name" : "main_page_open",
    "time" : {
      "start" : 1714273558751,
      "stop" : 1714273579478,
      "duration" : 20727
    },
    "status" : "broken",
    "statusMessage" : "selenium.common.exceptions.TimeoutException: Message: \nStacktrace:\n#0 0x5624d58d4e33 <unknown>\n#1 0x5624d55c4567 <unknown>\n#2 0x5624d560f27d <unknown>\n#3 0x5624d560f331 <unknown>\n#4 0x5624d5652624 <unknown>\n#5 0x5624d563138d <unknown>\n#6 0x5624d564fae2 <unknown>\n#7 0x5624d5631103 <unknown>\n#8 0x5624d56021ba <unknown>\n#9 0x5624d5602b8e <unknown>\n#10 0x5624d589959b <unknown>\n#11 0x5624d589d34b <unknown>\n#12 0x5624d5885681 <unknown>\n#13 0x5624d589deb2 <unknown>\n#14 0x5624d586a6af <unknown>\n#15 0x5624d58c4428 <unknown>\n#16 0x5624d58c4600 <unknown>\n#17 0x5624d58d3f84 <unknown>\n#18 0x7fde22694ac3 <unknown>\n\n",
    "statusTrace" : "  File \"/opt/hostedtoolcache/Python/3.12.3/x64/lib/python3.12/site-packages/pluggy/_callers.py\", line 167, in _multicall\n    teardown.throw(outcome._exception)\n  File \"/opt/hostedtoolcache/Python/3.12.3/x64/lib/python3.12/site-packages/_pytest/setuponly.py\", line 36, in pytest_fixture_setup\n    return (yield)\n            ^^^^^\n  File \"/opt/hostedtoolcache/Python/3.12.3/x64/lib/python3.12/site-packages/pluggy/_callers.py\", line 103, in _multicall\n    res = hook_impl.function(*args)\n          ^^^^^^^^^^^^^^^^^^^^^^^^^\n  File \"/opt/hostedtoolcache/Python/3.12.3/x64/lib/python3.12/site-packages/_pytest/fixtures.py\", line 1140, in pytest_fixture_setup\n    result = call_fixture_func(fixturefunc, request, kwargs)\n             ^^^^^^^^^^^^^^^^^^^^^^^^^^^^^^^^^^^^^^^^^^^^^^^\n  File \"/opt/hostedtoolcache/Python/3.12.3/x64/lib/python3.12/site-packages/_pytest/fixtures.py\", line 917, in call_fixture_func\n    fixture_result = fixturefunc(**kwargs)\n                     ^^^^^^^^^^^^^^^^^^^^^\n  File \"/home/runner/work/PulseWave/PulseWave/tests/test_main_page/conftest.py\", line 10, in main_page_open\n    main_page.get_allow_all_cookies().click()\n    ^^^^^^^^^^^^^^^^^^^^^^^^^^^^^^^^^\n  File \"/opt/hostedtoolcache/Python/3.12.3/x64/lib/python3.12/site-packages/allure_commons/_allure.py\", line 192, in impl\n    return func(*a, **kw)\n           ^^^^^^^^^^^^^^\n  File \"/home/runner/work/PulseWave/PulseWave/pages/main_page.py\", line 24, in get_allow_all_cookies\n    return self.element_is_visible(self.locator.ALLOW_ALL_COOKIES)\n           ^^^^^^^^^^^^^^^^^^^^^^^^^^^^^^^^^^^^^^^^^^^^^^^^^^^^^^^\n  File \"/home/runner/work/PulseWave/PulseWave/pages/base_page.py\", line 19, in element_is_visible\n    self.go_to_element(self.element_is_present(locator))\n                       ^^^^^^^^^^^^^^^^^^^^^^^^^^^^^^^^\n  File \"/home/runner/work/PulseWave/PulseWave/pages/base_page.py\", line 35, in element_is_present\n    return Wait(self.driver, self.timeout).until(es.presence_of_element_located(locator))\n           ^^^^^^^^^^^^^^^^^^^^^^^^^^^^^^^^^^^^^^^^^^^^^^^^^^^^^^^^^^^^^^^^^^^^^^^^^^^^^^\n  File \"/opt/hostedtoolcache/Python/3.12.3/x64/lib/python3.12/site-packages/selenium/webdriver/support/wait.py\", line 105, in until\n    raise TimeoutException(message, screen, stacktrace)\n",
    "steps" : [ {
      "name" : "Проверка видимости кнопки 'Принимаю всё' в сообщении о принятии файлов cookie на Главной странице",
      "time" : {
        "start" : 1714273559065,
        "stop" : 1714273579477,
        "duration" : 20412
      },
      "status" : "broken",
      "statusMessage" : "selenium.common.exceptions.TimeoutException: Message: \nStacktrace:\n#0 0x5624d58d4e33 <unknown>\n#1 0x5624d55c4567 <unknown>\n#2 0x5624d560f27d <unknown>\n#3 0x5624d560f331 <unknown>\n#4 0x5624d5652624 <unknown>\n#5 0x5624d563138d <unknown>\n#6 0x5624d564fae2 <unknown>\n#7 0x5624d5631103 <unknown>\n#8 0x5624d56021ba <unknown>\n#9 0x5624d5602b8e <unknown>\n#10 0x5624d589959b <unknown>\n#11 0x5624d589d34b <unknown>\n#12 0x5624d5885681 <unknown>\n#13 0x5624d589deb2 <unknown>\n#14 0x5624d586a6af <unknown>\n#15 0x5624d58c4428 <unknown>\n#16 0x5624d58c4600 <unknown>\n#17 0x5624d58d3f84 <unknown>\n#18 0x7fde22694ac3 <unknown>\n\n",
      "statusTrace" : "  File \"/opt/hostedtoolcache/Python/3.12.3/x64/lib/python3.12/site-packages/allure_commons/_allure.py\", line 192, in impl\n    return func(*a, **kw)\n           ^^^^^^^^^^^^^^\n  File \"/home/runner/work/PulseWave/PulseWave/pages/main_page.py\", line 24, in get_allow_all_cookies\n    return self.element_is_visible(self.locator.ALLOW_ALL_COOKIES)\n           ^^^^^^^^^^^^^^^^^^^^^^^^^^^^^^^^^^^^^^^^^^^^^^^^^^^^^^^\n  File \"/home/runner/work/PulseWave/PulseWave/pages/base_page.py\", line 19, in element_is_visible\n    self.go_to_element(self.element_is_present(locator))\n                       ^^^^^^^^^^^^^^^^^^^^^^^^^^^^^^^^\n  File \"/home/runner/work/PulseWave/PulseWave/pages/base_page.py\", line 35, in element_is_present\n    return Wait(self.driver, self.timeout).until(es.presence_of_element_located(locator))\n           ^^^^^^^^^^^^^^^^^^^^^^^^^^^^^^^^^^^^^^^^^^^^^^^^^^^^^^^^^^^^^^^^^^^^^^^^^^^^^^\n  File \"/opt/hostedtoolcache/Python/3.12.3/x64/lib/python3.12/site-packages/selenium/webdriver/support/wait.py\", line 105, in until\n    raise TimeoutException(message, screen, stacktrace)\n",
      "steps" : [ ],
      "attachments" : [ ],
      "parameters" : [ ],
      "stepsCount" : 0,
      "attachmentsCount" : 0,
      "shouldDisplayMessage" : true,
      "hasContent" : true
    } ],
    "attachments" : [ ],
    "parameters" : [ ],
    "stepsCount" : 1,
    "attachmentsCount" : 0,
    "shouldDisplayMessage" : false,
    "hasContent" : true
  }, {
    "name" : "driver",
    "time" : {
      "start" : 1714273558555,
      "stop" : 1714273558751,
      "duration" : 196
    },
    "status" : "passed",
    "steps" : [ ],
    "attachments" : [ ],
    "parameters" : [ ],
    "stepsCount" : 0,
    "attachmentsCount" : 0,
    "shouldDisplayMessage" : false,
    "hasContent" : false
  } ],
  "afterStages" : [ {
    "name" : "driver::0",
    "time" : {
      "start" : 1714273579492,
      "stop" : 1714273579549,
      "duration" : 57
    },
    "status" : "passed",
    "steps" : [ ],
    "attachments" : [ ],
    "parameters" : [ ],
    "stepsCount" : 0,
    "attachmentsCount" : 0,
    "shouldDisplayMessage" : false,
    "hasContent" : false
  } ],
  "labels" : [ {
    "name" : "epic",
    "value" : "Тестирование Главной страницы"
  }, {
    "name" : "tag",
    "value" : "regress"
  }, {
    "name" : "parentSuite",
    "value" : "tests.test_main_page"
  }, {
    "name" : "suite",
    "value" : "test_main_page"
  }, {
    "name" : "subSuite",
    "value" : "TestMainPage"
  }, {
    "name" : "host",
    "value" : "fv-az1383-514"
  }, {
    "name" : "thread",
    "value" : "2368-MainThread"
  }, {
    "name" : "framework",
    "value" : "pytest"
  }, {
    "name" : "language",
    "value" : "cpython3"
  }, {
    "name" : "package",
    "value" : "tests.test_main_page.test_main_page"
  }, {
    "name" : "resultFormat",
    "value" : "allure2"
  } ],
  "parameters" : [ {
    "name" : "browser",
    "value" : "'chrome'"
  }, {
    "name" : "css_property",
    "value" : "'font-family'"
  }, {
    "name" : "figma",
    "value" : "'Mulish, sans-serif'"
  }, {
    "name" : "name",
    "value" : "'шрифта'"
  } ],
  "links" : [ ],
  "hidden" : false,
  "retry" : false,
  "extra" : {
    "severity" : "normal",
    "retries" : [ ],
    "categories" : [ {
      "name" : "Test defects",
      "matchedStatuses" : [ ],
      "flaky" : false
    } ],
    "history" : {
      "statistic" : {
        "failed" : 0,
        "broken" : 1,
        "skipped" : 0,
        "passed" : 11,
        "unknown" : 0,
        "total" : 12
      },
      "items" : [ {
        "uid" : "d4dff7938a98f0aa",
        "reportUrl" : "https://Nat754.github.io/PulseWave/7//#testresult/d4dff7938a98f0aa",
        "status" : "passed",
        "time" : {
          "start" : 1714185153655,
          "stop" : 1714185153689,
          "duration" : 34
        }
      }, {
        "uid" : "d8d38b29893460e2",
        "reportUrl" : "https://Nat754.github.io/PulseWave/6//#testresult/d8d38b29893460e2",
        "status" : "passed",
        "time" : {
          "start" : 1714148590656,
          "stop" : 1714148590693,
          "duration" : 37
        }
      }, {
        "uid" : "20391d19b323ad0c",
        "reportUrl" : "https://Nat754.github.io/PulseWave/6//#testresult/20391d19b323ad0c",
        "status" : "passed",
        "time" : {
          "start" : 1714098640610,
          "stop" : 1714098640644,
          "duration" : 34
        }
      }, {
        "uid" : "c15941e7c9fb7082",
        "reportUrl" : "https://Nat754.github.io/PulseWave/5//#testresult/c15941e7c9fb7082",
        "status" : "passed",
        "time" : {
          "start" : 1714014502541,
          "stop" : 1714014502576,
          "duration" : 35
        }
      }, {
        "uid" : "c2a8cde651cccb12",
        "reportUrl" : "https://Nat754.github.io/PulseWave/211//#testresult/c2a8cde651cccb12",
        "status" : "passed",
        "time" : {
          "start" : 1713946007031,
          "stop" : 1713946007065,
          "duration" : 34
        }
      }, {
        "uid" : "ddc64437a58c3db4",
        "reportUrl" : "https://Nat754.github.io/PulseWave/4//#testresult/ddc64437a58c3db4",
        "status" : "passed",
        "time" : {
          "start" : 1713925797710,
          "stop" : 1713925797743,
          "duration" : 33
        }
      }, {
        "uid" : "402ca7547652c2a1",
        "reportUrl" : "https://Nat754.github.io/PulseWave/211//#testresult/402ca7547652c2a1",
        "status" : "passed",
        "time" : {
          "start" : 1713901667492,
          "stop" : 1713901667526,
          "duration" : 34
        }
      }, {
        "uid" : "3a888ed7f02cd0e0",
        "reportUrl" : "https://Nat754.github.io/PulseWave/210//#testresult/3a888ed7f02cd0e0",
        "status" : "passed",
        "time" : {
          "start" : 1713885890642,
          "stop" : 1713885890674,
          "duration" : 32
        }
      }, {
        "uid" : "7bc4b483f917b396",
        "reportUrl" : "https://Nat754.github.io/PulseWave/209//#testresult/7bc4b483f917b396",
        "status" : "passed",
        "time" : {
          "start" : 1713883779599,
          "stop" : 1713883779631,
          "duration" : 32
        }
      }, {
        "uid" : "7fef17b2b0267e",
        "reportUrl" : "https://Nat754.github.io/PulseWave/209//#testresult/7fef17b2b0267e",
        "status" : "passed",
        "time" : {
          "start" : 1713882309148,
          "stop" : 1713882309182,
          "duration" : 34
        }
      }, {
        "uid" : "ef31382dc0988db1",
        "reportUrl" : "https://Nat754.github.io/PulseWave/208//#testresult/ef31382dc0988db1",
        "status" : "passed",
        "time" : {
          "start" : 1713879487538,
          "stop" : 1713879487572,
          "duration" : 34
        }
      } ]
    },
    "tags" : [ "regress" ]
  },
  "source" : "306ef2e9a403c2e4.json",
  "parameterValues" : [ "'chrome'", "'font-family'", "'Mulish, sans-serif'", "'шрифта'" ]
}