{
  "uid" : "378d4037534e9aa6",
  "name" : "test_get_css_property_footer_cooperation[font-family-Mulish, sans-serif-\\u0448\\u0440\\u0438\\u0444\\u0442\\u0430-https://pulsewave.ru/auth/password?email=-chrome]",
  "fullName" : "tests.test_footer.test_footer.TestFooter#test_get_css_property_footer_cooperation",
  "historyId" : "2dbe7f8f21cfdbfbb3130038ce891e32",
  "time" : {
    "start" : 1714272065595,
    "stop" : 1714272065595,
    "duration" : 0
  },
  "status" : "broken",
  "statusMessage" : "selenium.common.exceptions.TimeoutException: Message: \nStacktrace:\n#0 0x55ff0905ce33 <unknown>\n#1 0x55ff08d4c567 <unknown>\n#2 0x55ff08d9727d <unknown>\n#3 0x55ff08d97331 <unknown>\n#4 0x55ff08dda624 <unknown>\n#5 0x55ff08db938d <unknown>\n#6 0x55ff08dd7ae2 <unknown>\n#7 0x55ff08db9103 <unknown>\n#8 0x55ff08d8a1ba <unknown>\n#9 0x55ff08d8ab8e <unknown>\n#10 0x55ff0902159b <unknown>\n#11 0x55ff0902534b <unknown>\n#12 0x55ff0900d681 <unknown>\n#13 0x55ff09025eb2 <unknown>\n#14 0x55ff08ff26af <unknown>\n#15 0x55ff0904c428 <unknown>\n#16 0x55ff0904c600 <unknown>\n#17 0x55ff0905bf84 <unknown>\n#18 0x7f0064294ac3 <unknown>",
  "statusTrace" : "driver = <selenium.webdriver.chrome.webdriver.WebDriver (session=\"a8507b1fbf82e0e6120b00823f23c96c\")>\nurl = 'https://pulsewave.ru/auth/password?email='\n\n    @pytest.fixture()\n    def footer_open(driver, url):\n        page = FooterPage(driver)\n        driver.get(url)\n>       page.get_cookies_link()\n\ntests/test_footer/conftest.py:9: \n_ _ _ _ _ _ _ _ _ _ _ _ _ _ _ _ _ _ _ _ _ _ _ _ _ _ _ _ _ _ _ _ _ _ _ _ _ _ _ _ \npages/footer.py:44: in get_cookies_link\n    return self.element_is_visible(self.locator.COOKIES_LINK).click()\npages/base_page.py:19: in element_is_visible\n    self.go_to_element(self.element_is_present(locator))\npages/base_page.py:35: in element_is_present\n    return Wait(self.driver, self.timeout).until(es.presence_of_element_located(locator))\n_ _ _ _ _ _ _ _ _ _ _ _ _ _ _ _ _ _ _ _ _ _ _ _ _ _ _ _ _ _ _ _ _ _ _ _ _ _ _ _ \n\nself = <selenium.webdriver.support.wait.WebDriverWait (session=\"a8507b1fbf82e0e6120b00823f23c96c\")>\nmethod = <function presence_of_element_located.<locals>._predicate at 0x7f3f38e911c0>\nmessage = ''\n\n    def until(self, method: Callable[[D], Union[Literal[False], T]], message: str = \"\") -> T:\n        \"\"\"Calls the method provided with the driver as an argument until the \\\n        return value does not evaluate to ``False``.\n    \n        :param method: callable(WebDriver)\n        :param message: optional message for :exc:`TimeoutException`\n        :returns: the result of the last call to `method`\n        :raises: :exc:`selenium.common.exceptions.TimeoutException` if timeout occurs\n        \"\"\"\n        screen = None\n        stacktrace = None\n    \n        end_time = time.monotonic() + self._timeout\n        while True:\n            try:\n                value = method(self._driver)\n                if value:\n                    return value\n            except self._ignored_exceptions as exc:\n                screen = getattr(exc, \"screen\", None)\n                stacktrace = getattr(exc, \"stacktrace\", None)\n            time.sleep(self._poll)\n            if time.monotonic() > end_time:\n                break\n>       raise TimeoutException(message, screen, stacktrace)\nE       selenium.common.exceptions.TimeoutException: Message: \nE       Stacktrace:\nE       #0 0x55ff0905ce33 <unknown>\nE       #1 0x55ff08d4c567 <unknown>\nE       #2 0x55ff08d9727d <unknown>\nE       #3 0x55ff08d97331 <unknown>\nE       #4 0x55ff08dda624 <unknown>\nE       #5 0x55ff08db938d <unknown>\nE       #6 0x55ff08dd7ae2 <unknown>\nE       #7 0x55ff08db9103 <unknown>\nE       #8 0x55ff08d8a1ba <unknown>\nE       #9 0x55ff08d8ab8e <unknown>\nE       #10 0x55ff0902159b <unknown>\nE       #11 0x55ff0902534b <unknown>\nE       #12 0x55ff0900d681 <unknown>\nE       #13 0x55ff09025eb2 <unknown>\nE       #14 0x55ff08ff26af <unknown>\nE       #15 0x55ff0904c428 <unknown>\nE       #16 0x55ff0904c600 <unknown>\nE       #17 0x55ff0905bf84 <unknown>\nE       #18 0x7f0064294ac3 <unknown>\n\n/opt/hostedtoolcache/Python/3.12.3/x64/lib/python3.12/site-packages/selenium/webdriver/support/wait.py:105: TimeoutException",
  "flaky" : false,
  "newFailed" : false,
  "beforeStages" : [ {
    "name" : "clear_allure_results_folder",
    "time" : {
      "start" : 1714270943308,
      "stop" : 1714270943308,
      "duration" : 0
    },
    "status" : "passed",
    "steps" : [ ],
    "attachments" : [ ],
    "parameters" : [ ],
    "stepsCount" : 0,
    "attachmentsCount" : 0,
    "shouldDisplayMessage" : false,
    "hasContent" : false
  }, {
    "name" : "_session_faker",
    "time" : {
      "start" : 1714270943291,
      "stop" : 1714270943307,
      "duration" : 16
    },
    "status" : "passed",
    "steps" : [ ],
    "attachments" : [ ],
    "parameters" : [ ],
    "stepsCount" : 0,
    "attachmentsCount" : 0,
    "shouldDisplayMessage" : false,
    "hasContent" : false
  }, {
    "name" : "driver",
    "time" : {
      "start" : 1714272065595,
      "stop" : 1714272065792,
      "duration" : 197
    },
    "status" : "passed",
    "steps" : [ ],
    "attachments" : [ ],
    "parameters" : [ ],
    "stepsCount" : 0,
    "attachmentsCount" : 0,
    "shouldDisplayMessage" : false,
    "hasContent" : false
  }, {
    "name" : "footer_open",
    "time" : {
      "start" : 1714272065792,
      "stop" : 1714272086520,
      "duration" : 20728
    },
    "status" : "broken",
    "statusMessage" : "selenium.common.exceptions.TimeoutException: Message: \nStacktrace:\n#0 0x55ff0905ce33 <unknown>\n#1 0x55ff08d4c567 <unknown>\n#2 0x55ff08d9727d <unknown>\n#3 0x55ff08d97331 <unknown>\n#4 0x55ff08dda624 <unknown>\n#5 0x55ff08db938d <unknown>\n#6 0x55ff08dd7ae2 <unknown>\n#7 0x55ff08db9103 <unknown>\n#8 0x55ff08d8a1ba <unknown>\n#9 0x55ff08d8ab8e <unknown>\n#10 0x55ff0902159b <unknown>\n#11 0x55ff0902534b <unknown>\n#12 0x55ff0900d681 <unknown>\n#13 0x55ff09025eb2 <unknown>\n#14 0x55ff08ff26af <unknown>\n#15 0x55ff0904c428 <unknown>\n#16 0x55ff0904c600 <unknown>\n#17 0x55ff0905bf84 <unknown>\n#18 0x7f0064294ac3 <unknown>\n\n",
    "statusTrace" : "  File \"/opt/hostedtoolcache/Python/3.12.3/x64/lib/python3.12/site-packages/pluggy/_callers.py\", line 167, in _multicall\n    teardown.throw(outcome._exception)\n  File \"/opt/hostedtoolcache/Python/3.12.3/x64/lib/python3.12/site-packages/_pytest/setuponly.py\", line 36, in pytest_fixture_setup\n    return (yield)\n            ^^^^^\n  File \"/opt/hostedtoolcache/Python/3.12.3/x64/lib/python3.12/site-packages/pluggy/_callers.py\", line 103, in _multicall\n    res = hook_impl.function(*args)\n          ^^^^^^^^^^^^^^^^^^^^^^^^^\n  File \"/opt/hostedtoolcache/Python/3.12.3/x64/lib/python3.12/site-packages/_pytest/fixtures.py\", line 1140, in pytest_fixture_setup\n    result = call_fixture_func(fixturefunc, request, kwargs)\n             ^^^^^^^^^^^^^^^^^^^^^^^^^^^^^^^^^^^^^^^^^^^^^^^\n  File \"/opt/hostedtoolcache/Python/3.12.3/x64/lib/python3.12/site-packages/_pytest/fixtures.py\", line 917, in call_fixture_func\n    fixture_result = fixturefunc(**kwargs)\n                     ^^^^^^^^^^^^^^^^^^^^^\n  File \"/home/runner/work/PulseWave/PulseWave/tests/test_footer/conftest.py\", line 9, in footer_open\n    page.get_cookies_link()\n  File \"/opt/hostedtoolcache/Python/3.12.3/x64/lib/python3.12/site-packages/allure_commons/_allure.py\", line 192, in impl\n    return func(*a, **kw)\n           ^^^^^^^^^^^^^^\n  File \"/home/runner/work/PulseWave/PulseWave/pages/footer.py\", line 44, in get_cookies_link\n    return self.element_is_visible(self.locator.COOKIES_LINK).click()\n           ^^^^^^^^^^^^^^^^^^^^^^^^^^^^^^^^^^^^^^^^^^^^^^^^^^\n  File \"/home/runner/work/PulseWave/PulseWave/pages/base_page.py\", line 19, in element_is_visible\n    self.go_to_element(self.element_is_present(locator))\n                       ^^^^^^^^^^^^^^^^^^^^^^^^^^^^^^^^\n  File \"/home/runner/work/PulseWave/PulseWave/pages/base_page.py\", line 35, in element_is_present\n    return Wait(self.driver, self.timeout).until(es.presence_of_element_located(locator))\n           ^^^^^^^^^^^^^^^^^^^^^^^^^^^^^^^^^^^^^^^^^^^^^^^^^^^^^^^^^^^^^^^^^^^^^^^^^^^^^^\n  File \"/opt/hostedtoolcache/Python/3.12.3/x64/lib/python3.12/site-packages/selenium/webdriver/support/wait.py\", line 105, in until\n    raise TimeoutException(message, screen, stacktrace)\n",
    "steps" : [ {
      "name" : "Проверка перехода по ссылке для просмотра информации о файлах cookie на Главной странице",
      "time" : {
        "start" : 1714272066106,
        "stop" : 1714272086520,
        "duration" : 20414
      },
      "status" : "broken",
      "statusMessage" : "selenium.common.exceptions.TimeoutException: Message: \nStacktrace:\n#0 0x55ff0905ce33 <unknown>\n#1 0x55ff08d4c567 <unknown>\n#2 0x55ff08d9727d <unknown>\n#3 0x55ff08d97331 <unknown>\n#4 0x55ff08dda624 <unknown>\n#5 0x55ff08db938d <unknown>\n#6 0x55ff08dd7ae2 <unknown>\n#7 0x55ff08db9103 <unknown>\n#8 0x55ff08d8a1ba <unknown>\n#9 0x55ff08d8ab8e <unknown>\n#10 0x55ff0902159b <unknown>\n#11 0x55ff0902534b <unknown>\n#12 0x55ff0900d681 <unknown>\n#13 0x55ff09025eb2 <unknown>\n#14 0x55ff08ff26af <unknown>\n#15 0x55ff0904c428 <unknown>\n#16 0x55ff0904c600 <unknown>\n#17 0x55ff0905bf84 <unknown>\n#18 0x7f0064294ac3 <unknown>\n\n",
      "statusTrace" : "  File \"/opt/hostedtoolcache/Python/3.12.3/x64/lib/python3.12/site-packages/allure_commons/_allure.py\", line 192, in impl\n    return func(*a, **kw)\n           ^^^^^^^^^^^^^^\n  File \"/home/runner/work/PulseWave/PulseWave/pages/footer.py\", line 44, in get_cookies_link\n    return self.element_is_visible(self.locator.COOKIES_LINK).click()\n           ^^^^^^^^^^^^^^^^^^^^^^^^^^^^^^^^^^^^^^^^^^^^^^^^^^\n  File \"/home/runner/work/PulseWave/PulseWave/pages/base_page.py\", line 19, in element_is_visible\n    self.go_to_element(self.element_is_present(locator))\n                       ^^^^^^^^^^^^^^^^^^^^^^^^^^^^^^^^\n  File \"/home/runner/work/PulseWave/PulseWave/pages/base_page.py\", line 35, in element_is_present\n    return Wait(self.driver, self.timeout).until(es.presence_of_element_located(locator))\n           ^^^^^^^^^^^^^^^^^^^^^^^^^^^^^^^^^^^^^^^^^^^^^^^^^^^^^^^^^^^^^^^^^^^^^^^^^^^^^^\n  File \"/opt/hostedtoolcache/Python/3.12.3/x64/lib/python3.12/site-packages/selenium/webdriver/support/wait.py\", line 105, in until\n    raise TimeoutException(message, screen, stacktrace)\n",
      "steps" : [ ],
      "attachments" : [ ],
      "parameters" : [ ],
      "stepsCount" : 0,
      "attachmentsCount" : 0,
      "shouldDisplayMessage" : true,
      "hasContent" : true
    } ],
    "attachments" : [ ],
    "parameters" : [ ],
    "stepsCount" : 1,
    "attachmentsCount" : 0,
    "shouldDisplayMessage" : false,
    "hasContent" : true
  } ],
  "afterStages" : [ {
    "name" : "driver::0",
    "time" : {
      "start" : 1714272086533,
      "stop" : 1714272086591,
      "duration" : 58
    },
    "status" : "passed",
    "steps" : [ ],
    "attachments" : [ ],
    "parameters" : [ ],
    "stepsCount" : 0,
    "attachmentsCount" : 0,
    "shouldDisplayMessage" : false,
    "hasContent" : false
  } ],
  "labels" : [ {
    "name" : "epic",
    "value" : "Тестирование Футера"
  }, {
    "name" : "tag",
    "value" : "regress"
  }, {
    "name" : "parentSuite",
    "value" : "tests.test_footer"
  }, {
    "name" : "suite",
    "value" : "test_footer"
  }, {
    "name" : "subSuite",
    "value" : "TestFooter"
  }, {
    "name" : "host",
    "value" : "fv-az1383-514"
  }, {
    "name" : "thread",
    "value" : "2368-MainThread"
  }, {
    "name" : "framework",
    "value" : "pytest"
  }, {
    "name" : "language",
    "value" : "cpython3"
  }, {
    "name" : "package",
    "value" : "tests.test_footer.test_footer"
  }, {
    "name" : "resultFormat",
    "value" : "allure2"
  } ],
  "parameters" : [ {
    "name" : "browser",
    "value" : "'chrome'"
  }, {
    "name" : "css_property",
    "value" : "'font-family'"
  }, {
    "name" : "figma",
    "value" : "'Mulish, sans-serif'"
  }, {
    "name" : "name",
    "value" : "'шрифта'"
  }, {
    "name" : "url",
    "value" : "'https://pulsewave.ru/auth/password?email='"
  } ],
  "links" : [ ],
  "hidden" : false,
  "retry" : false,
  "extra" : {
    "severity" : "normal",
    "retries" : [ ],
    "categories" : [ {
      "name" : "Test defects",
      "matchedStatuses" : [ ],
      "flaky" : false
    } ],
    "history" : {
      "statistic" : {
        "failed" : 0,
        "broken" : 1,
        "skipped" : 0,
        "passed" : 11,
        "unknown" : 0,
        "total" : 12
      },
      "items" : [ {
        "uid" : "18028280161ca31b",
        "reportUrl" : "https://Nat754.github.io/PulseWave/7//#testresult/18028280161ca31b",
        "status" : "passed",
        "time" : {
          "start" : 1714184879013,
          "stop" : 1714184879048,
          "duration" : 35
        }
      }, {
        "uid" : "d4ee5400cf18ac5d",
        "reportUrl" : "https://Nat754.github.io/PulseWave/6//#testresult/d4ee5400cf18ac5d",
        "status" : "passed",
        "time" : {
          "start" : 1714148366736,
          "stop" : 1714148366772,
          "duration" : 36
        }
      }, {
        "uid" : "49527abb4a8ec96b",
        "reportUrl" : "https://Nat754.github.io/PulseWave/6//#testresult/49527abb4a8ec96b",
        "status" : "passed",
        "time" : {
          "start" : 1714098414674,
          "stop" : 1714098414707,
          "duration" : 33
        }
      }, {
        "uid" : "990fd85dfd07120f",
        "reportUrl" : "https://Nat754.github.io/PulseWave/5//#testresult/990fd85dfd07120f",
        "status" : "passed",
        "time" : {
          "start" : 1714014310230,
          "stop" : 1714014310263,
          "duration" : 33
        }
      }, {
        "uid" : "d60d7b04e67218d8",
        "reportUrl" : "https://Nat754.github.io/PulseWave/211//#testresult/d60d7b04e67218d8",
        "status" : "passed",
        "time" : {
          "start" : 1713945799666,
          "stop" : 1713945799706,
          "duration" : 40
        }
      }, {
        "uid" : "91f684f507ab7ea8",
        "reportUrl" : "https://Nat754.github.io/PulseWave/4//#testresult/91f684f507ab7ea8",
        "status" : "passed",
        "time" : {
          "start" : 1713925593219,
          "stop" : 1713925593254,
          "duration" : 35
        }
      }, {
        "uid" : "688cb16c9265184e",
        "reportUrl" : "https://Nat754.github.io/PulseWave/211//#testresult/688cb16c9265184e",
        "status" : "passed",
        "time" : {
          "start" : 1713901435608,
          "stop" : 1713901435644,
          "duration" : 36
        }
      }, {
        "uid" : "28dcbbeed53c277f",
        "reportUrl" : "https://Nat754.github.io/PulseWave/210//#testresult/28dcbbeed53c277f",
        "status" : "passed",
        "time" : {
          "start" : 1713885613204,
          "stop" : 1713885613236,
          "duration" : 32
        }
      }, {
        "uid" : "13a0b37ec2dfae2f",
        "reportUrl" : "https://Nat754.github.io/PulseWave/209//#testresult/13a0b37ec2dfae2f",
        "status" : "passed",
        "time" : {
          "start" : 1713883517126,
          "stop" : 1713883517159,
          "duration" : 33
        }
      }, {
        "uid" : "73275b1c1bf98b17",
        "reportUrl" : "https://Nat754.github.io/PulseWave/209//#testresult/73275b1c1bf98b17",
        "status" : "passed",
        "time" : {
          "start" : 1713882028565,
          "stop" : 1713882028599,
          "duration" : 34
        }
      }, {
        "uid" : "dccdb6b048dd3027",
        "reportUrl" : "https://Nat754.github.io/PulseWave/208//#testresult/dccdb6b048dd3027",
        "status" : "passed",
        "time" : {
          "start" : 1713879204204,
          "stop" : 1713879204239,
          "duration" : 35
        }
      } ]
    },
    "tags" : [ "regress" ]
  },
  "source" : "378d4037534e9aa6.json",
  "parameterValues" : [ "'chrome'", "'font-family'", "'Mulish, sans-serif'", "'шрифта'", "'https://pulsewave.ru/auth/password?email='" ]
}