{
  "uid" : "3ad0eff1f0d1841",
  "name" : "1.20 Окно регистрации сообщение 'Пароль должен содержать не менее 8 символов, включая минимум 1 цифру, 1 строчную и 1 заглавную буквы, 1 спецсимвол.'",
  "fullName" : "tests.test_signup_page.test_signup_page.TestSignupPage#test_signup_message_password_rules",
  "historyId" : "2122ee6003683434e2171c9ef9974cac",
  "time" : {
    "start" : 1714274105572,
    "stop" : 1714274105572,
    "duration" : 0
  },
  "status" : "broken",
  "statusMessage" : "selenium.common.exceptions.TimeoutException: Message: \nStacktrace:\n#0 0x558b0a19ce33 <unknown>\n#1 0x558b09e8c567 <unknown>\n#2 0x558b09ed727d <unknown>\n#3 0x558b09ed7331 <unknown>\n#4 0x558b09f1a624 <unknown>\n#5 0x558b09ef938d <unknown>\n#6 0x558b09f17ae2 <unknown>\n#7 0x558b09ef9103 <unknown>\n#8 0x558b09eca1ba <unknown>\n#9 0x558b09ecab8e <unknown>\n#10 0x558b0a16159b <unknown>\n#11 0x558b0a16534b <unknown>\n#12 0x558b0a14d681 <unknown>\n#13 0x558b0a165eb2 <unknown>\n#14 0x558b0a1326af <unknown>\n#15 0x558b0a18c428 <unknown>\n#16 0x558b0a18c600 <unknown>\n#17 0x558b0a19bf84 <unknown>\n#18 0x7fac52694ac3 <unknown>",
  "statusTrace" : "driver = <selenium.webdriver.chrome.webdriver.WebDriver (session=\"ab4c12fc6417eabf44b2e3cb43258dbd\")>\n\n    @pytest.fixture(scope='function')\n    def signup_page_open(driver):\n        signup_page = SignUpPage(driver)\n        driver.get(Constant.SIGNUP_PAGE)\n>       signup_page.get_allow_all_cookies().click()\n\ntests/test_signup_page/conftest.py:10: \n_ _ _ _ _ _ _ _ _ _ _ _ _ _ _ _ _ _ _ _ _ _ _ _ _ _ _ _ _ _ _ _ _ _ _ _ _ _ _ _ \npages/signup_page.py:39: in get_allow_all_cookies\n    return self.element_is_visible(self.locator.ALLOW_ALL_COOKIES)\npages/base_page.py:19: in element_is_visible\n    self.go_to_element(self.element_is_present(locator))\npages/base_page.py:35: in element_is_present\n    return Wait(self.driver, self.timeout).until(es.presence_of_element_located(locator))\n_ _ _ _ _ _ _ _ _ _ _ _ _ _ _ _ _ _ _ _ _ _ _ _ _ _ _ _ _ _ _ _ _ _ _ _ _ _ _ _ \n\nself = <selenium.webdriver.support.wait.WebDriverWait (session=\"ab4c12fc6417eabf44b2e3cb43258dbd\")>\nmethod = <function presence_of_element_located.<locals>._predicate at 0x7f3f3a4d98a0>\nmessage = ''\n\n    def until(self, method: Callable[[D], Union[Literal[False], T]], message: str = \"\") -> T:\n        \"\"\"Calls the method provided with the driver as an argument until the \\\n        return value does not evaluate to ``False``.\n    \n        :param method: callable(WebDriver)\n        :param message: optional message for :exc:`TimeoutException`\n        :returns: the result of the last call to `method`\n        :raises: :exc:`selenium.common.exceptions.TimeoutException` if timeout occurs\n        \"\"\"\n        screen = None\n        stacktrace = None\n    \n        end_time = time.monotonic() + self._timeout\n        while True:\n            try:\n                value = method(self._driver)\n                if value:\n                    return value\n            except self._ignored_exceptions as exc:\n                screen = getattr(exc, \"screen\", None)\n                stacktrace = getattr(exc, \"stacktrace\", None)\n            time.sleep(self._poll)\n            if time.monotonic() > end_time:\n                break\n>       raise TimeoutException(message, screen, stacktrace)\nE       selenium.common.exceptions.TimeoutException: Message: \nE       Stacktrace:\nE       #0 0x558b0a19ce33 <unknown>\nE       #1 0x558b09e8c567 <unknown>\nE       #2 0x558b09ed727d <unknown>\nE       #3 0x558b09ed7331 <unknown>\nE       #4 0x558b09f1a624 <unknown>\nE       #5 0x558b09ef938d <unknown>\nE       #6 0x558b09f17ae2 <unknown>\nE       #7 0x558b09ef9103 <unknown>\nE       #8 0x558b09eca1ba <unknown>\nE       #9 0x558b09ecab8e <unknown>\nE       #10 0x558b0a16159b <unknown>\nE       #11 0x558b0a16534b <unknown>\nE       #12 0x558b0a14d681 <unknown>\nE       #13 0x558b0a165eb2 <unknown>\nE       #14 0x558b0a1326af <unknown>\nE       #15 0x558b0a18c428 <unknown>\nE       #16 0x558b0a18c600 <unknown>\nE       #17 0x558b0a19bf84 <unknown>\nE       #18 0x7fac52694ac3 <unknown>\n\n/opt/hostedtoolcache/Python/3.12.3/x64/lib/python3.12/site-packages/selenium/webdriver/support/wait.py:105: TimeoutException",
  "flaky" : false,
  "newFailed" : false,
  "beforeStages" : [ {
    "name" : "clear_allure_results_folder",
    "time" : {
      "start" : 1714270943308,
      "stop" : 1714270943308,
      "duration" : 0
    },
    "status" : "passed",
    "steps" : [ ],
    "attachments" : [ ],
    "parameters" : [ ],
    "stepsCount" : 0,
    "attachmentsCount" : 0,
    "shouldDisplayMessage" : false,
    "hasContent" : false
  }, {
    "name" : "_session_faker",
    "time" : {
      "start" : 1714270943291,
      "stop" : 1714270943307,
      "duration" : 16
    },
    "status" : "passed",
    "steps" : [ ],
    "attachments" : [ ],
    "parameters" : [ ],
    "stepsCount" : 0,
    "attachmentsCount" : 0,
    "shouldDisplayMessage" : false,
    "hasContent" : false
  }, {
    "name" : "driver",
    "time" : {
      "start" : 1714274105572,
      "stop" : 1714274105769,
      "duration" : 197
    },
    "status" : "passed",
    "steps" : [ ],
    "attachments" : [ ],
    "parameters" : [ ],
    "stepsCount" : 0,
    "attachmentsCount" : 0,
    "shouldDisplayMessage" : false,
    "hasContent" : false
  }, {
    "name" : "signup_page_open",
    "time" : {
      "start" : 1714274105769,
      "stop" : 1714274126501,
      "duration" : 20732
    },
    "status" : "broken",
    "statusMessage" : "selenium.common.exceptions.TimeoutException: Message: \nStacktrace:\n#0 0x558b0a19ce33 <unknown>\n#1 0x558b09e8c567 <unknown>\n#2 0x558b09ed727d <unknown>\n#3 0x558b09ed7331 <unknown>\n#4 0x558b09f1a624 <unknown>\n#5 0x558b09ef938d <unknown>\n#6 0x558b09f17ae2 <unknown>\n#7 0x558b09ef9103 <unknown>\n#8 0x558b09eca1ba <unknown>\n#9 0x558b09ecab8e <unknown>\n#10 0x558b0a16159b <unknown>\n#11 0x558b0a16534b <unknown>\n#12 0x558b0a14d681 <unknown>\n#13 0x558b0a165eb2 <unknown>\n#14 0x558b0a1326af <unknown>\n#15 0x558b0a18c428 <unknown>\n#16 0x558b0a18c600 <unknown>\n#17 0x558b0a19bf84 <unknown>\n#18 0x7fac52694ac3 <unknown>\n\n",
    "statusTrace" : "  File \"/opt/hostedtoolcache/Python/3.12.3/x64/lib/python3.12/site-packages/pluggy/_callers.py\", line 167, in _multicall\n    teardown.throw(outcome._exception)\n  File \"/opt/hostedtoolcache/Python/3.12.3/x64/lib/python3.12/site-packages/_pytest/setuponly.py\", line 36, in pytest_fixture_setup\n    return (yield)\n            ^^^^^\n  File \"/opt/hostedtoolcache/Python/3.12.3/x64/lib/python3.12/site-packages/pluggy/_callers.py\", line 103, in _multicall\n    res = hook_impl.function(*args)\n          ^^^^^^^^^^^^^^^^^^^^^^^^^\n  File \"/opt/hostedtoolcache/Python/3.12.3/x64/lib/python3.12/site-packages/_pytest/fixtures.py\", line 1140, in pytest_fixture_setup\n    result = call_fixture_func(fixturefunc, request, kwargs)\n             ^^^^^^^^^^^^^^^^^^^^^^^^^^^^^^^^^^^^^^^^^^^^^^^\n  File \"/opt/hostedtoolcache/Python/3.12.3/x64/lib/python3.12/site-packages/_pytest/fixtures.py\", line 917, in call_fixture_func\n    fixture_result = fixturefunc(**kwargs)\n                     ^^^^^^^^^^^^^^^^^^^^^\n  File \"/home/runner/work/PulseWave/PulseWave/tests/test_signup_page/conftest.py\", line 10, in signup_page_open\n    signup_page.get_allow_all_cookies().click()\n    ^^^^^^^^^^^^^^^^^^^^^^^^^^^^^^^^^^^\n  File \"/opt/hostedtoolcache/Python/3.12.3/x64/lib/python3.12/site-packages/allure_commons/_allure.py\", line 192, in impl\n    return func(*a, **kw)\n           ^^^^^^^^^^^^^^\n  File \"/home/runner/work/PulseWave/PulseWave/pages/signup_page.py\", line 39, in get_allow_all_cookies\n    return self.element_is_visible(self.locator.ALLOW_ALL_COOKIES)\n           ^^^^^^^^^^^^^^^^^^^^^^^^^^^^^^^^^^^^^^^^^^^^^^^^^^^^^^^\n  File \"/home/runner/work/PulseWave/PulseWave/pages/base_page.py\", line 19, in element_is_visible\n    self.go_to_element(self.element_is_present(locator))\n                       ^^^^^^^^^^^^^^^^^^^^^^^^^^^^^^^^\n  File \"/home/runner/work/PulseWave/PulseWave/pages/base_page.py\", line 35, in element_is_present\n    return Wait(self.driver, self.timeout).until(es.presence_of_element_located(locator))\n           ^^^^^^^^^^^^^^^^^^^^^^^^^^^^^^^^^^^^^^^^^^^^^^^^^^^^^^^^^^^^^^^^^^^^^^^^^^^^^^\n  File \"/opt/hostedtoolcache/Python/3.12.3/x64/lib/python3.12/site-packages/selenium/webdriver/support/wait.py\", line 105, in until\n    raise TimeoutException(message, screen, stacktrace)\n",
    "steps" : [ {
      "name" : "Проверка видимости кнопки 'Принимаю все' в сообщении о принятии файлов cookie",
      "time" : {
        "start" : 1714274106085,
        "stop" : 1714274126500,
        "duration" : 20415
      },
      "status" : "broken",
      "statusMessage" : "selenium.common.exceptions.TimeoutException: Message: \nStacktrace:\n#0 0x558b0a19ce33 <unknown>\n#1 0x558b09e8c567 <unknown>\n#2 0x558b09ed727d <unknown>\n#3 0x558b09ed7331 <unknown>\n#4 0x558b09f1a624 <unknown>\n#5 0x558b09ef938d <unknown>\n#6 0x558b09f17ae2 <unknown>\n#7 0x558b09ef9103 <unknown>\n#8 0x558b09eca1ba <unknown>\n#9 0x558b09ecab8e <unknown>\n#10 0x558b0a16159b <unknown>\n#11 0x558b0a16534b <unknown>\n#12 0x558b0a14d681 <unknown>\n#13 0x558b0a165eb2 <unknown>\n#14 0x558b0a1326af <unknown>\n#15 0x558b0a18c428 <unknown>\n#16 0x558b0a18c600 <unknown>\n#17 0x558b0a19bf84 <unknown>\n#18 0x7fac52694ac3 <unknown>\n\n",
      "statusTrace" : "  File \"/opt/hostedtoolcache/Python/3.12.3/x64/lib/python3.12/site-packages/allure_commons/_allure.py\", line 192, in impl\n    return func(*a, **kw)\n           ^^^^^^^^^^^^^^\n  File \"/home/runner/work/PulseWave/PulseWave/pages/signup_page.py\", line 39, in get_allow_all_cookies\n    return self.element_is_visible(self.locator.ALLOW_ALL_COOKIES)\n           ^^^^^^^^^^^^^^^^^^^^^^^^^^^^^^^^^^^^^^^^^^^^^^^^^^^^^^^\n  File \"/home/runner/work/PulseWave/PulseWave/pages/base_page.py\", line 19, in element_is_visible\n    self.go_to_element(self.element_is_present(locator))\n                       ^^^^^^^^^^^^^^^^^^^^^^^^^^^^^^^^\n  File \"/home/runner/work/PulseWave/PulseWave/pages/base_page.py\", line 35, in element_is_present\n    return Wait(self.driver, self.timeout).until(es.presence_of_element_located(locator))\n           ^^^^^^^^^^^^^^^^^^^^^^^^^^^^^^^^^^^^^^^^^^^^^^^^^^^^^^^^^^^^^^^^^^^^^^^^^^^^^^\n  File \"/opt/hostedtoolcache/Python/3.12.3/x64/lib/python3.12/site-packages/selenium/webdriver/support/wait.py\", line 105, in until\n    raise TimeoutException(message, screen, stacktrace)\n",
      "steps" : [ ],
      "attachments" : [ ],
      "parameters" : [ ],
      "stepsCount" : 0,
      "attachmentsCount" : 0,
      "shouldDisplayMessage" : true,
      "hasContent" : true
    } ],
    "attachments" : [ ],
    "parameters" : [ ],
    "stepsCount" : 1,
    "attachmentsCount" : 0,
    "shouldDisplayMessage" : false,
    "hasContent" : true
  } ],
  "afterStages" : [ {
    "name" : "driver::0",
    "time" : {
      "start" : 1714274126515,
      "stop" : 1714274126573,
      "duration" : 58
    },
    "status" : "passed",
    "steps" : [ ],
    "attachments" : [ ],
    "parameters" : [ ],
    "stepsCount" : 0,
    "attachmentsCount" : 0,
    "shouldDisplayMessage" : false,
    "hasContent" : false
  } ],
  "labels" : [ {
    "name" : "epic",
    "value" : "Тестирование страницы 'Регистрация'"
  }, {
    "name" : "tag",
    "value" : "smoke"
  }, {
    "name" : "parentSuite",
    "value" : "tests.test_signup_page"
  }, {
    "name" : "suite",
    "value" : "test_signup_page"
  }, {
    "name" : "subSuite",
    "value" : "TestSignupPage"
  }, {
    "name" : "host",
    "value" : "fv-az1383-514"
  }, {
    "name" : "thread",
    "value" : "2368-MainThread"
  }, {
    "name" : "framework",
    "value" : "pytest"
  }, {
    "name" : "language",
    "value" : "cpython3"
  }, {
    "name" : "package",
    "value" : "tests.test_signup_page.test_signup_page"
  }, {
    "name" : "resultFormat",
    "value" : "allure2"
  } ],
  "parameters" : [ {
    "name" : "browser",
    "value" : "'chrome'"
  } ],
  "links" : [ ],
  "hidden" : false,
  "retry" : false,
  "extra" : {
    "severity" : "normal",
    "retries" : [ ],
    "categories" : [ {
      "name" : "Test defects",
      "matchedStatuses" : [ ],
      "flaky" : false
    } ],
    "history" : {
      "statistic" : {
        "failed" : 0,
        "broken" : 1,
        "skipped" : 0,
        "passed" : 11,
        "unknown" : 0,
        "total" : 12
      },
      "items" : [ {
        "uid" : "9a2287fb6c3c0a5b",
        "reportUrl" : "https://Nat754.github.io/PulseWave/7//#testresult/9a2287fb6c3c0a5b",
        "status" : "passed",
        "time" : {
          "start" : 1714185325111,
          "stop" : 1714185325168,
          "duration" : 57
        }
      }, {
        "uid" : "22dcc004527bd10f",
        "reportUrl" : "https://Nat754.github.io/PulseWave/6//#testresult/22dcc004527bd10f",
        "status" : "passed",
        "time" : {
          "start" : 1714148746016,
          "stop" : 1714148746076,
          "duration" : 60
        }
      }, {
        "uid" : "c35da3ffe5a610f",
        "reportUrl" : "https://Nat754.github.io/PulseWave/6//#testresult/c35da3ffe5a610f",
        "status" : "passed",
        "time" : {
          "start" : 1714098795586,
          "stop" : 1714098795642,
          "duration" : 56
        }
      }, {
        "uid" : "86f76175146f0c75",
        "reportUrl" : "https://Nat754.github.io/PulseWave/5//#testresult/86f76175146f0c75",
        "status" : "passed",
        "time" : {
          "start" : 1714014644034,
          "stop" : 1714014644091,
          "duration" : 57
        }
      }, {
        "uid" : "b280e5a43586768b",
        "reportUrl" : "https://Nat754.github.io/PulseWave/211//#testresult/b280e5a43586768b",
        "status" : "passed",
        "time" : {
          "start" : 1713946154131,
          "stop" : 1713946154187,
          "duration" : 56
        }
      }, {
        "uid" : "cae369d259fd2fed",
        "reportUrl" : "https://Nat754.github.io/PulseWave/4//#testresult/cae369d259fd2fed",
        "status" : "passed",
        "time" : {
          "start" : 1713925945566,
          "stop" : 1713925945622,
          "duration" : 56
        }
      }, {
        "uid" : "f279c3f215096ce7",
        "reportUrl" : "https://Nat754.github.io/PulseWave/211//#testresult/f279c3f215096ce7",
        "status" : "passed",
        "time" : {
          "start" : 1713901823839,
          "stop" : 1713901823896,
          "duration" : 57
        }
      }, {
        "uid" : "8bc63f564fdf19c0",
        "reportUrl" : "https://Nat754.github.io/PulseWave/210//#testresult/8bc63f564fdf19c0",
        "status" : "passed",
        "time" : {
          "start" : 1713886065693,
          "stop" : 1713886065749,
          "duration" : 56
        }
      }, {
        "uid" : "a61bd3c89d24b186",
        "reportUrl" : "https://Nat754.github.io/PulseWave/209//#testresult/a61bd3c89d24b186",
        "status" : "passed",
        "time" : {
          "start" : 1713883953152,
          "stop" : 1713883953207,
          "duration" : 55
        }
      }, {
        "uid" : "5498834bbd2317cb",
        "reportUrl" : "https://Nat754.github.io/PulseWave/209//#testresult/5498834bbd2317cb",
        "status" : "passed",
        "time" : {
          "start" : 1713882482841,
          "stop" : 1713882482896,
          "duration" : 55
        }
      }, {
        "uid" : "dd45a301b30318a0",
        "reportUrl" : "https://Nat754.github.io/PulseWave/208//#testresult/dd45a301b30318a0",
        "status" : "passed",
        "time" : {
          "start" : 1713879661760,
          "stop" : 1713879661819,
          "duration" : 59
        }
      } ]
    },
    "tags" : [ "smoke" ]
  },
  "source" : "3ad0eff1f0d1841.json",
  "parameterValues" : [ "'chrome'" ]
}