{
  "uid" : "3e13d926b3c0cec",
  "name" : "test_get_css_property_title_signup[font-size-18px-\\u0440\\u0430\\u0437\\u043c\\u0435\\u0440\\u0430 \\u0448\\u0440\\u0438\\u0444\\u0442\\u0430-chrome]",
  "fullName" : "tests.test_signup_page.test_signup_page.TestSignupPage#test_get_css_property_title_signup",
  "historyId" : "9b2f0c08918fd66a3f895104a2e637ed",
  "time" : {
    "start" : 1714274042578,
    "stop" : 1714274042578,
    "duration" : 0
  },
  "status" : "broken",
  "statusMessage" : "selenium.common.exceptions.TimeoutException: Message: \nStacktrace:\n#0 0x56068af9ee33 <unknown>\n#1 0x56068ac8e567 <unknown>\n#2 0x56068acd927d <unknown>\n#3 0x56068acd9331 <unknown>\n#4 0x56068ad1c624 <unknown>\n#5 0x56068acfb38d <unknown>\n#6 0x56068ad19ae2 <unknown>\n#7 0x56068acfb103 <unknown>\n#8 0x56068accc1ba <unknown>\n#9 0x56068acccb8e <unknown>\n#10 0x56068af6359b <unknown>\n#11 0x56068af6734b <unknown>\n#12 0x56068af4f681 <unknown>\n#13 0x56068af67eb2 <unknown>\n#14 0x56068af346af <unknown>\n#15 0x56068af8e428 <unknown>\n#16 0x56068af8e600 <unknown>\n#17 0x56068af9df84 <unknown>\n#18 0x7f3d33494ac3 <unknown>",
  "statusTrace" : "driver = <selenium.webdriver.chrome.webdriver.WebDriver (session=\"76ea339a50fd3690d7cf3528d1a3ac8c\")>\n\n    @pytest.fixture(scope='function')\n    def signup_page_open(driver):\n        signup_page = SignUpPage(driver)\n        driver.get(Constant.SIGNUP_PAGE)\n>       signup_page.get_allow_all_cookies().click()\n\ntests/test_signup_page/conftest.py:10: \n_ _ _ _ _ _ _ _ _ _ _ _ _ _ _ _ _ _ _ _ _ _ _ _ _ _ _ _ _ _ _ _ _ _ _ _ _ _ _ _ \npages/signup_page.py:39: in get_allow_all_cookies\n    return self.element_is_visible(self.locator.ALLOW_ALL_COOKIES)\npages/base_page.py:19: in element_is_visible\n    self.go_to_element(self.element_is_present(locator))\npages/base_page.py:35: in element_is_present\n    return Wait(self.driver, self.timeout).until(es.presence_of_element_located(locator))\n_ _ _ _ _ _ _ _ _ _ _ _ _ _ _ _ _ _ _ _ _ _ _ _ _ _ _ _ _ _ _ _ _ _ _ _ _ _ _ _ \n\nself = <selenium.webdriver.support.wait.WebDriverWait (session=\"76ea339a50fd3690d7cf3528d1a3ac8c\")>\nmethod = <function presence_of_element_located.<locals>._predicate at 0x7f3f3a4d8040>\nmessage = ''\n\n    def until(self, method: Callable[[D], Union[Literal[False], T]], message: str = \"\") -> T:\n        \"\"\"Calls the method provided with the driver as an argument until the \\\n        return value does not evaluate to ``False``.\n    \n        :param method: callable(WebDriver)\n        :param message: optional message for :exc:`TimeoutException`\n        :returns: the result of the last call to `method`\n        :raises: :exc:`selenium.common.exceptions.TimeoutException` if timeout occurs\n        \"\"\"\n        screen = None\n        stacktrace = None\n    \n        end_time = time.monotonic() + self._timeout\n        while True:\n            try:\n                value = method(self._driver)\n                if value:\n                    return value\n            except self._ignored_exceptions as exc:\n                screen = getattr(exc, \"screen\", None)\n                stacktrace = getattr(exc, \"stacktrace\", None)\n            time.sleep(self._poll)\n            if time.monotonic() > end_time:\n                break\n>       raise TimeoutException(message, screen, stacktrace)\nE       selenium.common.exceptions.TimeoutException: Message: \nE       Stacktrace:\nE       #0 0x56068af9ee33 <unknown>\nE       #1 0x56068ac8e567 <unknown>\nE       #2 0x56068acd927d <unknown>\nE       #3 0x56068acd9331 <unknown>\nE       #4 0x56068ad1c624 <unknown>\nE       #5 0x56068acfb38d <unknown>\nE       #6 0x56068ad19ae2 <unknown>\nE       #7 0x56068acfb103 <unknown>\nE       #8 0x56068accc1ba <unknown>\nE       #9 0x56068acccb8e <unknown>\nE       #10 0x56068af6359b <unknown>\nE       #11 0x56068af6734b <unknown>\nE       #12 0x56068af4f681 <unknown>\nE       #13 0x56068af67eb2 <unknown>\nE       #14 0x56068af346af <unknown>\nE       #15 0x56068af8e428 <unknown>\nE       #16 0x56068af8e600 <unknown>\nE       #17 0x56068af9df84 <unknown>\nE       #18 0x7f3d33494ac3 <unknown>\n\n/opt/hostedtoolcache/Python/3.12.3/x64/lib/python3.12/site-packages/selenium/webdriver/support/wait.py:105: TimeoutException",
  "flaky" : false,
  "newFailed" : false,
  "beforeStages" : [ {
    "name" : "clear_allure_results_folder",
    "time" : {
      "start" : 1714270943308,
      "stop" : 1714270943308,
      "duration" : 0
    },
    "status" : "passed",
    "steps" : [ ],
    "attachments" : [ ],
    "parameters" : [ ],
    "stepsCount" : 0,
    "attachmentsCount" : 0,
    "shouldDisplayMessage" : false,
    "hasContent" : false
  }, {
    "name" : "_session_faker",
    "time" : {
      "start" : 1714270943291,
      "stop" : 1714270943307,
      "duration" : 16
    },
    "status" : "passed",
    "steps" : [ ],
    "attachments" : [ ],
    "parameters" : [ ],
    "stepsCount" : 0,
    "attachmentsCount" : 0,
    "shouldDisplayMessage" : false,
    "hasContent" : false
  }, {
    "name" : "signup_page_open",
    "time" : {
      "start" : 1714274042774,
      "stop" : 1714274063498,
      "duration" : 20724
    },
    "status" : "broken",
    "statusMessage" : "selenium.common.exceptions.TimeoutException: Message: \nStacktrace:\n#0 0x56068af9ee33 <unknown>\n#1 0x56068ac8e567 <unknown>\n#2 0x56068acd927d <unknown>\n#3 0x56068acd9331 <unknown>\n#4 0x56068ad1c624 <unknown>\n#5 0x56068acfb38d <unknown>\n#6 0x56068ad19ae2 <unknown>\n#7 0x56068acfb103 <unknown>\n#8 0x56068accc1ba <unknown>\n#9 0x56068acccb8e <unknown>\n#10 0x56068af6359b <unknown>\n#11 0x56068af6734b <unknown>\n#12 0x56068af4f681 <unknown>\n#13 0x56068af67eb2 <unknown>\n#14 0x56068af346af <unknown>\n#15 0x56068af8e428 <unknown>\n#16 0x56068af8e600 <unknown>\n#17 0x56068af9df84 <unknown>\n#18 0x7f3d33494ac3 <unknown>\n\n",
    "statusTrace" : "  File \"/opt/hostedtoolcache/Python/3.12.3/x64/lib/python3.12/site-packages/pluggy/_callers.py\", line 167, in _multicall\n    teardown.throw(outcome._exception)\n  File \"/opt/hostedtoolcache/Python/3.12.3/x64/lib/python3.12/site-packages/_pytest/setuponly.py\", line 36, in pytest_fixture_setup\n    return (yield)\n            ^^^^^\n  File \"/opt/hostedtoolcache/Python/3.12.3/x64/lib/python3.12/site-packages/pluggy/_callers.py\", line 103, in _multicall\n    res = hook_impl.function(*args)\n          ^^^^^^^^^^^^^^^^^^^^^^^^^\n  File \"/opt/hostedtoolcache/Python/3.12.3/x64/lib/python3.12/site-packages/_pytest/fixtures.py\", line 1140, in pytest_fixture_setup\n    result = call_fixture_func(fixturefunc, request, kwargs)\n             ^^^^^^^^^^^^^^^^^^^^^^^^^^^^^^^^^^^^^^^^^^^^^^^\n  File \"/opt/hostedtoolcache/Python/3.12.3/x64/lib/python3.12/site-packages/_pytest/fixtures.py\", line 917, in call_fixture_func\n    fixture_result = fixturefunc(**kwargs)\n                     ^^^^^^^^^^^^^^^^^^^^^\n  File \"/home/runner/work/PulseWave/PulseWave/tests/test_signup_page/conftest.py\", line 10, in signup_page_open\n    signup_page.get_allow_all_cookies().click()\n    ^^^^^^^^^^^^^^^^^^^^^^^^^^^^^^^^^^^\n  File \"/opt/hostedtoolcache/Python/3.12.3/x64/lib/python3.12/site-packages/allure_commons/_allure.py\", line 192, in impl\n    return func(*a, **kw)\n           ^^^^^^^^^^^^^^\n  File \"/home/runner/work/PulseWave/PulseWave/pages/signup_page.py\", line 39, in get_allow_all_cookies\n    return self.element_is_visible(self.locator.ALLOW_ALL_COOKIES)\n           ^^^^^^^^^^^^^^^^^^^^^^^^^^^^^^^^^^^^^^^^^^^^^^^^^^^^^^^\n  File \"/home/runner/work/PulseWave/PulseWave/pages/base_page.py\", line 19, in element_is_visible\n    self.go_to_element(self.element_is_present(locator))\n                       ^^^^^^^^^^^^^^^^^^^^^^^^^^^^^^^^\n  File \"/home/runner/work/PulseWave/PulseWave/pages/base_page.py\", line 35, in element_is_present\n    return Wait(self.driver, self.timeout).until(es.presence_of_element_located(locator))\n           ^^^^^^^^^^^^^^^^^^^^^^^^^^^^^^^^^^^^^^^^^^^^^^^^^^^^^^^^^^^^^^^^^^^^^^^^^^^^^^\n  File \"/opt/hostedtoolcache/Python/3.12.3/x64/lib/python3.12/site-packages/selenium/webdriver/support/wait.py\", line 105, in until\n    raise TimeoutException(message, screen, stacktrace)\n",
    "steps" : [ {
      "name" : "Проверка видимости кнопки 'Принимаю все' в сообщении о принятии файлов cookie",
      "time" : {
        "start" : 1714274043090,
        "stop" : 1714274063498,
        "duration" : 20408
      },
      "status" : "broken",
      "statusMessage" : "selenium.common.exceptions.TimeoutException: Message: \nStacktrace:\n#0 0x56068af9ee33 <unknown>\n#1 0x56068ac8e567 <unknown>\n#2 0x56068acd927d <unknown>\n#3 0x56068acd9331 <unknown>\n#4 0x56068ad1c624 <unknown>\n#5 0x56068acfb38d <unknown>\n#6 0x56068ad19ae2 <unknown>\n#7 0x56068acfb103 <unknown>\n#8 0x56068accc1ba <unknown>\n#9 0x56068acccb8e <unknown>\n#10 0x56068af6359b <unknown>\n#11 0x56068af6734b <unknown>\n#12 0x56068af4f681 <unknown>\n#13 0x56068af67eb2 <unknown>\n#14 0x56068af346af <unknown>\n#15 0x56068af8e428 <unknown>\n#16 0x56068af8e600 <unknown>\n#17 0x56068af9df84 <unknown>\n#18 0x7f3d33494ac3 <unknown>\n\n",
      "statusTrace" : "  File \"/opt/hostedtoolcache/Python/3.12.3/x64/lib/python3.12/site-packages/allure_commons/_allure.py\", line 192, in impl\n    return func(*a, **kw)\n           ^^^^^^^^^^^^^^\n  File \"/home/runner/work/PulseWave/PulseWave/pages/signup_page.py\", line 39, in get_allow_all_cookies\n    return self.element_is_visible(self.locator.ALLOW_ALL_COOKIES)\n           ^^^^^^^^^^^^^^^^^^^^^^^^^^^^^^^^^^^^^^^^^^^^^^^^^^^^^^^\n  File \"/home/runner/work/PulseWave/PulseWave/pages/base_page.py\", line 19, in element_is_visible\n    self.go_to_element(self.element_is_present(locator))\n                       ^^^^^^^^^^^^^^^^^^^^^^^^^^^^^^^^\n  File \"/home/runner/work/PulseWave/PulseWave/pages/base_page.py\", line 35, in element_is_present\n    return Wait(self.driver, self.timeout).until(es.presence_of_element_located(locator))\n           ^^^^^^^^^^^^^^^^^^^^^^^^^^^^^^^^^^^^^^^^^^^^^^^^^^^^^^^^^^^^^^^^^^^^^^^^^^^^^^\n  File \"/opt/hostedtoolcache/Python/3.12.3/x64/lib/python3.12/site-packages/selenium/webdriver/support/wait.py\", line 105, in until\n    raise TimeoutException(message, screen, stacktrace)\n",
      "steps" : [ ],
      "attachments" : [ ],
      "parameters" : [ ],
      "stepsCount" : 0,
      "attachmentsCount" : 0,
      "shouldDisplayMessage" : true,
      "hasContent" : true
    } ],
    "attachments" : [ ],
    "parameters" : [ ],
    "stepsCount" : 1,
    "attachmentsCount" : 0,
    "shouldDisplayMessage" : false,
    "hasContent" : true
  }, {
    "name" : "driver",
    "time" : {
      "start" : 1714274042578,
      "stop" : 1714274042774,
      "duration" : 196
    },
    "status" : "passed",
    "steps" : [ ],
    "attachments" : [ ],
    "parameters" : [ ],
    "stepsCount" : 0,
    "attachmentsCount" : 0,
    "shouldDisplayMessage" : false,
    "hasContent" : false
  } ],
  "afterStages" : [ {
    "name" : "driver::0",
    "time" : {
      "start" : 1714274063512,
      "stop" : 1714274063570,
      "duration" : 58
    },
    "status" : "passed",
    "steps" : [ ],
    "attachments" : [ ],
    "parameters" : [ ],
    "stepsCount" : 0,
    "attachmentsCount" : 0,
    "shouldDisplayMessage" : false,
    "hasContent" : false
  } ],
  "labels" : [ {
    "name" : "epic",
    "value" : "Тестирование страницы 'Регистрация'"
  }, {
    "name" : "tag",
    "value" : "regress"
  }, {
    "name" : "parentSuite",
    "value" : "tests.test_signup_page"
  }, {
    "name" : "suite",
    "value" : "test_signup_page"
  }, {
    "name" : "subSuite",
    "value" : "TestSignupPage"
  }, {
    "name" : "host",
    "value" : "fv-az1383-514"
  }, {
    "name" : "thread",
    "value" : "2368-MainThread"
  }, {
    "name" : "framework",
    "value" : "pytest"
  }, {
    "name" : "language",
    "value" : "cpython3"
  }, {
    "name" : "package",
    "value" : "tests.test_signup_page.test_signup_page"
  }, {
    "name" : "resultFormat",
    "value" : "allure2"
  } ],
  "parameters" : [ {
    "name" : "browser",
    "value" : "'chrome'"
  }, {
    "name" : "css_property",
    "value" : "'font-size'"
  }, {
    "name" : "figma",
    "value" : "'18px'"
  }, {
    "name" : "name",
    "value" : "'размера шрифта'"
  } ],
  "links" : [ ],
  "hidden" : false,
  "retry" : false,
  "extra" : {
    "severity" : "normal",
    "retries" : [ ],
    "categories" : [ {
      "name" : "Test defects",
      "matchedStatuses" : [ ],
      "flaky" : false
    } ],
    "history" : {
      "statistic" : {
        "failed" : 0,
        "broken" : 1,
        "skipped" : 0,
        "passed" : 11,
        "unknown" : 0,
        "total" : 12
      },
      "items" : [ {
        "uid" : "3abd1dea0e122e79",
        "reportUrl" : "https://Nat754.github.io/PulseWave/7//#testresult/3abd1dea0e122e79",
        "status" : "passed",
        "time" : {
          "start" : 1714185314445,
          "stop" : 1714185314478,
          "duration" : 33
        }
      }, {
        "uid" : "c68ebd7de53ceddd",
        "reportUrl" : "https://Nat754.github.io/PulseWave/6//#testresult/c68ebd7de53ceddd",
        "status" : "passed",
        "time" : {
          "start" : 1714148735850,
          "stop" : 1714148735886,
          "duration" : 36
        }
      }, {
        "uid" : "5551d5b608c6ce54",
        "reportUrl" : "https://Nat754.github.io/PulseWave/6//#testresult/5551d5b608c6ce54",
        "status" : "passed",
        "time" : {
          "start" : 1714098786599,
          "stop" : 1714098786634,
          "duration" : 35
        }
      }, {
        "uid" : "6e8a81efaccc9a52",
        "reportUrl" : "https://Nat754.github.io/PulseWave/5//#testresult/6e8a81efaccc9a52",
        "status" : "passed",
        "time" : {
          "start" : 1714014636303,
          "stop" : 1714014636338,
          "duration" : 35
        }
      }, {
        "uid" : "fa8edaf32d361a8f",
        "reportUrl" : "https://Nat754.github.io/PulseWave/211//#testresult/fa8edaf32d361a8f",
        "status" : "passed",
        "time" : {
          "start" : 1713946145812,
          "stop" : 1713946145846,
          "duration" : 34
        }
      }, {
        "uid" : "7e33530563491825",
        "reportUrl" : "https://Nat754.github.io/PulseWave/4//#testresult/7e33530563491825",
        "status" : "passed",
        "time" : {
          "start" : 1713925937326,
          "stop" : 1713925937361,
          "duration" : 35
        }
      }, {
        "uid" : "6e9e2e9e008a0a93",
        "reportUrl" : "https://Nat754.github.io/PulseWave/211//#testresult/6e9e2e9e008a0a93",
        "status" : "passed",
        "time" : {
          "start" : 1713901814643,
          "stop" : 1713901814677,
          "duration" : 34
        }
      }, {
        "uid" : "877af7485fc35afb",
        "reportUrl" : "https://Nat754.github.io/PulseWave/210//#testresult/877af7485fc35afb",
        "status" : "passed",
        "time" : {
          "start" : 1713886054519,
          "stop" : 1713886054552,
          "duration" : 33
        }
      }, {
        "uid" : "4706d5a6812b2853",
        "reportUrl" : "https://Nat754.github.io/PulseWave/209//#testresult/4706d5a6812b2853",
        "status" : "passed",
        "time" : {
          "start" : 1713883942481,
          "stop" : 1713883942514,
          "duration" : 33
        }
      }, {
        "uid" : "a138c550928ba647",
        "reportUrl" : "https://Nat754.github.io/PulseWave/209//#testresult/a138c550928ba647",
        "status" : "passed",
        "time" : {
          "start" : 1713882471660,
          "stop" : 1713882471696,
          "duration" : 36
        }
      }, {
        "uid" : "3c09536483dbc571",
        "reportUrl" : "https://Nat754.github.io/PulseWave/208//#testresult/3c09536483dbc571",
        "status" : "passed",
        "time" : {
          "start" : 1713879650664,
          "stop" : 1713879650701,
          "duration" : 37
        }
      } ]
    },
    "tags" : [ "regress" ]
  },
  "source" : "3e13d926b3c0cec.json",
  "parameterValues" : [ "'chrome'", "'font-size'", "'18px'", "'размера шрифта'" ]
}