{
  "uid" : "48824ed7bc8fa71d",
  "name" : "test_get_css_property_body_all_time[font-family-Mulish, sans-serif-\\u0448\\u0440\\u0438\\u0444\\u0442\\u0430-chrome]",
  "fullName" : "tests.test_main_page.test_main_page.TestMainPage#test_get_css_property_body_all_time",
  "historyId" : "d5b1d201f638dc591efacb1797a26702",
  "time" : {
    "start" : 1714273432558,
    "stop" : 1714273432558,
    "duration" : 0
  },
  "status" : "broken",
  "statusMessage" : "selenium.common.exceptions.TimeoutException: Message: \nStacktrace:\n#0 0x55e01e865e33 <unknown>\n#1 0x55e01e555567 <unknown>\n#2 0x55e01e5a027d <unknown>\n#3 0x55e01e5a0331 <unknown>\n#4 0x55e01e5e3624 <unknown>\n#5 0x55e01e5c238d <unknown>\n#6 0x55e01e5e0ae2 <unknown>\n#7 0x55e01e5c2103 <unknown>\n#8 0x55e01e5931ba <unknown>\n#9 0x55e01e593b8e <unknown>\n#10 0x55e01e82a59b <unknown>\n#11 0x55e01e82e34b <unknown>\n#12 0x55e01e816681 <unknown>\n#13 0x55e01e82eeb2 <unknown>\n#14 0x55e01e7fb6af <unknown>\n#15 0x55e01e855428 <unknown>\n#16 0x55e01e855600 <unknown>\n#17 0x55e01e864f84 <unknown>\n#18 0x7fea1f694ac3 <unknown>",
  "statusTrace" : "driver = <selenium.webdriver.chrome.webdriver.WebDriver (session=\"89cf0f3865ee38190c7b7536c12f9ce5\")>\n\n    @pytest.fixture(scope='function')\n    def main_page_open(driver):\n        main_page = MainPage(driver)\n        driver.get(Constant.MAIN_PAGE)\n>       main_page.get_allow_all_cookies().click()\n\ntests/test_main_page/conftest.py:10: \n_ _ _ _ _ _ _ _ _ _ _ _ _ _ _ _ _ _ _ _ _ _ _ _ _ _ _ _ _ _ _ _ _ _ _ _ _ _ _ _ \npages/main_page.py:24: in get_allow_all_cookies\n    return self.element_is_visible(self.locator.ALLOW_ALL_COOKIES)\npages/base_page.py:19: in element_is_visible\n    self.go_to_element(self.element_is_present(locator))\npages/base_page.py:35: in element_is_present\n    return Wait(self.driver, self.timeout).until(es.presence_of_element_located(locator))\n_ _ _ _ _ _ _ _ _ _ _ _ _ _ _ _ _ _ _ _ _ _ _ _ _ _ _ _ _ _ _ _ _ _ _ _ _ _ _ _ \n\nself = <selenium.webdriver.support.wait.WebDriverWait (session=\"89cf0f3865ee38190c7b7536c12f9ce5\")>\nmethod = <function presence_of_element_located.<locals>._predicate at 0x7f3f3a717c40>\nmessage = ''\n\n    def until(self, method: Callable[[D], Union[Literal[False], T]], message: str = \"\") -> T:\n        \"\"\"Calls the method provided with the driver as an argument until the \\\n        return value does not evaluate to ``False``.\n    \n        :param method: callable(WebDriver)\n        :param message: optional message for :exc:`TimeoutException`\n        :returns: the result of the last call to `method`\n        :raises: :exc:`selenium.common.exceptions.TimeoutException` if timeout occurs\n        \"\"\"\n        screen = None\n        stacktrace = None\n    \n        end_time = time.monotonic() + self._timeout\n        while True:\n            try:\n                value = method(self._driver)\n                if value:\n                    return value\n            except self._ignored_exceptions as exc:\n                screen = getattr(exc, \"screen\", None)\n                stacktrace = getattr(exc, \"stacktrace\", None)\n            time.sleep(self._poll)\n            if time.monotonic() > end_time:\n                break\n>       raise TimeoutException(message, screen, stacktrace)\nE       selenium.common.exceptions.TimeoutException: Message: \nE       Stacktrace:\nE       #0 0x55e01e865e33 <unknown>\nE       #1 0x55e01e555567 <unknown>\nE       #2 0x55e01e5a027d <unknown>\nE       #3 0x55e01e5a0331 <unknown>\nE       #4 0x55e01e5e3624 <unknown>\nE       #5 0x55e01e5c238d <unknown>\nE       #6 0x55e01e5e0ae2 <unknown>\nE       #7 0x55e01e5c2103 <unknown>\nE       #8 0x55e01e5931ba <unknown>\nE       #9 0x55e01e593b8e <unknown>\nE       #10 0x55e01e82a59b <unknown>\nE       #11 0x55e01e82e34b <unknown>\nE       #12 0x55e01e816681 <unknown>\nE       #13 0x55e01e82eeb2 <unknown>\nE       #14 0x55e01e7fb6af <unknown>\nE       #15 0x55e01e855428 <unknown>\nE       #16 0x55e01e855600 <unknown>\nE       #17 0x55e01e864f84 <unknown>\nE       #18 0x7fea1f694ac3 <unknown>\n\n/opt/hostedtoolcache/Python/3.12.3/x64/lib/python3.12/site-packages/selenium/webdriver/support/wait.py:105: TimeoutException",
  "flaky" : false,
  "newFailed" : false,
  "beforeStages" : [ {
    "name" : "main_page_open",
    "time" : {
      "start" : 1714273432757,
      "stop" : 1714273453485,
      "duration" : 20728
    },
    "status" : "broken",
    "statusMessage" : "selenium.common.exceptions.TimeoutException: Message: \nStacktrace:\n#0 0x55e01e865e33 <unknown>\n#1 0x55e01e555567 <unknown>\n#2 0x55e01e5a027d <unknown>\n#3 0x55e01e5a0331 <unknown>\n#4 0x55e01e5e3624 <unknown>\n#5 0x55e01e5c238d <unknown>\n#6 0x55e01e5e0ae2 <unknown>\n#7 0x55e01e5c2103 <unknown>\n#8 0x55e01e5931ba <unknown>\n#9 0x55e01e593b8e <unknown>\n#10 0x55e01e82a59b <unknown>\n#11 0x55e01e82e34b <unknown>\n#12 0x55e01e816681 <unknown>\n#13 0x55e01e82eeb2 <unknown>\n#14 0x55e01e7fb6af <unknown>\n#15 0x55e01e855428 <unknown>\n#16 0x55e01e855600 <unknown>\n#17 0x55e01e864f84 <unknown>\n#18 0x7fea1f694ac3 <unknown>\n\n",
    "statusTrace" : "  File \"/opt/hostedtoolcache/Python/3.12.3/x64/lib/python3.12/site-packages/pluggy/_callers.py\", line 167, in _multicall\n    teardown.throw(outcome._exception)\n  File \"/opt/hostedtoolcache/Python/3.12.3/x64/lib/python3.12/site-packages/_pytest/setuponly.py\", line 36, in pytest_fixture_setup\n    return (yield)\n            ^^^^^\n  File \"/opt/hostedtoolcache/Python/3.12.3/x64/lib/python3.12/site-packages/pluggy/_callers.py\", line 103, in _multicall\n    res = hook_impl.function(*args)\n          ^^^^^^^^^^^^^^^^^^^^^^^^^\n  File \"/opt/hostedtoolcache/Python/3.12.3/x64/lib/python3.12/site-packages/_pytest/fixtures.py\", line 1140, in pytest_fixture_setup\n    result = call_fixture_func(fixturefunc, request, kwargs)\n             ^^^^^^^^^^^^^^^^^^^^^^^^^^^^^^^^^^^^^^^^^^^^^^^\n  File \"/opt/hostedtoolcache/Python/3.12.3/x64/lib/python3.12/site-packages/_pytest/fixtures.py\", line 917, in call_fixture_func\n    fixture_result = fixturefunc(**kwargs)\n                     ^^^^^^^^^^^^^^^^^^^^^\n  File \"/home/runner/work/PulseWave/PulseWave/tests/test_main_page/conftest.py\", line 10, in main_page_open\n    main_page.get_allow_all_cookies().click()\n    ^^^^^^^^^^^^^^^^^^^^^^^^^^^^^^^^^\n  File \"/opt/hostedtoolcache/Python/3.12.3/x64/lib/python3.12/site-packages/allure_commons/_allure.py\", line 192, in impl\n    return func(*a, **kw)\n           ^^^^^^^^^^^^^^\n  File \"/home/runner/work/PulseWave/PulseWave/pages/main_page.py\", line 24, in get_allow_all_cookies\n    return self.element_is_visible(self.locator.ALLOW_ALL_COOKIES)\n           ^^^^^^^^^^^^^^^^^^^^^^^^^^^^^^^^^^^^^^^^^^^^^^^^^^^^^^^\n  File \"/home/runner/work/PulseWave/PulseWave/pages/base_page.py\", line 19, in element_is_visible\n    self.go_to_element(self.element_is_present(locator))\n                       ^^^^^^^^^^^^^^^^^^^^^^^^^^^^^^^^\n  File \"/home/runner/work/PulseWave/PulseWave/pages/base_page.py\", line 35, in element_is_present\n    return Wait(self.driver, self.timeout).until(es.presence_of_element_located(locator))\n           ^^^^^^^^^^^^^^^^^^^^^^^^^^^^^^^^^^^^^^^^^^^^^^^^^^^^^^^^^^^^^^^^^^^^^^^^^^^^^^\n  File \"/opt/hostedtoolcache/Python/3.12.3/x64/lib/python3.12/site-packages/selenium/webdriver/support/wait.py\", line 105, in until\n    raise TimeoutException(message, screen, stacktrace)\n",
    "steps" : [ {
      "name" : "Проверка видимости кнопки 'Принимаю всё' в сообщении о принятии файлов cookie на Главной странице",
      "time" : {
        "start" : 1714273433072,
        "stop" : 1714273453484,
        "duration" : 20412
      },
      "status" : "broken",
      "statusMessage" : "selenium.common.exceptions.TimeoutException: Message: \nStacktrace:\n#0 0x55e01e865e33 <unknown>\n#1 0x55e01e555567 <unknown>\n#2 0x55e01e5a027d <unknown>\n#3 0x55e01e5a0331 <unknown>\n#4 0x55e01e5e3624 <unknown>\n#5 0x55e01e5c238d <unknown>\n#6 0x55e01e5e0ae2 <unknown>\n#7 0x55e01e5c2103 <unknown>\n#8 0x55e01e5931ba <unknown>\n#9 0x55e01e593b8e <unknown>\n#10 0x55e01e82a59b <unknown>\n#11 0x55e01e82e34b <unknown>\n#12 0x55e01e816681 <unknown>\n#13 0x55e01e82eeb2 <unknown>\n#14 0x55e01e7fb6af <unknown>\n#15 0x55e01e855428 <unknown>\n#16 0x55e01e855600 <unknown>\n#17 0x55e01e864f84 <unknown>\n#18 0x7fea1f694ac3 <unknown>\n\n",
      "statusTrace" : "  File \"/opt/hostedtoolcache/Python/3.12.3/x64/lib/python3.12/site-packages/allure_commons/_allure.py\", line 192, in impl\n    return func(*a, **kw)\n           ^^^^^^^^^^^^^^\n  File \"/home/runner/work/PulseWave/PulseWave/pages/main_page.py\", line 24, in get_allow_all_cookies\n    return self.element_is_visible(self.locator.ALLOW_ALL_COOKIES)\n           ^^^^^^^^^^^^^^^^^^^^^^^^^^^^^^^^^^^^^^^^^^^^^^^^^^^^^^^\n  File \"/home/runner/work/PulseWave/PulseWave/pages/base_page.py\", line 19, in element_is_visible\n    self.go_to_element(self.element_is_present(locator))\n                       ^^^^^^^^^^^^^^^^^^^^^^^^^^^^^^^^\n  File \"/home/runner/work/PulseWave/PulseWave/pages/base_page.py\", line 35, in element_is_present\n    return Wait(self.driver, self.timeout).until(es.presence_of_element_located(locator))\n           ^^^^^^^^^^^^^^^^^^^^^^^^^^^^^^^^^^^^^^^^^^^^^^^^^^^^^^^^^^^^^^^^^^^^^^^^^^^^^^\n  File \"/opt/hostedtoolcache/Python/3.12.3/x64/lib/python3.12/site-packages/selenium/webdriver/support/wait.py\", line 105, in until\n    raise TimeoutException(message, screen, stacktrace)\n",
      "steps" : [ ],
      "attachments" : [ ],
      "parameters" : [ ],
      "stepsCount" : 0,
      "attachmentsCount" : 0,
      "shouldDisplayMessage" : true,
      "hasContent" : true
    } ],
    "attachments" : [ ],
    "parameters" : [ ],
    "stepsCount" : 1,
    "attachmentsCount" : 0,
    "shouldDisplayMessage" : false,
    "hasContent" : true
  }, {
    "name" : "clear_allure_results_folder",
    "time" : {
      "start" : 1714270943308,
      "stop" : 1714270943308,
      "duration" : 0
    },
    "status" : "passed",
    "steps" : [ ],
    "attachments" : [ ],
    "parameters" : [ ],
    "stepsCount" : 0,
    "attachmentsCount" : 0,
    "shouldDisplayMessage" : false,
    "hasContent" : false
  }, {
    "name" : "driver",
    "time" : {
      "start" : 1714273432559,
      "stop" : 1714273432757,
      "duration" : 198
    },
    "status" : "passed",
    "steps" : [ ],
    "attachments" : [ ],
    "parameters" : [ ],
    "stepsCount" : 0,
    "attachmentsCount" : 0,
    "shouldDisplayMessage" : false,
    "hasContent" : false
  }, {
    "name" : "_session_faker",
    "time" : {
      "start" : 1714270943291,
      "stop" : 1714270943307,
      "duration" : 16
    },
    "status" : "passed",
    "steps" : [ ],
    "attachments" : [ ],
    "parameters" : [ ],
    "stepsCount" : 0,
    "attachmentsCount" : 0,
    "shouldDisplayMessage" : false,
    "hasContent" : false
  } ],
  "afterStages" : [ {
    "name" : "driver::0",
    "time" : {
      "start" : 1714273453497,
      "stop" : 1714273453555,
      "duration" : 58
    },
    "status" : "passed",
    "steps" : [ ],
    "attachments" : [ ],
    "parameters" : [ ],
    "stepsCount" : 0,
    "attachmentsCount" : 0,
    "shouldDisplayMessage" : false,
    "hasContent" : false
  } ],
  "labels" : [ {
    "name" : "epic",
    "value" : "Тестирование Главной страницы"
  }, {
    "name" : "tag",
    "value" : "regress"
  }, {
    "name" : "parentSuite",
    "value" : "tests.test_main_page"
  }, {
    "name" : "suite",
    "value" : "test_main_page"
  }, {
    "name" : "subSuite",
    "value" : "TestMainPage"
  }, {
    "name" : "host",
    "value" : "fv-az1383-514"
  }, {
    "name" : "thread",
    "value" : "2368-MainThread"
  }, {
    "name" : "framework",
    "value" : "pytest"
  }, {
    "name" : "language",
    "value" : "cpython3"
  }, {
    "name" : "package",
    "value" : "tests.test_main_page.test_main_page"
  }, {
    "name" : "resultFormat",
    "value" : "allure2"
  } ],
  "parameters" : [ {
    "name" : "browser",
    "value" : "'chrome'"
  }, {
    "name" : "css_property",
    "value" : "'font-family'"
  }, {
    "name" : "figma",
    "value" : "'Mulish, sans-serif'"
  }, {
    "name" : "name",
    "value" : "'шрифта'"
  } ],
  "links" : [ ],
  "hidden" : false,
  "retry" : false,
  "extra" : {
    "severity" : "normal",
    "retries" : [ ],
    "categories" : [ {
      "name" : "Test defects",
      "matchedStatuses" : [ ],
      "flaky" : false
    } ],
    "history" : {
      "statistic" : {
        "failed" : 0,
        "broken" : 1,
        "skipped" : 0,
        "passed" : 11,
        "unknown" : 0,
        "total" : 12
      },
      "items" : [ {
        "uid" : "eac990a01491282c",
        "reportUrl" : "https://Nat754.github.io/PulseWave/7//#testresult/eac990a01491282c",
        "status" : "passed",
        "time" : {
          "start" : 1714185131879,
          "stop" : 1714185131915,
          "duration" : 36
        }
      }, {
        "uid" : "fe686d72d928b24b",
        "reportUrl" : "https://Nat754.github.io/PulseWave/6//#testresult/fe686d72d928b24b",
        "status" : "passed",
        "time" : {
          "start" : 1714148572582,
          "stop" : 1714148572618,
          "duration" : 36
        }
      }, {
        "uid" : "e8d0eeaf227278da",
        "reportUrl" : "https://Nat754.github.io/PulseWave/6//#testresult/e8d0eeaf227278da",
        "status" : "passed",
        "time" : {
          "start" : 1714098622660,
          "stop" : 1714098622696,
          "duration" : 36
        }
      }, {
        "uid" : "4dfe508330c21e80",
        "reportUrl" : "https://Nat754.github.io/PulseWave/5//#testresult/4dfe508330c21e80",
        "status" : "passed",
        "time" : {
          "start" : 1714014487172,
          "stop" : 1714014487208,
          "duration" : 36
        }
      }, {
        "uid" : "a4816a445065288d",
        "reportUrl" : "https://Nat754.github.io/PulseWave/211//#testresult/a4816a445065288d",
        "status" : "passed",
        "time" : {
          "start" : 1713945990438,
          "stop" : 1713945990475,
          "duration" : 37
        }
      }, {
        "uid" : "179a949f8dcb8f2a",
        "reportUrl" : "https://Nat754.github.io/PulseWave/4//#testresult/179a949f8dcb8f2a",
        "status" : "passed",
        "time" : {
          "start" : 1713925781335,
          "stop" : 1713925781371,
          "duration" : 36
        }
      }, {
        "uid" : "32123ddae850bdc4",
        "reportUrl" : "https://Nat754.github.io/PulseWave/211//#testresult/32123ddae850bdc4",
        "status" : "passed",
        "time" : {
          "start" : 1713901648814,
          "stop" : 1713901648850,
          "duration" : 36
        }
      }, {
        "uid" : "d0bd88aac431a621",
        "reportUrl" : "https://Nat754.github.io/PulseWave/210//#testresult/d0bd88aac431a621",
        "status" : "passed",
        "time" : {
          "start" : 1713885868276,
          "stop" : 1713885868310,
          "duration" : 34
        }
      }, {
        "uid" : "ee2af5d998438136",
        "reportUrl" : "https://Nat754.github.io/PulseWave/209//#testresult/ee2af5d998438136",
        "status" : "passed",
        "time" : {
          "start" : 1713883758284,
          "stop" : 1713883758319,
          "duration" : 35
        }
      }, {
        "uid" : "19f8cb5df1c8587e",
        "reportUrl" : "https://Nat754.github.io/PulseWave/209//#testresult/19f8cb5df1c8587e",
        "status" : "passed",
        "time" : {
          "start" : 1713882286503,
          "stop" : 1713882286540,
          "duration" : 37
        }
      }, {
        "uid" : "482c0f084a69bea4",
        "reportUrl" : "https://Nat754.github.io/PulseWave/208//#testresult/482c0f084a69bea4",
        "status" : "passed",
        "time" : {
          "start" : 1713879463960,
          "stop" : 1713879464000,
          "duration" : 40
        }
      } ]
    },
    "tags" : [ "regress" ]
  },
  "source" : "48824ed7bc8fa71d.json",
  "parameterValues" : [ "'chrome'", "'font-family'", "'Mulish, sans-serif'", "'шрифта'" ]
}