{
  "uid" : "56588d9a6c173d5d",
  "name" : "1.31- 1.34 Регистрация с корректным email и слабым паролем и подтверждением пароля",
  "fullName" : "tests.test_signup_page.test_signup_page.TestSignupPage#test_signup_with_weak_password",
  "historyId" : "06eeebfb2ddb17e62e35d888356295a9",
  "time" : {
    "start" : 1714274357569,
    "stop" : 1714274357569,
    "duration" : 0
  },
  "status" : "broken",
  "statusMessage" : "selenium.common.exceptions.TimeoutException: Message: \nStacktrace:\n#0 0x560b73da8e33 <unknown>\n#1 0x560b73a98567 <unknown>\n#2 0x560b73ae327d <unknown>\n#3 0x560b73ae3331 <unknown>\n#4 0x560b73b26624 <unknown>\n#5 0x560b73b0538d <unknown>\n#6 0x560b73b23ae2 <unknown>\n#7 0x560b73b05103 <unknown>\n#8 0x560b73ad61ba <unknown>\n#9 0x560b73ad6b8e <unknown>\n#10 0x560b73d6d59b <unknown>\n#11 0x560b73d7134b <unknown>\n#12 0x560b73d59681 <unknown>\n#13 0x560b73d71eb2 <unknown>\n#14 0x560b73d3e6af <unknown>\n#15 0x560b73d98428 <unknown>\n#16 0x560b73d98600 <unknown>\n#17 0x560b73da7f84 <unknown>\n#18 0x7fc6fd694ac3 <unknown>",
  "statusTrace" : "driver = <selenium.webdriver.chrome.webdriver.WebDriver (session=\"2b107f38a87f7e5d382ed2f4855afeb7\")>\n\n    @pytest.fixture(scope='function')\n    def signup_page_open(driver):\n        signup_page = SignUpPage(driver)\n        driver.get(Constant.SIGNUP_PAGE)\n>       signup_page.get_allow_all_cookies().click()\n\ntests/test_signup_page/conftest.py:10: \n_ _ _ _ _ _ _ _ _ _ _ _ _ _ _ _ _ _ _ _ _ _ _ _ _ _ _ _ _ _ _ _ _ _ _ _ _ _ _ _ \npages/signup_page.py:39: in get_allow_all_cookies\n    return self.element_is_visible(self.locator.ALLOW_ALL_COOKIES)\npages/base_page.py:19: in element_is_visible\n    self.go_to_element(self.element_is_present(locator))\npages/base_page.py:35: in element_is_present\n    return Wait(self.driver, self.timeout).until(es.presence_of_element_located(locator))\n_ _ _ _ _ _ _ _ _ _ _ _ _ _ _ _ _ _ _ _ _ _ _ _ _ _ _ _ _ _ _ _ _ _ _ _ _ _ _ _ \n\nself = <selenium.webdriver.support.wait.WebDriverWait (session=\"2b107f38a87f7e5d382ed2f4855afeb7\")>\nmethod = <function presence_of_element_located.<locals>._predicate at 0x7f3f3a717920>\nmessage = ''\n\n    def until(self, method: Callable[[D], Union[Literal[False], T]], message: str = \"\") -> T:\n        \"\"\"Calls the method provided with the driver as an argument until the \\\n        return value does not evaluate to ``False``.\n    \n        :param method: callable(WebDriver)\n        :param message: optional message for :exc:`TimeoutException`\n        :returns: the result of the last call to `method`\n        :raises: :exc:`selenium.common.exceptions.TimeoutException` if timeout occurs\n        \"\"\"\n        screen = None\n        stacktrace = None\n    \n        end_time = time.monotonic() + self._timeout\n        while True:\n            try:\n                value = method(self._driver)\n                if value:\n                    return value\n            except self._ignored_exceptions as exc:\n                screen = getattr(exc, \"screen\", None)\n                stacktrace = getattr(exc, \"stacktrace\", None)\n            time.sleep(self._poll)\n            if time.monotonic() > end_time:\n                break\n>       raise TimeoutException(message, screen, stacktrace)\nE       selenium.common.exceptions.TimeoutException: Message: \nE       Stacktrace:\nE       #0 0x560b73da8e33 <unknown>\nE       #1 0x560b73a98567 <unknown>\nE       #2 0x560b73ae327d <unknown>\nE       #3 0x560b73ae3331 <unknown>\nE       #4 0x560b73b26624 <unknown>\nE       #5 0x560b73b0538d <unknown>\nE       #6 0x560b73b23ae2 <unknown>\nE       #7 0x560b73b05103 <unknown>\nE       #8 0x560b73ad61ba <unknown>\nE       #9 0x560b73ad6b8e <unknown>\nE       #10 0x560b73d6d59b <unknown>\nE       #11 0x560b73d7134b <unknown>\nE       #12 0x560b73d59681 <unknown>\nE       #13 0x560b73d71eb2 <unknown>\nE       #14 0x560b73d3e6af <unknown>\nE       #15 0x560b73d98428 <unknown>\nE       #16 0x560b73d98600 <unknown>\nE       #17 0x560b73da7f84 <unknown>\nE       #18 0x7fc6fd694ac3 <unknown>\n\n/opt/hostedtoolcache/Python/3.12.3/x64/lib/python3.12/site-packages/selenium/webdriver/support/wait.py:105: TimeoutException",
  "flaky" : false,
  "newFailed" : false,
  "beforeStages" : [ {
    "name" : "signup_page_open",
    "time" : {
      "start" : 1714274357767,
      "stop" : 1714274378492,
      "duration" : 20725
    },
    "status" : "broken",
    "statusMessage" : "selenium.common.exceptions.TimeoutException: Message: \nStacktrace:\n#0 0x560b73da8e33 <unknown>\n#1 0x560b73a98567 <unknown>\n#2 0x560b73ae327d <unknown>\n#3 0x560b73ae3331 <unknown>\n#4 0x560b73b26624 <unknown>\n#5 0x560b73b0538d <unknown>\n#6 0x560b73b23ae2 <unknown>\n#7 0x560b73b05103 <unknown>\n#8 0x560b73ad61ba <unknown>\n#9 0x560b73ad6b8e <unknown>\n#10 0x560b73d6d59b <unknown>\n#11 0x560b73d7134b <unknown>\n#12 0x560b73d59681 <unknown>\n#13 0x560b73d71eb2 <unknown>\n#14 0x560b73d3e6af <unknown>\n#15 0x560b73d98428 <unknown>\n#16 0x560b73d98600 <unknown>\n#17 0x560b73da7f84 <unknown>\n#18 0x7fc6fd694ac3 <unknown>\n\n",
    "statusTrace" : "  File \"/opt/hostedtoolcache/Python/3.12.3/x64/lib/python3.12/site-packages/pluggy/_callers.py\", line 167, in _multicall\n    teardown.throw(outcome._exception)\n  File \"/opt/hostedtoolcache/Python/3.12.3/x64/lib/python3.12/site-packages/_pytest/setuponly.py\", line 36, in pytest_fixture_setup\n    return (yield)\n            ^^^^^\n  File \"/opt/hostedtoolcache/Python/3.12.3/x64/lib/python3.12/site-packages/pluggy/_callers.py\", line 103, in _multicall\n    res = hook_impl.function(*args)\n          ^^^^^^^^^^^^^^^^^^^^^^^^^\n  File \"/opt/hostedtoolcache/Python/3.12.3/x64/lib/python3.12/site-packages/_pytest/fixtures.py\", line 1140, in pytest_fixture_setup\n    result = call_fixture_func(fixturefunc, request, kwargs)\n             ^^^^^^^^^^^^^^^^^^^^^^^^^^^^^^^^^^^^^^^^^^^^^^^\n  File \"/opt/hostedtoolcache/Python/3.12.3/x64/lib/python3.12/site-packages/_pytest/fixtures.py\", line 917, in call_fixture_func\n    fixture_result = fixturefunc(**kwargs)\n                     ^^^^^^^^^^^^^^^^^^^^^\n  File \"/home/runner/work/PulseWave/PulseWave/tests/test_signup_page/conftest.py\", line 10, in signup_page_open\n    signup_page.get_allow_all_cookies().click()\n    ^^^^^^^^^^^^^^^^^^^^^^^^^^^^^^^^^^^\n  File \"/opt/hostedtoolcache/Python/3.12.3/x64/lib/python3.12/site-packages/allure_commons/_allure.py\", line 192, in impl\n    return func(*a, **kw)\n           ^^^^^^^^^^^^^^\n  File \"/home/runner/work/PulseWave/PulseWave/pages/signup_page.py\", line 39, in get_allow_all_cookies\n    return self.element_is_visible(self.locator.ALLOW_ALL_COOKIES)\n           ^^^^^^^^^^^^^^^^^^^^^^^^^^^^^^^^^^^^^^^^^^^^^^^^^^^^^^^\n  File \"/home/runner/work/PulseWave/PulseWave/pages/base_page.py\", line 19, in element_is_visible\n    self.go_to_element(self.element_is_present(locator))\n                       ^^^^^^^^^^^^^^^^^^^^^^^^^^^^^^^^\n  File \"/home/runner/work/PulseWave/PulseWave/pages/base_page.py\", line 35, in element_is_present\n    return Wait(self.driver, self.timeout).until(es.presence_of_element_located(locator))\n           ^^^^^^^^^^^^^^^^^^^^^^^^^^^^^^^^^^^^^^^^^^^^^^^^^^^^^^^^^^^^^^^^^^^^^^^^^^^^^^\n  File \"/opt/hostedtoolcache/Python/3.12.3/x64/lib/python3.12/site-packages/selenium/webdriver/support/wait.py\", line 105, in until\n    raise TimeoutException(message, screen, stacktrace)\n",
    "steps" : [ {
      "name" : "Проверка видимости кнопки 'Принимаю все' в сообщении о принятии файлов cookie",
      "time" : {
        "start" : 1714274358082,
        "stop" : 1714274378491,
        "duration" : 20409
      },
      "status" : "broken",
      "statusMessage" : "selenium.common.exceptions.TimeoutException: Message: \nStacktrace:\n#0 0x560b73da8e33 <unknown>\n#1 0x560b73a98567 <unknown>\n#2 0x560b73ae327d <unknown>\n#3 0x560b73ae3331 <unknown>\n#4 0x560b73b26624 <unknown>\n#5 0x560b73b0538d <unknown>\n#6 0x560b73b23ae2 <unknown>\n#7 0x560b73b05103 <unknown>\n#8 0x560b73ad61ba <unknown>\n#9 0x560b73ad6b8e <unknown>\n#10 0x560b73d6d59b <unknown>\n#11 0x560b73d7134b <unknown>\n#12 0x560b73d59681 <unknown>\n#13 0x560b73d71eb2 <unknown>\n#14 0x560b73d3e6af <unknown>\n#15 0x560b73d98428 <unknown>\n#16 0x560b73d98600 <unknown>\n#17 0x560b73da7f84 <unknown>\n#18 0x7fc6fd694ac3 <unknown>\n\n",
      "statusTrace" : "  File \"/opt/hostedtoolcache/Python/3.12.3/x64/lib/python3.12/site-packages/allure_commons/_allure.py\", line 192, in impl\n    return func(*a, **kw)\n           ^^^^^^^^^^^^^^\n  File \"/home/runner/work/PulseWave/PulseWave/pages/signup_page.py\", line 39, in get_allow_all_cookies\n    return self.element_is_visible(self.locator.ALLOW_ALL_COOKIES)\n           ^^^^^^^^^^^^^^^^^^^^^^^^^^^^^^^^^^^^^^^^^^^^^^^^^^^^^^^\n  File \"/home/runner/work/PulseWave/PulseWave/pages/base_page.py\", line 19, in element_is_visible\n    self.go_to_element(self.element_is_present(locator))\n                       ^^^^^^^^^^^^^^^^^^^^^^^^^^^^^^^^\n  File \"/home/runner/work/PulseWave/PulseWave/pages/base_page.py\", line 35, in element_is_present\n    return Wait(self.driver, self.timeout).until(es.presence_of_element_located(locator))\n           ^^^^^^^^^^^^^^^^^^^^^^^^^^^^^^^^^^^^^^^^^^^^^^^^^^^^^^^^^^^^^^^^^^^^^^^^^^^^^^\n  File \"/opt/hostedtoolcache/Python/3.12.3/x64/lib/python3.12/site-packages/selenium/webdriver/support/wait.py\", line 105, in until\n    raise TimeoutException(message, screen, stacktrace)\n",
      "steps" : [ ],
      "attachments" : [ ],
      "parameters" : [ ],
      "stepsCount" : 0,
      "attachmentsCount" : 0,
      "shouldDisplayMessage" : true,
      "hasContent" : true
    } ],
    "attachments" : [ ],
    "parameters" : [ ],
    "stepsCount" : 1,
    "attachmentsCount" : 0,
    "shouldDisplayMessage" : false,
    "hasContent" : true
  }, {
    "name" : "clear_allure_results_folder",
    "time" : {
      "start" : 1714270943308,
      "stop" : 1714270943308,
      "duration" : 0
    },
    "status" : "passed",
    "steps" : [ ],
    "attachments" : [ ],
    "parameters" : [ ],
    "stepsCount" : 0,
    "attachmentsCount" : 0,
    "shouldDisplayMessage" : false,
    "hasContent" : false
  }, {
    "name" : "_session_faker",
    "time" : {
      "start" : 1714270943291,
      "stop" : 1714270943307,
      "duration" : 16
    },
    "status" : "passed",
    "steps" : [ ],
    "attachments" : [ ],
    "parameters" : [ ],
    "stepsCount" : 0,
    "attachmentsCount" : 0,
    "shouldDisplayMessage" : false,
    "hasContent" : false
  }, {
    "name" : "driver",
    "time" : {
      "start" : 1714274357570,
      "stop" : 1714274357767,
      "duration" : 197
    },
    "status" : "passed",
    "steps" : [ ],
    "attachments" : [ ],
    "parameters" : [ ],
    "stepsCount" : 0,
    "attachmentsCount" : 0,
    "shouldDisplayMessage" : false,
    "hasContent" : false
  } ],
  "afterStages" : [ {
    "name" : "driver::0",
    "time" : {
      "start" : 1714274378506,
      "stop" : 1714274378564,
      "duration" : 58
    },
    "status" : "passed",
    "steps" : [ ],
    "attachments" : [ ],
    "parameters" : [ ],
    "stepsCount" : 0,
    "attachmentsCount" : 0,
    "shouldDisplayMessage" : false,
    "hasContent" : false
  } ],
  "labels" : [ {
    "name" : "epic",
    "value" : "Тестирование страницы 'Регистрация'"
  }, {
    "name" : "tag",
    "value" : "smoke"
  }, {
    "name" : "parentSuite",
    "value" : "tests.test_signup_page"
  }, {
    "name" : "suite",
    "value" : "test_signup_page"
  }, {
    "name" : "subSuite",
    "value" : "TestSignupPage"
  }, {
    "name" : "host",
    "value" : "fv-az1383-514"
  }, {
    "name" : "thread",
    "value" : "2368-MainThread"
  }, {
    "name" : "framework",
    "value" : "pytest"
  }, {
    "name" : "language",
    "value" : "cpython3"
  }, {
    "name" : "package",
    "value" : "tests.test_signup_page.test_signup_page"
  }, {
    "name" : "resultFormat",
    "value" : "allure2"
  } ],
  "parameters" : [ {
    "name" : "browser",
    "value" : "'chrome'"
  }, {
    "name" : "data_password",
    "value" : "'!Password'"
  } ],
  "links" : [ ],
  "hidden" : false,
  "retry" : false,
  "extra" : {
    "severity" : "normal",
    "retries" : [ ],
    "categories" : [ {
      "name" : "Test defects",
      "matchedStatuses" : [ ],
      "flaky" : false
    } ],
    "history" : {
      "statistic" : {
        "failed" : 0,
        "broken" : 1,
        "skipped" : 0,
        "passed" : 11,
        "unknown" : 0,
        "total" : 12
      },
      "items" : [ {
        "uid" : "5a3f8c084fe31f3e",
        "reportUrl" : "https://Nat754.github.io/PulseWave/7//#testresult/5a3f8c084fe31f3e",
        "status" : "passed",
        "time" : {
          "start" : 1714185397562,
          "stop" : 1714185397842,
          "duration" : 280
        }
      }, {
        "uid" : "4352392329f80534",
        "reportUrl" : "https://Nat754.github.io/PulseWave/6//#testresult/4352392329f80534",
        "status" : "passed",
        "time" : {
          "start" : 1714148810996,
          "stop" : 1714148811281,
          "duration" : 285
        }
      }, {
        "uid" : "8234b1097e542967",
        "reportUrl" : "https://Nat754.github.io/PulseWave/6//#testresult/8234b1097e542967",
        "status" : "passed",
        "time" : {
          "start" : 1714098861873,
          "stop" : 1714098862145,
          "duration" : 272
        }
      }, {
        "uid" : "82c89a5bbb514558",
        "reportUrl" : "https://Nat754.github.io/PulseWave/5//#testresult/82c89a5bbb514558",
        "status" : "passed",
        "time" : {
          "start" : 1714014703571,
          "stop" : 1714014703857,
          "duration" : 286
        }
      }, {
        "uid" : "865f67ed173f3504",
        "reportUrl" : "https://Nat754.github.io/PulseWave/211//#testresult/865f67ed173f3504",
        "status" : "passed",
        "time" : {
          "start" : 1713946215505,
          "stop" : 1713946215818,
          "duration" : 313
        }
      }, {
        "uid" : "9d3fd6f82803f89a",
        "reportUrl" : "https://Nat754.github.io/PulseWave/4//#testresult/9d3fd6f82803f89a",
        "status" : "passed",
        "time" : {
          "start" : 1713926007494,
          "stop" : 1713926007808,
          "duration" : 314
        }
      }, {
        "uid" : "1af4de990bec967a",
        "reportUrl" : "https://Nat754.github.io/PulseWave/211//#testresult/1af4de990bec967a",
        "status" : "passed",
        "time" : {
          "start" : 1713901890523,
          "stop" : 1713901890807,
          "duration" : 284
        }
      }, {
        "uid" : "862e4d672ad1664",
        "reportUrl" : "https://Nat754.github.io/PulseWave/210//#testresult/862e4d672ad1664",
        "status" : "passed",
        "time" : {
          "start" : 1713886139165,
          "stop" : 1713886139453,
          "duration" : 288
        }
      }, {
        "uid" : "d0ed8c4b2f91a812",
        "reportUrl" : "https://Nat754.github.io/PulseWave/209//#testresult/d0ed8c4b2f91a812",
        "status" : "passed",
        "time" : {
          "start" : 1713884024515,
          "stop" : 1713884024782,
          "duration" : 267
        }
      }, {
        "uid" : "18a592127e1aa9a5",
        "reportUrl" : "https://Nat754.github.io/PulseWave/209//#testresult/18a592127e1aa9a5",
        "status" : "passed",
        "time" : {
          "start" : 1713882557125,
          "stop" : 1713882557404,
          "duration" : 279
        }
      }, {
        "uid" : "df91f04a2c7f0316",
        "reportUrl" : "https://Nat754.github.io/PulseWave/208//#testresult/df91f04a2c7f0316",
        "status" : "passed",
        "time" : {
          "start" : 1713879734698,
          "stop" : 1713879734983,
          "duration" : 285
        }
      } ]
    },
    "tags" : [ "smoke" ]
  },
  "source" : "56588d9a6c173d5d.json",
  "parameterValues" : [ "'chrome'", "'!Password'" ]
}