{
  "uid" : "5ded3190a1056921",
  "name" : "Проверка видимости аватара",
  "fullName" : "tests.test_workspace_page.test_workspace_page.TestWorkspacePage#test_avatar_is_visible",
  "historyId" : "6a9ab628da41cdbb6d13577a1e5aa598",
  "time" : {
    "start" : 1714274462583,
    "stop" : 1714274462583,
    "duration" : 0
  },
  "status" : "broken",
  "statusMessage" : "selenium.common.exceptions.TimeoutException: Message: \nStacktrace:\n#0 0x55898fdece33 <unknown>\n#1 0x55898fadc567 <unknown>\n#2 0x55898fb2727d <unknown>\n#3 0x55898fb27331 <unknown>\n#4 0x55898fb6a624 <unknown>\n#5 0x55898fb4938d <unknown>\n#6 0x55898fb67ae2 <unknown>\n#7 0x55898fb49103 <unknown>\n#8 0x55898fb1a1ba <unknown>\n#9 0x55898fb1ab8e <unknown>\n#10 0x55898fdb159b <unknown>\n#11 0x55898fdb534b <unknown>\n#12 0x55898fd9d681 <unknown>\n#13 0x55898fdb5eb2 <unknown>\n#14 0x55898fd826af <unknown>\n#15 0x55898fddc428 <unknown>\n#16 0x55898fddc600 <unknown>\n#17 0x55898fdebf84 <unknown>\n#18 0x7f55d0094ac3 <unknown>",
  "statusTrace" : "driver = <selenium.webdriver.chrome.webdriver.WebDriver (session=\"66cc0950f2a694cafbd8957c33dc64be\")>\n\n    @pytest.fixture(scope='function')\n    def auth_user(driver):\n        page_auth_user = LoginPage(driver)\n        driver.get(Constant.LOGIN_PAGE)\n>       page_auth_user.get_allow_all_cookies().click()\n\ntests/conftest.py:11: \n_ _ _ _ _ _ _ _ _ _ _ _ _ _ _ _ _ _ _ _ _ _ _ _ _ _ _ _ _ _ _ _ _ _ _ _ _ _ _ _ \npages/login_page.py:20: in get_allow_all_cookies\n    return self.element_is_visible(self.locator.ALLOW_ALL_COOKIES)\npages/base_page.py:19: in element_is_visible\n    self.go_to_element(self.element_is_present(locator))\npages/base_page.py:35: in element_is_present\n    return Wait(self.driver, self.timeout).until(es.presence_of_element_located(locator))\n_ _ _ _ _ _ _ _ _ _ _ _ _ _ _ _ _ _ _ _ _ _ _ _ _ _ _ _ _ _ _ _ _ _ _ _ _ _ _ _ \n\nself = <selenium.webdriver.support.wait.WebDriverWait (session=\"66cc0950f2a694cafbd8957c33dc64be\")>\nmethod = <function presence_of_element_located.<locals>._predicate at 0x7f3f3a4da840>\nmessage = ''\n\n    def until(self, method: Callable[[D], Union[Literal[False], T]], message: str = \"\") -> T:\n        \"\"\"Calls the method provided with the driver as an argument until the \\\n        return value does not evaluate to ``False``.\n    \n        :param method: callable(WebDriver)\n        :param message: optional message for :exc:`TimeoutException`\n        :returns: the result of the last call to `method`\n        :raises: :exc:`selenium.common.exceptions.TimeoutException` if timeout occurs\n        \"\"\"\n        screen = None\n        stacktrace = None\n    \n        end_time = time.monotonic() + self._timeout\n        while True:\n            try:\n                value = method(self._driver)\n                if value:\n                    return value\n            except self._ignored_exceptions as exc:\n                screen = getattr(exc, \"screen\", None)\n                stacktrace = getattr(exc, \"stacktrace\", None)\n            time.sleep(self._poll)\n            if time.monotonic() > end_time:\n                break\n>       raise TimeoutException(message, screen, stacktrace)\nE       selenium.common.exceptions.TimeoutException: Message: \nE       Stacktrace:\nE       #0 0x55898fdece33 <unknown>\nE       #1 0x55898fadc567 <unknown>\nE       #2 0x55898fb2727d <unknown>\nE       #3 0x55898fb27331 <unknown>\nE       #4 0x55898fb6a624 <unknown>\nE       #5 0x55898fb4938d <unknown>\nE       #6 0x55898fb67ae2 <unknown>\nE       #7 0x55898fb49103 <unknown>\nE       #8 0x55898fb1a1ba <unknown>\nE       #9 0x55898fb1ab8e <unknown>\nE       #10 0x55898fdb159b <unknown>\nE       #11 0x55898fdb534b <unknown>\nE       #12 0x55898fd9d681 <unknown>\nE       #13 0x55898fdb5eb2 <unknown>\nE       #14 0x55898fd826af <unknown>\nE       #15 0x55898fddc428 <unknown>\nE       #16 0x55898fddc600 <unknown>\nE       #17 0x55898fdebf84 <unknown>\nE       #18 0x7f55d0094ac3 <unknown>\n\n/opt/hostedtoolcache/Python/3.12.3/x64/lib/python3.12/site-packages/selenium/webdriver/support/wait.py:105: TimeoutException",
  "flaky" : false,
  "newFailed" : false,
  "beforeStages" : [ {
    "name" : "driver",
    "time" : {
      "start" : 1714274462584,
      "stop" : 1714274462780,
      "duration" : 196
    },
    "status" : "passed",
    "steps" : [ ],
    "attachments" : [ ],
    "parameters" : [ ],
    "stepsCount" : 0,
    "attachmentsCount" : 0,
    "shouldDisplayMessage" : false,
    "hasContent" : false
  }, {
    "name" : "clear_allure_results_folder",
    "time" : {
      "start" : 1714270943308,
      "stop" : 1714270943308,
      "duration" : 0
    },
    "status" : "passed",
    "steps" : [ ],
    "attachments" : [ ],
    "parameters" : [ ],
    "stepsCount" : 0,
    "attachmentsCount" : 0,
    "shouldDisplayMessage" : false,
    "hasContent" : false
  }, {
    "name" : "_session_faker",
    "time" : {
      "start" : 1714270943291,
      "stop" : 1714270943307,
      "duration" : 16
    },
    "status" : "passed",
    "steps" : [ ],
    "attachments" : [ ],
    "parameters" : [ ],
    "stepsCount" : 0,
    "attachmentsCount" : 0,
    "shouldDisplayMessage" : false,
    "hasContent" : false
  }, {
    "name" : "auth_user",
    "time" : {
      "start" : 1714274462780,
      "stop" : 1714274483510,
      "duration" : 20730
    },
    "status" : "broken",
    "statusMessage" : "selenium.common.exceptions.TimeoutException: Message: \nStacktrace:\n#0 0x55898fdece33 <unknown>\n#1 0x55898fadc567 <unknown>\n#2 0x55898fb2727d <unknown>\n#3 0x55898fb27331 <unknown>\n#4 0x55898fb6a624 <unknown>\n#5 0x55898fb4938d <unknown>\n#6 0x55898fb67ae2 <unknown>\n#7 0x55898fb49103 <unknown>\n#8 0x55898fb1a1ba <unknown>\n#9 0x55898fb1ab8e <unknown>\n#10 0x55898fdb159b <unknown>\n#11 0x55898fdb534b <unknown>\n#12 0x55898fd9d681 <unknown>\n#13 0x55898fdb5eb2 <unknown>\n#14 0x55898fd826af <unknown>\n#15 0x55898fddc428 <unknown>\n#16 0x55898fddc600 <unknown>\n#17 0x55898fdebf84 <unknown>\n#18 0x7f55d0094ac3 <unknown>\n\n",
    "statusTrace" : "  File \"/opt/hostedtoolcache/Python/3.12.3/x64/lib/python3.12/site-packages/pluggy/_callers.py\", line 167, in _multicall\n    teardown.throw(outcome._exception)\n  File \"/opt/hostedtoolcache/Python/3.12.3/x64/lib/python3.12/site-packages/_pytest/setuponly.py\", line 36, in pytest_fixture_setup\n    return (yield)\n            ^^^^^\n  File \"/opt/hostedtoolcache/Python/3.12.3/x64/lib/python3.12/site-packages/pluggy/_callers.py\", line 103, in _multicall\n    res = hook_impl.function(*args)\n          ^^^^^^^^^^^^^^^^^^^^^^^^^\n  File \"/opt/hostedtoolcache/Python/3.12.3/x64/lib/python3.12/site-packages/_pytest/fixtures.py\", line 1140, in pytest_fixture_setup\n    result = call_fixture_func(fixturefunc, request, kwargs)\n             ^^^^^^^^^^^^^^^^^^^^^^^^^^^^^^^^^^^^^^^^^^^^^^^\n  File \"/opt/hostedtoolcache/Python/3.12.3/x64/lib/python3.12/site-packages/_pytest/fixtures.py\", line 917, in call_fixture_func\n    fixture_result = fixturefunc(**kwargs)\n                     ^^^^^^^^^^^^^^^^^^^^^\n  File \"/home/runner/work/PulseWave/PulseWave/tests/conftest.py\", line 11, in auth_user\n    page_auth_user.get_allow_all_cookies().click()\n    ^^^^^^^^^^^^^^^^^^^^^^^^^^^^^^^^^^^^^^\n  File \"/opt/hostedtoolcache/Python/3.12.3/x64/lib/python3.12/site-packages/allure_commons/_allure.py\", line 192, in impl\n    return func(*a, **kw)\n           ^^^^^^^^^^^^^^\n  File \"/home/runner/work/PulseWave/PulseWave/pages/login_page.py\", line 20, in get_allow_all_cookies\n    return self.element_is_visible(self.locator.ALLOW_ALL_COOKIES)\n           ^^^^^^^^^^^^^^^^^^^^^^^^^^^^^^^^^^^^^^^^^^^^^^^^^^^^^^^\n  File \"/home/runner/work/PulseWave/PulseWave/pages/base_page.py\", line 19, in element_is_visible\n    self.go_to_element(self.element_is_present(locator))\n                       ^^^^^^^^^^^^^^^^^^^^^^^^^^^^^^^^\n  File \"/home/runner/work/PulseWave/PulseWave/pages/base_page.py\", line 35, in element_is_present\n    return Wait(self.driver, self.timeout).until(es.presence_of_element_located(locator))\n           ^^^^^^^^^^^^^^^^^^^^^^^^^^^^^^^^^^^^^^^^^^^^^^^^^^^^^^^^^^^^^^^^^^^^^^^^^^^^^^\n  File \"/opt/hostedtoolcache/Python/3.12.3/x64/lib/python3.12/site-packages/selenium/webdriver/support/wait.py\", line 105, in until\n    raise TimeoutException(message, screen, stacktrace)\n",
    "steps" : [ {
      "name" : "Проверка видимости кнопки 'Принимаю все' в сообщении о принятии файлов cookie",
      "time" : {
        "start" : 1714274463102,
        "stop" : 1714274483510,
        "duration" : 20408
      },
      "status" : "broken",
      "statusMessage" : "selenium.common.exceptions.TimeoutException: Message: \nStacktrace:\n#0 0x55898fdece33 <unknown>\n#1 0x55898fadc567 <unknown>\n#2 0x55898fb2727d <unknown>\n#3 0x55898fb27331 <unknown>\n#4 0x55898fb6a624 <unknown>\n#5 0x55898fb4938d <unknown>\n#6 0x55898fb67ae2 <unknown>\n#7 0x55898fb49103 <unknown>\n#8 0x55898fb1a1ba <unknown>\n#9 0x55898fb1ab8e <unknown>\n#10 0x55898fdb159b <unknown>\n#11 0x55898fdb534b <unknown>\n#12 0x55898fd9d681 <unknown>\n#13 0x55898fdb5eb2 <unknown>\n#14 0x55898fd826af <unknown>\n#15 0x55898fddc428 <unknown>\n#16 0x55898fddc600 <unknown>\n#17 0x55898fdebf84 <unknown>\n#18 0x7f55d0094ac3 <unknown>\n\n",
      "statusTrace" : "  File \"/opt/hostedtoolcache/Python/3.12.3/x64/lib/python3.12/site-packages/allure_commons/_allure.py\", line 192, in impl\n    return func(*a, **kw)\n           ^^^^^^^^^^^^^^\n  File \"/home/runner/work/PulseWave/PulseWave/pages/login_page.py\", line 20, in get_allow_all_cookies\n    return self.element_is_visible(self.locator.ALLOW_ALL_COOKIES)\n           ^^^^^^^^^^^^^^^^^^^^^^^^^^^^^^^^^^^^^^^^^^^^^^^^^^^^^^^\n  File \"/home/runner/work/PulseWave/PulseWave/pages/base_page.py\", line 19, in element_is_visible\n    self.go_to_element(self.element_is_present(locator))\n                       ^^^^^^^^^^^^^^^^^^^^^^^^^^^^^^^^\n  File \"/home/runner/work/PulseWave/PulseWave/pages/base_page.py\", line 35, in element_is_present\n    return Wait(self.driver, self.timeout).until(es.presence_of_element_located(locator))\n           ^^^^^^^^^^^^^^^^^^^^^^^^^^^^^^^^^^^^^^^^^^^^^^^^^^^^^^^^^^^^^^^^^^^^^^^^^^^^^^\n  File \"/opt/hostedtoolcache/Python/3.12.3/x64/lib/python3.12/site-packages/selenium/webdriver/support/wait.py\", line 105, in until\n    raise TimeoutException(message, screen, stacktrace)\n",
      "steps" : [ ],
      "attachments" : [ ],
      "parameters" : [ ],
      "stepsCount" : 0,
      "attachmentsCount" : 0,
      "shouldDisplayMessage" : true,
      "hasContent" : true
    } ],
    "attachments" : [ ],
    "parameters" : [ ],
    "stepsCount" : 1,
    "attachmentsCount" : 0,
    "shouldDisplayMessage" : false,
    "hasContent" : true
  } ],
  "afterStages" : [ {
    "name" : "driver::0",
    "time" : {
      "start" : 1714274483523,
      "stop" : 1714274483581,
      "duration" : 58
    },
    "status" : "passed",
    "steps" : [ ],
    "attachments" : [ ],
    "parameters" : [ ],
    "stepsCount" : 0,
    "attachmentsCount" : 0,
    "shouldDisplayMessage" : false,
    "hasContent" : false
  } ],
  "labels" : [ {
    "name" : "epic",
    "value" : "Тестирование страницы 'Рабочие пространства'"
  }, {
    "name" : "tag",
    "value" : "regress"
  }, {
    "name" : "parentSuite",
    "value" : "tests.test_workspace_page"
  }, {
    "name" : "suite",
    "value" : "test_workspace_page"
  }, {
    "name" : "subSuite",
    "value" : "TestWorkspacePage"
  }, {
    "name" : "host",
    "value" : "fv-az1383-514"
  }, {
    "name" : "thread",
    "value" : "2368-MainThread"
  }, {
    "name" : "framework",
    "value" : "pytest"
  }, {
    "name" : "language",
    "value" : "cpython3"
  }, {
    "name" : "package",
    "value" : "tests.test_workspace_page.test_workspace_page"
  }, {
    "name" : "resultFormat",
    "value" : "allure2"
  } ],
  "parameters" : [ {
    "name" : "browser",
    "value" : "'chrome'"
  } ],
  "links" : [ ],
  "hidden" : false,
  "retry" : false,
  "extra" : {
    "severity" : "normal",
    "retries" : [ ],
    "categories" : [ {
      "name" : "Test defects",
      "matchedStatuses" : [ ],
      "flaky" : false
    } ],
    "history" : {
      "statistic" : {
        "failed" : 0,
        "broken" : 1,
        "skipped" : 0,
        "passed" : 11,
        "unknown" : 0,
        "total" : 12
      },
      "items" : [ {
        "uid" : "d29e6adab66800fb",
        "reportUrl" : "https://Nat754.github.io/PulseWave/7//#testresult/d29e6adab66800fb",
        "status" : "passed",
        "time" : {
          "start" : 1714185421878,
          "stop" : 1714185421886,
          "duration" : 8
        }
      }, {
        "uid" : "2b90db8084817ce7",
        "reportUrl" : "https://Nat754.github.io/PulseWave/6//#testresult/2b90db8084817ce7",
        "status" : "passed",
        "time" : {
          "start" : 1714148832163,
          "stop" : 1714148832171,
          "duration" : 8
        }
      }, {
        "uid" : "dc2136a8e61da6f7",
        "reportUrl" : "https://Nat754.github.io/PulseWave/6//#testresult/dc2136a8e61da6f7",
        "status" : "passed",
        "time" : {
          "start" : 1714098882521,
          "stop" : 1714098882529,
          "duration" : 8
        }
      }, {
        "uid" : "1dac57d9c94c11d8",
        "reportUrl" : "https://Nat754.github.io/PulseWave/5//#testresult/1dac57d9c94c11d8",
        "status" : "passed",
        "time" : {
          "start" : 1714014722529,
          "stop" : 1714014722537,
          "duration" : 8
        }
      }, {
        "uid" : "2a54eacfd7dd54b6",
        "reportUrl" : "https://Nat754.github.io/PulseWave/211//#testresult/2a54eacfd7dd54b6",
        "status" : "passed",
        "time" : {
          "start" : 1713946235009,
          "stop" : 1713946235017,
          "duration" : 8
        }
      }, {
        "uid" : "9ed7e60e76d00e55",
        "reportUrl" : "https://Nat754.github.io/PulseWave/4//#testresult/9ed7e60e76d00e55",
        "status" : "passed",
        "time" : {
          "start" : 1713926027601,
          "stop" : 1713926027609,
          "duration" : 8
        }
      }, {
        "uid" : "5a712d159666316c",
        "reportUrl" : "https://Nat754.github.io/PulseWave/211//#testresult/5a712d159666316c",
        "status" : "passed",
        "time" : {
          "start" : 1713901912275,
          "stop" : 1713901912284,
          "duration" : 9
        }
      }, {
        "uid" : "e475c176d5f3544b",
        "reportUrl" : "https://Nat754.github.io/PulseWave/210//#testresult/e475c176d5f3544b",
        "status" : "passed",
        "time" : {
          "start" : 1713886164342,
          "stop" : 1713886164350,
          "duration" : 8
        }
      }, {
        "uid" : "f664e553976bfac",
        "reportUrl" : "https://Nat754.github.io/PulseWave/209//#testresult/f664e553976bfac",
        "status" : "passed",
        "time" : {
          "start" : 1713884048438,
          "stop" : 1713884048446,
          "duration" : 8
        }
      }, {
        "uid" : "6a22319403a3f97",
        "reportUrl" : "https://Nat754.github.io/PulseWave/209//#testresult/6a22319403a3f97",
        "status" : "passed",
        "time" : {
          "start" : 1713882582751,
          "stop" : 1713882582760,
          "duration" : 9
        }
      }, {
        "uid" : "fe1faa007d3cdf0f",
        "reportUrl" : "https://Nat754.github.io/PulseWave/208//#testresult/fe1faa007d3cdf0f",
        "status" : "passed",
        "time" : {
          "start" : 1713879759979,
          "stop" : 1713879759987,
          "duration" : 8
        }
      } ]
    },
    "tags" : [ "regress" ]
  },
  "source" : "5ded3190a1056921.json",
  "parameterValues" : [ "'chrome'" ]
}