{
  "uid" : "62d3b678c4ae1ec8",
  "name" : "test_get_css_property_footer_license[font-family-Mulish, sans-serif-\\u0448\\u0440\\u0438\\u0444\\u0442\\u0430-https://pulsewave.ru/-chrome]",
  "fullName" : "tests.test_footer.test_footer.TestFooter#test_get_css_property_footer_license",
  "historyId" : "90cee0715ab108b37a4c5ee48977284e",
  "time" : {
    "start" : 1714271498569,
    "stop" : 1714271498569,
    "duration" : 0
  },
  "status" : "broken",
  "statusMessage" : "selenium.common.exceptions.TimeoutException: Message: \nStacktrace:\n#0 0x55f305204e33 <unknown>\n#1 0x55f304ef4567 <unknown>\n#2 0x55f304f3f27d <unknown>\n#3 0x55f304f3f331 <unknown>\n#4 0x55f304f82624 <unknown>\n#5 0x55f304f6138d <unknown>\n#6 0x55f304f7fae2 <unknown>\n#7 0x55f304f61103 <unknown>\n#8 0x55f304f321ba <unknown>\n#9 0x55f304f32b8e <unknown>\n#10 0x55f3051c959b <unknown>\n#11 0x55f3051cd34b <unknown>\n#12 0x55f3051b5681 <unknown>\n#13 0x55f3051cdeb2 <unknown>\n#14 0x55f30519a6af <unknown>\n#15 0x55f3051f4428 <unknown>\n#16 0x55f3051f4600 <unknown>\n#17 0x55f305203f84 <unknown>\n#18 0x7f55e1e94ac3 <unknown>",
  "statusTrace" : "driver = <selenium.webdriver.chrome.webdriver.WebDriver (session=\"ba33261db1db93701147d69ceb66be19\")>\nurl = 'https://pulsewave.ru/'\n\n    @pytest.fixture()\n    def footer_open(driver, url):\n        page = FooterPage(driver)\n        driver.get(url)\n>       page.get_cookies_link()\n\ntests/test_footer/conftest.py:9: \n_ _ _ _ _ _ _ _ _ _ _ _ _ _ _ _ _ _ _ _ _ _ _ _ _ _ _ _ _ _ _ _ _ _ _ _ _ _ _ _ \npages/footer.py:44: in get_cookies_link\n    return self.element_is_visible(self.locator.COOKIES_LINK).click()\npages/base_page.py:19: in element_is_visible\n    self.go_to_element(self.element_is_present(locator))\npages/base_page.py:35: in element_is_present\n    return Wait(self.driver, self.timeout).until(es.presence_of_element_located(locator))\n_ _ _ _ _ _ _ _ _ _ _ _ _ _ _ _ _ _ _ _ _ _ _ _ _ _ _ _ _ _ _ _ _ _ _ _ _ _ _ _ \n\nself = <selenium.webdriver.support.wait.WebDriverWait (session=\"ba33261db1db93701147d69ceb66be19\")>\nmethod = <function presence_of_element_located.<locals>._predicate at 0x7f3f3aa16fc0>\nmessage = ''\n\n    def until(self, method: Callable[[D], Union[Literal[False], T]], message: str = \"\") -> T:\n        \"\"\"Calls the method provided with the driver as an argument until the \\\n        return value does not evaluate to ``False``.\n    \n        :param method: callable(WebDriver)\n        :param message: optional message for :exc:`TimeoutException`\n        :returns: the result of the last call to `method`\n        :raises: :exc:`selenium.common.exceptions.TimeoutException` if timeout occurs\n        \"\"\"\n        screen = None\n        stacktrace = None\n    \n        end_time = time.monotonic() + self._timeout\n        while True:\n            try:\n                value = method(self._driver)\n                if value:\n                    return value\n            except self._ignored_exceptions as exc:\n                screen = getattr(exc, \"screen\", None)\n                stacktrace = getattr(exc, \"stacktrace\", None)\n            time.sleep(self._poll)\n            if time.monotonic() > end_time:\n                break\n>       raise TimeoutException(message, screen, stacktrace)\nE       selenium.common.exceptions.TimeoutException: Message: \nE       Stacktrace:\nE       #0 0x55f305204e33 <unknown>\nE       #1 0x55f304ef4567 <unknown>\nE       #2 0x55f304f3f27d <unknown>\nE       #3 0x55f304f3f331 <unknown>\nE       #4 0x55f304f82624 <unknown>\nE       #5 0x55f304f6138d <unknown>\nE       #6 0x55f304f7fae2 <unknown>\nE       #7 0x55f304f61103 <unknown>\nE       #8 0x55f304f321ba <unknown>\nE       #9 0x55f304f32b8e <unknown>\nE       #10 0x55f3051c959b <unknown>\nE       #11 0x55f3051cd34b <unknown>\nE       #12 0x55f3051b5681 <unknown>\nE       #13 0x55f3051cdeb2 <unknown>\nE       #14 0x55f30519a6af <unknown>\nE       #15 0x55f3051f4428 <unknown>\nE       #16 0x55f3051f4600 <unknown>\nE       #17 0x55f305203f84 <unknown>\nE       #18 0x7f55e1e94ac3 <unknown>\n\n/opt/hostedtoolcache/Python/3.12.3/x64/lib/python3.12/site-packages/selenium/webdriver/support/wait.py:105: TimeoutException",
  "flaky" : false,
  "newFailed" : false,
  "beforeStages" : [ {
    "name" : "clear_allure_results_folder",
    "time" : {
      "start" : 1714270943308,
      "stop" : 1714270943308,
      "duration" : 0
    },
    "status" : "passed",
    "steps" : [ ],
    "attachments" : [ ],
    "parameters" : [ ],
    "stepsCount" : 0,
    "attachmentsCount" : 0,
    "shouldDisplayMessage" : false,
    "hasContent" : false
  }, {
    "name" : "_session_faker",
    "time" : {
      "start" : 1714270943291,
      "stop" : 1714270943307,
      "duration" : 16
    },
    "status" : "passed",
    "steps" : [ ],
    "attachments" : [ ],
    "parameters" : [ ],
    "stepsCount" : 0,
    "attachmentsCount" : 0,
    "shouldDisplayMessage" : false,
    "hasContent" : false
  }, {
    "name" : "driver",
    "time" : {
      "start" : 1714271498569,
      "stop" : 1714271498766,
      "duration" : 197
    },
    "status" : "passed",
    "steps" : [ ],
    "attachments" : [ ],
    "parameters" : [ ],
    "stepsCount" : 0,
    "attachmentsCount" : 0,
    "shouldDisplayMessage" : false,
    "hasContent" : false
  }, {
    "name" : "footer_open",
    "time" : {
      "start" : 1714271498766,
      "stop" : 1714271519494,
      "duration" : 20728
    },
    "status" : "broken",
    "statusMessage" : "selenium.common.exceptions.TimeoutException: Message: \nStacktrace:\n#0 0x55f305204e33 <unknown>\n#1 0x55f304ef4567 <unknown>\n#2 0x55f304f3f27d <unknown>\n#3 0x55f304f3f331 <unknown>\n#4 0x55f304f82624 <unknown>\n#5 0x55f304f6138d <unknown>\n#6 0x55f304f7fae2 <unknown>\n#7 0x55f304f61103 <unknown>\n#8 0x55f304f321ba <unknown>\n#9 0x55f304f32b8e <unknown>\n#10 0x55f3051c959b <unknown>\n#11 0x55f3051cd34b <unknown>\n#12 0x55f3051b5681 <unknown>\n#13 0x55f3051cdeb2 <unknown>\n#14 0x55f30519a6af <unknown>\n#15 0x55f3051f4428 <unknown>\n#16 0x55f3051f4600 <unknown>\n#17 0x55f305203f84 <unknown>\n#18 0x7f55e1e94ac3 <unknown>\n\n",
    "statusTrace" : "  File \"/opt/hostedtoolcache/Python/3.12.3/x64/lib/python3.12/site-packages/pluggy/_callers.py\", line 167, in _multicall\n    teardown.throw(outcome._exception)\n  File \"/opt/hostedtoolcache/Python/3.12.3/x64/lib/python3.12/site-packages/_pytest/setuponly.py\", line 36, in pytest_fixture_setup\n    return (yield)\n            ^^^^^\n  File \"/opt/hostedtoolcache/Python/3.12.3/x64/lib/python3.12/site-packages/pluggy/_callers.py\", line 103, in _multicall\n    res = hook_impl.function(*args)\n          ^^^^^^^^^^^^^^^^^^^^^^^^^\n  File \"/opt/hostedtoolcache/Python/3.12.3/x64/lib/python3.12/site-packages/_pytest/fixtures.py\", line 1140, in pytest_fixture_setup\n    result = call_fixture_func(fixturefunc, request, kwargs)\n             ^^^^^^^^^^^^^^^^^^^^^^^^^^^^^^^^^^^^^^^^^^^^^^^\n  File \"/opt/hostedtoolcache/Python/3.12.3/x64/lib/python3.12/site-packages/_pytest/fixtures.py\", line 917, in call_fixture_func\n    fixture_result = fixturefunc(**kwargs)\n                     ^^^^^^^^^^^^^^^^^^^^^\n  File \"/home/runner/work/PulseWave/PulseWave/tests/test_footer/conftest.py\", line 9, in footer_open\n    page.get_cookies_link()\n  File \"/opt/hostedtoolcache/Python/3.12.3/x64/lib/python3.12/site-packages/allure_commons/_allure.py\", line 192, in impl\n    return func(*a, **kw)\n           ^^^^^^^^^^^^^^\n  File \"/home/runner/work/PulseWave/PulseWave/pages/footer.py\", line 44, in get_cookies_link\n    return self.element_is_visible(self.locator.COOKIES_LINK).click()\n           ^^^^^^^^^^^^^^^^^^^^^^^^^^^^^^^^^^^^^^^^^^^^^^^^^^\n  File \"/home/runner/work/PulseWave/PulseWave/pages/base_page.py\", line 19, in element_is_visible\n    self.go_to_element(self.element_is_present(locator))\n                       ^^^^^^^^^^^^^^^^^^^^^^^^^^^^^^^^\n  File \"/home/runner/work/PulseWave/PulseWave/pages/base_page.py\", line 35, in element_is_present\n    return Wait(self.driver, self.timeout).until(es.presence_of_element_located(locator))\n           ^^^^^^^^^^^^^^^^^^^^^^^^^^^^^^^^^^^^^^^^^^^^^^^^^^^^^^^^^^^^^^^^^^^^^^^^^^^^^^\n  File \"/opt/hostedtoolcache/Python/3.12.3/x64/lib/python3.12/site-packages/selenium/webdriver/support/wait.py\", line 105, in until\n    raise TimeoutException(message, screen, stacktrace)\n",
    "steps" : [ {
      "name" : "Проверка перехода по ссылке для просмотра информации о файлах cookie на Главной странице",
      "time" : {
        "start" : 1714271499081,
        "stop" : 1714271519494,
        "duration" : 20413
      },
      "status" : "broken",
      "statusMessage" : "selenium.common.exceptions.TimeoutException: Message: \nStacktrace:\n#0 0x55f305204e33 <unknown>\n#1 0x55f304ef4567 <unknown>\n#2 0x55f304f3f27d <unknown>\n#3 0x55f304f3f331 <unknown>\n#4 0x55f304f82624 <unknown>\n#5 0x55f304f6138d <unknown>\n#6 0x55f304f7fae2 <unknown>\n#7 0x55f304f61103 <unknown>\n#8 0x55f304f321ba <unknown>\n#9 0x55f304f32b8e <unknown>\n#10 0x55f3051c959b <unknown>\n#11 0x55f3051cd34b <unknown>\n#12 0x55f3051b5681 <unknown>\n#13 0x55f3051cdeb2 <unknown>\n#14 0x55f30519a6af <unknown>\n#15 0x55f3051f4428 <unknown>\n#16 0x55f3051f4600 <unknown>\n#17 0x55f305203f84 <unknown>\n#18 0x7f55e1e94ac3 <unknown>\n\n",
      "statusTrace" : "  File \"/opt/hostedtoolcache/Python/3.12.3/x64/lib/python3.12/site-packages/allure_commons/_allure.py\", line 192, in impl\n    return func(*a, **kw)\n           ^^^^^^^^^^^^^^\n  File \"/home/runner/work/PulseWave/PulseWave/pages/footer.py\", line 44, in get_cookies_link\n    return self.element_is_visible(self.locator.COOKIES_LINK).click()\n           ^^^^^^^^^^^^^^^^^^^^^^^^^^^^^^^^^^^^^^^^^^^^^^^^^^\n  File \"/home/runner/work/PulseWave/PulseWave/pages/base_page.py\", line 19, in element_is_visible\n    self.go_to_element(self.element_is_present(locator))\n                       ^^^^^^^^^^^^^^^^^^^^^^^^^^^^^^^^\n  File \"/home/runner/work/PulseWave/PulseWave/pages/base_page.py\", line 35, in element_is_present\n    return Wait(self.driver, self.timeout).until(es.presence_of_element_located(locator))\n           ^^^^^^^^^^^^^^^^^^^^^^^^^^^^^^^^^^^^^^^^^^^^^^^^^^^^^^^^^^^^^^^^^^^^^^^^^^^^^^\n  File \"/opt/hostedtoolcache/Python/3.12.3/x64/lib/python3.12/site-packages/selenium/webdriver/support/wait.py\", line 105, in until\n    raise TimeoutException(message, screen, stacktrace)\n",
      "steps" : [ ],
      "attachments" : [ ],
      "parameters" : [ ],
      "stepsCount" : 0,
      "attachmentsCount" : 0,
      "shouldDisplayMessage" : true,
      "hasContent" : true
    } ],
    "attachments" : [ ],
    "parameters" : [ ],
    "stepsCount" : 1,
    "attachmentsCount" : 0,
    "shouldDisplayMessage" : false,
    "hasContent" : true
  } ],
  "afterStages" : [ {
    "name" : "driver::0",
    "time" : {
      "start" : 1714271519507,
      "stop" : 1714271519565,
      "duration" : 58
    },
    "status" : "passed",
    "steps" : [ ],
    "attachments" : [ ],
    "parameters" : [ ],
    "stepsCount" : 0,
    "attachmentsCount" : 0,
    "shouldDisplayMessage" : false,
    "hasContent" : false
  } ],
  "labels" : [ {
    "name" : "epic",
    "value" : "Тестирование Футера"
  }, {
    "name" : "tag",
    "value" : "regress"
  }, {
    "name" : "parentSuite",
    "value" : "tests.test_footer"
  }, {
    "name" : "suite",
    "value" : "test_footer"
  }, {
    "name" : "subSuite",
    "value" : "TestFooter"
  }, {
    "name" : "host",
    "value" : "fv-az1383-514"
  }, {
    "name" : "thread",
    "value" : "2368-MainThread"
  }, {
    "name" : "framework",
    "value" : "pytest"
  }, {
    "name" : "language",
    "value" : "cpython3"
  }, {
    "name" : "package",
    "value" : "tests.test_footer.test_footer"
  }, {
    "name" : "resultFormat",
    "value" : "allure2"
  } ],
  "parameters" : [ {
    "name" : "browser",
    "value" : "'chrome'"
  }, {
    "name" : "css_property",
    "value" : "'font-family'"
  }, {
    "name" : "figma",
    "value" : "'Mulish, sans-serif'"
  }, {
    "name" : "name",
    "value" : "'шрифта'"
  }, {
    "name" : "url",
    "value" : "'https://pulsewave.ru/'"
  } ],
  "links" : [ ],
  "hidden" : false,
  "retry" : false,
  "extra" : {
    "severity" : "normal",
    "retries" : [ ],
    "categories" : [ {
      "name" : "Test defects",
      "matchedStatuses" : [ ],
      "flaky" : false
    } ],
    "history" : {
      "statistic" : {
        "failed" : 0,
        "broken" : 1,
        "skipped" : 0,
        "passed" : 11,
        "unknown" : 0,
        "total" : 12
      },
      "items" : [ {
        "uid" : "e3f61c11b2f642e7",
        "reportUrl" : "https://Nat754.github.io/PulseWave/7//#testresult/e3f61c11b2f642e7",
        "status" : "passed",
        "time" : {
          "start" : 1714184780141,
          "stop" : 1714184780175,
          "duration" : 34
        }
      }, {
        "uid" : "4bd930cd3ee10358",
        "reportUrl" : "https://Nat754.github.io/PulseWave/6//#testresult/4bd930cd3ee10358",
        "status" : "passed",
        "time" : {
          "start" : 1714148285654,
          "stop" : 1714148285689,
          "duration" : 35
        }
      }, {
        "uid" : "febc8ea438443954",
        "reportUrl" : "https://Nat754.github.io/PulseWave/6//#testresult/febc8ea438443954",
        "status" : "passed",
        "time" : {
          "start" : 1714098332606,
          "stop" : 1714098332641,
          "duration" : 35
        }
      }, {
        "uid" : "efe4d985c8676534",
        "reportUrl" : "https://Nat754.github.io/PulseWave/5//#testresult/efe4d985c8676534",
        "status" : "passed",
        "time" : {
          "start" : 1714014241124,
          "stop" : 1714014241158,
          "duration" : 34
        }
      }, {
        "uid" : "218e538ef56193cf",
        "reportUrl" : "https://Nat754.github.io/PulseWave/211//#testresult/218e538ef56193cf",
        "status" : "passed",
        "time" : {
          "start" : 1713945724611,
          "stop" : 1713945724645,
          "duration" : 34
        }
      }, {
        "uid" : "d5fcd5bcbec700dc",
        "reportUrl" : "https://Nat754.github.io/PulseWave/4//#testresult/d5fcd5bcbec700dc",
        "status" : "passed",
        "time" : {
          "start" : 1713925518463,
          "stop" : 1713925518497,
          "duration" : 34
        }
      }, {
        "uid" : "688fe7c6d756c807",
        "reportUrl" : "https://Nat754.github.io/PulseWave/211//#testresult/688fe7c6d756c807",
        "status" : "passed",
        "time" : {
          "start" : 1713901351809,
          "stop" : 1713901351845,
          "duration" : 36
        }
      }, {
        "uid" : "25fe3a788aa35c97",
        "reportUrl" : "https://Nat754.github.io/PulseWave/210//#testresult/25fe3a788aa35c97",
        "status" : "passed",
        "time" : {
          "start" : 1713885512188,
          "stop" : 1713885512221,
          "duration" : 33
        }
      }, {
        "uid" : "2ee0639aed9d2c3e",
        "reportUrl" : "https://Nat754.github.io/PulseWave/209//#testresult/2ee0639aed9d2c3e",
        "status" : "passed",
        "time" : {
          "start" : 1713883420613,
          "stop" : 1713883420645,
          "duration" : 32
        }
      }, {
        "uid" : "d644c551af8b455c",
        "reportUrl" : "https://Nat754.github.io/PulseWave/209//#testresult/d644c551af8b455c",
        "status" : "passed",
        "time" : {
          "start" : 1713881926600,
          "stop" : 1713881926634,
          "duration" : 34
        }
      }, {
        "uid" : "c9de81ae0502a973",
        "reportUrl" : "https://Nat754.github.io/PulseWave/208//#testresult/c9de81ae0502a973",
        "status" : "passed",
        "time" : {
          "start" : 1713879101844,
          "stop" : 1713879101880,
          "duration" : 36
        }
      } ]
    },
    "tags" : [ "regress" ]
  },
  "source" : "62d3b678c4ae1ec8.json",
  "parameterValues" : [ "'chrome'", "'font-family'", "'Mulish, sans-serif'", "'шрифта'", "'https://pulsewave.ru/'" ]
}