{
  "uid" : "74f5269872078de5",
  "name" : "test_get_footer_link[https://pulsewave.ru/auth/password?email=-chrome]",
  "fullName" : "tests.test_footer.test_footer.TestFooter#test_get_footer_link",
  "historyId" : "955a265d13f07d9db0c48fa314b0ebf8",
  "time" : {
    "start" : 1714271141540,
    "stop" : 1714271141540,
    "duration" : 0
  },
  "status" : "broken",
  "statusMessage" : "selenium.common.exceptions.TimeoutException: Message: \nStacktrace:\n#0 0x55d4770b2e33 <unknown>\n#1 0x55d476da2567 <unknown>\n#2 0x55d476ded27d <unknown>\n#3 0x55d476ded331 <unknown>\n#4 0x55d476e30624 <unknown>\n#5 0x55d476e0f38d <unknown>\n#6 0x55d476e2dae2 <unknown>\n#7 0x55d476e0f103 <unknown>\n#8 0x55d476de01ba <unknown>\n#9 0x55d476de0b8e <unknown>\n#10 0x55d47707759b <unknown>\n#11 0x55d47707b34b <unknown>\n#12 0x55d477063681 <unknown>\n#13 0x55d47707beb2 <unknown>\n#14 0x55d4770486af <unknown>\n#15 0x55d4770a2428 <unknown>\n#16 0x55d4770a2600 <unknown>\n#17 0x55d4770b1f84 <unknown>\n#18 0x7f61a9494ac3 <unknown>",
  "statusTrace" : "driver = <selenium.webdriver.chrome.webdriver.WebDriver (session=\"73d8070cdc02fef5737c50c906a1ebf9\")>\nurl = 'https://pulsewave.ru/auth/password?email='\n\n    @pytest.fixture()\n    def footer_open(driver, url):\n        page = FooterPage(driver)\n        driver.get(url)\n>       page.get_cookies_link()\n\ntests/test_footer/conftest.py:9: \n_ _ _ _ _ _ _ _ _ _ _ _ _ _ _ _ _ _ _ _ _ _ _ _ _ _ _ _ _ _ _ _ _ _ _ _ _ _ _ _ \npages/footer.py:44: in get_cookies_link\n    return self.element_is_visible(self.locator.COOKIES_LINK).click()\npages/base_page.py:19: in element_is_visible\n    self.go_to_element(self.element_is_present(locator))\npages/base_page.py:35: in element_is_present\n    return Wait(self.driver, self.timeout).until(es.presence_of_element_located(locator))\n_ _ _ _ _ _ _ _ _ _ _ _ _ _ _ _ _ _ _ _ _ _ _ _ _ _ _ _ _ _ _ _ _ _ _ _ _ _ _ _ \n\nself = <selenium.webdriver.support.wait.WebDriverWait (session=\"73d8070cdc02fef5737c50c906a1ebf9\")>\nmethod = <function presence_of_element_located.<locals>._predicate at 0x7f3f38e93100>\nmessage = ''\n\n    def until(self, method: Callable[[D], Union[Literal[False], T]], message: str = \"\") -> T:\n        \"\"\"Calls the method provided with the driver as an argument until the \\\n        return value does not evaluate to ``False``.\n    \n        :param method: callable(WebDriver)\n        :param message: optional message for :exc:`TimeoutException`\n        :returns: the result of the last call to `method`\n        :raises: :exc:`selenium.common.exceptions.TimeoutException` if timeout occurs\n        \"\"\"\n        screen = None\n        stacktrace = None\n    \n        end_time = time.monotonic() + self._timeout\n        while True:\n            try:\n                value = method(self._driver)\n                if value:\n                    return value\n            except self._ignored_exceptions as exc:\n                screen = getattr(exc, \"screen\", None)\n                stacktrace = getattr(exc, \"stacktrace\", None)\n            time.sleep(self._poll)\n            if time.monotonic() > end_time:\n                break\n>       raise TimeoutException(message, screen, stacktrace)\nE       selenium.common.exceptions.TimeoutException: Message: \nE       Stacktrace:\nE       #0 0x55d4770b2e33 <unknown>\nE       #1 0x55d476da2567 <unknown>\nE       #2 0x55d476ded27d <unknown>\nE       #3 0x55d476ded331 <unknown>\nE       #4 0x55d476e30624 <unknown>\nE       #5 0x55d476e0f38d <unknown>\nE       #6 0x55d476e2dae2 <unknown>\nE       #7 0x55d476e0f103 <unknown>\nE       #8 0x55d476de01ba <unknown>\nE       #9 0x55d476de0b8e <unknown>\nE       #10 0x55d47707759b <unknown>\nE       #11 0x55d47707b34b <unknown>\nE       #12 0x55d477063681 <unknown>\nE       #13 0x55d47707beb2 <unknown>\nE       #14 0x55d4770486af <unknown>\nE       #15 0x55d4770a2428 <unknown>\nE       #16 0x55d4770a2600 <unknown>\nE       #17 0x55d4770b1f84 <unknown>\nE       #18 0x7f61a9494ac3 <unknown>\n\n/opt/hostedtoolcache/Python/3.12.3/x64/lib/python3.12/site-packages/selenium/webdriver/support/wait.py:105: TimeoutException",
  "flaky" : false,
  "newFailed" : false,
  "beforeStages" : [ {
    "name" : "driver",
    "time" : {
      "start" : 1714271141540,
      "stop" : 1714271141737,
      "duration" : 197
    },
    "status" : "passed",
    "steps" : [ ],
    "attachments" : [ ],
    "parameters" : [ ],
    "stepsCount" : 0,
    "attachmentsCount" : 0,
    "shouldDisplayMessage" : false,
    "hasContent" : false
  }, {
    "name" : "clear_allure_results_folder",
    "time" : {
      "start" : 1714270943308,
      "stop" : 1714270943308,
      "duration" : 0
    },
    "status" : "passed",
    "steps" : [ ],
    "attachments" : [ ],
    "parameters" : [ ],
    "stepsCount" : 0,
    "attachmentsCount" : 0,
    "shouldDisplayMessage" : false,
    "hasContent" : false
  }, {
    "name" : "_session_faker",
    "time" : {
      "start" : 1714270943291,
      "stop" : 1714270943307,
      "duration" : 16
    },
    "status" : "passed",
    "steps" : [ ],
    "attachments" : [ ],
    "parameters" : [ ],
    "stepsCount" : 0,
    "attachmentsCount" : 0,
    "shouldDisplayMessage" : false,
    "hasContent" : false
  }, {
    "name" : "footer_open",
    "time" : {
      "start" : 1714271141737,
      "stop" : 1714271162471,
      "duration" : 20734
    },
    "status" : "broken",
    "statusMessage" : "selenium.common.exceptions.TimeoutException: Message: \nStacktrace:\n#0 0x55d4770b2e33 <unknown>\n#1 0x55d476da2567 <unknown>\n#2 0x55d476ded27d <unknown>\n#3 0x55d476ded331 <unknown>\n#4 0x55d476e30624 <unknown>\n#5 0x55d476e0f38d <unknown>\n#6 0x55d476e2dae2 <unknown>\n#7 0x55d476e0f103 <unknown>\n#8 0x55d476de01ba <unknown>\n#9 0x55d476de0b8e <unknown>\n#10 0x55d47707759b <unknown>\n#11 0x55d47707b34b <unknown>\n#12 0x55d477063681 <unknown>\n#13 0x55d47707beb2 <unknown>\n#14 0x55d4770486af <unknown>\n#15 0x55d4770a2428 <unknown>\n#16 0x55d4770a2600 <unknown>\n#17 0x55d4770b1f84 <unknown>\n#18 0x7f61a9494ac3 <unknown>\n\n",
    "statusTrace" : "  File \"/opt/hostedtoolcache/Python/3.12.3/x64/lib/python3.12/site-packages/pluggy/_callers.py\", line 167, in _multicall\n    teardown.throw(outcome._exception)\n  File \"/opt/hostedtoolcache/Python/3.12.3/x64/lib/python3.12/site-packages/_pytest/setuponly.py\", line 36, in pytest_fixture_setup\n    return (yield)\n            ^^^^^\n  File \"/opt/hostedtoolcache/Python/3.12.3/x64/lib/python3.12/site-packages/pluggy/_callers.py\", line 103, in _multicall\n    res = hook_impl.function(*args)\n          ^^^^^^^^^^^^^^^^^^^^^^^^^\n  File \"/opt/hostedtoolcache/Python/3.12.3/x64/lib/python3.12/site-packages/_pytest/fixtures.py\", line 1140, in pytest_fixture_setup\n    result = call_fixture_func(fixturefunc, request, kwargs)\n             ^^^^^^^^^^^^^^^^^^^^^^^^^^^^^^^^^^^^^^^^^^^^^^^\n  File \"/opt/hostedtoolcache/Python/3.12.3/x64/lib/python3.12/site-packages/_pytest/fixtures.py\", line 917, in call_fixture_func\n    fixture_result = fixturefunc(**kwargs)\n                     ^^^^^^^^^^^^^^^^^^^^^\n  File \"/home/runner/work/PulseWave/PulseWave/tests/test_footer/conftest.py\", line 9, in footer_open\n    page.get_cookies_link()\n  File \"/opt/hostedtoolcache/Python/3.12.3/x64/lib/python3.12/site-packages/allure_commons/_allure.py\", line 192, in impl\n    return func(*a, **kw)\n           ^^^^^^^^^^^^^^\n  File \"/home/runner/work/PulseWave/PulseWave/pages/footer.py\", line 44, in get_cookies_link\n    return self.element_is_visible(self.locator.COOKIES_LINK).click()\n           ^^^^^^^^^^^^^^^^^^^^^^^^^^^^^^^^^^^^^^^^^^^^^^^^^^\n  File \"/home/runner/work/PulseWave/PulseWave/pages/base_page.py\", line 19, in element_is_visible\n    self.go_to_element(self.element_is_present(locator))\n                       ^^^^^^^^^^^^^^^^^^^^^^^^^^^^^^^^\n  File \"/home/runner/work/PulseWave/PulseWave/pages/base_page.py\", line 35, in element_is_present\n    return Wait(self.driver, self.timeout).until(es.presence_of_element_located(locator))\n           ^^^^^^^^^^^^^^^^^^^^^^^^^^^^^^^^^^^^^^^^^^^^^^^^^^^^^^^^^^^^^^^^^^^^^^^^^^^^^^\n  File \"/opt/hostedtoolcache/Python/3.12.3/x64/lib/python3.12/site-packages/selenium/webdriver/support/wait.py\", line 105, in until\n    raise TimeoutException(message, screen, stacktrace)\n",
    "steps" : [ {
      "name" : "Проверка перехода по ссылке для просмотра информации о файлах cookie на Главной странице",
      "time" : {
        "start" : 1714271142058,
        "stop" : 1714271162470,
        "duration" : 20412
      },
      "status" : "broken",
      "statusMessage" : "selenium.common.exceptions.TimeoutException: Message: \nStacktrace:\n#0 0x55d4770b2e33 <unknown>\n#1 0x55d476da2567 <unknown>\n#2 0x55d476ded27d <unknown>\n#3 0x55d476ded331 <unknown>\n#4 0x55d476e30624 <unknown>\n#5 0x55d476e0f38d <unknown>\n#6 0x55d476e2dae2 <unknown>\n#7 0x55d476e0f103 <unknown>\n#8 0x55d476de01ba <unknown>\n#9 0x55d476de0b8e <unknown>\n#10 0x55d47707759b <unknown>\n#11 0x55d47707b34b <unknown>\n#12 0x55d477063681 <unknown>\n#13 0x55d47707beb2 <unknown>\n#14 0x55d4770486af <unknown>\n#15 0x55d4770a2428 <unknown>\n#16 0x55d4770a2600 <unknown>\n#17 0x55d4770b1f84 <unknown>\n#18 0x7f61a9494ac3 <unknown>\n\n",
      "statusTrace" : "  File \"/opt/hostedtoolcache/Python/3.12.3/x64/lib/python3.12/site-packages/allure_commons/_allure.py\", line 192, in impl\n    return func(*a, **kw)\n           ^^^^^^^^^^^^^^\n  File \"/home/runner/work/PulseWave/PulseWave/pages/footer.py\", line 44, in get_cookies_link\n    return self.element_is_visible(self.locator.COOKIES_LINK).click()\n           ^^^^^^^^^^^^^^^^^^^^^^^^^^^^^^^^^^^^^^^^^^^^^^^^^^\n  File \"/home/runner/work/PulseWave/PulseWave/pages/base_page.py\", line 19, in element_is_visible\n    self.go_to_element(self.element_is_present(locator))\n                       ^^^^^^^^^^^^^^^^^^^^^^^^^^^^^^^^\n  File \"/home/runner/work/PulseWave/PulseWave/pages/base_page.py\", line 35, in element_is_present\n    return Wait(self.driver, self.timeout).until(es.presence_of_element_located(locator))\n           ^^^^^^^^^^^^^^^^^^^^^^^^^^^^^^^^^^^^^^^^^^^^^^^^^^^^^^^^^^^^^^^^^^^^^^^^^^^^^^\n  File \"/opt/hostedtoolcache/Python/3.12.3/x64/lib/python3.12/site-packages/selenium/webdriver/support/wait.py\", line 105, in until\n    raise TimeoutException(message, screen, stacktrace)\n",
      "steps" : [ ],
      "attachments" : [ ],
      "parameters" : [ ],
      "stepsCount" : 0,
      "attachmentsCount" : 0,
      "shouldDisplayMessage" : true,
      "hasContent" : true
    } ],
    "attachments" : [ ],
    "parameters" : [ ],
    "stepsCount" : 1,
    "attachmentsCount" : 0,
    "shouldDisplayMessage" : false,
    "hasContent" : true
  } ],
  "afterStages" : [ {
    "name" : "driver::0",
    "time" : {
      "start" : 1714271162484,
      "stop" : 1714271162542,
      "duration" : 58
    },
    "status" : "passed",
    "steps" : [ ],
    "attachments" : [ ],
    "parameters" : [ ],
    "stepsCount" : 0,
    "attachmentsCount" : 0,
    "shouldDisplayMessage" : false,
    "hasContent" : false
  } ],
  "labels" : [ {
    "name" : "epic",
    "value" : "Тестирование Футера"
  }, {
    "name" : "tag",
    "value" : "smoke"
  }, {
    "name" : "parentSuite",
    "value" : "tests.test_footer"
  }, {
    "name" : "suite",
    "value" : "test_footer"
  }, {
    "name" : "subSuite",
    "value" : "TestFooter"
  }, {
    "name" : "host",
    "value" : "fv-az1383-514"
  }, {
    "name" : "thread",
    "value" : "2368-MainThread"
  }, {
    "name" : "framework",
    "value" : "pytest"
  }, {
    "name" : "language",
    "value" : "cpython3"
  }, {
    "name" : "package",
    "value" : "tests.test_footer.test_footer"
  }, {
    "name" : "resultFormat",
    "value" : "allure2"
  } ],
  "parameters" : [ {
    "name" : "browser",
    "value" : "'chrome'"
  }, {
    "name" : "url",
    "value" : "'https://pulsewave.ru/auth/password?email='"
  } ],
  "links" : [ ],
  "hidden" : false,
  "retry" : false,
  "extra" : {
    "severity" : "normal",
    "retries" : [ ],
    "categories" : [ {
      "name" : "Test defects",
      "matchedStatuses" : [ ],
      "flaky" : false
    } ],
    "history" : {
      "statistic" : {
        "failed" : 0,
        "broken" : 1,
        "skipped" : 0,
        "passed" : 11,
        "unknown" : 0,
        "total" : 12
      },
      "items" : [ {
        "uid" : "b3708ca4059701ff",
        "reportUrl" : "https://Nat754.github.io/PulseWave/7//#testresult/b3708ca4059701ff",
        "status" : "passed",
        "time" : {
          "start" : 1714184716585,
          "stop" : 1714184716729,
          "duration" : 144
        }
      }, {
        "uid" : "b9d24323cd946d95",
        "reportUrl" : "https://Nat754.github.io/PulseWave/6//#testresult/b9d24323cd946d95",
        "status" : "passed",
        "time" : {
          "start" : 1714148233936,
          "stop" : 1714148234085,
          "duration" : 149
        }
      }, {
        "uid" : "6326089c398b9afe",
        "reportUrl" : "https://Nat754.github.io/PulseWave/6//#testresult/6326089c398b9afe",
        "status" : "passed",
        "time" : {
          "start" : 1714098281042,
          "stop" : 1714098281178,
          "duration" : 136
        }
      }, {
        "uid" : "5aff83355cdabd23",
        "reportUrl" : "https://Nat754.github.io/PulseWave/5//#testresult/5aff83355cdabd23",
        "status" : "passed",
        "time" : {
          "start" : 1714014196293,
          "stop" : 1714014196427,
          "duration" : 134
        }
      }, {
        "uid" : "f9cbf4517d740e54",
        "reportUrl" : "https://Nat754.github.io/PulseWave/211//#testresult/f9cbf4517d740e54",
        "status" : "passed",
        "time" : {
          "start" : 1713945677496,
          "stop" : 1713945677631,
          "duration" : 135
        }
      }, {
        "uid" : "ad08a600b65017f",
        "reportUrl" : "https://Nat754.github.io/PulseWave/4//#testresult/ad08a600b65017f",
        "status" : "passed",
        "time" : {
          "start" : 1713925471471,
          "stop" : 1713925471610,
          "duration" : 139
        }
      }, {
        "uid" : "84c0c0bae42b9e4d",
        "reportUrl" : "https://Nat754.github.io/PulseWave/211//#testresult/84c0c0bae42b9e4d",
        "status" : "passed",
        "time" : {
          "start" : 1713901299801,
          "stop" : 1713901299943,
          "duration" : 142
        }
      }, {
        "uid" : "cd5c12e300d4495b",
        "reportUrl" : "https://Nat754.github.io/PulseWave/210//#testresult/cd5c12e300d4495b",
        "status" : "passed",
        "time" : {
          "start" : 1713885447873,
          "stop" : 1713885448010,
          "duration" : 137
        }
      }, {
        "uid" : "4c9892f87a0cf85",
        "reportUrl" : "https://Nat754.github.io/PulseWave/209//#testresult/4c9892f87a0cf85",
        "status" : "passed",
        "time" : {
          "start" : 1713883360675,
          "stop" : 1713883360808,
          "duration" : 133
        }
      }, {
        "uid" : "d3148b0bbcc27979",
        "reportUrl" : "https://Nat754.github.io/PulseWave/209//#testresult/d3148b0bbcc27979",
        "status" : "passed",
        "time" : {
          "start" : 1713881862720,
          "stop" : 1713881862854,
          "duration" : 134
        }
      }, {
        "uid" : "bde8127429b0caee",
        "reportUrl" : "https://Nat754.github.io/PulseWave/208//#testresult/bde8127429b0caee",
        "status" : "passed",
        "time" : {
          "start" : 1713879037476,
          "stop" : 1713879037614,
          "duration" : 138
        }
      } ]
    },
    "tags" : [ "smoke" ]
  },
  "source" : "74f5269872078de5.json",
  "parameterValues" : [ "'chrome'", "'https://pulsewave.ru/auth/password?email='" ]
}