{
  "uid" : "76cf88dd0c517c45",
  "name" : "test_get_css_property[font-family-Mulish, sans-serif-\\u0448\\u0440\\u0438\\u0444\\u0442\\u0430-chrome]",
  "fullName" : "tests.test_login_page.test_login_page.TestLoginPage#test_get_css_property",
  "historyId" : "6c6fadebabf5f07baafb4e5464e41ff5",
  "time" : {
    "start" : 1714272989943,
    "stop" : 1714272989943,
    "duration" : 0
  },
  "status" : "broken",
  "statusMessage" : "selenium.common.exceptions.TimeoutException: Message: \nStacktrace:\n#0 0x5562cac8ee33 <unknown>\n#1 0x5562ca97e567 <unknown>\n#2 0x5562ca9c927d <unknown>\n#3 0x5562ca9c9331 <unknown>\n#4 0x5562caa0c624 <unknown>\n#5 0x5562ca9eb38d <unknown>\n#6 0x5562caa09ae2 <unknown>\n#7 0x5562ca9eb103 <unknown>\n#8 0x5562ca9bc1ba <unknown>\n#9 0x5562ca9bcb8e <unknown>\n#10 0x5562cac5359b <unknown>\n#11 0x5562cac5734b <unknown>\n#12 0x5562cac3f681 <unknown>\n#13 0x5562cac57eb2 <unknown>\n#14 0x5562cac246af <unknown>\n#15 0x5562cac7e428 <unknown>\n#16 0x5562cac7e600 <unknown>\n#17 0x5562cac8df84 <unknown>\n#18 0x7fe8c7694ac3 <unknown>",
  "statusTrace" : "driver = <selenium.webdriver.chrome.webdriver.WebDriver (session=\"c5a93a6a669a901139f6905f5810649b\")>\n\n    @pytest.fixture(scope='function')\n    def login_page_open(driver):\n        login_page = LoginPage(driver)\n        driver.get(Constant.LOGIN_PAGE)\n>       login_page.get_allow_all_cookies().click()\n\ntests/test_login_page/conftest.py:10: \n_ _ _ _ _ _ _ _ _ _ _ _ _ _ _ _ _ _ _ _ _ _ _ _ _ _ _ _ _ _ _ _ _ _ _ _ _ _ _ _ \npages/login_page.py:20: in get_allow_all_cookies\n    return self.element_is_visible(self.locator.ALLOW_ALL_COOKIES)\npages/base_page.py:19: in element_is_visible\n    self.go_to_element(self.element_is_present(locator))\npages/base_page.py:35: in element_is_present\n    return Wait(self.driver, self.timeout).until(es.presence_of_element_located(locator))\n_ _ _ _ _ _ _ _ _ _ _ _ _ _ _ _ _ _ _ _ _ _ _ _ _ _ _ _ _ _ _ _ _ _ _ _ _ _ _ _ \n\nself = <selenium.webdriver.support.wait.WebDriverWait (session=\"c5a93a6a669a901139f6905f5810649b\")>\nmethod = <function presence_of_element_located.<locals>._predicate at 0x7f3f3aa15080>\nmessage = ''\n\n    def until(self, method: Callable[[D], Union[Literal[False], T]], message: str = \"\") -> T:\n        \"\"\"Calls the method provided with the driver as an argument until the \\\n        return value does not evaluate to ``False``.\n    \n        :param method: callable(WebDriver)\n        :param message: optional message for :exc:`TimeoutException`\n        :returns: the result of the last call to `method`\n        :raises: :exc:`selenium.common.exceptions.TimeoutException` if timeout occurs\n        \"\"\"\n        screen = None\n        stacktrace = None\n    \n        end_time = time.monotonic() + self._timeout\n        while True:\n            try:\n                value = method(self._driver)\n                if value:\n                    return value\n            except self._ignored_exceptions as exc:\n                screen = getattr(exc, \"screen\", None)\n                stacktrace = getattr(exc, \"stacktrace\", None)\n            time.sleep(self._poll)\n            if time.monotonic() > end_time:\n                break\n>       raise TimeoutException(message, screen, stacktrace)\nE       selenium.common.exceptions.TimeoutException: Message: \nE       Stacktrace:\nE       #0 0x5562cac8ee33 <unknown>\nE       #1 0x5562ca97e567 <unknown>\nE       #2 0x5562ca9c927d <unknown>\nE       #3 0x5562ca9c9331 <unknown>\nE       #4 0x5562caa0c624 <unknown>\nE       #5 0x5562ca9eb38d <unknown>\nE       #6 0x5562caa09ae2 <unknown>\nE       #7 0x5562ca9eb103 <unknown>\nE       #8 0x5562ca9bc1ba <unknown>\nE       #9 0x5562ca9bcb8e <unknown>\nE       #10 0x5562cac5359b <unknown>\nE       #11 0x5562cac5734b <unknown>\nE       #12 0x5562cac3f681 <unknown>\nE       #13 0x5562cac57eb2 <unknown>\nE       #14 0x5562cac246af <unknown>\nE       #15 0x5562cac7e428 <unknown>\nE       #16 0x5562cac7e600 <unknown>\nE       #17 0x5562cac8df84 <unknown>\nE       #18 0x7fe8c7694ac3 <unknown>\n\n/opt/hostedtoolcache/Python/3.12.3/x64/lib/python3.12/site-packages/selenium/webdriver/support/wait.py:105: TimeoutException",
  "flaky" : false,
  "newFailed" : false,
  "beforeStages" : [ {
    "name" : "driver",
    "time" : {
      "start" : 1714272989943,
      "stop" : 1714272990140,
      "duration" : 197
    },
    "status" : "passed",
    "steps" : [ ],
    "attachments" : [ ],
    "parameters" : [ ],
    "stepsCount" : 0,
    "attachmentsCount" : 0,
    "shouldDisplayMessage" : false,
    "hasContent" : false
  }, {
    "name" : "login_page_open",
    "time" : {
      "start" : 1714272990140,
      "stop" : 1714273010873,
      "duration" : 20733
    },
    "status" : "broken",
    "statusMessage" : "selenium.common.exceptions.TimeoutException: Message: \nStacktrace:\n#0 0x5562cac8ee33 <unknown>\n#1 0x5562ca97e567 <unknown>\n#2 0x5562ca9c927d <unknown>\n#3 0x5562ca9c9331 <unknown>\n#4 0x5562caa0c624 <unknown>\n#5 0x5562ca9eb38d <unknown>\n#6 0x5562caa09ae2 <unknown>\n#7 0x5562ca9eb103 <unknown>\n#8 0x5562ca9bc1ba <unknown>\n#9 0x5562ca9bcb8e <unknown>\n#10 0x5562cac5359b <unknown>\n#11 0x5562cac5734b <unknown>\n#12 0x5562cac3f681 <unknown>\n#13 0x5562cac57eb2 <unknown>\n#14 0x5562cac246af <unknown>\n#15 0x5562cac7e428 <unknown>\n#16 0x5562cac7e600 <unknown>\n#17 0x5562cac8df84 <unknown>\n#18 0x7fe8c7694ac3 <unknown>\n\n",
    "statusTrace" : "  File \"/opt/hostedtoolcache/Python/3.12.3/x64/lib/python3.12/site-packages/pluggy/_callers.py\", line 167, in _multicall\n    teardown.throw(outcome._exception)\n  File \"/opt/hostedtoolcache/Python/3.12.3/x64/lib/python3.12/site-packages/_pytest/setuponly.py\", line 36, in pytest_fixture_setup\n    return (yield)\n            ^^^^^\n  File \"/opt/hostedtoolcache/Python/3.12.3/x64/lib/python3.12/site-packages/pluggy/_callers.py\", line 103, in _multicall\n    res = hook_impl.function(*args)\n          ^^^^^^^^^^^^^^^^^^^^^^^^^\n  File \"/opt/hostedtoolcache/Python/3.12.3/x64/lib/python3.12/site-packages/_pytest/fixtures.py\", line 1140, in pytest_fixture_setup\n    result = call_fixture_func(fixturefunc, request, kwargs)\n             ^^^^^^^^^^^^^^^^^^^^^^^^^^^^^^^^^^^^^^^^^^^^^^^\n  File \"/opt/hostedtoolcache/Python/3.12.3/x64/lib/python3.12/site-packages/_pytest/fixtures.py\", line 917, in call_fixture_func\n    fixture_result = fixturefunc(**kwargs)\n                     ^^^^^^^^^^^^^^^^^^^^^\n  File \"/home/runner/work/PulseWave/PulseWave/tests/test_login_page/conftest.py\", line 10, in login_page_open\n    login_page.get_allow_all_cookies().click()\n    ^^^^^^^^^^^^^^^^^^^^^^^^^^^^^^^^^^\n  File \"/opt/hostedtoolcache/Python/3.12.3/x64/lib/python3.12/site-packages/allure_commons/_allure.py\", line 192, in impl\n    return func(*a, **kw)\n           ^^^^^^^^^^^^^^\n  File \"/home/runner/work/PulseWave/PulseWave/pages/login_page.py\", line 20, in get_allow_all_cookies\n    return self.element_is_visible(self.locator.ALLOW_ALL_COOKIES)\n           ^^^^^^^^^^^^^^^^^^^^^^^^^^^^^^^^^^^^^^^^^^^^^^^^^^^^^^^\n  File \"/home/runner/work/PulseWave/PulseWave/pages/base_page.py\", line 19, in element_is_visible\n    self.go_to_element(self.element_is_present(locator))\n                       ^^^^^^^^^^^^^^^^^^^^^^^^^^^^^^^^\n  File \"/home/runner/work/PulseWave/PulseWave/pages/base_page.py\", line 35, in element_is_present\n    return Wait(self.driver, self.timeout).until(es.presence_of_element_located(locator))\n           ^^^^^^^^^^^^^^^^^^^^^^^^^^^^^^^^^^^^^^^^^^^^^^^^^^^^^^^^^^^^^^^^^^^^^^^^^^^^^^\n  File \"/opt/hostedtoolcache/Python/3.12.3/x64/lib/python3.12/site-packages/selenium/webdriver/support/wait.py\", line 105, in until\n    raise TimeoutException(message, screen, stacktrace)\n",
    "steps" : [ {
      "name" : "Проверка видимости кнопки 'Принимаю все' в сообщении о принятии файлов cookie",
      "time" : {
        "start" : 1714272990456,
        "stop" : 1714273010873,
        "duration" : 20417
      },
      "status" : "broken",
      "statusMessage" : "selenium.common.exceptions.TimeoutException: Message: \nStacktrace:\n#0 0x5562cac8ee33 <unknown>\n#1 0x5562ca97e567 <unknown>\n#2 0x5562ca9c927d <unknown>\n#3 0x5562ca9c9331 <unknown>\n#4 0x5562caa0c624 <unknown>\n#5 0x5562ca9eb38d <unknown>\n#6 0x5562caa09ae2 <unknown>\n#7 0x5562ca9eb103 <unknown>\n#8 0x5562ca9bc1ba <unknown>\n#9 0x5562ca9bcb8e <unknown>\n#10 0x5562cac5359b <unknown>\n#11 0x5562cac5734b <unknown>\n#12 0x5562cac3f681 <unknown>\n#13 0x5562cac57eb2 <unknown>\n#14 0x5562cac246af <unknown>\n#15 0x5562cac7e428 <unknown>\n#16 0x5562cac7e600 <unknown>\n#17 0x5562cac8df84 <unknown>\n#18 0x7fe8c7694ac3 <unknown>\n\n",
      "statusTrace" : "  File \"/opt/hostedtoolcache/Python/3.12.3/x64/lib/python3.12/site-packages/allure_commons/_allure.py\", line 192, in impl\n    return func(*a, **kw)\n           ^^^^^^^^^^^^^^\n  File \"/home/runner/work/PulseWave/PulseWave/pages/login_page.py\", line 20, in get_allow_all_cookies\n    return self.element_is_visible(self.locator.ALLOW_ALL_COOKIES)\n           ^^^^^^^^^^^^^^^^^^^^^^^^^^^^^^^^^^^^^^^^^^^^^^^^^^^^^^^\n  File \"/home/runner/work/PulseWave/PulseWave/pages/base_page.py\", line 19, in element_is_visible\n    self.go_to_element(self.element_is_present(locator))\n                       ^^^^^^^^^^^^^^^^^^^^^^^^^^^^^^^^\n  File \"/home/runner/work/PulseWave/PulseWave/pages/base_page.py\", line 35, in element_is_present\n    return Wait(self.driver, self.timeout).until(es.presence_of_element_located(locator))\n           ^^^^^^^^^^^^^^^^^^^^^^^^^^^^^^^^^^^^^^^^^^^^^^^^^^^^^^^^^^^^^^^^^^^^^^^^^^^^^^\n  File \"/opt/hostedtoolcache/Python/3.12.3/x64/lib/python3.12/site-packages/selenium/webdriver/support/wait.py\", line 105, in until\n    raise TimeoutException(message, screen, stacktrace)\n",
      "steps" : [ ],
      "attachments" : [ ],
      "parameters" : [ ],
      "stepsCount" : 0,
      "attachmentsCount" : 0,
      "shouldDisplayMessage" : true,
      "hasContent" : true
    } ],
    "attachments" : [ ],
    "parameters" : [ ],
    "stepsCount" : 1,
    "attachmentsCount" : 0,
    "shouldDisplayMessage" : false,
    "hasContent" : true
  }, {
    "name" : "clear_allure_results_folder",
    "time" : {
      "start" : 1714270943308,
      "stop" : 1714270943308,
      "duration" : 0
    },
    "status" : "passed",
    "steps" : [ ],
    "attachments" : [ ],
    "parameters" : [ ],
    "stepsCount" : 0,
    "attachmentsCount" : 0,
    "shouldDisplayMessage" : false,
    "hasContent" : false
  }, {
    "name" : "_session_faker",
    "time" : {
      "start" : 1714270943291,
      "stop" : 1714270943307,
      "duration" : 16
    },
    "status" : "passed",
    "steps" : [ ],
    "attachments" : [ ],
    "parameters" : [ ],
    "stepsCount" : 0,
    "attachmentsCount" : 0,
    "shouldDisplayMessage" : false,
    "hasContent" : false
  } ],
  "afterStages" : [ {
    "name" : "driver::0",
    "time" : {
      "start" : 1714273010886,
      "stop" : 1714273010944,
      "duration" : 58
    },
    "status" : "passed",
    "steps" : [ ],
    "attachments" : [ ],
    "parameters" : [ ],
    "stepsCount" : 0,
    "attachmentsCount" : 0,
    "shouldDisplayMessage" : false,
    "hasContent" : false
  } ],
  "labels" : [ {
    "name" : "epic",
    "value" : "Тестирование страницы 'Войти'"
  }, {
    "name" : "tag",
    "value" : "regress"
  }, {
    "name" : "parentSuite",
    "value" : "tests.test_login_page"
  }, {
    "name" : "suite",
    "value" : "test_login_page"
  }, {
    "name" : "subSuite",
    "value" : "TestLoginPage"
  }, {
    "name" : "host",
    "value" : "fv-az1383-514"
  }, {
    "name" : "thread",
    "value" : "2368-MainThread"
  }, {
    "name" : "framework",
    "value" : "pytest"
  }, {
    "name" : "language",
    "value" : "cpython3"
  }, {
    "name" : "package",
    "value" : "tests.test_login_page.test_login_page"
  }, {
    "name" : "resultFormat",
    "value" : "allure2"
  } ],
  "parameters" : [ {
    "name" : "browser",
    "value" : "'chrome'"
  }, {
    "name" : "css_property",
    "value" : "'font-family'"
  }, {
    "name" : "figma",
    "value" : "'Mulish, sans-serif'"
  }, {
    "name" : "name",
    "value" : "'шрифта'"
  } ],
  "links" : [ ],
  "hidden" : false,
  "retry" : false,
  "extra" : {
    "severity" : "normal",
    "retries" : [ ],
    "categories" : [ {
      "name" : "Test defects",
      "matchedStatuses" : [ ],
      "flaky" : false
    } ],
    "history" : {
      "statistic" : {
        "failed" : 0,
        "broken" : 1,
        "skipped" : 0,
        "passed" : 11,
        "unknown" : 0,
        "total" : 12
      },
      "items" : [ {
        "uid" : "96b376741dd80274",
        "reportUrl" : "https://Nat754.github.io/PulseWave/7//#testresult/96b376741dd80274",
        "status" : "passed",
        "time" : {
          "start" : 1714185039556,
          "stop" : 1714185039591,
          "duration" : 35
        }
      }, {
        "uid" : "92b5eccc1173f55c",
        "reportUrl" : "https://Nat754.github.io/PulseWave/6//#testresult/92b5eccc1173f55c",
        "status" : "passed",
        "time" : {
          "start" : 1714148498663,
          "stop" : 1714148498700,
          "duration" : 37
        }
      }, {
        "uid" : "d0310a8fc82275a3",
        "reportUrl" : "https://Nat754.github.io/PulseWave/6//#testresult/d0310a8fc82275a3",
        "status" : "passed",
        "time" : {
          "start" : 1714098548620,
          "stop" : 1714098548653,
          "duration" : 33
        }
      }, {
        "uid" : "5ac4a9f9ef70ede8",
        "reportUrl" : "https://Nat754.github.io/PulseWave/5//#testresult/5ac4a9f9ef70ede8",
        "status" : "passed",
        "time" : {
          "start" : 1714014423764,
          "stop" : 1714014423799,
          "duration" : 35
        }
      }, {
        "uid" : "ff022734d7f516c1",
        "reportUrl" : "https://Nat754.github.io/PulseWave/211//#testresult/ff022734d7f516c1",
        "status" : "passed",
        "time" : {
          "start" : 1713945921258,
          "stop" : 1713945921291,
          "duration" : 33
        }
      }, {
        "uid" : "c6eb2befef835861",
        "reportUrl" : "https://Nat754.github.io/PulseWave/4//#testresult/c6eb2befef835861",
        "status" : "passed",
        "time" : {
          "start" : 1713925714268,
          "stop" : 1713925714308,
          "duration" : 40
        }
      }, {
        "uid" : "57cc1f917e14b1c2",
        "reportUrl" : "https://Nat754.github.io/PulseWave/211//#testresult/57cc1f917e14b1c2",
        "status" : "passed",
        "time" : {
          "start" : 1713901573049,
          "stop" : 1713901573085,
          "duration" : 36
        }
      }, {
        "uid" : "c8471ed531e1d466",
        "reportUrl" : "https://Nat754.github.io/PulseWave/210//#testresult/c8471ed531e1d466",
        "status" : "passed",
        "time" : {
          "start" : 1713885779748,
          "stop" : 1713885779787,
          "duration" : 39
        }
      }, {
        "uid" : "28c919d73a04e1bf",
        "reportUrl" : "https://Nat754.github.io/PulseWave/209//#testresult/28c919d73a04e1bf",
        "status" : "passed",
        "time" : {
          "start" : 1713883673924,
          "stop" : 1713883673958,
          "duration" : 34
        }
      }, {
        "uid" : "931a28764e29f551",
        "reportUrl" : "https://Nat754.github.io/PulseWave/209//#testresult/931a28764e29f551",
        "status" : "passed",
        "time" : {
          "start" : 1713882196962,
          "stop" : 1713882196995,
          "duration" : 33
        }
      }, {
        "uid" : "541d7bd33ae1d60d",
        "reportUrl" : "https://Nat754.github.io/PulseWave/208//#testresult/541d7bd33ae1d60d",
        "status" : "passed",
        "time" : {
          "start" : 1713879374411,
          "stop" : 1713879374446,
          "duration" : 35
        }
      } ]
    },
    "tags" : [ "regress" ]
  },
  "source" : "76cf88dd0c517c45.json",
  "parameterValues" : [ "'chrome'", "'font-family'", "'Mulish, sans-serif'", "'шрифта'" ]
}