{
  "uid" : "77ddb1c62daf0671",
  "name" : "Авторизация с пустым емайл",
  "fullName" : "tests.test_login_page.test_login_page.TestLoginPage#test_login_without_email",
  "historyId" : "9043c9cb67934e39548aa07850e61a10",
  "time" : {
    "start" : 1714273115971,
    "stop" : 1714273115971,
    "duration" : 0
  },
  "status" : "broken",
  "statusMessage" : "selenium.common.exceptions.TimeoutException: Message: \nStacktrace:\n#0 0x5595cbd86e33 <unknown>\n#1 0x5595cba76567 <unknown>\n#2 0x5595cbac127d <unknown>\n#3 0x5595cbac1331 <unknown>\n#4 0x5595cbb04624 <unknown>\n#5 0x5595cbae338d <unknown>\n#6 0x5595cbb01ae2 <unknown>\n#7 0x5595cbae3103 <unknown>\n#8 0x5595cbab41ba <unknown>\n#9 0x5595cbab4b8e <unknown>\n#10 0x5595cbd4b59b <unknown>\n#11 0x5595cbd4f34b <unknown>\n#12 0x5595cbd37681 <unknown>\n#13 0x5595cbd4feb2 <unknown>\n#14 0x5595cbd1c6af <unknown>\n#15 0x5595cbd76428 <unknown>\n#16 0x5595cbd76600 <unknown>\n#17 0x5595cbd85f84 <unknown>\n#18 0x7f6b7e094ac3 <unknown>",
  "statusTrace" : "driver = <selenium.webdriver.chrome.webdriver.WebDriver (session=\"1b5f53ca2800679c7a09ee80b0488c7c\")>\n\n    @pytest.fixture(scope='function')\n    def login_page_open(driver):\n        login_page = LoginPage(driver)\n        driver.get(Constant.LOGIN_PAGE)\n>       login_page.get_allow_all_cookies().click()\n\ntests/test_login_page/conftest.py:10: \n_ _ _ _ _ _ _ _ _ _ _ _ _ _ _ _ _ _ _ _ _ _ _ _ _ _ _ _ _ _ _ _ _ _ _ _ _ _ _ _ \npages/login_page.py:20: in get_allow_all_cookies\n    return self.element_is_visible(self.locator.ALLOW_ALL_COOKIES)\npages/base_page.py:19: in element_is_visible\n    self.go_to_element(self.element_is_present(locator))\npages/base_page.py:35: in element_is_present\n    return Wait(self.driver, self.timeout).until(es.presence_of_element_located(locator))\n_ _ _ _ _ _ _ _ _ _ _ _ _ _ _ _ _ _ _ _ _ _ _ _ _ _ _ _ _ _ _ _ _ _ _ _ _ _ _ _ \n\nself = <selenium.webdriver.support.wait.WebDriverWait (session=\"1b5f53ca2800679c7a09ee80b0488c7c\")>\nmethod = <function presence_of_element_located.<locals>._predicate at 0x7f3f3a4d89a0>\nmessage = ''\n\n    def until(self, method: Callable[[D], Union[Literal[False], T]], message: str = \"\") -> T:\n        \"\"\"Calls the method provided with the driver as an argument until the \\\n        return value does not evaluate to ``False``.\n    \n        :param method: callable(WebDriver)\n        :param message: optional message for :exc:`TimeoutException`\n        :returns: the result of the last call to `method`\n        :raises: :exc:`selenium.common.exceptions.TimeoutException` if timeout occurs\n        \"\"\"\n        screen = None\n        stacktrace = None\n    \n        end_time = time.monotonic() + self._timeout\n        while True:\n            try:\n                value = method(self._driver)\n                if value:\n                    return value\n            except self._ignored_exceptions as exc:\n                screen = getattr(exc, \"screen\", None)\n                stacktrace = getattr(exc, \"stacktrace\", None)\n            time.sleep(self._poll)\n            if time.monotonic() > end_time:\n                break\n>       raise TimeoutException(message, screen, stacktrace)\nE       selenium.common.exceptions.TimeoutException: Message: \nE       Stacktrace:\nE       #0 0x5595cbd86e33 <unknown>\nE       #1 0x5595cba76567 <unknown>\nE       #2 0x5595cbac127d <unknown>\nE       #3 0x5595cbac1331 <unknown>\nE       #4 0x5595cbb04624 <unknown>\nE       #5 0x5595cbae338d <unknown>\nE       #6 0x5595cbb01ae2 <unknown>\nE       #7 0x5595cbae3103 <unknown>\nE       #8 0x5595cbab41ba <unknown>\nE       #9 0x5595cbab4b8e <unknown>\nE       #10 0x5595cbd4b59b <unknown>\nE       #11 0x5595cbd4f34b <unknown>\nE       #12 0x5595cbd37681 <unknown>\nE       #13 0x5595cbd4feb2 <unknown>\nE       #14 0x5595cbd1c6af <unknown>\nE       #15 0x5595cbd76428 <unknown>\nE       #16 0x5595cbd76600 <unknown>\nE       #17 0x5595cbd85f84 <unknown>\nE       #18 0x7f6b7e094ac3 <unknown>\n\n/opt/hostedtoolcache/Python/3.12.3/x64/lib/python3.12/site-packages/selenium/webdriver/support/wait.py:105: TimeoutException",
  "flaky" : false,
  "newFailed" : false,
  "beforeStages" : [ {
    "name" : "clear_allure_results_folder",
    "time" : {
      "start" : 1714270943308,
      "stop" : 1714270943308,
      "duration" : 0
    },
    "status" : "passed",
    "steps" : [ ],
    "attachments" : [ ],
    "parameters" : [ ],
    "stepsCount" : 0,
    "attachmentsCount" : 0,
    "shouldDisplayMessage" : false,
    "hasContent" : false
  }, {
    "name" : "_session_faker",
    "time" : {
      "start" : 1714270943291,
      "stop" : 1714270943307,
      "duration" : 16
    },
    "status" : "passed",
    "steps" : [ ],
    "attachments" : [ ],
    "parameters" : [ ],
    "stepsCount" : 0,
    "attachmentsCount" : 0,
    "shouldDisplayMessage" : false,
    "hasContent" : false
  }, {
    "name" : "driver",
    "time" : {
      "start" : 1714273115972,
      "stop" : 1714273116170,
      "duration" : 198
    },
    "status" : "passed",
    "steps" : [ ],
    "attachments" : [ ],
    "parameters" : [ ],
    "stepsCount" : 0,
    "attachmentsCount" : 0,
    "shouldDisplayMessage" : false,
    "hasContent" : false
  }, {
    "name" : "login_page_open",
    "time" : {
      "start" : 1714273116170,
      "stop" : 1714273136900,
      "duration" : 20730
    },
    "status" : "broken",
    "statusMessage" : "selenium.common.exceptions.TimeoutException: Message: \nStacktrace:\n#0 0x5595cbd86e33 <unknown>\n#1 0x5595cba76567 <unknown>\n#2 0x5595cbac127d <unknown>\n#3 0x5595cbac1331 <unknown>\n#4 0x5595cbb04624 <unknown>\n#5 0x5595cbae338d <unknown>\n#6 0x5595cbb01ae2 <unknown>\n#7 0x5595cbae3103 <unknown>\n#8 0x5595cbab41ba <unknown>\n#9 0x5595cbab4b8e <unknown>\n#10 0x5595cbd4b59b <unknown>\n#11 0x5595cbd4f34b <unknown>\n#12 0x5595cbd37681 <unknown>\n#13 0x5595cbd4feb2 <unknown>\n#14 0x5595cbd1c6af <unknown>\n#15 0x5595cbd76428 <unknown>\n#16 0x5595cbd76600 <unknown>\n#17 0x5595cbd85f84 <unknown>\n#18 0x7f6b7e094ac3 <unknown>\n\n",
    "statusTrace" : "  File \"/opt/hostedtoolcache/Python/3.12.3/x64/lib/python3.12/site-packages/pluggy/_callers.py\", line 167, in _multicall\n    teardown.throw(outcome._exception)\n  File \"/opt/hostedtoolcache/Python/3.12.3/x64/lib/python3.12/site-packages/_pytest/setuponly.py\", line 36, in pytest_fixture_setup\n    return (yield)\n            ^^^^^\n  File \"/opt/hostedtoolcache/Python/3.12.3/x64/lib/python3.12/site-packages/pluggy/_callers.py\", line 103, in _multicall\n    res = hook_impl.function(*args)\n          ^^^^^^^^^^^^^^^^^^^^^^^^^\n  File \"/opt/hostedtoolcache/Python/3.12.3/x64/lib/python3.12/site-packages/_pytest/fixtures.py\", line 1140, in pytest_fixture_setup\n    result = call_fixture_func(fixturefunc, request, kwargs)\n             ^^^^^^^^^^^^^^^^^^^^^^^^^^^^^^^^^^^^^^^^^^^^^^^\n  File \"/opt/hostedtoolcache/Python/3.12.3/x64/lib/python3.12/site-packages/_pytest/fixtures.py\", line 917, in call_fixture_func\n    fixture_result = fixturefunc(**kwargs)\n                     ^^^^^^^^^^^^^^^^^^^^^\n  File \"/home/runner/work/PulseWave/PulseWave/tests/test_login_page/conftest.py\", line 10, in login_page_open\n    login_page.get_allow_all_cookies().click()\n    ^^^^^^^^^^^^^^^^^^^^^^^^^^^^^^^^^^\n  File \"/opt/hostedtoolcache/Python/3.12.3/x64/lib/python3.12/site-packages/allure_commons/_allure.py\", line 192, in impl\n    return func(*a, **kw)\n           ^^^^^^^^^^^^^^\n  File \"/home/runner/work/PulseWave/PulseWave/pages/login_page.py\", line 20, in get_allow_all_cookies\n    return self.element_is_visible(self.locator.ALLOW_ALL_COOKIES)\n           ^^^^^^^^^^^^^^^^^^^^^^^^^^^^^^^^^^^^^^^^^^^^^^^^^^^^^^^\n  File \"/home/runner/work/PulseWave/PulseWave/pages/base_page.py\", line 19, in element_is_visible\n    self.go_to_element(self.element_is_present(locator))\n                       ^^^^^^^^^^^^^^^^^^^^^^^^^^^^^^^^\n  File \"/home/runner/work/PulseWave/PulseWave/pages/base_page.py\", line 35, in element_is_present\n    return Wait(self.driver, self.timeout).until(es.presence_of_element_located(locator))\n           ^^^^^^^^^^^^^^^^^^^^^^^^^^^^^^^^^^^^^^^^^^^^^^^^^^^^^^^^^^^^^^^^^^^^^^^^^^^^^^\n  File \"/opt/hostedtoolcache/Python/3.12.3/x64/lib/python3.12/site-packages/selenium/webdriver/support/wait.py\", line 105, in until\n    raise TimeoutException(message, screen, stacktrace)\n",
    "steps" : [ {
      "name" : "Проверка видимости кнопки 'Принимаю все' в сообщении о принятии файлов cookie",
      "time" : {
        "start" : 1714273116487,
        "stop" : 1714273136900,
        "duration" : 20413
      },
      "status" : "broken",
      "statusMessage" : "selenium.common.exceptions.TimeoutException: Message: \nStacktrace:\n#0 0x5595cbd86e33 <unknown>\n#1 0x5595cba76567 <unknown>\n#2 0x5595cbac127d <unknown>\n#3 0x5595cbac1331 <unknown>\n#4 0x5595cbb04624 <unknown>\n#5 0x5595cbae338d <unknown>\n#6 0x5595cbb01ae2 <unknown>\n#7 0x5595cbae3103 <unknown>\n#8 0x5595cbab41ba <unknown>\n#9 0x5595cbab4b8e <unknown>\n#10 0x5595cbd4b59b <unknown>\n#11 0x5595cbd4f34b <unknown>\n#12 0x5595cbd37681 <unknown>\n#13 0x5595cbd4feb2 <unknown>\n#14 0x5595cbd1c6af <unknown>\n#15 0x5595cbd76428 <unknown>\n#16 0x5595cbd76600 <unknown>\n#17 0x5595cbd85f84 <unknown>\n#18 0x7f6b7e094ac3 <unknown>\n\n",
      "statusTrace" : "  File \"/opt/hostedtoolcache/Python/3.12.3/x64/lib/python3.12/site-packages/allure_commons/_allure.py\", line 192, in impl\n    return func(*a, **kw)\n           ^^^^^^^^^^^^^^\n  File \"/home/runner/work/PulseWave/PulseWave/pages/login_page.py\", line 20, in get_allow_all_cookies\n    return self.element_is_visible(self.locator.ALLOW_ALL_COOKIES)\n           ^^^^^^^^^^^^^^^^^^^^^^^^^^^^^^^^^^^^^^^^^^^^^^^^^^^^^^^\n  File \"/home/runner/work/PulseWave/PulseWave/pages/base_page.py\", line 19, in element_is_visible\n    self.go_to_element(self.element_is_present(locator))\n                       ^^^^^^^^^^^^^^^^^^^^^^^^^^^^^^^^\n  File \"/home/runner/work/PulseWave/PulseWave/pages/base_page.py\", line 35, in element_is_present\n    return Wait(self.driver, self.timeout).until(es.presence_of_element_located(locator))\n           ^^^^^^^^^^^^^^^^^^^^^^^^^^^^^^^^^^^^^^^^^^^^^^^^^^^^^^^^^^^^^^^^^^^^^^^^^^^^^^\n  File \"/opt/hostedtoolcache/Python/3.12.3/x64/lib/python3.12/site-packages/selenium/webdriver/support/wait.py\", line 105, in until\n    raise TimeoutException(message, screen, stacktrace)\n",
      "steps" : [ ],
      "attachments" : [ ],
      "parameters" : [ ],
      "stepsCount" : 0,
      "attachmentsCount" : 0,
      "shouldDisplayMessage" : true,
      "hasContent" : true
    } ],
    "attachments" : [ ],
    "parameters" : [ ],
    "stepsCount" : 1,
    "attachmentsCount" : 0,
    "shouldDisplayMessage" : false,
    "hasContent" : true
  } ],
  "afterStages" : [ {
    "name" : "driver::0",
    "time" : {
      "start" : 1714273136913,
      "stop" : 1714273136971,
      "duration" : 58
    },
    "status" : "passed",
    "steps" : [ ],
    "attachments" : [ ],
    "parameters" : [ ],
    "stepsCount" : 0,
    "attachmentsCount" : 0,
    "shouldDisplayMessage" : false,
    "hasContent" : false
  } ],
  "labels" : [ {
    "name" : "epic",
    "value" : "Тестирование страницы 'Войти'"
  }, {
    "name" : "tag",
    "value" : "smoke"
  }, {
    "name" : "parentSuite",
    "value" : "tests.test_login_page"
  }, {
    "name" : "suite",
    "value" : "test_login_page"
  }, {
    "name" : "subSuite",
    "value" : "TestLoginPage"
  }, {
    "name" : "host",
    "value" : "fv-az1383-514"
  }, {
    "name" : "thread",
    "value" : "2368-MainThread"
  }, {
    "name" : "framework",
    "value" : "pytest"
  }, {
    "name" : "language",
    "value" : "cpython3"
  }, {
    "name" : "package",
    "value" : "tests.test_login_page.test_login_page"
  }, {
    "name" : "resultFormat",
    "value" : "allure2"
  } ],
  "parameters" : [ {
    "name" : "browser",
    "value" : "'chrome'"
  } ],
  "links" : [ ],
  "hidden" : false,
  "retry" : false,
  "extra" : {
    "severity" : "normal",
    "retries" : [ ],
    "categories" : [ {
      "name" : "Test defects",
      "matchedStatuses" : [ ],
      "flaky" : false
    } ],
    "history" : {
      "statistic" : {
        "failed" : 0,
        "broken" : 1,
        "skipped" : 0,
        "passed" : 11,
        "unknown" : 0,
        "total" : 12
      },
      "items" : [ {
        "uid" : "e4a6ce6baa32cb4",
        "reportUrl" : "https://Nat754.github.io/PulseWave/7//#testresult/e4a6ce6baa32cb4",
        "status" : "passed",
        "time" : {
          "start" : 1714185067655,
          "stop" : 1714185069846,
          "duration" : 2191
        }
      }, {
        "uid" : "2e96d7fc2352c64a",
        "reportUrl" : "https://Nat754.github.io/PulseWave/6//#testresult/2e96d7fc2352c64a",
        "status" : "passed",
        "time" : {
          "start" : 1714148522911,
          "stop" : 1714148525105,
          "duration" : 2194
        }
      }, {
        "uid" : "15f9f13e54660128",
        "reportUrl" : "https://Nat754.github.io/PulseWave/6//#testresult/15f9f13e54660128",
        "status" : "passed",
        "time" : {
          "start" : 1714098572979,
          "stop" : 1714098575164,
          "duration" : 2185
        }
      }, {
        "uid" : "79e75b373a6bc3f8",
        "reportUrl" : "https://Nat754.github.io/PulseWave/5//#testresult/79e75b373a6bc3f8",
        "status" : "passed",
        "time" : {
          "start" : 1714014444062,
          "stop" : 1714014446252,
          "duration" : 2190
        }
      }, {
        "uid" : "ecea972f1cef2978",
        "reportUrl" : "https://Nat754.github.io/PulseWave/211//#testresult/ecea972f1cef2978",
        "status" : "passed",
        "time" : {
          "start" : 1713945945126,
          "stop" : 1713945947312,
          "duration" : 2186
        }
      }, {
        "uid" : "1f0affed0783442f",
        "reportUrl" : "https://Nat754.github.io/PulseWave/4//#testresult/1f0affed0783442f",
        "status" : "passed",
        "time" : {
          "start" : 1713925736328,
          "stop" : 1713925738521,
          "duration" : 2193
        }
      }, {
        "uid" : "2f0a6d143258e9fa",
        "reportUrl" : "https://Nat754.github.io/PulseWave/211//#testresult/2f0a6d143258e9fa",
        "status" : "passed",
        "time" : {
          "start" : 1713901597767,
          "stop" : 1713901599965,
          "duration" : 2198
        }
      }, {
        "uid" : "fe489eaca0bafad6",
        "reportUrl" : "https://Nat754.github.io/PulseWave/210//#testresult/fe489eaca0bafad6",
        "status" : "passed",
        "time" : {
          "start" : 1713885808226,
          "stop" : 1713885810412,
          "duration" : 2186
        }
      }, {
        "uid" : "b6fb47566554f256",
        "reportUrl" : "https://Nat754.github.io/PulseWave/209//#testresult/b6fb47566554f256",
        "status" : "passed",
        "time" : {
          "start" : 1713883700416,
          "stop" : 1713883702601,
          "duration" : 2185
        }
      }, {
        "uid" : "d90383ec6067df2",
        "reportUrl" : "https://Nat754.github.io/PulseWave/209//#testresult/d90383ec6067df2",
        "status" : "passed",
        "time" : {
          "start" : 1713882226010,
          "stop" : 1713882228201,
          "duration" : 2191
        }
      }, {
        "uid" : "ec5ad074a38102c0",
        "reportUrl" : "https://Nat754.github.io/PulseWave/208//#testresult/ec5ad074a38102c0",
        "status" : "passed",
        "time" : {
          "start" : 1713879403479,
          "stop" : 1713879405676,
          "duration" : 2197
        }
      } ]
    },
    "tags" : [ "smoke" ]
  },
  "source" : "77ddb1c62daf0671.json",
  "parameterValues" : [ "'chrome'" ]
}