{
  "uid" : "80d9c4431d179822",
  "name" : "3.4 Проверка некликабельности кнопки 'Продолжить'",
  "fullName" : "tests.test_password_recovery.test_password_recovery.TestPasswordRecoveryPage#test_check_resume_button_is_not_clickable_without_email",
  "historyId" : "70ed930c71f149fb2a4b1475b327d5c1",
  "time" : {
    "start" : 1714273873539,
    "stop" : 1714273873539,
    "duration" : 0
  },
  "status" : "broken",
  "statusMessage" : "selenium.common.exceptions.TimeoutException: Message: \nStacktrace:\n#0 0x55ba5ca02e33 <unknown>\n#1 0x55ba5c6f2567 <unknown>\n#2 0x55ba5c73d27d <unknown>\n#3 0x55ba5c73d331 <unknown>\n#4 0x55ba5c780624 <unknown>\n#5 0x55ba5c75f38d <unknown>\n#6 0x55ba5c77dae2 <unknown>\n#7 0x55ba5c75f103 <unknown>\n#8 0x55ba5c7301ba <unknown>\n#9 0x55ba5c730b8e <unknown>\n#10 0x55ba5c9c759b <unknown>\n#11 0x55ba5c9cb34b <unknown>\n#12 0x55ba5c9b3681 <unknown>\n#13 0x55ba5c9cbeb2 <unknown>\n#14 0x55ba5c9986af <unknown>\n#15 0x55ba5c9f2428 <unknown>\n#16 0x55ba5c9f2600 <unknown>\n#17 0x55ba5ca01f84 <unknown>\n#18 0x7ff2f2e94ac3 <unknown>",
  "statusTrace" : "driver = <selenium.webdriver.chrome.webdriver.WebDriver (session=\"b2c628b02ca7111f6bc8f8bef6c798b9\")>\n\n    @pytest.fixture(scope='function')\n    def recovery_page_open(driver):\n        recovery_page = PasswordRecoveryPage(driver)\n        driver.get(Constant.PASSWORD_RECOVERY)\n>       recovery_page.get_allow_all_cookies().click()\n\ntests/test_password_recovery/conftest.py:10: \n_ _ _ _ _ _ _ _ _ _ _ _ _ _ _ _ _ _ _ _ _ _ _ _ _ _ _ _ _ _ _ _ _ _ _ _ _ _ _ _ \npages/password_recovery_page.py:38: in get_allow_all_cookies\n    return self.element_is_visible(self.locator.ALLOW_ALL_COOKIES)\npages/base_page.py:19: in element_is_visible\n    self.go_to_element(self.element_is_present(locator))\npages/base_page.py:35: in element_is_present\n    return Wait(self.driver, self.timeout).until(es.presence_of_element_located(locator))\n_ _ _ _ _ _ _ _ _ _ _ _ _ _ _ _ _ _ _ _ _ _ _ _ _ _ _ _ _ _ _ _ _ _ _ _ _ _ _ _ \n\nself = <selenium.webdriver.support.wait.WebDriverWait (session=\"b2c628b02ca7111f6bc8f8bef6c798b9\")>\nmethod = <function presence_of_element_located.<locals>._predicate at 0x7f3f3a4d80e0>\nmessage = ''\n\n    def until(self, method: Callable[[D], Union[Literal[False], T]], message: str = \"\") -> T:\n        \"\"\"Calls the method provided with the driver as an argument until the \\\n        return value does not evaluate to ``False``.\n    \n        :param method: callable(WebDriver)\n        :param message: optional message for :exc:`TimeoutException`\n        :returns: the result of the last call to `method`\n        :raises: :exc:`selenium.common.exceptions.TimeoutException` if timeout occurs\n        \"\"\"\n        screen = None\n        stacktrace = None\n    \n        end_time = time.monotonic() + self._timeout\n        while True:\n            try:\n                value = method(self._driver)\n                if value:\n                    return value\n            except self._ignored_exceptions as exc:\n                screen = getattr(exc, \"screen\", None)\n                stacktrace = getattr(exc, \"stacktrace\", None)\n            time.sleep(self._poll)\n            if time.monotonic() > end_time:\n                break\n>       raise TimeoutException(message, screen, stacktrace)\nE       selenium.common.exceptions.TimeoutException: Message: \nE       Stacktrace:\nE       #0 0x55ba5ca02e33 <unknown>\nE       #1 0x55ba5c6f2567 <unknown>\nE       #2 0x55ba5c73d27d <unknown>\nE       #3 0x55ba5c73d331 <unknown>\nE       #4 0x55ba5c780624 <unknown>\nE       #5 0x55ba5c75f38d <unknown>\nE       #6 0x55ba5c77dae2 <unknown>\nE       #7 0x55ba5c75f103 <unknown>\nE       #8 0x55ba5c7301ba <unknown>\nE       #9 0x55ba5c730b8e <unknown>\nE       #10 0x55ba5c9c759b <unknown>\nE       #11 0x55ba5c9cb34b <unknown>\nE       #12 0x55ba5c9b3681 <unknown>\nE       #13 0x55ba5c9cbeb2 <unknown>\nE       #14 0x55ba5c9986af <unknown>\nE       #15 0x55ba5c9f2428 <unknown>\nE       #16 0x55ba5c9f2600 <unknown>\nE       #17 0x55ba5ca01f84 <unknown>\nE       #18 0x7ff2f2e94ac3 <unknown>\n\n/opt/hostedtoolcache/Python/3.12.3/x64/lib/python3.12/site-packages/selenium/webdriver/support/wait.py:105: TimeoutException",
  "flaky" : false,
  "newFailed" : false,
  "beforeStages" : [ {
    "name" : "clear_allure_results_folder",
    "time" : {
      "start" : 1714270943308,
      "stop" : 1714270943308,
      "duration" : 0
    },
    "status" : "passed",
    "steps" : [ ],
    "attachments" : [ ],
    "parameters" : [ ],
    "stepsCount" : 0,
    "attachmentsCount" : 0,
    "shouldDisplayMessage" : false,
    "hasContent" : false
  }, {
    "name" : "_session_faker",
    "time" : {
      "start" : 1714270943291,
      "stop" : 1714270943307,
      "duration" : 16
    },
    "status" : "passed",
    "steps" : [ ],
    "attachments" : [ ],
    "parameters" : [ ],
    "stepsCount" : 0,
    "attachmentsCount" : 0,
    "shouldDisplayMessage" : false,
    "hasContent" : false
  }, {
    "name" : "recovery_page_open",
    "time" : {
      "start" : 1714273873739,
      "stop" : 1714273894475,
      "duration" : 20736
    },
    "status" : "broken",
    "statusMessage" : "selenium.common.exceptions.TimeoutException: Message: \nStacktrace:\n#0 0x55ba5ca02e33 <unknown>\n#1 0x55ba5c6f2567 <unknown>\n#2 0x55ba5c73d27d <unknown>\n#3 0x55ba5c73d331 <unknown>\n#4 0x55ba5c780624 <unknown>\n#5 0x55ba5c75f38d <unknown>\n#6 0x55ba5c77dae2 <unknown>\n#7 0x55ba5c75f103 <unknown>\n#8 0x55ba5c7301ba <unknown>\n#9 0x55ba5c730b8e <unknown>\n#10 0x55ba5c9c759b <unknown>\n#11 0x55ba5c9cb34b <unknown>\n#12 0x55ba5c9b3681 <unknown>\n#13 0x55ba5c9cbeb2 <unknown>\n#14 0x55ba5c9986af <unknown>\n#15 0x55ba5c9f2428 <unknown>\n#16 0x55ba5c9f2600 <unknown>\n#17 0x55ba5ca01f84 <unknown>\n#18 0x7ff2f2e94ac3 <unknown>\n\n",
    "statusTrace" : "  File \"/opt/hostedtoolcache/Python/3.12.3/x64/lib/python3.12/site-packages/pluggy/_callers.py\", line 167, in _multicall\n    teardown.throw(outcome._exception)\n  File \"/opt/hostedtoolcache/Python/3.12.3/x64/lib/python3.12/site-packages/_pytest/setuponly.py\", line 36, in pytest_fixture_setup\n    return (yield)\n            ^^^^^\n  File \"/opt/hostedtoolcache/Python/3.12.3/x64/lib/python3.12/site-packages/pluggy/_callers.py\", line 103, in _multicall\n    res = hook_impl.function(*args)\n          ^^^^^^^^^^^^^^^^^^^^^^^^^\n  File \"/opt/hostedtoolcache/Python/3.12.3/x64/lib/python3.12/site-packages/_pytest/fixtures.py\", line 1140, in pytest_fixture_setup\n    result = call_fixture_func(fixturefunc, request, kwargs)\n             ^^^^^^^^^^^^^^^^^^^^^^^^^^^^^^^^^^^^^^^^^^^^^^^\n  File \"/opt/hostedtoolcache/Python/3.12.3/x64/lib/python3.12/site-packages/_pytest/fixtures.py\", line 917, in call_fixture_func\n    fixture_result = fixturefunc(**kwargs)\n                     ^^^^^^^^^^^^^^^^^^^^^\n  File \"/home/runner/work/PulseWave/PulseWave/tests/test_password_recovery/conftest.py\", line 10, in recovery_page_open\n    recovery_page.get_allow_all_cookies().click()\n    ^^^^^^^^^^^^^^^^^^^^^^^^^^^^^^^^^^^^^\n  File \"/opt/hostedtoolcache/Python/3.12.3/x64/lib/python3.12/site-packages/allure_commons/_allure.py\", line 192, in impl\n    return func(*a, **kw)\n           ^^^^^^^^^^^^^^\n  File \"/home/runner/work/PulseWave/PulseWave/pages/password_recovery_page.py\", line 38, in get_allow_all_cookies\n    return self.element_is_visible(self.locator.ALLOW_ALL_COOKIES)\n           ^^^^^^^^^^^^^^^^^^^^^^^^^^^^^^^^^^^^^^^^^^^^^^^^^^^^^^^\n  File \"/home/runner/work/PulseWave/PulseWave/pages/base_page.py\", line 19, in element_is_visible\n    self.go_to_element(self.element_is_present(locator))\n                       ^^^^^^^^^^^^^^^^^^^^^^^^^^^^^^^^\n  File \"/home/runner/work/PulseWave/PulseWave/pages/base_page.py\", line 35, in element_is_present\n    return Wait(self.driver, self.timeout).until(es.presence_of_element_located(locator))\n           ^^^^^^^^^^^^^^^^^^^^^^^^^^^^^^^^^^^^^^^^^^^^^^^^^^^^^^^^^^^^^^^^^^^^^^^^^^^^^^\n  File \"/opt/hostedtoolcache/Python/3.12.3/x64/lib/python3.12/site-packages/selenium/webdriver/support/wait.py\", line 105, in until\n    raise TimeoutException(message, screen, stacktrace)\n",
    "steps" : [ {
      "name" : "Проверка видимости кнопки 'Принимаю все' в сообщении о принятии файлов cookie",
      "time" : {
        "start" : 1714273874057,
        "stop" : 1714273894474,
        "duration" : 20417
      },
      "status" : "broken",
      "statusMessage" : "selenium.common.exceptions.TimeoutException: Message: \nStacktrace:\n#0 0x55ba5ca02e33 <unknown>\n#1 0x55ba5c6f2567 <unknown>\n#2 0x55ba5c73d27d <unknown>\n#3 0x55ba5c73d331 <unknown>\n#4 0x55ba5c780624 <unknown>\n#5 0x55ba5c75f38d <unknown>\n#6 0x55ba5c77dae2 <unknown>\n#7 0x55ba5c75f103 <unknown>\n#8 0x55ba5c7301ba <unknown>\n#9 0x55ba5c730b8e <unknown>\n#10 0x55ba5c9c759b <unknown>\n#11 0x55ba5c9cb34b <unknown>\n#12 0x55ba5c9b3681 <unknown>\n#13 0x55ba5c9cbeb2 <unknown>\n#14 0x55ba5c9986af <unknown>\n#15 0x55ba5c9f2428 <unknown>\n#16 0x55ba5c9f2600 <unknown>\n#17 0x55ba5ca01f84 <unknown>\n#18 0x7ff2f2e94ac3 <unknown>\n\n",
      "statusTrace" : "  File \"/opt/hostedtoolcache/Python/3.12.3/x64/lib/python3.12/site-packages/allure_commons/_allure.py\", line 192, in impl\n    return func(*a, **kw)\n           ^^^^^^^^^^^^^^\n  File \"/home/runner/work/PulseWave/PulseWave/pages/password_recovery_page.py\", line 38, in get_allow_all_cookies\n    return self.element_is_visible(self.locator.ALLOW_ALL_COOKIES)\n           ^^^^^^^^^^^^^^^^^^^^^^^^^^^^^^^^^^^^^^^^^^^^^^^^^^^^^^^\n  File \"/home/runner/work/PulseWave/PulseWave/pages/base_page.py\", line 19, in element_is_visible\n    self.go_to_element(self.element_is_present(locator))\n                       ^^^^^^^^^^^^^^^^^^^^^^^^^^^^^^^^\n  File \"/home/runner/work/PulseWave/PulseWave/pages/base_page.py\", line 35, in element_is_present\n    return Wait(self.driver, self.timeout).until(es.presence_of_element_located(locator))\n           ^^^^^^^^^^^^^^^^^^^^^^^^^^^^^^^^^^^^^^^^^^^^^^^^^^^^^^^^^^^^^^^^^^^^^^^^^^^^^^\n  File \"/opt/hostedtoolcache/Python/3.12.3/x64/lib/python3.12/site-packages/selenium/webdriver/support/wait.py\", line 105, in until\n    raise TimeoutException(message, screen, stacktrace)\n",
      "steps" : [ ],
      "attachments" : [ ],
      "parameters" : [ ],
      "stepsCount" : 0,
      "attachmentsCount" : 0,
      "shouldDisplayMessage" : true,
      "hasContent" : true
    } ],
    "attachments" : [ ],
    "parameters" : [ ],
    "stepsCount" : 1,
    "attachmentsCount" : 0,
    "shouldDisplayMessage" : false,
    "hasContent" : true
  }, {
    "name" : "driver",
    "time" : {
      "start" : 1714273873540,
      "stop" : 1714273873739,
      "duration" : 199
    },
    "status" : "passed",
    "steps" : [ ],
    "attachments" : [ ],
    "parameters" : [ ],
    "stepsCount" : 0,
    "attachmentsCount" : 0,
    "shouldDisplayMessage" : false,
    "hasContent" : false
  } ],
  "afterStages" : [ {
    "name" : "driver::0",
    "time" : {
      "start" : 1714273894488,
      "stop" : 1714273895522,
      "duration" : 1034
    },
    "status" : "passed",
    "steps" : [ ],
    "attachments" : [ ],
    "parameters" : [ ],
    "stepsCount" : 0,
    "attachmentsCount" : 0,
    "shouldDisplayMessage" : false,
    "hasContent" : false
  } ],
  "labels" : [ {
    "name" : "epic",
    "value" : "Тестирование страницы 'Восстановление пароля'"
  }, {
    "name" : "tag",
    "value" : "regress"
  }, {
    "name" : "parentSuite",
    "value" : "tests.test_password_recovery"
  }, {
    "name" : "suite",
    "value" : "test_password_recovery"
  }, {
    "name" : "subSuite",
    "value" : "TestPasswordRecoveryPage"
  }, {
    "name" : "host",
    "value" : "fv-az1383-514"
  }, {
    "name" : "thread",
    "value" : "2368-MainThread"
  }, {
    "name" : "framework",
    "value" : "pytest"
  }, {
    "name" : "language",
    "value" : "cpython3"
  }, {
    "name" : "package",
    "value" : "tests.test_password_recovery.test_password_recovery"
  }, {
    "name" : "resultFormat",
    "value" : "allure2"
  } ],
  "parameters" : [ {
    "name" : "browser",
    "value" : "'chrome'"
  } ],
  "links" : [ ],
  "hidden" : false,
  "retry" : false,
  "extra" : {
    "severity" : "normal",
    "retries" : [ ],
    "categories" : [ {
      "name" : "Test defects",
      "matchedStatuses" : [ ],
      "flaky" : false
    } ],
    "history" : {
      "statistic" : {
        "failed" : 0,
        "broken" : 1,
        "skipped" : 0,
        "passed" : 11,
        "unknown" : 0,
        "total" : 12
      },
      "items" : [ {
        "uid" : "7f94f3769b9ce4d6",
        "reportUrl" : "https://Nat754.github.io/PulseWave/7//#testresult/7f94f3769b9ce4d6",
        "status" : "passed",
        "time" : {
          "start" : 1714185208477,
          "stop" : 1714185210556,
          "duration" : 2079
        }
      }, {
        "uid" : "cbdc0573d2d38004",
        "reportUrl" : "https://Nat754.github.io/PulseWave/6//#testresult/cbdc0573d2d38004",
        "status" : "passed",
        "time" : {
          "start" : 1714148635637,
          "stop" : 1714148637717,
          "duration" : 2080
        }
      }, {
        "uid" : "9a19a9dd7b74f918",
        "reportUrl" : "https://Nat754.github.io/PulseWave/6//#testresult/9a19a9dd7b74f918",
        "status" : "passed",
        "time" : {
          "start" : 1714098685548,
          "stop" : 1714098687623,
          "duration" : 2075
        }
      }, {
        "uid" : "1fdae37ab6182f34",
        "reportUrl" : "https://Nat754.github.io/PulseWave/5//#testresult/1fdae37ab6182f34",
        "status" : "passed",
        "time" : {
          "start" : 1714014541191,
          "stop" : 1714014543275,
          "duration" : 2084
        }
      }, {
        "uid" : "603b168915727313",
        "reportUrl" : "https://Nat754.github.io/PulseWave/211//#testresult/603b168915727313",
        "status" : "passed",
        "time" : {
          "start" : 1713946048710,
          "stop" : 1713946050785,
          "duration" : 2075
        }
      }, {
        "uid" : "67643096a999a32f",
        "reportUrl" : "https://Nat754.github.io/PulseWave/4//#testresult/67643096a999a32f",
        "status" : "passed",
        "time" : {
          "start" : 1713925839152,
          "stop" : 1713925841229,
          "duration" : 2077
        }
      }, {
        "uid" : "aaf9800b9cd1e06f",
        "reportUrl" : "https://Nat754.github.io/PulseWave/211//#testresult/aaf9800b9cd1e06f",
        "status" : "passed",
        "time" : {
          "start" : 1713901714103,
          "stop" : 1713901716183,
          "duration" : 2080
        }
      }, {
        "uid" : "ba629866f3aafec2",
        "reportUrl" : "https://Nat754.github.io/PulseWave/210//#testresult/ba629866f3aafec2",
        "status" : "passed",
        "time" : {
          "start" : 1713885947043,
          "stop" : 1713885949120,
          "duration" : 2077
        }
      }, {
        "uid" : "347ab5394da82f2e",
        "reportUrl" : "https://Nat754.github.io/PulseWave/209//#testresult/347ab5394da82f2e",
        "status" : "passed",
        "time" : {
          "start" : 1713883833149,
          "stop" : 1713883835227,
          "duration" : 2078
        }
      }, {
        "uid" : "58a85326d32eb6e0",
        "reportUrl" : "https://Nat754.github.io/PulseWave/209//#testresult/58a85326d32eb6e0",
        "status" : "passed",
        "time" : {
          "start" : 1713882364714,
          "stop" : 1713882366794,
          "duration" : 2080
        }
      }, {
        "uid" : "eef5448837532ddd",
        "reportUrl" : "https://Nat754.github.io/PulseWave/208//#testresult/eef5448837532ddd",
        "status" : "passed",
        "time" : {
          "start" : 1713879544071,
          "stop" : 1713879546153,
          "duration" : 2082
        }
      } ]
    },
    "tags" : [ "regress" ]
  },
  "source" : "80d9c4431d179822.json",
  "parameterValues" : [ "'chrome'" ]
}