{
  "uid" : "824e474a6a50d129",
  "name" : "1.29 Окно регистрации сообщение 'Регистрируясь, я соглашаюсь с Условиями пользования и Политикой конфиденциальности' проверка корректности перехода по ссылке 'Политикой конфиденциальности'",
  "fullName" : "tests.test_signup_page.test_signup_page.TestSignupPage#test_check_redirect_to_policy_service",
  "historyId" : "6b8e8c4fb1250455233d4fdf5286f7f1",
  "time" : {
    "start" : 1714274294575,
    "stop" : 1714274294575,
    "duration" : 0
  },
  "status" : "broken",
  "statusMessage" : "selenium.common.exceptions.TimeoutException: Message: \nStacktrace:\n#0 0x55a85930ae33 <unknown>\n#1 0x55a858ffa567 <unknown>\n#2 0x55a85904527d <unknown>\n#3 0x55a859045331 <unknown>\n#4 0x55a859088624 <unknown>\n#5 0x55a85906738d <unknown>\n#6 0x55a859085ae2 <unknown>\n#7 0x55a859067103 <unknown>\n#8 0x55a8590381ba <unknown>\n#9 0x55a859038b8e <unknown>\n#10 0x55a8592cf59b <unknown>\n#11 0x55a8592d334b <unknown>\n#12 0x55a8592bb681 <unknown>\n#13 0x55a8592d3eb2 <unknown>\n#14 0x55a8592a06af <unknown>\n#15 0x55a8592fa428 <unknown>\n#16 0x55a8592fa600 <unknown>\n#17 0x55a859309f84 <unknown>\n#18 0x7fc6bf694ac3 <unknown>",
  "statusTrace" : "driver = <selenium.webdriver.chrome.webdriver.WebDriver (session=\"d0f6011eabda3dd9ada5f813444debfd\")>\n\n    @pytest.fixture(scope='function')\n    def signup_page_open(driver):\n        signup_page = SignUpPage(driver)\n        driver.get(Constant.SIGNUP_PAGE)\n>       signup_page.get_allow_all_cookies().click()\n\ntests/test_signup_page/conftest.py:10: \n_ _ _ _ _ _ _ _ _ _ _ _ _ _ _ _ _ _ _ _ _ _ _ _ _ _ _ _ _ _ _ _ _ _ _ _ _ _ _ _ \npages/signup_page.py:39: in get_allow_all_cookies\n    return self.element_is_visible(self.locator.ALLOW_ALL_COOKIES)\npages/base_page.py:19: in element_is_visible\n    self.go_to_element(self.element_is_present(locator))\npages/base_page.py:35: in element_is_present\n    return Wait(self.driver, self.timeout).until(es.presence_of_element_located(locator))\n_ _ _ _ _ _ _ _ _ _ _ _ _ _ _ _ _ _ _ _ _ _ _ _ _ _ _ _ _ _ _ _ _ _ _ _ _ _ _ _ \n\nself = <selenium.webdriver.support.wait.WebDriverWait (session=\"d0f6011eabda3dd9ada5f813444debfd\")>\nmethod = <function presence_of_element_located.<locals>._predicate at 0x7f3f3a715620>\nmessage = ''\n\n    def until(self, method: Callable[[D], Union[Literal[False], T]], message: str = \"\") -> T:\n        \"\"\"Calls the method provided with the driver as an argument until the \\\n        return value does not evaluate to ``False``.\n    \n        :param method: callable(WebDriver)\n        :param message: optional message for :exc:`TimeoutException`\n        :returns: the result of the last call to `method`\n        :raises: :exc:`selenium.common.exceptions.TimeoutException` if timeout occurs\n        \"\"\"\n        screen = None\n        stacktrace = None\n    \n        end_time = time.monotonic() + self._timeout\n        while True:\n            try:\n                value = method(self._driver)\n                if value:\n                    return value\n            except self._ignored_exceptions as exc:\n                screen = getattr(exc, \"screen\", None)\n                stacktrace = getattr(exc, \"stacktrace\", None)\n            time.sleep(self._poll)\n            if time.monotonic() > end_time:\n                break\n>       raise TimeoutException(message, screen, stacktrace)\nE       selenium.common.exceptions.TimeoutException: Message: \nE       Stacktrace:\nE       #0 0x55a85930ae33 <unknown>\nE       #1 0x55a858ffa567 <unknown>\nE       #2 0x55a85904527d <unknown>\nE       #3 0x55a859045331 <unknown>\nE       #4 0x55a859088624 <unknown>\nE       #5 0x55a85906738d <unknown>\nE       #6 0x55a859085ae2 <unknown>\nE       #7 0x55a859067103 <unknown>\nE       #8 0x55a8590381ba <unknown>\nE       #9 0x55a859038b8e <unknown>\nE       #10 0x55a8592cf59b <unknown>\nE       #11 0x55a8592d334b <unknown>\nE       #12 0x55a8592bb681 <unknown>\nE       #13 0x55a8592d3eb2 <unknown>\nE       #14 0x55a8592a06af <unknown>\nE       #15 0x55a8592fa428 <unknown>\nE       #16 0x55a8592fa600 <unknown>\nE       #17 0x55a859309f84 <unknown>\nE       #18 0x7fc6bf694ac3 <unknown>\n\n/opt/hostedtoolcache/Python/3.12.3/x64/lib/python3.12/site-packages/selenium/webdriver/support/wait.py:105: TimeoutException",
  "flaky" : false,
  "newFailed" : false,
  "beforeStages" : [ {
    "name" : "clear_allure_results_folder",
    "time" : {
      "start" : 1714270943308,
      "stop" : 1714270943308,
      "duration" : 0
    },
    "status" : "passed",
    "steps" : [ ],
    "attachments" : [ ],
    "parameters" : [ ],
    "stepsCount" : 0,
    "attachmentsCount" : 0,
    "shouldDisplayMessage" : false,
    "hasContent" : false
  }, {
    "name" : "_session_faker",
    "time" : {
      "start" : 1714270943291,
      "stop" : 1714270943307,
      "duration" : 16
    },
    "status" : "passed",
    "steps" : [ ],
    "attachments" : [ ],
    "parameters" : [ ],
    "stepsCount" : 0,
    "attachmentsCount" : 0,
    "shouldDisplayMessage" : false,
    "hasContent" : false
  }, {
    "name" : "driver",
    "time" : {
      "start" : 1714274294576,
      "stop" : 1714274294773,
      "duration" : 197
    },
    "status" : "passed",
    "steps" : [ ],
    "attachments" : [ ],
    "parameters" : [ ],
    "stepsCount" : 0,
    "attachmentsCount" : 0,
    "shouldDisplayMessage" : false,
    "hasContent" : false
  }, {
    "name" : "signup_page_open",
    "time" : {
      "start" : 1714274294773,
      "stop" : 1714274315498,
      "duration" : 20725
    },
    "status" : "broken",
    "statusMessage" : "selenium.common.exceptions.TimeoutException: Message: \nStacktrace:\n#0 0x55a85930ae33 <unknown>\n#1 0x55a858ffa567 <unknown>\n#2 0x55a85904527d <unknown>\n#3 0x55a859045331 <unknown>\n#4 0x55a859088624 <unknown>\n#5 0x55a85906738d <unknown>\n#6 0x55a859085ae2 <unknown>\n#7 0x55a859067103 <unknown>\n#8 0x55a8590381ba <unknown>\n#9 0x55a859038b8e <unknown>\n#10 0x55a8592cf59b <unknown>\n#11 0x55a8592d334b <unknown>\n#12 0x55a8592bb681 <unknown>\n#13 0x55a8592d3eb2 <unknown>\n#14 0x55a8592a06af <unknown>\n#15 0x55a8592fa428 <unknown>\n#16 0x55a8592fa600 <unknown>\n#17 0x55a859309f84 <unknown>\n#18 0x7fc6bf694ac3 <unknown>\n\n",
    "statusTrace" : "  File \"/opt/hostedtoolcache/Python/3.12.3/x64/lib/python3.12/site-packages/pluggy/_callers.py\", line 167, in _multicall\n    teardown.throw(outcome._exception)\n  File \"/opt/hostedtoolcache/Python/3.12.3/x64/lib/python3.12/site-packages/_pytest/setuponly.py\", line 36, in pytest_fixture_setup\n    return (yield)\n            ^^^^^\n  File \"/opt/hostedtoolcache/Python/3.12.3/x64/lib/python3.12/site-packages/pluggy/_callers.py\", line 103, in _multicall\n    res = hook_impl.function(*args)\n          ^^^^^^^^^^^^^^^^^^^^^^^^^\n  File \"/opt/hostedtoolcache/Python/3.12.3/x64/lib/python3.12/site-packages/_pytest/fixtures.py\", line 1140, in pytest_fixture_setup\n    result = call_fixture_func(fixturefunc, request, kwargs)\n             ^^^^^^^^^^^^^^^^^^^^^^^^^^^^^^^^^^^^^^^^^^^^^^^\n  File \"/opt/hostedtoolcache/Python/3.12.3/x64/lib/python3.12/site-packages/_pytest/fixtures.py\", line 917, in call_fixture_func\n    fixture_result = fixturefunc(**kwargs)\n                     ^^^^^^^^^^^^^^^^^^^^^\n  File \"/home/runner/work/PulseWave/PulseWave/tests/test_signup_page/conftest.py\", line 10, in signup_page_open\n    signup_page.get_allow_all_cookies().click()\n    ^^^^^^^^^^^^^^^^^^^^^^^^^^^^^^^^^^^\n  File \"/opt/hostedtoolcache/Python/3.12.3/x64/lib/python3.12/site-packages/allure_commons/_allure.py\", line 192, in impl\n    return func(*a, **kw)\n           ^^^^^^^^^^^^^^\n  File \"/home/runner/work/PulseWave/PulseWave/pages/signup_page.py\", line 39, in get_allow_all_cookies\n    return self.element_is_visible(self.locator.ALLOW_ALL_COOKIES)\n           ^^^^^^^^^^^^^^^^^^^^^^^^^^^^^^^^^^^^^^^^^^^^^^^^^^^^^^^\n  File \"/home/runner/work/PulseWave/PulseWave/pages/base_page.py\", line 19, in element_is_visible\n    self.go_to_element(self.element_is_present(locator))\n                       ^^^^^^^^^^^^^^^^^^^^^^^^^^^^^^^^\n  File \"/home/runner/work/PulseWave/PulseWave/pages/base_page.py\", line 35, in element_is_present\n    return Wait(self.driver, self.timeout).until(es.presence_of_element_located(locator))\n           ^^^^^^^^^^^^^^^^^^^^^^^^^^^^^^^^^^^^^^^^^^^^^^^^^^^^^^^^^^^^^^^^^^^^^^^^^^^^^^\n  File \"/opt/hostedtoolcache/Python/3.12.3/x64/lib/python3.12/site-packages/selenium/webdriver/support/wait.py\", line 105, in until\n    raise TimeoutException(message, screen, stacktrace)\n",
    "steps" : [ {
      "name" : "Проверка видимости кнопки 'Принимаю все' в сообщении о принятии файлов cookie",
      "time" : {
        "start" : 1714274295088,
        "stop" : 1714274315497,
        "duration" : 20409
      },
      "status" : "broken",
      "statusMessage" : "selenium.common.exceptions.TimeoutException: Message: \nStacktrace:\n#0 0x55a85930ae33 <unknown>\n#1 0x55a858ffa567 <unknown>\n#2 0x55a85904527d <unknown>\n#3 0x55a859045331 <unknown>\n#4 0x55a859088624 <unknown>\n#5 0x55a85906738d <unknown>\n#6 0x55a859085ae2 <unknown>\n#7 0x55a859067103 <unknown>\n#8 0x55a8590381ba <unknown>\n#9 0x55a859038b8e <unknown>\n#10 0x55a8592cf59b <unknown>\n#11 0x55a8592d334b <unknown>\n#12 0x55a8592bb681 <unknown>\n#13 0x55a8592d3eb2 <unknown>\n#14 0x55a8592a06af <unknown>\n#15 0x55a8592fa428 <unknown>\n#16 0x55a8592fa600 <unknown>\n#17 0x55a859309f84 <unknown>\n#18 0x7fc6bf694ac3 <unknown>\n\n",
      "statusTrace" : "  File \"/opt/hostedtoolcache/Python/3.12.3/x64/lib/python3.12/site-packages/allure_commons/_allure.py\", line 192, in impl\n    return func(*a, **kw)\n           ^^^^^^^^^^^^^^\n  File \"/home/runner/work/PulseWave/PulseWave/pages/signup_page.py\", line 39, in get_allow_all_cookies\n    return self.element_is_visible(self.locator.ALLOW_ALL_COOKIES)\n           ^^^^^^^^^^^^^^^^^^^^^^^^^^^^^^^^^^^^^^^^^^^^^^^^^^^^^^^\n  File \"/home/runner/work/PulseWave/PulseWave/pages/base_page.py\", line 19, in element_is_visible\n    self.go_to_element(self.element_is_present(locator))\n                       ^^^^^^^^^^^^^^^^^^^^^^^^^^^^^^^^\n  File \"/home/runner/work/PulseWave/PulseWave/pages/base_page.py\", line 35, in element_is_present\n    return Wait(self.driver, self.timeout).until(es.presence_of_element_located(locator))\n           ^^^^^^^^^^^^^^^^^^^^^^^^^^^^^^^^^^^^^^^^^^^^^^^^^^^^^^^^^^^^^^^^^^^^^^^^^^^^^^\n  File \"/opt/hostedtoolcache/Python/3.12.3/x64/lib/python3.12/site-packages/selenium/webdriver/support/wait.py\", line 105, in until\n    raise TimeoutException(message, screen, stacktrace)\n",
      "steps" : [ ],
      "attachments" : [ ],
      "parameters" : [ ],
      "stepsCount" : 0,
      "attachmentsCount" : 0,
      "shouldDisplayMessage" : true,
      "hasContent" : true
    } ],
    "attachments" : [ ],
    "parameters" : [ ],
    "stepsCount" : 1,
    "attachmentsCount" : 0,
    "shouldDisplayMessage" : false,
    "hasContent" : true
  } ],
  "afterStages" : [ {
    "name" : "driver::0",
    "time" : {
      "start" : 1714274315512,
      "stop" : 1714274315570,
      "duration" : 58
    },
    "status" : "passed",
    "steps" : [ ],
    "attachments" : [ ],
    "parameters" : [ ],
    "stepsCount" : 0,
    "attachmentsCount" : 0,
    "shouldDisplayMessage" : false,
    "hasContent" : false
  } ],
  "labels" : [ {
    "name" : "epic",
    "value" : "Тестирование страницы 'Регистрация'"
  }, {
    "name" : "tag",
    "value" : "smoke"
  }, {
    "name" : "parentSuite",
    "value" : "tests.test_signup_page"
  }, {
    "name" : "suite",
    "value" : "test_signup_page"
  }, {
    "name" : "subSuite",
    "value" : "TestSignupPage"
  }, {
    "name" : "host",
    "value" : "fv-az1383-514"
  }, {
    "name" : "thread",
    "value" : "2368-MainThread"
  }, {
    "name" : "framework",
    "value" : "pytest"
  }, {
    "name" : "language",
    "value" : "cpython3"
  }, {
    "name" : "package",
    "value" : "tests.test_signup_page.test_signup_page"
  }, {
    "name" : "resultFormat",
    "value" : "allure2"
  } ],
  "parameters" : [ {
    "name" : "browser",
    "value" : "'chrome'"
  } ],
  "links" : [ ],
  "hidden" : false,
  "retry" : false,
  "extra" : {
    "severity" : "normal",
    "retries" : [ ],
    "categories" : [ {
      "name" : "Test defects",
      "matchedStatuses" : [ ],
      "flaky" : false
    } ],
    "history" : {
      "statistic" : {
        "failed" : 0,
        "broken" : 1,
        "skipped" : 0,
        "passed" : 11,
        "unknown" : 0,
        "total" : 12
      },
      "items" : [ {
        "uid" : "9ce2c3ad2e4d0eaf",
        "reportUrl" : "https://Nat754.github.io/PulseWave/7//#testresult/9ce2c3ad2e4d0eaf",
        "status" : "passed",
        "time" : {
          "start" : 1714185386133,
          "stop" : 1714185386228,
          "duration" : 95
        }
      }, {
        "uid" : "23da387ed82a6aff",
        "reportUrl" : "https://Nat754.github.io/PulseWave/6//#testresult/23da387ed82a6aff",
        "status" : "passed",
        "time" : {
          "start" : 1714148801656,
          "stop" : 1714148801754,
          "duration" : 98
        }
      }, {
        "uid" : "4b0c6a9446e08c39",
        "reportUrl" : "https://Nat754.github.io/PulseWave/6//#testresult/4b0c6a9446e08c39",
        "status" : "passed",
        "time" : {
          "start" : 1714098851459,
          "stop" : 1714098851554,
          "duration" : 95
        }
      }, {
        "uid" : "2902b7bd709cf660",
        "reportUrl" : "https://Nat754.github.io/PulseWave/5//#testresult/2902b7bd709cf660",
        "status" : "passed",
        "time" : {
          "start" : 1714014695469,
          "stop" : 1714014695565,
          "duration" : 96
        }
      }, {
        "uid" : "8cb1e86d98fbe08f",
        "reportUrl" : "https://Nat754.github.io/PulseWave/211//#testresult/8cb1e86d98fbe08f",
        "status" : "passed",
        "time" : {
          "start" : 1713946206886,
          "stop" : 1713946206979,
          "duration" : 93
        }
      }, {
        "uid" : "d92ae3ca3e241cea",
        "reportUrl" : "https://Nat754.github.io/PulseWave/4//#testresult/d92ae3ca3e241cea",
        "status" : "passed",
        "time" : {
          "start" : 1713925998629,
          "stop" : 1713925998721,
          "duration" : 92
        }
      }, {
        "uid" : "8152831b19f0ee28",
        "reportUrl" : "https://Nat754.github.io/PulseWave/211//#testresult/8152831b19f0ee28",
        "status" : "passed",
        "time" : {
          "start" : 1713901880616,
          "stop" : 1713901880715,
          "duration" : 99
        }
      }, {
        "uid" : "52f53e0ba807d45b",
        "reportUrl" : "https://Nat754.github.io/PulseWave/210//#testresult/52f53e0ba807d45b",
        "status" : "passed",
        "time" : {
          "start" : 1713886127412,
          "stop" : 1713886127505,
          "duration" : 93
        }
      }, {
        "uid" : "93a96aee60516dc1",
        "reportUrl" : "https://Nat754.github.io/PulseWave/209//#testresult/93a96aee60516dc1",
        "status" : "passed",
        "time" : {
          "start" : 1713884013624,
          "stop" : 1713884013716,
          "duration" : 92
        }
      }, {
        "uid" : "3c8500976246eb02",
        "reportUrl" : "https://Nat754.github.io/PulseWave/209//#testresult/3c8500976246eb02",
        "status" : "passed",
        "time" : {
          "start" : 1713882545612,
          "stop" : 1713882545708,
          "duration" : 96
        }
      }, {
        "uid" : "9013e5e9d58163b6",
        "reportUrl" : "https://Nat754.github.io/PulseWave/208//#testresult/9013e5e9d58163b6",
        "status" : "passed",
        "time" : {
          "start" : 1713879723152,
          "stop" : 1713879723253,
          "duration" : 101
        }
      } ]
    },
    "tags" : [ "smoke" ]
  },
  "source" : "824e474a6a50d129.json",
  "parameterValues" : [ "'chrome'" ]
}