{
  "uid" : "8a9e7f857c043705",
  "name" : "1.13 Проверка редиректа на главную страницу при клике на логотип",
  "fullName" : "tests.test_header.test_header.TestHeader#test_redirect_logo_login",
  "historyId" : "e0f2ebc585d7a6e3aa02c9eb7365e496",
  "time" : {
    "start" : 1714272128598,
    "stop" : 1714272128598,
    "duration" : 0
  },
  "status" : "broken",
  "statusMessage" : "selenium.common.exceptions.TimeoutException: Message: \nStacktrace:\n#0 0x5620a56c1e33 <unknown>\n#1 0x5620a53b1567 <unknown>\n#2 0x5620a53fc27d <unknown>\n#3 0x5620a53fc331 <unknown>\n#4 0x5620a543f624 <unknown>\n#5 0x5620a541e38d <unknown>\n#6 0x5620a543cae2 <unknown>\n#7 0x5620a541e103 <unknown>\n#8 0x5620a53ef1ba <unknown>\n#9 0x5620a53efb8e <unknown>\n#10 0x5620a568659b <unknown>\n#11 0x5620a568a34b <unknown>\n#12 0x5620a5672681 <unknown>\n#13 0x5620a568aeb2 <unknown>\n#14 0x5620a56576af <unknown>\n#15 0x5620a56b1428 <unknown>\n#16 0x5620a56b1600 <unknown>\n#17 0x5620a56c0f84 <unknown>\n#18 0x7f38e4294ac3 <unknown>",
  "statusTrace" : "driver = <selenium.webdriver.chrome.webdriver.WebDriver (session=\"3e9918070a97e0aa22aa8872406b2037\")>\nurl = 'https://pulsewave.ru/auth/signup'\n\n    @pytest.fixture()\n    def header_open(driver, url):\n        page = HeaderPage(driver)\n        driver.get(url)\n>       page.get_allow_all_cookies().click()\n\ntests/test_header/conftest.py:9: \n_ _ _ _ _ _ _ _ _ _ _ _ _ _ _ _ _ _ _ _ _ _ _ _ _ _ _ _ _ _ _ _ _ _ _ _ _ _ _ _ \npages/header.py:33: in get_allow_all_cookies\n    return self.element_is_visible(FooterLocators.ALLOW_ALL_COOKIES)\npages/base_page.py:19: in element_is_visible\n    self.go_to_element(self.element_is_present(locator))\npages/base_page.py:35: in element_is_present\n    return Wait(self.driver, self.timeout).until(es.presence_of_element_located(locator))\n_ _ _ _ _ _ _ _ _ _ _ _ _ _ _ _ _ _ _ _ _ _ _ _ _ _ _ _ _ _ _ _ _ _ _ _ _ _ _ _ \n\nself = <selenium.webdriver.support.wait.WebDriverWait (session=\"3e9918070a97e0aa22aa8872406b2037\")>\nmethod = <function presence_of_element_located.<locals>._predicate at 0x7f3f3a717a60>\nmessage = ''\n\n    def until(self, method: Callable[[D], Union[Literal[False], T]], message: str = \"\") -> T:\n        \"\"\"Calls the method provided with the driver as an argument until the \\\n        return value does not evaluate to ``False``.\n    \n        :param method: callable(WebDriver)\n        :param message: optional message for :exc:`TimeoutException`\n        :returns: the result of the last call to `method`\n        :raises: :exc:`selenium.common.exceptions.TimeoutException` if timeout occurs\n        \"\"\"\n        screen = None\n        stacktrace = None\n    \n        end_time = time.monotonic() + self._timeout\n        while True:\n            try:\n                value = method(self._driver)\n                if value:\n                    return value\n            except self._ignored_exceptions as exc:\n                screen = getattr(exc, \"screen\", None)\n                stacktrace = getattr(exc, \"stacktrace\", None)\n            time.sleep(self._poll)\n            if time.monotonic() > end_time:\n                break\n>       raise TimeoutException(message, screen, stacktrace)\nE       selenium.common.exceptions.TimeoutException: Message: \nE       Stacktrace:\nE       #0 0x5620a56c1e33 <unknown>\nE       #1 0x5620a53b1567 <unknown>\nE       #2 0x5620a53fc27d <unknown>\nE       #3 0x5620a53fc331 <unknown>\nE       #4 0x5620a543f624 <unknown>\nE       #5 0x5620a541e38d <unknown>\nE       #6 0x5620a543cae2 <unknown>\nE       #7 0x5620a541e103 <unknown>\nE       #8 0x5620a53ef1ba <unknown>\nE       #9 0x5620a53efb8e <unknown>\nE       #10 0x5620a568659b <unknown>\nE       #11 0x5620a568a34b <unknown>\nE       #12 0x5620a5672681 <unknown>\nE       #13 0x5620a568aeb2 <unknown>\nE       #14 0x5620a56576af <unknown>\nE       #15 0x5620a56b1428 <unknown>\nE       #16 0x5620a56b1600 <unknown>\nE       #17 0x5620a56c0f84 <unknown>\nE       #18 0x7f38e4294ac3 <unknown>\n\n/opt/hostedtoolcache/Python/3.12.3/x64/lib/python3.12/site-packages/selenium/webdriver/support/wait.py:105: TimeoutException",
  "flaky" : false,
  "newFailed" : false,
  "beforeStages" : [ {
    "name" : "header_open",
    "time" : {
      "start" : 1714272128795,
      "stop" : 1714272149524,
      "duration" : 20729
    },
    "status" : "broken",
    "statusMessage" : "selenium.common.exceptions.TimeoutException: Message: \nStacktrace:\n#0 0x5620a56c1e33 <unknown>\n#1 0x5620a53b1567 <unknown>\n#2 0x5620a53fc27d <unknown>\n#3 0x5620a53fc331 <unknown>\n#4 0x5620a543f624 <unknown>\n#5 0x5620a541e38d <unknown>\n#6 0x5620a543cae2 <unknown>\n#7 0x5620a541e103 <unknown>\n#8 0x5620a53ef1ba <unknown>\n#9 0x5620a53efb8e <unknown>\n#10 0x5620a568659b <unknown>\n#11 0x5620a568a34b <unknown>\n#12 0x5620a5672681 <unknown>\n#13 0x5620a568aeb2 <unknown>\n#14 0x5620a56576af <unknown>\n#15 0x5620a56b1428 <unknown>\n#16 0x5620a56b1600 <unknown>\n#17 0x5620a56c0f84 <unknown>\n#18 0x7f38e4294ac3 <unknown>\n\n",
    "statusTrace" : "  File \"/opt/hostedtoolcache/Python/3.12.3/x64/lib/python3.12/site-packages/pluggy/_callers.py\", line 167, in _multicall\n    teardown.throw(outcome._exception)\n  File \"/opt/hostedtoolcache/Python/3.12.3/x64/lib/python3.12/site-packages/_pytest/setuponly.py\", line 36, in pytest_fixture_setup\n    return (yield)\n            ^^^^^\n  File \"/opt/hostedtoolcache/Python/3.12.3/x64/lib/python3.12/site-packages/pluggy/_callers.py\", line 103, in _multicall\n    res = hook_impl.function(*args)\n          ^^^^^^^^^^^^^^^^^^^^^^^^^\n  File \"/opt/hostedtoolcache/Python/3.12.3/x64/lib/python3.12/site-packages/_pytest/fixtures.py\", line 1140, in pytest_fixture_setup\n    result = call_fixture_func(fixturefunc, request, kwargs)\n             ^^^^^^^^^^^^^^^^^^^^^^^^^^^^^^^^^^^^^^^^^^^^^^^\n  File \"/opt/hostedtoolcache/Python/3.12.3/x64/lib/python3.12/site-packages/_pytest/fixtures.py\", line 917, in call_fixture_func\n    fixture_result = fixturefunc(**kwargs)\n                     ^^^^^^^^^^^^^^^^^^^^^\n  File \"/home/runner/work/PulseWave/PulseWave/tests/test_header/conftest.py\", line 9, in header_open\n    page.get_allow_all_cookies().click()\n    ^^^^^^^^^^^^^^^^^^^^^^^^^^^^\n  File \"/opt/hostedtoolcache/Python/3.12.3/x64/lib/python3.12/site-packages/allure_commons/_allure.py\", line 192, in impl\n    return func(*a, **kw)\n           ^^^^^^^^^^^^^^\n  File \"/home/runner/work/PulseWave/PulseWave/pages/header.py\", line 33, in get_allow_all_cookies\n    return self.element_is_visible(FooterLocators.ALLOW_ALL_COOKIES)\n           ^^^^^^^^^^^^^^^^^^^^^^^^^^^^^^^^^^^^^^^^^^^^^^^^^^^^^^^^^\n  File \"/home/runner/work/PulseWave/PulseWave/pages/base_page.py\", line 19, in element_is_visible\n    self.go_to_element(self.element_is_present(locator))\n                       ^^^^^^^^^^^^^^^^^^^^^^^^^^^^^^^^\n  File \"/home/runner/work/PulseWave/PulseWave/pages/base_page.py\", line 35, in element_is_present\n    return Wait(self.driver, self.timeout).until(es.presence_of_element_located(locator))\n           ^^^^^^^^^^^^^^^^^^^^^^^^^^^^^^^^^^^^^^^^^^^^^^^^^^^^^^^^^^^^^^^^^^^^^^^^^^^^^^\n  File \"/opt/hostedtoolcache/Python/3.12.3/x64/lib/python3.12/site-packages/selenium/webdriver/support/wait.py\", line 105, in until\n    raise TimeoutException(message, screen, stacktrace)\n",
    "steps" : [ {
      "name" : "Проверка видимости кнопки 'Принимаю всё' в сообщении о принятии файлов cookie на Главной странице",
      "time" : {
        "start" : 1714272129114,
        "stop" : 1714272149524,
        "duration" : 20410
      },
      "status" : "broken",
      "statusMessage" : "selenium.common.exceptions.TimeoutException: Message: \nStacktrace:\n#0 0x5620a56c1e33 <unknown>\n#1 0x5620a53b1567 <unknown>\n#2 0x5620a53fc27d <unknown>\n#3 0x5620a53fc331 <unknown>\n#4 0x5620a543f624 <unknown>\n#5 0x5620a541e38d <unknown>\n#6 0x5620a543cae2 <unknown>\n#7 0x5620a541e103 <unknown>\n#8 0x5620a53ef1ba <unknown>\n#9 0x5620a53efb8e <unknown>\n#10 0x5620a568659b <unknown>\n#11 0x5620a568a34b <unknown>\n#12 0x5620a5672681 <unknown>\n#13 0x5620a568aeb2 <unknown>\n#14 0x5620a56576af <unknown>\n#15 0x5620a56b1428 <unknown>\n#16 0x5620a56b1600 <unknown>\n#17 0x5620a56c0f84 <unknown>\n#18 0x7f38e4294ac3 <unknown>\n\n",
      "statusTrace" : "  File \"/opt/hostedtoolcache/Python/3.12.3/x64/lib/python3.12/site-packages/allure_commons/_allure.py\", line 192, in impl\n    return func(*a, **kw)\n           ^^^^^^^^^^^^^^\n  File \"/home/runner/work/PulseWave/PulseWave/pages/header.py\", line 33, in get_allow_all_cookies\n    return self.element_is_visible(FooterLocators.ALLOW_ALL_COOKIES)\n           ^^^^^^^^^^^^^^^^^^^^^^^^^^^^^^^^^^^^^^^^^^^^^^^^^^^^^^^^^\n  File \"/home/runner/work/PulseWave/PulseWave/pages/base_page.py\", line 19, in element_is_visible\n    self.go_to_element(self.element_is_present(locator))\n                       ^^^^^^^^^^^^^^^^^^^^^^^^^^^^^^^^\n  File \"/home/runner/work/PulseWave/PulseWave/pages/base_page.py\", line 35, in element_is_present\n    return Wait(self.driver, self.timeout).until(es.presence_of_element_located(locator))\n           ^^^^^^^^^^^^^^^^^^^^^^^^^^^^^^^^^^^^^^^^^^^^^^^^^^^^^^^^^^^^^^^^^^^^^^^^^^^^^^\n  File \"/opt/hostedtoolcache/Python/3.12.3/x64/lib/python3.12/site-packages/selenium/webdriver/support/wait.py\", line 105, in until\n    raise TimeoutException(message, screen, stacktrace)\n",
      "steps" : [ ],
      "attachments" : [ ],
      "parameters" : [ ],
      "stepsCount" : 0,
      "attachmentsCount" : 0,
      "shouldDisplayMessage" : true,
      "hasContent" : true
    } ],
    "attachments" : [ ],
    "parameters" : [ ],
    "stepsCount" : 1,
    "attachmentsCount" : 0,
    "shouldDisplayMessage" : false,
    "hasContent" : true
  }, {
    "name" : "clear_allure_results_folder",
    "time" : {
      "start" : 1714270943308,
      "stop" : 1714270943308,
      "duration" : 0
    },
    "status" : "passed",
    "steps" : [ ],
    "attachments" : [ ],
    "parameters" : [ ],
    "stepsCount" : 0,
    "attachmentsCount" : 0,
    "shouldDisplayMessage" : false,
    "hasContent" : false
  }, {
    "name" : "_session_faker",
    "time" : {
      "start" : 1714270943291,
      "stop" : 1714270943307,
      "duration" : 16
    },
    "status" : "passed",
    "steps" : [ ],
    "attachments" : [ ],
    "parameters" : [ ],
    "stepsCount" : 0,
    "attachmentsCount" : 0,
    "shouldDisplayMessage" : false,
    "hasContent" : false
  }, {
    "name" : "driver",
    "time" : {
      "start" : 1714272128598,
      "stop" : 1714272128795,
      "duration" : 197
    },
    "status" : "passed",
    "steps" : [ ],
    "attachments" : [ ],
    "parameters" : [ ],
    "stepsCount" : 0,
    "attachmentsCount" : 0,
    "shouldDisplayMessage" : false,
    "hasContent" : false
  } ],
  "afterStages" : [ {
    "name" : "driver::0",
    "time" : {
      "start" : 1714272149539,
      "stop" : 1714272149597,
      "duration" : 58
    },
    "status" : "passed",
    "steps" : [ ],
    "attachments" : [ ],
    "parameters" : [ ],
    "stepsCount" : 0,
    "attachmentsCount" : 0,
    "shouldDisplayMessage" : false,
    "hasContent" : false
  } ],
  "labels" : [ {
    "name" : "epic",
    "value" : "Тестирование Хедера"
  }, {
    "name" : "tag",
    "value" : "smoke"
  }, {
    "name" : "parentSuite",
    "value" : "tests.test_header"
  }, {
    "name" : "suite",
    "value" : "test_header"
  }, {
    "name" : "subSuite",
    "value" : "TestHeader"
  }, {
    "name" : "host",
    "value" : "fv-az1383-514"
  }, {
    "name" : "thread",
    "value" : "2368-MainThread"
  }, {
    "name" : "framework",
    "value" : "pytest"
  }, {
    "name" : "language",
    "value" : "cpython3"
  }, {
    "name" : "package",
    "value" : "tests.test_header.test_header"
  }, {
    "name" : "resultFormat",
    "value" : "allure2"
  } ],
  "parameters" : [ {
    "name" : "browser",
    "value" : "'chrome'"
  }, {
    "name" : "url",
    "value" : "'https://pulsewave.ru/auth/signup'"
  } ],
  "links" : [ ],
  "hidden" : false,
  "retry" : false,
  "extra" : {
    "severity" : "normal",
    "retries" : [ ],
    "categories" : [ {
      "name" : "Test defects",
      "matchedStatuses" : [ ],
      "flaky" : false
    } ],
    "history" : {
      "statistic" : {
        "failed" : 0,
        "broken" : 1,
        "skipped" : 0,
        "passed" : 11,
        "unknown" : 0,
        "total" : 12
      },
      "items" : [ {
        "uid" : "f0532a822eebe334",
        "reportUrl" : "https://Nat754.github.io/PulseWave/7//#testresult/f0532a822eebe334",
        "status" : "passed",
        "time" : {
          "start" : 1714184889774,
          "stop" : 1714184889838,
          "duration" : 64
        }
      }, {
        "uid" : "4573f9e59dd03d43",
        "reportUrl" : "https://Nat754.github.io/PulseWave/6//#testresult/4573f9e59dd03d43",
        "status" : "passed",
        "time" : {
          "start" : 1714148375645,
          "stop" : 1714148375713,
          "duration" : 68
        }
      }, {
        "uid" : "426833895ce263c4",
        "reportUrl" : "https://Nat754.github.io/PulseWave/6//#testresult/426833895ce263c4",
        "status" : "passed",
        "time" : {
          "start" : 1714098423733,
          "stop" : 1714098423796,
          "duration" : 63
        }
      }, {
        "uid" : "5705370b0637bf46",
        "reportUrl" : "https://Nat754.github.io/PulseWave/5//#testresult/5705370b0637bf46",
        "status" : "passed",
        "time" : {
          "start" : 1714014317793,
          "stop" : 1714014317853,
          "duration" : 60
        }
      }, {
        "uid" : "80b8f72069ce3137",
        "reportUrl" : "https://Nat754.github.io/PulseWave/211//#testresult/80b8f72069ce3137",
        "status" : "passed",
        "time" : {
          "start" : 1713945808306,
          "stop" : 1713945808366,
          "duration" : 60
        }
      }, {
        "uid" : "6dc0b2f48feeba31",
        "reportUrl" : "https://Nat754.github.io/PulseWave/4//#testresult/6dc0b2f48feeba31",
        "status" : "passed",
        "time" : {
          "start" : 1713925601327,
          "stop" : 1713925601387,
          "duration" : 60
        }
      }, {
        "uid" : "7e46a49df294f02a",
        "reportUrl" : "https://Nat754.github.io/PulseWave/211//#testresult/7e46a49df294f02a",
        "status" : "passed",
        "time" : {
          "start" : 1713901444898,
          "stop" : 1713901444962,
          "duration" : 64
        }
      }, {
        "uid" : "7068366d632e3bd0",
        "reportUrl" : "https://Nat754.github.io/PulseWave/210//#testresult/7068366d632e3bd0",
        "status" : "passed",
        "time" : {
          "start" : 1713885624632,
          "stop" : 1713885624700,
          "duration" : 68
        }
      }, {
        "uid" : "b43a5315f895d5fb",
        "reportUrl" : "https://Nat754.github.io/PulseWave/209//#testresult/b43a5315f895d5fb",
        "status" : "passed",
        "time" : {
          "start" : 1713883527719,
          "stop" : 1713883527780,
          "duration" : 61
        }
      }, {
        "uid" : "5b048e709941588b",
        "reportUrl" : "https://Nat754.github.io/PulseWave/209//#testresult/5b048e709941588b",
        "status" : "passed",
        "time" : {
          "start" : 1713882039724,
          "stop" : 1713882039787,
          "duration" : 63
        }
      }, {
        "uid" : "ac2ec6e032681476",
        "reportUrl" : "https://Nat754.github.io/PulseWave/208//#testresult/ac2ec6e032681476",
        "status" : "passed",
        "time" : {
          "start" : 1713879215426,
          "stop" : 1713879215491,
          "duration" : 65
        }
      } ]
    },
    "tags" : [ "smoke" ]
  },
  "source" : "8a9e7f857c043705.json",
  "parameterValues" : [ "'chrome'", "'https://pulsewave.ru/auth/signup'" ]
}