{
  "uid" : "91a3b95abc3c694",
  "name" : "1.24 Регистрация с корректным email и паролем и пустым подтверждением пароля",
  "fullName" : "tests.test_signup_page.test_signup_page.TestSignupPage#test_signup_with_correct_email_and_password_without_confirm_password",
  "historyId" : "8ca844b6fa69f1ab60f3c911dd129e96",
  "time" : {
    "start" : 1714274189592,
    "stop" : 1714274189592,
    "duration" : 0
  },
  "status" : "broken",
  "statusMessage" : "selenium.common.exceptions.TimeoutException: Message: \nStacktrace:\n#0 0x55b06ccdbe33 <unknown>\n#1 0x55b06c9cb567 <unknown>\n#2 0x55b06ca1627d <unknown>\n#3 0x55b06ca16331 <unknown>\n#4 0x55b06ca59624 <unknown>\n#5 0x55b06ca3838d <unknown>\n#6 0x55b06ca56ae2 <unknown>\n#7 0x55b06ca38103 <unknown>\n#8 0x55b06ca091ba <unknown>\n#9 0x55b06ca09b8e <unknown>\n#10 0x55b06cca059b <unknown>\n#11 0x55b06cca434b <unknown>\n#12 0x55b06cc8c681 <unknown>\n#13 0x55b06cca4eb2 <unknown>\n#14 0x55b06cc716af <unknown>\n#15 0x55b06cccb428 <unknown>\n#16 0x55b06cccb600 <unknown>\n#17 0x55b06ccdaf84 <unknown>\n#18 0x7f658e694ac3 <unknown>",
  "statusTrace" : "driver = <selenium.webdriver.chrome.webdriver.WebDriver (session=\"cb151151babb8c70b64d5540a4d497e7\")>\n\n    @pytest.fixture(scope='function')\n    def signup_page_open(driver):\n        signup_page = SignUpPage(driver)\n        driver.get(Constant.SIGNUP_PAGE)\n>       signup_page.get_allow_all_cookies().click()\n\ntests/test_signup_page/conftest.py:10: \n_ _ _ _ _ _ _ _ _ _ _ _ _ _ _ _ _ _ _ _ _ _ _ _ _ _ _ _ _ _ _ _ _ _ _ _ _ _ _ _ \npages/signup_page.py:39: in get_allow_all_cookies\n    return self.element_is_visible(self.locator.ALLOW_ALL_COOKIES)\npages/base_page.py:19: in element_is_visible\n    self.go_to_element(self.element_is_present(locator))\npages/base_page.py:35: in element_is_present\n    return Wait(self.driver, self.timeout).until(es.presence_of_element_located(locator))\n_ _ _ _ _ _ _ _ _ _ _ _ _ _ _ _ _ _ _ _ _ _ _ _ _ _ _ _ _ _ _ _ _ _ _ _ _ _ _ _ \n\nself = <selenium.webdriver.support.wait.WebDriverWait (session=\"cb151151babb8c70b64d5540a4d497e7\")>\nmethod = <function presence_of_element_located.<locals>._predicate at 0x7f3f3a7171a0>\nmessage = ''\n\n    def until(self, method: Callable[[D], Union[Literal[False], T]], message: str = \"\") -> T:\n        \"\"\"Calls the method provided with the driver as an argument until the \\\n        return value does not evaluate to ``False``.\n    \n        :param method: callable(WebDriver)\n        :param message: optional message for :exc:`TimeoutException`\n        :returns: the result of the last call to `method`\n        :raises: :exc:`selenium.common.exceptions.TimeoutException` if timeout occurs\n        \"\"\"\n        screen = None\n        stacktrace = None\n    \n        end_time = time.monotonic() + self._timeout\n        while True:\n            try:\n                value = method(self._driver)\n                if value:\n                    return value\n            except self._ignored_exceptions as exc:\n                screen = getattr(exc, \"screen\", None)\n                stacktrace = getattr(exc, \"stacktrace\", None)\n            time.sleep(self._poll)\n            if time.monotonic() > end_time:\n                break\n>       raise TimeoutException(message, screen, stacktrace)\nE       selenium.common.exceptions.TimeoutException: Message: \nE       Stacktrace:\nE       #0 0x55b06ccdbe33 <unknown>\nE       #1 0x55b06c9cb567 <unknown>\nE       #2 0x55b06ca1627d <unknown>\nE       #3 0x55b06ca16331 <unknown>\nE       #4 0x55b06ca59624 <unknown>\nE       #5 0x55b06ca3838d <unknown>\nE       #6 0x55b06ca56ae2 <unknown>\nE       #7 0x55b06ca38103 <unknown>\nE       #8 0x55b06ca091ba <unknown>\nE       #9 0x55b06ca09b8e <unknown>\nE       #10 0x55b06cca059b <unknown>\nE       #11 0x55b06cca434b <unknown>\nE       #12 0x55b06cc8c681 <unknown>\nE       #13 0x55b06cca4eb2 <unknown>\nE       #14 0x55b06cc716af <unknown>\nE       #15 0x55b06cccb428 <unknown>\nE       #16 0x55b06cccb600 <unknown>\nE       #17 0x55b06ccdaf84 <unknown>\nE       #18 0x7f658e694ac3 <unknown>\n\n/opt/hostedtoolcache/Python/3.12.3/x64/lib/python3.12/site-packages/selenium/webdriver/support/wait.py:105: TimeoutException",
  "flaky" : false,
  "newFailed" : false,
  "beforeStages" : [ {
    "name" : "clear_allure_results_folder",
    "time" : {
      "start" : 1714270943308,
      "stop" : 1714270943308,
      "duration" : 0
    },
    "status" : "passed",
    "steps" : [ ],
    "attachments" : [ ],
    "parameters" : [ ],
    "stepsCount" : 0,
    "attachmentsCount" : 0,
    "shouldDisplayMessage" : false,
    "hasContent" : false
  }, {
    "name" : "_session_faker",
    "time" : {
      "start" : 1714270943291,
      "stop" : 1714270943307,
      "duration" : 16
    },
    "status" : "passed",
    "steps" : [ ],
    "attachments" : [ ],
    "parameters" : [ ],
    "stepsCount" : 0,
    "attachmentsCount" : 0,
    "shouldDisplayMessage" : false,
    "hasContent" : false
  }, {
    "name" : "driver",
    "time" : {
      "start" : 1714274189592,
      "stop" : 1714274189788,
      "duration" : 196
    },
    "status" : "passed",
    "steps" : [ ],
    "attachments" : [ ],
    "parameters" : [ ],
    "stepsCount" : 0,
    "attachmentsCount" : 0,
    "shouldDisplayMessage" : false,
    "hasContent" : false
  }, {
    "name" : "signup_page_open",
    "time" : {
      "start" : 1714274189788,
      "stop" : 1714274210517,
      "duration" : 20729
    },
    "status" : "broken",
    "statusMessage" : "selenium.common.exceptions.TimeoutException: Message: \nStacktrace:\n#0 0x55b06ccdbe33 <unknown>\n#1 0x55b06c9cb567 <unknown>\n#2 0x55b06ca1627d <unknown>\n#3 0x55b06ca16331 <unknown>\n#4 0x55b06ca59624 <unknown>\n#5 0x55b06ca3838d <unknown>\n#6 0x55b06ca56ae2 <unknown>\n#7 0x55b06ca38103 <unknown>\n#8 0x55b06ca091ba <unknown>\n#9 0x55b06ca09b8e <unknown>\n#10 0x55b06cca059b <unknown>\n#11 0x55b06cca434b <unknown>\n#12 0x55b06cc8c681 <unknown>\n#13 0x55b06cca4eb2 <unknown>\n#14 0x55b06cc716af <unknown>\n#15 0x55b06cccb428 <unknown>\n#16 0x55b06cccb600 <unknown>\n#17 0x55b06ccdaf84 <unknown>\n#18 0x7f658e694ac3 <unknown>\n\n",
    "statusTrace" : "  File \"/opt/hostedtoolcache/Python/3.12.3/x64/lib/python3.12/site-packages/pluggy/_callers.py\", line 167, in _multicall\n    teardown.throw(outcome._exception)\n  File \"/opt/hostedtoolcache/Python/3.12.3/x64/lib/python3.12/site-packages/_pytest/setuponly.py\", line 36, in pytest_fixture_setup\n    return (yield)\n            ^^^^^\n  File \"/opt/hostedtoolcache/Python/3.12.3/x64/lib/python3.12/site-packages/pluggy/_callers.py\", line 103, in _multicall\n    res = hook_impl.function(*args)\n          ^^^^^^^^^^^^^^^^^^^^^^^^^\n  File \"/opt/hostedtoolcache/Python/3.12.3/x64/lib/python3.12/site-packages/_pytest/fixtures.py\", line 1140, in pytest_fixture_setup\n    result = call_fixture_func(fixturefunc, request, kwargs)\n             ^^^^^^^^^^^^^^^^^^^^^^^^^^^^^^^^^^^^^^^^^^^^^^^\n  File \"/opt/hostedtoolcache/Python/3.12.3/x64/lib/python3.12/site-packages/_pytest/fixtures.py\", line 917, in call_fixture_func\n    fixture_result = fixturefunc(**kwargs)\n                     ^^^^^^^^^^^^^^^^^^^^^\n  File \"/home/runner/work/PulseWave/PulseWave/tests/test_signup_page/conftest.py\", line 10, in signup_page_open\n    signup_page.get_allow_all_cookies().click()\n    ^^^^^^^^^^^^^^^^^^^^^^^^^^^^^^^^^^^\n  File \"/opt/hostedtoolcache/Python/3.12.3/x64/lib/python3.12/site-packages/allure_commons/_allure.py\", line 192, in impl\n    return func(*a, **kw)\n           ^^^^^^^^^^^^^^\n  File \"/home/runner/work/PulseWave/PulseWave/pages/signup_page.py\", line 39, in get_allow_all_cookies\n    return self.element_is_visible(self.locator.ALLOW_ALL_COOKIES)\n           ^^^^^^^^^^^^^^^^^^^^^^^^^^^^^^^^^^^^^^^^^^^^^^^^^^^^^^^\n  File \"/home/runner/work/PulseWave/PulseWave/pages/base_page.py\", line 19, in element_is_visible\n    self.go_to_element(self.element_is_present(locator))\n                       ^^^^^^^^^^^^^^^^^^^^^^^^^^^^^^^^\n  File \"/home/runner/work/PulseWave/PulseWave/pages/base_page.py\", line 35, in element_is_present\n    return Wait(self.driver, self.timeout).until(es.presence_of_element_located(locator))\n           ^^^^^^^^^^^^^^^^^^^^^^^^^^^^^^^^^^^^^^^^^^^^^^^^^^^^^^^^^^^^^^^^^^^^^^^^^^^^^^\n  File \"/opt/hostedtoolcache/Python/3.12.3/x64/lib/python3.12/site-packages/selenium/webdriver/support/wait.py\", line 105, in until\n    raise TimeoutException(message, screen, stacktrace)\n",
    "steps" : [ {
      "name" : "Проверка видимости кнопки 'Принимаю все' в сообщении о принятии файлов cookie",
      "time" : {
        "start" : 1714274190106,
        "stop" : 1714274210517,
        "duration" : 20411
      },
      "status" : "broken",
      "statusMessage" : "selenium.common.exceptions.TimeoutException: Message: \nStacktrace:\n#0 0x55b06ccdbe33 <unknown>\n#1 0x55b06c9cb567 <unknown>\n#2 0x55b06ca1627d <unknown>\n#3 0x55b06ca16331 <unknown>\n#4 0x55b06ca59624 <unknown>\n#5 0x55b06ca3838d <unknown>\n#6 0x55b06ca56ae2 <unknown>\n#7 0x55b06ca38103 <unknown>\n#8 0x55b06ca091ba <unknown>\n#9 0x55b06ca09b8e <unknown>\n#10 0x55b06cca059b <unknown>\n#11 0x55b06cca434b <unknown>\n#12 0x55b06cc8c681 <unknown>\n#13 0x55b06cca4eb2 <unknown>\n#14 0x55b06cc716af <unknown>\n#15 0x55b06cccb428 <unknown>\n#16 0x55b06cccb600 <unknown>\n#17 0x55b06ccdaf84 <unknown>\n#18 0x7f658e694ac3 <unknown>\n\n",
      "statusTrace" : "  File \"/opt/hostedtoolcache/Python/3.12.3/x64/lib/python3.12/site-packages/allure_commons/_allure.py\", line 192, in impl\n    return func(*a, **kw)\n           ^^^^^^^^^^^^^^\n  File \"/home/runner/work/PulseWave/PulseWave/pages/signup_page.py\", line 39, in get_allow_all_cookies\n    return self.element_is_visible(self.locator.ALLOW_ALL_COOKIES)\n           ^^^^^^^^^^^^^^^^^^^^^^^^^^^^^^^^^^^^^^^^^^^^^^^^^^^^^^^\n  File \"/home/runner/work/PulseWave/PulseWave/pages/base_page.py\", line 19, in element_is_visible\n    self.go_to_element(self.element_is_present(locator))\n                       ^^^^^^^^^^^^^^^^^^^^^^^^^^^^^^^^\n  File \"/home/runner/work/PulseWave/PulseWave/pages/base_page.py\", line 35, in element_is_present\n    return Wait(self.driver, self.timeout).until(es.presence_of_element_located(locator))\n           ^^^^^^^^^^^^^^^^^^^^^^^^^^^^^^^^^^^^^^^^^^^^^^^^^^^^^^^^^^^^^^^^^^^^^^^^^^^^^^\n  File \"/opt/hostedtoolcache/Python/3.12.3/x64/lib/python3.12/site-packages/selenium/webdriver/support/wait.py\", line 105, in until\n    raise TimeoutException(message, screen, stacktrace)\n",
      "steps" : [ ],
      "attachments" : [ ],
      "parameters" : [ ],
      "stepsCount" : 0,
      "attachmentsCount" : 0,
      "shouldDisplayMessage" : true,
      "hasContent" : true
    } ],
    "attachments" : [ ],
    "parameters" : [ ],
    "stepsCount" : 1,
    "attachmentsCount" : 0,
    "shouldDisplayMessage" : false,
    "hasContent" : true
  } ],
  "afterStages" : [ {
    "name" : "driver::0",
    "time" : {
      "start" : 1714274210531,
      "stop" : 1714274210589,
      "duration" : 58
    },
    "status" : "passed",
    "steps" : [ ],
    "attachments" : [ ],
    "parameters" : [ ],
    "stepsCount" : 0,
    "attachmentsCount" : 0,
    "shouldDisplayMessage" : false,
    "hasContent" : false
  } ],
  "labels" : [ {
    "name" : "epic",
    "value" : "Тестирование страницы 'Регистрация'"
  }, {
    "name" : "tag",
    "value" : "smoke"
  }, {
    "name" : "parentSuite",
    "value" : "tests.test_signup_page"
  }, {
    "name" : "suite",
    "value" : "test_signup_page"
  }, {
    "name" : "subSuite",
    "value" : "TestSignupPage"
  }, {
    "name" : "host",
    "value" : "fv-az1383-514"
  }, {
    "name" : "thread",
    "value" : "2368-MainThread"
  }, {
    "name" : "framework",
    "value" : "pytest"
  }, {
    "name" : "language",
    "value" : "cpython3"
  }, {
    "name" : "package",
    "value" : "tests.test_signup_page.test_signup_page"
  }, {
    "name" : "resultFormat",
    "value" : "allure2"
  } ],
  "parameters" : [ {
    "name" : "browser",
    "value" : "'chrome'"
  } ],
  "links" : [ ],
  "hidden" : false,
  "retry" : false,
  "extra" : {
    "severity" : "normal",
    "retries" : [ ],
    "categories" : [ {
      "name" : "Test defects",
      "matchedStatuses" : [ ],
      "flaky" : false
    } ],
    "history" : {
      "statistic" : {
        "failed" : 0,
        "broken" : 1,
        "skipped" : 0,
        "passed" : 11,
        "unknown" : 0,
        "total" : 12
      },
      "items" : [ {
        "uid" : "7f4713b1db75a121",
        "reportUrl" : "https://Nat754.github.io/PulseWave/7//#testresult/7f4713b1db75a121",
        "status" : "passed",
        "time" : {
          "start" : 1714185361059,
          "stop" : 1714185363313,
          "duration" : 2254
        }
      }, {
        "uid" : "3e8a7da3da6306c5",
        "reportUrl" : "https://Nat754.github.io/PulseWave/6//#testresult/3e8a7da3da6306c5",
        "status" : "passed",
        "time" : {
          "start" : 1714148779527,
          "stop" : 1714148781786,
          "duration" : 2259
        }
      }, {
        "uid" : "7996c43b4bd752a2",
        "reportUrl" : "https://Nat754.github.io/PulseWave/6//#testresult/7996c43b4bd752a2",
        "status" : "passed",
        "time" : {
          "start" : 1714098829240,
          "stop" : 1714098831486,
          "duration" : 2246
        }
      }, {
        "uid" : "3d606e2cb4964894",
        "reportUrl" : "https://Nat754.github.io/PulseWave/5//#testresult/3d606e2cb4964894",
        "status" : "passed",
        "time" : {
          "start" : 1714014675790,
          "stop" : 1714014678043,
          "duration" : 2253
        }
      }, {
        "uid" : "f0ceda079dad0fa7",
        "reportUrl" : "https://Nat754.github.io/PulseWave/211//#testresult/f0ceda079dad0fa7",
        "status" : "passed",
        "time" : {
          "start" : 1713946186127,
          "stop" : 1713946188387,
          "duration" : 2260
        }
      }, {
        "uid" : "311b1e36d2a469a3",
        "reportUrl" : "https://Nat754.github.io/PulseWave/4//#testresult/311b1e36d2a469a3",
        "status" : "passed",
        "time" : {
          "start" : 1713925978079,
          "stop" : 1713925980339,
          "duration" : 2260
        }
      }, {
        "uid" : "3cf809bd6f0d5674",
        "reportUrl" : "https://Nat754.github.io/PulseWave/211//#testresult/3cf809bd6f0d5674",
        "status" : "passed",
        "time" : {
          "start" : 1713901857677,
          "stop" : 1713901859948,
          "duration" : 2271
        }
      }, {
        "uid" : "ca3981cb10b042b7",
        "reportUrl" : "https://Nat754.github.io/PulseWave/210//#testresult/ca3981cb10b042b7",
        "status" : "passed",
        "time" : {
          "start" : 1713886101958,
          "stop" : 1713886104220,
          "duration" : 2262
        }
      }, {
        "uid" : "7dfd4c00f9d39f22",
        "reportUrl" : "https://Nat754.github.io/PulseWave/209//#testresult/7dfd4c00f9d39f22",
        "status" : "passed",
        "time" : {
          "start" : 1713883988834,
          "stop" : 1713883991085,
          "duration" : 2251
        }
      }, {
        "uid" : "636cefcd75e3113a",
        "reportUrl" : "https://Nat754.github.io/PulseWave/209//#testresult/636cefcd75e3113a",
        "status" : "passed",
        "time" : {
          "start" : 1713882519445,
          "stop" : 1713882521700,
          "duration" : 2255
        }
      }, {
        "uid" : "35f16dd3b5b3e3d7",
        "reportUrl" : "https://Nat754.github.io/PulseWave/208//#testresult/35f16dd3b5b3e3d7",
        "status" : "passed",
        "time" : {
          "start" : 1713879697924,
          "stop" : 1713879700184,
          "duration" : 2260
        }
      } ]
    },
    "tags" : [ "smoke" ]
  },
  "source" : "91a3b95abc3c694.json",
  "parameterValues" : [ "'chrome'" ]
}