{
  "uid" : "95f8955bb42b1987",
  "name" : "test_get_css_property_body_first_safety[color-rgba(16, 16, 18, 1)-\\u0446\\u0432\\u0435\\u0442\\u0430 \\u0448\\u0440\\u0438\\u0444\\u0442\\u0430-chrome]",
  "fullName" : "tests.test_main_page.test_main_page.TestMainPage#test_get_css_property_body_first_safety",
  "historyId" : "ae481c03411502249aa4d59d91e4a245",
  "time" : {
    "start" : 1714273474554,
    "stop" : 1714273474554,
    "duration" : 0
  },
  "status" : "broken",
  "statusMessage" : "selenium.common.exceptions.TimeoutException: Message: \nStacktrace:\n#0 0x55c2931abe33 <unknown>\n#1 0x55c292e9b567 <unknown>\n#2 0x55c292ee627d <unknown>\n#3 0x55c292ee6331 <unknown>\n#4 0x55c292f29624 <unknown>\n#5 0x55c292f0838d <unknown>\n#6 0x55c292f26ae2 <unknown>\n#7 0x55c292f08103 <unknown>\n#8 0x55c292ed91ba <unknown>\n#9 0x55c292ed9b8e <unknown>\n#10 0x55c29317059b <unknown>\n#11 0x55c29317434b <unknown>\n#12 0x55c29315c681 <unknown>\n#13 0x55c293174eb2 <unknown>\n#14 0x55c2931416af <unknown>\n#15 0x55c29319b428 <unknown>\n#16 0x55c29319b600 <unknown>\n#17 0x55c2931aaf84 <unknown>\n#18 0x7fc24d094ac3 <unknown>",
  "statusTrace" : "driver = <selenium.webdriver.chrome.webdriver.WebDriver (session=\"81fb9e0e7bb8956a166488901eaae182\")>\n\n    @pytest.fixture(scope='function')\n    def main_page_open(driver):\n        main_page = MainPage(driver)\n        driver.get(Constant.MAIN_PAGE)\n>       main_page.get_allow_all_cookies().click()\n\ntests/test_main_page/conftest.py:10: \n_ _ _ _ _ _ _ _ _ _ _ _ _ _ _ _ _ _ _ _ _ _ _ _ _ _ _ _ _ _ _ _ _ _ _ _ _ _ _ _ \npages/main_page.py:24: in get_allow_all_cookies\n    return self.element_is_visible(self.locator.ALLOW_ALL_COOKIES)\npages/base_page.py:19: in element_is_visible\n    self.go_to_element(self.element_is_present(locator))\npages/base_page.py:35: in element_is_present\n    return Wait(self.driver, self.timeout).until(es.presence_of_element_located(locator))\n_ _ _ _ _ _ _ _ _ _ _ _ _ _ _ _ _ _ _ _ _ _ _ _ _ _ _ _ _ _ _ _ _ _ _ _ _ _ _ _ \n\nself = <selenium.webdriver.support.wait.WebDriverWait (session=\"81fb9e0e7bb8956a166488901eaae182\")>\nmethod = <function presence_of_element_located.<locals>._predicate at 0x7f3f3a717e20>\nmessage = ''\n\n    def until(self, method: Callable[[D], Union[Literal[False], T]], message: str = \"\") -> T:\n        \"\"\"Calls the method provided with the driver as an argument until the \\\n        return value does not evaluate to ``False``.\n    \n        :param method: callable(WebDriver)\n        :param message: optional message for :exc:`TimeoutException`\n        :returns: the result of the last call to `method`\n        :raises: :exc:`selenium.common.exceptions.TimeoutException` if timeout occurs\n        \"\"\"\n        screen = None\n        stacktrace = None\n    \n        end_time = time.monotonic() + self._timeout\n        while True:\n            try:\n                value = method(self._driver)\n                if value:\n                    return value\n            except self._ignored_exceptions as exc:\n                screen = getattr(exc, \"screen\", None)\n                stacktrace = getattr(exc, \"stacktrace\", None)\n            time.sleep(self._poll)\n            if time.monotonic() > end_time:\n                break\n>       raise TimeoutException(message, screen, stacktrace)\nE       selenium.common.exceptions.TimeoutException: Message: \nE       Stacktrace:\nE       #0 0x55c2931abe33 <unknown>\nE       #1 0x55c292e9b567 <unknown>\nE       #2 0x55c292ee627d <unknown>\nE       #3 0x55c292ee6331 <unknown>\nE       #4 0x55c292f29624 <unknown>\nE       #5 0x55c292f0838d <unknown>\nE       #6 0x55c292f26ae2 <unknown>\nE       #7 0x55c292f08103 <unknown>\nE       #8 0x55c292ed91ba <unknown>\nE       #9 0x55c292ed9b8e <unknown>\nE       #10 0x55c29317059b <unknown>\nE       #11 0x55c29317434b <unknown>\nE       #12 0x55c29315c681 <unknown>\nE       #13 0x55c293174eb2 <unknown>\nE       #14 0x55c2931416af <unknown>\nE       #15 0x55c29319b428 <unknown>\nE       #16 0x55c29319b600 <unknown>\nE       #17 0x55c2931aaf84 <unknown>\nE       #18 0x7fc24d094ac3 <unknown>\n\n/opt/hostedtoolcache/Python/3.12.3/x64/lib/python3.12/site-packages/selenium/webdriver/support/wait.py:105: TimeoutException",
  "flaky" : false,
  "newFailed" : false,
  "beforeStages" : [ {
    "name" : "clear_allure_results_folder",
    "time" : {
      "start" : 1714270943308,
      "stop" : 1714270943308,
      "duration" : 0
    },
    "status" : "passed",
    "steps" : [ ],
    "attachments" : [ ],
    "parameters" : [ ],
    "stepsCount" : 0,
    "attachmentsCount" : 0,
    "shouldDisplayMessage" : false,
    "hasContent" : false
  }, {
    "name" : "_session_faker",
    "time" : {
      "start" : 1714270943291,
      "stop" : 1714270943307,
      "duration" : 16
    },
    "status" : "passed",
    "steps" : [ ],
    "attachments" : [ ],
    "parameters" : [ ],
    "stepsCount" : 0,
    "attachmentsCount" : 0,
    "shouldDisplayMessage" : false,
    "hasContent" : false
  }, {
    "name" : "driver",
    "time" : {
      "start" : 1714273474555,
      "stop" : 1714273474751,
      "duration" : 196
    },
    "status" : "passed",
    "steps" : [ ],
    "attachments" : [ ],
    "parameters" : [ ],
    "stepsCount" : 0,
    "attachmentsCount" : 0,
    "shouldDisplayMessage" : false,
    "hasContent" : false
  }, {
    "name" : "main_page_open",
    "time" : {
      "start" : 1714273474751,
      "stop" : 1714273495477,
      "duration" : 20726
    },
    "status" : "broken",
    "statusMessage" : "selenium.common.exceptions.TimeoutException: Message: \nStacktrace:\n#0 0x55c2931abe33 <unknown>\n#1 0x55c292e9b567 <unknown>\n#2 0x55c292ee627d <unknown>\n#3 0x55c292ee6331 <unknown>\n#4 0x55c292f29624 <unknown>\n#5 0x55c292f0838d <unknown>\n#6 0x55c292f26ae2 <unknown>\n#7 0x55c292f08103 <unknown>\n#8 0x55c292ed91ba <unknown>\n#9 0x55c292ed9b8e <unknown>\n#10 0x55c29317059b <unknown>\n#11 0x55c29317434b <unknown>\n#12 0x55c29315c681 <unknown>\n#13 0x55c293174eb2 <unknown>\n#14 0x55c2931416af <unknown>\n#15 0x55c29319b428 <unknown>\n#16 0x55c29319b600 <unknown>\n#17 0x55c2931aaf84 <unknown>\n#18 0x7fc24d094ac3 <unknown>\n\n",
    "statusTrace" : "  File \"/opt/hostedtoolcache/Python/3.12.3/x64/lib/python3.12/site-packages/pluggy/_callers.py\", line 167, in _multicall\n    teardown.throw(outcome._exception)\n  File \"/opt/hostedtoolcache/Python/3.12.3/x64/lib/python3.12/site-packages/_pytest/setuponly.py\", line 36, in pytest_fixture_setup\n    return (yield)\n            ^^^^^\n  File \"/opt/hostedtoolcache/Python/3.12.3/x64/lib/python3.12/site-packages/pluggy/_callers.py\", line 103, in _multicall\n    res = hook_impl.function(*args)\n          ^^^^^^^^^^^^^^^^^^^^^^^^^\n  File \"/opt/hostedtoolcache/Python/3.12.3/x64/lib/python3.12/site-packages/_pytest/fixtures.py\", line 1140, in pytest_fixture_setup\n    result = call_fixture_func(fixturefunc, request, kwargs)\n             ^^^^^^^^^^^^^^^^^^^^^^^^^^^^^^^^^^^^^^^^^^^^^^^\n  File \"/opt/hostedtoolcache/Python/3.12.3/x64/lib/python3.12/site-packages/_pytest/fixtures.py\", line 917, in call_fixture_func\n    fixture_result = fixturefunc(**kwargs)\n                     ^^^^^^^^^^^^^^^^^^^^^\n  File \"/home/runner/work/PulseWave/PulseWave/tests/test_main_page/conftest.py\", line 10, in main_page_open\n    main_page.get_allow_all_cookies().click()\n    ^^^^^^^^^^^^^^^^^^^^^^^^^^^^^^^^^\n  File \"/opt/hostedtoolcache/Python/3.12.3/x64/lib/python3.12/site-packages/allure_commons/_allure.py\", line 192, in impl\n    return func(*a, **kw)\n           ^^^^^^^^^^^^^^\n  File \"/home/runner/work/PulseWave/PulseWave/pages/main_page.py\", line 24, in get_allow_all_cookies\n    return self.element_is_visible(self.locator.ALLOW_ALL_COOKIES)\n           ^^^^^^^^^^^^^^^^^^^^^^^^^^^^^^^^^^^^^^^^^^^^^^^^^^^^^^^\n  File \"/home/runner/work/PulseWave/PulseWave/pages/base_page.py\", line 19, in element_is_visible\n    self.go_to_element(self.element_is_present(locator))\n                       ^^^^^^^^^^^^^^^^^^^^^^^^^^^^^^^^\n  File \"/home/runner/work/PulseWave/PulseWave/pages/base_page.py\", line 35, in element_is_present\n    return Wait(self.driver, self.timeout).until(es.presence_of_element_located(locator))\n           ^^^^^^^^^^^^^^^^^^^^^^^^^^^^^^^^^^^^^^^^^^^^^^^^^^^^^^^^^^^^^^^^^^^^^^^^^^^^^^\n  File \"/opt/hostedtoolcache/Python/3.12.3/x64/lib/python3.12/site-packages/selenium/webdriver/support/wait.py\", line 105, in until\n    raise TimeoutException(message, screen, stacktrace)\n",
    "steps" : [ {
      "name" : "Проверка видимости кнопки 'Принимаю всё' в сообщении о принятии файлов cookie на Главной странице",
      "time" : {
        "start" : 1714273475067,
        "stop" : 1714273495477,
        "duration" : 20410
      },
      "status" : "broken",
      "statusMessage" : "selenium.common.exceptions.TimeoutException: Message: \nStacktrace:\n#0 0x55c2931abe33 <unknown>\n#1 0x55c292e9b567 <unknown>\n#2 0x55c292ee627d <unknown>\n#3 0x55c292ee6331 <unknown>\n#4 0x55c292f29624 <unknown>\n#5 0x55c292f0838d <unknown>\n#6 0x55c292f26ae2 <unknown>\n#7 0x55c292f08103 <unknown>\n#8 0x55c292ed91ba <unknown>\n#9 0x55c292ed9b8e <unknown>\n#10 0x55c29317059b <unknown>\n#11 0x55c29317434b <unknown>\n#12 0x55c29315c681 <unknown>\n#13 0x55c293174eb2 <unknown>\n#14 0x55c2931416af <unknown>\n#15 0x55c29319b428 <unknown>\n#16 0x55c29319b600 <unknown>\n#17 0x55c2931aaf84 <unknown>\n#18 0x7fc24d094ac3 <unknown>\n\n",
      "statusTrace" : "  File \"/opt/hostedtoolcache/Python/3.12.3/x64/lib/python3.12/site-packages/allure_commons/_allure.py\", line 192, in impl\n    return func(*a, **kw)\n           ^^^^^^^^^^^^^^\n  File \"/home/runner/work/PulseWave/PulseWave/pages/main_page.py\", line 24, in get_allow_all_cookies\n    return self.element_is_visible(self.locator.ALLOW_ALL_COOKIES)\n           ^^^^^^^^^^^^^^^^^^^^^^^^^^^^^^^^^^^^^^^^^^^^^^^^^^^^^^^\n  File \"/home/runner/work/PulseWave/PulseWave/pages/base_page.py\", line 19, in element_is_visible\n    self.go_to_element(self.element_is_present(locator))\n                       ^^^^^^^^^^^^^^^^^^^^^^^^^^^^^^^^\n  File \"/home/runner/work/PulseWave/PulseWave/pages/base_page.py\", line 35, in element_is_present\n    return Wait(self.driver, self.timeout).until(es.presence_of_element_located(locator))\n           ^^^^^^^^^^^^^^^^^^^^^^^^^^^^^^^^^^^^^^^^^^^^^^^^^^^^^^^^^^^^^^^^^^^^^^^^^^^^^^\n  File \"/opt/hostedtoolcache/Python/3.12.3/x64/lib/python3.12/site-packages/selenium/webdriver/support/wait.py\", line 105, in until\n    raise TimeoutException(message, screen, stacktrace)\n",
      "steps" : [ ],
      "attachments" : [ ],
      "parameters" : [ ],
      "stepsCount" : 0,
      "attachmentsCount" : 0,
      "shouldDisplayMessage" : true,
      "hasContent" : true
    } ],
    "attachments" : [ ],
    "parameters" : [ ],
    "stepsCount" : 1,
    "attachmentsCount" : 0,
    "shouldDisplayMessage" : false,
    "hasContent" : true
  } ],
  "afterStages" : [ {
    "name" : "driver::0",
    "time" : {
      "start" : 1714273495491,
      "stop" : 1714273495550,
      "duration" : 59
    },
    "status" : "passed",
    "steps" : [ ],
    "attachments" : [ ],
    "parameters" : [ ],
    "stepsCount" : 0,
    "attachmentsCount" : 0,
    "shouldDisplayMessage" : false,
    "hasContent" : false
  } ],
  "labels" : [ {
    "name" : "epic",
    "value" : "Тестирование Главной страницы"
  }, {
    "name" : "tag",
    "value" : "regress"
  }, {
    "name" : "parentSuite",
    "value" : "tests.test_main_page"
  }, {
    "name" : "suite",
    "value" : "test_main_page"
  }, {
    "name" : "subSuite",
    "value" : "TestMainPage"
  }, {
    "name" : "host",
    "value" : "fv-az1383-514"
  }, {
    "name" : "thread",
    "value" : "2368-MainThread"
  }, {
    "name" : "framework",
    "value" : "pytest"
  }, {
    "name" : "language",
    "value" : "cpython3"
  }, {
    "name" : "package",
    "value" : "tests.test_main_page.test_main_page"
  }, {
    "name" : "resultFormat",
    "value" : "allure2"
  } ],
  "parameters" : [ {
    "name" : "browser",
    "value" : "'chrome'"
  }, {
    "name" : "css_property",
    "value" : "'color'"
  }, {
    "name" : "figma",
    "value" : "'rgba(16, 16, 18, 1)'"
  }, {
    "name" : "name",
    "value" : "'цвета шрифта'"
  } ],
  "links" : [ ],
  "hidden" : false,
  "retry" : false,
  "extra" : {
    "severity" : "normal",
    "retries" : [ ],
    "categories" : [ {
      "name" : "Test defects",
      "matchedStatuses" : [ ],
      "flaky" : false
    } ],
    "history" : {
      "statistic" : {
        "failed" : 0,
        "broken" : 1,
        "skipped" : 0,
        "passed" : 11,
        "unknown" : 0,
        "total" : 12
      },
      "items" : [ {
        "uid" : "1612eece5ed7bd68",
        "reportUrl" : "https://Nat754.github.io/PulseWave/7//#testresult/1612eece5ed7bd68",
        "status" : "passed",
        "time" : {
          "start" : 1714185139178,
          "stop" : 1714185139216,
          "duration" : 38
        }
      }, {
        "uid" : "2533703ac5e29d0a",
        "reportUrl" : "https://Nat754.github.io/PulseWave/6//#testresult/2533703ac5e29d0a",
        "status" : "passed",
        "time" : {
          "start" : 1714148578499,
          "stop" : 1714148578538,
          "duration" : 39
        }
      }, {
        "uid" : "ac1b271d29356686",
        "reportUrl" : "https://Nat754.github.io/PulseWave/6//#testresult/ac1b271d29356686",
        "status" : "passed",
        "time" : {
          "start" : 1714098628688,
          "stop" : 1714098628725,
          "duration" : 37
        }
      }, {
        "uid" : "ec3fb5142dac5c0a",
        "reportUrl" : "https://Nat754.github.io/PulseWave/5//#testresult/ec3fb5142dac5c0a",
        "status" : "passed",
        "time" : {
          "start" : 1714014492208,
          "stop" : 1714014492245,
          "duration" : 37
        }
      }, {
        "uid" : "36c6bf6b682f0755",
        "reportUrl" : "https://Nat754.github.io/PulseWave/211//#testresult/36c6bf6b682f0755",
        "status" : "passed",
        "time" : {
          "start" : 1713945996129,
          "stop" : 1713945996165,
          "duration" : 36
        }
      }, {
        "uid" : "444c1e1ebd9d60c4",
        "reportUrl" : "https://Nat754.github.io/PulseWave/4//#testresult/444c1e1ebd9d60c4",
        "status" : "passed",
        "time" : {
          "start" : 1713925786776,
          "stop" : 1713925786811,
          "duration" : 35
        }
      }, {
        "uid" : "f8acab870901a322",
        "reportUrl" : "https://Nat754.github.io/PulseWave/211//#testresult/f8acab870901a322",
        "status" : "passed",
        "time" : {
          "start" : 1713901654921,
          "stop" : 1713901654958,
          "duration" : 37
        }
      }, {
        "uid" : "3b5a9dfd0135bfc1",
        "reportUrl" : "https://Nat754.github.io/PulseWave/210//#testresult/3b5a9dfd0135bfc1",
        "status" : "passed",
        "time" : {
          "start" : 1713885875730,
          "stop" : 1713885875765,
          "duration" : 35
        }
      }, {
        "uid" : "498b4f02cbf80f76",
        "reportUrl" : "https://Nat754.github.io/PulseWave/209//#testresult/498b4f02cbf80f76",
        "status" : "passed",
        "time" : {
          "start" : 1713883765384,
          "stop" : 1713883765420,
          "duration" : 36
        }
      }, {
        "uid" : "815ad2548bd4a21",
        "reportUrl" : "https://Nat754.github.io/PulseWave/209//#testresult/815ad2548bd4a21",
        "status" : "passed",
        "time" : {
          "start" : 1713882293830,
          "stop" : 1713882293866,
          "duration" : 36
        }
      }, {
        "uid" : "69bb0094e9e4c577",
        "reportUrl" : "https://Nat754.github.io/PulseWave/208//#testresult/69bb0094e9e4c577",
        "status" : "passed",
        "time" : {
          "start" : 1713879472566,
          "stop" : 1713879472605,
          "duration" : 39
        }
      } ]
    },
    "tags" : [ "regress" ]
  },
  "source" : "95f8955bb42b1987.json",
  "parameterValues" : [ "'chrome'", "'color'", "'rgba(16, 16, 18, 1)'", "'цвета шрифта'" ]
}