{
  "uid" : "98c56df622eb24e1",
  "name" : "Проверка текста кнопки 'Зарегистрироваться'",
  "fullName" : "tests.test_main_page.test_main_page.TestMainPage#test_get_text_body_auth_signup",
  "historyId" : "41f4ffcdcaeadd68202f630634e2fcc9",
  "time" : {
    "start" : 1714273642538,
    "stop" : 1714273642538,
    "duration" : 0
  },
  "status" : "broken",
  "statusMessage" : "selenium.common.exceptions.TimeoutException: Message: \nStacktrace:\n#0 0x5637c41bfe33 <unknown>\n#1 0x5637c3eaf567 <unknown>\n#2 0x5637c3efa27d <unknown>\n#3 0x5637c3efa331 <unknown>\n#4 0x5637c3f3d624 <unknown>\n#5 0x5637c3f1c38d <unknown>\n#6 0x5637c3f3aae2 <unknown>\n#7 0x5637c3f1c103 <unknown>\n#8 0x5637c3eed1ba <unknown>\n#9 0x5637c3eedb8e <unknown>\n#10 0x5637c418459b <unknown>\n#11 0x5637c418834b <unknown>\n#12 0x5637c4170681 <unknown>\n#13 0x5637c4188eb2 <unknown>\n#14 0x5637c41556af <unknown>\n#15 0x5637c41af428 <unknown>\n#16 0x5637c41af600 <unknown>\n#17 0x5637c41bef84 <unknown>\n#18 0x7f133a294ac3 <unknown>",
  "statusTrace" : "driver = <selenium.webdriver.chrome.webdriver.WebDriver (session=\"a939f980d76ed433ffa6c6f38a591ad4\")>\n\n    @pytest.fixture(scope='function')\n    def main_page_open(driver):\n        main_page = MainPage(driver)\n        driver.get(Constant.MAIN_PAGE)\n>       main_page.get_allow_all_cookies().click()\n\ntests/test_main_page/conftest.py:10: \n_ _ _ _ _ _ _ _ _ _ _ _ _ _ _ _ _ _ _ _ _ _ _ _ _ _ _ _ _ _ _ _ _ _ _ _ _ _ _ _ \npages/main_page.py:24: in get_allow_all_cookies\n    return self.element_is_visible(self.locator.ALLOW_ALL_COOKIES)\npages/base_page.py:19: in element_is_visible\n    self.go_to_element(self.element_is_present(locator))\npages/base_page.py:35: in element_is_present\n    return Wait(self.driver, self.timeout).until(es.presence_of_element_located(locator))\n_ _ _ _ _ _ _ _ _ _ _ _ _ _ _ _ _ _ _ _ _ _ _ _ _ _ _ _ _ _ _ _ _ _ _ _ _ _ _ _ \n\nself = <selenium.webdriver.support.wait.WebDriverWait (session=\"a939f980d76ed433ffa6c6f38a591ad4\")>\nmethod = <function presence_of_element_located.<locals>._predicate at 0x7f3f3a4d8b80>\nmessage = ''\n\n    def until(self, method: Callable[[D], Union[Literal[False], T]], message: str = \"\") -> T:\n        \"\"\"Calls the method provided with the driver as an argument until the \\\n        return value does not evaluate to ``False``.\n    \n        :param method: callable(WebDriver)\n        :param message: optional message for :exc:`TimeoutException`\n        :returns: the result of the last call to `method`\n        :raises: :exc:`selenium.common.exceptions.TimeoutException` if timeout occurs\n        \"\"\"\n        screen = None\n        stacktrace = None\n    \n        end_time = time.monotonic() + self._timeout\n        while True:\n            try:\n                value = method(self._driver)\n                if value:\n                    return value\n            except self._ignored_exceptions as exc:\n                screen = getattr(exc, \"screen\", None)\n                stacktrace = getattr(exc, \"stacktrace\", None)\n            time.sleep(self._poll)\n            if time.monotonic() > end_time:\n                break\n>       raise TimeoutException(message, screen, stacktrace)\nE       selenium.common.exceptions.TimeoutException: Message: \nE       Stacktrace:\nE       #0 0x5637c41bfe33 <unknown>\nE       #1 0x5637c3eaf567 <unknown>\nE       #2 0x5637c3efa27d <unknown>\nE       #3 0x5637c3efa331 <unknown>\nE       #4 0x5637c3f3d624 <unknown>\nE       #5 0x5637c3f1c38d <unknown>\nE       #6 0x5637c3f3aae2 <unknown>\nE       #7 0x5637c3f1c103 <unknown>\nE       #8 0x5637c3eed1ba <unknown>\nE       #9 0x5637c3eedb8e <unknown>\nE       #10 0x5637c418459b <unknown>\nE       #11 0x5637c418834b <unknown>\nE       #12 0x5637c4170681 <unknown>\nE       #13 0x5637c4188eb2 <unknown>\nE       #14 0x5637c41556af <unknown>\nE       #15 0x5637c41af428 <unknown>\nE       #16 0x5637c41af600 <unknown>\nE       #17 0x5637c41bef84 <unknown>\nE       #18 0x7f133a294ac3 <unknown>\n\n/opt/hostedtoolcache/Python/3.12.3/x64/lib/python3.12/site-packages/selenium/webdriver/support/wait.py:105: TimeoutException",
  "flaky" : false,
  "newFailed" : false,
  "beforeStages" : [ {
    "name" : "clear_allure_results_folder",
    "time" : {
      "start" : 1714270943308,
      "stop" : 1714270943308,
      "duration" : 0
    },
    "status" : "passed",
    "steps" : [ ],
    "attachments" : [ ],
    "parameters" : [ ],
    "stepsCount" : 0,
    "attachmentsCount" : 0,
    "shouldDisplayMessage" : false,
    "hasContent" : false
  }, {
    "name" : "_session_faker",
    "time" : {
      "start" : 1714270943291,
      "stop" : 1714270943307,
      "duration" : 16
    },
    "status" : "passed",
    "steps" : [ ],
    "attachments" : [ ],
    "parameters" : [ ],
    "stepsCount" : 0,
    "attachmentsCount" : 0,
    "shouldDisplayMessage" : false,
    "hasContent" : false
  }, {
    "name" : "driver",
    "time" : {
      "start" : 1714273642539,
      "stop" : 1714273642735,
      "duration" : 196
    },
    "status" : "passed",
    "steps" : [ ],
    "attachments" : [ ],
    "parameters" : [ ],
    "stepsCount" : 0,
    "attachmentsCount" : 0,
    "shouldDisplayMessage" : false,
    "hasContent" : false
  }, {
    "name" : "main_page_open",
    "time" : {
      "start" : 1714273642735,
      "stop" : 1714273663469,
      "duration" : 20734
    },
    "status" : "broken",
    "statusMessage" : "selenium.common.exceptions.TimeoutException: Message: \nStacktrace:\n#0 0x5637c41bfe33 <unknown>\n#1 0x5637c3eaf567 <unknown>\n#2 0x5637c3efa27d <unknown>\n#3 0x5637c3efa331 <unknown>\n#4 0x5637c3f3d624 <unknown>\n#5 0x5637c3f1c38d <unknown>\n#6 0x5637c3f3aae2 <unknown>\n#7 0x5637c3f1c103 <unknown>\n#8 0x5637c3eed1ba <unknown>\n#9 0x5637c3eedb8e <unknown>\n#10 0x5637c418459b <unknown>\n#11 0x5637c418834b <unknown>\n#12 0x5637c4170681 <unknown>\n#13 0x5637c4188eb2 <unknown>\n#14 0x5637c41556af <unknown>\n#15 0x5637c41af428 <unknown>\n#16 0x5637c41af600 <unknown>\n#17 0x5637c41bef84 <unknown>\n#18 0x7f133a294ac3 <unknown>\n\n",
    "statusTrace" : "  File \"/opt/hostedtoolcache/Python/3.12.3/x64/lib/python3.12/site-packages/pluggy/_callers.py\", line 167, in _multicall\n    teardown.throw(outcome._exception)\n  File \"/opt/hostedtoolcache/Python/3.12.3/x64/lib/python3.12/site-packages/_pytest/setuponly.py\", line 36, in pytest_fixture_setup\n    return (yield)\n            ^^^^^\n  File \"/opt/hostedtoolcache/Python/3.12.3/x64/lib/python3.12/site-packages/pluggy/_callers.py\", line 103, in _multicall\n    res = hook_impl.function(*args)\n          ^^^^^^^^^^^^^^^^^^^^^^^^^\n  File \"/opt/hostedtoolcache/Python/3.12.3/x64/lib/python3.12/site-packages/_pytest/fixtures.py\", line 1140, in pytest_fixture_setup\n    result = call_fixture_func(fixturefunc, request, kwargs)\n             ^^^^^^^^^^^^^^^^^^^^^^^^^^^^^^^^^^^^^^^^^^^^^^^\n  File \"/opt/hostedtoolcache/Python/3.12.3/x64/lib/python3.12/site-packages/_pytest/fixtures.py\", line 917, in call_fixture_func\n    fixture_result = fixturefunc(**kwargs)\n                     ^^^^^^^^^^^^^^^^^^^^^\n  File \"/home/runner/work/PulseWave/PulseWave/tests/test_main_page/conftest.py\", line 10, in main_page_open\n    main_page.get_allow_all_cookies().click()\n    ^^^^^^^^^^^^^^^^^^^^^^^^^^^^^^^^^\n  File \"/opt/hostedtoolcache/Python/3.12.3/x64/lib/python3.12/site-packages/allure_commons/_allure.py\", line 192, in impl\n    return func(*a, **kw)\n           ^^^^^^^^^^^^^^\n  File \"/home/runner/work/PulseWave/PulseWave/pages/main_page.py\", line 24, in get_allow_all_cookies\n    return self.element_is_visible(self.locator.ALLOW_ALL_COOKIES)\n           ^^^^^^^^^^^^^^^^^^^^^^^^^^^^^^^^^^^^^^^^^^^^^^^^^^^^^^^\n  File \"/home/runner/work/PulseWave/PulseWave/pages/base_page.py\", line 19, in element_is_visible\n    self.go_to_element(self.element_is_present(locator))\n                       ^^^^^^^^^^^^^^^^^^^^^^^^^^^^^^^^\n  File \"/home/runner/work/PulseWave/PulseWave/pages/base_page.py\", line 35, in element_is_present\n    return Wait(self.driver, self.timeout).until(es.presence_of_element_located(locator))\n           ^^^^^^^^^^^^^^^^^^^^^^^^^^^^^^^^^^^^^^^^^^^^^^^^^^^^^^^^^^^^^^^^^^^^^^^^^^^^^^\n  File \"/opt/hostedtoolcache/Python/3.12.3/x64/lib/python3.12/site-packages/selenium/webdriver/support/wait.py\", line 105, in until\n    raise TimeoutException(message, screen, stacktrace)\n",
    "steps" : [ {
      "name" : "Проверка видимости кнопки 'Принимаю всё' в сообщении о принятии файлов cookie на Главной странице",
      "time" : {
        "start" : 1714273643058,
        "stop" : 1714273663468,
        "duration" : 20410
      },
      "status" : "broken",
      "statusMessage" : "selenium.common.exceptions.TimeoutException: Message: \nStacktrace:\n#0 0x5637c41bfe33 <unknown>\n#1 0x5637c3eaf567 <unknown>\n#2 0x5637c3efa27d <unknown>\n#3 0x5637c3efa331 <unknown>\n#4 0x5637c3f3d624 <unknown>\n#5 0x5637c3f1c38d <unknown>\n#6 0x5637c3f3aae2 <unknown>\n#7 0x5637c3f1c103 <unknown>\n#8 0x5637c3eed1ba <unknown>\n#9 0x5637c3eedb8e <unknown>\n#10 0x5637c418459b <unknown>\n#11 0x5637c418834b <unknown>\n#12 0x5637c4170681 <unknown>\n#13 0x5637c4188eb2 <unknown>\n#14 0x5637c41556af <unknown>\n#15 0x5637c41af428 <unknown>\n#16 0x5637c41af600 <unknown>\n#17 0x5637c41bef84 <unknown>\n#18 0x7f133a294ac3 <unknown>\n\n",
      "statusTrace" : "  File \"/opt/hostedtoolcache/Python/3.12.3/x64/lib/python3.12/site-packages/allure_commons/_allure.py\", line 192, in impl\n    return func(*a, **kw)\n           ^^^^^^^^^^^^^^\n  File \"/home/runner/work/PulseWave/PulseWave/pages/main_page.py\", line 24, in get_allow_all_cookies\n    return self.element_is_visible(self.locator.ALLOW_ALL_COOKIES)\n           ^^^^^^^^^^^^^^^^^^^^^^^^^^^^^^^^^^^^^^^^^^^^^^^^^^^^^^^\n  File \"/home/runner/work/PulseWave/PulseWave/pages/base_page.py\", line 19, in element_is_visible\n    self.go_to_element(self.element_is_present(locator))\n                       ^^^^^^^^^^^^^^^^^^^^^^^^^^^^^^^^\n  File \"/home/runner/work/PulseWave/PulseWave/pages/base_page.py\", line 35, in element_is_present\n    return Wait(self.driver, self.timeout).until(es.presence_of_element_located(locator))\n           ^^^^^^^^^^^^^^^^^^^^^^^^^^^^^^^^^^^^^^^^^^^^^^^^^^^^^^^^^^^^^^^^^^^^^^^^^^^^^^\n  File \"/opt/hostedtoolcache/Python/3.12.3/x64/lib/python3.12/site-packages/selenium/webdriver/support/wait.py\", line 105, in until\n    raise TimeoutException(message, screen, stacktrace)\n",
      "steps" : [ ],
      "attachments" : [ ],
      "parameters" : [ ],
      "stepsCount" : 0,
      "attachmentsCount" : 0,
      "shouldDisplayMessage" : true,
      "hasContent" : true
    } ],
    "attachments" : [ ],
    "parameters" : [ ],
    "stepsCount" : 1,
    "attachmentsCount" : 0,
    "shouldDisplayMessage" : false,
    "hasContent" : true
  } ],
  "afterStages" : [ {
    "name" : "driver::0",
    "time" : {
      "start" : 1714273663483,
      "stop" : 1714273663541,
      "duration" : 58
    },
    "status" : "passed",
    "steps" : [ ],
    "attachments" : [ ],
    "parameters" : [ ],
    "stepsCount" : 0,
    "attachmentsCount" : 0,
    "shouldDisplayMessage" : false,
    "hasContent" : false
  } ],
  "labels" : [ {
    "name" : "epic",
    "value" : "Тестирование Главной страницы"
  }, {
    "name" : "tag",
    "value" : "regress"
  }, {
    "name" : "parentSuite",
    "value" : "tests.test_main_page"
  }, {
    "name" : "suite",
    "value" : "test_main_page"
  }, {
    "name" : "subSuite",
    "value" : "TestMainPage"
  }, {
    "name" : "host",
    "value" : "fv-az1383-514"
  }, {
    "name" : "thread",
    "value" : "2368-MainThread"
  }, {
    "name" : "framework",
    "value" : "pytest"
  }, {
    "name" : "language",
    "value" : "cpython3"
  }, {
    "name" : "package",
    "value" : "tests.test_main_page.test_main_page"
  }, {
    "name" : "resultFormat",
    "value" : "allure2"
  } ],
  "parameters" : [ {
    "name" : "browser",
    "value" : "'chrome'"
  } ],
  "links" : [ ],
  "hidden" : false,
  "retry" : false,
  "extra" : {
    "severity" : "normal",
    "retries" : [ ],
    "categories" : [ {
      "name" : "Test defects",
      "matchedStatuses" : [ ],
      "flaky" : false
    } ],
    "history" : {
      "statistic" : {
        "failed" : 0,
        "broken" : 1,
        "skipped" : 0,
        "passed" : 11,
        "unknown" : 0,
        "total" : 12
      },
      "items" : [ {
        "uid" : "dcbd53de6b836d22",
        "reportUrl" : "https://Nat754.github.io/PulseWave/7//#testresult/dcbd53de6b836d22",
        "status" : "passed",
        "time" : {
          "start" : 1714185168182,
          "stop" : 1714185168219,
          "duration" : 37
        }
      }, {
        "uid" : "846de848d403e157",
        "reportUrl" : "https://Nat754.github.io/PulseWave/6//#testresult/846de848d403e157",
        "status" : "passed",
        "time" : {
          "start" : 1714148602603,
          "stop" : 1714148602641,
          "duration" : 38
        }
      }, {
        "uid" : "301f87a78c3ad9b3",
        "reportUrl" : "https://Nat754.github.io/PulseWave/6//#testresult/301f87a78c3ad9b3",
        "status" : "passed",
        "time" : {
          "start" : 1714098652560,
          "stop" : 1714098652597,
          "duration" : 37
        }
      }, {
        "uid" : "e5c905f65e3451ae",
        "reportUrl" : "https://Nat754.github.io/PulseWave/5//#testresult/e5c905f65e3451ae",
        "status" : "passed",
        "time" : {
          "start" : 1714014512741,
          "stop" : 1714014512780,
          "duration" : 39
        }
      }, {
        "uid" : "ca09f0b4c5ff2aa5",
        "reportUrl" : "https://Nat754.github.io/PulseWave/211//#testresult/ca09f0b4c5ff2aa5",
        "status" : "passed",
        "time" : {
          "start" : 1713946018178,
          "stop" : 1713946018214,
          "duration" : 36
        }
      }, {
        "uid" : "2f0757f2c6a59ed9",
        "reportUrl" : "https://Nat754.github.io/PulseWave/4//#testresult/2f0757f2c6a59ed9",
        "status" : "passed",
        "time" : {
          "start" : 1713925808794,
          "stop" : 1713925808829,
          "duration" : 35
        }
      }, {
        "uid" : "12d6946a367e69f0",
        "reportUrl" : "https://Nat754.github.io/PulseWave/211//#testresult/12d6946a367e69f0",
        "status" : "passed",
        "time" : {
          "start" : 1713901679789,
          "stop" : 1713901679825,
          "duration" : 36
        }
      }, {
        "uid" : "8a2843fb183e5ba7",
        "reportUrl" : "https://Nat754.github.io/PulseWave/210//#testresult/8a2843fb183e5ba7",
        "status" : "passed",
        "time" : {
          "start" : 1713885905423,
          "stop" : 1713885905460,
          "duration" : 37
        }
      }, {
        "uid" : "977d69a31096b20b",
        "reportUrl" : "https://Nat754.github.io/PulseWave/209//#testresult/977d69a31096b20b",
        "status" : "passed",
        "time" : {
          "start" : 1713883793854,
          "stop" : 1713883793891,
          "duration" : 37
        }
      }, {
        "uid" : "6174dd4f0393f7c7",
        "reportUrl" : "https://Nat754.github.io/PulseWave/209//#testresult/6174dd4f0393f7c7",
        "status" : "passed",
        "time" : {
          "start" : 1713882324155,
          "stop" : 1713882324194,
          "duration" : 39
        }
      }, {
        "uid" : "e713d20887524545",
        "reportUrl" : "https://Nat754.github.io/PulseWave/208//#testresult/e713d20887524545",
        "status" : "passed",
        "time" : {
          "start" : 1713879502714,
          "stop" : 1713879502752,
          "duration" : 38
        }
      } ]
    },
    "tags" : [ "regress" ]
  },
  "source" : "98c56df622eb24e1.json",
  "parameterValues" : [ "'chrome'" ]
}