{
  "uid" : "a1a7abf3c5cac6a4",
  "name" : "test_get_css_property_body_all_time[font-size-16px-\\u0440\\u0430\\u0437\\u043c\\u0435\\u0440\\u0430 \\u0448\\u0440\\u0438\\u0444\\u0442\\u0430-chrome]",
  "fullName" : "tests.test_main_page.test_main_page.TestMainPage#test_get_css_property_body_all_time",
  "historyId" : "2f76f2434a34c764d1cedb5d5daeddbd",
  "time" : {
    "start" : 1714273390551,
    "stop" : 1714273390551,
    "duration" : 0
  },
  "status" : "broken",
  "statusMessage" : "selenium.common.exceptions.TimeoutException: Message: \nStacktrace:\n#0 0x5630dbda4e33 <unknown>\n#1 0x5630dba94567 <unknown>\n#2 0x5630dbadf27d <unknown>\n#3 0x5630dbadf331 <unknown>\n#4 0x5630dbb22624 <unknown>\n#5 0x5630dbb0138d <unknown>\n#6 0x5630dbb1fae2 <unknown>\n#7 0x5630dbb01103 <unknown>\n#8 0x5630dbad21ba <unknown>\n#9 0x5630dbad2b8e <unknown>\n#10 0x5630dbd6959b <unknown>\n#11 0x5630dbd6d34b <unknown>\n#12 0x5630dbd55681 <unknown>\n#13 0x5630dbd6deb2 <unknown>\n#14 0x5630dbd3a6af <unknown>\n#15 0x5630dbd94428 <unknown>\n#16 0x5630dbd94600 <unknown>\n#17 0x5630dbda3f84 <unknown>\n#18 0x7fc9f2894ac3 <unknown>",
  "statusTrace" : "driver = <selenium.webdriver.chrome.webdriver.WebDriver (session=\"70a91f12865dd1f2ca7bcc26506e8ddf\")>\n\n    @pytest.fixture(scope='function')\n    def main_page_open(driver):\n        main_page = MainPage(driver)\n        driver.get(Constant.MAIN_PAGE)\n>       main_page.get_allow_all_cookies().click()\n\ntests/test_main_page/conftest.py:10: \n_ _ _ _ _ _ _ _ _ _ _ _ _ _ _ _ _ _ _ _ _ _ _ _ _ _ _ _ _ _ _ _ _ _ _ _ _ _ _ _ \npages/main_page.py:24: in get_allow_all_cookies\n    return self.element_is_visible(self.locator.ALLOW_ALL_COOKIES)\npages/base_page.py:19: in element_is_visible\n    self.go_to_element(self.element_is_present(locator))\npages/base_page.py:35: in element_is_present\n    return Wait(self.driver, self.timeout).until(es.presence_of_element_located(locator))\n_ _ _ _ _ _ _ _ _ _ _ _ _ _ _ _ _ _ _ _ _ _ _ _ _ _ _ _ _ _ _ _ _ _ _ _ _ _ _ _ \n\nself = <selenium.webdriver.support.wait.WebDriverWait (session=\"70a91f12865dd1f2ca7bcc26506e8ddf\")>\nmethod = <function presence_of_element_located.<locals>._predicate at 0x7f3f3a715c60>\nmessage = ''\n\n    def until(self, method: Callable[[D], Union[Literal[False], T]], message: str = \"\") -> T:\n        \"\"\"Calls the method provided with the driver as an argument until the \\\n        return value does not evaluate to ``False``.\n    \n        :param method: callable(WebDriver)\n        :param message: optional message for :exc:`TimeoutException`\n        :returns: the result of the last call to `method`\n        :raises: :exc:`selenium.common.exceptions.TimeoutException` if timeout occurs\n        \"\"\"\n        screen = None\n        stacktrace = None\n    \n        end_time = time.monotonic() + self._timeout\n        while True:\n            try:\n                value = method(self._driver)\n                if value:\n                    return value\n            except self._ignored_exceptions as exc:\n                screen = getattr(exc, \"screen\", None)\n                stacktrace = getattr(exc, \"stacktrace\", None)\n            time.sleep(self._poll)\n            if time.monotonic() > end_time:\n                break\n>       raise TimeoutException(message, screen, stacktrace)\nE       selenium.common.exceptions.TimeoutException: Message: \nE       Stacktrace:\nE       #0 0x5630dbda4e33 <unknown>\nE       #1 0x5630dba94567 <unknown>\nE       #2 0x5630dbadf27d <unknown>\nE       #3 0x5630dbadf331 <unknown>\nE       #4 0x5630dbb22624 <unknown>\nE       #5 0x5630dbb0138d <unknown>\nE       #6 0x5630dbb1fae2 <unknown>\nE       #7 0x5630dbb01103 <unknown>\nE       #8 0x5630dbad21ba <unknown>\nE       #9 0x5630dbad2b8e <unknown>\nE       #10 0x5630dbd6959b <unknown>\nE       #11 0x5630dbd6d34b <unknown>\nE       #12 0x5630dbd55681 <unknown>\nE       #13 0x5630dbd6deb2 <unknown>\nE       #14 0x5630dbd3a6af <unknown>\nE       #15 0x5630dbd94428 <unknown>\nE       #16 0x5630dbd94600 <unknown>\nE       #17 0x5630dbda3f84 <unknown>\nE       #18 0x7fc9f2894ac3 <unknown>\n\n/opt/hostedtoolcache/Python/3.12.3/x64/lib/python3.12/site-packages/selenium/webdriver/support/wait.py:105: TimeoutException",
  "flaky" : false,
  "newFailed" : false,
  "beforeStages" : [ {
    "name" : "main_page_open",
    "time" : {
      "start" : 1714273390748,
      "stop" : 1714273411481,
      "duration" : 20733
    },
    "status" : "broken",
    "statusMessage" : "selenium.common.exceptions.TimeoutException: Message: \nStacktrace:\n#0 0x5630dbda4e33 <unknown>\n#1 0x5630dba94567 <unknown>\n#2 0x5630dbadf27d <unknown>\n#3 0x5630dbadf331 <unknown>\n#4 0x5630dbb22624 <unknown>\n#5 0x5630dbb0138d <unknown>\n#6 0x5630dbb1fae2 <unknown>\n#7 0x5630dbb01103 <unknown>\n#8 0x5630dbad21ba <unknown>\n#9 0x5630dbad2b8e <unknown>\n#10 0x5630dbd6959b <unknown>\n#11 0x5630dbd6d34b <unknown>\n#12 0x5630dbd55681 <unknown>\n#13 0x5630dbd6deb2 <unknown>\n#14 0x5630dbd3a6af <unknown>\n#15 0x5630dbd94428 <unknown>\n#16 0x5630dbd94600 <unknown>\n#17 0x5630dbda3f84 <unknown>\n#18 0x7fc9f2894ac3 <unknown>\n\n",
    "statusTrace" : "  File \"/opt/hostedtoolcache/Python/3.12.3/x64/lib/python3.12/site-packages/pluggy/_callers.py\", line 167, in _multicall\n    teardown.throw(outcome._exception)\n  File \"/opt/hostedtoolcache/Python/3.12.3/x64/lib/python3.12/site-packages/_pytest/setuponly.py\", line 36, in pytest_fixture_setup\n    return (yield)\n            ^^^^^\n  File \"/opt/hostedtoolcache/Python/3.12.3/x64/lib/python3.12/site-packages/pluggy/_callers.py\", line 103, in _multicall\n    res = hook_impl.function(*args)\n          ^^^^^^^^^^^^^^^^^^^^^^^^^\n  File \"/opt/hostedtoolcache/Python/3.12.3/x64/lib/python3.12/site-packages/_pytest/fixtures.py\", line 1140, in pytest_fixture_setup\n    result = call_fixture_func(fixturefunc, request, kwargs)\n             ^^^^^^^^^^^^^^^^^^^^^^^^^^^^^^^^^^^^^^^^^^^^^^^\n  File \"/opt/hostedtoolcache/Python/3.12.3/x64/lib/python3.12/site-packages/_pytest/fixtures.py\", line 917, in call_fixture_func\n    fixture_result = fixturefunc(**kwargs)\n                     ^^^^^^^^^^^^^^^^^^^^^\n  File \"/home/runner/work/PulseWave/PulseWave/tests/test_main_page/conftest.py\", line 10, in main_page_open\n    main_page.get_allow_all_cookies().click()\n    ^^^^^^^^^^^^^^^^^^^^^^^^^^^^^^^^^\n  File \"/opt/hostedtoolcache/Python/3.12.3/x64/lib/python3.12/site-packages/allure_commons/_allure.py\", line 192, in impl\n    return func(*a, **kw)\n           ^^^^^^^^^^^^^^\n  File \"/home/runner/work/PulseWave/PulseWave/pages/main_page.py\", line 24, in get_allow_all_cookies\n    return self.element_is_visible(self.locator.ALLOW_ALL_COOKIES)\n           ^^^^^^^^^^^^^^^^^^^^^^^^^^^^^^^^^^^^^^^^^^^^^^^^^^^^^^^\n  File \"/home/runner/work/PulseWave/PulseWave/pages/base_page.py\", line 19, in element_is_visible\n    self.go_to_element(self.element_is_present(locator))\n                       ^^^^^^^^^^^^^^^^^^^^^^^^^^^^^^^^\n  File \"/home/runner/work/PulseWave/PulseWave/pages/base_page.py\", line 35, in element_is_present\n    return Wait(self.driver, self.timeout).until(es.presence_of_element_located(locator))\n           ^^^^^^^^^^^^^^^^^^^^^^^^^^^^^^^^^^^^^^^^^^^^^^^^^^^^^^^^^^^^^^^^^^^^^^^^^^^^^^\n  File \"/opt/hostedtoolcache/Python/3.12.3/x64/lib/python3.12/site-packages/selenium/webdriver/support/wait.py\", line 105, in until\n    raise TimeoutException(message, screen, stacktrace)\n",
    "steps" : [ {
      "name" : "Проверка видимости кнопки 'Принимаю всё' в сообщении о принятии файлов cookie на Главной странице",
      "time" : {
        "start" : 1714273391063,
        "stop" : 1714273411481,
        "duration" : 20418
      },
      "status" : "broken",
      "statusMessage" : "selenium.common.exceptions.TimeoutException: Message: \nStacktrace:\n#0 0x5630dbda4e33 <unknown>\n#1 0x5630dba94567 <unknown>\n#2 0x5630dbadf27d <unknown>\n#3 0x5630dbadf331 <unknown>\n#4 0x5630dbb22624 <unknown>\n#5 0x5630dbb0138d <unknown>\n#6 0x5630dbb1fae2 <unknown>\n#7 0x5630dbb01103 <unknown>\n#8 0x5630dbad21ba <unknown>\n#9 0x5630dbad2b8e <unknown>\n#10 0x5630dbd6959b <unknown>\n#11 0x5630dbd6d34b <unknown>\n#12 0x5630dbd55681 <unknown>\n#13 0x5630dbd6deb2 <unknown>\n#14 0x5630dbd3a6af <unknown>\n#15 0x5630dbd94428 <unknown>\n#16 0x5630dbd94600 <unknown>\n#17 0x5630dbda3f84 <unknown>\n#18 0x7fc9f2894ac3 <unknown>\n\n",
      "statusTrace" : "  File \"/opt/hostedtoolcache/Python/3.12.3/x64/lib/python3.12/site-packages/allure_commons/_allure.py\", line 192, in impl\n    return func(*a, **kw)\n           ^^^^^^^^^^^^^^\n  File \"/home/runner/work/PulseWave/PulseWave/pages/main_page.py\", line 24, in get_allow_all_cookies\n    return self.element_is_visible(self.locator.ALLOW_ALL_COOKIES)\n           ^^^^^^^^^^^^^^^^^^^^^^^^^^^^^^^^^^^^^^^^^^^^^^^^^^^^^^^\n  File \"/home/runner/work/PulseWave/PulseWave/pages/base_page.py\", line 19, in element_is_visible\n    self.go_to_element(self.element_is_present(locator))\n                       ^^^^^^^^^^^^^^^^^^^^^^^^^^^^^^^^\n  File \"/home/runner/work/PulseWave/PulseWave/pages/base_page.py\", line 35, in element_is_present\n    return Wait(self.driver, self.timeout).until(es.presence_of_element_located(locator))\n           ^^^^^^^^^^^^^^^^^^^^^^^^^^^^^^^^^^^^^^^^^^^^^^^^^^^^^^^^^^^^^^^^^^^^^^^^^^^^^^\n  File \"/opt/hostedtoolcache/Python/3.12.3/x64/lib/python3.12/site-packages/selenium/webdriver/support/wait.py\", line 105, in until\n    raise TimeoutException(message, screen, stacktrace)\n",
      "steps" : [ ],
      "attachments" : [ ],
      "parameters" : [ ],
      "stepsCount" : 0,
      "attachmentsCount" : 0,
      "shouldDisplayMessage" : true,
      "hasContent" : true
    } ],
    "attachments" : [ ],
    "parameters" : [ ],
    "stepsCount" : 1,
    "attachmentsCount" : 0,
    "shouldDisplayMessage" : false,
    "hasContent" : true
  }, {
    "name" : "clear_allure_results_folder",
    "time" : {
      "start" : 1714270943308,
      "stop" : 1714270943308,
      "duration" : 0
    },
    "status" : "passed",
    "steps" : [ ],
    "attachments" : [ ],
    "parameters" : [ ],
    "stepsCount" : 0,
    "attachmentsCount" : 0,
    "shouldDisplayMessage" : false,
    "hasContent" : false
  }, {
    "name" : "_session_faker",
    "time" : {
      "start" : 1714270943291,
      "stop" : 1714270943307,
      "duration" : 16
    },
    "status" : "passed",
    "steps" : [ ],
    "attachments" : [ ],
    "parameters" : [ ],
    "stepsCount" : 0,
    "attachmentsCount" : 0,
    "shouldDisplayMessage" : false,
    "hasContent" : false
  }, {
    "name" : "driver",
    "time" : {
      "start" : 1714273390551,
      "stop" : 1714273390747,
      "duration" : 196
    },
    "status" : "passed",
    "steps" : [ ],
    "attachments" : [ ],
    "parameters" : [ ],
    "stepsCount" : 0,
    "attachmentsCount" : 0,
    "shouldDisplayMessage" : false,
    "hasContent" : false
  } ],
  "afterStages" : [ {
    "name" : "driver::0",
    "time" : {
      "start" : 1714273411495,
      "stop" : 1714273411553,
      "duration" : 58
    },
    "status" : "passed",
    "steps" : [ ],
    "attachments" : [ ],
    "parameters" : [ ],
    "stepsCount" : 0,
    "attachmentsCount" : 0,
    "shouldDisplayMessage" : false,
    "hasContent" : false
  } ],
  "labels" : [ {
    "name" : "epic",
    "value" : "Тестирование Главной страницы"
  }, {
    "name" : "tag",
    "value" : "regress"
  }, {
    "name" : "parentSuite",
    "value" : "tests.test_main_page"
  }, {
    "name" : "suite",
    "value" : "test_main_page"
  }, {
    "name" : "subSuite",
    "value" : "TestMainPage"
  }, {
    "name" : "host",
    "value" : "fv-az1383-514"
  }, {
    "name" : "thread",
    "value" : "2368-MainThread"
  }, {
    "name" : "framework",
    "value" : "pytest"
  }, {
    "name" : "language",
    "value" : "cpython3"
  }, {
    "name" : "package",
    "value" : "tests.test_main_page.test_main_page"
  }, {
    "name" : "resultFormat",
    "value" : "allure2"
  } ],
  "parameters" : [ {
    "name" : "browser",
    "value" : "'chrome'"
  }, {
    "name" : "css_property",
    "value" : "'font-size'"
  }, {
    "name" : "figma",
    "value" : "'16px'"
  }, {
    "name" : "name",
    "value" : "'размера шрифта'"
  } ],
  "links" : [ ],
  "hidden" : false,
  "retry" : false,
  "extra" : {
    "severity" : "normal",
    "retries" : [ ],
    "categories" : [ {
      "name" : "Test defects",
      "matchedStatuses" : [ ],
      "flaky" : false
    } ],
    "history" : {
      "statistic" : {
        "failed" : 0,
        "broken" : 1,
        "skipped" : 0,
        "passed" : 11,
        "unknown" : 0,
        "total" : 12
      },
      "items" : [ {
        "uid" : "c92245a9e211fe34",
        "reportUrl" : "https://Nat754.github.io/PulseWave/7//#testresult/c92245a9e211fe34",
        "status" : "passed",
        "time" : {
          "start" : 1714185121972,
          "stop" : 1714185122009,
          "duration" : 37
        }
      }, {
        "uid" : "15fcd6132a69e8c7",
        "reportUrl" : "https://Nat754.github.io/PulseWave/6//#testresult/15fcd6132a69e8c7",
        "status" : "passed",
        "time" : {
          "start" : 1714148566692,
          "stop" : 1714148566730,
          "duration" : 38
        }
      }, {
        "uid" : "76789a1e9d978a49",
        "reportUrl" : "https://Nat754.github.io/PulseWave/6//#testresult/76789a1e9d978a49",
        "status" : "passed",
        "time" : {
          "start" : 1714098616611,
          "stop" : 1714098616646,
          "duration" : 35
        }
      }, {
        "uid" : "4e3d1e4a3d654e4c",
        "reportUrl" : "https://Nat754.github.io/PulseWave/5//#testresult/4e3d1e4a3d654e4c",
        "status" : "passed",
        "time" : {
          "start" : 1714014481847,
          "stop" : 1714014481884,
          "duration" : 37
        }
      }, {
        "uid" : "a75e9308e45b99a7",
        "reportUrl" : "https://Nat754.github.io/PulseWave/211//#testresult/a75e9308e45b99a7",
        "status" : "passed",
        "time" : {
          "start" : 1713945985136,
          "stop" : 1713945985173,
          "duration" : 37
        }
      }, {
        "uid" : "e23e32e046e3fd98",
        "reportUrl" : "https://Nat754.github.io/PulseWave/4//#testresult/e23e32e046e3fd98",
        "status" : "passed",
        "time" : {
          "start" : 1713925775889,
          "stop" : 1713925775925,
          "duration" : 36
        }
      }, {
        "uid" : "4c2eadaf1a041248",
        "reportUrl" : "https://Nat754.github.io/PulseWave/211//#testresult/4c2eadaf1a041248",
        "status" : "passed",
        "time" : {
          "start" : 1713901642684,
          "stop" : 1713901642724,
          "duration" : 40
        }
      }, {
        "uid" : "fb0dc2446941a08",
        "reportUrl" : "https://Nat754.github.io/PulseWave/210//#testresult/fb0dc2446941a08",
        "status" : "passed",
        "time" : {
          "start" : 1713885860686,
          "stop" : 1713885860722,
          "duration" : 36
        }
      }, {
        "uid" : "66d5980dc52074ed",
        "reportUrl" : "https://Nat754.github.io/PulseWave/209//#testresult/66d5980dc52074ed",
        "status" : "passed",
        "time" : {
          "start" : 1713883751073,
          "stop" : 1713883751109,
          "duration" : 36
        }
      }, {
        "uid" : "9f73d6ace54a38d0",
        "reportUrl" : "https://Nat754.github.io/PulseWave/209//#testresult/9f73d6ace54a38d0",
        "status" : "passed",
        "time" : {
          "start" : 1713882279004,
          "stop" : 1713882279041,
          "duration" : 37
        }
      }, {
        "uid" : "7da9641911ef92d3",
        "reportUrl" : "https://Nat754.github.io/PulseWave/208//#testresult/7da9641911ef92d3",
        "status" : "passed",
        "time" : {
          "start" : 1713879456638,
          "stop" : 1713879456675,
          "duration" : 37
        }
      } ]
    },
    "tags" : [ "regress" ]
  },
  "source" : "a1a7abf3c5cac6a4.json",
  "parameterValues" : [ "'chrome'", "'font-size'", "'16px'", "'размера шрифта'" ]
}