{
  "uid" : "b08c9989bacc67ca",
  "name" : "Проверка текста элемента 'PULSEWAVE'",
  "fullName" : "tests.test_main_page.test_main_page.TestMainPage#test_get_text_body_main_title",
  "historyId" : "0fcf70441b8df08e6e517cc27967081a",
  "time" : {
    "start" : 1714273663543,
    "stop" : 1714273663543,
    "duration" : 0
  },
  "status" : "broken",
  "statusMessage" : "selenium.common.exceptions.TimeoutException: Message: \nStacktrace:\n#0 0x5646d9c79e33 <unknown>\n#1 0x5646d9969567 <unknown>\n#2 0x5646d99b427d <unknown>\n#3 0x5646d99b4331 <unknown>\n#4 0x5646d99f7624 <unknown>\n#5 0x5646d99d638d <unknown>\n#6 0x5646d99f4ae2 <unknown>\n#7 0x5646d99d6103 <unknown>\n#8 0x5646d99a71ba <unknown>\n#9 0x5646d99a7b8e <unknown>\n#10 0x5646d9c3e59b <unknown>\n#11 0x5646d9c4234b <unknown>\n#12 0x5646d9c2a681 <unknown>\n#13 0x5646d9c42eb2 <unknown>\n#14 0x5646d9c0f6af <unknown>\n#15 0x5646d9c69428 <unknown>\n#16 0x5646d9c69600 <unknown>\n#17 0x5646d9c78f84 <unknown>\n#18 0x7fecb1a94ac3 <unknown>",
  "statusTrace" : "driver = <selenium.webdriver.chrome.webdriver.WebDriver (session=\"0c3ac4f663489fc05262b084bb1ece86\")>\n\n    @pytest.fixture(scope='function')\n    def main_page_open(driver):\n        main_page = MainPage(driver)\n        driver.get(Constant.MAIN_PAGE)\n>       main_page.get_allow_all_cookies().click()\n\ntests/test_main_page/conftest.py:10: \n_ _ _ _ _ _ _ _ _ _ _ _ _ _ _ _ _ _ _ _ _ _ _ _ _ _ _ _ _ _ _ _ _ _ _ _ _ _ _ _ \npages/main_page.py:24: in get_allow_all_cookies\n    return self.element_is_visible(self.locator.ALLOW_ALL_COOKIES)\npages/base_page.py:19: in element_is_visible\n    self.go_to_element(self.element_is_present(locator))\npages/base_page.py:35: in element_is_present\n    return Wait(self.driver, self.timeout).until(es.presence_of_element_located(locator))\n_ _ _ _ _ _ _ _ _ _ _ _ _ _ _ _ _ _ _ _ _ _ _ _ _ _ _ _ _ _ _ _ _ _ _ _ _ _ _ _ \n\nself = <selenium.webdriver.support.wait.WebDriverWait (session=\"0c3ac4f663489fc05262b084bb1ece86\")>\nmethod = <function presence_of_element_located.<locals>._predicate at 0x7f3f38e932e0>\nmessage = ''\n\n    def until(self, method: Callable[[D], Union[Literal[False], T]], message: str = \"\") -> T:\n        \"\"\"Calls the method provided with the driver as an argument until the \\\n        return value does not evaluate to ``False``.\n    \n        :param method: callable(WebDriver)\n        :param message: optional message for :exc:`TimeoutException`\n        :returns: the result of the last call to `method`\n        :raises: :exc:`selenium.common.exceptions.TimeoutException` if timeout occurs\n        \"\"\"\n        screen = None\n        stacktrace = None\n    \n        end_time = time.monotonic() + self._timeout\n        while True:\n            try:\n                value = method(self._driver)\n                if value:\n                    return value\n            except self._ignored_exceptions as exc:\n                screen = getattr(exc, \"screen\", None)\n                stacktrace = getattr(exc, \"stacktrace\", None)\n            time.sleep(self._poll)\n            if time.monotonic() > end_time:\n                break\n>       raise TimeoutException(message, screen, stacktrace)\nE       selenium.common.exceptions.TimeoutException: Message: \nE       Stacktrace:\nE       #0 0x5646d9c79e33 <unknown>\nE       #1 0x5646d9969567 <unknown>\nE       #2 0x5646d99b427d <unknown>\nE       #3 0x5646d99b4331 <unknown>\nE       #4 0x5646d99f7624 <unknown>\nE       #5 0x5646d99d638d <unknown>\nE       #6 0x5646d99f4ae2 <unknown>\nE       #7 0x5646d99d6103 <unknown>\nE       #8 0x5646d99a71ba <unknown>\nE       #9 0x5646d99a7b8e <unknown>\nE       #10 0x5646d9c3e59b <unknown>\nE       #11 0x5646d9c4234b <unknown>\nE       #12 0x5646d9c2a681 <unknown>\nE       #13 0x5646d9c42eb2 <unknown>\nE       #14 0x5646d9c0f6af <unknown>\nE       #15 0x5646d9c69428 <unknown>\nE       #16 0x5646d9c69600 <unknown>\nE       #17 0x5646d9c78f84 <unknown>\nE       #18 0x7fecb1a94ac3 <unknown>\n\n/opt/hostedtoolcache/Python/3.12.3/x64/lib/python3.12/site-packages/selenium/webdriver/support/wait.py:105: TimeoutException",
  "flaky" : false,
  "newFailed" : false,
  "beforeStages" : [ {
    "name" : "clear_allure_results_folder",
    "time" : {
      "start" : 1714270943308,
      "stop" : 1714270943308,
      "duration" : 0
    },
    "status" : "passed",
    "steps" : [ ],
    "attachments" : [ ],
    "parameters" : [ ],
    "stepsCount" : 0,
    "attachmentsCount" : 0,
    "shouldDisplayMessage" : false,
    "hasContent" : false
  }, {
    "name" : "_session_faker",
    "time" : {
      "start" : 1714270943291,
      "stop" : 1714270943307,
      "duration" : 16
    },
    "status" : "passed",
    "steps" : [ ],
    "attachments" : [ ],
    "parameters" : [ ],
    "stepsCount" : 0,
    "attachmentsCount" : 0,
    "shouldDisplayMessage" : false,
    "hasContent" : false
  }, {
    "name" : "main_page_open",
    "time" : {
      "start" : 1714273663741,
      "stop" : 1714273684472,
      "duration" : 20731
    },
    "status" : "broken",
    "statusMessage" : "selenium.common.exceptions.TimeoutException: Message: \nStacktrace:\n#0 0x5646d9c79e33 <unknown>\n#1 0x5646d9969567 <unknown>\n#2 0x5646d99b427d <unknown>\n#3 0x5646d99b4331 <unknown>\n#4 0x5646d99f7624 <unknown>\n#5 0x5646d99d638d <unknown>\n#6 0x5646d99f4ae2 <unknown>\n#7 0x5646d99d6103 <unknown>\n#8 0x5646d99a71ba <unknown>\n#9 0x5646d99a7b8e <unknown>\n#10 0x5646d9c3e59b <unknown>\n#11 0x5646d9c4234b <unknown>\n#12 0x5646d9c2a681 <unknown>\n#13 0x5646d9c42eb2 <unknown>\n#14 0x5646d9c0f6af <unknown>\n#15 0x5646d9c69428 <unknown>\n#16 0x5646d9c69600 <unknown>\n#17 0x5646d9c78f84 <unknown>\n#18 0x7fecb1a94ac3 <unknown>\n\n",
    "statusTrace" : "  File \"/opt/hostedtoolcache/Python/3.12.3/x64/lib/python3.12/site-packages/pluggy/_callers.py\", line 167, in _multicall\n    teardown.throw(outcome._exception)\n  File \"/opt/hostedtoolcache/Python/3.12.3/x64/lib/python3.12/site-packages/_pytest/setuponly.py\", line 36, in pytest_fixture_setup\n    return (yield)\n            ^^^^^\n  File \"/opt/hostedtoolcache/Python/3.12.3/x64/lib/python3.12/site-packages/pluggy/_callers.py\", line 103, in _multicall\n    res = hook_impl.function(*args)\n          ^^^^^^^^^^^^^^^^^^^^^^^^^\n  File \"/opt/hostedtoolcache/Python/3.12.3/x64/lib/python3.12/site-packages/_pytest/fixtures.py\", line 1140, in pytest_fixture_setup\n    result = call_fixture_func(fixturefunc, request, kwargs)\n             ^^^^^^^^^^^^^^^^^^^^^^^^^^^^^^^^^^^^^^^^^^^^^^^\n  File \"/opt/hostedtoolcache/Python/3.12.3/x64/lib/python3.12/site-packages/_pytest/fixtures.py\", line 917, in call_fixture_func\n    fixture_result = fixturefunc(**kwargs)\n                     ^^^^^^^^^^^^^^^^^^^^^\n  File \"/home/runner/work/PulseWave/PulseWave/tests/test_main_page/conftest.py\", line 10, in main_page_open\n    main_page.get_allow_all_cookies().click()\n    ^^^^^^^^^^^^^^^^^^^^^^^^^^^^^^^^^\n  File \"/opt/hostedtoolcache/Python/3.12.3/x64/lib/python3.12/site-packages/allure_commons/_allure.py\", line 192, in impl\n    return func(*a, **kw)\n           ^^^^^^^^^^^^^^\n  File \"/home/runner/work/PulseWave/PulseWave/pages/main_page.py\", line 24, in get_allow_all_cookies\n    return self.element_is_visible(self.locator.ALLOW_ALL_COOKIES)\n           ^^^^^^^^^^^^^^^^^^^^^^^^^^^^^^^^^^^^^^^^^^^^^^^^^^^^^^^\n  File \"/home/runner/work/PulseWave/PulseWave/pages/base_page.py\", line 19, in element_is_visible\n    self.go_to_element(self.element_is_present(locator))\n                       ^^^^^^^^^^^^^^^^^^^^^^^^^^^^^^^^\n  File \"/home/runner/work/PulseWave/PulseWave/pages/base_page.py\", line 35, in element_is_present\n    return Wait(self.driver, self.timeout).until(es.presence_of_element_located(locator))\n           ^^^^^^^^^^^^^^^^^^^^^^^^^^^^^^^^^^^^^^^^^^^^^^^^^^^^^^^^^^^^^^^^^^^^^^^^^^^^^^\n  File \"/opt/hostedtoolcache/Python/3.12.3/x64/lib/python3.12/site-packages/selenium/webdriver/support/wait.py\", line 105, in until\n    raise TimeoutException(message, screen, stacktrace)\n",
    "steps" : [ {
      "name" : "Проверка видимости кнопки 'Принимаю всё' в сообщении о принятии файлов cookie на Главной странице",
      "time" : {
        "start" : 1714273664056,
        "stop" : 1714273684471,
        "duration" : 20415
      },
      "status" : "broken",
      "statusMessage" : "selenium.common.exceptions.TimeoutException: Message: \nStacktrace:\n#0 0x5646d9c79e33 <unknown>\n#1 0x5646d9969567 <unknown>\n#2 0x5646d99b427d <unknown>\n#3 0x5646d99b4331 <unknown>\n#4 0x5646d99f7624 <unknown>\n#5 0x5646d99d638d <unknown>\n#6 0x5646d99f4ae2 <unknown>\n#7 0x5646d99d6103 <unknown>\n#8 0x5646d99a71ba <unknown>\n#9 0x5646d99a7b8e <unknown>\n#10 0x5646d9c3e59b <unknown>\n#11 0x5646d9c4234b <unknown>\n#12 0x5646d9c2a681 <unknown>\n#13 0x5646d9c42eb2 <unknown>\n#14 0x5646d9c0f6af <unknown>\n#15 0x5646d9c69428 <unknown>\n#16 0x5646d9c69600 <unknown>\n#17 0x5646d9c78f84 <unknown>\n#18 0x7fecb1a94ac3 <unknown>\n\n",
      "statusTrace" : "  File \"/opt/hostedtoolcache/Python/3.12.3/x64/lib/python3.12/site-packages/allure_commons/_allure.py\", line 192, in impl\n    return func(*a, **kw)\n           ^^^^^^^^^^^^^^\n  File \"/home/runner/work/PulseWave/PulseWave/pages/main_page.py\", line 24, in get_allow_all_cookies\n    return self.element_is_visible(self.locator.ALLOW_ALL_COOKIES)\n           ^^^^^^^^^^^^^^^^^^^^^^^^^^^^^^^^^^^^^^^^^^^^^^^^^^^^^^^\n  File \"/home/runner/work/PulseWave/PulseWave/pages/base_page.py\", line 19, in element_is_visible\n    self.go_to_element(self.element_is_present(locator))\n                       ^^^^^^^^^^^^^^^^^^^^^^^^^^^^^^^^\n  File \"/home/runner/work/PulseWave/PulseWave/pages/base_page.py\", line 35, in element_is_present\n    return Wait(self.driver, self.timeout).until(es.presence_of_element_located(locator))\n           ^^^^^^^^^^^^^^^^^^^^^^^^^^^^^^^^^^^^^^^^^^^^^^^^^^^^^^^^^^^^^^^^^^^^^^^^^^^^^^\n  File \"/opt/hostedtoolcache/Python/3.12.3/x64/lib/python3.12/site-packages/selenium/webdriver/support/wait.py\", line 105, in until\n    raise TimeoutException(message, screen, stacktrace)\n",
      "steps" : [ ],
      "attachments" : [ ],
      "parameters" : [ ],
      "stepsCount" : 0,
      "attachmentsCount" : 0,
      "shouldDisplayMessage" : true,
      "hasContent" : true
    } ],
    "attachments" : [ ],
    "parameters" : [ ],
    "stepsCount" : 1,
    "attachmentsCount" : 0,
    "shouldDisplayMessage" : false,
    "hasContent" : true
  }, {
    "name" : "driver",
    "time" : {
      "start" : 1714273663543,
      "stop" : 1714273663740,
      "duration" : 197
    },
    "status" : "passed",
    "steps" : [ ],
    "attachments" : [ ],
    "parameters" : [ ],
    "stepsCount" : 0,
    "attachmentsCount" : 0,
    "shouldDisplayMessage" : false,
    "hasContent" : false
  } ],
  "afterStages" : [ {
    "name" : "driver::0",
    "time" : {
      "start" : 1714273684484,
      "stop" : 1714273684543,
      "duration" : 59
    },
    "status" : "passed",
    "steps" : [ ],
    "attachments" : [ ],
    "parameters" : [ ],
    "stepsCount" : 0,
    "attachmentsCount" : 0,
    "shouldDisplayMessage" : false,
    "hasContent" : false
  } ],
  "labels" : [ {
    "name" : "epic",
    "value" : "Тестирование Главной страницы"
  }, {
    "name" : "tag",
    "value" : "regress"
  }, {
    "name" : "parentSuite",
    "value" : "tests.test_main_page"
  }, {
    "name" : "suite",
    "value" : "test_main_page"
  }, {
    "name" : "subSuite",
    "value" : "TestMainPage"
  }, {
    "name" : "host",
    "value" : "fv-az1383-514"
  }, {
    "name" : "thread",
    "value" : "2368-MainThread"
  }, {
    "name" : "framework",
    "value" : "pytest"
  }, {
    "name" : "language",
    "value" : "cpython3"
  }, {
    "name" : "package",
    "value" : "tests.test_main_page.test_main_page"
  }, {
    "name" : "resultFormat",
    "value" : "allure2"
  } ],
  "parameters" : [ {
    "name" : "browser",
    "value" : "'chrome'"
  } ],
  "links" : [ ],
  "hidden" : false,
  "retry" : false,
  "extra" : {
    "severity" : "normal",
    "retries" : [ ],
    "categories" : [ {
      "name" : "Test defects",
      "matchedStatuses" : [ ],
      "flaky" : false
    } ],
    "history" : {
      "statistic" : {
        "failed" : 0,
        "broken" : 1,
        "skipped" : 0,
        "passed" : 11,
        "unknown" : 0,
        "total" : 12
      },
      "items" : [ {
        "uid" : "b81b25f58a97d385",
        "reportUrl" : "https://Nat754.github.io/PulseWave/7//#testresult/b81b25f58a97d385",
        "status" : "passed",
        "time" : {
          "start" : 1714185171767,
          "stop" : 1714185171806,
          "duration" : 39
        }
      }, {
        "uid" : "3cf80ed353253a30",
        "reportUrl" : "https://Nat754.github.io/PulseWave/6//#testresult/3cf80ed353253a30",
        "status" : "passed",
        "time" : {
          "start" : 1714148605555,
          "stop" : 1714148605593,
          "duration" : 38
        }
      }, {
        "uid" : "c02e11e34caeb859",
        "reportUrl" : "https://Nat754.github.io/PulseWave/6//#testresult/c02e11e34caeb859",
        "status" : "passed",
        "time" : {
          "start" : 1714098655534,
          "stop" : 1714098655571,
          "duration" : 37
        }
      }, {
        "uid" : "8e8b7c38cb39415a",
        "reportUrl" : "https://Nat754.github.io/PulseWave/5//#testresult/8e8b7c38cb39415a",
        "status" : "passed",
        "time" : {
          "start" : 1714014515402,
          "stop" : 1714014515438,
          "duration" : 36
        }
      }, {
        "uid" : "6b113510617d323d",
        "reportUrl" : "https://Nat754.github.io/PulseWave/211//#testresult/6b113510617d323d",
        "status" : "passed",
        "time" : {
          "start" : 1713946020866,
          "stop" : 1713946020901,
          "duration" : 35
        }
      }, {
        "uid" : "d23ef04ce7b503bc",
        "reportUrl" : "https://Nat754.github.io/PulseWave/4//#testresult/d23ef04ce7b503bc",
        "status" : "passed",
        "time" : {
          "start" : 1713925811436,
          "stop" : 1713925811472,
          "duration" : 36
        }
      }, {
        "uid" : "e065d12057bc5474",
        "reportUrl" : "https://Nat754.github.io/PulseWave/211//#testresult/e065d12057bc5474",
        "status" : "passed",
        "time" : {
          "start" : 1713901682860,
          "stop" : 1713901682896,
          "duration" : 36
        }
      }, {
        "uid" : "36c67372d976d4c8",
        "reportUrl" : "https://Nat754.github.io/PulseWave/210//#testresult/36c67372d976d4c8",
        "status" : "passed",
        "time" : {
          "start" : 1713885909181,
          "stop" : 1713885909217,
          "duration" : 36
        }
      }, {
        "uid" : "d6582de308782fe6",
        "reportUrl" : "https://Nat754.github.io/PulseWave/209//#testresult/d6582de308782fe6",
        "status" : "passed",
        "time" : {
          "start" : 1713883797546,
          "stop" : 1713883797582,
          "duration" : 36
        }
      }, {
        "uid" : "267bb112bc4ddacc",
        "reportUrl" : "https://Nat754.github.io/PulseWave/209//#testresult/267bb112bc4ddacc",
        "status" : "passed",
        "time" : {
          "start" : 1713882327818,
          "stop" : 1713882327856,
          "duration" : 38
        }
      }, {
        "uid" : "b29a841beac0b648",
        "reportUrl" : "https://Nat754.github.io/PulseWave/208//#testresult/b29a841beac0b648",
        "status" : "passed",
        "time" : {
          "start" : 1713879506831,
          "stop" : 1713879506868,
          "duration" : 37
        }
      } ]
    },
    "tags" : [ "regress" ]
  },
  "source" : "b08c9989bacc67ca.json",
  "parameterValues" : [ "'chrome'" ]
}