{
  "uid" : "b8099684c9e82f14",
  "name" : "Проверка текста кнопки 'Регистрация'",
  "fullName" : "tests.test_header.test_header.TestHeader#test_get_text_header_auth_signup",
  "historyId" : "b1076a75f8b2bd91eae724a809cc857c",
  "time" : {
    "start" : 1714272275600,
    "stop" : 1714272275600,
    "duration" : 0
  },
  "status" : "broken",
  "statusMessage" : "selenium.common.exceptions.TimeoutException: Message: \nStacktrace:\n#0 0x559e0ad92e33 <unknown>\n#1 0x559e0aa82567 <unknown>\n#2 0x559e0aacd27d <unknown>\n#3 0x559e0aacd331 <unknown>\n#4 0x559e0ab10624 <unknown>\n#5 0x559e0aaef38d <unknown>\n#6 0x559e0ab0dae2 <unknown>\n#7 0x559e0aaef103 <unknown>\n#8 0x559e0aac01ba <unknown>\n#9 0x559e0aac0b8e <unknown>\n#10 0x559e0ad5759b <unknown>\n#11 0x559e0ad5b34b <unknown>\n#12 0x559e0ad43681 <unknown>\n#13 0x559e0ad5beb2 <unknown>\n#14 0x559e0ad286af <unknown>\n#15 0x559e0ad82428 <unknown>\n#16 0x559e0ad82600 <unknown>\n#17 0x559e0ad91f84 <unknown>\n#18 0x7f3694894ac3 <unknown>",
  "statusTrace" : "driver = <selenium.webdriver.chrome.webdriver.WebDriver (session=\"ed88adf6694f2f2572718f70ab8e0df1\")>\nurl = 'https://pulsewave.ru/auth/password?email='\n\n    @pytest.fixture()\n    def header_open(driver, url):\n        page = HeaderPage(driver)\n        driver.get(url)\n>       page.get_allow_all_cookies().click()\n\ntests/test_header/conftest.py:9: \n_ _ _ _ _ _ _ _ _ _ _ _ _ _ _ _ _ _ _ _ _ _ _ _ _ _ _ _ _ _ _ _ _ _ _ _ _ _ _ _ \npages/header.py:33: in get_allow_all_cookies\n    return self.element_is_visible(FooterLocators.ALLOW_ALL_COOKIES)\npages/base_page.py:19: in element_is_visible\n    self.go_to_element(self.element_is_present(locator))\npages/base_page.py:35: in element_is_present\n    return Wait(self.driver, self.timeout).until(es.presence_of_element_located(locator))\n_ _ _ _ _ _ _ _ _ _ _ _ _ _ _ _ _ _ _ _ _ _ _ _ _ _ _ _ _ _ _ _ _ _ _ _ _ _ _ _ \n\nself = <selenium.webdriver.support.wait.WebDriverWait (session=\"ed88adf6694f2f2572718f70ab8e0df1\")>\nmethod = <function presence_of_element_located.<locals>._predicate at 0x7f3f38e90cc0>\nmessage = ''\n\n    def until(self, method: Callable[[D], Union[Literal[False], T]], message: str = \"\") -> T:\n        \"\"\"Calls the method provided with the driver as an argument until the \\\n        return value does not evaluate to ``False``.\n    \n        :param method: callable(WebDriver)\n        :param message: optional message for :exc:`TimeoutException`\n        :returns: the result of the last call to `method`\n        :raises: :exc:`selenium.common.exceptions.TimeoutException` if timeout occurs\n        \"\"\"\n        screen = None\n        stacktrace = None\n    \n        end_time = time.monotonic() + self._timeout\n        while True:\n            try:\n                value = method(self._driver)\n                if value:\n                    return value\n            except self._ignored_exceptions as exc:\n                screen = getattr(exc, \"screen\", None)\n                stacktrace = getattr(exc, \"stacktrace\", None)\n            time.sleep(self._poll)\n            if time.monotonic() > end_time:\n                break\n>       raise TimeoutException(message, screen, stacktrace)\nE       selenium.common.exceptions.TimeoutException: Message: \nE       Stacktrace:\nE       #0 0x559e0ad92e33 <unknown>\nE       #1 0x559e0aa82567 <unknown>\nE       #2 0x559e0aacd27d <unknown>\nE       #3 0x559e0aacd331 <unknown>\nE       #4 0x559e0ab10624 <unknown>\nE       #5 0x559e0aaef38d <unknown>\nE       #6 0x559e0ab0dae2 <unknown>\nE       #7 0x559e0aaef103 <unknown>\nE       #8 0x559e0aac01ba <unknown>\nE       #9 0x559e0aac0b8e <unknown>\nE       #10 0x559e0ad5759b <unknown>\nE       #11 0x559e0ad5b34b <unknown>\nE       #12 0x559e0ad43681 <unknown>\nE       #13 0x559e0ad5beb2 <unknown>\nE       #14 0x559e0ad286af <unknown>\nE       #15 0x559e0ad82428 <unknown>\nE       #16 0x559e0ad82600 <unknown>\nE       #17 0x559e0ad91f84 <unknown>\nE       #18 0x7f3694894ac3 <unknown>\n\n/opt/hostedtoolcache/Python/3.12.3/x64/lib/python3.12/site-packages/selenium/webdriver/support/wait.py:105: TimeoutException",
  "flaky" : false,
  "newFailed" : false,
  "beforeStages" : [ {
    "name" : "clear_allure_results_folder",
    "time" : {
      "start" : 1714270943308,
      "stop" : 1714270943308,
      "duration" : 0
    },
    "status" : "passed",
    "steps" : [ ],
    "attachments" : [ ],
    "parameters" : [ ],
    "stepsCount" : 0,
    "attachmentsCount" : 0,
    "shouldDisplayMessage" : false,
    "hasContent" : false
  }, {
    "name" : "_session_faker",
    "time" : {
      "start" : 1714270943291,
      "stop" : 1714270943307,
      "duration" : 16
    },
    "status" : "passed",
    "steps" : [ ],
    "attachments" : [ ],
    "parameters" : [ ],
    "stepsCount" : 0,
    "attachmentsCount" : 0,
    "shouldDisplayMessage" : false,
    "hasContent" : false
  }, {
    "name" : "driver",
    "time" : {
      "start" : 1714272275600,
      "stop" : 1714272275796,
      "duration" : 196
    },
    "status" : "passed",
    "steps" : [ ],
    "attachments" : [ ],
    "parameters" : [ ],
    "stepsCount" : 0,
    "attachmentsCount" : 0,
    "shouldDisplayMessage" : false,
    "hasContent" : false
  }, {
    "name" : "header_open",
    "time" : {
      "start" : 1714272275797,
      "stop" : 1714272296528,
      "duration" : 20731
    },
    "status" : "broken",
    "statusMessage" : "selenium.common.exceptions.TimeoutException: Message: \nStacktrace:\n#0 0x559e0ad92e33 <unknown>\n#1 0x559e0aa82567 <unknown>\n#2 0x559e0aacd27d <unknown>\n#3 0x559e0aacd331 <unknown>\n#4 0x559e0ab10624 <unknown>\n#5 0x559e0aaef38d <unknown>\n#6 0x559e0ab0dae2 <unknown>\n#7 0x559e0aaef103 <unknown>\n#8 0x559e0aac01ba <unknown>\n#9 0x559e0aac0b8e <unknown>\n#10 0x559e0ad5759b <unknown>\n#11 0x559e0ad5b34b <unknown>\n#12 0x559e0ad43681 <unknown>\n#13 0x559e0ad5beb2 <unknown>\n#14 0x559e0ad286af <unknown>\n#15 0x559e0ad82428 <unknown>\n#16 0x559e0ad82600 <unknown>\n#17 0x559e0ad91f84 <unknown>\n#18 0x7f3694894ac3 <unknown>\n\n",
    "statusTrace" : "  File \"/opt/hostedtoolcache/Python/3.12.3/x64/lib/python3.12/site-packages/pluggy/_callers.py\", line 167, in _multicall\n    teardown.throw(outcome._exception)\n  File \"/opt/hostedtoolcache/Python/3.12.3/x64/lib/python3.12/site-packages/_pytest/setuponly.py\", line 36, in pytest_fixture_setup\n    return (yield)\n            ^^^^^\n  File \"/opt/hostedtoolcache/Python/3.12.3/x64/lib/python3.12/site-packages/pluggy/_callers.py\", line 103, in _multicall\n    res = hook_impl.function(*args)\n          ^^^^^^^^^^^^^^^^^^^^^^^^^\n  File \"/opt/hostedtoolcache/Python/3.12.3/x64/lib/python3.12/site-packages/_pytest/fixtures.py\", line 1140, in pytest_fixture_setup\n    result = call_fixture_func(fixturefunc, request, kwargs)\n             ^^^^^^^^^^^^^^^^^^^^^^^^^^^^^^^^^^^^^^^^^^^^^^^\n  File \"/opt/hostedtoolcache/Python/3.12.3/x64/lib/python3.12/site-packages/_pytest/fixtures.py\", line 917, in call_fixture_func\n    fixture_result = fixturefunc(**kwargs)\n                     ^^^^^^^^^^^^^^^^^^^^^\n  File \"/home/runner/work/PulseWave/PulseWave/tests/test_header/conftest.py\", line 9, in header_open\n    page.get_allow_all_cookies().click()\n    ^^^^^^^^^^^^^^^^^^^^^^^^^^^^\n  File \"/opt/hostedtoolcache/Python/3.12.3/x64/lib/python3.12/site-packages/allure_commons/_allure.py\", line 192, in impl\n    return func(*a, **kw)\n           ^^^^^^^^^^^^^^\n  File \"/home/runner/work/PulseWave/PulseWave/pages/header.py\", line 33, in get_allow_all_cookies\n    return self.element_is_visible(FooterLocators.ALLOW_ALL_COOKIES)\n           ^^^^^^^^^^^^^^^^^^^^^^^^^^^^^^^^^^^^^^^^^^^^^^^^^^^^^^^^^\n  File \"/home/runner/work/PulseWave/PulseWave/pages/base_page.py\", line 19, in element_is_visible\n    self.go_to_element(self.element_is_present(locator))\n                       ^^^^^^^^^^^^^^^^^^^^^^^^^^^^^^^^\n  File \"/home/runner/work/PulseWave/PulseWave/pages/base_page.py\", line 35, in element_is_present\n    return Wait(self.driver, self.timeout).until(es.presence_of_element_located(locator))\n           ^^^^^^^^^^^^^^^^^^^^^^^^^^^^^^^^^^^^^^^^^^^^^^^^^^^^^^^^^^^^^^^^^^^^^^^^^^^^^^\n  File \"/opt/hostedtoolcache/Python/3.12.3/x64/lib/python3.12/site-packages/selenium/webdriver/support/wait.py\", line 105, in until\n    raise TimeoutException(message, screen, stacktrace)\n",
    "steps" : [ {
      "name" : "Проверка видимости кнопки 'Принимаю всё' в сообщении о принятии файлов cookie на Главной странице",
      "time" : {
        "start" : 1714272276111,
        "stop" : 1714272296528,
        "duration" : 20417
      },
      "status" : "broken",
      "statusMessage" : "selenium.common.exceptions.TimeoutException: Message: \nStacktrace:\n#0 0x559e0ad92e33 <unknown>\n#1 0x559e0aa82567 <unknown>\n#2 0x559e0aacd27d <unknown>\n#3 0x559e0aacd331 <unknown>\n#4 0x559e0ab10624 <unknown>\n#5 0x559e0aaef38d <unknown>\n#6 0x559e0ab0dae2 <unknown>\n#7 0x559e0aaef103 <unknown>\n#8 0x559e0aac01ba <unknown>\n#9 0x559e0aac0b8e <unknown>\n#10 0x559e0ad5759b <unknown>\n#11 0x559e0ad5b34b <unknown>\n#12 0x559e0ad43681 <unknown>\n#13 0x559e0ad5beb2 <unknown>\n#14 0x559e0ad286af <unknown>\n#15 0x559e0ad82428 <unknown>\n#16 0x559e0ad82600 <unknown>\n#17 0x559e0ad91f84 <unknown>\n#18 0x7f3694894ac3 <unknown>\n\n",
      "statusTrace" : "  File \"/opt/hostedtoolcache/Python/3.12.3/x64/lib/python3.12/site-packages/allure_commons/_allure.py\", line 192, in impl\n    return func(*a, **kw)\n           ^^^^^^^^^^^^^^\n  File \"/home/runner/work/PulseWave/PulseWave/pages/header.py\", line 33, in get_allow_all_cookies\n    return self.element_is_visible(FooterLocators.ALLOW_ALL_COOKIES)\n           ^^^^^^^^^^^^^^^^^^^^^^^^^^^^^^^^^^^^^^^^^^^^^^^^^^^^^^^^^\n  File \"/home/runner/work/PulseWave/PulseWave/pages/base_page.py\", line 19, in element_is_visible\n    self.go_to_element(self.element_is_present(locator))\n                       ^^^^^^^^^^^^^^^^^^^^^^^^^^^^^^^^\n  File \"/home/runner/work/PulseWave/PulseWave/pages/base_page.py\", line 35, in element_is_present\n    return Wait(self.driver, self.timeout).until(es.presence_of_element_located(locator))\n           ^^^^^^^^^^^^^^^^^^^^^^^^^^^^^^^^^^^^^^^^^^^^^^^^^^^^^^^^^^^^^^^^^^^^^^^^^^^^^^\n  File \"/opt/hostedtoolcache/Python/3.12.3/x64/lib/python3.12/site-packages/selenium/webdriver/support/wait.py\", line 105, in until\n    raise TimeoutException(message, screen, stacktrace)\n",
      "steps" : [ ],
      "attachments" : [ ],
      "parameters" : [ ],
      "stepsCount" : 0,
      "attachmentsCount" : 0,
      "shouldDisplayMessage" : true,
      "hasContent" : true
    } ],
    "attachments" : [ ],
    "parameters" : [ ],
    "stepsCount" : 1,
    "attachmentsCount" : 0,
    "shouldDisplayMessage" : false,
    "hasContent" : true
  } ],
  "afterStages" : [ {
    "name" : "driver::0",
    "time" : {
      "start" : 1714272296541,
      "stop" : 1714272296599,
      "duration" : 58
    },
    "status" : "passed",
    "steps" : [ ],
    "attachments" : [ ],
    "parameters" : [ ],
    "stepsCount" : 0,
    "attachmentsCount" : 0,
    "shouldDisplayMessage" : false,
    "hasContent" : false
  } ],
  "labels" : [ {
    "name" : "epic",
    "value" : "Тестирование Хедера"
  }, {
    "name" : "tag",
    "value" : "regress"
  }, {
    "name" : "parentSuite",
    "value" : "tests.test_header"
  }, {
    "name" : "suite",
    "value" : "test_header"
  }, {
    "name" : "subSuite",
    "value" : "TestHeader"
  }, {
    "name" : "host",
    "value" : "fv-az1383-514"
  }, {
    "name" : "thread",
    "value" : "2368-MainThread"
  }, {
    "name" : "framework",
    "value" : "pytest"
  }, {
    "name" : "language",
    "value" : "cpython3"
  }, {
    "name" : "package",
    "value" : "tests.test_header.test_header"
  }, {
    "name" : "resultFormat",
    "value" : "allure2"
  } ],
  "parameters" : [ {
    "name" : "browser",
    "value" : "'chrome'"
  }, {
    "name" : "url",
    "value" : "'https://pulsewave.ru/auth/password?email='"
  } ],
  "links" : [ ],
  "hidden" : false,
  "retry" : false,
  "extra" : {
    "severity" : "normal",
    "retries" : [ ],
    "categories" : [ {
      "name" : "Test defects",
      "matchedStatuses" : [ ],
      "flaky" : false
    } ],
    "history" : {
      "statistic" : {
        "failed" : 0,
        "broken" : 1,
        "skipped" : 0,
        "passed" : 11,
        "unknown" : 0,
        "total" : 12
      },
      "items" : [ {
        "uid" : "a63031b59d1ba0ff",
        "reportUrl" : "https://Nat754.github.io/PulseWave/7//#testresult/a63031b59d1ba0ff",
        "status" : "passed",
        "time" : {
          "start" : 1714184915477,
          "stop" : 1714184915517,
          "duration" : 40
        }
      }, {
        "uid" : "ab458c58ef3c3bb",
        "reportUrl" : "https://Nat754.github.io/PulseWave/6//#testresult/ab458c58ef3c3bb",
        "status" : "passed",
        "time" : {
          "start" : 1714148396641,
          "stop" : 1714148396682,
          "duration" : 41
        }
      }, {
        "uid" : "54a3517d58261e88",
        "reportUrl" : "https://Nat754.github.io/PulseWave/6//#testresult/54a3517d58261e88",
        "status" : "passed",
        "time" : {
          "start" : 1714098444558,
          "stop" : 1714098444597,
          "duration" : 39
        }
      }, {
        "uid" : "b102c3cefda9dccc",
        "reportUrl" : "https://Nat754.github.io/PulseWave/5//#testresult/b102c3cefda9dccc",
        "status" : "passed",
        "time" : {
          "start" : 1714014336118,
          "stop" : 1714014336156,
          "duration" : 38
        }
      }, {
        "uid" : "707fcb59a56463b8",
        "reportUrl" : "https://Nat754.github.io/PulseWave/211//#testresult/707fcb59a56463b8",
        "status" : "passed",
        "time" : {
          "start" : 1713945827471,
          "stop" : 1713945827509,
          "duration" : 38
        }
      }, {
        "uid" : "305942cf04630113",
        "reportUrl" : "https://Nat754.github.io/PulseWave/4//#testresult/305942cf04630113",
        "status" : "passed",
        "time" : {
          "start" : 1713925620339,
          "stop" : 1713925620378,
          "duration" : 39
        }
      }, {
        "uid" : "3617162206c4fc19",
        "reportUrl" : "https://Nat754.github.io/PulseWave/211//#testresult/3617162206c4fc19",
        "status" : "passed",
        "time" : {
          "start" : 1713901466707,
          "stop" : 1713901466749,
          "duration" : 42
        }
      }, {
        "uid" : "68da7226561163a4",
        "reportUrl" : "https://Nat754.github.io/PulseWave/210//#testresult/68da7226561163a4",
        "status" : "passed",
        "time" : {
          "start" : 1713885650916,
          "stop" : 1713885650959,
          "duration" : 43
        }
      }, {
        "uid" : "9d20eb133fb0bbe3",
        "reportUrl" : "https://Nat754.github.io/PulseWave/209//#testresult/9d20eb133fb0bbe3",
        "status" : "passed",
        "time" : {
          "start" : 1713883552651,
          "stop" : 1713883552689,
          "duration" : 38
        }
      }, {
        "uid" : "96e1b5353b1017e6",
        "reportUrl" : "https://Nat754.github.io/PulseWave/209//#testresult/96e1b5353b1017e6",
        "status" : "passed",
        "time" : {
          "start" : 1713882066593,
          "stop" : 1713882066631,
          "duration" : 38
        }
      }, {
        "uid" : "b6668cbc3af87de6",
        "reportUrl" : "https://Nat754.github.io/PulseWave/208//#testresult/b6668cbc3af87de6",
        "status" : "passed",
        "time" : {
          "start" : 1713879241710,
          "stop" : 1713879241749,
          "duration" : 39
        }
      } ]
    },
    "tags" : [ "regress" ]
  },
  "source" : "b8099684c9e82f14.json",
  "parameterValues" : [ "'chrome'", "'https://pulsewave.ru/auth/password?email='" ]
}