{
  "uid" : "bc3cc1dabe832bfe",
  "name" : "Авторизация с некорректным емайл",
  "fullName" : "tests.test_login_page.test_login_page.TestLoginPage#test_login_not_auth_email",
  "historyId" : "0e65d6f6bf1c1aaf9dd9ac40391dc314",
  "time" : {
    "start" : 1714273094973,
    "stop" : 1714273094973,
    "duration" : 0
  },
  "status" : "broken",
  "statusMessage" : "selenium.common.exceptions.TimeoutException: Message: \nStacktrace:\n#0 0x55b2d9111e33 <unknown>\n#1 0x55b2d8e01567 <unknown>\n#2 0x55b2d8e4c27d <unknown>\n#3 0x55b2d8e4c331 <unknown>\n#4 0x55b2d8e8f624 <unknown>\n#5 0x55b2d8e6e38d <unknown>\n#6 0x55b2d8e8cae2 <unknown>\n#7 0x55b2d8e6e103 <unknown>\n#8 0x55b2d8e3f1ba <unknown>\n#9 0x55b2d8e3fb8e <unknown>\n#10 0x55b2d90d659b <unknown>\n#11 0x55b2d90da34b <unknown>\n#12 0x55b2d90c2681 <unknown>\n#13 0x55b2d90daeb2 <unknown>\n#14 0x55b2d90a76af <unknown>\n#15 0x55b2d9101428 <unknown>\n#16 0x55b2d9101600 <unknown>\n#17 0x55b2d9110f84 <unknown>\n#18 0x7fc5ec494ac3 <unknown>",
  "statusTrace" : "driver = <selenium.webdriver.chrome.webdriver.WebDriver (session=\"677ca52a1af71f62e59e702d47cfac67\")>\n\n    @pytest.fixture(scope='function')\n    def login_page_open(driver):\n        login_page = LoginPage(driver)\n        driver.get(Constant.LOGIN_PAGE)\n>       login_page.get_allow_all_cookies().click()\n\ntests/test_login_page/conftest.py:10: \n_ _ _ _ _ _ _ _ _ _ _ _ _ _ _ _ _ _ _ _ _ _ _ _ _ _ _ _ _ _ _ _ _ _ _ _ _ _ _ _ \npages/login_page.py:20: in get_allow_all_cookies\n    return self.element_is_visible(self.locator.ALLOW_ALL_COOKIES)\npages/base_page.py:19: in element_is_visible\n    self.go_to_element(self.element_is_present(locator))\npages/base_page.py:35: in element_is_present\n    return Wait(self.driver, self.timeout).until(es.presence_of_element_located(locator))\n_ _ _ _ _ _ _ _ _ _ _ _ _ _ _ _ _ _ _ _ _ _ _ _ _ _ _ _ _ _ _ _ _ _ _ _ _ _ _ _ \n\nself = <selenium.webdriver.support.wait.WebDriverWait (session=\"677ca52a1af71f62e59e702d47cfac67\")>\nmethod = <function presence_of_element_located.<locals>._predicate at 0x7f3f3aa176a0>\nmessage = ''\n\n    def until(self, method: Callable[[D], Union[Literal[False], T]], message: str = \"\") -> T:\n        \"\"\"Calls the method provided with the driver as an argument until the \\\n        return value does not evaluate to ``False``.\n    \n        :param method: callable(WebDriver)\n        :param message: optional message for :exc:`TimeoutException`\n        :returns: the result of the last call to `method`\n        :raises: :exc:`selenium.common.exceptions.TimeoutException` if timeout occurs\n        \"\"\"\n        screen = None\n        stacktrace = None\n    \n        end_time = time.monotonic() + self._timeout\n        while True:\n            try:\n                value = method(self._driver)\n                if value:\n                    return value\n            except self._ignored_exceptions as exc:\n                screen = getattr(exc, \"screen\", None)\n                stacktrace = getattr(exc, \"stacktrace\", None)\n            time.sleep(self._poll)\n            if time.monotonic() > end_time:\n                break\n>       raise TimeoutException(message, screen, stacktrace)\nE       selenium.common.exceptions.TimeoutException: Message: \nE       Stacktrace:\nE       #0 0x55b2d9111e33 <unknown>\nE       #1 0x55b2d8e01567 <unknown>\nE       #2 0x55b2d8e4c27d <unknown>\nE       #3 0x55b2d8e4c331 <unknown>\nE       #4 0x55b2d8e8f624 <unknown>\nE       #5 0x55b2d8e6e38d <unknown>\nE       #6 0x55b2d8e8cae2 <unknown>\nE       #7 0x55b2d8e6e103 <unknown>\nE       #8 0x55b2d8e3f1ba <unknown>\nE       #9 0x55b2d8e3fb8e <unknown>\nE       #10 0x55b2d90d659b <unknown>\nE       #11 0x55b2d90da34b <unknown>\nE       #12 0x55b2d90c2681 <unknown>\nE       #13 0x55b2d90daeb2 <unknown>\nE       #14 0x55b2d90a76af <unknown>\nE       #15 0x55b2d9101428 <unknown>\nE       #16 0x55b2d9101600 <unknown>\nE       #17 0x55b2d9110f84 <unknown>\nE       #18 0x7fc5ec494ac3 <unknown>\n\n/opt/hostedtoolcache/Python/3.12.3/x64/lib/python3.12/site-packages/selenium/webdriver/support/wait.py:105: TimeoutException",
  "flaky" : false,
  "newFailed" : false,
  "beforeStages" : [ {
    "name" : "clear_allure_results_folder",
    "time" : {
      "start" : 1714270943308,
      "stop" : 1714270943308,
      "duration" : 0
    },
    "status" : "passed",
    "steps" : [ ],
    "attachments" : [ ],
    "parameters" : [ ],
    "stepsCount" : 0,
    "attachmentsCount" : 0,
    "shouldDisplayMessage" : false,
    "hasContent" : false
  }, {
    "name" : "_session_faker",
    "time" : {
      "start" : 1714270943291,
      "stop" : 1714270943307,
      "duration" : 16
    },
    "status" : "passed",
    "steps" : [ ],
    "attachments" : [ ],
    "parameters" : [ ],
    "stepsCount" : 0,
    "attachmentsCount" : 0,
    "shouldDisplayMessage" : false,
    "hasContent" : false
  }, {
    "name" : "login_page_open",
    "time" : {
      "start" : 1714273095172,
      "stop" : 1714273115900,
      "duration" : 20728
    },
    "status" : "broken",
    "statusMessage" : "selenium.common.exceptions.TimeoutException: Message: \nStacktrace:\n#0 0x55b2d9111e33 <unknown>\n#1 0x55b2d8e01567 <unknown>\n#2 0x55b2d8e4c27d <unknown>\n#3 0x55b2d8e4c331 <unknown>\n#4 0x55b2d8e8f624 <unknown>\n#5 0x55b2d8e6e38d <unknown>\n#6 0x55b2d8e8cae2 <unknown>\n#7 0x55b2d8e6e103 <unknown>\n#8 0x55b2d8e3f1ba <unknown>\n#9 0x55b2d8e3fb8e <unknown>\n#10 0x55b2d90d659b <unknown>\n#11 0x55b2d90da34b <unknown>\n#12 0x55b2d90c2681 <unknown>\n#13 0x55b2d90daeb2 <unknown>\n#14 0x55b2d90a76af <unknown>\n#15 0x55b2d9101428 <unknown>\n#16 0x55b2d9101600 <unknown>\n#17 0x55b2d9110f84 <unknown>\n#18 0x7fc5ec494ac3 <unknown>\n\n",
    "statusTrace" : "  File \"/opt/hostedtoolcache/Python/3.12.3/x64/lib/python3.12/site-packages/pluggy/_callers.py\", line 167, in _multicall\n    teardown.throw(outcome._exception)\n  File \"/opt/hostedtoolcache/Python/3.12.3/x64/lib/python3.12/site-packages/_pytest/setuponly.py\", line 36, in pytest_fixture_setup\n    return (yield)\n            ^^^^^\n  File \"/opt/hostedtoolcache/Python/3.12.3/x64/lib/python3.12/site-packages/pluggy/_callers.py\", line 103, in _multicall\n    res = hook_impl.function(*args)\n          ^^^^^^^^^^^^^^^^^^^^^^^^^\n  File \"/opt/hostedtoolcache/Python/3.12.3/x64/lib/python3.12/site-packages/_pytest/fixtures.py\", line 1140, in pytest_fixture_setup\n    result = call_fixture_func(fixturefunc, request, kwargs)\n             ^^^^^^^^^^^^^^^^^^^^^^^^^^^^^^^^^^^^^^^^^^^^^^^\n  File \"/opt/hostedtoolcache/Python/3.12.3/x64/lib/python3.12/site-packages/_pytest/fixtures.py\", line 917, in call_fixture_func\n    fixture_result = fixturefunc(**kwargs)\n                     ^^^^^^^^^^^^^^^^^^^^^\n  File \"/home/runner/work/PulseWave/PulseWave/tests/test_login_page/conftest.py\", line 10, in login_page_open\n    login_page.get_allow_all_cookies().click()\n    ^^^^^^^^^^^^^^^^^^^^^^^^^^^^^^^^^^\n  File \"/opt/hostedtoolcache/Python/3.12.3/x64/lib/python3.12/site-packages/allure_commons/_allure.py\", line 192, in impl\n    return func(*a, **kw)\n           ^^^^^^^^^^^^^^\n  File \"/home/runner/work/PulseWave/PulseWave/pages/login_page.py\", line 20, in get_allow_all_cookies\n    return self.element_is_visible(self.locator.ALLOW_ALL_COOKIES)\n           ^^^^^^^^^^^^^^^^^^^^^^^^^^^^^^^^^^^^^^^^^^^^^^^^^^^^^^^\n  File \"/home/runner/work/PulseWave/PulseWave/pages/base_page.py\", line 19, in element_is_visible\n    self.go_to_element(self.element_is_present(locator))\n                       ^^^^^^^^^^^^^^^^^^^^^^^^^^^^^^^^\n  File \"/home/runner/work/PulseWave/PulseWave/pages/base_page.py\", line 35, in element_is_present\n    return Wait(self.driver, self.timeout).until(es.presence_of_element_located(locator))\n           ^^^^^^^^^^^^^^^^^^^^^^^^^^^^^^^^^^^^^^^^^^^^^^^^^^^^^^^^^^^^^^^^^^^^^^^^^^^^^^\n  File \"/opt/hostedtoolcache/Python/3.12.3/x64/lib/python3.12/site-packages/selenium/webdriver/support/wait.py\", line 105, in until\n    raise TimeoutException(message, screen, stacktrace)\n",
    "steps" : [ {
      "name" : "Проверка видимости кнопки 'Принимаю все' в сообщении о принятии файлов cookie",
      "time" : {
        "start" : 1714273095487,
        "stop" : 1714273115899,
        "duration" : 20412
      },
      "status" : "broken",
      "statusMessage" : "selenium.common.exceptions.TimeoutException: Message: \nStacktrace:\n#0 0x55b2d9111e33 <unknown>\n#1 0x55b2d8e01567 <unknown>\n#2 0x55b2d8e4c27d <unknown>\n#3 0x55b2d8e4c331 <unknown>\n#4 0x55b2d8e8f624 <unknown>\n#5 0x55b2d8e6e38d <unknown>\n#6 0x55b2d8e8cae2 <unknown>\n#7 0x55b2d8e6e103 <unknown>\n#8 0x55b2d8e3f1ba <unknown>\n#9 0x55b2d8e3fb8e <unknown>\n#10 0x55b2d90d659b <unknown>\n#11 0x55b2d90da34b <unknown>\n#12 0x55b2d90c2681 <unknown>\n#13 0x55b2d90daeb2 <unknown>\n#14 0x55b2d90a76af <unknown>\n#15 0x55b2d9101428 <unknown>\n#16 0x55b2d9101600 <unknown>\n#17 0x55b2d9110f84 <unknown>\n#18 0x7fc5ec494ac3 <unknown>\n\n",
      "statusTrace" : "  File \"/opt/hostedtoolcache/Python/3.12.3/x64/lib/python3.12/site-packages/allure_commons/_allure.py\", line 192, in impl\n    return func(*a, **kw)\n           ^^^^^^^^^^^^^^\n  File \"/home/runner/work/PulseWave/PulseWave/pages/login_page.py\", line 20, in get_allow_all_cookies\n    return self.element_is_visible(self.locator.ALLOW_ALL_COOKIES)\n           ^^^^^^^^^^^^^^^^^^^^^^^^^^^^^^^^^^^^^^^^^^^^^^^^^^^^^^^\n  File \"/home/runner/work/PulseWave/PulseWave/pages/base_page.py\", line 19, in element_is_visible\n    self.go_to_element(self.element_is_present(locator))\n                       ^^^^^^^^^^^^^^^^^^^^^^^^^^^^^^^^\n  File \"/home/runner/work/PulseWave/PulseWave/pages/base_page.py\", line 35, in element_is_present\n    return Wait(self.driver, self.timeout).until(es.presence_of_element_located(locator))\n           ^^^^^^^^^^^^^^^^^^^^^^^^^^^^^^^^^^^^^^^^^^^^^^^^^^^^^^^^^^^^^^^^^^^^^^^^^^^^^^\n  File \"/opt/hostedtoolcache/Python/3.12.3/x64/lib/python3.12/site-packages/selenium/webdriver/support/wait.py\", line 105, in until\n    raise TimeoutException(message, screen, stacktrace)\n",
      "steps" : [ ],
      "attachments" : [ ],
      "parameters" : [ ],
      "stepsCount" : 0,
      "attachmentsCount" : 0,
      "shouldDisplayMessage" : true,
      "hasContent" : true
    } ],
    "attachments" : [ ],
    "parameters" : [ ],
    "stepsCount" : 1,
    "attachmentsCount" : 0,
    "shouldDisplayMessage" : false,
    "hasContent" : true
  }, {
    "name" : "driver",
    "time" : {
      "start" : 1714273094974,
      "stop" : 1714273095171,
      "duration" : 197
    },
    "status" : "passed",
    "steps" : [ ],
    "attachments" : [ ],
    "parameters" : [ ],
    "stepsCount" : 0,
    "attachmentsCount" : 0,
    "shouldDisplayMessage" : false,
    "hasContent" : false
  } ],
  "afterStages" : [ {
    "name" : "driver::0",
    "time" : {
      "start" : 1714273115912,
      "stop" : 1714273115970,
      "duration" : 58
    },
    "status" : "passed",
    "steps" : [ ],
    "attachments" : [ ],
    "parameters" : [ ],
    "stepsCount" : 0,
    "attachmentsCount" : 0,
    "shouldDisplayMessage" : false,
    "hasContent" : false
  } ],
  "labels" : [ {
    "name" : "epic",
    "value" : "Тестирование страницы 'Войти'"
  }, {
    "name" : "tag",
    "value" : "smoke"
  }, {
    "name" : "parentSuite",
    "value" : "tests.test_login_page"
  }, {
    "name" : "suite",
    "value" : "test_login_page"
  }, {
    "name" : "subSuite",
    "value" : "TestLoginPage"
  }, {
    "name" : "host",
    "value" : "fv-az1383-514"
  }, {
    "name" : "thread",
    "value" : "2368-MainThread"
  }, {
    "name" : "framework",
    "value" : "pytest"
  }, {
    "name" : "language",
    "value" : "cpython3"
  }, {
    "name" : "package",
    "value" : "tests.test_login_page.test_login_page"
  }, {
    "name" : "resultFormat",
    "value" : "allure2"
  } ],
  "parameters" : [ {
    "name" : "browser",
    "value" : "'chrome'"
  } ],
  "links" : [ ],
  "hidden" : false,
  "retry" : false,
  "extra" : {
    "severity" : "normal",
    "retries" : [ ],
    "categories" : [ {
      "name" : "Test defects",
      "matchedStatuses" : [ ],
      "flaky" : false
    } ],
    "history" : {
      "statistic" : {
        "failed" : 0,
        "broken" : 1,
        "skipped" : 0,
        "passed" : 11,
        "unknown" : 0,
        "total" : 12
      },
      "items" : [ {
        "uid" : "9a08c680c5bafdcf",
        "reportUrl" : "https://Nat754.github.io/PulseWave/7//#testresult/9a08c680c5bafdcf",
        "status" : "passed",
        "time" : {
          "start" : 1714185062927,
          "stop" : 1714185064169,
          "duration" : 1242
        }
      }, {
        "uid" : "e862ad0ab0327d67",
        "reportUrl" : "https://Nat754.github.io/PulseWave/6//#testresult/e862ad0ab0327d67",
        "status" : "passed",
        "time" : {
          "start" : 1714148518662,
          "stop" : 1714148519908,
          "duration" : 1246
        }
      }, {
        "uid" : "9c226c89f13a697b",
        "reportUrl" : "https://Nat754.github.io/PulseWave/6//#testresult/9c226c89f13a697b",
        "status" : "passed",
        "time" : {
          "start" : 1714098568678,
          "stop" : 1714098569908,
          "duration" : 1230
        }
      }, {
        "uid" : "6dcf25b3775308bd",
        "reportUrl" : "https://Nat754.github.io/PulseWave/5//#testresult/6dcf25b3775308bd",
        "status" : "passed",
        "time" : {
          "start" : 1714014440745,
          "stop" : 1714014441475,
          "duration" : 730
        }
      }, {
        "uid" : "b0f6dea6be2581cb",
        "reportUrl" : "https://Nat754.github.io/PulseWave/211//#testresult/b0f6dea6be2581cb",
        "status" : "passed",
        "time" : {
          "start" : 1713945941109,
          "stop" : 1713945942333,
          "duration" : 1224
        }
      }, {
        "uid" : "7a2bfc6a15a2ef37",
        "reportUrl" : "https://Nat754.github.io/PulseWave/4//#testresult/7a2bfc6a15a2ef37",
        "status" : "passed",
        "time" : {
          "start" : 1713925732293,
          "stop" : 1713925733524,
          "duration" : 1231
        }
      }, {
        "uid" : "5526a30b053c636d",
        "reportUrl" : "https://Nat754.github.io/PulseWave/211//#testresult/5526a30b053c636d",
        "status" : "passed",
        "time" : {
          "start" : 1713901593522,
          "stop" : 1713901594763,
          "duration" : 1241
        }
      }, {
        "uid" : "cfd3f937fb9c6668",
        "reportUrl" : "https://Nat754.github.io/PulseWave/210//#testresult/cfd3f937fb9c6668",
        "status" : "passed",
        "time" : {
          "start" : 1713885803407,
          "stop" : 1713885804632,
          "duration" : 1225
        }
      }, {
        "uid" : "27bc1d9d13ccd59b",
        "reportUrl" : "https://Nat754.github.io/PulseWave/209//#testresult/27bc1d9d13ccd59b",
        "status" : "passed",
        "time" : {
          "start" : 1713883695555,
          "stop" : 1713883696779,
          "duration" : 1224
        }
      }, {
        "uid" : "73a825f9f8d7b3ee",
        "reportUrl" : "https://Nat754.github.io/PulseWave/209//#testresult/73a825f9f8d7b3ee",
        "status" : "passed",
        "time" : {
          "start" : 1713882220915,
          "stop" : 1713882222141,
          "duration" : 1226
        }
      }, {
        "uid" : "b87a86342bed58b7",
        "reportUrl" : "https://Nat754.github.io/PulseWave/208//#testresult/b87a86342bed58b7",
        "status" : "passed",
        "time" : {
          "start" : 1713879398435,
          "stop" : 1713879399681,
          "duration" : 1246
        }
      } ]
    },
    "tags" : [ "smoke" ]
  },
  "source" : "bc3cc1dabe832bfe.json",
  "parameterValues" : [ "'chrome'" ]
}