{
  "uid" : "c500e44ab8c4f179",
  "name" : "Проверка перехода в рабочее пространство авторизованного пользователя",
  "fullName" : "tests.test_workspace_page.test_workspace_page.TestWorkspacePage#test_auth_user_redirect_to_workspace",
  "historyId" : "dea3adc0e8423d7a5d3cbd4aa8bdb53f",
  "time" : {
    "start" : 1714274420569,
    "stop" : 1714274420569,
    "duration" : 0
  },
  "status" : "broken",
  "statusMessage" : "selenium.common.exceptions.TimeoutException: Message: \nStacktrace:\n#0 0x55abe1cbfe33 <unknown>\n#1 0x55abe19af567 <unknown>\n#2 0x55abe19fa27d <unknown>\n#3 0x55abe19fa331 <unknown>\n#4 0x55abe1a3d624 <unknown>\n#5 0x55abe1a1c38d <unknown>\n#6 0x55abe1a3aae2 <unknown>\n#7 0x55abe1a1c103 <unknown>\n#8 0x55abe19ed1ba <unknown>\n#9 0x55abe19edb8e <unknown>\n#10 0x55abe1c8459b <unknown>\n#11 0x55abe1c8834b <unknown>\n#12 0x55abe1c70681 <unknown>\n#13 0x55abe1c88eb2 <unknown>\n#14 0x55abe1c556af <unknown>\n#15 0x55abe1caf428 <unknown>\n#16 0x55abe1caf600 <unknown>\n#17 0x55abe1cbef84 <unknown>\n#18 0x7fb68aa94ac3 <unknown>",
  "statusTrace" : "driver = <selenium.webdriver.chrome.webdriver.WebDriver (session=\"37e65624b108f10bc782490ca25fab05\")>\n\n    @pytest.fixture(scope='function')\n    def auth_user(driver):\n        page_auth_user = LoginPage(driver)\n        driver.get(Constant.LOGIN_PAGE)\n>       page_auth_user.get_allow_all_cookies().click()\n\ntests/conftest.py:11: \n_ _ _ _ _ _ _ _ _ _ _ _ _ _ _ _ _ _ _ _ _ _ _ _ _ _ _ _ _ _ _ _ _ _ _ _ _ _ _ _ \npages/login_page.py:20: in get_allow_all_cookies\n    return self.element_is_visible(self.locator.ALLOW_ALL_COOKIES)\npages/base_page.py:19: in element_is_visible\n    self.go_to_element(self.element_is_present(locator))\npages/base_page.py:35: in element_is_present\n    return Wait(self.driver, self.timeout).until(es.presence_of_element_located(locator))\n_ _ _ _ _ _ _ _ _ _ _ _ _ _ _ _ _ _ _ _ _ _ _ _ _ _ _ _ _ _ _ _ _ _ _ _ _ _ _ _ \n\nself = <selenium.webdriver.support.wait.WebDriverWait (session=\"37e65624b108f10bc782490ca25fab05\")>\nmethod = <function presence_of_element_located.<locals>._predicate at 0x7f3f3a4db420>\nmessage = ''\n\n    def until(self, method: Callable[[D], Union[Literal[False], T]], message: str = \"\") -> T:\n        \"\"\"Calls the method provided with the driver as an argument until the \\\n        return value does not evaluate to ``False``.\n    \n        :param method: callable(WebDriver)\n        :param message: optional message for :exc:`TimeoutException`\n        :returns: the result of the last call to `method`\n        :raises: :exc:`selenium.common.exceptions.TimeoutException` if timeout occurs\n        \"\"\"\n        screen = None\n        stacktrace = None\n    \n        end_time = time.monotonic() + self._timeout\n        while True:\n            try:\n                value = method(self._driver)\n                if value:\n                    return value\n            except self._ignored_exceptions as exc:\n                screen = getattr(exc, \"screen\", None)\n                stacktrace = getattr(exc, \"stacktrace\", None)\n            time.sleep(self._poll)\n            if time.monotonic() > end_time:\n                break\n>       raise TimeoutException(message, screen, stacktrace)\nE       selenium.common.exceptions.TimeoutException: Message: \nE       Stacktrace:\nE       #0 0x55abe1cbfe33 <unknown>\nE       #1 0x55abe19af567 <unknown>\nE       #2 0x55abe19fa27d <unknown>\nE       #3 0x55abe19fa331 <unknown>\nE       #4 0x55abe1a3d624 <unknown>\nE       #5 0x55abe1a1c38d <unknown>\nE       #6 0x55abe1a3aae2 <unknown>\nE       #7 0x55abe1a1c103 <unknown>\nE       #8 0x55abe19ed1ba <unknown>\nE       #9 0x55abe19edb8e <unknown>\nE       #10 0x55abe1c8459b <unknown>\nE       #11 0x55abe1c8834b <unknown>\nE       #12 0x55abe1c70681 <unknown>\nE       #13 0x55abe1c88eb2 <unknown>\nE       #14 0x55abe1c556af <unknown>\nE       #15 0x55abe1caf428 <unknown>\nE       #16 0x55abe1caf600 <unknown>\nE       #17 0x55abe1cbef84 <unknown>\nE       #18 0x7fb68aa94ac3 <unknown>\n\n/opt/hostedtoolcache/Python/3.12.3/x64/lib/python3.12/site-packages/selenium/webdriver/support/wait.py:105: TimeoutException",
  "flaky" : false,
  "newFailed" : false,
  "beforeStages" : [ {
    "name" : "clear_allure_results_folder",
    "time" : {
      "start" : 1714270943308,
      "stop" : 1714270943308,
      "duration" : 0
    },
    "status" : "passed",
    "steps" : [ ],
    "attachments" : [ ],
    "parameters" : [ ],
    "stepsCount" : 0,
    "attachmentsCount" : 0,
    "shouldDisplayMessage" : false,
    "hasContent" : false
  }, {
    "name" : "_session_faker",
    "time" : {
      "start" : 1714270943291,
      "stop" : 1714270943307,
      "duration" : 16
    },
    "status" : "passed",
    "steps" : [ ],
    "attachments" : [ ],
    "parameters" : [ ],
    "stepsCount" : 0,
    "attachmentsCount" : 0,
    "shouldDisplayMessage" : false,
    "hasContent" : false
  }, {
    "name" : "driver",
    "time" : {
      "start" : 1714274420570,
      "stop" : 1714274420767,
      "duration" : 197
    },
    "status" : "passed",
    "steps" : [ ],
    "attachments" : [ ],
    "parameters" : [ ],
    "stepsCount" : 0,
    "attachmentsCount" : 0,
    "shouldDisplayMessage" : false,
    "hasContent" : false
  }, {
    "name" : "auth_user",
    "time" : {
      "start" : 1714274420767,
      "stop" : 1714274441505,
      "duration" : 20738
    },
    "status" : "broken",
    "statusMessage" : "selenium.common.exceptions.TimeoutException: Message: \nStacktrace:\n#0 0x55abe1cbfe33 <unknown>\n#1 0x55abe19af567 <unknown>\n#2 0x55abe19fa27d <unknown>\n#3 0x55abe19fa331 <unknown>\n#4 0x55abe1a3d624 <unknown>\n#5 0x55abe1a1c38d <unknown>\n#6 0x55abe1a3aae2 <unknown>\n#7 0x55abe1a1c103 <unknown>\n#8 0x55abe19ed1ba <unknown>\n#9 0x55abe19edb8e <unknown>\n#10 0x55abe1c8459b <unknown>\n#11 0x55abe1c8834b <unknown>\n#12 0x55abe1c70681 <unknown>\n#13 0x55abe1c88eb2 <unknown>\n#14 0x55abe1c556af <unknown>\n#15 0x55abe1caf428 <unknown>\n#16 0x55abe1caf600 <unknown>\n#17 0x55abe1cbef84 <unknown>\n#18 0x7fb68aa94ac3 <unknown>\n\n",
    "statusTrace" : "  File \"/opt/hostedtoolcache/Python/3.12.3/x64/lib/python3.12/site-packages/pluggy/_callers.py\", line 167, in _multicall\n    teardown.throw(outcome._exception)\n  File \"/opt/hostedtoolcache/Python/3.12.3/x64/lib/python3.12/site-packages/_pytest/setuponly.py\", line 36, in pytest_fixture_setup\n    return (yield)\n            ^^^^^\n  File \"/opt/hostedtoolcache/Python/3.12.3/x64/lib/python3.12/site-packages/pluggy/_callers.py\", line 103, in _multicall\n    res = hook_impl.function(*args)\n          ^^^^^^^^^^^^^^^^^^^^^^^^^\n  File \"/opt/hostedtoolcache/Python/3.12.3/x64/lib/python3.12/site-packages/_pytest/fixtures.py\", line 1140, in pytest_fixture_setup\n    result = call_fixture_func(fixturefunc, request, kwargs)\n             ^^^^^^^^^^^^^^^^^^^^^^^^^^^^^^^^^^^^^^^^^^^^^^^\n  File \"/opt/hostedtoolcache/Python/3.12.3/x64/lib/python3.12/site-packages/_pytest/fixtures.py\", line 917, in call_fixture_func\n    fixture_result = fixturefunc(**kwargs)\n                     ^^^^^^^^^^^^^^^^^^^^^\n  File \"/home/runner/work/PulseWave/PulseWave/tests/conftest.py\", line 11, in auth_user\n    page_auth_user.get_allow_all_cookies().click()\n    ^^^^^^^^^^^^^^^^^^^^^^^^^^^^^^^^^^^^^^\n  File \"/opt/hostedtoolcache/Python/3.12.3/x64/lib/python3.12/site-packages/allure_commons/_allure.py\", line 192, in impl\n    return func(*a, **kw)\n           ^^^^^^^^^^^^^^\n  File \"/home/runner/work/PulseWave/PulseWave/pages/login_page.py\", line 20, in get_allow_all_cookies\n    return self.element_is_visible(self.locator.ALLOW_ALL_COOKIES)\n           ^^^^^^^^^^^^^^^^^^^^^^^^^^^^^^^^^^^^^^^^^^^^^^^^^^^^^^^\n  File \"/home/runner/work/PulseWave/PulseWave/pages/base_page.py\", line 19, in element_is_visible\n    self.go_to_element(self.element_is_present(locator))\n                       ^^^^^^^^^^^^^^^^^^^^^^^^^^^^^^^^\n  File \"/home/runner/work/PulseWave/PulseWave/pages/base_page.py\", line 35, in element_is_present\n    return Wait(self.driver, self.timeout).until(es.presence_of_element_located(locator))\n           ^^^^^^^^^^^^^^^^^^^^^^^^^^^^^^^^^^^^^^^^^^^^^^^^^^^^^^^^^^^^^^^^^^^^^^^^^^^^^^\n  File \"/opt/hostedtoolcache/Python/3.12.3/x64/lib/python3.12/site-packages/selenium/webdriver/support/wait.py\", line 105, in until\n    raise TimeoutException(message, screen, stacktrace)\n",
    "steps" : [ {
      "name" : "Проверка видимости кнопки 'Принимаю все' в сообщении о принятии файлов cookie",
      "time" : {
        "start" : 1714274421088,
        "stop" : 1714274441505,
        "duration" : 20417
      },
      "status" : "broken",
      "statusMessage" : "selenium.common.exceptions.TimeoutException: Message: \nStacktrace:\n#0 0x55abe1cbfe33 <unknown>\n#1 0x55abe19af567 <unknown>\n#2 0x55abe19fa27d <unknown>\n#3 0x55abe19fa331 <unknown>\n#4 0x55abe1a3d624 <unknown>\n#5 0x55abe1a1c38d <unknown>\n#6 0x55abe1a3aae2 <unknown>\n#7 0x55abe1a1c103 <unknown>\n#8 0x55abe19ed1ba <unknown>\n#9 0x55abe19edb8e <unknown>\n#10 0x55abe1c8459b <unknown>\n#11 0x55abe1c8834b <unknown>\n#12 0x55abe1c70681 <unknown>\n#13 0x55abe1c88eb2 <unknown>\n#14 0x55abe1c556af <unknown>\n#15 0x55abe1caf428 <unknown>\n#16 0x55abe1caf600 <unknown>\n#17 0x55abe1cbef84 <unknown>\n#18 0x7fb68aa94ac3 <unknown>\n\n",
      "statusTrace" : "  File \"/opt/hostedtoolcache/Python/3.12.3/x64/lib/python3.12/site-packages/allure_commons/_allure.py\", line 192, in impl\n    return func(*a, **kw)\n           ^^^^^^^^^^^^^^\n  File \"/home/runner/work/PulseWave/PulseWave/pages/login_page.py\", line 20, in get_allow_all_cookies\n    return self.element_is_visible(self.locator.ALLOW_ALL_COOKIES)\n           ^^^^^^^^^^^^^^^^^^^^^^^^^^^^^^^^^^^^^^^^^^^^^^^^^^^^^^^\n  File \"/home/runner/work/PulseWave/PulseWave/pages/base_page.py\", line 19, in element_is_visible\n    self.go_to_element(self.element_is_present(locator))\n                       ^^^^^^^^^^^^^^^^^^^^^^^^^^^^^^^^\n  File \"/home/runner/work/PulseWave/PulseWave/pages/base_page.py\", line 35, in element_is_present\n    return Wait(self.driver, self.timeout).until(es.presence_of_element_located(locator))\n           ^^^^^^^^^^^^^^^^^^^^^^^^^^^^^^^^^^^^^^^^^^^^^^^^^^^^^^^^^^^^^^^^^^^^^^^^^^^^^^\n  File \"/opt/hostedtoolcache/Python/3.12.3/x64/lib/python3.12/site-packages/selenium/webdriver/support/wait.py\", line 105, in until\n    raise TimeoutException(message, screen, stacktrace)\n",
      "steps" : [ ],
      "attachments" : [ ],
      "parameters" : [ ],
      "stepsCount" : 0,
      "attachmentsCount" : 0,
      "shouldDisplayMessage" : true,
      "hasContent" : true
    } ],
    "attachments" : [ ],
    "parameters" : [ ],
    "stepsCount" : 1,
    "attachmentsCount" : 0,
    "shouldDisplayMessage" : false,
    "hasContent" : true
  } ],
  "afterStages" : [ {
    "name" : "driver::0",
    "time" : {
      "start" : 1714274441520,
      "stop" : 1714274441578,
      "duration" : 58
    },
    "status" : "passed",
    "steps" : [ ],
    "attachments" : [ ],
    "parameters" : [ ],
    "stepsCount" : 0,
    "attachmentsCount" : 0,
    "shouldDisplayMessage" : false,
    "hasContent" : false
  } ],
  "labels" : [ {
    "name" : "epic",
    "value" : "Тестирование страницы 'Рабочие пространства'"
  }, {
    "name" : "tag",
    "value" : "regress"
  }, {
    "name" : "parentSuite",
    "value" : "tests.test_workspace_page"
  }, {
    "name" : "suite",
    "value" : "test_workspace_page"
  }, {
    "name" : "subSuite",
    "value" : "TestWorkspacePage"
  }, {
    "name" : "host",
    "value" : "fv-az1383-514"
  }, {
    "name" : "thread",
    "value" : "2368-MainThread"
  }, {
    "name" : "framework",
    "value" : "pytest"
  }, {
    "name" : "language",
    "value" : "cpython3"
  }, {
    "name" : "package",
    "value" : "tests.test_workspace_page.test_workspace_page"
  }, {
    "name" : "resultFormat",
    "value" : "allure2"
  } ],
  "parameters" : [ {
    "name" : "browser",
    "value" : "'chrome'"
  } ],
  "links" : [ ],
  "hidden" : false,
  "retry" : false,
  "extra" : {
    "severity" : "normal",
    "retries" : [ ],
    "categories" : [ {
      "name" : "Test defects",
      "matchedStatuses" : [ ],
      "flaky" : false
    } ],
    "history" : {
      "statistic" : {
        "failed" : 0,
        "broken" : 1,
        "skipped" : 0,
        "passed" : 11,
        "unknown" : 0,
        "total" : 12
      },
      "items" : [ {
        "uid" : "e2315de4ce05d214",
        "reportUrl" : "https://Nat754.github.io/PulseWave/7//#testresult/e2315de4ce05d214",
        "status" : "passed",
        "time" : {
          "start" : 1714185411397,
          "stop" : 1714185411399,
          "duration" : 2
        }
      }, {
        "uid" : "9d7a6af5d341b736",
        "reportUrl" : "https://Nat754.github.io/PulseWave/6//#testresult/9d7a6af5d341b736",
        "status" : "passed",
        "time" : {
          "start" : 1714148822695,
          "stop" : 1714148822698,
          "duration" : 3
        }
      }, {
        "uid" : "4367ef077ebf1af4",
        "reportUrl" : "https://Nat754.github.io/PulseWave/6//#testresult/4367ef077ebf1af4",
        "status" : "passed",
        "time" : {
          "start" : 1714098873177,
          "stop" : 1714098873179,
          "duration" : 2
        }
      }, {
        "uid" : "cd449a8a1bc442ff",
        "reportUrl" : "https://Nat754.github.io/PulseWave/5//#testresult/cd449a8a1bc442ff",
        "status" : "passed",
        "time" : {
          "start" : 1714014713893,
          "stop" : 1714014713895,
          "duration" : 2
        }
      }, {
        "uid" : "cf238d8d185cd86c",
        "reportUrl" : "https://Nat754.github.io/PulseWave/211//#testresult/cf238d8d185cd86c",
        "status" : "passed",
        "time" : {
          "start" : 1713946226204,
          "stop" : 1713946226207,
          "duration" : 3
        }
      }, {
        "uid" : "bfc9bfc7dc816fb0",
        "reportUrl" : "https://Nat754.github.io/PulseWave/4//#testresult/bfc9bfc7dc816fb0",
        "status" : "passed",
        "time" : {
          "start" : 1713926018190,
          "stop" : 1713926018193,
          "duration" : 3
        }
      }, {
        "uid" : "fe54e9b0ff27d4b2",
        "reportUrl" : "https://Nat754.github.io/PulseWave/211//#testresult/fe54e9b0ff27d4b2",
        "status" : "passed",
        "time" : {
          "start" : 1713901902662,
          "stop" : 1713901902665,
          "duration" : 3
        }
      }, {
        "uid" : "98424dd2361616e6",
        "reportUrl" : "https://Nat754.github.io/PulseWave/210//#testresult/98424dd2361616e6",
        "status" : "passed",
        "time" : {
          "start" : 1713886153087,
          "stop" : 1713886153090,
          "duration" : 3
        }
      }, {
        "uid" : "2dbce240c7d5a6b9",
        "reportUrl" : "https://Nat754.github.io/PulseWave/209//#testresult/2dbce240c7d5a6b9",
        "status" : "passed",
        "time" : {
          "start" : 1713884037949,
          "stop" : 1713884037952,
          "duration" : 3
        }
      }, {
        "uid" : "a056da708b967986",
        "reportUrl" : "https://Nat754.github.io/PulseWave/209//#testresult/a056da708b967986",
        "status" : "passed",
        "time" : {
          "start" : 1713882571113,
          "stop" : 1713882571115,
          "duration" : 2
        }
      }, {
        "uid" : "9c2dc67ebcefa04b",
        "reportUrl" : "https://Nat754.github.io/PulseWave/208//#testresult/9c2dc67ebcefa04b",
        "status" : "passed",
        "time" : {
          "start" : 1713879748397,
          "stop" : 1713879748400,
          "duration" : 3
        }
      } ]
    },
    "tags" : [ "regress" ]
  },
  "source" : "c500e44ab8c4f179.json",
  "parameterValues" : [ "'chrome'" ]
}