{
  "uid" : "c528dc2aa9745b43",
  "name" : "1.21, 1.22 Регистрация с некорректным email и сильным паролем и подтверждением пароля",
  "fullName" : "tests.test_signup_page.test_signup_page.TestSignupPage#test_signup_with_incorrect_email_and_strong_password",
  "historyId" : "e5cb4249567468a5f9ffd03d3712da31",
  "time" : {
    "start" : 1714274147573,
    "stop" : 1714274147573,
    "duration" : 0
  },
  "status" : "broken",
  "statusMessage" : "selenium.common.exceptions.TimeoutException: Message: \nStacktrace:\n#0 0x561cfca8de33 <unknown>\n#1 0x561cfc77d567 <unknown>\n#2 0x561cfc7c827d <unknown>\n#3 0x561cfc7c8331 <unknown>\n#4 0x561cfc80b624 <unknown>\n#5 0x561cfc7ea38d <unknown>\n#6 0x561cfc808ae2 <unknown>\n#7 0x561cfc7ea103 <unknown>\n#8 0x561cfc7bb1ba <unknown>\n#9 0x561cfc7bbb8e <unknown>\n#10 0x561cfca5259b <unknown>\n#11 0x561cfca5634b <unknown>\n#12 0x561cfca3e681 <unknown>\n#13 0x561cfca56eb2 <unknown>\n#14 0x561cfca236af <unknown>\n#15 0x561cfca7d428 <unknown>\n#16 0x561cfca7d600 <unknown>\n#17 0x561cfca8cf84 <unknown>\n#18 0x7f19e3294ac3 <unknown>",
  "statusTrace" : "driver = <selenium.webdriver.chrome.webdriver.WebDriver (session=\"890ba271db25a4eb073910d26bf1c8c8\")>\n\n    @pytest.fixture(scope='function')\n    def signup_page_open(driver):\n        signup_page = SignUpPage(driver)\n        driver.get(Constant.SIGNUP_PAGE)\n>       signup_page.get_allow_all_cookies().click()\n\ntests/test_signup_page/conftest.py:10: \n_ _ _ _ _ _ _ _ _ _ _ _ _ _ _ _ _ _ _ _ _ _ _ _ _ _ _ _ _ _ _ _ _ _ _ _ _ _ _ _ \npages/signup_page.py:39: in get_allow_all_cookies\n    return self.element_is_visible(self.locator.ALLOW_ALL_COOKIES)\npages/base_page.py:19: in element_is_visible\n    self.go_to_element(self.element_is_present(locator))\npages/base_page.py:35: in element_is_present\n    return Wait(self.driver, self.timeout).until(es.presence_of_element_located(locator))\n_ _ _ _ _ _ _ _ _ _ _ _ _ _ _ _ _ _ _ _ _ _ _ _ _ _ _ _ _ _ _ _ _ _ _ _ _ _ _ _ \n\nself = <selenium.webdriver.support.wait.WebDriverWait (session=\"890ba271db25a4eb073910d26bf1c8c8\")>\nmethod = <function presence_of_element_located.<locals>._predicate at 0x7f3f3a4dafc0>\nmessage = ''\n\n    def until(self, method: Callable[[D], Union[Literal[False], T]], message: str = \"\") -> T:\n        \"\"\"Calls the method provided with the driver as an argument until the \\\n        return value does not evaluate to ``False``.\n    \n        :param method: callable(WebDriver)\n        :param message: optional message for :exc:`TimeoutException`\n        :returns: the result of the last call to `method`\n        :raises: :exc:`selenium.common.exceptions.TimeoutException` if timeout occurs\n        \"\"\"\n        screen = None\n        stacktrace = None\n    \n        end_time = time.monotonic() + self._timeout\n        while True:\n            try:\n                value = method(self._driver)\n                if value:\n                    return value\n            except self._ignored_exceptions as exc:\n                screen = getattr(exc, \"screen\", None)\n                stacktrace = getattr(exc, \"stacktrace\", None)\n            time.sleep(self._poll)\n            if time.monotonic() > end_time:\n                break\n>       raise TimeoutException(message, screen, stacktrace)\nE       selenium.common.exceptions.TimeoutException: Message: \nE       Stacktrace:\nE       #0 0x561cfca8de33 <unknown>\nE       #1 0x561cfc77d567 <unknown>\nE       #2 0x561cfc7c827d <unknown>\nE       #3 0x561cfc7c8331 <unknown>\nE       #4 0x561cfc80b624 <unknown>\nE       #5 0x561cfc7ea38d <unknown>\nE       #6 0x561cfc808ae2 <unknown>\nE       #7 0x561cfc7ea103 <unknown>\nE       #8 0x561cfc7bb1ba <unknown>\nE       #9 0x561cfc7bbb8e <unknown>\nE       #10 0x561cfca5259b <unknown>\nE       #11 0x561cfca5634b <unknown>\nE       #12 0x561cfca3e681 <unknown>\nE       #13 0x561cfca56eb2 <unknown>\nE       #14 0x561cfca236af <unknown>\nE       #15 0x561cfca7d428 <unknown>\nE       #16 0x561cfca7d600 <unknown>\nE       #17 0x561cfca8cf84 <unknown>\nE       #18 0x7f19e3294ac3 <unknown>\n\n/opt/hostedtoolcache/Python/3.12.3/x64/lib/python3.12/site-packages/selenium/webdriver/support/wait.py:105: TimeoutException",
  "flaky" : false,
  "newFailed" : false,
  "beforeStages" : [ {
    "name" : "clear_allure_results_folder",
    "time" : {
      "start" : 1714270943308,
      "stop" : 1714270943308,
      "duration" : 0
    },
    "status" : "passed",
    "steps" : [ ],
    "attachments" : [ ],
    "parameters" : [ ],
    "stepsCount" : 0,
    "attachmentsCount" : 0,
    "shouldDisplayMessage" : false,
    "hasContent" : false
  }, {
    "name" : "_session_faker",
    "time" : {
      "start" : 1714270943291,
      "stop" : 1714270943307,
      "duration" : 16
    },
    "status" : "passed",
    "steps" : [ ],
    "attachments" : [ ],
    "parameters" : [ ],
    "stepsCount" : 0,
    "attachmentsCount" : 0,
    "shouldDisplayMessage" : false,
    "hasContent" : false
  }, {
    "name" : "signup_page_open",
    "time" : {
      "start" : 1714274147770,
      "stop" : 1714274168497,
      "duration" : 20727
    },
    "status" : "broken",
    "statusMessage" : "selenium.common.exceptions.TimeoutException: Message: \nStacktrace:\n#0 0x561cfca8de33 <unknown>\n#1 0x561cfc77d567 <unknown>\n#2 0x561cfc7c827d <unknown>\n#3 0x561cfc7c8331 <unknown>\n#4 0x561cfc80b624 <unknown>\n#5 0x561cfc7ea38d <unknown>\n#6 0x561cfc808ae2 <unknown>\n#7 0x561cfc7ea103 <unknown>\n#8 0x561cfc7bb1ba <unknown>\n#9 0x561cfc7bbb8e <unknown>\n#10 0x561cfca5259b <unknown>\n#11 0x561cfca5634b <unknown>\n#12 0x561cfca3e681 <unknown>\n#13 0x561cfca56eb2 <unknown>\n#14 0x561cfca236af <unknown>\n#15 0x561cfca7d428 <unknown>\n#16 0x561cfca7d600 <unknown>\n#17 0x561cfca8cf84 <unknown>\n#18 0x7f19e3294ac3 <unknown>\n\n",
    "statusTrace" : "  File \"/opt/hostedtoolcache/Python/3.12.3/x64/lib/python3.12/site-packages/pluggy/_callers.py\", line 167, in _multicall\n    teardown.throw(outcome._exception)\n  File \"/opt/hostedtoolcache/Python/3.12.3/x64/lib/python3.12/site-packages/_pytest/setuponly.py\", line 36, in pytest_fixture_setup\n    return (yield)\n            ^^^^^\n  File \"/opt/hostedtoolcache/Python/3.12.3/x64/lib/python3.12/site-packages/pluggy/_callers.py\", line 103, in _multicall\n    res = hook_impl.function(*args)\n          ^^^^^^^^^^^^^^^^^^^^^^^^^\n  File \"/opt/hostedtoolcache/Python/3.12.3/x64/lib/python3.12/site-packages/_pytest/fixtures.py\", line 1140, in pytest_fixture_setup\n    result = call_fixture_func(fixturefunc, request, kwargs)\n             ^^^^^^^^^^^^^^^^^^^^^^^^^^^^^^^^^^^^^^^^^^^^^^^\n  File \"/opt/hostedtoolcache/Python/3.12.3/x64/lib/python3.12/site-packages/_pytest/fixtures.py\", line 917, in call_fixture_func\n    fixture_result = fixturefunc(**kwargs)\n                     ^^^^^^^^^^^^^^^^^^^^^\n  File \"/home/runner/work/PulseWave/PulseWave/tests/test_signup_page/conftest.py\", line 10, in signup_page_open\n    signup_page.get_allow_all_cookies().click()\n    ^^^^^^^^^^^^^^^^^^^^^^^^^^^^^^^^^^^\n  File \"/opt/hostedtoolcache/Python/3.12.3/x64/lib/python3.12/site-packages/allure_commons/_allure.py\", line 192, in impl\n    return func(*a, **kw)\n           ^^^^^^^^^^^^^^\n  File \"/home/runner/work/PulseWave/PulseWave/pages/signup_page.py\", line 39, in get_allow_all_cookies\n    return self.element_is_visible(self.locator.ALLOW_ALL_COOKIES)\n           ^^^^^^^^^^^^^^^^^^^^^^^^^^^^^^^^^^^^^^^^^^^^^^^^^^^^^^^\n  File \"/home/runner/work/PulseWave/PulseWave/pages/base_page.py\", line 19, in element_is_visible\n    self.go_to_element(self.element_is_present(locator))\n                       ^^^^^^^^^^^^^^^^^^^^^^^^^^^^^^^^\n  File \"/home/runner/work/PulseWave/PulseWave/pages/base_page.py\", line 35, in element_is_present\n    return Wait(self.driver, self.timeout).until(es.presence_of_element_located(locator))\n           ^^^^^^^^^^^^^^^^^^^^^^^^^^^^^^^^^^^^^^^^^^^^^^^^^^^^^^^^^^^^^^^^^^^^^^^^^^^^^^\n  File \"/opt/hostedtoolcache/Python/3.12.3/x64/lib/python3.12/site-packages/selenium/webdriver/support/wait.py\", line 105, in until\n    raise TimeoutException(message, screen, stacktrace)\n",
    "steps" : [ {
      "name" : "Проверка видимости кнопки 'Принимаю все' в сообщении о принятии файлов cookie",
      "time" : {
        "start" : 1714274148086,
        "stop" : 1714274168497,
        "duration" : 20411
      },
      "status" : "broken",
      "statusMessage" : "selenium.common.exceptions.TimeoutException: Message: \nStacktrace:\n#0 0x561cfca8de33 <unknown>\n#1 0x561cfc77d567 <unknown>\n#2 0x561cfc7c827d <unknown>\n#3 0x561cfc7c8331 <unknown>\n#4 0x561cfc80b624 <unknown>\n#5 0x561cfc7ea38d <unknown>\n#6 0x561cfc808ae2 <unknown>\n#7 0x561cfc7ea103 <unknown>\n#8 0x561cfc7bb1ba <unknown>\n#9 0x561cfc7bbb8e <unknown>\n#10 0x561cfca5259b <unknown>\n#11 0x561cfca5634b <unknown>\n#12 0x561cfca3e681 <unknown>\n#13 0x561cfca56eb2 <unknown>\n#14 0x561cfca236af <unknown>\n#15 0x561cfca7d428 <unknown>\n#16 0x561cfca7d600 <unknown>\n#17 0x561cfca8cf84 <unknown>\n#18 0x7f19e3294ac3 <unknown>\n\n",
      "statusTrace" : "  File \"/opt/hostedtoolcache/Python/3.12.3/x64/lib/python3.12/site-packages/allure_commons/_allure.py\", line 192, in impl\n    return func(*a, **kw)\n           ^^^^^^^^^^^^^^\n  File \"/home/runner/work/PulseWave/PulseWave/pages/signup_page.py\", line 39, in get_allow_all_cookies\n    return self.element_is_visible(self.locator.ALLOW_ALL_COOKIES)\n           ^^^^^^^^^^^^^^^^^^^^^^^^^^^^^^^^^^^^^^^^^^^^^^^^^^^^^^^\n  File \"/home/runner/work/PulseWave/PulseWave/pages/base_page.py\", line 19, in element_is_visible\n    self.go_to_element(self.element_is_present(locator))\n                       ^^^^^^^^^^^^^^^^^^^^^^^^^^^^^^^^\n  File \"/home/runner/work/PulseWave/PulseWave/pages/base_page.py\", line 35, in element_is_present\n    return Wait(self.driver, self.timeout).until(es.presence_of_element_located(locator))\n           ^^^^^^^^^^^^^^^^^^^^^^^^^^^^^^^^^^^^^^^^^^^^^^^^^^^^^^^^^^^^^^^^^^^^^^^^^^^^^^\n  File \"/opt/hostedtoolcache/Python/3.12.3/x64/lib/python3.12/site-packages/selenium/webdriver/support/wait.py\", line 105, in until\n    raise TimeoutException(message, screen, stacktrace)\n",
      "steps" : [ ],
      "attachments" : [ ],
      "parameters" : [ ],
      "stepsCount" : 0,
      "attachmentsCount" : 0,
      "shouldDisplayMessage" : true,
      "hasContent" : true
    } ],
    "attachments" : [ ],
    "parameters" : [ ],
    "stepsCount" : 1,
    "attachmentsCount" : 0,
    "shouldDisplayMessage" : false,
    "hasContent" : true
  }, {
    "name" : "driver",
    "time" : {
      "start" : 1714274147574,
      "stop" : 1714274147770,
      "duration" : 196
    },
    "status" : "passed",
    "steps" : [ ],
    "attachments" : [ ],
    "parameters" : [ ],
    "stepsCount" : 0,
    "attachmentsCount" : 0,
    "shouldDisplayMessage" : false,
    "hasContent" : false
  } ],
  "afterStages" : [ {
    "name" : "driver::0",
    "time" : {
      "start" : 1714274168513,
      "stop" : 1714274168571,
      "duration" : 58
    },
    "status" : "passed",
    "steps" : [ ],
    "attachments" : [ ],
    "parameters" : [ ],
    "stepsCount" : 0,
    "attachmentsCount" : 0,
    "shouldDisplayMessage" : false,
    "hasContent" : false
  } ],
  "labels" : [ {
    "name" : "epic",
    "value" : "Тестирование страницы 'Регистрация'"
  }, {
    "name" : "tag",
    "value" : "smoke"
  }, {
    "name" : "parentSuite",
    "value" : "tests.test_signup_page"
  }, {
    "name" : "suite",
    "value" : "test_signup_page"
  }, {
    "name" : "subSuite",
    "value" : "TestSignupPage"
  }, {
    "name" : "host",
    "value" : "fv-az1383-514"
  }, {
    "name" : "thread",
    "value" : "2368-MainThread"
  }, {
    "name" : "framework",
    "value" : "pytest"
  }, {
    "name" : "language",
    "value" : "cpython3"
  }, {
    "name" : "package",
    "value" : "tests.test_signup_page.test_signup_page"
  }, {
    "name" : "resultFormat",
    "value" : "allure2"
  } ],
  "parameters" : [ {
    "name" : "browser",
    "value" : "'chrome'"
  }, {
    "name" : "data_email",
    "value" : "'test.test'"
  } ],
  "links" : [ ],
  "hidden" : false,
  "retry" : false,
  "extra" : {
    "severity" : "normal",
    "retries" : [ ],
    "categories" : [ {
      "name" : "Test defects",
      "matchedStatuses" : [ ],
      "flaky" : false
    } ],
    "history" : {
      "statistic" : {
        "failed" : 0,
        "broken" : 1,
        "skipped" : 0,
        "passed" : 11,
        "unknown" : 0,
        "total" : 12
      },
      "items" : [ {
        "uid" : "a84a87ffdad5769f",
        "reportUrl" : "https://Nat754.github.io/PulseWave/7//#testresult/a84a87ffdad5769f",
        "status" : "passed",
        "time" : {
          "start" : 1714185332592,
          "stop" : 1714185332859,
          "duration" : 267
        }
      }, {
        "uid" : "1ef5812a301fa28e",
        "reportUrl" : "https://Nat754.github.io/PulseWave/6//#testresult/1ef5812a301fa28e",
        "status" : "passed",
        "time" : {
          "start" : 1714148752335,
          "stop" : 1714148752612,
          "duration" : 277
        }
      }, {
        "uid" : "c1b78c083e5f41c",
        "reportUrl" : "https://Nat754.github.io/PulseWave/6//#testresult/c1b78c083e5f41c",
        "status" : "passed",
        "time" : {
          "start" : 1714098802019,
          "stop" : 1714098802278,
          "duration" : 259
        }
      }, {
        "uid" : "9863933c7bc40c2",
        "reportUrl" : "https://Nat754.github.io/PulseWave/5//#testresult/9863933c7bc40c2",
        "status" : "passed",
        "time" : {
          "start" : 1714014649416,
          "stop" : 1714014649690,
          "duration" : 274
        }
      }, {
        "uid" : "7cf3ba9746326274",
        "reportUrl" : "https://Nat754.github.io/PulseWave/211//#testresult/7cf3ba9746326274",
        "status" : "passed",
        "time" : {
          "start" : 1713946159733,
          "stop" : 1713946160009,
          "duration" : 276
        }
      }, {
        "uid" : "72e1a2c0a7157077",
        "reportUrl" : "https://Nat754.github.io/PulseWave/4//#testresult/72e1a2c0a7157077",
        "status" : "passed",
        "time" : {
          "start" : 1713925951429,
          "stop" : 1713925951734,
          "duration" : 305
        }
      }, {
        "uid" : "ba08d6dd77c23ee7",
        "reportUrl" : "https://Nat754.github.io/PulseWave/211//#testresult/ba08d6dd77c23ee7",
        "status" : "passed",
        "time" : {
          "start" : 1713901830558,
          "stop" : 1713901830838,
          "duration" : 280
        }
      }, {
        "uid" : "eddfa56fdadc98b4",
        "reportUrl" : "https://Nat754.github.io/PulseWave/210//#testresult/eddfa56fdadc98b4",
        "status" : "passed",
        "time" : {
          "start" : 1713886073541,
          "stop" : 1713886073800,
          "duration" : 259
        }
      }, {
        "uid" : "53d653557d4b9c2b",
        "reportUrl" : "https://Nat754.github.io/PulseWave/209//#testresult/53d653557d4b9c2b",
        "status" : "passed",
        "time" : {
          "start" : 1713883960476,
          "stop" : 1713883960731,
          "duration" : 255
        }
      }, {
        "uid" : "2f856838f03a249b",
        "reportUrl" : "https://Nat754.github.io/PulseWave/209//#testresult/2f856838f03a249b",
        "status" : "passed",
        "time" : {
          "start" : 1713882490594,
          "stop" : 1713882490856,
          "duration" : 262
        }
      }, {
        "uid" : "91c375e1b465d328",
        "reportUrl" : "https://Nat754.github.io/PulseWave/208//#testresult/91c375e1b465d328",
        "status" : "passed",
        "time" : {
          "start" : 1713879669532,
          "stop" : 1713879669806,
          "duration" : 274
        }
      } ]
    },
    "tags" : [ "smoke" ]
  },
  "source" : "c528dc2aa9745b43.json",
  "parameterValues" : [ "'chrome'", "'test.test'" ]
}