{
  "uid" : "cf72600fd57c1b75",
  "name" : "Проверка редиректа на страницу восстановления пароля при клике на ссылку 'Забыли пароль?'",
  "fullName" : "tests.test_login_page.test_login_page.TestLoginPage#test_redirect_password_recovery",
  "historyId" : "47b87342bfbe88ef74ba2178c0f07847",
  "time" : {
    "start" : 1714273010945,
    "stop" : 1714273010945,
    "duration" : 0
  },
  "status" : "broken",
  "statusMessage" : "selenium.common.exceptions.TimeoutException: Message: \nStacktrace:\n#0 0x561719d02e33 <unknown>\n#1 0x5617199f2567 <unknown>\n#2 0x561719a3d27d <unknown>\n#3 0x561719a3d331 <unknown>\n#4 0x561719a80624 <unknown>\n#5 0x561719a5f38d <unknown>\n#6 0x561719a7dae2 <unknown>\n#7 0x561719a5f103 <unknown>\n#8 0x561719a301ba <unknown>\n#9 0x561719a30b8e <unknown>\n#10 0x561719cc759b <unknown>\n#11 0x561719ccb34b <unknown>\n#12 0x561719cb3681 <unknown>\n#13 0x561719ccbeb2 <unknown>\n#14 0x561719c986af <unknown>\n#15 0x561719cf2428 <unknown>\n#16 0x561719cf2600 <unknown>\n#17 0x561719d01f84 <unknown>\n#18 0x7f85a9494ac3 <unknown>",
  "statusTrace" : "driver = <selenium.webdriver.chrome.webdriver.WebDriver (session=\"688a2466a2af6f6ca9439814c1522767\")>\n\n    @pytest.fixture(scope='function')\n    def login_page_open(driver):\n        login_page = LoginPage(driver)\n        driver.get(Constant.LOGIN_PAGE)\n>       login_page.get_allow_all_cookies().click()\n\ntests/test_login_page/conftest.py:10: \n_ _ _ _ _ _ _ _ _ _ _ _ _ _ _ _ _ _ _ _ _ _ _ _ _ _ _ _ _ _ _ _ _ _ _ _ _ _ _ _ \npages/login_page.py:20: in get_allow_all_cookies\n    return self.element_is_visible(self.locator.ALLOW_ALL_COOKIES)\npages/base_page.py:19: in element_is_visible\n    self.go_to_element(self.element_is_present(locator))\npages/base_page.py:35: in element_is_present\n    return Wait(self.driver, self.timeout).until(es.presence_of_element_located(locator))\n_ _ _ _ _ _ _ _ _ _ _ _ _ _ _ _ _ _ _ _ _ _ _ _ _ _ _ _ _ _ _ _ _ _ _ _ _ _ _ _ \n\nself = <selenium.webdriver.support.wait.WebDriverWait (session=\"688a2466a2af6f6ca9439814c1522767\")>\nmethod = <function presence_of_element_located.<locals>._predicate at 0x7f3f3a716ac0>\nmessage = ''\n\n    def until(self, method: Callable[[D], Union[Literal[False], T]], message: str = \"\") -> T:\n        \"\"\"Calls the method provided with the driver as an argument until the \\\n        return value does not evaluate to ``False``.\n    \n        :param method: callable(WebDriver)\n        :param message: optional message for :exc:`TimeoutException`\n        :returns: the result of the last call to `method`\n        :raises: :exc:`selenium.common.exceptions.TimeoutException` if timeout occurs\n        \"\"\"\n        screen = None\n        stacktrace = None\n    \n        end_time = time.monotonic() + self._timeout\n        while True:\n            try:\n                value = method(self._driver)\n                if value:\n                    return value\n            except self._ignored_exceptions as exc:\n                screen = getattr(exc, \"screen\", None)\n                stacktrace = getattr(exc, \"stacktrace\", None)\n            time.sleep(self._poll)\n            if time.monotonic() > end_time:\n                break\n>       raise TimeoutException(message, screen, stacktrace)\nE       selenium.common.exceptions.TimeoutException: Message: \nE       Stacktrace:\nE       #0 0x561719d02e33 <unknown>\nE       #1 0x5617199f2567 <unknown>\nE       #2 0x561719a3d27d <unknown>\nE       #3 0x561719a3d331 <unknown>\nE       #4 0x561719a80624 <unknown>\nE       #5 0x561719a5f38d <unknown>\nE       #6 0x561719a7dae2 <unknown>\nE       #7 0x561719a5f103 <unknown>\nE       #8 0x561719a301ba <unknown>\nE       #9 0x561719a30b8e <unknown>\nE       #10 0x561719cc759b <unknown>\nE       #11 0x561719ccb34b <unknown>\nE       #12 0x561719cb3681 <unknown>\nE       #13 0x561719ccbeb2 <unknown>\nE       #14 0x561719c986af <unknown>\nE       #15 0x561719cf2428 <unknown>\nE       #16 0x561719cf2600 <unknown>\nE       #17 0x561719d01f84 <unknown>\nE       #18 0x7f85a9494ac3 <unknown>\n\n/opt/hostedtoolcache/Python/3.12.3/x64/lib/python3.12/site-packages/selenium/webdriver/support/wait.py:105: TimeoutException",
  "flaky" : false,
  "newFailed" : false,
  "beforeStages" : [ {
    "name" : "driver",
    "time" : {
      "start" : 1714273010946,
      "stop" : 1714273011142,
      "duration" : 196
    },
    "status" : "passed",
    "steps" : [ ],
    "attachments" : [ ],
    "parameters" : [ ],
    "stepsCount" : 0,
    "attachmentsCount" : 0,
    "shouldDisplayMessage" : false,
    "hasContent" : false
  }, {
    "name" : "clear_allure_results_folder",
    "time" : {
      "start" : 1714270943308,
      "stop" : 1714270943308,
      "duration" : 0
    },
    "status" : "passed",
    "steps" : [ ],
    "attachments" : [ ],
    "parameters" : [ ],
    "stepsCount" : 0,
    "attachmentsCount" : 0,
    "shouldDisplayMessage" : false,
    "hasContent" : false
  }, {
    "name" : "_session_faker",
    "time" : {
      "start" : 1714270943291,
      "stop" : 1714270943307,
      "duration" : 16
    },
    "status" : "passed",
    "steps" : [ ],
    "attachments" : [ ],
    "parameters" : [ ],
    "stepsCount" : 0,
    "attachmentsCount" : 0,
    "shouldDisplayMessage" : false,
    "hasContent" : false
  }, {
    "name" : "login_page_open",
    "time" : {
      "start" : 1714273011142,
      "stop" : 1714273031871,
      "duration" : 20729
    },
    "status" : "broken",
    "statusMessage" : "selenium.common.exceptions.TimeoutException: Message: \nStacktrace:\n#0 0x561719d02e33 <unknown>\n#1 0x5617199f2567 <unknown>\n#2 0x561719a3d27d <unknown>\n#3 0x561719a3d331 <unknown>\n#4 0x561719a80624 <unknown>\n#5 0x561719a5f38d <unknown>\n#6 0x561719a7dae2 <unknown>\n#7 0x561719a5f103 <unknown>\n#8 0x561719a301ba <unknown>\n#9 0x561719a30b8e <unknown>\n#10 0x561719cc759b <unknown>\n#11 0x561719ccb34b <unknown>\n#12 0x561719cb3681 <unknown>\n#13 0x561719ccbeb2 <unknown>\n#14 0x561719c986af <unknown>\n#15 0x561719cf2428 <unknown>\n#16 0x561719cf2600 <unknown>\n#17 0x561719d01f84 <unknown>\n#18 0x7f85a9494ac3 <unknown>\n\n",
    "statusTrace" : "  File \"/opt/hostedtoolcache/Python/3.12.3/x64/lib/python3.12/site-packages/pluggy/_callers.py\", line 167, in _multicall\n    teardown.throw(outcome._exception)\n  File \"/opt/hostedtoolcache/Python/3.12.3/x64/lib/python3.12/site-packages/_pytest/setuponly.py\", line 36, in pytest_fixture_setup\n    return (yield)\n            ^^^^^\n  File \"/opt/hostedtoolcache/Python/3.12.3/x64/lib/python3.12/site-packages/pluggy/_callers.py\", line 103, in _multicall\n    res = hook_impl.function(*args)\n          ^^^^^^^^^^^^^^^^^^^^^^^^^\n  File \"/opt/hostedtoolcache/Python/3.12.3/x64/lib/python3.12/site-packages/_pytest/fixtures.py\", line 1140, in pytest_fixture_setup\n    result = call_fixture_func(fixturefunc, request, kwargs)\n             ^^^^^^^^^^^^^^^^^^^^^^^^^^^^^^^^^^^^^^^^^^^^^^^\n  File \"/opt/hostedtoolcache/Python/3.12.3/x64/lib/python3.12/site-packages/_pytest/fixtures.py\", line 917, in call_fixture_func\n    fixture_result = fixturefunc(**kwargs)\n                     ^^^^^^^^^^^^^^^^^^^^^\n  File \"/home/runner/work/PulseWave/PulseWave/tests/test_login_page/conftest.py\", line 10, in login_page_open\n    login_page.get_allow_all_cookies().click()\n    ^^^^^^^^^^^^^^^^^^^^^^^^^^^^^^^^^^\n  File \"/opt/hostedtoolcache/Python/3.12.3/x64/lib/python3.12/site-packages/allure_commons/_allure.py\", line 192, in impl\n    return func(*a, **kw)\n           ^^^^^^^^^^^^^^\n  File \"/home/runner/work/PulseWave/PulseWave/pages/login_page.py\", line 20, in get_allow_all_cookies\n    return self.element_is_visible(self.locator.ALLOW_ALL_COOKIES)\n           ^^^^^^^^^^^^^^^^^^^^^^^^^^^^^^^^^^^^^^^^^^^^^^^^^^^^^^^\n  File \"/home/runner/work/PulseWave/PulseWave/pages/base_page.py\", line 19, in element_is_visible\n    self.go_to_element(self.element_is_present(locator))\n                       ^^^^^^^^^^^^^^^^^^^^^^^^^^^^^^^^\n  File \"/home/runner/work/PulseWave/PulseWave/pages/base_page.py\", line 35, in element_is_present\n    return Wait(self.driver, self.timeout).until(es.presence_of_element_located(locator))\n           ^^^^^^^^^^^^^^^^^^^^^^^^^^^^^^^^^^^^^^^^^^^^^^^^^^^^^^^^^^^^^^^^^^^^^^^^^^^^^^\n  File \"/opt/hostedtoolcache/Python/3.12.3/x64/lib/python3.12/site-packages/selenium/webdriver/support/wait.py\", line 105, in until\n    raise TimeoutException(message, screen, stacktrace)\n",
    "steps" : [ {
      "name" : "Проверка видимости кнопки 'Принимаю все' в сообщении о принятии файлов cookie",
      "time" : {
        "start" : 1714273011458,
        "stop" : 1714273031870,
        "duration" : 20412
      },
      "status" : "broken",
      "statusMessage" : "selenium.common.exceptions.TimeoutException: Message: \nStacktrace:\n#0 0x561719d02e33 <unknown>\n#1 0x5617199f2567 <unknown>\n#2 0x561719a3d27d <unknown>\n#3 0x561719a3d331 <unknown>\n#4 0x561719a80624 <unknown>\n#5 0x561719a5f38d <unknown>\n#6 0x561719a7dae2 <unknown>\n#7 0x561719a5f103 <unknown>\n#8 0x561719a301ba <unknown>\n#9 0x561719a30b8e <unknown>\n#10 0x561719cc759b <unknown>\n#11 0x561719ccb34b <unknown>\n#12 0x561719cb3681 <unknown>\n#13 0x561719ccbeb2 <unknown>\n#14 0x561719c986af <unknown>\n#15 0x561719cf2428 <unknown>\n#16 0x561719cf2600 <unknown>\n#17 0x561719d01f84 <unknown>\n#18 0x7f85a9494ac3 <unknown>\n\n",
      "statusTrace" : "  File \"/opt/hostedtoolcache/Python/3.12.3/x64/lib/python3.12/site-packages/allure_commons/_allure.py\", line 192, in impl\n    return func(*a, **kw)\n           ^^^^^^^^^^^^^^\n  File \"/home/runner/work/PulseWave/PulseWave/pages/login_page.py\", line 20, in get_allow_all_cookies\n    return self.element_is_visible(self.locator.ALLOW_ALL_COOKIES)\n           ^^^^^^^^^^^^^^^^^^^^^^^^^^^^^^^^^^^^^^^^^^^^^^^^^^^^^^^\n  File \"/home/runner/work/PulseWave/PulseWave/pages/base_page.py\", line 19, in element_is_visible\n    self.go_to_element(self.element_is_present(locator))\n                       ^^^^^^^^^^^^^^^^^^^^^^^^^^^^^^^^\n  File \"/home/runner/work/PulseWave/PulseWave/pages/base_page.py\", line 35, in element_is_present\n    return Wait(self.driver, self.timeout).until(es.presence_of_element_located(locator))\n           ^^^^^^^^^^^^^^^^^^^^^^^^^^^^^^^^^^^^^^^^^^^^^^^^^^^^^^^^^^^^^^^^^^^^^^^^^^^^^^\n  File \"/opt/hostedtoolcache/Python/3.12.3/x64/lib/python3.12/site-packages/selenium/webdriver/support/wait.py\", line 105, in until\n    raise TimeoutException(message, screen, stacktrace)\n",
      "steps" : [ ],
      "attachments" : [ ],
      "parameters" : [ ],
      "stepsCount" : 0,
      "attachmentsCount" : 0,
      "shouldDisplayMessage" : true,
      "hasContent" : true
    } ],
    "attachments" : [ ],
    "parameters" : [ ],
    "stepsCount" : 1,
    "attachmentsCount" : 0,
    "shouldDisplayMessage" : false,
    "hasContent" : true
  } ],
  "afterStages" : [ {
    "name" : "driver::0",
    "time" : {
      "start" : 1714273031883,
      "stop" : 1714273031941,
      "duration" : 58
    },
    "status" : "passed",
    "steps" : [ ],
    "attachments" : [ ],
    "parameters" : [ ],
    "stepsCount" : 0,
    "attachmentsCount" : 0,
    "shouldDisplayMessage" : false,
    "hasContent" : false
  } ],
  "labels" : [ {
    "name" : "epic",
    "value" : "Тестирование страницы 'Войти'"
  }, {
    "name" : "tag",
    "value" : "smoke"
  }, {
    "name" : "parentSuite",
    "value" : "tests.test_login_page"
  }, {
    "name" : "suite",
    "value" : "test_login_page"
  }, {
    "name" : "subSuite",
    "value" : "TestLoginPage"
  }, {
    "name" : "host",
    "value" : "fv-az1383-514"
  }, {
    "name" : "thread",
    "value" : "2368-MainThread"
  }, {
    "name" : "framework",
    "value" : "pytest"
  }, {
    "name" : "language",
    "value" : "cpython3"
  }, {
    "name" : "package",
    "value" : "tests.test_login_page.test_login_page"
  }, {
    "name" : "resultFormat",
    "value" : "allure2"
  } ],
  "parameters" : [ {
    "name" : "browser",
    "value" : "'chrome'"
  } ],
  "links" : [ ],
  "hidden" : false,
  "retry" : false,
  "extra" : {
    "severity" : "normal",
    "retries" : [ ],
    "categories" : [ {
      "name" : "Test defects",
      "matchedStatuses" : [ ],
      "flaky" : false
    } ],
    "history" : {
      "statistic" : {
        "failed" : 0,
        "broken" : 1,
        "skipped" : 0,
        "passed" : 11,
        "unknown" : 0,
        "total" : 12
      },
      "items" : [ {
        "uid" : "86bf01f11fdd4548",
        "reportUrl" : "https://Nat754.github.io/PulseWave/7//#testresult/86bf01f11fdd4548",
        "status" : "passed",
        "time" : {
          "start" : 1714185043120,
          "stop" : 1714185043186,
          "duration" : 66
        }
      }, {
        "uid" : "41d34eee73d00944",
        "reportUrl" : "https://Nat754.github.io/PulseWave/6//#testresult/41d34eee73d00944",
        "status" : "passed",
        "time" : {
          "start" : 1714148501647,
          "stop" : 1714148501717,
          "duration" : 70
        }
      }, {
        "uid" : "23911fba4e57f6a8",
        "reportUrl" : "https://Nat754.github.io/PulseWave/6//#testresult/23911fba4e57f6a8",
        "status" : "passed",
        "time" : {
          "start" : 1714098551642,
          "stop" : 1714098551703,
          "duration" : 61
        }
      }, {
        "uid" : "899bdc1ad7e9fa05",
        "reportUrl" : "https://Nat754.github.io/PulseWave/5//#testresult/899bdc1ad7e9fa05",
        "status" : "passed",
        "time" : {
          "start" : 1714014426305,
          "stop" : 1714014426367,
          "duration" : 62
        }
      }, {
        "uid" : "91cb0adf6c515713",
        "reportUrl" : "https://Nat754.github.io/PulseWave/211//#testresult/91cb0adf6c515713",
        "status" : "passed",
        "time" : {
          "start" : 1713945924065,
          "stop" : 1713945924127,
          "duration" : 62
        }
      }, {
        "uid" : "c617ce44a02f9fbd",
        "reportUrl" : "https://Nat754.github.io/PulseWave/4//#testresult/c617ce44a02f9fbd",
        "status" : "passed",
        "time" : {
          "start" : 1713925717035,
          "stop" : 1713925717099,
          "duration" : 64
        }
      }, {
        "uid" : "90de95bdb05d2b4f",
        "reportUrl" : "https://Nat754.github.io/PulseWave/211//#testresult/90de95bdb05d2b4f",
        "status" : "passed",
        "time" : {
          "start" : 1713901576273,
          "stop" : 1713901576337,
          "duration" : 64
        }
      }, {
        "uid" : "799c85ac31719e12",
        "reportUrl" : "https://Nat754.github.io/PulseWave/210//#testresult/799c85ac31719e12",
        "status" : "passed",
        "time" : {
          "start" : 1713885783510,
          "stop" : 1713885783575,
          "duration" : 65
        }
      }, {
        "uid" : "fc5af19b5fd98d3b",
        "reportUrl" : "https://Nat754.github.io/PulseWave/209//#testresult/fc5af19b5fd98d3b",
        "status" : "passed",
        "time" : {
          "start" : 1713883677654,
          "stop" : 1713883677714,
          "duration" : 60
        }
      }, {
        "uid" : "4218526f72155dfe",
        "reportUrl" : "https://Nat754.github.io/PulseWave/209//#testresult/4218526f72155dfe",
        "status" : "passed",
        "time" : {
          "start" : 1713882201424,
          "stop" : 1713882201502,
          "duration" : 78
        }
      }, {
        "uid" : "2ffb074e19249a11",
        "reportUrl" : "https://Nat754.github.io/PulseWave/208//#testresult/2ffb074e19249a11",
        "status" : "passed",
        "time" : {
          "start" : 1713879379555,
          "stop" : 1713879379623,
          "duration" : 68
        }
      } ]
    },
    "tags" : [ "smoke" ]
  },
  "source" : "cf72600fd57c1b75.json",
  "parameterValues" : [ "'chrome'" ]
}