{
  "uid" : "d850614901ad2a8b",
  "name" : "test_get_css_property_title_signup[font-family-Mulish, sans-serif-\\u0448\\u0440\\u0438\\u0444\\u0442\\u0430-chrome]",
  "fullName" : "tests.test_signup_page.test_signup_page.TestSignupPage#test_get_css_property_title_signup",
  "historyId" : "b427d585a01e04c674ed5c86fab08bec",
  "time" : {
    "start" : 1714274084564,
    "stop" : 1714274084564,
    "duration" : 0
  },
  "status" : "broken",
  "statusMessage" : "selenium.common.exceptions.TimeoutException: Message: \nStacktrace:\n#0 0x5616f3572e33 <unknown>\n#1 0x5616f3262567 <unknown>\n#2 0x5616f32ad27d <unknown>\n#3 0x5616f32ad331 <unknown>\n#4 0x5616f32f0624 <unknown>\n#5 0x5616f32cf38d <unknown>\n#6 0x5616f32edae2 <unknown>\n#7 0x5616f32cf103 <unknown>\n#8 0x5616f32a01ba <unknown>\n#9 0x5616f32a0b8e <unknown>\n#10 0x5616f353759b <unknown>\n#11 0x5616f353b34b <unknown>\n#12 0x5616f3523681 <unknown>\n#13 0x5616f353beb2 <unknown>\n#14 0x5616f35086af <unknown>\n#15 0x5616f3562428 <unknown>\n#16 0x5616f3562600 <unknown>\n#17 0x5616f3571f84 <unknown>\n#18 0x7f5aae094ac3 <unknown>",
  "statusTrace" : "driver = <selenium.webdriver.chrome.webdriver.WebDriver (session=\"dcc5d1fba68de5a926d6f28ed5588c23\")>\n\n    @pytest.fixture(scope='function')\n    def signup_page_open(driver):\n        signup_page = SignUpPage(driver)\n        driver.get(Constant.SIGNUP_PAGE)\n>       signup_page.get_allow_all_cookies().click()\n\ntests/test_signup_page/conftest.py:10: \n_ _ _ _ _ _ _ _ _ _ _ _ _ _ _ _ _ _ _ _ _ _ _ _ _ _ _ _ _ _ _ _ _ _ _ _ _ _ _ _ \npages/signup_page.py:39: in get_allow_all_cookies\n    return self.element_is_visible(self.locator.ALLOW_ALL_COOKIES)\npages/base_page.py:19: in element_is_visible\n    self.go_to_element(self.element_is_present(locator))\npages/base_page.py:35: in element_is_present\n    return Wait(self.driver, self.timeout).until(es.presence_of_element_located(locator))\n_ _ _ _ _ _ _ _ _ _ _ _ _ _ _ _ _ _ _ _ _ _ _ _ _ _ _ _ _ _ _ _ _ _ _ _ _ _ _ _ \n\nself = <selenium.webdriver.support.wait.WebDriverWait (session=\"dcc5d1fba68de5a926d6f28ed5588c23\")>\nmethod = <function presence_of_element_located.<locals>._predicate at 0x7f3f3a7156c0>\nmessage = ''\n\n    def until(self, method: Callable[[D], Union[Literal[False], T]], message: str = \"\") -> T:\n        \"\"\"Calls the method provided with the driver as an argument until the \\\n        return value does not evaluate to ``False``.\n    \n        :param method: callable(WebDriver)\n        :param message: optional message for :exc:`TimeoutException`\n        :returns: the result of the last call to `method`\n        :raises: :exc:`selenium.common.exceptions.TimeoutException` if timeout occurs\n        \"\"\"\n        screen = None\n        stacktrace = None\n    \n        end_time = time.monotonic() + self._timeout\n        while True:\n            try:\n                value = method(self._driver)\n                if value:\n                    return value\n            except self._ignored_exceptions as exc:\n                screen = getattr(exc, \"screen\", None)\n                stacktrace = getattr(exc, \"stacktrace\", None)\n            time.sleep(self._poll)\n            if time.monotonic() > end_time:\n                break\n>       raise TimeoutException(message, screen, stacktrace)\nE       selenium.common.exceptions.TimeoutException: Message: \nE       Stacktrace:\nE       #0 0x5616f3572e33 <unknown>\nE       #1 0x5616f3262567 <unknown>\nE       #2 0x5616f32ad27d <unknown>\nE       #3 0x5616f32ad331 <unknown>\nE       #4 0x5616f32f0624 <unknown>\nE       #5 0x5616f32cf38d <unknown>\nE       #6 0x5616f32edae2 <unknown>\nE       #7 0x5616f32cf103 <unknown>\nE       #8 0x5616f32a01ba <unknown>\nE       #9 0x5616f32a0b8e <unknown>\nE       #10 0x5616f353759b <unknown>\nE       #11 0x5616f353b34b <unknown>\nE       #12 0x5616f3523681 <unknown>\nE       #13 0x5616f353beb2 <unknown>\nE       #14 0x5616f35086af <unknown>\nE       #15 0x5616f3562428 <unknown>\nE       #16 0x5616f3562600 <unknown>\nE       #17 0x5616f3571f84 <unknown>\nE       #18 0x7f5aae094ac3 <unknown>\n\n/opt/hostedtoolcache/Python/3.12.3/x64/lib/python3.12/site-packages/selenium/webdriver/support/wait.py:105: TimeoutException",
  "flaky" : false,
  "newFailed" : false,
  "beforeStages" : [ {
    "name" : "driver",
    "time" : {
      "start" : 1714274084564,
      "stop" : 1714274084760,
      "duration" : 196
    },
    "status" : "passed",
    "steps" : [ ],
    "attachments" : [ ],
    "parameters" : [ ],
    "stepsCount" : 0,
    "attachmentsCount" : 0,
    "shouldDisplayMessage" : false,
    "hasContent" : false
  }, {
    "name" : "clear_allure_results_folder",
    "time" : {
      "start" : 1714270943308,
      "stop" : 1714270943308,
      "duration" : 0
    },
    "status" : "passed",
    "steps" : [ ],
    "attachments" : [ ],
    "parameters" : [ ],
    "stepsCount" : 0,
    "attachmentsCount" : 0,
    "shouldDisplayMessage" : false,
    "hasContent" : false
  }, {
    "name" : "_session_faker",
    "time" : {
      "start" : 1714270943291,
      "stop" : 1714270943307,
      "duration" : 16
    },
    "status" : "passed",
    "steps" : [ ],
    "attachments" : [ ],
    "parameters" : [ ],
    "stepsCount" : 0,
    "attachmentsCount" : 0,
    "shouldDisplayMessage" : false,
    "hasContent" : false
  }, {
    "name" : "signup_page_open",
    "time" : {
      "start" : 1714274084760,
      "stop" : 1714274105499,
      "duration" : 20739
    },
    "status" : "broken",
    "statusMessage" : "selenium.common.exceptions.TimeoutException: Message: \nStacktrace:\n#0 0x5616f3572e33 <unknown>\n#1 0x5616f3262567 <unknown>\n#2 0x5616f32ad27d <unknown>\n#3 0x5616f32ad331 <unknown>\n#4 0x5616f32f0624 <unknown>\n#5 0x5616f32cf38d <unknown>\n#6 0x5616f32edae2 <unknown>\n#7 0x5616f32cf103 <unknown>\n#8 0x5616f32a01ba <unknown>\n#9 0x5616f32a0b8e <unknown>\n#10 0x5616f353759b <unknown>\n#11 0x5616f353b34b <unknown>\n#12 0x5616f3523681 <unknown>\n#13 0x5616f353beb2 <unknown>\n#14 0x5616f35086af <unknown>\n#15 0x5616f3562428 <unknown>\n#16 0x5616f3562600 <unknown>\n#17 0x5616f3571f84 <unknown>\n#18 0x7f5aae094ac3 <unknown>\n\n",
    "statusTrace" : "  File \"/opt/hostedtoolcache/Python/3.12.3/x64/lib/python3.12/site-packages/pluggy/_callers.py\", line 167, in _multicall\n    teardown.throw(outcome._exception)\n  File \"/opt/hostedtoolcache/Python/3.12.3/x64/lib/python3.12/site-packages/_pytest/setuponly.py\", line 36, in pytest_fixture_setup\n    return (yield)\n            ^^^^^\n  File \"/opt/hostedtoolcache/Python/3.12.3/x64/lib/python3.12/site-packages/pluggy/_callers.py\", line 103, in _multicall\n    res = hook_impl.function(*args)\n          ^^^^^^^^^^^^^^^^^^^^^^^^^\n  File \"/opt/hostedtoolcache/Python/3.12.3/x64/lib/python3.12/site-packages/_pytest/fixtures.py\", line 1140, in pytest_fixture_setup\n    result = call_fixture_func(fixturefunc, request, kwargs)\n             ^^^^^^^^^^^^^^^^^^^^^^^^^^^^^^^^^^^^^^^^^^^^^^^\n  File \"/opt/hostedtoolcache/Python/3.12.3/x64/lib/python3.12/site-packages/_pytest/fixtures.py\", line 917, in call_fixture_func\n    fixture_result = fixturefunc(**kwargs)\n                     ^^^^^^^^^^^^^^^^^^^^^\n  File \"/home/runner/work/PulseWave/PulseWave/tests/test_signup_page/conftest.py\", line 10, in signup_page_open\n    signup_page.get_allow_all_cookies().click()\n    ^^^^^^^^^^^^^^^^^^^^^^^^^^^^^^^^^^^\n  File \"/opt/hostedtoolcache/Python/3.12.3/x64/lib/python3.12/site-packages/allure_commons/_allure.py\", line 192, in impl\n    return func(*a, **kw)\n           ^^^^^^^^^^^^^^\n  File \"/home/runner/work/PulseWave/PulseWave/pages/signup_page.py\", line 39, in get_allow_all_cookies\n    return self.element_is_visible(self.locator.ALLOW_ALL_COOKIES)\n           ^^^^^^^^^^^^^^^^^^^^^^^^^^^^^^^^^^^^^^^^^^^^^^^^^^^^^^^\n  File \"/home/runner/work/PulseWave/PulseWave/pages/base_page.py\", line 19, in element_is_visible\n    self.go_to_element(self.element_is_present(locator))\n                       ^^^^^^^^^^^^^^^^^^^^^^^^^^^^^^^^\n  File \"/home/runner/work/PulseWave/PulseWave/pages/base_page.py\", line 35, in element_is_present\n    return Wait(self.driver, self.timeout).until(es.presence_of_element_located(locator))\n           ^^^^^^^^^^^^^^^^^^^^^^^^^^^^^^^^^^^^^^^^^^^^^^^^^^^^^^^^^^^^^^^^^^^^^^^^^^^^^^\n  File \"/opt/hostedtoolcache/Python/3.12.3/x64/lib/python3.12/site-packages/selenium/webdriver/support/wait.py\", line 105, in until\n    raise TimeoutException(message, screen, stacktrace)\n",
    "steps" : [ {
      "name" : "Проверка видимости кнопки 'Принимаю все' в сообщении о принятии файлов cookie",
      "time" : {
        "start" : 1714274085085,
        "stop" : 1714274105498,
        "duration" : 20413
      },
      "status" : "broken",
      "statusMessage" : "selenium.common.exceptions.TimeoutException: Message: \nStacktrace:\n#0 0x5616f3572e33 <unknown>\n#1 0x5616f3262567 <unknown>\n#2 0x5616f32ad27d <unknown>\n#3 0x5616f32ad331 <unknown>\n#4 0x5616f32f0624 <unknown>\n#5 0x5616f32cf38d <unknown>\n#6 0x5616f32edae2 <unknown>\n#7 0x5616f32cf103 <unknown>\n#8 0x5616f32a01ba <unknown>\n#9 0x5616f32a0b8e <unknown>\n#10 0x5616f353759b <unknown>\n#11 0x5616f353b34b <unknown>\n#12 0x5616f3523681 <unknown>\n#13 0x5616f353beb2 <unknown>\n#14 0x5616f35086af <unknown>\n#15 0x5616f3562428 <unknown>\n#16 0x5616f3562600 <unknown>\n#17 0x5616f3571f84 <unknown>\n#18 0x7f5aae094ac3 <unknown>\n\n",
      "statusTrace" : "  File \"/opt/hostedtoolcache/Python/3.12.3/x64/lib/python3.12/site-packages/allure_commons/_allure.py\", line 192, in impl\n    return func(*a, **kw)\n           ^^^^^^^^^^^^^^\n  File \"/home/runner/work/PulseWave/PulseWave/pages/signup_page.py\", line 39, in get_allow_all_cookies\n    return self.element_is_visible(self.locator.ALLOW_ALL_COOKIES)\n           ^^^^^^^^^^^^^^^^^^^^^^^^^^^^^^^^^^^^^^^^^^^^^^^^^^^^^^^\n  File \"/home/runner/work/PulseWave/PulseWave/pages/base_page.py\", line 19, in element_is_visible\n    self.go_to_element(self.element_is_present(locator))\n                       ^^^^^^^^^^^^^^^^^^^^^^^^^^^^^^^^\n  File \"/home/runner/work/PulseWave/PulseWave/pages/base_page.py\", line 35, in element_is_present\n    return Wait(self.driver, self.timeout).until(es.presence_of_element_located(locator))\n           ^^^^^^^^^^^^^^^^^^^^^^^^^^^^^^^^^^^^^^^^^^^^^^^^^^^^^^^^^^^^^^^^^^^^^^^^^^^^^^\n  File \"/opt/hostedtoolcache/Python/3.12.3/x64/lib/python3.12/site-packages/selenium/webdriver/support/wait.py\", line 105, in until\n    raise TimeoutException(message, screen, stacktrace)\n",
      "steps" : [ ],
      "attachments" : [ ],
      "parameters" : [ ],
      "stepsCount" : 0,
      "attachmentsCount" : 0,
      "shouldDisplayMessage" : true,
      "hasContent" : true
    } ],
    "attachments" : [ ],
    "parameters" : [ ],
    "stepsCount" : 1,
    "attachmentsCount" : 0,
    "shouldDisplayMessage" : false,
    "hasContent" : true
  } ],
  "afterStages" : [ {
    "name" : "driver::0",
    "time" : {
      "start" : 1714274105513,
      "stop" : 1714274105571,
      "duration" : 58
    },
    "status" : "passed",
    "steps" : [ ],
    "attachments" : [ ],
    "parameters" : [ ],
    "stepsCount" : 0,
    "attachmentsCount" : 0,
    "shouldDisplayMessage" : false,
    "hasContent" : false
  } ],
  "labels" : [ {
    "name" : "epic",
    "value" : "Тестирование страницы 'Регистрация'"
  }, {
    "name" : "tag",
    "value" : "regress"
  }, {
    "name" : "parentSuite",
    "value" : "tests.test_signup_page"
  }, {
    "name" : "suite",
    "value" : "test_signup_page"
  }, {
    "name" : "subSuite",
    "value" : "TestSignupPage"
  }, {
    "name" : "host",
    "value" : "fv-az1383-514"
  }, {
    "name" : "thread",
    "value" : "2368-MainThread"
  }, {
    "name" : "framework",
    "value" : "pytest"
  }, {
    "name" : "language",
    "value" : "cpython3"
  }, {
    "name" : "package",
    "value" : "tests.test_signup_page.test_signup_page"
  }, {
    "name" : "resultFormat",
    "value" : "allure2"
  } ],
  "parameters" : [ {
    "name" : "browser",
    "value" : "'chrome'"
  }, {
    "name" : "css_property",
    "value" : "'font-family'"
  }, {
    "name" : "figma",
    "value" : "'Mulish, sans-serif'"
  }, {
    "name" : "name",
    "value" : "'шрифта'"
  } ],
  "links" : [ ],
  "hidden" : false,
  "retry" : false,
  "extra" : {
    "severity" : "normal",
    "retries" : [ ],
    "categories" : [ {
      "name" : "Test defects",
      "matchedStatuses" : [ ],
      "flaky" : false
    } ],
    "history" : {
      "statistic" : {
        "failed" : 0,
        "broken" : 1,
        "skipped" : 0,
        "passed" : 11,
        "unknown" : 0,
        "total" : 12
      },
      "items" : [ {
        "uid" : "b2c4acb5537bb68d",
        "reportUrl" : "https://Nat754.github.io/PulseWave/7//#testresult/b2c4acb5537bb68d",
        "status" : "passed",
        "time" : {
          "start" : 1714185321564,
          "stop" : 1714185321598,
          "duration" : 34
        }
      }, {
        "uid" : "59e9d2323b90f4bb",
        "reportUrl" : "https://Nat754.github.io/PulseWave/6//#testresult/59e9d2323b90f4bb",
        "status" : "passed",
        "time" : {
          "start" : 1714148741929,
          "stop" : 1714148741965,
          "duration" : 36
        }
      }, {
        "uid" : "3b0cb20ed2e5011a",
        "reportUrl" : "https://Nat754.github.io/PulseWave/6//#testresult/3b0cb20ed2e5011a",
        "status" : "passed",
        "time" : {
          "start" : 1714098792611,
          "stop" : 1714098792646,
          "duration" : 35
        }
      }, {
        "uid" : "e39be56fe19c25d9",
        "reportUrl" : "https://Nat754.github.io/PulseWave/5//#testresult/e39be56fe19c25d9",
        "status" : "passed",
        "time" : {
          "start" : 1714014641499,
          "stop" : 1714014641538,
          "duration" : 39
        }
      }, {
        "uid" : "161e4fd8bcac71cd",
        "reportUrl" : "https://Nat754.github.io/PulseWave/211//#testresult/161e4fd8bcac71cd",
        "status" : "passed",
        "time" : {
          "start" : 1713946151412,
          "stop" : 1713946151445,
          "duration" : 33
        }
      }, {
        "uid" : "bdfc9a1d39893ae6",
        "reportUrl" : "https://Nat754.github.io/PulseWave/4//#testresult/bdfc9a1d39893ae6",
        "status" : "passed",
        "time" : {
          "start" : 1713925942749,
          "stop" : 1713925942782,
          "duration" : 33
        }
      }, {
        "uid" : "9d2bcf1d72c04333",
        "reportUrl" : "https://Nat754.github.io/PulseWave/211//#testresult/9d2bcf1d72c04333",
        "status" : "passed",
        "time" : {
          "start" : 1713901820804,
          "stop" : 1713901820839,
          "duration" : 35
        }
      }, {
        "uid" : "4d5fe93d88b6b8d",
        "reportUrl" : "https://Nat754.github.io/PulseWave/210//#testresult/4d5fe93d88b6b8d",
        "status" : "passed",
        "time" : {
          "start" : 1713886061820,
          "stop" : 1713886061853,
          "duration" : 33
        }
      }, {
        "uid" : "5e950bdf27b0ff58",
        "reportUrl" : "https://Nat754.github.io/PulseWave/209//#testresult/5e950bdf27b0ff58",
        "status" : "passed",
        "time" : {
          "start" : 1713883949666,
          "stop" : 1713883949699,
          "duration" : 33
        }
      }, {
        "uid" : "bf2fa88311ffc0cc",
        "reportUrl" : "https://Nat754.github.io/PulseWave/209//#testresult/bf2fa88311ffc0cc",
        "status" : "passed",
        "time" : {
          "start" : 1713882479219,
          "stop" : 1713882479253,
          "duration" : 34
        }
      }, {
        "uid" : "ee1b100a27f5af2d",
        "reportUrl" : "https://Nat754.github.io/PulseWave/208//#testresult/ee1b100a27f5af2d",
        "status" : "passed",
        "time" : {
          "start" : 1713879658125,
          "stop" : 1713879658159,
          "duration" : 34
        }
      } ]
    },
    "tags" : [ "regress" ]
  },
  "source" : "d850614901ad2a8b.json",
  "parameterValues" : [ "'chrome'", "'font-family'", "'Mulish, sans-serif'", "'шрифта'" ]
}