{
  "uid" : "df9a068d5c3374e5",
  "name" : "test_get_css_property_header_auth_signup[font-size-18px-\\u0440\\u0430\\u0437\\u043c\\u0435\\u0440\\u0430 \\u0448\\u0440\\u0438\\u0444\\u0442\\u0430-https://pulsewave.ru/auth/login-chrome]",
  "fullName" : "tests.test_header.test_header.TestHeader#test_get_css_property_header_auth_signup",
  "historyId" : "817c0324e251bbc57c0e63a52541b03d",
  "time" : {
    "start" : 1714272695624,
    "stop" : 1714272695624,
    "duration" : 0
  },
  "status" : "broken",
  "statusMessage" : "selenium.common.exceptions.TimeoutException: Message: \nStacktrace:\n#0 0x5654c7615e33 <unknown>\n#1 0x5654c7305567 <unknown>\n#2 0x5654c735027d <unknown>\n#3 0x5654c7350331 <unknown>\n#4 0x5654c7393624 <unknown>\n#5 0x5654c737238d <unknown>\n#6 0x5654c7390ae2 <unknown>\n#7 0x5654c7372103 <unknown>\n#8 0x5654c73431ba <unknown>\n#9 0x5654c7343b8e <unknown>\n#10 0x5654c75da59b <unknown>\n#11 0x5654c75de34b <unknown>\n#12 0x5654c75c6681 <unknown>\n#13 0x5654c75deeb2 <unknown>\n#14 0x5654c75ab6af <unknown>\n#15 0x5654c7605428 <unknown>\n#16 0x5654c7605600 <unknown>\n#17 0x5654c7614f84 <unknown>\n#18 0x7f5c35e94ac3 <unknown>",
  "statusTrace" : "driver = <selenium.webdriver.chrome.webdriver.WebDriver (session=\"3fac94cfb1045b9015883cdc66f9eaed\")>\nurl = 'https://pulsewave.ru/auth/login'\n\n    @pytest.fixture()\n    def header_open(driver, url):\n        page = HeaderPage(driver)\n        driver.get(url)\n>       page.get_allow_all_cookies().click()\n\ntests/test_header/conftest.py:9: \n_ _ _ _ _ _ _ _ _ _ _ _ _ _ _ _ _ _ _ _ _ _ _ _ _ _ _ _ _ _ _ _ _ _ _ _ _ _ _ _ \npages/header.py:33: in get_allow_all_cookies\n    return self.element_is_visible(FooterLocators.ALLOW_ALL_COOKIES)\npages/base_page.py:19: in element_is_visible\n    self.go_to_element(self.element_is_present(locator))\npages/base_page.py:35: in element_is_present\n    return Wait(self.driver, self.timeout).until(es.presence_of_element_located(locator))\n_ _ _ _ _ _ _ _ _ _ _ _ _ _ _ _ _ _ _ _ _ _ _ _ _ _ _ _ _ _ _ _ _ _ _ _ _ _ _ _ \n\nself = <selenium.webdriver.support.wait.WebDriverWait (session=\"3fac94cfb1045b9015883cdc66f9eaed\")>\nmethod = <function presence_of_element_located.<locals>._predicate at 0x7f3f3a717ec0>\nmessage = ''\n\n    def until(self, method: Callable[[D], Union[Literal[False], T]], message: str = \"\") -> T:\n        \"\"\"Calls the method provided with the driver as an argument until the \\\n        return value does not evaluate to ``False``.\n    \n        :param method: callable(WebDriver)\n        :param message: optional message for :exc:`TimeoutException`\n        :returns: the result of the last call to `method`\n        :raises: :exc:`selenium.common.exceptions.TimeoutException` if timeout occurs\n        \"\"\"\n        screen = None\n        stacktrace = None\n    \n        end_time = time.monotonic() + self._timeout\n        while True:\n            try:\n                value = method(self._driver)\n                if value:\n                    return value\n            except self._ignored_exceptions as exc:\n                screen = getattr(exc, \"screen\", None)\n                stacktrace = getattr(exc, \"stacktrace\", None)\n            time.sleep(self._poll)\n            if time.monotonic() > end_time:\n                break\n>       raise TimeoutException(message, screen, stacktrace)\nE       selenium.common.exceptions.TimeoutException: Message: \nE       Stacktrace:\nE       #0 0x5654c7615e33 <unknown>\nE       #1 0x5654c7305567 <unknown>\nE       #2 0x5654c735027d <unknown>\nE       #3 0x5654c7350331 <unknown>\nE       #4 0x5654c7393624 <unknown>\nE       #5 0x5654c737238d <unknown>\nE       #6 0x5654c7390ae2 <unknown>\nE       #7 0x5654c7372103 <unknown>\nE       #8 0x5654c73431ba <unknown>\nE       #9 0x5654c7343b8e <unknown>\nE       #10 0x5654c75da59b <unknown>\nE       #11 0x5654c75de34b <unknown>\nE       #12 0x5654c75c6681 <unknown>\nE       #13 0x5654c75deeb2 <unknown>\nE       #14 0x5654c75ab6af <unknown>\nE       #15 0x5654c7605428 <unknown>\nE       #16 0x5654c7605600 <unknown>\nE       #17 0x5654c7614f84 <unknown>\nE       #18 0x7f5c35e94ac3 <unknown>\n\n/opt/hostedtoolcache/Python/3.12.3/x64/lib/python3.12/site-packages/selenium/webdriver/support/wait.py:105: TimeoutException",
  "flaky" : false,
  "newFailed" : false,
  "beforeStages" : [ {
    "name" : "clear_allure_results_folder",
    "time" : {
      "start" : 1714270943308,
      "stop" : 1714270943308,
      "duration" : 0
    },
    "status" : "passed",
    "steps" : [ ],
    "attachments" : [ ],
    "parameters" : [ ],
    "stepsCount" : 0,
    "attachmentsCount" : 0,
    "shouldDisplayMessage" : false,
    "hasContent" : false
  }, {
    "name" : "_session_faker",
    "time" : {
      "start" : 1714270943291,
      "stop" : 1714270943307,
      "duration" : 16
    },
    "status" : "passed",
    "steps" : [ ],
    "attachments" : [ ],
    "parameters" : [ ],
    "stepsCount" : 0,
    "attachmentsCount" : 0,
    "shouldDisplayMessage" : false,
    "hasContent" : false
  }, {
    "name" : "driver",
    "time" : {
      "start" : 1714272695625,
      "stop" : 1714272695821,
      "duration" : 196
    },
    "status" : "passed",
    "steps" : [ ],
    "attachments" : [ ],
    "parameters" : [ ],
    "stepsCount" : 0,
    "attachmentsCount" : 0,
    "shouldDisplayMessage" : false,
    "hasContent" : false
  }, {
    "name" : "header_open",
    "time" : {
      "start" : 1714272695822,
      "stop" : 1714272716561,
      "duration" : 20739
    },
    "status" : "broken",
    "statusMessage" : "selenium.common.exceptions.TimeoutException: Message: \nStacktrace:\n#0 0x5654c7615e33 <unknown>\n#1 0x5654c7305567 <unknown>\n#2 0x5654c735027d <unknown>\n#3 0x5654c7350331 <unknown>\n#4 0x5654c7393624 <unknown>\n#5 0x5654c737238d <unknown>\n#6 0x5654c7390ae2 <unknown>\n#7 0x5654c7372103 <unknown>\n#8 0x5654c73431ba <unknown>\n#9 0x5654c7343b8e <unknown>\n#10 0x5654c75da59b <unknown>\n#11 0x5654c75de34b <unknown>\n#12 0x5654c75c6681 <unknown>\n#13 0x5654c75deeb2 <unknown>\n#14 0x5654c75ab6af <unknown>\n#15 0x5654c7605428 <unknown>\n#16 0x5654c7605600 <unknown>\n#17 0x5654c7614f84 <unknown>\n#18 0x7f5c35e94ac3 <unknown>\n\n",
    "statusTrace" : "  File \"/opt/hostedtoolcache/Python/3.12.3/x64/lib/python3.12/site-packages/pluggy/_callers.py\", line 167, in _multicall\n    teardown.throw(outcome._exception)\n  File \"/opt/hostedtoolcache/Python/3.12.3/x64/lib/python3.12/site-packages/_pytest/setuponly.py\", line 36, in pytest_fixture_setup\n    return (yield)\n            ^^^^^\n  File \"/opt/hostedtoolcache/Python/3.12.3/x64/lib/python3.12/site-packages/pluggy/_callers.py\", line 103, in _multicall\n    res = hook_impl.function(*args)\n          ^^^^^^^^^^^^^^^^^^^^^^^^^\n  File \"/opt/hostedtoolcache/Python/3.12.3/x64/lib/python3.12/site-packages/_pytest/fixtures.py\", line 1140, in pytest_fixture_setup\n    result = call_fixture_func(fixturefunc, request, kwargs)\n             ^^^^^^^^^^^^^^^^^^^^^^^^^^^^^^^^^^^^^^^^^^^^^^^\n  File \"/opt/hostedtoolcache/Python/3.12.3/x64/lib/python3.12/site-packages/_pytest/fixtures.py\", line 917, in call_fixture_func\n    fixture_result = fixturefunc(**kwargs)\n                     ^^^^^^^^^^^^^^^^^^^^^\n  File \"/home/runner/work/PulseWave/PulseWave/tests/test_header/conftest.py\", line 9, in header_open\n    page.get_allow_all_cookies().click()\n    ^^^^^^^^^^^^^^^^^^^^^^^^^^^^\n  File \"/opt/hostedtoolcache/Python/3.12.3/x64/lib/python3.12/site-packages/allure_commons/_allure.py\", line 192, in impl\n    return func(*a, **kw)\n           ^^^^^^^^^^^^^^\n  File \"/home/runner/work/PulseWave/PulseWave/pages/header.py\", line 33, in get_allow_all_cookies\n    return self.element_is_visible(FooterLocators.ALLOW_ALL_COOKIES)\n           ^^^^^^^^^^^^^^^^^^^^^^^^^^^^^^^^^^^^^^^^^^^^^^^^^^^^^^^^^\n  File \"/home/runner/work/PulseWave/PulseWave/pages/base_page.py\", line 19, in element_is_visible\n    self.go_to_element(self.element_is_present(locator))\n                       ^^^^^^^^^^^^^^^^^^^^^^^^^^^^^^^^\n  File \"/home/runner/work/PulseWave/PulseWave/pages/base_page.py\", line 35, in element_is_present\n    return Wait(self.driver, self.timeout).until(es.presence_of_element_located(locator))\n           ^^^^^^^^^^^^^^^^^^^^^^^^^^^^^^^^^^^^^^^^^^^^^^^^^^^^^^^^^^^^^^^^^^^^^^^^^^^^^^\n  File \"/opt/hostedtoolcache/Python/3.12.3/x64/lib/python3.12/site-packages/selenium/webdriver/support/wait.py\", line 105, in until\n    raise TimeoutException(message, screen, stacktrace)\n",
    "steps" : [ {
      "name" : "Проверка видимости кнопки 'Принимаю всё' в сообщении о принятии файлов cookie на Главной странице",
      "time" : {
        "start" : 1714272696143,
        "stop" : 1714272716560,
        "duration" : 20417
      },
      "status" : "broken",
      "statusMessage" : "selenium.common.exceptions.TimeoutException: Message: \nStacktrace:\n#0 0x5654c7615e33 <unknown>\n#1 0x5654c7305567 <unknown>\n#2 0x5654c735027d <unknown>\n#3 0x5654c7350331 <unknown>\n#4 0x5654c7393624 <unknown>\n#5 0x5654c737238d <unknown>\n#6 0x5654c7390ae2 <unknown>\n#7 0x5654c7372103 <unknown>\n#8 0x5654c73431ba <unknown>\n#9 0x5654c7343b8e <unknown>\n#10 0x5654c75da59b <unknown>\n#11 0x5654c75de34b <unknown>\n#12 0x5654c75c6681 <unknown>\n#13 0x5654c75deeb2 <unknown>\n#14 0x5654c75ab6af <unknown>\n#15 0x5654c7605428 <unknown>\n#16 0x5654c7605600 <unknown>\n#17 0x5654c7614f84 <unknown>\n#18 0x7f5c35e94ac3 <unknown>\n\n",
      "statusTrace" : "  File \"/opt/hostedtoolcache/Python/3.12.3/x64/lib/python3.12/site-packages/allure_commons/_allure.py\", line 192, in impl\n    return func(*a, **kw)\n           ^^^^^^^^^^^^^^\n  File \"/home/runner/work/PulseWave/PulseWave/pages/header.py\", line 33, in get_allow_all_cookies\n    return self.element_is_visible(FooterLocators.ALLOW_ALL_COOKIES)\n           ^^^^^^^^^^^^^^^^^^^^^^^^^^^^^^^^^^^^^^^^^^^^^^^^^^^^^^^^^\n  File \"/home/runner/work/PulseWave/PulseWave/pages/base_page.py\", line 19, in element_is_visible\n    self.go_to_element(self.element_is_present(locator))\n                       ^^^^^^^^^^^^^^^^^^^^^^^^^^^^^^^^\n  File \"/home/runner/work/PulseWave/PulseWave/pages/base_page.py\", line 35, in element_is_present\n    return Wait(self.driver, self.timeout).until(es.presence_of_element_located(locator))\n           ^^^^^^^^^^^^^^^^^^^^^^^^^^^^^^^^^^^^^^^^^^^^^^^^^^^^^^^^^^^^^^^^^^^^^^^^^^^^^^\n  File \"/opt/hostedtoolcache/Python/3.12.3/x64/lib/python3.12/site-packages/selenium/webdriver/support/wait.py\", line 105, in until\n    raise TimeoutException(message, screen, stacktrace)\n",
      "steps" : [ ],
      "attachments" : [ ],
      "parameters" : [ ],
      "stepsCount" : 0,
      "attachmentsCount" : 0,
      "shouldDisplayMessage" : true,
      "hasContent" : true
    } ],
    "attachments" : [ ],
    "parameters" : [ ],
    "stepsCount" : 1,
    "attachmentsCount" : 0,
    "shouldDisplayMessage" : false,
    "hasContent" : true
  } ],
  "afterStages" : [ {
    "name" : "driver::0",
    "time" : {
      "start" : 1714272716573,
      "stop" : 1714272716631,
      "duration" : 58
    },
    "status" : "passed",
    "steps" : [ ],
    "attachments" : [ ],
    "parameters" : [ ],
    "stepsCount" : 0,
    "attachmentsCount" : 0,
    "shouldDisplayMessage" : false,
    "hasContent" : false
  } ],
  "labels" : [ {
    "name" : "epic",
    "value" : "Тестирование Хедера"
  }, {
    "name" : "tag",
    "value" : "regress"
  }, {
    "name" : "parentSuite",
    "value" : "tests.test_header"
  }, {
    "name" : "suite",
    "value" : "test_header"
  }, {
    "name" : "subSuite",
    "value" : "TestHeader"
  }, {
    "name" : "host",
    "value" : "fv-az1383-514"
  }, {
    "name" : "thread",
    "value" : "2368-MainThread"
  }, {
    "name" : "framework",
    "value" : "pytest"
  }, {
    "name" : "language",
    "value" : "cpython3"
  }, {
    "name" : "package",
    "value" : "tests.test_header.test_header"
  }, {
    "name" : "resultFormat",
    "value" : "allure2"
  } ],
  "parameters" : [ {
    "name" : "browser",
    "value" : "'chrome'"
  }, {
    "name" : "css_property",
    "value" : "'font-size'"
  }, {
    "name" : "figma",
    "value" : "'18px'"
  }, {
    "name" : "name",
    "value" : "'размера шрифта'"
  }, {
    "name" : "url",
    "value" : "'https://pulsewave.ru/auth/login'"
  } ],
  "links" : [ ],
  "hidden" : false,
  "retry" : false,
  "extra" : {
    "severity" : "normal",
    "retries" : [ ],
    "categories" : [ {
      "name" : "Test defects",
      "matchedStatuses" : [ ],
      "flaky" : false
    } ],
    "history" : {
      "statistic" : {
        "failed" : 0,
        "broken" : 1,
        "skipped" : 0,
        "passed" : 11,
        "unknown" : 0,
        "total" : 12
      },
      "items" : [ {
        "uid" : "5d71908c98f9ea90",
        "reportUrl" : "https://Nat754.github.io/PulseWave/7//#testresult/5d71908c98f9ea90",
        "status" : "passed",
        "time" : {
          "start" : 1714184988461,
          "stop" : 1714184988496,
          "duration" : 35
        }
      }, {
        "uid" : "7a7aed59d839be93",
        "reportUrl" : "https://Nat754.github.io/PulseWave/6//#testresult/7a7aed59d839be93",
        "status" : "passed",
        "time" : {
          "start" : 1714148456592,
          "stop" : 1714148456628,
          "duration" : 36
        }
      }, {
        "uid" : "5619b7db0b2f499c",
        "reportUrl" : "https://Nat754.github.io/PulseWave/6//#testresult/5619b7db0b2f499c",
        "status" : "passed",
        "time" : {
          "start" : 1714098506664,
          "stop" : 1714098506699,
          "duration" : 35
        }
      }, {
        "uid" : "cce1921754e4691f",
        "reportUrl" : "https://Nat754.github.io/PulseWave/5//#testresult/cce1921754e4691f",
        "status" : "passed",
        "time" : {
          "start" : 1714014387725,
          "stop" : 1714014387760,
          "duration" : 35
        }
      }, {
        "uid" : "7922f2699431e1fa",
        "reportUrl" : "https://Nat754.github.io/PulseWave/211//#testresult/7922f2699431e1fa",
        "status" : "passed",
        "time" : {
          "start" : 1713945883034,
          "stop" : 1713945883067,
          "duration" : 33
        }
      }, {
        "uid" : "87f08044234b93f7",
        "reportUrl" : "https://Nat754.github.io/PulseWave/4//#testresult/87f08044234b93f7",
        "status" : "passed",
        "time" : {
          "start" : 1713925675913,
          "stop" : 1713925675946,
          "duration" : 33
        }
      }, {
        "uid" : "26eb4e6df424d788",
        "reportUrl" : "https://Nat754.github.io/PulseWave/211//#testresult/26eb4e6df424d788",
        "status" : "passed",
        "time" : {
          "start" : 1713901529433,
          "stop" : 1713901529468,
          "duration" : 35
        }
      }, {
        "uid" : "3f32683d2b54ee8f",
        "reportUrl" : "https://Nat754.github.io/PulseWave/210//#testresult/3f32683d2b54ee8f",
        "status" : "passed",
        "time" : {
          "start" : 1713885727212,
          "stop" : 1713885727248,
          "duration" : 36
        }
      }, {
        "uid" : "2db7df08a42904aa",
        "reportUrl" : "https://Nat754.github.io/PulseWave/209//#testresult/2db7df08a42904aa",
        "status" : "passed",
        "time" : {
          "start" : 1713883623660,
          "stop" : 1713883623694,
          "duration" : 34
        }
      }, {
        "uid" : "22aaf0403c115343",
        "reportUrl" : "https://Nat754.github.io/PulseWave/209//#testresult/22aaf0403c115343",
        "status" : "passed",
        "time" : {
          "start" : 1713882142897,
          "stop" : 1713882142932,
          "duration" : 35
        }
      }, {
        "uid" : "c83ce92681571f3a",
        "reportUrl" : "https://Nat754.github.io/PulseWave/208//#testresult/c83ce92681571f3a",
        "status" : "passed",
        "time" : {
          "start" : 1713879321601,
          "stop" : 1713879321638,
          "duration" : 37
        }
      } ]
    },
    "tags" : [ "regress" ]
  },
  "source" : "df9a068d5c3374e5.json",
  "parameterValues" : [ "'chrome'", "'font-size'", "'18px'", "'размера шрифта'", "'https://pulsewave.ru/auth/login'" ]
}