{
  "uid" : "e60c04c8dd503e73",
  "name" : "Проверка текста кнопки 'Регистрация'",
  "fullName" : "tests.test_header.test_header.TestHeader#test_get_text_header_auth_signup",
  "historyId" : "c667d8569fcc33de3f9c11351dc161ae",
  "time" : {
    "start" : 1714272254602,
    "stop" : 1714272254602,
    "duration" : 0
  },
  "status" : "broken",
  "statusMessage" : "selenium.common.exceptions.TimeoutException: Message: \nStacktrace:\n#0 0x55f733d38e33 <unknown>\n#1 0x55f733a28567 <unknown>\n#2 0x55f733a7327d <unknown>\n#3 0x55f733a73331 <unknown>\n#4 0x55f733ab6624 <unknown>\n#5 0x55f733a9538d <unknown>\n#6 0x55f733ab3ae2 <unknown>\n#7 0x55f733a95103 <unknown>\n#8 0x55f733a661ba <unknown>\n#9 0x55f733a66b8e <unknown>\n#10 0x55f733cfd59b <unknown>\n#11 0x55f733d0134b <unknown>\n#12 0x55f733ce9681 <unknown>\n#13 0x55f733d01eb2 <unknown>\n#14 0x55f733cce6af <unknown>\n#15 0x55f733d28428 <unknown>\n#16 0x55f733d28600 <unknown>\n#17 0x55f733d37f84 <unknown>\n#18 0x7f3de4c94ac3 <unknown>",
  "statusTrace" : "driver = <selenium.webdriver.chrome.webdriver.WebDriver (session=\"e2fdbd32b1993398192b10eaeffc0722\")>\nurl = 'https://pulsewave.ru/auth/login'\n\n    @pytest.fixture()\n    def header_open(driver, url):\n        page = HeaderPage(driver)\n        driver.get(url)\n>       page.get_allow_all_cookies().click()\n\ntests/test_header/conftest.py:9: \n_ _ _ _ _ _ _ _ _ _ _ _ _ _ _ _ _ _ _ _ _ _ _ _ _ _ _ _ _ _ _ _ _ _ _ _ _ _ _ _ \npages/header.py:33: in get_allow_all_cookies\n    return self.element_is_visible(FooterLocators.ALLOW_ALL_COOKIES)\npages/base_page.py:19: in element_is_visible\n    self.go_to_element(self.element_is_present(locator))\npages/base_page.py:35: in element_is_present\n    return Wait(self.driver, self.timeout).until(es.presence_of_element_located(locator))\n_ _ _ _ _ _ _ _ _ _ _ _ _ _ _ _ _ _ _ _ _ _ _ _ _ _ _ _ _ _ _ _ _ _ _ _ _ _ _ _ \n\nself = <selenium.webdriver.support.wait.WebDriverWait (session=\"e2fdbd32b1993398192b10eaeffc0722\")>\nmethod = <function presence_of_element_located.<locals>._predicate at 0x7f3f38e92de0>\nmessage = ''\n\n    def until(self, method: Callable[[D], Union[Literal[False], T]], message: str = \"\") -> T:\n        \"\"\"Calls the method provided with the driver as an argument until the \\\n        return value does not evaluate to ``False``.\n    \n        :param method: callable(WebDriver)\n        :param message: optional message for :exc:`TimeoutException`\n        :returns: the result of the last call to `method`\n        :raises: :exc:`selenium.common.exceptions.TimeoutException` if timeout occurs\n        \"\"\"\n        screen = None\n        stacktrace = None\n    \n        end_time = time.monotonic() + self._timeout\n        while True:\n            try:\n                value = method(self._driver)\n                if value:\n                    return value\n            except self._ignored_exceptions as exc:\n                screen = getattr(exc, \"screen\", None)\n                stacktrace = getattr(exc, \"stacktrace\", None)\n            time.sleep(self._poll)\n            if time.monotonic() > end_time:\n                break\n>       raise TimeoutException(message, screen, stacktrace)\nE       selenium.common.exceptions.TimeoutException: Message: \nE       Stacktrace:\nE       #0 0x55f733d38e33 <unknown>\nE       #1 0x55f733a28567 <unknown>\nE       #2 0x55f733a7327d <unknown>\nE       #3 0x55f733a73331 <unknown>\nE       #4 0x55f733ab6624 <unknown>\nE       #5 0x55f733a9538d <unknown>\nE       #6 0x55f733ab3ae2 <unknown>\nE       #7 0x55f733a95103 <unknown>\nE       #8 0x55f733a661ba <unknown>\nE       #9 0x55f733a66b8e <unknown>\nE       #10 0x55f733cfd59b <unknown>\nE       #11 0x55f733d0134b <unknown>\nE       #12 0x55f733ce9681 <unknown>\nE       #13 0x55f733d01eb2 <unknown>\nE       #14 0x55f733cce6af <unknown>\nE       #15 0x55f733d28428 <unknown>\nE       #16 0x55f733d28600 <unknown>\nE       #17 0x55f733d37f84 <unknown>\nE       #18 0x7f3de4c94ac3 <unknown>\n\n/opt/hostedtoolcache/Python/3.12.3/x64/lib/python3.12/site-packages/selenium/webdriver/support/wait.py:105: TimeoutException",
  "flaky" : false,
  "newFailed" : false,
  "beforeStages" : [ {
    "name" : "clear_allure_results_folder",
    "time" : {
      "start" : 1714270943308,
      "stop" : 1714270943308,
      "duration" : 0
    },
    "status" : "passed",
    "steps" : [ ],
    "attachments" : [ ],
    "parameters" : [ ],
    "stepsCount" : 0,
    "attachmentsCount" : 0,
    "shouldDisplayMessage" : false,
    "hasContent" : false
  }, {
    "name" : "_session_faker",
    "time" : {
      "start" : 1714270943291,
      "stop" : 1714270943307,
      "duration" : 16
    },
    "status" : "passed",
    "steps" : [ ],
    "attachments" : [ ],
    "parameters" : [ ],
    "stepsCount" : 0,
    "attachmentsCount" : 0,
    "shouldDisplayMessage" : false,
    "hasContent" : false
  }, {
    "name" : "header_open",
    "time" : {
      "start" : 1714272254798,
      "stop" : 1714272275528,
      "duration" : 20730
    },
    "status" : "broken",
    "statusMessage" : "selenium.common.exceptions.TimeoutException: Message: \nStacktrace:\n#0 0x55f733d38e33 <unknown>\n#1 0x55f733a28567 <unknown>\n#2 0x55f733a7327d <unknown>\n#3 0x55f733a73331 <unknown>\n#4 0x55f733ab6624 <unknown>\n#5 0x55f733a9538d <unknown>\n#6 0x55f733ab3ae2 <unknown>\n#7 0x55f733a95103 <unknown>\n#8 0x55f733a661ba <unknown>\n#9 0x55f733a66b8e <unknown>\n#10 0x55f733cfd59b <unknown>\n#11 0x55f733d0134b <unknown>\n#12 0x55f733ce9681 <unknown>\n#13 0x55f733d01eb2 <unknown>\n#14 0x55f733cce6af <unknown>\n#15 0x55f733d28428 <unknown>\n#16 0x55f733d28600 <unknown>\n#17 0x55f733d37f84 <unknown>\n#18 0x7f3de4c94ac3 <unknown>\n\n",
    "statusTrace" : "  File \"/opt/hostedtoolcache/Python/3.12.3/x64/lib/python3.12/site-packages/pluggy/_callers.py\", line 167, in _multicall\n    teardown.throw(outcome._exception)\n  File \"/opt/hostedtoolcache/Python/3.12.3/x64/lib/python3.12/site-packages/_pytest/setuponly.py\", line 36, in pytest_fixture_setup\n    return (yield)\n            ^^^^^\n  File \"/opt/hostedtoolcache/Python/3.12.3/x64/lib/python3.12/site-packages/pluggy/_callers.py\", line 103, in _multicall\n    res = hook_impl.function(*args)\n          ^^^^^^^^^^^^^^^^^^^^^^^^^\n  File \"/opt/hostedtoolcache/Python/3.12.3/x64/lib/python3.12/site-packages/_pytest/fixtures.py\", line 1140, in pytest_fixture_setup\n    result = call_fixture_func(fixturefunc, request, kwargs)\n             ^^^^^^^^^^^^^^^^^^^^^^^^^^^^^^^^^^^^^^^^^^^^^^^\n  File \"/opt/hostedtoolcache/Python/3.12.3/x64/lib/python3.12/site-packages/_pytest/fixtures.py\", line 917, in call_fixture_func\n    fixture_result = fixturefunc(**kwargs)\n                     ^^^^^^^^^^^^^^^^^^^^^\n  File \"/home/runner/work/PulseWave/PulseWave/tests/test_header/conftest.py\", line 9, in header_open\n    page.get_allow_all_cookies().click()\n    ^^^^^^^^^^^^^^^^^^^^^^^^^^^^\n  File \"/opt/hostedtoolcache/Python/3.12.3/x64/lib/python3.12/site-packages/allure_commons/_allure.py\", line 192, in impl\n    return func(*a, **kw)\n           ^^^^^^^^^^^^^^\n  File \"/home/runner/work/PulseWave/PulseWave/pages/header.py\", line 33, in get_allow_all_cookies\n    return self.element_is_visible(FooterLocators.ALLOW_ALL_COOKIES)\n           ^^^^^^^^^^^^^^^^^^^^^^^^^^^^^^^^^^^^^^^^^^^^^^^^^^^^^^^^^\n  File \"/home/runner/work/PulseWave/PulseWave/pages/base_page.py\", line 19, in element_is_visible\n    self.go_to_element(self.element_is_present(locator))\n                       ^^^^^^^^^^^^^^^^^^^^^^^^^^^^^^^^\n  File \"/home/runner/work/PulseWave/PulseWave/pages/base_page.py\", line 35, in element_is_present\n    return Wait(self.driver, self.timeout).until(es.presence_of_element_located(locator))\n           ^^^^^^^^^^^^^^^^^^^^^^^^^^^^^^^^^^^^^^^^^^^^^^^^^^^^^^^^^^^^^^^^^^^^^^^^^^^^^^\n  File \"/opt/hostedtoolcache/Python/3.12.3/x64/lib/python3.12/site-packages/selenium/webdriver/support/wait.py\", line 105, in until\n    raise TimeoutException(message, screen, stacktrace)\n",
    "steps" : [ {
      "name" : "Проверка видимости кнопки 'Принимаю всё' в сообщении о принятии файлов cookie на Главной странице",
      "time" : {
        "start" : 1714272255116,
        "stop" : 1714272275528,
        "duration" : 20412
      },
      "status" : "broken",
      "statusMessage" : "selenium.common.exceptions.TimeoutException: Message: \nStacktrace:\n#0 0x55f733d38e33 <unknown>\n#1 0x55f733a28567 <unknown>\n#2 0x55f733a7327d <unknown>\n#3 0x55f733a73331 <unknown>\n#4 0x55f733ab6624 <unknown>\n#5 0x55f733a9538d <unknown>\n#6 0x55f733ab3ae2 <unknown>\n#7 0x55f733a95103 <unknown>\n#8 0x55f733a661ba <unknown>\n#9 0x55f733a66b8e <unknown>\n#10 0x55f733cfd59b <unknown>\n#11 0x55f733d0134b <unknown>\n#12 0x55f733ce9681 <unknown>\n#13 0x55f733d01eb2 <unknown>\n#14 0x55f733cce6af <unknown>\n#15 0x55f733d28428 <unknown>\n#16 0x55f733d28600 <unknown>\n#17 0x55f733d37f84 <unknown>\n#18 0x7f3de4c94ac3 <unknown>\n\n",
      "statusTrace" : "  File \"/opt/hostedtoolcache/Python/3.12.3/x64/lib/python3.12/site-packages/allure_commons/_allure.py\", line 192, in impl\n    return func(*a, **kw)\n           ^^^^^^^^^^^^^^\n  File \"/home/runner/work/PulseWave/PulseWave/pages/header.py\", line 33, in get_allow_all_cookies\n    return self.element_is_visible(FooterLocators.ALLOW_ALL_COOKIES)\n           ^^^^^^^^^^^^^^^^^^^^^^^^^^^^^^^^^^^^^^^^^^^^^^^^^^^^^^^^^\n  File \"/home/runner/work/PulseWave/PulseWave/pages/base_page.py\", line 19, in element_is_visible\n    self.go_to_element(self.element_is_present(locator))\n                       ^^^^^^^^^^^^^^^^^^^^^^^^^^^^^^^^\n  File \"/home/runner/work/PulseWave/PulseWave/pages/base_page.py\", line 35, in element_is_present\n    return Wait(self.driver, self.timeout).until(es.presence_of_element_located(locator))\n           ^^^^^^^^^^^^^^^^^^^^^^^^^^^^^^^^^^^^^^^^^^^^^^^^^^^^^^^^^^^^^^^^^^^^^^^^^^^^^^\n  File \"/opt/hostedtoolcache/Python/3.12.3/x64/lib/python3.12/site-packages/selenium/webdriver/support/wait.py\", line 105, in until\n    raise TimeoutException(message, screen, stacktrace)\n",
      "steps" : [ ],
      "attachments" : [ ],
      "parameters" : [ ],
      "stepsCount" : 0,
      "attachmentsCount" : 0,
      "shouldDisplayMessage" : true,
      "hasContent" : true
    } ],
    "attachments" : [ ],
    "parameters" : [ ],
    "stepsCount" : 1,
    "attachmentsCount" : 0,
    "shouldDisplayMessage" : false,
    "hasContent" : true
  }, {
    "name" : "driver",
    "time" : {
      "start" : 1714272254603,
      "stop" : 1714272254798,
      "duration" : 195
    },
    "status" : "passed",
    "steps" : [ ],
    "attachments" : [ ],
    "parameters" : [ ],
    "stepsCount" : 0,
    "attachmentsCount" : 0,
    "shouldDisplayMessage" : false,
    "hasContent" : false
  } ],
  "afterStages" : [ {
    "name" : "driver::0",
    "time" : {
      "start" : 1714272275541,
      "stop" : 1714272275599,
      "duration" : 58
    },
    "status" : "passed",
    "steps" : [ ],
    "attachments" : [ ],
    "parameters" : [ ],
    "stepsCount" : 0,
    "attachmentsCount" : 0,
    "shouldDisplayMessage" : false,
    "hasContent" : false
  } ],
  "labels" : [ {
    "name" : "epic",
    "value" : "Тестирование Хедера"
  }, {
    "name" : "tag",
    "value" : "regress"
  }, {
    "name" : "parentSuite",
    "value" : "tests.test_header"
  }, {
    "name" : "suite",
    "value" : "test_header"
  }, {
    "name" : "subSuite",
    "value" : "TestHeader"
  }, {
    "name" : "host",
    "value" : "fv-az1383-514"
  }, {
    "name" : "thread",
    "value" : "2368-MainThread"
  }, {
    "name" : "framework",
    "value" : "pytest"
  }, {
    "name" : "language",
    "value" : "cpython3"
  }, {
    "name" : "package",
    "value" : "tests.test_header.test_header"
  }, {
    "name" : "resultFormat",
    "value" : "allure2"
  } ],
  "parameters" : [ {
    "name" : "browser",
    "value" : "'chrome'"
  }, {
    "name" : "url",
    "value" : "'https://pulsewave.ru/auth/login'"
  } ],
  "links" : [ ],
  "hidden" : false,
  "retry" : false,
  "extra" : {
    "severity" : "normal",
    "retries" : [ ],
    "categories" : [ {
      "name" : "Test defects",
      "matchedStatuses" : [ ],
      "flaky" : false
    } ],
    "history" : {
      "statistic" : {
        "failed" : 0,
        "broken" : 1,
        "skipped" : 0,
        "passed" : 11,
        "unknown" : 0,
        "total" : 12
      },
      "items" : [ {
        "uid" : "c11718d76277fdc5",
        "reportUrl" : "https://Nat754.github.io/PulseWave/7//#testresult/c11718d76277fdc5",
        "status" : "passed",
        "time" : {
          "start" : 1714184911706,
          "stop" : 1714184911745,
          "duration" : 39
        }
      }, {
        "uid" : "7f49ded9253df1b6",
        "reportUrl" : "https://Nat754.github.io/PulseWave/6//#testresult/7f49ded9253df1b6",
        "status" : "passed",
        "time" : {
          "start" : 1714148393634,
          "stop" : 1714148393674,
          "duration" : 40
        }
      }, {
        "uid" : "53bd1ec50293b571",
        "reportUrl" : "https://Nat754.github.io/PulseWave/6//#testresult/53bd1ec50293b571",
        "status" : "passed",
        "time" : {
          "start" : 1714098441599,
          "stop" : 1714098441638,
          "duration" : 39
        }
      }, {
        "uid" : "dc8ef843e8712679",
        "reportUrl" : "https://Nat754.github.io/PulseWave/5//#testresult/dc8ef843e8712679",
        "status" : "passed",
        "time" : {
          "start" : 1714014333514,
          "stop" : 1714014333552,
          "duration" : 38
        }
      }, {
        "uid" : "68b04bc8c52f0e88",
        "reportUrl" : "https://Nat754.github.io/PulseWave/211//#testresult/68b04bc8c52f0e88",
        "status" : "passed",
        "time" : {
          "start" : 1713945824833,
          "stop" : 1713945824873,
          "duration" : 40
        }
      }, {
        "uid" : "d0a557ec410fa978",
        "reportUrl" : "https://Nat754.github.io/PulseWave/4//#testresult/d0a557ec410fa978",
        "status" : "passed",
        "time" : {
          "start" : 1713925617519,
          "stop" : 1713925617558,
          "duration" : 39
        }
      }, {
        "uid" : "d37a208fed02e0ca",
        "reportUrl" : "https://Nat754.github.io/PulseWave/211//#testresult/d37a208fed02e0ca",
        "status" : "passed",
        "time" : {
          "start" : 1713901463669,
          "stop" : 1713901463709,
          "duration" : 40
        }
      }, {
        "uid" : "43f45d4f1a0ac768",
        "reportUrl" : "https://Nat754.github.io/PulseWave/210//#testresult/43f45d4f1a0ac768",
        "status" : "passed",
        "time" : {
          "start" : 1713885647207,
          "stop" : 1713885647250,
          "duration" : 43
        }
      }, {
        "uid" : "23c788018d7db754",
        "reportUrl" : "https://Nat754.github.io/PulseWave/209//#testresult/23c788018d7db754",
        "status" : "passed",
        "time" : {
          "start" : 1713883549178,
          "stop" : 1713883549218,
          "duration" : 40
        }
      }, {
        "uid" : "c156db0b6bc76372",
        "reportUrl" : "https://Nat754.github.io/PulseWave/209//#testresult/c156db0b6bc76372",
        "status" : "passed",
        "time" : {
          "start" : 1713882062654,
          "stop" : 1713882062693,
          "duration" : 39
        }
      }, {
        "uid" : "d16d81f09bfc0605",
        "reportUrl" : "https://Nat754.github.io/PulseWave/208//#testresult/d16d81f09bfc0605",
        "status" : "passed",
        "time" : {
          "start" : 1713879237839,
          "stop" : 1713879237880,
          "duration" : 41
        }
      } ]
    },
    "tags" : [ "regress" ]
  },
  "source" : "e60c04c8dd503e73.json",
  "parameterValues" : [ "'chrome'", "'https://pulsewave.ru/auth/login'" ]
}