{
  "uid" : "e986134120e1ec19",
  "name" : "test_get_css_property_footer_cooperation[font-size-16px-\\u0440\\u0430\\u0437\\u043c\\u0435\\u0440\\u0430 \\u0448\\u0440\\u0438\\u0444\\u0442\\u0430-https://pulsewave.ru/auth/login-chrome]",
  "fullName" : "tests.test_footer.test_footer.TestFooter#test_get_css_property_footer_cooperation",
  "historyId" : "d87592b0e58d8a472ddf84a8180ec557",
  "time" : {
    "start" : 1714271855587,
    "stop" : 1714271855587,
    "duration" : 0
  },
  "status" : "broken",
  "statusMessage" : "selenium.common.exceptions.TimeoutException: Message: \nStacktrace:\n#0 0x559cd29f7e33 <unknown>\n#1 0x559cd26e7567 <unknown>\n#2 0x559cd273227d <unknown>\n#3 0x559cd2732331 <unknown>\n#4 0x559cd2775624 <unknown>\n#5 0x559cd275438d <unknown>\n#6 0x559cd2772ae2 <unknown>\n#7 0x559cd2754103 <unknown>\n#8 0x559cd27251ba <unknown>\n#9 0x559cd2725b8e <unknown>\n#10 0x559cd29bc59b <unknown>\n#11 0x559cd29c034b <unknown>\n#12 0x559cd29a8681 <unknown>\n#13 0x559cd29c0eb2 <unknown>\n#14 0x559cd298d6af <unknown>\n#15 0x559cd29e7428 <unknown>\n#16 0x559cd29e7600 <unknown>\n#17 0x559cd29f6f84 <unknown>\n#18 0x7f2f77894ac3 <unknown>",
  "statusTrace" : "driver = <selenium.webdriver.chrome.webdriver.WebDriver (session=\"3f6d615c0bbc68d3fe3f381461f82dad\")>\nurl = 'https://pulsewave.ru/auth/login'\n\n    @pytest.fixture()\n    def footer_open(driver, url):\n        page = FooterPage(driver)\n        driver.get(url)\n>       page.get_cookies_link()\n\ntests/test_footer/conftest.py:9: \n_ _ _ _ _ _ _ _ _ _ _ _ _ _ _ _ _ _ _ _ _ _ _ _ _ _ _ _ _ _ _ _ _ _ _ _ _ _ _ _ \npages/footer.py:44: in get_cookies_link\n    return self.element_is_visible(self.locator.COOKIES_LINK).click()\npages/base_page.py:19: in element_is_visible\n    self.go_to_element(self.element_is_present(locator))\npages/base_page.py:35: in element_is_present\n    return Wait(self.driver, self.timeout).until(es.presence_of_element_located(locator))\n_ _ _ _ _ _ _ _ _ _ _ _ _ _ _ _ _ _ _ _ _ _ _ _ _ _ _ _ _ _ _ _ _ _ _ _ _ _ _ _ \n\nself = <selenium.webdriver.support.wait.WebDriverWait (session=\"3f6d615c0bbc68d3fe3f381461f82dad\")>\nmethod = <function presence_of_element_located.<locals>._predicate at 0x7f3f3a7145e0>\nmessage = ''\n\n    def until(self, method: Callable[[D], Union[Literal[False], T]], message: str = \"\") -> T:\n        \"\"\"Calls the method provided with the driver as an argument until the \\\n        return value does not evaluate to ``False``.\n    \n        :param method: callable(WebDriver)\n        :param message: optional message for :exc:`TimeoutException`\n        :returns: the result of the last call to `method`\n        :raises: :exc:`selenium.common.exceptions.TimeoutException` if timeout occurs\n        \"\"\"\n        screen = None\n        stacktrace = None\n    \n        end_time = time.monotonic() + self._timeout\n        while True:\n            try:\n                value = method(self._driver)\n                if value:\n                    return value\n            except self._ignored_exceptions as exc:\n                screen = getattr(exc, \"screen\", None)\n                stacktrace = getattr(exc, \"stacktrace\", None)\n            time.sleep(self._poll)\n            if time.monotonic() > end_time:\n                break\n>       raise TimeoutException(message, screen, stacktrace)\nE       selenium.common.exceptions.TimeoutException: Message: \nE       Stacktrace:\nE       #0 0x559cd29f7e33 <unknown>\nE       #1 0x559cd26e7567 <unknown>\nE       #2 0x559cd273227d <unknown>\nE       #3 0x559cd2732331 <unknown>\nE       #4 0x559cd2775624 <unknown>\nE       #5 0x559cd275438d <unknown>\nE       #6 0x559cd2772ae2 <unknown>\nE       #7 0x559cd2754103 <unknown>\nE       #8 0x559cd27251ba <unknown>\nE       #9 0x559cd2725b8e <unknown>\nE       #10 0x559cd29bc59b <unknown>\nE       #11 0x559cd29c034b <unknown>\nE       #12 0x559cd29a8681 <unknown>\nE       #13 0x559cd29c0eb2 <unknown>\nE       #14 0x559cd298d6af <unknown>\nE       #15 0x559cd29e7428 <unknown>\nE       #16 0x559cd29e7600 <unknown>\nE       #17 0x559cd29f6f84 <unknown>\nE       #18 0x7f2f77894ac3 <unknown>\n\n/opt/hostedtoolcache/Python/3.12.3/x64/lib/python3.12/site-packages/selenium/webdriver/support/wait.py:105: TimeoutException",
  "flaky" : false,
  "newFailed" : false,
  "beforeStages" : [ {
    "name" : "clear_allure_results_folder",
    "time" : {
      "start" : 1714270943308,
      "stop" : 1714270943308,
      "duration" : 0
    },
    "status" : "passed",
    "steps" : [ ],
    "attachments" : [ ],
    "parameters" : [ ],
    "stepsCount" : 0,
    "attachmentsCount" : 0,
    "shouldDisplayMessage" : false,
    "hasContent" : false
  }, {
    "name" : "_session_faker",
    "time" : {
      "start" : 1714270943291,
      "stop" : 1714270943307,
      "duration" : 16
    },
    "status" : "passed",
    "steps" : [ ],
    "attachments" : [ ],
    "parameters" : [ ],
    "stepsCount" : 0,
    "attachmentsCount" : 0,
    "shouldDisplayMessage" : false,
    "hasContent" : false
  }, {
    "name" : "driver",
    "time" : {
      "start" : 1714271855588,
      "stop" : 1714271855784,
      "duration" : 196
    },
    "status" : "passed",
    "steps" : [ ],
    "attachments" : [ ],
    "parameters" : [ ],
    "stepsCount" : 0,
    "attachmentsCount" : 0,
    "shouldDisplayMessage" : false,
    "hasContent" : false
  }, {
    "name" : "footer_open",
    "time" : {
      "start" : 1714271855785,
      "stop" : 1714271876510,
      "duration" : 20725
    },
    "status" : "broken",
    "statusMessage" : "selenium.common.exceptions.TimeoutException: Message: \nStacktrace:\n#0 0x559cd29f7e33 <unknown>\n#1 0x559cd26e7567 <unknown>\n#2 0x559cd273227d <unknown>\n#3 0x559cd2732331 <unknown>\n#4 0x559cd2775624 <unknown>\n#5 0x559cd275438d <unknown>\n#6 0x559cd2772ae2 <unknown>\n#7 0x559cd2754103 <unknown>\n#8 0x559cd27251ba <unknown>\n#9 0x559cd2725b8e <unknown>\n#10 0x559cd29bc59b <unknown>\n#11 0x559cd29c034b <unknown>\n#12 0x559cd29a8681 <unknown>\n#13 0x559cd29c0eb2 <unknown>\n#14 0x559cd298d6af <unknown>\n#15 0x559cd29e7428 <unknown>\n#16 0x559cd29e7600 <unknown>\n#17 0x559cd29f6f84 <unknown>\n#18 0x7f2f77894ac3 <unknown>\n\n",
    "statusTrace" : "  File \"/opt/hostedtoolcache/Python/3.12.3/x64/lib/python3.12/site-packages/pluggy/_callers.py\", line 167, in _multicall\n    teardown.throw(outcome._exception)\n  File \"/opt/hostedtoolcache/Python/3.12.3/x64/lib/python3.12/site-packages/_pytest/setuponly.py\", line 36, in pytest_fixture_setup\n    return (yield)\n            ^^^^^\n  File \"/opt/hostedtoolcache/Python/3.12.3/x64/lib/python3.12/site-packages/pluggy/_callers.py\", line 103, in _multicall\n    res = hook_impl.function(*args)\n          ^^^^^^^^^^^^^^^^^^^^^^^^^\n  File \"/opt/hostedtoolcache/Python/3.12.3/x64/lib/python3.12/site-packages/_pytest/fixtures.py\", line 1140, in pytest_fixture_setup\n    result = call_fixture_func(fixturefunc, request, kwargs)\n             ^^^^^^^^^^^^^^^^^^^^^^^^^^^^^^^^^^^^^^^^^^^^^^^\n  File \"/opt/hostedtoolcache/Python/3.12.3/x64/lib/python3.12/site-packages/_pytest/fixtures.py\", line 917, in call_fixture_func\n    fixture_result = fixturefunc(**kwargs)\n                     ^^^^^^^^^^^^^^^^^^^^^\n  File \"/home/runner/work/PulseWave/PulseWave/tests/test_footer/conftest.py\", line 9, in footer_open\n    page.get_cookies_link()\n  File \"/opt/hostedtoolcache/Python/3.12.3/x64/lib/python3.12/site-packages/allure_commons/_allure.py\", line 192, in impl\n    return func(*a, **kw)\n           ^^^^^^^^^^^^^^\n  File \"/home/runner/work/PulseWave/PulseWave/pages/footer.py\", line 44, in get_cookies_link\n    return self.element_is_visible(self.locator.COOKIES_LINK).click()\n           ^^^^^^^^^^^^^^^^^^^^^^^^^^^^^^^^^^^^^^^^^^^^^^^^^^\n  File \"/home/runner/work/PulseWave/PulseWave/pages/base_page.py\", line 19, in element_is_visible\n    self.go_to_element(self.element_is_present(locator))\n                       ^^^^^^^^^^^^^^^^^^^^^^^^^^^^^^^^\n  File \"/home/runner/work/PulseWave/PulseWave/pages/base_page.py\", line 35, in element_is_present\n    return Wait(self.driver, self.timeout).until(es.presence_of_element_located(locator))\n           ^^^^^^^^^^^^^^^^^^^^^^^^^^^^^^^^^^^^^^^^^^^^^^^^^^^^^^^^^^^^^^^^^^^^^^^^^^^^^^\n  File \"/opt/hostedtoolcache/Python/3.12.3/x64/lib/python3.12/site-packages/selenium/webdriver/support/wait.py\", line 105, in until\n    raise TimeoutException(message, screen, stacktrace)\n",
    "steps" : [ {
      "name" : "Проверка перехода по ссылке для просмотра информации о файлах cookie на Главной странице",
      "time" : {
        "start" : 1714271856099,
        "stop" : 1714271876510,
        "duration" : 20411
      },
      "status" : "broken",
      "statusMessage" : "selenium.common.exceptions.TimeoutException: Message: \nStacktrace:\n#0 0x559cd29f7e33 <unknown>\n#1 0x559cd26e7567 <unknown>\n#2 0x559cd273227d <unknown>\n#3 0x559cd2732331 <unknown>\n#4 0x559cd2775624 <unknown>\n#5 0x559cd275438d <unknown>\n#6 0x559cd2772ae2 <unknown>\n#7 0x559cd2754103 <unknown>\n#8 0x559cd27251ba <unknown>\n#9 0x559cd2725b8e <unknown>\n#10 0x559cd29bc59b <unknown>\n#11 0x559cd29c034b <unknown>\n#12 0x559cd29a8681 <unknown>\n#13 0x559cd29c0eb2 <unknown>\n#14 0x559cd298d6af <unknown>\n#15 0x559cd29e7428 <unknown>\n#16 0x559cd29e7600 <unknown>\n#17 0x559cd29f6f84 <unknown>\n#18 0x7f2f77894ac3 <unknown>\n\n",
      "statusTrace" : "  File \"/opt/hostedtoolcache/Python/3.12.3/x64/lib/python3.12/site-packages/allure_commons/_allure.py\", line 192, in impl\n    return func(*a, **kw)\n           ^^^^^^^^^^^^^^\n  File \"/home/runner/work/PulseWave/PulseWave/pages/footer.py\", line 44, in get_cookies_link\n    return self.element_is_visible(self.locator.COOKIES_LINK).click()\n           ^^^^^^^^^^^^^^^^^^^^^^^^^^^^^^^^^^^^^^^^^^^^^^^^^^\n  File \"/home/runner/work/PulseWave/PulseWave/pages/base_page.py\", line 19, in element_is_visible\n    self.go_to_element(self.element_is_present(locator))\n                       ^^^^^^^^^^^^^^^^^^^^^^^^^^^^^^^^\n  File \"/home/runner/work/PulseWave/PulseWave/pages/base_page.py\", line 35, in element_is_present\n    return Wait(self.driver, self.timeout).until(es.presence_of_element_located(locator))\n           ^^^^^^^^^^^^^^^^^^^^^^^^^^^^^^^^^^^^^^^^^^^^^^^^^^^^^^^^^^^^^^^^^^^^^^^^^^^^^^\n  File \"/opt/hostedtoolcache/Python/3.12.3/x64/lib/python3.12/site-packages/selenium/webdriver/support/wait.py\", line 105, in until\n    raise TimeoutException(message, screen, stacktrace)\n",
      "steps" : [ ],
      "attachments" : [ ],
      "parameters" : [ ],
      "stepsCount" : 0,
      "attachmentsCount" : 0,
      "shouldDisplayMessage" : true,
      "hasContent" : true
    } ],
    "attachments" : [ ],
    "parameters" : [ ],
    "stepsCount" : 1,
    "attachmentsCount" : 0,
    "shouldDisplayMessage" : false,
    "hasContent" : true
  } ],
  "afterStages" : [ {
    "name" : "driver::0",
    "time" : {
      "start" : 1714271876523,
      "stop" : 1714271876581,
      "duration" : 58
    },
    "status" : "passed",
    "steps" : [ ],
    "attachments" : [ ],
    "parameters" : [ ],
    "stepsCount" : 0,
    "attachmentsCount" : 0,
    "shouldDisplayMessage" : false,
    "hasContent" : false
  } ],
  "labels" : [ {
    "name" : "epic",
    "value" : "Тестирование Футера"
  }, {
    "name" : "tag",
    "value" : "regress"
  }, {
    "name" : "parentSuite",
    "value" : "tests.test_footer"
  }, {
    "name" : "suite",
    "value" : "test_footer"
  }, {
    "name" : "subSuite",
    "value" : "TestFooter"
  }, {
    "name" : "host",
    "value" : "fv-az1383-514"
  }, {
    "name" : "thread",
    "value" : "2368-MainThread"
  }, {
    "name" : "framework",
    "value" : "pytest"
  }, {
    "name" : "language",
    "value" : "cpython3"
  }, {
    "name" : "package",
    "value" : "tests.test_footer.test_footer"
  }, {
    "name" : "resultFormat",
    "value" : "allure2"
  } ],
  "parameters" : [ {
    "name" : "browser",
    "value" : "'chrome'"
  }, {
    "name" : "css_property",
    "value" : "'font-size'"
  }, {
    "name" : "figma",
    "value" : "'16px'"
  }, {
    "name" : "name",
    "value" : "'размера шрифта'"
  }, {
    "name" : "url",
    "value" : "'https://pulsewave.ru/auth/login'"
  } ],
  "links" : [ ],
  "hidden" : false,
  "retry" : false,
  "extra" : {
    "severity" : "normal",
    "retries" : [ ],
    "categories" : [ {
      "name" : "Test defects",
      "matchedStatuses" : [ ],
      "flaky" : false
    } ],
    "history" : {
      "statistic" : {
        "failed" : 0,
        "broken" : 1,
        "skipped" : 0,
        "passed" : 11,
        "unknown" : 0,
        "total" : 12
      },
      "items" : [ {
        "uid" : "5606398e1fcf5fe9",
        "reportUrl" : "https://Nat754.github.io/PulseWave/7//#testresult/5606398e1fcf5fe9",
        "status" : "passed",
        "time" : {
          "start" : 1714184841773,
          "stop" : 1714184841808,
          "duration" : 35
        }
      }, {
        "uid" : "9a855e76202f8120",
        "reportUrl" : "https://Nat754.github.io/PulseWave/6//#testresult/9a855e76202f8120",
        "status" : "passed",
        "time" : {
          "start" : 1714148336585,
          "stop" : 1714148336620,
          "duration" : 35
        }
      }, {
        "uid" : "3e7ad9fc3798bff4",
        "reportUrl" : "https://Nat754.github.io/PulseWave/6//#testresult/3e7ad9fc3798bff4",
        "status" : "passed",
        "time" : {
          "start" : 1714098384602,
          "stop" : 1714098384637,
          "duration" : 35
        }
      }, {
        "uid" : "6462c8ddcc1b9b0d",
        "reportUrl" : "https://Nat754.github.io/PulseWave/5//#testresult/6462c8ddcc1b9b0d",
        "status" : "passed",
        "time" : {
          "start" : 1714014284564,
          "stop" : 1714014284599,
          "duration" : 35
        }
      }, {
        "uid" : "cca60843c82c26a",
        "reportUrl" : "https://Nat754.github.io/PulseWave/211//#testresult/cca60843c82c26a",
        "status" : "passed",
        "time" : {
          "start" : 1713945771706,
          "stop" : 1713945771739,
          "duration" : 33
        }
      }, {
        "uid" : "ac0a6f497c2c56dc",
        "reportUrl" : "https://Nat754.github.io/PulseWave/4//#testresult/ac0a6f497c2c56dc",
        "status" : "passed",
        "time" : {
          "start" : 1713925565793,
          "stop" : 1713925565826,
          "duration" : 33
        }
      }, {
        "uid" : "ba6b753102e05cb4",
        "reportUrl" : "https://Nat754.github.io/PulseWave/211//#testresult/ba6b753102e05cb4",
        "status" : "passed",
        "time" : {
          "start" : 1713901404578,
          "stop" : 1713901404611,
          "duration" : 33
        }
      }, {
        "uid" : "cbbd5a4fbe0d5030",
        "reportUrl" : "https://Nat754.github.io/PulseWave/210//#testresult/cbbd5a4fbe0d5030",
        "status" : "passed",
        "time" : {
          "start" : 1713885575626,
          "stop" : 1713885575658,
          "duration" : 32
        }
      }, {
        "uid" : "89ffcc5edd5b14c2",
        "reportUrl" : "https://Nat754.github.io/PulseWave/209//#testresult/89ffcc5edd5b14c2",
        "status" : "passed",
        "time" : {
          "start" : 1713883481701,
          "stop" : 1713883481734,
          "duration" : 33
        }
      }, {
        "uid" : "4fce7b1d1470a0f0",
        "reportUrl" : "https://Nat754.github.io/PulseWave/209//#testresult/4fce7b1d1470a0f0",
        "status" : "passed",
        "time" : {
          "start" : 1713881990553,
          "stop" : 1713881990587,
          "duration" : 34
        }
      }, {
        "uid" : "ef5bd18187765666",
        "reportUrl" : "https://Nat754.github.io/PulseWave/208//#testresult/ef5bd18187765666",
        "status" : "passed",
        "time" : {
          "start" : 1713879166613,
          "stop" : 1713879166650,
          "duration" : 37
        }
      } ]
    },
    "tags" : [ "regress" ]
  },
  "source" : "e986134120e1ec19.json",
  "parameterValues" : [ "'chrome'", "'font-size'", "'16px'", "'размера шрифта'", "'https://pulsewave.ru/auth/login'" ]
}