{
  "uid" : "ea4d84c74ce439ce",
  "name" : "test_get_css_property_footer_email[font-size-16px-\\u0440\\u0430\\u0437\\u043c\\u0435\\u0440\\u0430 \\u0448\\u0440\\u0438\\u0444\\u0442\\u0430-https://pulsewave.ru/-chrome]",
  "fullName" : "tests.test_footer.test_footer.TestFooter#test_get_css_property_footer_email",
  "historyId" : "30d04de21a9f4596249e4ac51a765a12",
  "time" : {
    "start" : 1714271582583,
    "stop" : 1714271582583,
    "duration" : 0
  },
  "status" : "broken",
  "statusMessage" : "selenium.common.exceptions.TimeoutException: Message: \nStacktrace:\n#0 0x559669903e33 <unknown>\n#1 0x5596695f3567 <unknown>\n#2 0x55966963e27d <unknown>\n#3 0x55966963e331 <unknown>\n#4 0x559669681624 <unknown>\n#5 0x55966966038d <unknown>\n#6 0x55966967eae2 <unknown>\n#7 0x559669660103 <unknown>\n#8 0x5596696311ba <unknown>\n#9 0x559669631b8e <unknown>\n#10 0x5596698c859b <unknown>\n#11 0x5596698cc34b <unknown>\n#12 0x5596698b4681 <unknown>\n#13 0x5596698cceb2 <unknown>\n#14 0x5596698996af <unknown>\n#15 0x5596698f3428 <unknown>\n#16 0x5596698f3600 <unknown>\n#17 0x559669902f84 <unknown>\n#18 0x7f20f8894ac3 <unknown>",
  "statusTrace" : "driver = <selenium.webdriver.chrome.webdriver.WebDriver (session=\"469cea062b5240ed8a08e53efd02530f\")>\nurl = 'https://pulsewave.ru/'\n\n    @pytest.fixture()\n    def footer_open(driver, url):\n        page = FooterPage(driver)\n        driver.get(url)\n>       page.get_cookies_link()\n\ntests/test_footer/conftest.py:9: \n_ _ _ _ _ _ _ _ _ _ _ _ _ _ _ _ _ _ _ _ _ _ _ _ _ _ _ _ _ _ _ _ _ _ _ _ _ _ _ _ \npages/footer.py:44: in get_cookies_link\n    return self.element_is_visible(self.locator.COOKIES_LINK).click()\npages/base_page.py:19: in element_is_visible\n    self.go_to_element(self.element_is_present(locator))\npages/base_page.py:35: in element_is_present\n    return Wait(self.driver, self.timeout).until(es.presence_of_element_located(locator))\n_ _ _ _ _ _ _ _ _ _ _ _ _ _ _ _ _ _ _ _ _ _ _ _ _ _ _ _ _ _ _ _ _ _ _ _ _ _ _ _ \n\nself = <selenium.webdriver.support.wait.WebDriverWait (session=\"469cea062b5240ed8a08e53efd02530f\")>\nmethod = <function presence_of_element_located.<locals>._predicate at 0x7f3f38e93560>\nmessage = ''\n\n    def until(self, method: Callable[[D], Union[Literal[False], T]], message: str = \"\") -> T:\n        \"\"\"Calls the method provided with the driver as an argument until the \\\n        return value does not evaluate to ``False``.\n    \n        :param method: callable(WebDriver)\n        :param message: optional message for :exc:`TimeoutException`\n        :returns: the result of the last call to `method`\n        :raises: :exc:`selenium.common.exceptions.TimeoutException` if timeout occurs\n        \"\"\"\n        screen = None\n        stacktrace = None\n    \n        end_time = time.monotonic() + self._timeout\n        while True:\n            try:\n                value = method(self._driver)\n                if value:\n                    return value\n            except self._ignored_exceptions as exc:\n                screen = getattr(exc, \"screen\", None)\n                stacktrace = getattr(exc, \"stacktrace\", None)\n            time.sleep(self._poll)\n            if time.monotonic() > end_time:\n                break\n>       raise TimeoutException(message, screen, stacktrace)\nE       selenium.common.exceptions.TimeoutException: Message: \nE       Stacktrace:\nE       #0 0x559669903e33 <unknown>\nE       #1 0x5596695f3567 <unknown>\nE       #2 0x55966963e27d <unknown>\nE       #3 0x55966963e331 <unknown>\nE       #4 0x559669681624 <unknown>\nE       #5 0x55966966038d <unknown>\nE       #6 0x55966967eae2 <unknown>\nE       #7 0x559669660103 <unknown>\nE       #8 0x5596696311ba <unknown>\nE       #9 0x559669631b8e <unknown>\nE       #10 0x5596698c859b <unknown>\nE       #11 0x5596698cc34b <unknown>\nE       #12 0x5596698b4681 <unknown>\nE       #13 0x5596698cceb2 <unknown>\nE       #14 0x5596698996af <unknown>\nE       #15 0x5596698f3428 <unknown>\nE       #16 0x5596698f3600 <unknown>\nE       #17 0x559669902f84 <unknown>\nE       #18 0x7f20f8894ac3 <unknown>\n\n/opt/hostedtoolcache/Python/3.12.3/x64/lib/python3.12/site-packages/selenium/webdriver/support/wait.py:105: TimeoutException",
  "flaky" : false,
  "newFailed" : false,
  "beforeStages" : [ {
    "name" : "driver",
    "time" : {
      "start" : 1714271582584,
      "stop" : 1714271582780,
      "duration" : 196
    },
    "status" : "passed",
    "steps" : [ ],
    "attachments" : [ ],
    "parameters" : [ ],
    "stepsCount" : 0,
    "attachmentsCount" : 0,
    "shouldDisplayMessage" : false,
    "hasContent" : false
  }, {
    "name" : "clear_allure_results_folder",
    "time" : {
      "start" : 1714270943308,
      "stop" : 1714270943308,
      "duration" : 0
    },
    "status" : "passed",
    "steps" : [ ],
    "attachments" : [ ],
    "parameters" : [ ],
    "stepsCount" : 0,
    "attachmentsCount" : 0,
    "shouldDisplayMessage" : false,
    "hasContent" : false
  }, {
    "name" : "_session_faker",
    "time" : {
      "start" : 1714270943291,
      "stop" : 1714270943307,
      "duration" : 16
    },
    "status" : "passed",
    "steps" : [ ],
    "attachments" : [ ],
    "parameters" : [ ],
    "stepsCount" : 0,
    "attachmentsCount" : 0,
    "shouldDisplayMessage" : false,
    "hasContent" : false
  }, {
    "name" : "footer_open",
    "time" : {
      "start" : 1714271582781,
      "stop" : 1714271603517,
      "duration" : 20736
    },
    "status" : "broken",
    "statusMessage" : "selenium.common.exceptions.TimeoutException: Message: \nStacktrace:\n#0 0x559669903e33 <unknown>\n#1 0x5596695f3567 <unknown>\n#2 0x55966963e27d <unknown>\n#3 0x55966963e331 <unknown>\n#4 0x559669681624 <unknown>\n#5 0x55966966038d <unknown>\n#6 0x55966967eae2 <unknown>\n#7 0x559669660103 <unknown>\n#8 0x5596696311ba <unknown>\n#9 0x559669631b8e <unknown>\n#10 0x5596698c859b <unknown>\n#11 0x5596698cc34b <unknown>\n#12 0x5596698b4681 <unknown>\n#13 0x5596698cceb2 <unknown>\n#14 0x5596698996af <unknown>\n#15 0x5596698f3428 <unknown>\n#16 0x5596698f3600 <unknown>\n#17 0x559669902f84 <unknown>\n#18 0x7f20f8894ac3 <unknown>\n\n",
    "statusTrace" : "  File \"/opt/hostedtoolcache/Python/3.12.3/x64/lib/python3.12/site-packages/pluggy/_callers.py\", line 167, in _multicall\n    teardown.throw(outcome._exception)\n  File \"/opt/hostedtoolcache/Python/3.12.3/x64/lib/python3.12/site-packages/_pytest/setuponly.py\", line 36, in pytest_fixture_setup\n    return (yield)\n            ^^^^^\n  File \"/opt/hostedtoolcache/Python/3.12.3/x64/lib/python3.12/site-packages/pluggy/_callers.py\", line 103, in _multicall\n    res = hook_impl.function(*args)\n          ^^^^^^^^^^^^^^^^^^^^^^^^^\n  File \"/opt/hostedtoolcache/Python/3.12.3/x64/lib/python3.12/site-packages/_pytest/fixtures.py\", line 1140, in pytest_fixture_setup\n    result = call_fixture_func(fixturefunc, request, kwargs)\n             ^^^^^^^^^^^^^^^^^^^^^^^^^^^^^^^^^^^^^^^^^^^^^^^\n  File \"/opt/hostedtoolcache/Python/3.12.3/x64/lib/python3.12/site-packages/_pytest/fixtures.py\", line 917, in call_fixture_func\n    fixture_result = fixturefunc(**kwargs)\n                     ^^^^^^^^^^^^^^^^^^^^^\n  File \"/home/runner/work/PulseWave/PulseWave/tests/test_footer/conftest.py\", line 9, in footer_open\n    page.get_cookies_link()\n  File \"/opt/hostedtoolcache/Python/3.12.3/x64/lib/python3.12/site-packages/allure_commons/_allure.py\", line 192, in impl\n    return func(*a, **kw)\n           ^^^^^^^^^^^^^^\n  File \"/home/runner/work/PulseWave/PulseWave/pages/footer.py\", line 44, in get_cookies_link\n    return self.element_is_visible(self.locator.COOKIES_LINK).click()\n           ^^^^^^^^^^^^^^^^^^^^^^^^^^^^^^^^^^^^^^^^^^^^^^^^^^\n  File \"/home/runner/work/PulseWave/PulseWave/pages/base_page.py\", line 19, in element_is_visible\n    self.go_to_element(self.element_is_present(locator))\n                       ^^^^^^^^^^^^^^^^^^^^^^^^^^^^^^^^\n  File \"/home/runner/work/PulseWave/PulseWave/pages/base_page.py\", line 35, in element_is_present\n    return Wait(self.driver, self.timeout).until(es.presence_of_element_located(locator))\n           ^^^^^^^^^^^^^^^^^^^^^^^^^^^^^^^^^^^^^^^^^^^^^^^^^^^^^^^^^^^^^^^^^^^^^^^^^^^^^^\n  File \"/opt/hostedtoolcache/Python/3.12.3/x64/lib/python3.12/site-packages/selenium/webdriver/support/wait.py\", line 105, in until\n    raise TimeoutException(message, screen, stacktrace)\n",
    "steps" : [ {
      "name" : "Проверка перехода по ссылке для просмотра информации о файлах cookie на Главной странице",
      "time" : {
        "start" : 1714271583096,
        "stop" : 1714271603516,
        "duration" : 20420
      },
      "status" : "broken",
      "statusMessage" : "selenium.common.exceptions.TimeoutException: Message: \nStacktrace:\n#0 0x559669903e33 <unknown>\n#1 0x5596695f3567 <unknown>\n#2 0x55966963e27d <unknown>\n#3 0x55966963e331 <unknown>\n#4 0x559669681624 <unknown>\n#5 0x55966966038d <unknown>\n#6 0x55966967eae2 <unknown>\n#7 0x559669660103 <unknown>\n#8 0x5596696311ba <unknown>\n#9 0x559669631b8e <unknown>\n#10 0x5596698c859b <unknown>\n#11 0x5596698cc34b <unknown>\n#12 0x5596698b4681 <unknown>\n#13 0x5596698cceb2 <unknown>\n#14 0x5596698996af <unknown>\n#15 0x5596698f3428 <unknown>\n#16 0x5596698f3600 <unknown>\n#17 0x559669902f84 <unknown>\n#18 0x7f20f8894ac3 <unknown>\n\n",
      "statusTrace" : "  File \"/opt/hostedtoolcache/Python/3.12.3/x64/lib/python3.12/site-packages/allure_commons/_allure.py\", line 192, in impl\n    return func(*a, **kw)\n           ^^^^^^^^^^^^^^\n  File \"/home/runner/work/PulseWave/PulseWave/pages/footer.py\", line 44, in get_cookies_link\n    return self.element_is_visible(self.locator.COOKIES_LINK).click()\n           ^^^^^^^^^^^^^^^^^^^^^^^^^^^^^^^^^^^^^^^^^^^^^^^^^^\n  File \"/home/runner/work/PulseWave/PulseWave/pages/base_page.py\", line 19, in element_is_visible\n    self.go_to_element(self.element_is_present(locator))\n                       ^^^^^^^^^^^^^^^^^^^^^^^^^^^^^^^^\n  File \"/home/runner/work/PulseWave/PulseWave/pages/base_page.py\", line 35, in element_is_present\n    return Wait(self.driver, self.timeout).until(es.presence_of_element_located(locator))\n           ^^^^^^^^^^^^^^^^^^^^^^^^^^^^^^^^^^^^^^^^^^^^^^^^^^^^^^^^^^^^^^^^^^^^^^^^^^^^^^\n  File \"/opt/hostedtoolcache/Python/3.12.3/x64/lib/python3.12/site-packages/selenium/webdriver/support/wait.py\", line 105, in until\n    raise TimeoutException(message, screen, stacktrace)\n",
      "steps" : [ ],
      "attachments" : [ ],
      "parameters" : [ ],
      "stepsCount" : 0,
      "attachmentsCount" : 0,
      "shouldDisplayMessage" : true,
      "hasContent" : true
    } ],
    "attachments" : [ ],
    "parameters" : [ ],
    "stepsCount" : 1,
    "attachmentsCount" : 0,
    "shouldDisplayMessage" : false,
    "hasContent" : true
  } ],
  "afterStages" : [ {
    "name" : "driver::0",
    "time" : {
      "start" : 1714271603530,
      "stop" : 1714271603588,
      "duration" : 58
    },
    "status" : "passed",
    "steps" : [ ],
    "attachments" : [ ],
    "parameters" : [ ],
    "stepsCount" : 0,
    "attachmentsCount" : 0,
    "shouldDisplayMessage" : false,
    "hasContent" : false
  } ],
  "labels" : [ {
    "name" : "epic",
    "value" : "Тестирование Футера"
  }, {
    "name" : "tag",
    "value" : "regress"
  }, {
    "name" : "parentSuite",
    "value" : "tests.test_footer"
  }, {
    "name" : "suite",
    "value" : "test_footer"
  }, {
    "name" : "subSuite",
    "value" : "TestFooter"
  }, {
    "name" : "host",
    "value" : "fv-az1383-514"
  }, {
    "name" : "thread",
    "value" : "2368-MainThread"
  }, {
    "name" : "framework",
    "value" : "pytest"
  }, {
    "name" : "language",
    "value" : "cpython3"
  }, {
    "name" : "package",
    "value" : "tests.test_footer.test_footer"
  }, {
    "name" : "resultFormat",
    "value" : "allure2"
  } ],
  "parameters" : [ {
    "name" : "browser",
    "value" : "'chrome'"
  }, {
    "name" : "css_property",
    "value" : "'font-size'"
  }, {
    "name" : "figma",
    "value" : "'16px'"
  }, {
    "name" : "name",
    "value" : "'размера шрифта'"
  }, {
    "name" : "url",
    "value" : "'https://pulsewave.ru/'"
  } ],
  "links" : [ ],
  "hidden" : false,
  "retry" : false,
  "extra" : {
    "severity" : "normal",
    "retries" : [ ],
    "categories" : [ {
      "name" : "Test defects",
      "matchedStatuses" : [ ],
      "flaky" : false
    } ],
    "history" : {
      "statistic" : {
        "failed" : 0,
        "broken" : 1,
        "skipped" : 0,
        "passed" : 11,
        "unknown" : 0,
        "total" : 12
      },
      "items" : [ {
        "uid" : "c8ca018579af3f91",
        "reportUrl" : "https://Nat754.github.io/PulseWave/7//#testresult/c8ca018579af3f91",
        "status" : "passed",
        "time" : {
          "start" : 1714184794612,
          "stop" : 1714184794646,
          "duration" : 34
        }
      }, {
        "uid" : "c65e637469aae894",
        "reportUrl" : "https://Nat754.github.io/PulseWave/6//#testresult/c65e637469aae894",
        "status" : "passed",
        "time" : {
          "start" : 1714148297676,
          "stop" : 1714148297709,
          "duration" : 33
        }
      }, {
        "uid" : "d313cd125bebbce2",
        "reportUrl" : "https://Nat754.github.io/PulseWave/6//#testresult/d313cd125bebbce2",
        "status" : "passed",
        "time" : {
          "start" : 1714098345036,
          "stop" : 1714098345070,
          "duration" : 34
        }
      }, {
        "uid" : "80a610f2de2d6f57",
        "reportUrl" : "https://Nat754.github.io/PulseWave/5//#testresult/80a610f2de2d6f57",
        "status" : "passed",
        "time" : {
          "start" : 1714014251364,
          "stop" : 1714014251397,
          "duration" : 33
        }
      }, {
        "uid" : "68804d24d603c768",
        "reportUrl" : "https://Nat754.github.io/PulseWave/211//#testresult/68804d24d603c768",
        "status" : "passed",
        "time" : {
          "start" : 1713945735805,
          "stop" : 1713945735838,
          "duration" : 33
        }
      }, {
        "uid" : "80b59e74a208dba",
        "reportUrl" : "https://Nat754.github.io/PulseWave/4//#testresult/80b59e74a208dba",
        "status" : "passed",
        "time" : {
          "start" : 1713925529506,
          "stop" : 1713925529540,
          "duration" : 34
        }
      }, {
        "uid" : "3fdae8064f223fd5",
        "reportUrl" : "https://Nat754.github.io/PulseWave/211//#testresult/3fdae8064f223fd5",
        "status" : "passed",
        "time" : {
          "start" : 1713901363982,
          "stop" : 1713901364017,
          "duration" : 35
        }
      }, {
        "uid" : "d007a746b25d0051",
        "reportUrl" : "https://Nat754.github.io/PulseWave/210//#testresult/d007a746b25d0051",
        "status" : "passed",
        "time" : {
          "start" : 1713885527175,
          "stop" : 1713885527208,
          "duration" : 33
        }
      }, {
        "uid" : "4a0e12d44008eb7f",
        "reportUrl" : "https://Nat754.github.io/PulseWave/209//#testresult/4a0e12d44008eb7f",
        "status" : "passed",
        "time" : {
          "start" : 1713883434762,
          "stop" : 1713883434796,
          "duration" : 34
        }
      }, {
        "uid" : "8a9b8e300155b35",
        "reportUrl" : "https://Nat754.github.io/PulseWave/209//#testresult/8a9b8e300155b35",
        "status" : "passed",
        "time" : {
          "start" : 1713881941664,
          "stop" : 1713881941697,
          "duration" : 33
        }
      }, {
        "uid" : "941482286db42f31",
        "reportUrl" : "https://Nat754.github.io/PulseWave/208//#testresult/941482286db42f31",
        "status" : "passed",
        "time" : {
          "start" : 1713879117178,
          "stop" : 1713879117212,
          "duration" : 34
        }
      } ]
    },
    "tags" : [ "regress" ]
  },
  "source" : "ea4d84c74ce439ce.json",
  "parameterValues" : [ "'chrome'", "'font-size'", "'16px'", "'размера шрифта'", "'https://pulsewave.ru/'" ]
}