{
  "uid" : "ea68edda4a377dd7",
  "name" : "Проверка элемента 'info@pulsewave.ru'в хедере",
  "fullName" : "tests.test_footer.test_footer.TestFooter#test_get_footer_email",
  "historyId" : "e3477147a30734c88121edb12b63259f",
  "time" : {
    "start" : 1714271225564,
    "stop" : 1714271225564,
    "duration" : 0
  },
  "status" : "broken",
  "statusMessage" : "selenium.common.exceptions.TimeoutException: Message: \nStacktrace:\n#0 0x55f1be19ce33 <unknown>\n#1 0x55f1bde8c567 <unknown>\n#2 0x55f1bded727d <unknown>\n#3 0x55f1bded7331 <unknown>\n#4 0x55f1bdf1a624 <unknown>\n#5 0x55f1bdef938d <unknown>\n#6 0x55f1bdf17ae2 <unknown>\n#7 0x55f1bdef9103 <unknown>\n#8 0x55f1bdeca1ba <unknown>\n#9 0x55f1bdecab8e <unknown>\n#10 0x55f1be16159b <unknown>\n#11 0x55f1be16534b <unknown>\n#12 0x55f1be14d681 <unknown>\n#13 0x55f1be165eb2 <unknown>\n#14 0x55f1be1326af <unknown>\n#15 0x55f1be18c428 <unknown>\n#16 0x55f1be18c600 <unknown>\n#17 0x55f1be19bf84 <unknown>\n#18 0x7fce71094ac3 <unknown>",
  "statusTrace" : "driver = <selenium.webdriver.chrome.webdriver.WebDriver (session=\"e50829577f454ab2755ceeab0d3e9927\")>\nurl = 'https://pulsewave.ru/auth/password?email='\n\n    @pytest.fixture()\n    def footer_open(driver, url):\n        page = FooterPage(driver)\n        driver.get(url)\n>       page.get_cookies_link()\n\ntests/test_footer/conftest.py:9: \n_ _ _ _ _ _ _ _ _ _ _ _ _ _ _ _ _ _ _ _ _ _ _ _ _ _ _ _ _ _ _ _ _ _ _ _ _ _ _ _ \npages/footer.py:44: in get_cookies_link\n    return self.element_is_visible(self.locator.COOKIES_LINK).click()\npages/base_page.py:19: in element_is_visible\n    self.go_to_element(self.element_is_present(locator))\npages/base_page.py:35: in element_is_present\n    return Wait(self.driver, self.timeout).until(es.presence_of_element_located(locator))\n_ _ _ _ _ _ _ _ _ _ _ _ _ _ _ _ _ _ _ _ _ _ _ _ _ _ _ _ _ _ _ _ _ _ _ _ _ _ _ _ \n\nself = <selenium.webdriver.support.wait.WebDriverWait (session=\"e50829577f454ab2755ceeab0d3e9927\")>\nmethod = <function presence_of_element_located.<locals>._predicate at 0x7f3f38e934c0>\nmessage = ''\n\n    def until(self, method: Callable[[D], Union[Literal[False], T]], message: str = \"\") -> T:\n        \"\"\"Calls the method provided with the driver as an argument until the \\\n        return value does not evaluate to ``False``.\n    \n        :param method: callable(WebDriver)\n        :param message: optional message for :exc:`TimeoutException`\n        :returns: the result of the last call to `method`\n        :raises: :exc:`selenium.common.exceptions.TimeoutException` if timeout occurs\n        \"\"\"\n        screen = None\n        stacktrace = None\n    \n        end_time = time.monotonic() + self._timeout\n        while True:\n            try:\n                value = method(self._driver)\n                if value:\n                    return value\n            except self._ignored_exceptions as exc:\n                screen = getattr(exc, \"screen\", None)\n                stacktrace = getattr(exc, \"stacktrace\", None)\n            time.sleep(self._poll)\n            if time.monotonic() > end_time:\n                break\n>       raise TimeoutException(message, screen, stacktrace)\nE       selenium.common.exceptions.TimeoutException: Message: \nE       Stacktrace:\nE       #0 0x55f1be19ce33 <unknown>\nE       #1 0x55f1bde8c567 <unknown>\nE       #2 0x55f1bded727d <unknown>\nE       #3 0x55f1bded7331 <unknown>\nE       #4 0x55f1bdf1a624 <unknown>\nE       #5 0x55f1bdef938d <unknown>\nE       #6 0x55f1bdf17ae2 <unknown>\nE       #7 0x55f1bdef9103 <unknown>\nE       #8 0x55f1bdeca1ba <unknown>\nE       #9 0x55f1bdecab8e <unknown>\nE       #10 0x55f1be16159b <unknown>\nE       #11 0x55f1be16534b <unknown>\nE       #12 0x55f1be14d681 <unknown>\nE       #13 0x55f1be165eb2 <unknown>\nE       #14 0x55f1be1326af <unknown>\nE       #15 0x55f1be18c428 <unknown>\nE       #16 0x55f1be18c600 <unknown>\nE       #17 0x55f1be19bf84 <unknown>\nE       #18 0x7fce71094ac3 <unknown>\n\n/opt/hostedtoolcache/Python/3.12.3/x64/lib/python3.12/site-packages/selenium/webdriver/support/wait.py:105: TimeoutException",
  "flaky" : false,
  "newFailed" : false,
  "beforeStages" : [ {
    "name" : "driver",
    "time" : {
      "start" : 1714271225564,
      "stop" : 1714271225761,
      "duration" : 197
    },
    "status" : "passed",
    "steps" : [ ],
    "attachments" : [ ],
    "parameters" : [ ],
    "stepsCount" : 0,
    "attachmentsCount" : 0,
    "shouldDisplayMessage" : false,
    "hasContent" : false
  }, {
    "name" : "clear_allure_results_folder",
    "time" : {
      "start" : 1714270943308,
      "stop" : 1714270943308,
      "duration" : 0
    },
    "status" : "passed",
    "steps" : [ ],
    "attachments" : [ ],
    "parameters" : [ ],
    "stepsCount" : 0,
    "attachmentsCount" : 0,
    "shouldDisplayMessage" : false,
    "hasContent" : false
  }, {
    "name" : "_session_faker",
    "time" : {
      "start" : 1714270943291,
      "stop" : 1714270943307,
      "duration" : 16
    },
    "status" : "passed",
    "steps" : [ ],
    "attachments" : [ ],
    "parameters" : [ ],
    "stepsCount" : 0,
    "attachmentsCount" : 0,
    "shouldDisplayMessage" : false,
    "hasContent" : false
  }, {
    "name" : "footer_open",
    "time" : {
      "start" : 1714271225761,
      "stop" : 1714271246492,
      "duration" : 20731
    },
    "status" : "broken",
    "statusMessage" : "selenium.common.exceptions.TimeoutException: Message: \nStacktrace:\n#0 0x55f1be19ce33 <unknown>\n#1 0x55f1bde8c567 <unknown>\n#2 0x55f1bded727d <unknown>\n#3 0x55f1bded7331 <unknown>\n#4 0x55f1bdf1a624 <unknown>\n#5 0x55f1bdef938d <unknown>\n#6 0x55f1bdf17ae2 <unknown>\n#7 0x55f1bdef9103 <unknown>\n#8 0x55f1bdeca1ba <unknown>\n#9 0x55f1bdecab8e <unknown>\n#10 0x55f1be16159b <unknown>\n#11 0x55f1be16534b <unknown>\n#12 0x55f1be14d681 <unknown>\n#13 0x55f1be165eb2 <unknown>\n#14 0x55f1be1326af <unknown>\n#15 0x55f1be18c428 <unknown>\n#16 0x55f1be18c600 <unknown>\n#17 0x55f1be19bf84 <unknown>\n#18 0x7fce71094ac3 <unknown>\n\n",
    "statusTrace" : "  File \"/opt/hostedtoolcache/Python/3.12.3/x64/lib/python3.12/site-packages/pluggy/_callers.py\", line 167, in _multicall\n    teardown.throw(outcome._exception)\n  File \"/opt/hostedtoolcache/Python/3.12.3/x64/lib/python3.12/site-packages/_pytest/setuponly.py\", line 36, in pytest_fixture_setup\n    return (yield)\n            ^^^^^\n  File \"/opt/hostedtoolcache/Python/3.12.3/x64/lib/python3.12/site-packages/pluggy/_callers.py\", line 103, in _multicall\n    res = hook_impl.function(*args)\n          ^^^^^^^^^^^^^^^^^^^^^^^^^\n  File \"/opt/hostedtoolcache/Python/3.12.3/x64/lib/python3.12/site-packages/_pytest/fixtures.py\", line 1140, in pytest_fixture_setup\n    result = call_fixture_func(fixturefunc, request, kwargs)\n             ^^^^^^^^^^^^^^^^^^^^^^^^^^^^^^^^^^^^^^^^^^^^^^^\n  File \"/opt/hostedtoolcache/Python/3.12.3/x64/lib/python3.12/site-packages/_pytest/fixtures.py\", line 917, in call_fixture_func\n    fixture_result = fixturefunc(**kwargs)\n                     ^^^^^^^^^^^^^^^^^^^^^\n  File \"/home/runner/work/PulseWave/PulseWave/tests/test_footer/conftest.py\", line 9, in footer_open\n    page.get_cookies_link()\n  File \"/opt/hostedtoolcache/Python/3.12.3/x64/lib/python3.12/site-packages/allure_commons/_allure.py\", line 192, in impl\n    return func(*a, **kw)\n           ^^^^^^^^^^^^^^\n  File \"/home/runner/work/PulseWave/PulseWave/pages/footer.py\", line 44, in get_cookies_link\n    return self.element_is_visible(self.locator.COOKIES_LINK).click()\n           ^^^^^^^^^^^^^^^^^^^^^^^^^^^^^^^^^^^^^^^^^^^^^^^^^^\n  File \"/home/runner/work/PulseWave/PulseWave/pages/base_page.py\", line 19, in element_is_visible\n    self.go_to_element(self.element_is_present(locator))\n                       ^^^^^^^^^^^^^^^^^^^^^^^^^^^^^^^^\n  File \"/home/runner/work/PulseWave/PulseWave/pages/base_page.py\", line 35, in element_is_present\n    return Wait(self.driver, self.timeout).until(es.presence_of_element_located(locator))\n           ^^^^^^^^^^^^^^^^^^^^^^^^^^^^^^^^^^^^^^^^^^^^^^^^^^^^^^^^^^^^^^^^^^^^^^^^^^^^^^\n  File \"/opt/hostedtoolcache/Python/3.12.3/x64/lib/python3.12/site-packages/selenium/webdriver/support/wait.py\", line 105, in until\n    raise TimeoutException(message, screen, stacktrace)\n",
    "steps" : [ {
      "name" : "Проверка перехода по ссылке для просмотра информации о файлах cookie на Главной странице",
      "time" : {
        "start" : 1714271226077,
        "stop" : 1714271246491,
        "duration" : 20414
      },
      "status" : "broken",
      "statusMessage" : "selenium.common.exceptions.TimeoutException: Message: \nStacktrace:\n#0 0x55f1be19ce33 <unknown>\n#1 0x55f1bde8c567 <unknown>\n#2 0x55f1bded727d <unknown>\n#3 0x55f1bded7331 <unknown>\n#4 0x55f1bdf1a624 <unknown>\n#5 0x55f1bdef938d <unknown>\n#6 0x55f1bdf17ae2 <unknown>\n#7 0x55f1bdef9103 <unknown>\n#8 0x55f1bdeca1ba <unknown>\n#9 0x55f1bdecab8e <unknown>\n#10 0x55f1be16159b <unknown>\n#11 0x55f1be16534b <unknown>\n#12 0x55f1be14d681 <unknown>\n#13 0x55f1be165eb2 <unknown>\n#14 0x55f1be1326af <unknown>\n#15 0x55f1be18c428 <unknown>\n#16 0x55f1be18c600 <unknown>\n#17 0x55f1be19bf84 <unknown>\n#18 0x7fce71094ac3 <unknown>\n\n",
      "statusTrace" : "  File \"/opt/hostedtoolcache/Python/3.12.3/x64/lib/python3.12/site-packages/allure_commons/_allure.py\", line 192, in impl\n    return func(*a, **kw)\n           ^^^^^^^^^^^^^^\n  File \"/home/runner/work/PulseWave/PulseWave/pages/footer.py\", line 44, in get_cookies_link\n    return self.element_is_visible(self.locator.COOKIES_LINK).click()\n           ^^^^^^^^^^^^^^^^^^^^^^^^^^^^^^^^^^^^^^^^^^^^^^^^^^\n  File \"/home/runner/work/PulseWave/PulseWave/pages/base_page.py\", line 19, in element_is_visible\n    self.go_to_element(self.element_is_present(locator))\n                       ^^^^^^^^^^^^^^^^^^^^^^^^^^^^^^^^\n  File \"/home/runner/work/PulseWave/PulseWave/pages/base_page.py\", line 35, in element_is_present\n    return Wait(self.driver, self.timeout).until(es.presence_of_element_located(locator))\n           ^^^^^^^^^^^^^^^^^^^^^^^^^^^^^^^^^^^^^^^^^^^^^^^^^^^^^^^^^^^^^^^^^^^^^^^^^^^^^^\n  File \"/opt/hostedtoolcache/Python/3.12.3/x64/lib/python3.12/site-packages/selenium/webdriver/support/wait.py\", line 105, in until\n    raise TimeoutException(message, screen, stacktrace)\n",
      "steps" : [ ],
      "attachments" : [ ],
      "parameters" : [ ],
      "stepsCount" : 0,
      "attachmentsCount" : 0,
      "shouldDisplayMessage" : true,
      "hasContent" : true
    } ],
    "attachments" : [ ],
    "parameters" : [ ],
    "stepsCount" : 1,
    "attachmentsCount" : 0,
    "shouldDisplayMessage" : false,
    "hasContent" : true
  } ],
  "afterStages" : [ {
    "name" : "driver::0",
    "time" : {
      "start" : 1714271246505,
      "stop" : 1714271246563,
      "duration" : 58
    },
    "status" : "passed",
    "steps" : [ ],
    "attachments" : [ ],
    "parameters" : [ ],
    "stepsCount" : 0,
    "attachmentsCount" : 0,
    "shouldDisplayMessage" : false,
    "hasContent" : false
  } ],
  "labels" : [ {
    "name" : "epic",
    "value" : "Тестирование Футера"
  }, {
    "name" : "tag",
    "value" : "smoke"
  }, {
    "name" : "parentSuite",
    "value" : "tests.test_footer"
  }, {
    "name" : "suite",
    "value" : "test_footer"
  }, {
    "name" : "subSuite",
    "value" : "TestFooter"
  }, {
    "name" : "host",
    "value" : "fv-az1383-514"
  }, {
    "name" : "thread",
    "value" : "2368-MainThread"
  }, {
    "name" : "framework",
    "value" : "pytest"
  }, {
    "name" : "language",
    "value" : "cpython3"
  }, {
    "name" : "package",
    "value" : "tests.test_footer.test_footer"
  }, {
    "name" : "resultFormat",
    "value" : "allure2"
  } ],
  "parameters" : [ {
    "name" : "browser",
    "value" : "'chrome'"
  }, {
    "name" : "url",
    "value" : "'https://pulsewave.ru/auth/password?email='"
  } ],
  "links" : [ ],
  "hidden" : false,
  "retry" : false,
  "extra" : {
    "severity" : "normal",
    "retries" : [ ],
    "categories" : [ {
      "name" : "Test defects",
      "matchedStatuses" : [ ],
      "flaky" : false
    } ],
    "history" : {
      "statistic" : {
        "failed" : 0,
        "broken" : 1,
        "skipped" : 0,
        "passed" : 11,
        "unknown" : 0,
        "total" : 12
      },
      "items" : [ {
        "uid" : "8661ae3475abc067",
        "reportUrl" : "https://Nat754.github.io/PulseWave/7//#testresult/8661ae3475abc067",
        "status" : "passed",
        "time" : {
          "start" : 1714184731421,
          "stop" : 1714184731483,
          "duration" : 62
        }
      }, {
        "uid" : "f8cdc516cb60b157",
        "reportUrl" : "https://Nat754.github.io/PulseWave/6//#testresult/f8cdc516cb60b157",
        "status" : "passed",
        "time" : {
          "start" : 1714148246756,
          "stop" : 1714148246822,
          "duration" : 66
        }
      }, {
        "uid" : "54ac007334b008c5",
        "reportUrl" : "https://Nat754.github.io/PulseWave/6//#testresult/54ac007334b008c5",
        "status" : "passed",
        "time" : {
          "start" : 1714098293202,
          "stop" : 1714098293266,
          "duration" : 64
        }
      }, {
        "uid" : "30864ed920ab0fc8",
        "reportUrl" : "https://Nat754.github.io/PulseWave/5//#testresult/30864ed920ab0fc8",
        "status" : "passed",
        "time" : {
          "start" : 1714014207100,
          "stop" : 1714014207162,
          "duration" : 62
        }
      }, {
        "uid" : "d3ab59e8669c8799",
        "reportUrl" : "https://Nat754.github.io/PulseWave/211//#testresult/d3ab59e8669c8799",
        "status" : "passed",
        "time" : {
          "start" : 1713945689055,
          "stop" : 1713945689118,
          "duration" : 63
        }
      }, {
        "uid" : "481b4bb9ba1b7f08",
        "reportUrl" : "https://Nat754.github.io/PulseWave/4//#testresult/481b4bb9ba1b7f08",
        "status" : "passed",
        "time" : {
          "start" : 1713925482566,
          "stop" : 1713925482628,
          "duration" : 62
        }
      }, {
        "uid" : "f2612a322c3d3a84",
        "reportUrl" : "https://Nat754.github.io/PulseWave/211//#testresult/f2612a322c3d3a84",
        "status" : "passed",
        "time" : {
          "start" : 1713901311875,
          "stop" : 1713901311943,
          "duration" : 68
        }
      }, {
        "uid" : "d17d3f79eed6242b",
        "reportUrl" : "https://Nat754.github.io/PulseWave/210//#testresult/d17d3f79eed6242b",
        "status" : "passed",
        "time" : {
          "start" : 1713885462982,
          "stop" : 1713885463049,
          "duration" : 67
        }
      }, {
        "uid" : "bb43d989fcb2ff1b",
        "reportUrl" : "https://Nat754.github.io/PulseWave/209//#testresult/bb43d989fcb2ff1b",
        "status" : "passed",
        "time" : {
          "start" : 1713883375409,
          "stop" : 1713883375470,
          "duration" : 61
        }
      }, {
        "uid" : "6982bda80483d7e1",
        "reportUrl" : "https://Nat754.github.io/PulseWave/209//#testresult/6982bda80483d7e1",
        "status" : "passed",
        "time" : {
          "start" : 1713881878158,
          "stop" : 1713881878220,
          "duration" : 62
        }
      }, {
        "uid" : "2b3194b3c7c7b6c3",
        "reportUrl" : "https://Nat754.github.io/PulseWave/208//#testresult/2b3194b3c7c7b6c3",
        "status" : "passed",
        "time" : {
          "start" : 1713879052673,
          "stop" : 1713879052740,
          "duration" : 67
        }
      } ]
    },
    "tags" : [ "smoke" ]
  },
  "source" : "ea68edda4a377dd7.json",
  "parameterValues" : [ "'chrome'", "'https://pulsewave.ru/auth/password?email='" ]
}