{
  "uid" : "f5ff9bc56fa109d6",
  "name" : "1.21, 1.22 Регистрация с некорректным email и сильным паролем и подтверждением пароля",
  "fullName" : "tests.test_signup_page.test_signup_page.TestSignupPage#test_signup_with_incorrect_email_and_strong_password",
  "historyId" : "b1b64859fee299a9939bd6811c61838c",
  "time" : {
    "start" : 1714274126574,
    "stop" : 1714274126574,
    "duration" : 0
  },
  "status" : "broken",
  "statusMessage" : "selenium.common.exceptions.TimeoutException: Message: \nStacktrace:\n#0 0x55fe8a9f7e33 <unknown>\n#1 0x55fe8a6e7567 <unknown>\n#2 0x55fe8a73227d <unknown>\n#3 0x55fe8a732331 <unknown>\n#4 0x55fe8a775624 <unknown>\n#5 0x55fe8a75438d <unknown>\n#6 0x55fe8a772ae2 <unknown>\n#7 0x55fe8a754103 <unknown>\n#8 0x55fe8a7251ba <unknown>\n#9 0x55fe8a725b8e <unknown>\n#10 0x55fe8a9bc59b <unknown>\n#11 0x55fe8a9c034b <unknown>\n#12 0x55fe8a9a8681 <unknown>\n#13 0x55fe8a9c0eb2 <unknown>\n#14 0x55fe8a98d6af <unknown>\n#15 0x55fe8a9e7428 <unknown>\n#16 0x55fe8a9e7600 <unknown>\n#17 0x55fe8a9f6f84 <unknown>\n#18 0x7ff1b0494ac3 <unknown>",
  "statusTrace" : "driver = <selenium.webdriver.chrome.webdriver.WebDriver (session=\"6db35b0fa380d4063a47bd65acfb264d\")>\n\n    @pytest.fixture(scope='function')\n    def signup_page_open(driver):\n        signup_page = SignUpPage(driver)\n        driver.get(Constant.SIGNUP_PAGE)\n>       signup_page.get_allow_all_cookies().click()\n\ntests/test_signup_page/conftest.py:10: \n_ _ _ _ _ _ _ _ _ _ _ _ _ _ _ _ _ _ _ _ _ _ _ _ _ _ _ _ _ _ _ _ _ _ _ _ _ _ _ _ \npages/signup_page.py:39: in get_allow_all_cookies\n    return self.element_is_visible(self.locator.ALLOW_ALL_COOKIES)\npages/base_page.py:19: in element_is_visible\n    self.go_to_element(self.element_is_present(locator))\npages/base_page.py:35: in element_is_present\n    return Wait(self.driver, self.timeout).until(es.presence_of_element_located(locator))\n_ _ _ _ _ _ _ _ _ _ _ _ _ _ _ _ _ _ _ _ _ _ _ _ _ _ _ _ _ _ _ _ _ _ _ _ _ _ _ _ \n\nself = <selenium.webdriver.support.wait.WebDriverWait (session=\"6db35b0fa380d4063a47bd65acfb264d\")>\nmethod = <function presence_of_element_located.<locals>._predicate at 0x7f3f3a4d8040>\nmessage = ''\n\n    def until(self, method: Callable[[D], Union[Literal[False], T]], message: str = \"\") -> T:\n        \"\"\"Calls the method provided with the driver as an argument until the \\\n        return value does not evaluate to ``False``.\n    \n        :param method: callable(WebDriver)\n        :param message: optional message for :exc:`TimeoutException`\n        :returns: the result of the last call to `method`\n        :raises: :exc:`selenium.common.exceptions.TimeoutException` if timeout occurs\n        \"\"\"\n        screen = None\n        stacktrace = None\n    \n        end_time = time.monotonic() + self._timeout\n        while True:\n            try:\n                value = method(self._driver)\n                if value:\n                    return value\n            except self._ignored_exceptions as exc:\n                screen = getattr(exc, \"screen\", None)\n                stacktrace = getattr(exc, \"stacktrace\", None)\n            time.sleep(self._poll)\n            if time.monotonic() > end_time:\n                break\n>       raise TimeoutException(message, screen, stacktrace)\nE       selenium.common.exceptions.TimeoutException: Message: \nE       Stacktrace:\nE       #0 0x55fe8a9f7e33 <unknown>\nE       #1 0x55fe8a6e7567 <unknown>\nE       #2 0x55fe8a73227d <unknown>\nE       #3 0x55fe8a732331 <unknown>\nE       #4 0x55fe8a775624 <unknown>\nE       #5 0x55fe8a75438d <unknown>\nE       #6 0x55fe8a772ae2 <unknown>\nE       #7 0x55fe8a754103 <unknown>\nE       #8 0x55fe8a7251ba <unknown>\nE       #9 0x55fe8a725b8e <unknown>\nE       #10 0x55fe8a9bc59b <unknown>\nE       #11 0x55fe8a9c034b <unknown>\nE       #12 0x55fe8a9a8681 <unknown>\nE       #13 0x55fe8a9c0eb2 <unknown>\nE       #14 0x55fe8a98d6af <unknown>\nE       #15 0x55fe8a9e7428 <unknown>\nE       #16 0x55fe8a9e7600 <unknown>\nE       #17 0x55fe8a9f6f84 <unknown>\nE       #18 0x7ff1b0494ac3 <unknown>\n\n/opt/hostedtoolcache/Python/3.12.3/x64/lib/python3.12/site-packages/selenium/webdriver/support/wait.py:105: TimeoutException",
  "flaky" : false,
  "newFailed" : false,
  "beforeStages" : [ {
    "name" : "clear_allure_results_folder",
    "time" : {
      "start" : 1714270943308,
      "stop" : 1714270943308,
      "duration" : 0
    },
    "status" : "passed",
    "steps" : [ ],
    "attachments" : [ ],
    "parameters" : [ ],
    "stepsCount" : 0,
    "attachmentsCount" : 0,
    "shouldDisplayMessage" : false,
    "hasContent" : false
  }, {
    "name" : "_session_faker",
    "time" : {
      "start" : 1714270943291,
      "stop" : 1714270943307,
      "duration" : 16
    },
    "status" : "passed",
    "steps" : [ ],
    "attachments" : [ ],
    "parameters" : [ ],
    "stepsCount" : 0,
    "attachmentsCount" : 0,
    "shouldDisplayMessage" : false,
    "hasContent" : false
  }, {
    "name" : "driver",
    "time" : {
      "start" : 1714274126575,
      "stop" : 1714274126770,
      "duration" : 195
    },
    "status" : "passed",
    "steps" : [ ],
    "attachments" : [ ],
    "parameters" : [ ],
    "stepsCount" : 0,
    "attachmentsCount" : 0,
    "shouldDisplayMessage" : false,
    "hasContent" : false
  }, {
    "name" : "signup_page_open",
    "time" : {
      "start" : 1714274126770,
      "stop" : 1714274147499,
      "duration" : 20729
    },
    "status" : "broken",
    "statusMessage" : "selenium.common.exceptions.TimeoutException: Message: \nStacktrace:\n#0 0x55fe8a9f7e33 <unknown>\n#1 0x55fe8a6e7567 <unknown>\n#2 0x55fe8a73227d <unknown>\n#3 0x55fe8a732331 <unknown>\n#4 0x55fe8a775624 <unknown>\n#5 0x55fe8a75438d <unknown>\n#6 0x55fe8a772ae2 <unknown>\n#7 0x55fe8a754103 <unknown>\n#8 0x55fe8a7251ba <unknown>\n#9 0x55fe8a725b8e <unknown>\n#10 0x55fe8a9bc59b <unknown>\n#11 0x55fe8a9c034b <unknown>\n#12 0x55fe8a9a8681 <unknown>\n#13 0x55fe8a9c0eb2 <unknown>\n#14 0x55fe8a98d6af <unknown>\n#15 0x55fe8a9e7428 <unknown>\n#16 0x55fe8a9e7600 <unknown>\n#17 0x55fe8a9f6f84 <unknown>\n#18 0x7ff1b0494ac3 <unknown>\n\n",
    "statusTrace" : "  File \"/opt/hostedtoolcache/Python/3.12.3/x64/lib/python3.12/site-packages/pluggy/_callers.py\", line 167, in _multicall\n    teardown.throw(outcome._exception)\n  File \"/opt/hostedtoolcache/Python/3.12.3/x64/lib/python3.12/site-packages/_pytest/setuponly.py\", line 36, in pytest_fixture_setup\n    return (yield)\n            ^^^^^\n  File \"/opt/hostedtoolcache/Python/3.12.3/x64/lib/python3.12/site-packages/pluggy/_callers.py\", line 103, in _multicall\n    res = hook_impl.function(*args)\n          ^^^^^^^^^^^^^^^^^^^^^^^^^\n  File \"/opt/hostedtoolcache/Python/3.12.3/x64/lib/python3.12/site-packages/_pytest/fixtures.py\", line 1140, in pytest_fixture_setup\n    result = call_fixture_func(fixturefunc, request, kwargs)\n             ^^^^^^^^^^^^^^^^^^^^^^^^^^^^^^^^^^^^^^^^^^^^^^^\n  File \"/opt/hostedtoolcache/Python/3.12.3/x64/lib/python3.12/site-packages/_pytest/fixtures.py\", line 917, in call_fixture_func\n    fixture_result = fixturefunc(**kwargs)\n                     ^^^^^^^^^^^^^^^^^^^^^\n  File \"/home/runner/work/PulseWave/PulseWave/tests/test_signup_page/conftest.py\", line 10, in signup_page_open\n    signup_page.get_allow_all_cookies().click()\n    ^^^^^^^^^^^^^^^^^^^^^^^^^^^^^^^^^^^\n  File \"/opt/hostedtoolcache/Python/3.12.3/x64/lib/python3.12/site-packages/allure_commons/_allure.py\", line 192, in impl\n    return func(*a, **kw)\n           ^^^^^^^^^^^^^^\n  File \"/home/runner/work/PulseWave/PulseWave/pages/signup_page.py\", line 39, in get_allow_all_cookies\n    return self.element_is_visible(self.locator.ALLOW_ALL_COOKIES)\n           ^^^^^^^^^^^^^^^^^^^^^^^^^^^^^^^^^^^^^^^^^^^^^^^^^^^^^^^\n  File \"/home/runner/work/PulseWave/PulseWave/pages/base_page.py\", line 19, in element_is_visible\n    self.go_to_element(self.element_is_present(locator))\n                       ^^^^^^^^^^^^^^^^^^^^^^^^^^^^^^^^\n  File \"/home/runner/work/PulseWave/PulseWave/pages/base_page.py\", line 35, in element_is_present\n    return Wait(self.driver, self.timeout).until(es.presence_of_element_located(locator))\n           ^^^^^^^^^^^^^^^^^^^^^^^^^^^^^^^^^^^^^^^^^^^^^^^^^^^^^^^^^^^^^^^^^^^^^^^^^^^^^^\n  File \"/opt/hostedtoolcache/Python/3.12.3/x64/lib/python3.12/site-packages/selenium/webdriver/support/wait.py\", line 105, in until\n    raise TimeoutException(message, screen, stacktrace)\n",
    "steps" : [ {
      "name" : "Проверка видимости кнопки 'Принимаю все' в сообщении о принятии файлов cookie",
      "time" : {
        "start" : 1714274127087,
        "stop" : 1714274147499,
        "duration" : 20412
      },
      "status" : "broken",
      "statusMessage" : "selenium.common.exceptions.TimeoutException: Message: \nStacktrace:\n#0 0x55fe8a9f7e33 <unknown>\n#1 0x55fe8a6e7567 <unknown>\n#2 0x55fe8a73227d <unknown>\n#3 0x55fe8a732331 <unknown>\n#4 0x55fe8a775624 <unknown>\n#5 0x55fe8a75438d <unknown>\n#6 0x55fe8a772ae2 <unknown>\n#7 0x55fe8a754103 <unknown>\n#8 0x55fe8a7251ba <unknown>\n#9 0x55fe8a725b8e <unknown>\n#10 0x55fe8a9bc59b <unknown>\n#11 0x55fe8a9c034b <unknown>\n#12 0x55fe8a9a8681 <unknown>\n#13 0x55fe8a9c0eb2 <unknown>\n#14 0x55fe8a98d6af <unknown>\n#15 0x55fe8a9e7428 <unknown>\n#16 0x55fe8a9e7600 <unknown>\n#17 0x55fe8a9f6f84 <unknown>\n#18 0x7ff1b0494ac3 <unknown>\n\n",
      "statusTrace" : "  File \"/opt/hostedtoolcache/Python/3.12.3/x64/lib/python3.12/site-packages/allure_commons/_allure.py\", line 192, in impl\n    return func(*a, **kw)\n           ^^^^^^^^^^^^^^\n  File \"/home/runner/work/PulseWave/PulseWave/pages/signup_page.py\", line 39, in get_allow_all_cookies\n    return self.element_is_visible(self.locator.ALLOW_ALL_COOKIES)\n           ^^^^^^^^^^^^^^^^^^^^^^^^^^^^^^^^^^^^^^^^^^^^^^^^^^^^^^^\n  File \"/home/runner/work/PulseWave/PulseWave/pages/base_page.py\", line 19, in element_is_visible\n    self.go_to_element(self.element_is_present(locator))\n                       ^^^^^^^^^^^^^^^^^^^^^^^^^^^^^^^^\n  File \"/home/runner/work/PulseWave/PulseWave/pages/base_page.py\", line 35, in element_is_present\n    return Wait(self.driver, self.timeout).until(es.presence_of_element_located(locator))\n           ^^^^^^^^^^^^^^^^^^^^^^^^^^^^^^^^^^^^^^^^^^^^^^^^^^^^^^^^^^^^^^^^^^^^^^^^^^^^^^\n  File \"/opt/hostedtoolcache/Python/3.12.3/x64/lib/python3.12/site-packages/selenium/webdriver/support/wait.py\", line 105, in until\n    raise TimeoutException(message, screen, stacktrace)\n",
      "steps" : [ ],
      "attachments" : [ ],
      "parameters" : [ ],
      "stepsCount" : 0,
      "attachmentsCount" : 0,
      "shouldDisplayMessage" : true,
      "hasContent" : true
    } ],
    "attachments" : [ ],
    "parameters" : [ ],
    "stepsCount" : 1,
    "attachmentsCount" : 0,
    "shouldDisplayMessage" : false,
    "hasContent" : true
  } ],
  "afterStages" : [ {
    "name" : "driver::0",
    "time" : {
      "start" : 1714274147513,
      "stop" : 1714274147572,
      "duration" : 59
    },
    "status" : "passed",
    "steps" : [ ],
    "attachments" : [ ],
    "parameters" : [ ],
    "stepsCount" : 0,
    "attachmentsCount" : 0,
    "shouldDisplayMessage" : false,
    "hasContent" : false
  } ],
  "labels" : [ {
    "name" : "epic",
    "value" : "Тестирование страницы 'Регистрация'"
  }, {
    "name" : "tag",
    "value" : "smoke"
  }, {
    "name" : "parentSuite",
    "value" : "tests.test_signup_page"
  }, {
    "name" : "suite",
    "value" : "test_signup_page"
  }, {
    "name" : "subSuite",
    "value" : "TestSignupPage"
  }, {
    "name" : "host",
    "value" : "fv-az1383-514"
  }, {
    "name" : "thread",
    "value" : "2368-MainThread"
  }, {
    "name" : "framework",
    "value" : "pytest"
  }, {
    "name" : "language",
    "value" : "cpython3"
  }, {
    "name" : "package",
    "value" : "tests.test_signup_page.test_signup_page"
  }, {
    "name" : "resultFormat",
    "value" : "allure2"
  } ],
  "parameters" : [ {
    "name" : "browser",
    "value" : "'chrome'"
  }, {
    "name" : "data_email",
    "value" : "'test@test'"
  } ],
  "links" : [ ],
  "hidden" : false,
  "retry" : false,
  "extra" : {
    "severity" : "normal",
    "retries" : [ ],
    "categories" : [ {
      "name" : "Test defects",
      "matchedStatuses" : [ ],
      "flaky" : false
    } ],
    "history" : {
      "statistic" : {
        "failed" : 0,
        "broken" : 1,
        "skipped" : 0,
        "passed" : 11,
        "unknown" : 0,
        "total" : 12
      },
      "items" : [ {
        "uid" : "3bf28dc6f115a615",
        "reportUrl" : "https://Nat754.github.io/PulseWave/7//#testresult/3bf28dc6f115a615",
        "status" : "passed",
        "time" : {
          "start" : 1714185328834,
          "stop" : 1714185329097,
          "duration" : 263
        }
      }, {
        "uid" : "dfbc9f4291e47136",
        "reportUrl" : "https://Nat754.github.io/PulseWave/6//#testresult/dfbc9f4291e47136",
        "status" : "passed",
        "time" : {
          "start" : 1714148748976,
          "stop" : 1714148749247,
          "duration" : 271
        }
      }, {
        "uid" : "745f52fd6d669bf4",
        "reportUrl" : "https://Nat754.github.io/PulseWave/6//#testresult/745f52fd6d669bf4",
        "status" : "passed",
        "time" : {
          "start" : 1714098798747,
          "stop" : 1714098799009,
          "duration" : 262
        }
      }, {
        "uid" : "d3a710a7fee6b3eb",
        "reportUrl" : "https://Nat754.github.io/PulseWave/5//#testresult/d3a710a7fee6b3eb",
        "status" : "passed",
        "time" : {
          "start" : 1714014646578,
          "stop" : 1714014646853,
          "duration" : 275
        }
      }, {
        "uid" : "570b672043cbb3dc",
        "reportUrl" : "https://Nat754.github.io/PulseWave/211//#testresult/570b672043cbb3dc",
        "status" : "passed",
        "time" : {
          "start" : 1713946156792,
          "stop" : 1713946157060,
          "duration" : 268
        }
      }, {
        "uid" : "4ab9120828fef2ce",
        "reportUrl" : "https://Nat754.github.io/PulseWave/4//#testresult/4ab9120828fef2ce",
        "status" : "passed",
        "time" : {
          "start" : 1713925948389,
          "stop" : 1713925948700,
          "duration" : 311
        }
      }, {
        "uid" : "a36331e4d92574cf",
        "reportUrl" : "https://Nat754.github.io/PulseWave/211//#testresult/a36331e4d92574cf",
        "status" : "passed",
        "time" : {
          "start" : 1713901827049,
          "stop" : 1713901827325,
          "duration" : 276
        }
      }, {
        "uid" : "dbf67bbec060972d",
        "reportUrl" : "https://Nat754.github.io/PulseWave/210//#testresult/dbf67bbec060972d",
        "status" : "passed",
        "time" : {
          "start" : 1713886069520,
          "stop" : 1713886069780,
          "duration" : 260
        }
      }, {
        "uid" : "d58ec770e0593269",
        "reportUrl" : "https://Nat754.github.io/PulseWave/209//#testresult/d58ec770e0593269",
        "status" : "passed",
        "time" : {
          "start" : 1713883956569,
          "stop" : 1713883956827,
          "duration" : 258
        }
      }, {
        "uid" : "6ac23b09417c2932",
        "reportUrl" : "https://Nat754.github.io/PulseWave/209//#testresult/6ac23b09417c2932",
        "status" : "passed",
        "time" : {
          "start" : 1713882486690,
          "stop" : 1713882486954,
          "duration" : 264
        }
      }, {
        "uid" : "2d239d277ba25ee4",
        "reportUrl" : "https://Nat754.github.io/PulseWave/208//#testresult/2d239d277ba25ee4",
        "status" : "passed",
        "time" : {
          "start" : 1713879665497,
          "stop" : 1713879665767,
          "duration" : 270
        }
      } ]
    },
    "tags" : [ "smoke" ]
  },
  "source" : "f5ff9bc56fa109d6.json",
  "parameterValues" : [ "'chrome'", "'test@test'" ]
}