{
  "uid" : "adf9e7ca645ba1f4",
  "name" : "1.3, 1.3.1, 1.15 Регистрация с корректными email и паролем и с согласием на подписку",
  "fullName" : "tests.test_signup_page.test_signup_page.TestSignupPage#test_signup_with_correct_data_and_agree",
  "historyId" : "3f1a9a03cb3169fb36bf4b166c8deeee",
  "time" : {
    "start" : 1707236241001,
    "stop" : 1707236261636,
    "duration" : 20635
  },
  "status" : "broken",
  "statusMessage" : "selenium.common.exceptions.TimeoutException: Message: \nStacktrace:\n#0 0x5637e4ac6d93 <unknown>\n#1 0x5637e47aa337 <unknown>\n#2 0x5637e47f5d60 <unknown>\n#3 0x5637e47f5e51 <unknown>\n#4 0x5637e4839bc4 <unknown>\n#5 0x5637e481846d <unknown>\n#6 0x5637e483712d <unknown>\n#7 0x5637e48181e3 <unknown>\n#8 0x5637e47e8135 <unknown>\n#9 0x5637e47e913e <unknown>\n#10 0x5637e4a8ae4b <unknown>\n#11 0x5637e4a8edfa <unknown>\n#12 0x5637e4a776d5 <unknown>\n#13 0x5637e4a8fa6f <unknown>\n#14 0x5637e4a5b69f <unknown>\n#15 0x5637e4ab4098 <unknown>\n#16 0x5637e4ab4262 <unknown>\n#17 0x5637e4ac5f34 <unknown>\n#18 0x7fd0ee894ac3 <unknown>",
  "statusTrace" : "self = <tests.test_signup_page.test_signup_page.TestSignupPage object at 0x7f5da8b01fd0>\nsignup_page_open = <pages.signup_page.SignUpPage object at 0x7f5da8b22870>\ndriver = <selenium.webdriver.chrome.webdriver.WebDriver (session=\"ed1e50ba7b0fac0395b74039b54f235f\")>\n\n    @allure.title(\"1.3, 1.3.1, 1.15 Регистрация с корректными email и паролем и с согласием на подписку\")\n    @pytest.mark.smoke\n    def test_signup_with_correct_data_and_agree(self, signup_page_open, driver):\n        with allure.step('Заполнить поле email корректными данными'):\n            signup_page_open.put_data_to_email_field(email1)\n        with allure.step('Заполнить поле пароль сильным паролем'):\n            signup_page_open.put_data_to_password_field(password0)\n        with allure.step('Заполнить поле подтверждение пароля сильным паролем'):\n            signup_page_open.put_data_to_confirm_password_field(password0)\n        signup_page_open.check_pulsewave_policy_message().click()\n        signup_page_open.click_button_registration()\n>       element = signup_page_open.get_send_invite_message()\n\ntests/test_signup_page/test_signup_page.py:29: \n_ _ _ _ _ _ _ _ _ _ _ _ _ _ _ _ _ _ _ _ _ _ _ _ _ _ _ _ _ _ _ _ _ _ _ _ _ _ _ _ \npages/signup_page.py:87: in get_send_invite_message\n    return self.element_is_visible(self.locator.SEND_INVITE_EMAIL)\npages/base_page.py:19: in element_is_visible\n    self.go_to_element(self.element_is_present(locator))\npages/base_page.py:35: in element_is_present\n    return Wait(self.driver, self.timeout).until(es.presence_of_element_located(locator))\n_ _ _ _ _ _ _ _ _ _ _ _ _ _ _ _ _ _ _ _ _ _ _ _ _ _ _ _ _ _ _ _ _ _ _ _ _ _ _ _ \n\nself = <selenium.webdriver.support.wait.WebDriverWait (session=\"ed1e50ba7b0fac0395b74039b54f235f\")>\nmethod = <function presence_of_element_located.<locals>._predicate at 0x7f5da80165c0>\nmessage = ''\n\n    def until(self, method: Callable[[D], Union[Literal[False], T]], message: str = \"\") -> T:\n        \"\"\"Calls the method provided with the driver as an argument until the \\\n        return value does not evaluate to ``False``.\n    \n        :param method: callable(WebDriver)\n        :param message: optional message for :exc:`TimeoutException`\n        :returns: the result of the last call to `method`\n        :raises: :exc:`selenium.common.exceptions.TimeoutException` if timeout occurs\n        \"\"\"\n        screen = None\n        stacktrace = None\n    \n        end_time = time.monotonic() + self._timeout\n        while True:\n            try:\n                value = method(self._driver)\n                if value:\n                    return value\n            except self._ignored_exceptions as exc:\n                screen = getattr(exc, \"screen\", None)\n                stacktrace = getattr(exc, \"stacktrace\", None)\n            time.sleep(self._poll)\n            if time.monotonic() > end_time:\n                break\n>       raise TimeoutException(message, screen, stacktrace)\nE       selenium.common.exceptions.TimeoutException: Message: \nE       Stacktrace:\nE       #0 0x5637e4ac6d93 <unknown>\nE       #1 0x5637e47aa337 <unknown>\nE       #2 0x5637e47f5d60 <unknown>\nE       #3 0x5637e47f5e51 <unknown>\nE       #4 0x5637e4839bc4 <unknown>\nE       #5 0x5637e481846d <unknown>\nE       #6 0x5637e483712d <unknown>\nE       #7 0x5637e48181e3 <unknown>\nE       #8 0x5637e47e8135 <unknown>\nE       #9 0x5637e47e913e <unknown>\nE       #10 0x5637e4a8ae4b <unknown>\nE       #11 0x5637e4a8edfa <unknown>\nE       #12 0x5637e4a776d5 <unknown>\nE       #13 0x5637e4a8fa6f <unknown>\nE       #14 0x5637e4a5b69f <unknown>\nE       #15 0x5637e4ab4098 <unknown>\nE       #16 0x5637e4ab4262 <unknown>\nE       #17 0x5637e4ac5f34 <unknown>\nE       #18 0x7fd0ee894ac3 <unknown>\n\n/opt/hostedtoolcache/Python/3.12.1/x64/lib/python3.12/site-packages/selenium/webdriver/support/wait.py:105: TimeoutException",
  "flaky" : false,
  "newFailed" : false,
  "beforeStages" : [ {
    "name" : "clear_allure_results_folder",
    "time" : {
      "start" : 1707235508669,
      "stop" : 1707235508669,
      "duration" : 0
    },
    "status" : "passed",
    "steps" : [ ],
    "attachments" : [ ],
    "parameters" : [ ],
    "stepsCount" : 0,
    "attachmentsCount" : 0,
    "shouldDisplayMessage" : false,
    "hasContent" : false
  }, {
    "name" : "signup_page_open",
    "time" : {
      "start" : 1707236239540,
      "stop" : 1707236241000,
      "duration" : 1460
    },
    "status" : "passed",
    "steps" : [ {
      "name" : "Проверка видимости кнопки 'Принимаю все' в сообщении о принятии файлов cookie",
      "time" : {
        "start" : 1707236240946,
        "stop" : 1707236240972,
        "duration" : 26
      },
      "status" : "passed",
      "steps" : [ ],
      "attachments" : [ ],
      "parameters" : [ ],
      "stepsCount" : 0,
      "attachmentsCount" : 0,
      "shouldDisplayMessage" : false,
      "hasContent" : false
    } ],
    "attachments" : [ ],
    "parameters" : [ ],
    "stepsCount" : 1,
    "attachmentsCount" : 0,
    "shouldDisplayMessage" : false,
    "hasContent" : true
  }, {
    "name" : "driver",
    "time" : {
      "start" : 1707236239365,
      "stop" : 1707236239540,
      "duration" : 175
    },
    "status" : "passed",
    "steps" : [ ],
    "attachments" : [ ],
    "parameters" : [ ],
    "stepsCount" : 0,
    "attachmentsCount" : 0,
    "shouldDisplayMessage" : false,
    "hasContent" : false
  }, {
    "name" : "_session_faker",
    "time" : {
      "start" : 1707235508650,
      "stop" : 1707235508668,
      "duration" : 18
    },
    "status" : "passed",
    "steps" : [ ],
    "attachments" : [ ],
    "parameters" : [ ],
    "stepsCount" : 0,
    "attachmentsCount" : 0,
    "shouldDisplayMessage" : false,
    "hasContent" : false
  } ],
  "testStage" : {
    "status" : "broken",
    "statusMessage" : "selenium.common.exceptions.TimeoutException: Message: \nStacktrace:\n#0 0x5637e4ac6d93 <unknown>\n#1 0x5637e47aa337 <unknown>\n#2 0x5637e47f5d60 <unknown>\n#3 0x5637e47f5e51 <unknown>\n#4 0x5637e4839bc4 <unknown>\n#5 0x5637e481846d <unknown>\n#6 0x5637e483712d <unknown>\n#7 0x5637e48181e3 <unknown>\n#8 0x5637e47e8135 <unknown>\n#9 0x5637e47e913e <unknown>\n#10 0x5637e4a8ae4b <unknown>\n#11 0x5637e4a8edfa <unknown>\n#12 0x5637e4a776d5 <unknown>\n#13 0x5637e4a8fa6f <unknown>\n#14 0x5637e4a5b69f <unknown>\n#15 0x5637e4ab4098 <unknown>\n#16 0x5637e4ab4262 <unknown>\n#17 0x5637e4ac5f34 <unknown>\n#18 0x7fd0ee894ac3 <unknown>",
    "statusTrace" : "self = <tests.test_signup_page.test_signup_page.TestSignupPage object at 0x7f5da8b01fd0>\nsignup_page_open = <pages.signup_page.SignUpPage object at 0x7f5da8b22870>\ndriver = <selenium.webdriver.chrome.webdriver.WebDriver (session=\"ed1e50ba7b0fac0395b74039b54f235f\")>\n\n    @allure.title(\"1.3, 1.3.1, 1.15 Регистрация с корректными email и паролем и с согласием на подписку\")\n    @pytest.mark.smoke\n    def test_signup_with_correct_data_and_agree(self, signup_page_open, driver):\n        with allure.step('Заполнить поле email корректными данными'):\n            signup_page_open.put_data_to_email_field(email1)\n        with allure.step('Заполнить поле пароль сильным паролем'):\n            signup_page_open.put_data_to_password_field(password0)\n        with allure.step('Заполнить поле подтверждение пароля сильным паролем'):\n            signup_page_open.put_data_to_confirm_password_field(password0)\n        signup_page_open.check_pulsewave_policy_message().click()\n        signup_page_open.click_button_registration()\n>       element = signup_page_open.get_send_invite_message()\n\ntests/test_signup_page/test_signup_page.py:29: \n_ _ _ _ _ _ _ _ _ _ _ _ _ _ _ _ _ _ _ _ _ _ _ _ _ _ _ _ _ _ _ _ _ _ _ _ _ _ _ _ \npages/signup_page.py:87: in get_send_invite_message\n    return self.element_is_visible(self.locator.SEND_INVITE_EMAIL)\npages/base_page.py:19: in element_is_visible\n    self.go_to_element(self.element_is_present(locator))\npages/base_page.py:35: in element_is_present\n    return Wait(self.driver, self.timeout).until(es.presence_of_element_located(locator))\n_ _ _ _ _ _ _ _ _ _ _ _ _ _ _ _ _ _ _ _ _ _ _ _ _ _ _ _ _ _ _ _ _ _ _ _ _ _ _ _ \n\nself = <selenium.webdriver.support.wait.WebDriverWait (session=\"ed1e50ba7b0fac0395b74039b54f235f\")>\nmethod = <function presence_of_element_located.<locals>._predicate at 0x7f5da80165c0>\nmessage = ''\n\n    def until(self, method: Callable[[D], Union[Literal[False], T]], message: str = \"\") -> T:\n        \"\"\"Calls the method provided with the driver as an argument until the \\\n        return value does not evaluate to ``False``.\n    \n        :param method: callable(WebDriver)\n        :param message: optional message for :exc:`TimeoutException`\n        :returns: the result of the last call to `method`\n        :raises: :exc:`selenium.common.exceptions.TimeoutException` if timeout occurs\n        \"\"\"\n        screen = None\n        stacktrace = None\n    \n        end_time = time.monotonic() + self._timeout\n        while True:\n            try:\n                value = method(self._driver)\n                if value:\n                    return value\n            except self._ignored_exceptions as exc:\n                screen = getattr(exc, \"screen\", None)\n                stacktrace = getattr(exc, \"stacktrace\", None)\n            time.sleep(self._poll)\n            if time.monotonic() > end_time:\n                break\n>       raise TimeoutException(message, screen, stacktrace)\nE       selenium.common.exceptions.TimeoutException: Message: \nE       Stacktrace:\nE       #0 0x5637e4ac6d93 <unknown>\nE       #1 0x5637e47aa337 <unknown>\nE       #2 0x5637e47f5d60 <unknown>\nE       #3 0x5637e47f5e51 <unknown>\nE       #4 0x5637e4839bc4 <unknown>\nE       #5 0x5637e481846d <unknown>\nE       #6 0x5637e483712d <unknown>\nE       #7 0x5637e48181e3 <unknown>\nE       #8 0x5637e47e8135 <unknown>\nE       #9 0x5637e47e913e <unknown>\nE       #10 0x5637e4a8ae4b <unknown>\nE       #11 0x5637e4a8edfa <unknown>\nE       #12 0x5637e4a776d5 <unknown>\nE       #13 0x5637e4a8fa6f <unknown>\nE       #14 0x5637e4a5b69f <unknown>\nE       #15 0x5637e4ab4098 <unknown>\nE       #16 0x5637e4ab4262 <unknown>\nE       #17 0x5637e4ac5f34 <unknown>\nE       #18 0x7fd0ee894ac3 <unknown>\n\n/opt/hostedtoolcache/Python/3.12.1/x64/lib/python3.12/site-packages/selenium/webdriver/support/wait.py:105: TimeoutException",
    "steps" : [ {
      "name" : "Заполнить поле email корректными данными",
      "time" : {
        "start" : 1707236241001,
        "stop" : 1707236241075,
        "duration" : 74
      },
      "status" : "passed",
      "steps" : [ ],
      "attachments" : [ ],
      "parameters" : [ ],
      "stepsCount" : 0,
      "attachmentsCount" : 0,
      "shouldDisplayMessage" : false,
      "hasContent" : false
    }, {
      "name" : "Заполнить поле пароль сильным паролем",
      "time" : {
        "start" : 1707236241075,
        "stop" : 1707236241129,
        "duration" : 54
      },
      "status" : "passed",
      "steps" : [ ],
      "attachments" : [ ],
      "parameters" : [ ],
      "stepsCount" : 0,
      "attachmentsCount" : 0,
      "shouldDisplayMessage" : false,
      "hasContent" : false
    }, {
      "name" : "Заполнить поле подтверждение пароля сильным паролем",
      "time" : {
        "start" : 1707236241130,
        "stop" : 1707236241183,
        "duration" : 53
      },
      "status" : "passed",
      "steps" : [ ],
      "attachments" : [ ],
      "parameters" : [ ],
      "stepsCount" : 0,
      "attachmentsCount" : 0,
      "shouldDisplayMessage" : false,
      "hasContent" : false
    }, {
      "name" : "Видимость сообщения: 'Я согласен получать новости и обновления PulseWave'",
      "time" : {
        "start" : 1707236241184,
        "stop" : 1707236241205,
        "duration" : 21
      },
      "status" : "passed",
      "steps" : [ ],
      "attachments" : [ ],
      "parameters" : [ ],
      "stepsCount" : 0,
      "attachmentsCount" : 0,
      "shouldDisplayMessage" : false,
      "hasContent" : false
    }, {
      "name" : "Нажать кнопку 'Регистрация'",
      "time" : {
        "start" : 1707236241228,
        "stop" : 1707236241276,
        "duration" : 48
      },
      "status" : "passed",
      "steps" : [ ],
      "attachments" : [ ],
      "parameters" : [ ],
      "stepsCount" : 0,
      "attachmentsCount" : 0,
      "shouldDisplayMessage" : false,
      "hasContent" : false
    }, {
      "name" : "Получено сообщения о подтверждении регистрации",
      "time" : {
        "start" : 1707236241276,
        "stop" : 1707236261635,
        "duration" : 20359
      },
      "status" : "broken",
      "statusMessage" : "selenium.common.exceptions.TimeoutException: Message: \nStacktrace:\n#0 0x5637e4ac6d93 <unknown>\n#1 0x5637e47aa337 <unknown>\n#2 0x5637e47f5d60 <unknown>\n#3 0x5637e47f5e51 <unknown>\n#4 0x5637e4839bc4 <unknown>\n#5 0x5637e481846d <unknown>\n#6 0x5637e483712d <unknown>\n#7 0x5637e48181e3 <unknown>\n#8 0x5637e47e8135 <unknown>\n#9 0x5637e47e913e <unknown>\n#10 0x5637e4a8ae4b <unknown>\n#11 0x5637e4a8edfa <unknown>\n#12 0x5637e4a776d5 <unknown>\n#13 0x5637e4a8fa6f <unknown>\n#14 0x5637e4a5b69f <unknown>\n#15 0x5637e4ab4098 <unknown>\n#16 0x5637e4ab4262 <unknown>\n#17 0x5637e4ac5f34 <unknown>\n#18 0x7fd0ee894ac3 <unknown>\n\n",
      "statusTrace" : "  File \"/opt/hostedtoolcache/Python/3.12.1/x64/lib/python3.12/site-packages/allure_commons/_allure.py\", line 192, in impl\n    return func(*a, **kw)\n           ^^^^^^^^^^^^^^\n  File \"/home/runner/work/PulseWave/PulseWave/pages/signup_page.py\", line 87, in get_send_invite_message\n    return self.element_is_visible(self.locator.SEND_INVITE_EMAIL)\n           ^^^^^^^^^^^^^^^^^^^^^^^^^^^^^^^^^^^^^^^^^^^^^^^^^^^^^^^\n  File \"/home/runner/work/PulseWave/PulseWave/pages/base_page.py\", line 19, in element_is_visible\n    self.go_to_element(self.element_is_present(locator))\n                       ^^^^^^^^^^^^^^^^^^^^^^^^^^^^^^^^\n  File \"/home/runner/work/PulseWave/PulseWave/pages/base_page.py\", line 35, in element_is_present\n    return Wait(self.driver, self.timeout).until(es.presence_of_element_located(locator))\n           ^^^^^^^^^^^^^^^^^^^^^^^^^^^^^^^^^^^^^^^^^^^^^^^^^^^^^^^^^^^^^^^^^^^^^^^^^^^^^^\n  File \"/opt/hostedtoolcache/Python/3.12.1/x64/lib/python3.12/site-packages/selenium/webdriver/support/wait.py\", line 105, in until\n    raise TimeoutException(message, screen, stacktrace)\n",
      "steps" : [ ],
      "attachments" : [ ],
      "parameters" : [ ],
      "stepsCount" : 0,
      "attachmentsCount" : 0,
      "shouldDisplayMessage" : true,
      "hasContent" : true
    } ],
    "attachments" : [ {
      "uid" : "1f4ec0f8ba79cc4d",
      "name" : "Screenshot",
      "source" : "1f4ec0f8ba79cc4d.png",
      "type" : "image/png",
      "size" : 62780
    }, {
      "uid" : "dac1b81d54654e83",
      "name" : "HTML source",
      "source" : "dac1b81d54654e83.html",
      "type" : "text/html",
      "size" : 99456
    } ],
    "parameters" : [ ],
    "stepsCount" : 6,
    "attachmentsCount" : 2,
    "shouldDisplayMessage" : true,
    "hasContent" : true
  },
  "afterStages" : [ {
    "name" : "driver::0",
    "time" : {
      "start" : 1707236261709,
      "stop" : 1707236261768,
      "duration" : 59
    },
    "status" : "passed",
    "steps" : [ ],
    "attachments" : [ ],
    "parameters" : [ ],
    "stepsCount" : 0,
    "attachmentsCount" : 0,
    "shouldDisplayMessage" : false,
    "hasContent" : false
  } ],
  "labels" : [ {
    "name" : "epic",
    "value" : "Тестирование страницы 'Регистрация'"
  }, {
    "name" : "tag",
    "value" : "smoke"
  }, {
    "name" : "parentSuite",
    "value" : "tests.test_signup_page"
  }, {
    "name" : "suite",
    "value" : "test_signup_page"
  }, {
    "name" : "subSuite",
    "value" : "TestSignupPage"
  }, {
    "name" : "host",
    "value" : "fv-az885-230"
  }, {
    "name" : "thread",
    "value" : "2210-MainThread"
  }, {
    "name" : "framework",
    "value" : "pytest"
  }, {
    "name" : "language",
    "value" : "cpython3"
  }, {
    "name" : "package",
    "value" : "tests.test_signup_page.test_signup_page"
  }, {
    "name" : "resultFormat",
    "value" : "allure2"
  } ],
  "parameters" : [ {
    "name" : "browser",
    "value" : "'chrome'"
  } ],
  "links" : [ ],
  "hidden" : false,
  "retry" : false,
  "extra" : {
    "severity" : "normal",
    "retries" : [ ],
    "categories" : [ {
      "name" : "Test defects",
      "matchedStatuses" : [ ],
      "flaky" : false
    } ],
    "history" : {
      "statistic" : {
        "failed" : 0,
        "broken" : 4,
        "skipped" : 0,
        "passed" : 4,
        "unknown" : 0,
        "total" : 8
      },
      "items" : [ {
        "uid" : "dc3c904566ec9f41",
        "reportUrl" : "https://Nat754.github.io/PulseWave/166//#testresult/dc3c904566ec9f41",
        "status" : "broken",
        "statusDetails" : "TimeoutError: [Errno 110] Connection timed out",
        "time" : {
          "start" : 1707220320973,
          "stop" : 1707220459034,
          "duration" : 138061
        }
      }, {
        "uid" : "f855303c8ebb1e68",
        "reportUrl" : "https://Nat754.github.io/PulseWave/166//#testresult/f855303c8ebb1e68",
        "status" : "passed",
        "time" : {
          "start" : 1707218717637,
          "stop" : 1707218729542,
          "duration" : 11905
        }
      }, {
        "uid" : "b3730ecf9e50dace",
        "reportUrl" : "https://Nat754.github.io/PulseWave/166//#testresult/b3730ecf9e50dace",
        "status" : "passed",
        "time" : {
          "start" : 1707217887759,
          "stop" : 1707217898485,
          "duration" : 10726
        }
      }, {
        "uid" : "fbf5a802c8afd56e",
        "reportUrl" : "https://Nat754.github.io/PulseWave/165//#testresult/fbf5a802c8afd56e",
        "status" : "passed",
        "time" : {
          "start" : 1707216855752,
          "stop" : 1707216864919,
          "duration" : 9167
        }
      }, {
        "uid" : "3b7481b040d16a1f",
        "reportUrl" : "https://Nat754.github.io/PulseWave/164//#testresult/3b7481b040d16a1f",
        "status" : "broken",
        "statusDetails" : "TimeoutError: [Errno 110] Connection timed out",
        "time" : {
          "start" : 1707215181364,
          "stop" : 1707215317157,
          "duration" : 135793
        }
      }, {
        "uid" : "be9b07157e6c1d5e",
        "reportUrl" : "https://Nat754.github.io/PulseWave/164//#testresult/be9b07157e6c1d5e",
        "status" : "broken",
        "statusDetails" : "selenium.common.exceptions.TimeoutException: Message: \nStacktrace:\n#0 0x558d8dc2ed93 <unknown>\n#1 0x558d8d912337 <unknown>\n#2 0x558d8d95dd60 <unknown>\n#3 0x558d8d95de51 <unknown>\n#4 0x558d8d9a1bc4 <unknown>\n#5 0x558d8d98046d <unknown>\n#6 0x558d8d99f12d <unknown>\n#7 0x558d8d9801e3 <unknown>\n#8 0x558d8d950135 <unknown>\n#9 0x558d8d95113e <unknown>\n#10 0x558d8dbf2e4b <unknown>\n#11 0x558d8dbf6dfa <unknown>\n#12 0x558d8dbdf6d5 <unknown>\n#13 0x558d8dbf7a6f <unknown>\n#14 0x558d8dbc369f <unknown>\n#15 0x558d8dc1c098 <unknown>\n#16 0x558d8dc1c262 <unknown>\n#17 0x558d8dc2df34 <unknown>\n#18 0x7fd2d6e94ac3 <unknown>",
        "time" : {
          "start" : 1707211885958,
          "stop" : 1707211906637,
          "duration" : 20679
        }
      }, {
        "uid" : "76920d5acb8830a9",
        "reportUrl" : "https://Nat754.github.io/PulseWave/163//#testresult/76920d5acb8830a9",
        "status" : "passed",
        "time" : {
          "start" : 1707078714012,
          "stop" : 1707078721576,
          "duration" : 7564
        }
      } ]
    },
    "tags" : [ "smoke" ]
  },
  "source" : "adf9e7ca645ba1f4.json",
  "parameterValues" : [ "'chrome'" ]
}