{
  "uid" : "dd04af5530d9c60e",
  "name" : "Проверка цвета и размера 'Ваша безопасность и конфиденциальность для нас на первом месте!' на Главной странице",
  "fullName" : "tests.test_main_page.TestMainPage#test_get_body_first_safety_size_and_color",
  "historyId" : "2457266a1188ddd649a29fead00df36f",
  "time" : {
    "start" : 1698858228944,
    "stop" : 1698858229013,
    "duration" : 69
  },
  "status" : "skipped",
  "statusMessage" : "XFAIL ОР шрифт 16, ФР шрифт 14\n\nAssertionError: Размер не соответствует\nassert '14px' == '16px'\n  - 16px\n  ?  ^\n  + 14px\n  ?  ^",
  "statusTrace" : "self = <tests.test_main_page.TestMainPage object at 0x7f592a751710>\nmain_page_open = <pages.main_page.MainPage object at 0x7f592ae2fd90>\ndriver = <selenium.webdriver.chrome.webdriver.WebDriver (session=\"8f6218137072c4c31296fc0001c7f014\")>\n\n    @pytest.mark.xfail(reason=\"ОР шрифт 16, ФР шрифт 14\")\n    @allure.title(f\"Проверка цвета и размера '{FIRST_SAFETY}' на Главной странице\")\n    @pytest.mark.smoke\n    def test_get_body_first_safety_size_and_color(self, main_page_open, driver):\n        element = main_page_open.get_body_first_safety()\n        assert element.value_of_css_property(\"color\") == TEXT_COLOR, \"Цвет не соответствует\"\n>       assert element.value_of_css_property(\"font-size\") == TEXT_SIZE, \"Размер не соответствует\"\nE       AssertionError: Размер не соответствует\nE       assert '14px' == '16px'\nE         - 16px\nE         ?  ^\nE         + 14px\nE         ?  ^\n\ntests/test_main_page.py:148: AssertionError",
  "flaky" : false,
  "newFailed" : false,
  "beforeStages" : [ {
    "name" : "clear_allure_results_folder",
    "time" : {
      "start" : 1698858191461,
      "stop" : 1698858191461,
      "duration" : 0
    },
    "status" : "passed",
    "steps" : [ ],
    "attachments" : [ ],
    "parameters" : [ ],
    "stepsCount" : 0,
    "attachmentsCount" : 0,
    "shouldDisplayMessage" : false,
    "hasContent" : false
  }, {
    "name" : "main_page_open",
    "time" : {
      "start" : 1698858228246,
      "stop" : 1698858228943,
      "duration" : 697
    },
    "status" : "passed",
    "steps" : [ {
      "name" : "Проверка видимости кнопки 'Принимаю все' в сообщении о принятии файлов cookie на Главной странице",
      "time" : {
        "start" : 1698858228846,
        "stop" : 1698858228896,
        "duration" : 50
      },
      "status" : "passed",
      "steps" : [ ],
      "attachments" : [ ],
      "parameters" : [ ],
      "stepsCount" : 0,
      "attachmentsCount" : 0,
      "shouldDisplayMessage" : false,
      "hasContent" : false
    } ],
    "attachments" : [ ],
    "parameters" : [ ],
    "stepsCount" : 1,
    "attachmentsCount" : 0,
    "shouldDisplayMessage" : false,
    "hasContent" : true
  }, {
    "name" : "driver",
    "time" : {
      "start" : 1698858227494,
      "stop" : 1698858228246,
      "duration" : 752
    },
    "status" : "passed",
    "steps" : [ ],
    "attachments" : [ ],
    "parameters" : [ ],
    "stepsCount" : 0,
    "attachmentsCount" : 0,
    "shouldDisplayMessage" : false,
    "hasContent" : false
  }, {
    "name" : "_session_faker",
    "time" : {
      "start" : 1698858191365,
      "stop" : 1698858191460,
      "duration" : 95
    },
    "status" : "passed",
    "steps" : [ ],
    "attachments" : [ ],
    "parameters" : [ ],
    "stepsCount" : 0,
    "attachmentsCount" : 0,
    "shouldDisplayMessage" : false,
    "hasContent" : false
  } ],
  "testStage" : {
    "status" : "skipped",
    "statusMessage" : "XFAIL ОР шрифт 16, ФР шрифт 14\n\nAssertionError: Размер не соответствует\nassert '14px' == '16px'\n  - 16px\n  ?  ^\n  + 14px\n  ?  ^",
    "statusTrace" : "self = <tests.test_main_page.TestMainPage object at 0x7f592a751710>\nmain_page_open = <pages.main_page.MainPage object at 0x7f592ae2fd90>\ndriver = <selenium.webdriver.chrome.webdriver.WebDriver (session=\"8f6218137072c4c31296fc0001c7f014\")>\n\n    @pytest.mark.xfail(reason=\"ОР шрифт 16, ФР шрифт 14\")\n    @allure.title(f\"Проверка цвета и размера '{FIRST_SAFETY}' на Главной странице\")\n    @pytest.mark.smoke\n    def test_get_body_first_safety_size_and_color(self, main_page_open, driver):\n        element = main_page_open.get_body_first_safety()\n        assert element.value_of_css_property(\"color\") == TEXT_COLOR, \"Цвет не соответствует\"\n>       assert element.value_of_css_property(\"font-size\") == TEXT_SIZE, \"Размер не соответствует\"\nE       AssertionError: Размер не соответствует\nE       assert '14px' == '16px'\nE         - 16px\nE         ?  ^\nE         + 14px\nE         ?  ^\n\ntests/test_main_page.py:148: AssertionError",
    "steps" : [ {
      "name" : "Проверка видимости надписи 'Ваша безопасность и конфиденциальность для нас на первом месте!' на Главной странице",
      "time" : {
        "start" : 1698858228944,
        "stop" : 1698858228991,
        "duration" : 47
      },
      "status" : "passed",
      "steps" : [ ],
      "attachments" : [ ],
      "parameters" : [ ],
      "stepsCount" : 0,
      "attachmentsCount" : 0,
      "shouldDisplayMessage" : false,
      "hasContent" : false
    } ],
    "attachments" : [ {
      "name" : "Screenshot",
      "type" : "image/png",
      "size" : 0
    } ],
    "parameters" : [ ],
    "stepsCount" : 1,
    "attachmentsCount" : 1,
    "shouldDisplayMessage" : true,
    "hasContent" : true
  },
  "afterStages" : [ {
    "name" : "driver::0",
    "time" : {
      "start" : 1698858229116,
      "stop" : 1698858229171,
      "duration" : 55
    },
    "status" : "passed",
    "steps" : [ ],
    "attachments" : [ ],
    "parameters" : [ ],
    "stepsCount" : 0,
    "attachmentsCount" : 0,
    "shouldDisplayMessage" : false,
    "hasContent" : false
  } ],
  "labels" : [ {
    "name" : "epic",
    "value" : "Тестирование Главной страницы"
  }, {
    "name" : "tag",
    "value" : "smoke"
  }, {
    "name" : "tag",
    "value" : "@pytest.mark.xfail(reason='ОР шрифт 16, ФР шрифт 14')"
  }, {
    "name" : "parentSuite",
    "value" : "tests"
  }, {
    "name" : "suite",
    "value" : "test_main_page"
  }, {
    "name" : "subSuite",
    "value" : "TestMainPage"
  }, {
    "name" : "host",
    "value" : "fv-az301-416"
  }, {
    "name" : "thread",
    "value" : "2292-MainThread"
  }, {
    "name" : "framework",
    "value" : "pytest"
  }, {
    "name" : "language",
    "value" : "cpython3"
  }, {
    "name" : "package",
    "value" : "tests.test_main_page"
  }, {
    "name" : "resultFormat",
    "value" : "allure2"
  } ],
  "parameters" : [ ],
  "links" : [ ],
  "hidden" : false,
  "retry" : false,
  "extra" : {
    "severity" : "normal",
    "retries" : [ ],
    "categories" : [ ],
    "history" : {
      "statistic" : {
        "failed" : 1,
        "broken" : 0,
        "skipped" : 2,
        "passed" : 0,
        "unknown" : 0,
        "total" : 3
      },
      "items" : [ {
        "uid" : "be46a2783b002f92",
        "reportUrl" : "https://Nat754.github.io/PulseWave/52//#testresult/be46a2783b002f92",
        "status" : "skipped",
        "statusDetails" : "XFAIL ОР шрифт 16, ФР шрифт 14\n\nAssertionError: Размер не соответствует\nassert '14px' == '16px'\n  - 16px\n  ?  ^\n  + 14px\n  ?  ^",
        "time" : {
          "start" : 1698853665480,
          "stop" : 1698853665536,
          "duration" : 56
        }
      }, {
        "uid" : "735f760be9053f92",
        "reportUrl" : "https://Nat754.github.io/PulseWave/51//#testresult/735f760be9053f92",
        "status" : "failed",
        "statusDetails" : "AssertionError: Размер не соответствует\nassert '14px' == '16px'\n  - 16px\n  ?  ^\n  + 14px\n  ?  ^",
        "time" : {
          "start" : 1698851301495,
          "stop" : 1698851301563,
          "duration" : 68
        }
      } ]
    },
    "tags" : [ "@pytest.mark.xfail(reason='ОР шрифт 16, ФР шрифт 14')", "smoke" ]
  },
  "source" : "dd04af5530d9c60e.json",
  "parameterValues" : [ ]
}