{
  "uid" : "5c0bfbf90ddf19a7",
  "name" : "W5. Проверка что авторизованный пользователь может выйти из аккаунта",
  "fullName" : "tests.ui_tests.workspace_page_test.TestWorkspacePage#test_auth_user_logout",
  "historyId" : "dac260a22ab710fc2bcf1d54e48def1b",
  "time" : {
    "start" : 1751913616701,
    "stop" : 1751913617017,
    "duration" : 316
  },
  "status" : "broken",
  "statusMessage" : "selenium.common.exceptions.StaleElementReferenceException: Message: stale element reference: stale element not found in the current frame\n  (Session info: chrome=137.0.7151.119); For documentation on this error, please visit: https://www.selenium.dev/documentation/webdriver/troubleshooting/errors#stale-element-reference-exception\nStacktrace:\n#0 0x5579a68d945a <unknown>\n#1 0x5579a637e760 <unknown>\n#2 0x5579a63853f8 <unknown>\n#3 0x5579a6387c88 <unknown>\n#4 0x5579a6387d13 <unknown>\n#5 0x5579a63d1e2e <unknown>\n#6 0x5579a63c42a3 <unknown>\n#7 0x5579a63f5e52 <unknown>\n#8 0x5579a63c3caa <unknown>\n#9 0x5579a63f601e <unknown>\n#10 0x5579a641c30b <unknown>\n#11 0x5579a63f5c23 <unknown>\n#12 0x5579a63c24a5 <unknown>\n#13 0x5579a63c3111 <unknown>\n#14 0x5579a689df1b <unknown>\n#15 0x5579a68a1e19 <unknown>\n#16 0x5579a6884ac9 <unknown>\n#17 0x5579a68a29c8 <unknown>\n#18 0x5579a686934f <unknown>\n#19 0x5579a68c6a28 <unknown>\n#20 0x5579a68c6c06 <unknown>\n#21 0x5579a68d8336 <unknown>\n#22 0x7f697b69caa4 <unknown>\n#23 0x7f697b729c3c <unknown>",
  "statusTrace" : "self = <tests.ui_tests.workspace_page_test.TestWorkspacePage object at 0x7fb7c6ccb410>\nauth_user = <pages.login_page.LoginPage object at 0x7fb7c6cfcb60>\ndriver = <selenium.webdriver.chrome.webdriver.WebDriver (session=\"a7bf7e13334cc6936db16cdd14737168\")>\n\n    @allure.title(\"W5. Проверка что авторизованный пользователь может выйти из аккаунта\")\n    @pytest.mark.regress\n    def test_auth_user_logout(self, auth_user, driver):\n        page = SignUpPage(driver)\n>       page.click_button_avatar()\n\ntests/ui_tests/workspace_page_test.py:50: \n_ _ _ _ _ _ _ _ _ _ _ _ _ _ _ _ _ _ _ _ _ _ _ _ _ _ _ _ _ _ _ _ _ _ _ _ _ _ _ _ \npages/signup_page.py:90: in click_button_avatar\n    self.element_is_clickable(self.locator.BUTTON_AVATAR).click()\n/opt/hostedtoolcache/Python/3.12.11/x64/lib/python3.12/site-packages/selenium/webdriver/remote/webelement.py:94: in click\n    self._execute(Command.CLICK_ELEMENT)\n/opt/hostedtoolcache/Python/3.12.11/x64/lib/python3.12/site-packages/selenium/webdriver/remote/webelement.py:395: in _execute\n    return self._parent.execute(command, params)\n/opt/hostedtoolcache/Python/3.12.11/x64/lib/python3.12/site-packages/selenium/webdriver/remote/webdriver.py:347: in execute\n    self.error_handler.check_response(response)\n_ _ _ _ _ _ _ _ _ _ _ _ _ _ _ _ _ _ _ _ _ _ _ _ _ _ _ _ _ _ _ _ _ _ _ _ _ _ _ _ \n\nself = <selenium.webdriver.remote.errorhandler.ErrorHandler object at 0x7fb7c6cfb410>\nresponse = {'status': 404, 'value': '{\"value\":{\"error\":\"stale element reference\",\"message\":\"stale element reference: stale elemen...\\\\n#21 0x5579a68d8336 \\\\u003Cunknown>\\\\n#22 0x7f697b69caa4 \\\\u003Cunknown>\\\\n#23 0x7f697b729c3c \\\\u003Cunknown>\\\\n\"}}'}\n\n    def check_response(self, response: Dict[str, Any]) -> None:\n        \"\"\"Checks that a JSON response from the WebDriver does not have an\n        error.\n    \n        :Args:\n         - response - The JSON response from the WebDriver server as a dictionary\n           object.\n    \n        :Raises: If the response contains an error message.\n        \"\"\"\n        status = response.get(\"status\", None)\n        if not status or status == ErrorCode.SUCCESS:\n            return\n        value = None\n        message = response.get(\"message\", \"\")\n        screen: str = response.get(\"screen\", \"\")\n        stacktrace = None\n        if isinstance(status, int):\n            value_json = response.get(\"value\", None)\n            if value_json and isinstance(value_json, str):\n                import json\n    \n                try:\n                    value = json.loads(value_json)\n                    if len(value) == 1:\n                        value = value[\"value\"]\n                    status = value.get(\"error\", None)\n                    if not status:\n                        status = value.get(\"status\", ErrorCode.UNKNOWN_ERROR)\n                        message = value.get(\"value\") or value.get(\"message\")\n                        if not isinstance(message, str):\n                            value = message\n                            message = message.get(\"message\")\n                    else:\n                        message = value.get(\"message\", None)\n                except ValueError:\n                    pass\n    \n        exception_class: Type[WebDriverException]\n        e = ErrorCode()\n        error_codes = [item for item in dir(e) if not item.startswith(\"__\")]\n        for error_code in error_codes:\n            error_info = getattr(ErrorCode, error_code)\n            if isinstance(error_info, list) and status in error_info:\n                exception_class = getattr(ExceptionMapping, error_code, WebDriverException)\n                break\n        else:\n            exception_class = WebDriverException\n    \n        if not value:\n            value = response[\"value\"]\n        if isinstance(value, str):\n            raise exception_class(value)\n        if message == \"\" and \"message\" in value:\n            message = value[\"message\"]\n    \n        screen = None  # type: ignore[assignment]\n        if \"screen\" in value:\n            screen = value[\"screen\"]\n    \n        stacktrace = None\n        st_value = value.get(\"stackTrace\") or value.get(\"stacktrace\")\n        if st_value:\n            if isinstance(st_value, str):\n                stacktrace = st_value.split(\"\\n\")\n            else:\n                stacktrace = []\n                try:\n                    for frame in st_value:\n                        line = frame.get(\"lineNumber\", \"\")\n                        file = frame.get(\"fileName\", \"<anonymous>\")\n                        if line:\n                            file = f\"{file}:{line}\"\n                        meth = frame.get(\"methodName\", \"<anonymous>\")\n                        if \"className\" in frame:\n                            meth = f\"{frame['className']}.{meth}\"\n                        msg = \"    at %s (%s)\"\n                        msg = msg % (meth, file)\n                        stacktrace.append(msg)\n                except TypeError:\n                    pass\n        if exception_class == UnexpectedAlertPresentException:\n            alert_text = None\n            if \"data\" in value:\n                alert_text = value[\"data\"].get(\"text\")\n            elif \"alert\" in value:\n                alert_text = value[\"alert\"].get(\"text\")\n            raise exception_class(message, screen, stacktrace, alert_text)  # type: ignore[call-arg]  # mypy is not smart enough here\n>       raise exception_class(message, screen, stacktrace)\nE       selenium.common.exceptions.StaleElementReferenceException: Message: stale element reference: stale element not found in the current frame\nE         (Session info: chrome=137.0.7151.119); For documentation on this error, please visit: https://www.selenium.dev/documentation/webdriver/troubleshooting/errors#stale-element-reference-exception\nE       Stacktrace:\nE       #0 0x5579a68d945a <unknown>\nE       #1 0x5579a637e760 <unknown>\nE       #2 0x5579a63853f8 <unknown>\nE       #3 0x5579a6387c88 <unknown>\nE       #4 0x5579a6387d13 <unknown>\nE       #5 0x5579a63d1e2e <unknown>\nE       #6 0x5579a63c42a3 <unknown>\nE       #7 0x5579a63f5e52 <unknown>\nE       #8 0x5579a63c3caa <unknown>\nE       #9 0x5579a63f601e <unknown>\nE       #10 0x5579a641c30b <unknown>\nE       #11 0x5579a63f5c23 <unknown>\nE       #12 0x5579a63c24a5 <unknown>\nE       #13 0x5579a63c3111 <unknown>\nE       #14 0x5579a689df1b <unknown>\nE       #15 0x5579a68a1e19 <unknown>\nE       #16 0x5579a6884ac9 <unknown>\nE       #17 0x5579a68a29c8 <unknown>\nE       #18 0x5579a686934f <unknown>\nE       #19 0x5579a68c6a28 <unknown>\nE       #20 0x5579a68c6c06 <unknown>\nE       #21 0x5579a68d8336 <unknown>\nE       #22 0x7f697b69caa4 <unknown>\nE       #23 0x7f697b729c3c <unknown>\n\n/opt/hostedtoolcache/Python/3.12.11/x64/lib/python3.12/site-packages/selenium/webdriver/remote/errorhandler.py:229: StaleElementReferenceException",
  "flaky" : false,
  "newFailed" : false,
  "beforeStages" : [ {
    "name" : "auth_user",
    "time" : {
      "start" : 1751913612128,
      "stop" : 1751913616701,
      "duration" : 4573
    },
    "status" : "passed",
    "steps" : [ {
      "name" : "Проверка видимости кнопки 'Принимаю все' в сообщении о принятии файлов cookie",
      "time" : {
        "start" : 1751913614318,
        "stop" : 1751913614347,
        "duration" : 29
      },
      "status" : "passed",
      "steps" : [ {
        "name" : "Проверить видимость элемента",
        "time" : {
          "start" : 1751913614318,
          "stop" : 1751913614347,
          "duration" : 29
        },
        "status" : "passed",
        "steps" : [ {
          "name" : "Проверить присутствие элемента в DOM",
          "time" : {
            "start" : 1751913614318,
            "stop" : 1751913614328,
            "duration" : 10
          },
          "status" : "passed",
          "steps" : [ ],
          "attachments" : [ ],
          "parameters" : [ {
            "name" : "locator",
            "value" : "('css selector', '.cookies__body .button__small')"
          } ],
          "stepsCount" : 0,
          "attachmentsCount" : 0,
          "shouldDisplayMessage" : false,
          "hasContent" : true
        }, {
          "name" : "Проскролить до элемента",
          "time" : {
            "start" : 1751913614329,
            "stop" : 1751913614332,
            "duration" : 3
          },
          "status" : "passed",
          "steps" : [ ],
          "attachments" : [ ],
          "parameters" : [ {
            "name" : "element",
            "value" : "<selenium.webdriver.remote.webelement.WebElement (session=\"a7bf7e13334cc6936db16cdd14737168\", element=\"f.3A7E88AF09F98EF32263E1979BA1BB0A.d.033CA9B208FD0256CA5A57B75305D53C.e.14\")>"
          } ],
          "stepsCount" : 0,
          "attachmentsCount" : 0,
          "shouldDisplayMessage" : false,
          "hasContent" : true
        } ],
        "attachments" : [ ],
        "parameters" : [ {
          "name" : "locator",
          "value" : "('css selector', '.cookies__body .button__small')"
        } ],
        "stepsCount" : 2,
        "attachmentsCount" : 0,
        "shouldDisplayMessage" : false,
        "hasContent" : true
      } ],
      "attachments" : [ ],
      "parameters" : [ ],
      "stepsCount" : 3,
      "attachmentsCount" : 0,
      "shouldDisplayMessage" : false,
      "hasContent" : true
    }, {
      "name" : "Проверить видимость элемента",
      "time" : {
        "start" : 1751913614394,
        "stop" : 1751913614422,
        "duration" : 28
      },
      "status" : "passed",
      "steps" : [ {
        "name" : "Проверить присутствие элемента в DOM",
        "time" : {
          "start" : 1751913614394,
          "stop" : 1751913614403,
          "duration" : 9
        },
        "status" : "passed",
        "steps" : [ ],
        "attachments" : [ ],
        "parameters" : [ {
          "name" : "locator",
          "value" : "('xpath', '//input[@type=\"email\"]')"
        } ],
        "stepsCount" : 0,
        "attachmentsCount" : 0,
        "shouldDisplayMessage" : false,
        "hasContent" : true
      }, {
        "name" : "Проскролить до элемента",
        "time" : {
          "start" : 1751913614403,
          "stop" : 1751913614407,
          "duration" : 4
        },
        "status" : "passed",
        "steps" : [ ],
        "attachments" : [ ],
        "parameters" : [ {
          "name" : "element",
          "value" : "<selenium.webdriver.remote.webelement.WebElement (session=\"a7bf7e13334cc6936db16cdd14737168\", element=\"f.3A7E88AF09F98EF32263E1979BA1BB0A.d.033CA9B208FD0256CA5A57B75305D53C.e.6\")>"
        } ],
        "stepsCount" : 0,
        "attachmentsCount" : 0,
        "shouldDisplayMessage" : false,
        "hasContent" : true
      } ],
      "attachments" : [ ],
      "parameters" : [ {
        "name" : "locator",
        "value" : "('xpath', '//input[@type=\"email\"]')"
      } ],
      "stepsCount" : 2,
      "attachmentsCount" : 0,
      "shouldDisplayMessage" : false,
      "hasContent" : true
    }, {
      "name" : "Проверить видимость элемента",
      "time" : {
        "start" : 1751913614503,
        "stop" : 1751913614533,
        "duration" : 30
      },
      "status" : "passed",
      "steps" : [ {
        "name" : "Проверить присутствие элемента в DOM",
        "time" : {
          "start" : 1751913614503,
          "stop" : 1751913614518,
          "duration" : 15
        },
        "status" : "passed",
        "steps" : [ ],
        "attachments" : [ ],
        "parameters" : [ {
          "name" : "locator",
          "value" : "('xpath', '//input[@type=\"password\"]')"
        } ],
        "stepsCount" : 0,
        "attachmentsCount" : 0,
        "shouldDisplayMessage" : false,
        "hasContent" : true
      }, {
        "name" : "Проскролить до элемента",
        "time" : {
          "start" : 1751913614518,
          "stop" : 1751913614522,
          "duration" : 4
        },
        "status" : "passed",
        "steps" : [ ],
        "attachments" : [ ],
        "parameters" : [ {
          "name" : "element",
          "value" : "<selenium.webdriver.remote.webelement.WebElement (session=\"a7bf7e13334cc6936db16cdd14737168\", element=\"f.3A7E88AF09F98EF32263E1979BA1BB0A.d.033CA9B208FD0256CA5A57B75305D53C.e.5\")>"
        } ],
        "stepsCount" : 0,
        "attachmentsCount" : 0,
        "shouldDisplayMessage" : false,
        "hasContent" : true
      } ],
      "attachments" : [ ],
      "parameters" : [ {
        "name" : "locator",
        "value" : "('xpath', '//input[@type=\"password\"]')"
      } ],
      "stepsCount" : 2,
      "attachmentsCount" : 0,
      "shouldDisplayMessage" : false,
      "hasContent" : true
    }, {
      "name" : "Нажать кнопку 'Войти'",
      "time" : {
        "start" : 1751913614574,
        "stop" : 1751913614665,
        "duration" : 91
      },
      "status" : "passed",
      "steps" : [ {
        "name" : "Проверить кликабельность элемента",
        "time" : {
          "start" : 1751913614574,
          "stop" : 1751913614614,
          "duration" : 40
        },
        "status" : "passed",
        "steps" : [ {
          "name" : "Проверить видимость элемента",
          "time" : {
            "start" : 1751913614574,
            "stop" : 1751913614598,
            "duration" : 24
          },
          "status" : "passed",
          "steps" : [ {
            "name" : "Проверить присутствие элемента в DOM",
            "time" : {
              "start" : 1751913614574,
              "stop" : 1751913614583,
              "duration" : 9
            },
            "status" : "passed",
            "steps" : [ ],
            "attachments" : [ ],
            "parameters" : [ {
              "name" : "locator",
              "value" : "('xpath', '//button[@type=\"submit\"]')"
            } ],
            "stepsCount" : 0,
            "attachmentsCount" : 0,
            "shouldDisplayMessage" : false,
            "hasContent" : true
          }, {
            "name" : "Проскролить до элемента",
            "time" : {
              "start" : 1751913614583,
              "stop" : 1751913614586,
              "duration" : 3
            },
            "status" : "passed",
            "steps" : [ ],
            "attachments" : [ ],
            "parameters" : [ {
              "name" : "element",
              "value" : "<selenium.webdriver.remote.webelement.WebElement (session=\"a7bf7e13334cc6936db16cdd14737168\", element=\"f.3A7E88AF09F98EF32263E1979BA1BB0A.d.033CA9B208FD0256CA5A57B75305D53C.e.10\")>"
            } ],
            "stepsCount" : 0,
            "attachmentsCount" : 0,
            "shouldDisplayMessage" : false,
            "hasContent" : true
          } ],
          "attachments" : [ ],
          "parameters" : [ {
            "name" : "locator",
            "value" : "('xpath', '//button[@type=\"submit\"]')"
          } ],
          "stepsCount" : 2,
          "attachmentsCount" : 0,
          "shouldDisplayMessage" : false,
          "hasContent" : true
        } ],
        "attachments" : [ ],
        "parameters" : [ {
          "name" : "locator",
          "value" : "('xpath', '//button[@type=\"submit\"]')"
        } ],
        "stepsCount" : 3,
        "attachmentsCount" : 0,
        "shouldDisplayMessage" : false,
        "hasContent" : true
      } ],
      "attachments" : [ ],
      "parameters" : [ ],
      "stepsCount" : 4,
      "attachmentsCount" : 0,
      "shouldDisplayMessage" : false,
      "hasContent" : true
    }, {
      "name" : "Ждать обновление страницы",
      "time" : {
        "start" : 1751913614666,
        "stop" : 1751913616685,
        "duration" : 2019
      },
      "status" : "passed",
      "steps" : [ {
        "name" : "Проверка смены url",
        "time" : {
          "start" : 1751913614666,
          "stop" : 1751913616685,
          "duration" : 2019
        },
        "status" : "passed",
        "steps" : [ ],
        "attachments" : [ ],
        "parameters" : [ {
          "name" : "url",
          "value" : "'https://app.pulsewave.ru/auth/login'"
        } ],
        "stepsCount" : 0,
        "attachmentsCount" : 0,
        "shouldDisplayMessage" : false,
        "hasContent" : true
      } ],
      "attachments" : [ ],
      "parameters" : [ ],
      "stepsCount" : 1,
      "attachmentsCount" : 0,
      "shouldDisplayMessage" : false,
      "hasContent" : true
    }, {
      "name" : "Проверка отсутствия лоадера",
      "time" : {
        "start" : 1751913616686,
        "stop" : 1751913616701,
        "duration" : 15
      },
      "status" : "passed",
      "steps" : [ {
        "name" : "Проверить невидимость, но присутствие элемента в DOM",
        "time" : {
          "start" : 1751913616686,
          "stop" : 1751913616701,
          "duration" : 15
        },
        "status" : "passed",
        "steps" : [ ],
        "attachments" : [ ],
        "parameters" : [ {
          "name" : "locator",
          "value" : "('css selector', '.loader .icon')"
        } ],
        "stepsCount" : 0,
        "attachmentsCount" : 0,
        "shouldDisplayMessage" : false,
        "hasContent" : true
      } ],
      "attachments" : [ ],
      "parameters" : [ ],
      "stepsCount" : 1,
      "attachmentsCount" : 0,
      "shouldDisplayMessage" : false,
      "hasContent" : true
    } ],
    "attachments" : [ ],
    "parameters" : [ ],
    "stepsCount" : 19,
    "attachmentsCount" : 0,
    "shouldDisplayMessage" : false,
    "hasContent" : true
  }, {
    "name" : "_session_faker",
    "time" : {
      "start" : 1751911942800,
      "stop" : 1751911942816,
      "duration" : 16
    },
    "status" : "passed",
    "steps" : [ ],
    "attachments" : [ ],
    "parameters" : [ ],
    "stepsCount" : 0,
    "attachmentsCount" : 0,
    "shouldDisplayMessage" : false,
    "hasContent" : false
  }, {
    "name" : "driver",
    "time" : {
      "start" : 1751913611793,
      "stop" : 1751913612127,
      "duration" : 334
    },
    "status" : "passed",
    "steps" : [ ],
    "attachments" : [ ],
    "parameters" : [ ],
    "stepsCount" : 0,
    "attachmentsCount" : 0,
    "shouldDisplayMessage" : false,
    "hasContent" : false
  }, {
    "name" : "clear_allure_results_folder",
    "time" : {
      "start" : 1751911942816,
      "stop" : 1751911942816,
      "duration" : 0
    },
    "status" : "passed",
    "steps" : [ ],
    "attachments" : [ ],
    "parameters" : [ ],
    "stepsCount" : 0,
    "attachmentsCount" : 0,
    "shouldDisplayMessage" : false,
    "hasContent" : false
  } ],
  "testStage" : {
    "status" : "broken",
    "statusMessage" : "selenium.common.exceptions.StaleElementReferenceException: Message: stale element reference: stale element not found in the current frame\n  (Session info: chrome=137.0.7151.119); For documentation on this error, please visit: https://www.selenium.dev/documentation/webdriver/troubleshooting/errors#stale-element-reference-exception\nStacktrace:\n#0 0x5579a68d945a <unknown>\n#1 0x5579a637e760 <unknown>\n#2 0x5579a63853f8 <unknown>\n#3 0x5579a6387c88 <unknown>\n#4 0x5579a6387d13 <unknown>\n#5 0x5579a63d1e2e <unknown>\n#6 0x5579a63c42a3 <unknown>\n#7 0x5579a63f5e52 <unknown>\n#8 0x5579a63c3caa <unknown>\n#9 0x5579a63f601e <unknown>\n#10 0x5579a641c30b <unknown>\n#11 0x5579a63f5c23 <unknown>\n#12 0x5579a63c24a5 <unknown>\n#13 0x5579a63c3111 <unknown>\n#14 0x5579a689df1b <unknown>\n#15 0x5579a68a1e19 <unknown>\n#16 0x5579a6884ac9 <unknown>\n#17 0x5579a68a29c8 <unknown>\n#18 0x5579a686934f <unknown>\n#19 0x5579a68c6a28 <unknown>\n#20 0x5579a68c6c06 <unknown>\n#21 0x5579a68d8336 <unknown>\n#22 0x7f697b69caa4 <unknown>\n#23 0x7f697b729c3c <unknown>",
    "statusTrace" : "self = <tests.ui_tests.workspace_page_test.TestWorkspacePage object at 0x7fb7c6ccb410>\nauth_user = <pages.login_page.LoginPage object at 0x7fb7c6cfcb60>\ndriver = <selenium.webdriver.chrome.webdriver.WebDriver (session=\"a7bf7e13334cc6936db16cdd14737168\")>\n\n    @allure.title(\"W5. Проверка что авторизованный пользователь может выйти из аккаунта\")\n    @pytest.mark.regress\n    def test_auth_user_logout(self, auth_user, driver):\n        page = SignUpPage(driver)\n>       page.click_button_avatar()\n\ntests/ui_tests/workspace_page_test.py:50: \n_ _ _ _ _ _ _ _ _ _ _ _ _ _ _ _ _ _ _ _ _ _ _ _ _ _ _ _ _ _ _ _ _ _ _ _ _ _ _ _ \npages/signup_page.py:90: in click_button_avatar\n    self.element_is_clickable(self.locator.BUTTON_AVATAR).click()\n/opt/hostedtoolcache/Python/3.12.11/x64/lib/python3.12/site-packages/selenium/webdriver/remote/webelement.py:94: in click\n    self._execute(Command.CLICK_ELEMENT)\n/opt/hostedtoolcache/Python/3.12.11/x64/lib/python3.12/site-packages/selenium/webdriver/remote/webelement.py:395: in _execute\n    return self._parent.execute(command, params)\n/opt/hostedtoolcache/Python/3.12.11/x64/lib/python3.12/site-packages/selenium/webdriver/remote/webdriver.py:347: in execute\n    self.error_handler.check_response(response)\n_ _ _ _ _ _ _ _ _ _ _ _ _ _ _ _ _ _ _ _ _ _ _ _ _ _ _ _ _ _ _ _ _ _ _ _ _ _ _ _ \n\nself = <selenium.webdriver.remote.errorhandler.ErrorHandler object at 0x7fb7c6cfb410>\nresponse = {'status': 404, 'value': '{\"value\":{\"error\":\"stale element reference\",\"message\":\"stale element reference: stale elemen...\\\\n#21 0x5579a68d8336 \\\\u003Cunknown>\\\\n#22 0x7f697b69caa4 \\\\u003Cunknown>\\\\n#23 0x7f697b729c3c \\\\u003Cunknown>\\\\n\"}}'}\n\n    def check_response(self, response: Dict[str, Any]) -> None:\n        \"\"\"Checks that a JSON response from the WebDriver does not have an\n        error.\n    \n        :Args:\n         - response - The JSON response from the WebDriver server as a dictionary\n           object.\n    \n        :Raises: If the response contains an error message.\n        \"\"\"\n        status = response.get(\"status\", None)\n        if not status or status == ErrorCode.SUCCESS:\n            return\n        value = None\n        message = response.get(\"message\", \"\")\n        screen: str = response.get(\"screen\", \"\")\n        stacktrace = None\n        if isinstance(status, int):\n            value_json = response.get(\"value\", None)\n            if value_json and isinstance(value_json, str):\n                import json\n    \n                try:\n                    value = json.loads(value_json)\n                    if len(value) == 1:\n                        value = value[\"value\"]\n                    status = value.get(\"error\", None)\n                    if not status:\n                        status = value.get(\"status\", ErrorCode.UNKNOWN_ERROR)\n                        message = value.get(\"value\") or value.get(\"message\")\n                        if not isinstance(message, str):\n                            value = message\n                            message = message.get(\"message\")\n                    else:\n                        message = value.get(\"message\", None)\n                except ValueError:\n                    pass\n    \n        exception_class: Type[WebDriverException]\n        e = ErrorCode()\n        error_codes = [item for item in dir(e) if not item.startswith(\"__\")]\n        for error_code in error_codes:\n            error_info = getattr(ErrorCode, error_code)\n            if isinstance(error_info, list) and status in error_info:\n                exception_class = getattr(ExceptionMapping, error_code, WebDriverException)\n                break\n        else:\n            exception_class = WebDriverException\n    \n        if not value:\n            value = response[\"value\"]\n        if isinstance(value, str):\n            raise exception_class(value)\n        if message == \"\" and \"message\" in value:\n            message = value[\"message\"]\n    \n        screen = None  # type: ignore[assignment]\n        if \"screen\" in value:\n            screen = value[\"screen\"]\n    \n        stacktrace = None\n        st_value = value.get(\"stackTrace\") or value.get(\"stacktrace\")\n        if st_value:\n            if isinstance(st_value, str):\n                stacktrace = st_value.split(\"\\n\")\n            else:\n                stacktrace = []\n                try:\n                    for frame in st_value:\n                        line = frame.get(\"lineNumber\", \"\")\n                        file = frame.get(\"fileName\", \"<anonymous>\")\n                        if line:\n                            file = f\"{file}:{line}\"\n                        meth = frame.get(\"methodName\", \"<anonymous>\")\n                        if \"className\" in frame:\n                            meth = f\"{frame['className']}.{meth}\"\n                        msg = \"    at %s (%s)\"\n                        msg = msg % (meth, file)\n                        stacktrace.append(msg)\n                except TypeError:\n                    pass\n        if exception_class == UnexpectedAlertPresentException:\n            alert_text = None\n            if \"data\" in value:\n                alert_text = value[\"data\"].get(\"text\")\n            elif \"alert\" in value:\n                alert_text = value[\"alert\"].get(\"text\")\n            raise exception_class(message, screen, stacktrace, alert_text)  # type: ignore[call-arg]  # mypy is not smart enough here\n>       raise exception_class(message, screen, stacktrace)\nE       selenium.common.exceptions.StaleElementReferenceException: Message: stale element reference: stale element not found in the current frame\nE         (Session info: chrome=137.0.7151.119); For documentation on this error, please visit: https://www.selenium.dev/documentation/webdriver/troubleshooting/errors#stale-element-reference-exception\nE       Stacktrace:\nE       #0 0x5579a68d945a <unknown>\nE       #1 0x5579a637e760 <unknown>\nE       #2 0x5579a63853f8 <unknown>\nE       #3 0x5579a6387c88 <unknown>\nE       #4 0x5579a6387d13 <unknown>\nE       #5 0x5579a63d1e2e <unknown>\nE       #6 0x5579a63c42a3 <unknown>\nE       #7 0x5579a63f5e52 <unknown>\nE       #8 0x5579a63c3caa <unknown>\nE       #9 0x5579a63f601e <unknown>\nE       #10 0x5579a641c30b <unknown>\nE       #11 0x5579a63f5c23 <unknown>\nE       #12 0x5579a63c24a5 <unknown>\nE       #13 0x5579a63c3111 <unknown>\nE       #14 0x5579a689df1b <unknown>\nE       #15 0x5579a68a1e19 <unknown>\nE       #16 0x5579a6884ac9 <unknown>\nE       #17 0x5579a68a29c8 <unknown>\nE       #18 0x5579a686934f <unknown>\nE       #19 0x5579a68c6a28 <unknown>\nE       #20 0x5579a68c6c06 <unknown>\nE       #21 0x5579a68d8336 <unknown>\nE       #22 0x7f697b69caa4 <unknown>\nE       #23 0x7f697b729c3c <unknown>\n\n/opt/hostedtoolcache/Python/3.12.11/x64/lib/python3.12/site-packages/selenium/webdriver/remote/errorhandler.py:229: StaleElementReferenceException",
    "steps" : [ {
      "name" : "Нажать на иконку аватара",
      "time" : {
        "start" : 1751913616701,
        "stop" : 1751913617016,
        "duration" : 315
      },
      "status" : "broken",
      "statusMessage" : "selenium.common.exceptions.StaleElementReferenceException: Message: stale element reference: stale element not found in the current frame\n  (Session info: chrome=137.0.7151.119); For documentation on this error, please visit: https://www.selenium.dev/documentation/webdriver/troubleshooting/errors#stale-element-reference-exception\nStacktrace:\n#0 0x5579a68d945a <unknown>\n#1 0x5579a637e760 <unknown>\n#2 0x5579a63853f8 <unknown>\n#3 0x5579a6387c88 <unknown>\n#4 0x5579a6387d13 <unknown>\n#5 0x5579a63d1e2e <unknown>\n#6 0x5579a63c42a3 <unknown>\n#7 0x5579a63f5e52 <unknown>\n#8 0x5579a63c3caa <unknown>\n#9 0x5579a63f601e <unknown>\n#10 0x5579a641c30b <unknown>\n#11 0x5579a63f5c23 <unknown>\n#12 0x5579a63c24a5 <unknown>\n#13 0x5579a63c3111 <unknown>\n#14 0x5579a689df1b <unknown>\n#15 0x5579a68a1e19 <unknown>\n#16 0x5579a6884ac9 <unknown>\n#17 0x5579a68a29c8 <unknown>\n#18 0x5579a686934f <unknown>\n#19 0x5579a68c6a28 <unknown>\n#20 0x5579a68c6c06 <unknown>\n#21 0x5579a68d8336 <unknown>\n#22 0x7f697b69caa4 <unknown>\n#23 0x7f697b729c3c <unknown>\n\n",
      "statusTrace" : "  File \"/opt/hostedtoolcache/Python/3.12.11/x64/lib/python3.12/site-packages/allure_commons/_allure.py\", line 192, in impl\n    return func(*a, **kw)\n           ^^^^^^^^^^^^^^\n  File \"/home/runner/work/PulseWave/PulseWave/pages/signup_page.py\", line 90, in click_button_avatar\n    self.element_is_clickable(self.locator.BUTTON_AVATAR).click()\n  File \"/opt/hostedtoolcache/Python/3.12.11/x64/lib/python3.12/site-packages/selenium/webdriver/remote/webelement.py\", line 94, in click\n    self._execute(Command.CLICK_ELEMENT)\n  File \"/opt/hostedtoolcache/Python/3.12.11/x64/lib/python3.12/site-packages/selenium/webdriver/remote/webelement.py\", line 395, in _execute\n    return self._parent.execute(command, params)\n           ^^^^^^^^^^^^^^^^^^^^^^^^^^^^^^^^^^^^^\n  File \"/opt/hostedtoolcache/Python/3.12.11/x64/lib/python3.12/site-packages/selenium/webdriver/remote/webdriver.py\", line 347, in execute\n    self.error_handler.check_response(response)\n  File \"/opt/hostedtoolcache/Python/3.12.11/x64/lib/python3.12/site-packages/selenium/webdriver/remote/errorhandler.py\", line 229, in check_response\n    raise exception_class(message, screen, stacktrace)\n",
      "steps" : [ {
        "name" : "Проверить присутствие элемента в DOM",
        "time" : {
          "start" : 1751913616701,
          "stop" : 1751913616708,
          "duration" : 7
        },
        "status" : "passed",
        "steps" : [ ],
        "attachments" : [ ],
        "parameters" : [ {
          "name" : "locator",
          "value" : "('class name', 'avatar')"
        } ],
        "stepsCount" : 0,
        "attachmentsCount" : 0,
        "shouldDisplayMessage" : false,
        "hasContent" : true
      }, {
        "name" : "Переместить курсор мыши к центру элемента, показывая ховер",
        "time" : {
          "start" : 1751913616708,
          "stop" : 1751913616967,
          "duration" : 259
        },
        "status" : "passed",
        "steps" : [ ],
        "attachments" : [ ],
        "parameters" : [ {
          "name" : "element",
          "value" : "<selenium.webdriver.remote.webelement.WebElement (session=\"a7bf7e13334cc6936db16cdd14737168\", element=\"f.3A7E88AF09F98EF32263E1979BA1BB0A.d.033CA9B208FD0256CA5A57B75305D53C.e.23\")>"
        } ],
        "stepsCount" : 0,
        "attachmentsCount" : 0,
        "shouldDisplayMessage" : false,
        "hasContent" : true
      }, {
        "name" : "Проверить кликабельность элемента",
        "time" : {
          "start" : 1751913616967,
          "stop" : 1751913617004,
          "duration" : 37
        },
        "status" : "passed",
        "steps" : [ {
          "name" : "Проверить видимость элемента",
          "time" : {
            "start" : 1751913616967,
            "stop" : 1751913616987,
            "duration" : 20
          },
          "status" : "passed",
          "steps" : [ {
            "name" : "Проверить присутствие элемента в DOM",
            "time" : {
              "start" : 1751913616967,
              "stop" : 1751913616973,
              "duration" : 6
            },
            "status" : "passed",
            "steps" : [ ],
            "attachments" : [ ],
            "parameters" : [ {
              "name" : "locator",
              "value" : "('class name', 'avatar')"
            } ],
            "stepsCount" : 0,
            "attachmentsCount" : 0,
            "shouldDisplayMessage" : false,
            "hasContent" : true
          }, {
            "name" : "Проскролить до элемента",
            "time" : {
              "start" : 1751913616973,
              "stop" : 1751913616976,
              "duration" : 3
            },
            "status" : "passed",
            "steps" : [ ],
            "attachments" : [ ],
            "parameters" : [ {
              "name" : "element",
              "value" : "<selenium.webdriver.remote.webelement.WebElement (session=\"a7bf7e13334cc6936db16cdd14737168\", element=\"f.3A7E88AF09F98EF32263E1979BA1BB0A.d.033CA9B208FD0256CA5A57B75305D53C.e.23\")>"
            } ],
            "stepsCount" : 0,
            "attachmentsCount" : 0,
            "shouldDisplayMessage" : false,
            "hasContent" : true
          } ],
          "attachments" : [ ],
          "parameters" : [ {
            "name" : "locator",
            "value" : "('class name', 'avatar')"
          } ],
          "stepsCount" : 2,
          "attachmentsCount" : 0,
          "shouldDisplayMessage" : false,
          "hasContent" : true
        } ],
        "attachments" : [ ],
        "parameters" : [ {
          "name" : "locator",
          "value" : "('class name', 'avatar')"
        } ],
        "stepsCount" : 3,
        "attachmentsCount" : 0,
        "shouldDisplayMessage" : false,
        "hasContent" : true
      } ],
      "attachments" : [ ],
      "parameters" : [ ],
      "stepsCount" : 6,
      "attachmentsCount" : 0,
      "shouldDisplayMessage" : true,
      "hasContent" : true
    } ],
    "attachments" : [ {
      "uid" : "ed438e00ef8fc8e0",
      "name" : "Screenshot",
      "source" : "ed438e00ef8fc8e0.png",
      "type" : "image/png",
      "size" : 238513
    }, {
      "uid" : "16d61ed6425bdeb0",
      "name" : "HTML source",
      "source" : "16d61ed6425bdeb0.html",
      "type" : "text/html",
      "size" : 110306
    } ],
    "parameters" : [ ],
    "stepsCount" : 7,
    "attachmentsCount" : 2,
    "shouldDisplayMessage" : true,
    "hasContent" : true
  },
  "afterStages" : [ {
    "name" : "driver::0",
    "time" : {
      "start" : 1751913617249,
      "stop" : 1751913617310,
      "duration" : 61
    },
    "status" : "passed",
    "steps" : [ ],
    "attachments" : [ ],
    "parameters" : [ ],
    "stepsCount" : 0,
    "attachmentsCount" : 0,
    "shouldDisplayMessage" : false,
    "hasContent" : false
  } ],
  "labels" : [ {
    "name" : "epic",
    "value" : "Тестирование страницы 'Рабочие пространства'"
  }, {
    "name" : "tag",
    "value" : "regress"
  }, {
    "name" : "parentSuite",
    "value" : "tests.ui_tests"
  }, {
    "name" : "suite",
    "value" : "workspace_page_test"
  }, {
    "name" : "subSuite",
    "value" : "TestWorkspacePage"
  }, {
    "name" : "host",
    "value" : "pkrvmbietmlfzoi"
  }, {
    "name" : "thread",
    "value" : "2527-MainThread"
  }, {
    "name" : "framework",
    "value" : "pytest"
  }, {
    "name" : "language",
    "value" : "cpython3"
  }, {
    "name" : "package",
    "value" : "tests.ui_tests.workspace_page_test"
  }, {
    "name" : "resultFormat",
    "value" : "allure2"
  } ],
  "parameters" : [ ],
  "links" : [ ],
  "hidden" : false,
  "retry" : false,
  "extra" : {
    "severity" : "normal",
    "retries" : [ ],
    "categories" : [ {
      "name" : "Test defects",
      "matchedStatuses" : [ ],
      "flaky" : false
    } ],
    "history" : {
      "statistic" : {
        "failed" : 0,
        "broken" : 2,
        "skipped" : 0,
        "passed" : 8,
        "unknown" : 0,
        "total" : 10
      },
      "items" : [ {
        "uid" : "8e92d7486a9068e2",
        "reportUrl" : "https://Nat754.github.io/PulseWave/442//#testresult/8e92d7486a9068e2",
        "status" : "passed",
        "time" : {
          "start" : 1751827197133,
          "stop" : 1751827197637,
          "duration" : 504
        }
      }, {
        "uid" : "7060f92ebfd122d7",
        "reportUrl" : "https://Nat754.github.io/PulseWave/441//#testresult/7060f92ebfd122d7",
        "status" : "passed",
        "time" : {
          "start" : 1751740848961,
          "stop" : 1751740849958,
          "duration" : 997
        }
      }, {
        "uid" : "4910b81e16de8180",
        "reportUrl" : "https://Nat754.github.io/PulseWave/440//#testresult/4910b81e16de8180",
        "status" : "passed",
        "time" : {
          "start" : 1751654360144,
          "stop" : 1751654361145,
          "duration" : 1001
        }
      }, {
        "uid" : "6a2c0aeb3b6e9acb",
        "reportUrl" : "https://Nat754.github.io/PulseWave/439//#testresult/6a2c0aeb3b6e9acb",
        "status" : "passed",
        "time" : {
          "start" : 1751568024178,
          "stop" : 1751568024669,
          "duration" : 491
        }
      }, {
        "uid" : "8c3b3a9965d14582",
        "reportUrl" : "https://Nat754.github.io/PulseWave/438//#testresult/8c3b3a9965d14582",
        "status" : "passed",
        "time" : {
          "start" : 1751492531455,
          "stop" : 1751492532462,
          "duration" : 1007
        }
      }, {
        "uid" : "717d8095e8f1cbe4",
        "reportUrl" : "https://Nat754.github.io/PulseWave/438//#testresult/717d8095e8f1cbe4",
        "status" : "broken",
        "statusDetails" : "selenium.common.exceptions.StaleElementReferenceException: Message: stale element reference: stale element not found in the current frame\n  (Session info: chrome=137.0.7151.119); For documentation on this error, please visit: https://www.selenium.dev/documentation/webdriver/troubleshooting/errors#stale-element-reference-exception\nStacktrace:\n#0 0x5620ef88745a <unknown>\n#1 0x5620ef32c760 <unknown>\n#2 0x5620ef3333f8 <unknown>\n#3 0x5620ef335c88 <unknown>\n#4 0x5620ef335d13 <unknown>\n#5 0x5620ef38014c <unknown>\n#6 0x5620ef37f4f3 <unknown>\n#7 0x5620ef37272c <unknown>\n#8 0x5620ef3a3e52 <unknown>\n#9 0x5620ef371caa <unknown>\n#10 0x5620ef3a401e <unknown>\n#11 0x5620ef3ca30b <unknown>\n#12 0x5620ef3a3c23 <unknown>\n#13 0x5620ef3704a5 <unknown>\n#14 0x5620ef371111 <unknown>\n#15 0x5620ef84bf1b <unknown>\n#16 0x5620ef84fe19 <unknown>\n#17 0x5620ef832ac9 <unknown>\n#18 0x5620ef8509c8 <unknown>\n#19 0x5620ef81734f <unknown>\n#20 0x5620ef874a28 <unknown>\n#21 0x5620ef874c06 <unknown>\n#22 0x5620ef886336 <unknown>\n#23 0x7f216369caa4 <unknown>\n#24 0x7f2163729c3c <unknown>",
        "time" : {
          "start" : 1751481775266,
          "stop" : 1751481775609,
          "duration" : 343
        }
      }, {
        "uid" : "a084153d76895b32",
        "reportUrl" : "https://Nat754.github.io/PulseWave/437//#testresult/a084153d76895b32",
        "status" : "passed",
        "time" : {
          "start" : 1751395330717,
          "stop" : 1751395331725,
          "duration" : 1008
        }
      }, {
        "uid" : "96dae673d4883f5d",
        "reportUrl" : "https://Nat754.github.io/PulseWave/436//#testresult/96dae673d4883f5d",
        "status" : "passed",
        "time" : {
          "start" : 1751308942993,
          "stop" : 1751308943481,
          "duration" : 488
        }
      }, {
        "uid" : "f41e10cddff1f7b6",
        "reportUrl" : "https://Nat754.github.io/PulseWave/236//#testresult/f41e10cddff1f7b6",
        "status" : "passed",
        "time" : {
          "start" : 1751291592179,
          "stop" : 1751291593186,
          "duration" : 1007
        }
      } ]
    },
    "tags" : [ "regress" ]
  },
  "source" : "5c0bfbf90ddf19a7.json",
  "parameterValues" : [ ]
}