{
  "uid" : "3c63cf5eccbdf6d8",
  "name" : "3.3 Восстановить пароль на некорректный емайл",
  "fullName" : "tests.test_password_recovery.test_password_recovery.TestLoginPage#test_recovery_password_to_fill_incorrect_email",
  "historyId" : "67229afdd12c62a89177418d176eaeb6",
  "time" : {
    "start" : 1707211863094,
    "stop" : 1707211883585,
    "duration" : 20491
  },
  "status" : "broken",
  "statusMessage" : "selenium.common.exceptions.TimeoutException: Message: \nStacktrace:\n#0 0x563c48812d93 <unknown>\n#1 0x563c484f6337 <unknown>\n#2 0x563c48541d60 <unknown>\n#3 0x563c48541e51 <unknown>\n#4 0x563c48585bc4 <unknown>\n#5 0x563c4856446d <unknown>\n#6 0x563c4858312d <unknown>\n#7 0x563c485641e3 <unknown>\n#8 0x563c48534135 <unknown>\n#9 0x563c4853513e <unknown>\n#10 0x563c487d6e4b <unknown>\n#11 0x563c487dadfa <unknown>\n#12 0x563c487c36d5 <unknown>\n#13 0x563c487dba6f <unknown>\n#14 0x563c487a769f <unknown>\n#15 0x563c48800098 <unknown>\n#16 0x563c48800262 <unknown>\n#17 0x563c48811f34 <unknown>\n#18 0x7f1261094ac3 <unknown>",
  "statusTrace" : "self = <tests.test_password_recovery.test_password_recovery.TestLoginPage object at 0x7ffb560cc980>\nrecovery_page_open = <pages.password_recovery_page.PasswordRecoveryPage object at 0x7ffb560dafc0>\ndriver = <selenium.webdriver.chrome.webdriver.WebDriver (session=\"24e2bf5ef01fbbf20d79c14270fc2166\")>\n\n    @allure.title(\"3.3 Восстановить пароль на некорректный емайл\")\n    @pytest.mark.regress\n    def test_recovery_password_to_fill_incorrect_email(self, recovery_page_open, driver):\n        with allure.step('Заполнить поле емайл'):\n            recovery_page_open.fill_email_to_recovery_password(email1)\n        with allure.step(\"Нажать кнопку 'Продолжить'\"):\n            recovery_page_open.click_resume_button()\n>       text = recovery_page_open.get_invalid_email_message()\n\ntests/test_password_recovery/test_password_recovery.py:85: \n_ _ _ _ _ _ _ _ _ _ _ _ _ _ _ _ _ _ _ _ _ _ _ _ _ _ _ _ _ _ _ _ _ _ _ _ _ _ _ _ \npages/password_recovery_page.py:65: in get_invalid_email_message\n    return self.element_is_visible(self.locator.INVALID_EMAIL).text\npages/base_page.py:19: in element_is_visible\n    self.go_to_element(self.element_is_present(locator))\npages/base_page.py:35: in element_is_present\n    return Wait(self.driver, self.timeout).until(es.presence_of_element_located(locator))\n_ _ _ _ _ _ _ _ _ _ _ _ _ _ _ _ _ _ _ _ _ _ _ _ _ _ _ _ _ _ _ _ _ _ _ _ _ _ _ _ \n\nself = <selenium.webdriver.support.wait.WebDriverWait (session=\"24e2bf5ef01fbbf20d79c14270fc2166\")>\nmethod = <function presence_of_element_located.<locals>._predicate at 0x7ffb5540f1a0>\nmessage = ''\n\n    def until(self, method: Callable[[D], Union[Literal[False], T]], message: str = \"\") -> T:\n        \"\"\"Calls the method provided with the driver as an argument until the \\\n        return value does not evaluate to ``False``.\n    \n        :param method: callable(WebDriver)\n        :param message: optional message for :exc:`TimeoutException`\n        :returns: the result of the last call to `method`\n        :raises: :exc:`selenium.common.exceptions.TimeoutException` if timeout occurs\n        \"\"\"\n        screen = None\n        stacktrace = None\n    \n        end_time = time.monotonic() + self._timeout\n        while True:\n            try:\n                value = method(self._driver)\n                if value:\n                    return value\n            except self._ignored_exceptions as exc:\n                screen = getattr(exc, \"screen\", None)\n                stacktrace = getattr(exc, \"stacktrace\", None)\n            time.sleep(self._poll)\n            if time.monotonic() > end_time:\n                break\n>       raise TimeoutException(message, screen, stacktrace)\nE       selenium.common.exceptions.TimeoutException: Message: \nE       Stacktrace:\nE       #0 0x563c48812d93 <unknown>\nE       #1 0x563c484f6337 <unknown>\nE       #2 0x563c48541d60 <unknown>\nE       #3 0x563c48541e51 <unknown>\nE       #4 0x563c48585bc4 <unknown>\nE       #5 0x563c4856446d <unknown>\nE       #6 0x563c4858312d <unknown>\nE       #7 0x563c485641e3 <unknown>\nE       #8 0x563c48534135 <unknown>\nE       #9 0x563c4853513e <unknown>\nE       #10 0x563c487d6e4b <unknown>\nE       #11 0x563c487dadfa <unknown>\nE       #12 0x563c487c36d5 <unknown>\nE       #13 0x563c487dba6f <unknown>\nE       #14 0x563c487a769f <unknown>\nE       #15 0x563c48800098 <unknown>\nE       #16 0x563c48800262 <unknown>\nE       #17 0x563c48811f34 <unknown>\nE       #18 0x7f1261094ac3 <unknown>\n\n/opt/hostedtoolcache/Python/3.12.1/x64/lib/python3.12/site-packages/selenium/webdriver/support/wait.py:105: TimeoutException",
  "flaky" : false,
  "newFailed" : false,
  "beforeStages" : [ {
    "name" : "clear_allure_results_folder",
    "time" : {
      "start" : 1707211123304,
      "stop" : 1707211123304,
      "duration" : 0
    },
    "status" : "passed",
    "steps" : [ ],
    "attachments" : [ ],
    "parameters" : [ ],
    "stepsCount" : 0,
    "attachmentsCount" : 0,
    "shouldDisplayMessage" : false,
    "hasContent" : false
  }, {
    "name" : "recovery_page_open",
    "time" : {
      "start" : 1707211861036,
      "stop" : 1707211863093,
      "duration" : 2057
    },
    "status" : "passed",
    "steps" : [ {
      "name" : "Проверка видимости кнопки 'Принимаю все' в сообщении о принятии файлов cookie",
      "time" : {
        "start" : 1707211863036,
        "stop" : 1707211863065,
        "duration" : 29
      },
      "status" : "passed",
      "steps" : [ ],
      "attachments" : [ ],
      "parameters" : [ ],
      "stepsCount" : 0,
      "attachmentsCount" : 0,
      "shouldDisplayMessage" : false,
      "hasContent" : false
    } ],
    "attachments" : [ ],
    "parameters" : [ ],
    "stepsCount" : 1,
    "attachmentsCount" : 0,
    "shouldDisplayMessage" : false,
    "hasContent" : true
  }, {
    "name" : "_session_faker",
    "time" : {
      "start" : 1707211123284,
      "stop" : 1707211123303,
      "duration" : 19
    },
    "status" : "passed",
    "steps" : [ ],
    "attachments" : [ ],
    "parameters" : [ ],
    "stepsCount" : 0,
    "attachmentsCount" : 0,
    "shouldDisplayMessage" : false,
    "hasContent" : false
  }, {
    "name" : "driver",
    "time" : {
      "start" : 1707211860858,
      "stop" : 1707211861036,
      "duration" : 178
    },
    "status" : "passed",
    "steps" : [ ],
    "attachments" : [ ],
    "parameters" : [ ],
    "stepsCount" : 0,
    "attachmentsCount" : 0,
    "shouldDisplayMessage" : false,
    "hasContent" : false
  } ],
  "testStage" : {
    "status" : "broken",
    "statusMessage" : "selenium.common.exceptions.TimeoutException: Message: \nStacktrace:\n#0 0x563c48812d93 <unknown>\n#1 0x563c484f6337 <unknown>\n#2 0x563c48541d60 <unknown>\n#3 0x563c48541e51 <unknown>\n#4 0x563c48585bc4 <unknown>\n#5 0x563c4856446d <unknown>\n#6 0x563c4858312d <unknown>\n#7 0x563c485641e3 <unknown>\n#8 0x563c48534135 <unknown>\n#9 0x563c4853513e <unknown>\n#10 0x563c487d6e4b <unknown>\n#11 0x563c487dadfa <unknown>\n#12 0x563c487c36d5 <unknown>\n#13 0x563c487dba6f <unknown>\n#14 0x563c487a769f <unknown>\n#15 0x563c48800098 <unknown>\n#16 0x563c48800262 <unknown>\n#17 0x563c48811f34 <unknown>\n#18 0x7f1261094ac3 <unknown>",
    "statusTrace" : "self = <tests.test_password_recovery.test_password_recovery.TestLoginPage object at 0x7ffb560cc980>\nrecovery_page_open = <pages.password_recovery_page.PasswordRecoveryPage object at 0x7ffb560dafc0>\ndriver = <selenium.webdriver.chrome.webdriver.WebDriver (session=\"24e2bf5ef01fbbf20d79c14270fc2166\")>\n\n    @allure.title(\"3.3 Восстановить пароль на некорректный емайл\")\n    @pytest.mark.regress\n    def test_recovery_password_to_fill_incorrect_email(self, recovery_page_open, driver):\n        with allure.step('Заполнить поле емайл'):\n            recovery_page_open.fill_email_to_recovery_password(email1)\n        with allure.step(\"Нажать кнопку 'Продолжить'\"):\n            recovery_page_open.click_resume_button()\n>       text = recovery_page_open.get_invalid_email_message()\n\ntests/test_password_recovery/test_password_recovery.py:85: \n_ _ _ _ _ _ _ _ _ _ _ _ _ _ _ _ _ _ _ _ _ _ _ _ _ _ _ _ _ _ _ _ _ _ _ _ _ _ _ _ \npages/password_recovery_page.py:65: in get_invalid_email_message\n    return self.element_is_visible(self.locator.INVALID_EMAIL).text\npages/base_page.py:19: in element_is_visible\n    self.go_to_element(self.element_is_present(locator))\npages/base_page.py:35: in element_is_present\n    return Wait(self.driver, self.timeout).until(es.presence_of_element_located(locator))\n_ _ _ _ _ _ _ _ _ _ _ _ _ _ _ _ _ _ _ _ _ _ _ _ _ _ _ _ _ _ _ _ _ _ _ _ _ _ _ _ \n\nself = <selenium.webdriver.support.wait.WebDriverWait (session=\"24e2bf5ef01fbbf20d79c14270fc2166\")>\nmethod = <function presence_of_element_located.<locals>._predicate at 0x7ffb5540f1a0>\nmessage = ''\n\n    def until(self, method: Callable[[D], Union[Literal[False], T]], message: str = \"\") -> T:\n        \"\"\"Calls the method provided with the driver as an argument until the \\\n        return value does not evaluate to ``False``.\n    \n        :param method: callable(WebDriver)\n        :param message: optional message for :exc:`TimeoutException`\n        :returns: the result of the last call to `method`\n        :raises: :exc:`selenium.common.exceptions.TimeoutException` if timeout occurs\n        \"\"\"\n        screen = None\n        stacktrace = None\n    \n        end_time = time.monotonic() + self._timeout\n        while True:\n            try:\n                value = method(self._driver)\n                if value:\n                    return value\n            except self._ignored_exceptions as exc:\n                screen = getattr(exc, \"screen\", None)\n                stacktrace = getattr(exc, \"stacktrace\", None)\n            time.sleep(self._poll)\n            if time.monotonic() > end_time:\n                break\n>       raise TimeoutException(message, screen, stacktrace)\nE       selenium.common.exceptions.TimeoutException: Message: \nE       Stacktrace:\nE       #0 0x563c48812d93 <unknown>\nE       #1 0x563c484f6337 <unknown>\nE       #2 0x563c48541d60 <unknown>\nE       #3 0x563c48541e51 <unknown>\nE       #4 0x563c48585bc4 <unknown>\nE       #5 0x563c4856446d <unknown>\nE       #6 0x563c4858312d <unknown>\nE       #7 0x563c485641e3 <unknown>\nE       #8 0x563c48534135 <unknown>\nE       #9 0x563c4853513e <unknown>\nE       #10 0x563c487d6e4b <unknown>\nE       #11 0x563c487dadfa <unknown>\nE       #12 0x563c487c36d5 <unknown>\nE       #13 0x563c487dba6f <unknown>\nE       #14 0x563c487a769f <unknown>\nE       #15 0x563c48800098 <unknown>\nE       #16 0x563c48800262 <unknown>\nE       #17 0x563c48811f34 <unknown>\nE       #18 0x7f1261094ac3 <unknown>\n\n/opt/hostedtoolcache/Python/3.12.1/x64/lib/python3.12/site-packages/selenium/webdriver/support/wait.py:105: TimeoutException",
    "steps" : [ {
      "name" : "Заполнить поле емайл",
      "time" : {
        "start" : 1707211863094,
        "stop" : 1707211863169,
        "duration" : 75
      },
      "status" : "passed",
      "steps" : [ ],
      "attachments" : [ ],
      "parameters" : [ ],
      "stepsCount" : 0,
      "attachmentsCount" : 0,
      "shouldDisplayMessage" : false,
      "hasContent" : false
    }, {
      "name" : "Нажать кнопку 'Продолжить'",
      "time" : {
        "start" : 1707211863169,
        "stop" : 1707211863216,
        "duration" : 47
      },
      "status" : "passed",
      "steps" : [ ],
      "attachments" : [ ],
      "parameters" : [ ],
      "stepsCount" : 0,
      "attachmentsCount" : 0,
      "shouldDisplayMessage" : false,
      "hasContent" : false
    }, {
      "name" : "Получить текст сообщения о неверном емайл",
      "time" : {
        "start" : 1707211863216,
        "stop" : 1707211883584,
        "duration" : 20368
      },
      "status" : "broken",
      "statusMessage" : "selenium.common.exceptions.TimeoutException: Message: \nStacktrace:\n#0 0x563c48812d93 <unknown>\n#1 0x563c484f6337 <unknown>\n#2 0x563c48541d60 <unknown>\n#3 0x563c48541e51 <unknown>\n#4 0x563c48585bc4 <unknown>\n#5 0x563c4856446d <unknown>\n#6 0x563c4858312d <unknown>\n#7 0x563c485641e3 <unknown>\n#8 0x563c48534135 <unknown>\n#9 0x563c4853513e <unknown>\n#10 0x563c487d6e4b <unknown>\n#11 0x563c487dadfa <unknown>\n#12 0x563c487c36d5 <unknown>\n#13 0x563c487dba6f <unknown>\n#14 0x563c487a769f <unknown>\n#15 0x563c48800098 <unknown>\n#16 0x563c48800262 <unknown>\n#17 0x563c48811f34 <unknown>\n#18 0x7f1261094ac3 <unknown>\n\n",
      "statusTrace" : "  File \"/opt/hostedtoolcache/Python/3.12.1/x64/lib/python3.12/site-packages/allure_commons/_allure.py\", line 192, in impl\n    return func(*a, **kw)\n           ^^^^^^^^^^^^^^\n  File \"/home/runner/work/PulseWave/PulseWave/pages/password_recovery_page.py\", line 65, in get_invalid_email_message\n    return self.element_is_visible(self.locator.INVALID_EMAIL).text\n           ^^^^^^^^^^^^^^^^^^^^^^^^^^^^^^^^^^^^^^^^^^^^^^^^^^^\n  File \"/home/runner/work/PulseWave/PulseWave/pages/base_page.py\", line 19, in element_is_visible\n    self.go_to_element(self.element_is_present(locator))\n                       ^^^^^^^^^^^^^^^^^^^^^^^^^^^^^^^^\n  File \"/home/runner/work/PulseWave/PulseWave/pages/base_page.py\", line 35, in element_is_present\n    return Wait(self.driver, self.timeout).until(es.presence_of_element_located(locator))\n           ^^^^^^^^^^^^^^^^^^^^^^^^^^^^^^^^^^^^^^^^^^^^^^^^^^^^^^^^^^^^^^^^^^^^^^^^^^^^^^\n  File \"/opt/hostedtoolcache/Python/3.12.1/x64/lib/python3.12/site-packages/selenium/webdriver/support/wait.py\", line 105, in until\n    raise TimeoutException(message, screen, stacktrace)\n",
      "steps" : [ ],
      "attachments" : [ ],
      "parameters" : [ ],
      "stepsCount" : 0,
      "attachmentsCount" : 0,
      "shouldDisplayMessage" : true,
      "hasContent" : true
    } ],
    "attachments" : [ {
      "uid" : "6cbc7a330420b5e9",
      "name" : "Screenshot",
      "source" : "6cbc7a330420b5e9.png",
      "type" : "image/png",
      "size" : 60416
    }, {
      "uid" : "46b2f3efbe979ecf",
      "name" : "HTML source",
      "source" : "46b2f3efbe979ecf.html",
      "type" : "text/html",
      "size" : 95545
    } ],
    "parameters" : [ ],
    "stepsCount" : 3,
    "attachmentsCount" : 2,
    "shouldDisplayMessage" : true,
    "hasContent" : true
  },
  "afterStages" : [ {
    "name" : "driver::0",
    "time" : {
      "start" : 1707211883669,
      "stop" : 1707211883726,
      "duration" : 57
    },
    "status" : "passed",
    "steps" : [ ],
    "attachments" : [ ],
    "parameters" : [ ],
    "stepsCount" : 0,
    "attachmentsCount" : 0,
    "shouldDisplayMessage" : false,
    "hasContent" : false
  } ],
  "labels" : [ {
    "name" : "epic",
    "value" : "Тестирование страницы 'Восстановление пароля'"
  }, {
    "name" : "tag",
    "value" : "regress"
  }, {
    "name" : "parentSuite",
    "value" : "tests.test_password_recovery"
  }, {
    "name" : "suite",
    "value" : "test_password_recovery"
  }, {
    "name" : "subSuite",
    "value" : "TestLoginPage"
  }, {
    "name" : "host",
    "value" : "fv-az1149-354"
  }, {
    "name" : "thread",
    "value" : "2192-MainThread"
  }, {
    "name" : "framework",
    "value" : "pytest"
  }, {
    "name" : "language",
    "value" : "cpython3"
  }, {
    "name" : "package",
    "value" : "tests.test_password_recovery.test_password_recovery"
  }, {
    "name" : "resultFormat",
    "value" : "allure2"
  } ],
  "parameters" : [ {
    "name" : "browser",
    "value" : "'chrome'"
  } ],
  "links" : [ ],
  "hidden" : false,
  "retry" : false,
  "extra" : {
    "severity" : "normal",
    "retries" : [ ],
    "categories" : [ {
      "name" : "Test defects",
      "matchedStatuses" : [ ],
      "flaky" : false
    } ],
    "history" : {
      "statistic" : {
        "failed" : 0,
        "broken" : 1,
        "skipped" : 0,
        "passed" : 1,
        "unknown" : 0,
        "total" : 2
      },
      "items" : [ {
        "uid" : "95496f7ce43b9014",
        "reportUrl" : "https://Nat754.github.io/PulseWave/163//#testresult/95496f7ce43b9014",
        "status" : "passed",
        "time" : {
          "start" : 1707078711655,
          "stop" : 1707078712315,
          "duration" : 660
        }
      } ]
    },
    "tags" : [ "regress" ]
  },
  "source" : "3c63cf5eccbdf6d8.json",
  "parameterValues" : [ "'chrome'" ]
}