{
  "uid" : "7191c6273a9d3db7",
  "name" : "Проверка что авторизованный пользователь может выйти из аккаунта",
  "fullName" : "tests.test_workspace_page.test_workspace_page.TestWorkspacePage#test_auth_user_logout",
  "historyId" : "ef004c13c91f13fae735f1a09c2da0ef",
  "time" : {
    "start" : 1713901922036,
    "stop" : 1713901922343,
    "duration" : 307
  },
  "status" : "broken",
  "statusMessage" : "selenium.common.exceptions.StaleElementReferenceException: Message: stale element reference: stale element not found in the current frame\n  (Session info: chrome-headless-shell=123.0.6312.122); For documentation on this error, please visit: https://www.selenium.dev/documentation/webdriver/troubleshooting/errors#stale-element-reference-exception\nStacktrace:\n#0 0x557166a73863 <unknown>\n#1 0x5571667698c6 <unknown>\n#2 0x55716676ee75 <unknown>\n#3 0x557166770bce <unknown>\n#4 0x557166770c5c <unknown>\n#5 0x5571667b61c2 <unknown>\n#6 0x5571667b53da <unknown>\n#7 0x5571667a9507 <unknown>\n#8 0x5571667d65a2 <unknown>\n#9 0x5571667a8e98 <unknown>\n#10 0x5571667d676e <unknown>\n#11 0x5571667f4c19 <unknown>\n#12 0x5571667d6343 <unknown>\n#13 0x5571667a7593 <unknown>\n#14 0x5571667a7f5e <unknown>\n#15 0x557166a3784b <unknown>\n#16 0x557166a3b7a5 <unknown>\n#17 0x557166a25571 <unknown>\n#18 0x557166a3c332 <unknown>\n#19 0x557166a0a87f <unknown>\n#20 0x557166a62728 <unknown>\n#21 0x557166a628fb <unknown>\n#22 0x557166a729b4 <unknown>\n#23 0x7ff7a7694ac3 <unknown>",
  "statusTrace" : "self = <tests.test_workspace_page.test_workspace_page.TestWorkspacePage object at 0x7f93b09a7e00>\nauth_user = <pages.login_page.LoginPage object at 0x7f93b09d4800>\ndriver = <selenium.webdriver.chrome.webdriver.WebDriver (session=\"9b0b5193c06c376e6f450bc128d67007\")>\n\n    @allure.title(\"Проверка что авторизованный пользователь может выйти из аккаунта\")\n    @pytest.mark.regress\n    def test_auth_user_logout(self, auth_user, driver):\n        page = SignUpPage(driver)\n>       page.click_button_avatar()\n\ntests/test_workspace_page/test_workspace_page.py:50: \n_ _ _ _ _ _ _ _ _ _ _ _ _ _ _ _ _ _ _ _ _ _ _ _ _ _ _ _ _ _ _ _ _ _ _ _ _ _ _ _ \npages/signup_page.py:93: in click_button_avatar\n    self.element_is_clickable(self.locator.BUTTON_AVATAR).click()\n/opt/hostedtoolcache/Python/3.12.3/x64/lib/python3.12/site-packages/selenium/webdriver/remote/webelement.py:94: in click\n    self._execute(Command.CLICK_ELEMENT)\n/opt/hostedtoolcache/Python/3.12.3/x64/lib/python3.12/site-packages/selenium/webdriver/remote/webelement.py:395: in _execute\n    return self._parent.execute(command, params)\n/opt/hostedtoolcache/Python/3.12.3/x64/lib/python3.12/site-packages/selenium/webdriver/remote/webdriver.py:347: in execute\n    self.error_handler.check_response(response)\n_ _ _ _ _ _ _ _ _ _ _ _ _ _ _ _ _ _ _ _ _ _ _ _ _ _ _ _ _ _ _ _ _ _ _ _ _ _ _ _ \n\nself = <selenium.webdriver.remote.errorhandler.ErrorHandler object at 0x7f93b09c88f0>\nresponse = {'status': 404, 'value': '{\"value\":{\"error\":\"stale element reference\",\"message\":\"stale element reference: stale elemen...\\\\n#21 0x557166a628fb \\\\u003Cunknown>\\\\n#22 0x557166a729b4 \\\\u003Cunknown>\\\\n#23 0x7ff7a7694ac3 \\\\u003Cunknown>\\\\n\"}}'}\n\n    def check_response(self, response: Dict[str, Any]) -> None:\n        \"\"\"Checks that a JSON response from the WebDriver does not have an\n        error.\n    \n        :Args:\n         - response - The JSON response from the WebDriver server as a dictionary\n           object.\n    \n        :Raises: If the response contains an error message.\n        \"\"\"\n        status = response.get(\"status\", None)\n        if not status or status == ErrorCode.SUCCESS:\n            return\n        value = None\n        message = response.get(\"message\", \"\")\n        screen: str = response.get(\"screen\", \"\")\n        stacktrace = None\n        if isinstance(status, int):\n            value_json = response.get(\"value\", None)\n            if value_json and isinstance(value_json, str):\n                import json\n    \n                try:\n                    value = json.loads(value_json)\n                    if len(value) == 1:\n                        value = value[\"value\"]\n                    status = value.get(\"error\", None)\n                    if not status:\n                        status = value.get(\"status\", ErrorCode.UNKNOWN_ERROR)\n                        message = value.get(\"value\") or value.get(\"message\")\n                        if not isinstance(message, str):\n                            value = message\n                            message = message.get(\"message\")\n                    else:\n                        message = value.get(\"message\", None)\n                except ValueError:\n                    pass\n    \n        exception_class: Type[WebDriverException]\n        e = ErrorCode()\n        error_codes = [item for item in dir(e) if not item.startswith(\"__\")]\n        for error_code in error_codes:\n            error_info = getattr(ErrorCode, error_code)\n            if isinstance(error_info, list) and status in error_info:\n                exception_class = getattr(ExceptionMapping, error_code, WebDriverException)\n                break\n        else:\n            exception_class = WebDriverException\n    \n        if not value:\n            value = response[\"value\"]\n        if isinstance(value, str):\n            raise exception_class(value)\n        if message == \"\" and \"message\" in value:\n            message = value[\"message\"]\n    \n        screen = None  # type: ignore[assignment]\n        if \"screen\" in value:\n            screen = value[\"screen\"]\n    \n        stacktrace = None\n        st_value = value.get(\"stackTrace\") or value.get(\"stacktrace\")\n        if st_value:\n            if isinstance(st_value, str):\n                stacktrace = st_value.split(\"\\n\")\n            else:\n                stacktrace = []\n                try:\n                    for frame in st_value:\n                        line = frame.get(\"lineNumber\", \"\")\n                        file = frame.get(\"fileName\", \"<anonymous>\")\n                        if line:\n                            file = f\"{file}:{line}\"\n                        meth = frame.get(\"methodName\", \"<anonymous>\")\n                        if \"className\" in frame:\n                            meth = f\"{frame['className']}.{meth}\"\n                        msg = \"    at %s (%s)\"\n                        msg = msg % (meth, file)\n                        stacktrace.append(msg)\n                except TypeError:\n                    pass\n        if exception_class == UnexpectedAlertPresentException:\n            alert_text = None\n            if \"data\" in value:\n                alert_text = value[\"data\"].get(\"text\")\n            elif \"alert\" in value:\n                alert_text = value[\"alert\"].get(\"text\")\n            raise exception_class(message, screen, stacktrace, alert_text)  # type: ignore[call-arg]  # mypy is not smart enough here\n>       raise exception_class(message, screen, stacktrace)\nE       selenium.common.exceptions.StaleElementReferenceException: Message: stale element reference: stale element not found in the current frame\nE         (Session info: chrome-headless-shell=123.0.6312.122); For documentation on this error, please visit: https://www.selenium.dev/documentation/webdriver/troubleshooting/errors#stale-element-reference-exception\nE       Stacktrace:\nE       #0 0x557166a73863 <unknown>\nE       #1 0x5571667698c6 <unknown>\nE       #2 0x55716676ee75 <unknown>\nE       #3 0x557166770bce <unknown>\nE       #4 0x557166770c5c <unknown>\nE       #5 0x5571667b61c2 <unknown>\nE       #6 0x5571667b53da <unknown>\nE       #7 0x5571667a9507 <unknown>\nE       #8 0x5571667d65a2 <unknown>\nE       #9 0x5571667a8e98 <unknown>\nE       #10 0x5571667d676e <unknown>\nE       #11 0x5571667f4c19 <unknown>\nE       #12 0x5571667d6343 <unknown>\nE       #13 0x5571667a7593 <unknown>\nE       #14 0x5571667a7f5e <unknown>\nE       #15 0x557166a3784b <unknown>\nE       #16 0x557166a3b7a5 <unknown>\nE       #17 0x557166a25571 <unknown>\nE       #18 0x557166a3c332 <unknown>\nE       #19 0x557166a0a87f <unknown>\nE       #20 0x557166a62728 <unknown>\nE       #21 0x557166a628fb <unknown>\nE       #22 0x557166a729b4 <unknown>\nE       #23 0x7ff7a7694ac3 <unknown>\n\n/opt/hostedtoolcache/Python/3.12.3/x64/lib/python3.12/site-packages/selenium/webdriver/remote/errorhandler.py:229: StaleElementReferenceException",
  "flaky" : false,
  "newFailed" : false,
  "beforeStages" : [ {
    "name" : "auth_user",
    "time" : {
      "start" : 1713901917479,
      "stop" : 1713901922035,
      "duration" : 4556
    },
    "status" : "passed",
    "steps" : [ {
      "name" : "Проверка видимости кнопки 'Принимаю все' в сообщении о принятии файлов cookie",
      "time" : {
        "start" : 1713901920277,
        "stop" : 1713901920307,
        "duration" : 30
      },
      "status" : "passed",
      "steps" : [ ],
      "attachments" : [ ],
      "parameters" : [ ],
      "stepsCount" : 0,
      "attachmentsCount" : 0,
      "shouldDisplayMessage" : false,
      "hasContent" : false
    }, {
      "name" : "Нажать кнопку 'Войти'",
      "time" : {
        "start" : 1713901920470,
        "stop" : 1713901920519,
        "duration" : 49
      },
      "status" : "passed",
      "steps" : [ ],
      "attachments" : [ ],
      "parameters" : [ ],
      "stepsCount" : 0,
      "attachmentsCount" : 0,
      "shouldDisplayMessage" : false,
      "hasContent" : false
    }, {
      "name" : "Ждать обновление страницы",
      "time" : {
        "start" : 1713901920519,
        "stop" : 1713901922035,
        "duration" : 1516
      },
      "status" : "passed",
      "steps" : [ ],
      "attachments" : [ ],
      "parameters" : [ ],
      "stepsCount" : 0,
      "attachmentsCount" : 0,
      "shouldDisplayMessage" : false,
      "hasContent" : false
    } ],
    "attachments" : [ ],
    "parameters" : [ ],
    "stepsCount" : 3,
    "attachmentsCount" : 0,
    "shouldDisplayMessage" : false,
    "hasContent" : true
  }, {
    "name" : "driver",
    "time" : {
      "start" : 1713901917198,
      "stop" : 1713901917479,
      "duration" : 281
    },
    "status" : "passed",
    "steps" : [ ],
    "attachments" : [ ],
    "parameters" : [ ],
    "stepsCount" : 0,
    "attachmentsCount" : 0,
    "shouldDisplayMessage" : false,
    "hasContent" : false
  }, {
    "name" : "_session_faker",
    "time" : {
      "start" : 1713900878453,
      "stop" : 1713900878470,
      "duration" : 17
    },
    "status" : "passed",
    "steps" : [ ],
    "attachments" : [ ],
    "parameters" : [ ],
    "stepsCount" : 0,
    "attachmentsCount" : 0,
    "shouldDisplayMessage" : false,
    "hasContent" : false
  }, {
    "name" : "clear_allure_results_folder",
    "time" : {
      "start" : 1713900878470,
      "stop" : 1713900878470,
      "duration" : 0
    },
    "status" : "passed",
    "steps" : [ ],
    "attachments" : [ ],
    "parameters" : [ ],
    "stepsCount" : 0,
    "attachmentsCount" : 0,
    "shouldDisplayMessage" : false,
    "hasContent" : false
  } ],
  "testStage" : {
    "status" : "broken",
    "statusMessage" : "selenium.common.exceptions.StaleElementReferenceException: Message: stale element reference: stale element not found in the current frame\n  (Session info: chrome-headless-shell=123.0.6312.122); For documentation on this error, please visit: https://www.selenium.dev/documentation/webdriver/troubleshooting/errors#stale-element-reference-exception\nStacktrace:\n#0 0x557166a73863 <unknown>\n#1 0x5571667698c6 <unknown>\n#2 0x55716676ee75 <unknown>\n#3 0x557166770bce <unknown>\n#4 0x557166770c5c <unknown>\n#5 0x5571667b61c2 <unknown>\n#6 0x5571667b53da <unknown>\n#7 0x5571667a9507 <unknown>\n#8 0x5571667d65a2 <unknown>\n#9 0x5571667a8e98 <unknown>\n#10 0x5571667d676e <unknown>\n#11 0x5571667f4c19 <unknown>\n#12 0x5571667d6343 <unknown>\n#13 0x5571667a7593 <unknown>\n#14 0x5571667a7f5e <unknown>\n#15 0x557166a3784b <unknown>\n#16 0x557166a3b7a5 <unknown>\n#17 0x557166a25571 <unknown>\n#18 0x557166a3c332 <unknown>\n#19 0x557166a0a87f <unknown>\n#20 0x557166a62728 <unknown>\n#21 0x557166a628fb <unknown>\n#22 0x557166a729b4 <unknown>\n#23 0x7ff7a7694ac3 <unknown>",
    "statusTrace" : "self = <tests.test_workspace_page.test_workspace_page.TestWorkspacePage object at 0x7f93b09a7e00>\nauth_user = <pages.login_page.LoginPage object at 0x7f93b09d4800>\ndriver = <selenium.webdriver.chrome.webdriver.WebDriver (session=\"9b0b5193c06c376e6f450bc128d67007\")>\n\n    @allure.title(\"Проверка что авторизованный пользователь может выйти из аккаунта\")\n    @pytest.mark.regress\n    def test_auth_user_logout(self, auth_user, driver):\n        page = SignUpPage(driver)\n>       page.click_button_avatar()\n\ntests/test_workspace_page/test_workspace_page.py:50: \n_ _ _ _ _ _ _ _ _ _ _ _ _ _ _ _ _ _ _ _ _ _ _ _ _ _ _ _ _ _ _ _ _ _ _ _ _ _ _ _ \npages/signup_page.py:93: in click_button_avatar\n    self.element_is_clickable(self.locator.BUTTON_AVATAR).click()\n/opt/hostedtoolcache/Python/3.12.3/x64/lib/python3.12/site-packages/selenium/webdriver/remote/webelement.py:94: in click\n    self._execute(Command.CLICK_ELEMENT)\n/opt/hostedtoolcache/Python/3.12.3/x64/lib/python3.12/site-packages/selenium/webdriver/remote/webelement.py:395: in _execute\n    return self._parent.execute(command, params)\n/opt/hostedtoolcache/Python/3.12.3/x64/lib/python3.12/site-packages/selenium/webdriver/remote/webdriver.py:347: in execute\n    self.error_handler.check_response(response)\n_ _ _ _ _ _ _ _ _ _ _ _ _ _ _ _ _ _ _ _ _ _ _ _ _ _ _ _ _ _ _ _ _ _ _ _ _ _ _ _ \n\nself = <selenium.webdriver.remote.errorhandler.ErrorHandler object at 0x7f93b09c88f0>\nresponse = {'status': 404, 'value': '{\"value\":{\"error\":\"stale element reference\",\"message\":\"stale element reference: stale elemen...\\\\n#21 0x557166a628fb \\\\u003Cunknown>\\\\n#22 0x557166a729b4 \\\\u003Cunknown>\\\\n#23 0x7ff7a7694ac3 \\\\u003Cunknown>\\\\n\"}}'}\n\n    def check_response(self, response: Dict[str, Any]) -> None:\n        \"\"\"Checks that a JSON response from the WebDriver does not have an\n        error.\n    \n        :Args:\n         - response - The JSON response from the WebDriver server as a dictionary\n           object.\n    \n        :Raises: If the response contains an error message.\n        \"\"\"\n        status = response.get(\"status\", None)\n        if not status or status == ErrorCode.SUCCESS:\n            return\n        value = None\n        message = response.get(\"message\", \"\")\n        screen: str = response.get(\"screen\", \"\")\n        stacktrace = None\n        if isinstance(status, int):\n            value_json = response.get(\"value\", None)\n            if value_json and isinstance(value_json, str):\n                import json\n    \n                try:\n                    value = json.loads(value_json)\n                    if len(value) == 1:\n                        value = value[\"value\"]\n                    status = value.get(\"error\", None)\n                    if not status:\n                        status = value.get(\"status\", ErrorCode.UNKNOWN_ERROR)\n                        message = value.get(\"value\") or value.get(\"message\")\n                        if not isinstance(message, str):\n                            value = message\n                            message = message.get(\"message\")\n                    else:\n                        message = value.get(\"message\", None)\n                except ValueError:\n                    pass\n    \n        exception_class: Type[WebDriverException]\n        e = ErrorCode()\n        error_codes = [item for item in dir(e) if not item.startswith(\"__\")]\n        for error_code in error_codes:\n            error_info = getattr(ErrorCode, error_code)\n            if isinstance(error_info, list) and status in error_info:\n                exception_class = getattr(ExceptionMapping, error_code, WebDriverException)\n                break\n        else:\n            exception_class = WebDriverException\n    \n        if not value:\n            value = response[\"value\"]\n        if isinstance(value, str):\n            raise exception_class(value)\n        if message == \"\" and \"message\" in value:\n            message = value[\"message\"]\n    \n        screen = None  # type: ignore[assignment]\n        if \"screen\" in value:\n            screen = value[\"screen\"]\n    \n        stacktrace = None\n        st_value = value.get(\"stackTrace\") or value.get(\"stacktrace\")\n        if st_value:\n            if isinstance(st_value, str):\n                stacktrace = st_value.split(\"\\n\")\n            else:\n                stacktrace = []\n                try:\n                    for frame in st_value:\n                        line = frame.get(\"lineNumber\", \"\")\n                        file = frame.get(\"fileName\", \"<anonymous>\")\n                        if line:\n                            file = f\"{file}:{line}\"\n                        meth = frame.get(\"methodName\", \"<anonymous>\")\n                        if \"className\" in frame:\n                            meth = f\"{frame['className']}.{meth}\"\n                        msg = \"    at %s (%s)\"\n                        msg = msg % (meth, file)\n                        stacktrace.append(msg)\n                except TypeError:\n                    pass\n        if exception_class == UnexpectedAlertPresentException:\n            alert_text = None\n            if \"data\" in value:\n                alert_text = value[\"data\"].get(\"text\")\n            elif \"alert\" in value:\n                alert_text = value[\"alert\"].get(\"text\")\n            raise exception_class(message, screen, stacktrace, alert_text)  # type: ignore[call-arg]  # mypy is not smart enough here\n>       raise exception_class(message, screen, stacktrace)\nE       selenium.common.exceptions.StaleElementReferenceException: Message: stale element reference: stale element not found in the current frame\nE         (Session info: chrome-headless-shell=123.0.6312.122); For documentation on this error, please visit: https://www.selenium.dev/documentation/webdriver/troubleshooting/errors#stale-element-reference-exception\nE       Stacktrace:\nE       #0 0x557166a73863 <unknown>\nE       #1 0x5571667698c6 <unknown>\nE       #2 0x55716676ee75 <unknown>\nE       #3 0x557166770bce <unknown>\nE       #4 0x557166770c5c <unknown>\nE       #5 0x5571667b61c2 <unknown>\nE       #6 0x5571667b53da <unknown>\nE       #7 0x5571667a9507 <unknown>\nE       #8 0x5571667d65a2 <unknown>\nE       #9 0x5571667a8e98 <unknown>\nE       #10 0x5571667d676e <unknown>\nE       #11 0x5571667f4c19 <unknown>\nE       #12 0x5571667d6343 <unknown>\nE       #13 0x5571667a7593 <unknown>\nE       #14 0x5571667a7f5e <unknown>\nE       #15 0x557166a3784b <unknown>\nE       #16 0x557166a3b7a5 <unknown>\nE       #17 0x557166a25571 <unknown>\nE       #18 0x557166a3c332 <unknown>\nE       #19 0x557166a0a87f <unknown>\nE       #20 0x557166a62728 <unknown>\nE       #21 0x557166a628fb <unknown>\nE       #22 0x557166a729b4 <unknown>\nE       #23 0x7ff7a7694ac3 <unknown>\n\n/opt/hostedtoolcache/Python/3.12.3/x64/lib/python3.12/site-packages/selenium/webdriver/remote/errorhandler.py:229: StaleElementReferenceException",
    "steps" : [ {
      "name" : "Нажать на иконку аватара",
      "time" : {
        "start" : 1713901922036,
        "stop" : 1713901922342,
        "duration" : 306
      },
      "status" : "broken",
      "statusMessage" : "selenium.common.exceptions.StaleElementReferenceException: Message: stale element reference: stale element not found in the current frame\n  (Session info: chrome-headless-shell=123.0.6312.122); For documentation on this error, please visit: https://www.selenium.dev/documentation/webdriver/troubleshooting/errors#stale-element-reference-exception\nStacktrace:\n#0 0x557166a73863 <unknown>\n#1 0x5571667698c6 <unknown>\n#2 0x55716676ee75 <unknown>\n#3 0x557166770bce <unknown>\n#4 0x557166770c5c <unknown>\n#5 0x5571667b61c2 <unknown>\n#6 0x5571667b53da <unknown>\n#7 0x5571667a9507 <unknown>\n#8 0x5571667d65a2 <unknown>\n#9 0x5571667a8e98 <unknown>\n#10 0x5571667d676e <unknown>\n#11 0x5571667f4c19 <unknown>\n#12 0x5571667d6343 <unknown>\n#13 0x5571667a7593 <unknown>\n#14 0x5571667a7f5e <unknown>\n#15 0x557166a3784b <unknown>\n#16 0x557166a3b7a5 <unknown>\n#17 0x557166a25571 <unknown>\n#18 0x557166a3c332 <unknown>\n#19 0x557166a0a87f <unknown>\n#20 0x557166a62728 <unknown>\n#21 0x557166a628fb <unknown>\n#22 0x557166a729b4 <unknown>\n#23 0x7ff7a7694ac3 <unknown>\n\n",
      "statusTrace" : "  File \"/opt/hostedtoolcache/Python/3.12.3/x64/lib/python3.12/site-packages/allure_commons/_allure.py\", line 192, in impl\n    return func(*a, **kw)\n           ^^^^^^^^^^^^^^\n  File \"/home/runner/work/PulseWave/PulseWave/pages/signup_page.py\", line 93, in click_button_avatar\n    self.element_is_clickable(self.locator.BUTTON_AVATAR).click()\n  File \"/opt/hostedtoolcache/Python/3.12.3/x64/lib/python3.12/site-packages/selenium/webdriver/remote/webelement.py\", line 94, in click\n    self._execute(Command.CLICK_ELEMENT)\n  File \"/opt/hostedtoolcache/Python/3.12.3/x64/lib/python3.12/site-packages/selenium/webdriver/remote/webelement.py\", line 395, in _execute\n    return self._parent.execute(command, params)\n           ^^^^^^^^^^^^^^^^^^^^^^^^^^^^^^^^^^^^^\n  File \"/opt/hostedtoolcache/Python/3.12.3/x64/lib/python3.12/site-packages/selenium/webdriver/remote/webdriver.py\", line 347, in execute\n    self.error_handler.check_response(response)\n  File \"/opt/hostedtoolcache/Python/3.12.3/x64/lib/python3.12/site-packages/selenium/webdriver/remote/errorhandler.py\", line 229, in check_response\n    raise exception_class(message, screen, stacktrace)\n",
      "steps" : [ ],
      "attachments" : [ ],
      "parameters" : [ ],
      "stepsCount" : 0,
      "attachmentsCount" : 0,
      "shouldDisplayMessage" : true,
      "hasContent" : true
    } ],
    "attachments" : [ {
      "uid" : "bdbe296b0af1eb5d",
      "name" : "Screenshot",
      "source" : "bdbe296b0af1eb5d.png",
      "type" : "image/png",
      "size" : 56509
    }, {
      "uid" : "99f88f28fa26b0f3",
      "name" : "HTML source",
      "source" : "99f88f28fa26b0f3.html",
      "type" : "text/html",
      "size" : 72617
    } ],
    "parameters" : [ ],
    "stepsCount" : 1,
    "attachmentsCount" : 2,
    "shouldDisplayMessage" : true,
    "hasContent" : true
  },
  "afterStages" : [ {
    "name" : "driver::0",
    "time" : {
      "start" : 1713901922512,
      "stop" : 1713901922570,
      "duration" : 58
    },
    "status" : "passed",
    "steps" : [ ],
    "attachments" : [ ],
    "parameters" : [ ],
    "stepsCount" : 0,
    "attachmentsCount" : 0,
    "shouldDisplayMessage" : false,
    "hasContent" : false
  } ],
  "labels" : [ {
    "name" : "epic",
    "value" : "Тестирование страницы 'Рабочие пространства'"
  }, {
    "name" : "tag",
    "value" : "regress"
  }, {
    "name" : "parentSuite",
    "value" : "tests.test_workspace_page"
  }, {
    "name" : "suite",
    "value" : "test_workspace_page"
  }, {
    "name" : "subSuite",
    "value" : "TestWorkspacePage"
  }, {
    "name" : "host",
    "value" : "fv-az1424-488"
  }, {
    "name" : "thread",
    "value" : "2308-MainThread"
  }, {
    "name" : "framework",
    "value" : "pytest"
  }, {
    "name" : "language",
    "value" : "cpython3"
  }, {
    "name" : "package",
    "value" : "tests.test_workspace_page.test_workspace_page"
  }, {
    "name" : "resultFormat",
    "value" : "allure2"
  } ],
  "parameters" : [ {
    "name" : "browser",
    "value" : "'chrome'"
  } ],
  "links" : [ ],
  "hidden" : false,
  "retry" : false,
  "extra" : {
    "severity" : "normal",
    "retries" : [ ],
    "categories" : [ {
      "name" : "Test defects",
      "matchedStatuses" : [ ],
      "flaky" : false
    } ],
    "history" : {
      "statistic" : {
        "failed" : 0,
        "broken" : 4,
        "skipped" : 0,
        "passed" : 1,
        "unknown" : 0,
        "total" : 5
      },
      "items" : [ {
        "uid" : "8c0d4190ee64de5e",
        "reportUrl" : "https://Nat754.github.io/PulseWave/210//#testresult/8c0d4190ee64de5e",
        "status" : "broken",
        "statusDetails" : "selenium.common.exceptions.StaleElementReferenceException: Message: stale element reference: stale element not found in the current frame\n  (Session info: chrome-headless-shell=123.0.6312.122); For documentation on this error, please visit: https://www.selenium.dev/documentation/webdriver/troubleshooting/errors#stale-element-reference-exception\nStacktrace:\n#0 0x555a1c031863 <unknown>\n#1 0x555a1bd278c6 <unknown>\n#2 0x555a1bd2ce75 <unknown>\n#3 0x555a1bd2ee88 <unknown>\n#4 0x555a1bdb3c17 <unknown>\n#5 0x555a1bd945a2 <unknown>\n#6 0x555a1bdb2c19 <unknown>\n#7 0x555a1bd94343 <unknown>\n#8 0x555a1bd65593 <unknown>\n#9 0x555a1bd65f5e <unknown>\n#10 0x555a1bff584b <unknown>\n#11 0x555a1bff97a5 <unknown>\n#12 0x555a1bfe3571 <unknown>\n#13 0x555a1bffa332 <unknown>\n#14 0x555a1bfc887f <unknown>\n#15 0x555a1c020728 <unknown>\n#16 0x555a1c0208fb <unknown>\n#17 0x555a1c0309b4 <unknown>\n#18 0x7f6373894ac3 <unknown>",
        "time" : {
          "start" : 1713886175357,
          "stop" : 1713886175651,
          "duration" : 294
        }
      }, {
        "uid" : "44cfc36f9c11fa28",
        "reportUrl" : "https://Nat754.github.io/PulseWave/209//#testresult/44cfc36f9c11fa28",
        "status" : "broken",
        "statusDetails" : "selenium.common.exceptions.StaleElementReferenceException: Message: stale element reference: stale element not found in the current frame\n  (Session info: chrome-headless-shell=123.0.6312.122); For documentation on this error, please visit: https://www.selenium.dev/documentation/webdriver/troubleshooting/errors#stale-element-reference-exception\nStacktrace:\n#0 0x55eeaa777863 <unknown>\n#1 0x55eeaa46d8c6 <unknown>\n#2 0x55eeaa472e75 <unknown>\n#3 0x55eeaa474e88 <unknown>\n#4 0x55eeaa4f9c17 <unknown>\n#5 0x55eeaa4da5a2 <unknown>\n#6 0x55eeaa4f8c19 <unknown>\n#7 0x55eeaa4da343 <unknown>\n#8 0x55eeaa4ab593 <unknown>\n#9 0x55eeaa4abf5e <unknown>\n#10 0x55eeaa73b84b <unknown>\n#11 0x55eeaa73f7a5 <unknown>\n#12 0x55eeaa729571 <unknown>\n#13 0x55eeaa740332 <unknown>\n#14 0x55eeaa70e87f <unknown>\n#15 0x55eeaa766728 <unknown>\n#16 0x55eeaa7668fb <unknown>\n#17 0x55eeaa7769b4 <unknown>\n#18 0x7fe396294ac3 <unknown>",
        "time" : {
          "start" : 1713884059372,
          "stop" : 1713884059664,
          "duration" : 292
        }
      }, {
        "uid" : "5d6857b5d5264b2e",
        "reportUrl" : "https://Nat754.github.io/PulseWave/209//#testresult/5d6857b5d5264b2e",
        "status" : "broken",
        "statusDetails" : "selenium.common.exceptions.StaleElementReferenceException: Message: stale element reference: stale element not found in the current frame\n  (Session info: chrome-headless-shell=123.0.6312.122); For documentation on this error, please visit: https://www.selenium.dev/documentation/webdriver/troubleshooting/errors#stale-element-reference-exception\nStacktrace:\n#0 0x5598d1bde863 <unknown>\n#1 0x5598d18d48c6 <unknown>\n#2 0x5598d18d9e75 <unknown>\n#3 0x5598d18dbbce <unknown>\n#4 0x5598d18dbc5c <unknown>\n#5 0x5598d19211c2 <unknown>\n#6 0x5598d19143a1 <unknown>\n#7 0x5598d19415a2 <unknown>\n#8 0x5598d1913e98 <unknown>\n#9 0x5598d194176e <unknown>\n#10 0x5598d195fc19 <unknown>\n#11 0x5598d1941343 <unknown>\n#12 0x5598d1912593 <unknown>\n#13 0x5598d1912f5e <unknown>\n#14 0x5598d1ba284b <unknown>\n#15 0x5598d1ba67a5 <unknown>\n#16 0x5598d1b90571 <unknown>\n#17 0x5598d1ba7332 <unknown>\n#18 0x5598d1b7587f <unknown>\n#19 0x5598d1bcd728 <unknown>\n#20 0x5598d1bcd8fb <unknown>\n#21 0x5598d1bdd9b4 <unknown>\n#22 0x7fcc67894ac3 <unknown>",
        "time" : {
          "start" : 1713882593647,
          "stop" : 1713882593955,
          "duration" : 308
        }
      }, {
        "uid" : "fd106e7038ddf492",
        "reportUrl" : "https://Nat754.github.io/PulseWave/208//#testresult/fd106e7038ddf492",
        "status" : "passed",
        "time" : {
          "start" : 1713879771347,
          "stop" : 1713879771758,
          "duration" : 411
        }
      } ]
    },
    "tags" : [ "regress" ]
  },
  "source" : "7191c6273a9d3db7.json",
  "parameterValues" : [ "'chrome'" ]
}