{
  "uid" : "cb4f934feca7103f",
  "name" : "Проверка перехода в Рабочие пространства по ссылке На главную",
  "fullName" : "tests.test_workspace_page.test_workspace_page.TestWorkspacePage#test_link_to_main",
  "historyId" : "11b6f02ab206056145597ed767926875",
  "time" : {
    "start" : 1726109894412,
    "stop" : 1726109894751,
    "duration" : 339
  },
  "status" : "broken",
  "statusMessage" : "selenium.common.exceptions.StaleElementReferenceException: Message: stale element reference: stale element not found in the current frame\n  (Session info: chrome=128.0.6613.119); For documentation on this error, please visit: https://www.selenium.dev/documentation/webdriver/troubleshooting/errors#stale-element-reference-exception\nStacktrace:\n#0 0x55b290edc86a <unknown>\n#1 0x55b290baae50 <unknown>\n#2 0x55b290bb0c68 <unknown>\n#3 0x55b290bb2935 <unknown>\n#4 0x55b290bb29bc <unknown>\n#5 0x55b290bfeae6 <unknown>\n#6 0x55b290bfccf7 <unknown>\n#7 0x55b290bfbb9c <unknown>\n#8 0x55b290bef4d6 <unknown>\n#9 0x55b290c1f492 <unknown>\n#10 0x55b290beee89 <unknown>\n#11 0x55b290c1f65e <unknown>\n#12 0x55b290c3d9c6 <unknown>\n#13 0x55b290c1f233 <unknown>\n#14 0x55b290bed093 <unknown>\n#15 0x55b290bee09e <unknown>\n#16 0x55b290ea3acb <unknown>\n#17 0x55b290ea7a81 <unknown>\n#18 0x55b290e8f695 <unknown>\n#19 0x55b290ea85f2 <unknown>\n#20 0x55b290e7486f <unknown>\n#21 0x55b290ecb668 <unknown>\n#22 0x55b290ecb832 <unknown>\n#23 0x55b290edb65c <unknown>\n#24 0x7f23e1094ac3 <unknown>",
  "statusTrace" : "self = <tests.test_workspace_page.test_workspace_page.TestWorkspacePage object at 0x7f36e3caa9f0>\nauth_user = <pages.login_page.LoginPage object at 0x7f36e3cd9550>\ndriver = <selenium.webdriver.chrome.webdriver.WebDriver (session=\"c0c1789dcb6b95e0144f1330b7aa8ded\")>\n\n    @allure.title(f\"Проверка перехода в {wsconst.WORKSPACE_TITLE} по ссылке {message.TO_MAIN_TEXT}\")\n    @pytest.mark.regress\n    def test_link_to_main(self, auth_user, driver):\n        page = SignUpPage(driver)\n>       page.click_button_avatar()\n\ntests/test_workspace_page/test_workspace_page.py:60: \n_ _ _ _ _ _ _ _ _ _ _ _ _ _ _ _ _ _ _ _ _ _ _ _ _ _ _ _ _ _ _ _ _ _ _ _ _ _ _ _ \npages/signup_page.py:93: in click_button_avatar\n    self.element_is_clickable(self.locator.BUTTON_AVATAR).click()\n/opt/hostedtoolcache/Python/3.12.5/x64/lib/python3.12/site-packages/selenium/webdriver/remote/webelement.py:94: in click\n    self._execute(Command.CLICK_ELEMENT)\n/opt/hostedtoolcache/Python/3.12.5/x64/lib/python3.12/site-packages/selenium/webdriver/remote/webelement.py:395: in _execute\n    return self._parent.execute(command, params)\n/opt/hostedtoolcache/Python/3.12.5/x64/lib/python3.12/site-packages/selenium/webdriver/remote/webdriver.py:347: in execute\n    self.error_handler.check_response(response)\n_ _ _ _ _ _ _ _ _ _ _ _ _ _ _ _ _ _ _ _ _ _ _ _ _ _ _ _ _ _ _ _ _ _ _ _ _ _ _ _ \n\nself = <selenium.webdriver.remote.errorhandler.ErrorHandler object at 0x7f36e3cdac30>\nresponse = {'status': 404, 'value': '{\"value\":{\"error\":\"stale element reference\",\"message\":\"stale element reference: stale elemen...\\\\n#22 0x55b290ecb832 \\\\u003Cunknown>\\\\n#23 0x55b290edb65c \\\\u003Cunknown>\\\\n#24 0x7f23e1094ac3 \\\\u003Cunknown>\\\\n\"}}'}\n\n    def check_response(self, response: Dict[str, Any]) -> None:\n        \"\"\"Checks that a JSON response from the WebDriver does not have an\n        error.\n    \n        :Args:\n         - response - The JSON response from the WebDriver server as a dictionary\n           object.\n    \n        :Raises: If the response contains an error message.\n        \"\"\"\n        status = response.get(\"status\", None)\n        if not status or status == ErrorCode.SUCCESS:\n            return\n        value = None\n        message = response.get(\"message\", \"\")\n        screen: str = response.get(\"screen\", \"\")\n        stacktrace = None\n        if isinstance(status, int):\n            value_json = response.get(\"value\", None)\n            if value_json and isinstance(value_json, str):\n                import json\n    \n                try:\n                    value = json.loads(value_json)\n                    if len(value) == 1:\n                        value = value[\"value\"]\n                    status = value.get(\"error\", None)\n                    if not status:\n                        status = value.get(\"status\", ErrorCode.UNKNOWN_ERROR)\n                        message = value.get(\"value\") or value.get(\"message\")\n                        if not isinstance(message, str):\n                            value = message\n                            message = message.get(\"message\")\n                    else:\n                        message = value.get(\"message\", None)\n                except ValueError:\n                    pass\n    \n        exception_class: Type[WebDriverException]\n        e = ErrorCode()\n        error_codes = [item for item in dir(e) if not item.startswith(\"__\")]\n        for error_code in error_codes:\n            error_info = getattr(ErrorCode, error_code)\n            if isinstance(error_info, list) and status in error_info:\n                exception_class = getattr(ExceptionMapping, error_code, WebDriverException)\n                break\n        else:\n            exception_class = WebDriverException\n    \n        if not value:\n            value = response[\"value\"]\n        if isinstance(value, str):\n            raise exception_class(value)\n        if message == \"\" and \"message\" in value:\n            message = value[\"message\"]\n    \n        screen = None  # type: ignore[assignment]\n        if \"screen\" in value:\n            screen = value[\"screen\"]\n    \n        stacktrace = None\n        st_value = value.get(\"stackTrace\") or value.get(\"stacktrace\")\n        if st_value:\n            if isinstance(st_value, str):\n                stacktrace = st_value.split(\"\\n\")\n            else:\n                stacktrace = []\n                try:\n                    for frame in st_value:\n                        line = frame.get(\"lineNumber\", \"\")\n                        file = frame.get(\"fileName\", \"<anonymous>\")\n                        if line:\n                            file = f\"{file}:{line}\"\n                        meth = frame.get(\"methodName\", \"<anonymous>\")\n                        if \"className\" in frame:\n                            meth = f\"{frame['className']}.{meth}\"\n                        msg = \"    at %s (%s)\"\n                        msg = msg % (meth, file)\n                        stacktrace.append(msg)\n                except TypeError:\n                    pass\n        if exception_class == UnexpectedAlertPresentException:\n            alert_text = None\n            if \"data\" in value:\n                alert_text = value[\"data\"].get(\"text\")\n            elif \"alert\" in value:\n                alert_text = value[\"alert\"].get(\"text\")\n            raise exception_class(message, screen, stacktrace, alert_text)  # type: ignore[call-arg]  # mypy is not smart enough here\n>       raise exception_class(message, screen, stacktrace)\nE       selenium.common.exceptions.StaleElementReferenceException: Message: stale element reference: stale element not found in the current frame\nE         (Session info: chrome=128.0.6613.119); For documentation on this error, please visit: https://www.selenium.dev/documentation/webdriver/troubleshooting/errors#stale-element-reference-exception\nE       Stacktrace:\nE       #0 0x55b290edc86a <unknown>\nE       #1 0x55b290baae50 <unknown>\nE       #2 0x55b290bb0c68 <unknown>\nE       #3 0x55b290bb2935 <unknown>\nE       #4 0x55b290bb29bc <unknown>\nE       #5 0x55b290bfeae6 <unknown>\nE       #6 0x55b290bfccf7 <unknown>\nE       #7 0x55b290bfbb9c <unknown>\nE       #8 0x55b290bef4d6 <unknown>\nE       #9 0x55b290c1f492 <unknown>\nE       #10 0x55b290beee89 <unknown>\nE       #11 0x55b290c1f65e <unknown>\nE       #12 0x55b290c3d9c6 <unknown>\nE       #13 0x55b290c1f233 <unknown>\nE       #14 0x55b290bed093 <unknown>\nE       #15 0x55b290bee09e <unknown>\nE       #16 0x55b290ea3acb <unknown>\nE       #17 0x55b290ea7a81 <unknown>\nE       #18 0x55b290e8f695 <unknown>\nE       #19 0x55b290ea85f2 <unknown>\nE       #20 0x55b290e7486f <unknown>\nE       #21 0x55b290ecb668 <unknown>\nE       #22 0x55b290ecb832 <unknown>\nE       #23 0x55b290edb65c <unknown>\nE       #24 0x7f23e1094ac3 <unknown>\n\n/opt/hostedtoolcache/Python/3.12.5/x64/lib/python3.12/site-packages/selenium/webdriver/remote/errorhandler.py:229: StaleElementReferenceException",
  "flaky" : false,
  "newFailed" : false,
  "beforeStages" : [ {
    "name" : "driver",
    "time" : {
      "start" : 1726109888341,
      "stop" : 1726109888622,
      "duration" : 281
    },
    "status" : "passed",
    "steps" : [ ],
    "attachments" : [ ],
    "parameters" : [ ],
    "stepsCount" : 0,
    "attachmentsCount" : 0,
    "shouldDisplayMessage" : false,
    "hasContent" : false
  }, {
    "name" : "auth_user",
    "time" : {
      "start" : 1726109888623,
      "stop" : 1726109894411,
      "duration" : 5788
    },
    "status" : "passed",
    "steps" : [ {
      "name" : "Проверка видимости кнопки 'Принимаю все' в сообщении о принятии файлов cookie",
      "time" : {
        "start" : 1726109892076,
        "stop" : 1726109892102,
        "duration" : 26
      },
      "status" : "passed",
      "steps" : [ ],
      "attachments" : [ ],
      "parameters" : [ ],
      "stepsCount" : 0,
      "attachmentsCount" : 0,
      "shouldDisplayMessage" : false,
      "hasContent" : false
    }, {
      "name" : "Нажать кнопку 'Войти'",
      "time" : {
        "start" : 1726109892289,
        "stop" : 1726109892375,
        "duration" : 86
      },
      "status" : "passed",
      "steps" : [ ],
      "attachments" : [ ],
      "parameters" : [ ],
      "stepsCount" : 0,
      "attachmentsCount" : 0,
      "shouldDisplayMessage" : false,
      "hasContent" : false
    }, {
      "name" : "Ждать обновление страницы",
      "time" : {
        "start" : 1726109892376,
        "stop" : 1726109894396,
        "duration" : 2020
      },
      "status" : "passed",
      "steps" : [ ],
      "attachments" : [ ],
      "parameters" : [ ],
      "stepsCount" : 0,
      "attachmentsCount" : 0,
      "shouldDisplayMessage" : false,
      "hasContent" : false
    }, {
      "name" : "Проверка отсутствия лоадера",
      "time" : {
        "start" : 1726109894396,
        "stop" : 1726109894411,
        "duration" : 15
      },
      "status" : "passed",
      "steps" : [ ],
      "attachments" : [ ],
      "parameters" : [ ],
      "stepsCount" : 0,
      "attachmentsCount" : 0,
      "shouldDisplayMessage" : false,
      "hasContent" : false
    } ],
    "attachments" : [ ],
    "parameters" : [ ],
    "stepsCount" : 4,
    "attachmentsCount" : 0,
    "shouldDisplayMessage" : false,
    "hasContent" : true
  }, {
    "name" : "_session_faker",
    "time" : {
      "start" : 1726108682647,
      "stop" : 1726108682666,
      "duration" : 19
    },
    "status" : "passed",
    "steps" : [ ],
    "attachments" : [ ],
    "parameters" : [ ],
    "stepsCount" : 0,
    "attachmentsCount" : 0,
    "shouldDisplayMessage" : false,
    "hasContent" : false
  }, {
    "name" : "clear_allure_results_folder",
    "time" : {
      "start" : 1726108682666,
      "stop" : 1726108682666,
      "duration" : 0
    },
    "status" : "passed",
    "steps" : [ ],
    "attachments" : [ ],
    "parameters" : [ ],
    "stepsCount" : 0,
    "attachmentsCount" : 0,
    "shouldDisplayMessage" : false,
    "hasContent" : false
  } ],
  "testStage" : {
    "status" : "broken",
    "statusMessage" : "selenium.common.exceptions.StaleElementReferenceException: Message: stale element reference: stale element not found in the current frame\n  (Session info: chrome=128.0.6613.119); For documentation on this error, please visit: https://www.selenium.dev/documentation/webdriver/troubleshooting/errors#stale-element-reference-exception\nStacktrace:\n#0 0x55b290edc86a <unknown>\n#1 0x55b290baae50 <unknown>\n#2 0x55b290bb0c68 <unknown>\n#3 0x55b290bb2935 <unknown>\n#4 0x55b290bb29bc <unknown>\n#5 0x55b290bfeae6 <unknown>\n#6 0x55b290bfccf7 <unknown>\n#7 0x55b290bfbb9c <unknown>\n#8 0x55b290bef4d6 <unknown>\n#9 0x55b290c1f492 <unknown>\n#10 0x55b290beee89 <unknown>\n#11 0x55b290c1f65e <unknown>\n#12 0x55b290c3d9c6 <unknown>\n#13 0x55b290c1f233 <unknown>\n#14 0x55b290bed093 <unknown>\n#15 0x55b290bee09e <unknown>\n#16 0x55b290ea3acb <unknown>\n#17 0x55b290ea7a81 <unknown>\n#18 0x55b290e8f695 <unknown>\n#19 0x55b290ea85f2 <unknown>\n#20 0x55b290e7486f <unknown>\n#21 0x55b290ecb668 <unknown>\n#22 0x55b290ecb832 <unknown>\n#23 0x55b290edb65c <unknown>\n#24 0x7f23e1094ac3 <unknown>",
    "statusTrace" : "self = <tests.test_workspace_page.test_workspace_page.TestWorkspacePage object at 0x7f36e3caa9f0>\nauth_user = <pages.login_page.LoginPage object at 0x7f36e3cd9550>\ndriver = <selenium.webdriver.chrome.webdriver.WebDriver (session=\"c0c1789dcb6b95e0144f1330b7aa8ded\")>\n\n    @allure.title(f\"Проверка перехода в {wsconst.WORKSPACE_TITLE} по ссылке {message.TO_MAIN_TEXT}\")\n    @pytest.mark.regress\n    def test_link_to_main(self, auth_user, driver):\n        page = SignUpPage(driver)\n>       page.click_button_avatar()\n\ntests/test_workspace_page/test_workspace_page.py:60: \n_ _ _ _ _ _ _ _ _ _ _ _ _ _ _ _ _ _ _ _ _ _ _ _ _ _ _ _ _ _ _ _ _ _ _ _ _ _ _ _ \npages/signup_page.py:93: in click_button_avatar\n    self.element_is_clickable(self.locator.BUTTON_AVATAR).click()\n/opt/hostedtoolcache/Python/3.12.5/x64/lib/python3.12/site-packages/selenium/webdriver/remote/webelement.py:94: in click\n    self._execute(Command.CLICK_ELEMENT)\n/opt/hostedtoolcache/Python/3.12.5/x64/lib/python3.12/site-packages/selenium/webdriver/remote/webelement.py:395: in _execute\n    return self._parent.execute(command, params)\n/opt/hostedtoolcache/Python/3.12.5/x64/lib/python3.12/site-packages/selenium/webdriver/remote/webdriver.py:347: in execute\n    self.error_handler.check_response(response)\n_ _ _ _ _ _ _ _ _ _ _ _ _ _ _ _ _ _ _ _ _ _ _ _ _ _ _ _ _ _ _ _ _ _ _ _ _ _ _ _ \n\nself = <selenium.webdriver.remote.errorhandler.ErrorHandler object at 0x7f36e3cdac30>\nresponse = {'status': 404, 'value': '{\"value\":{\"error\":\"stale element reference\",\"message\":\"stale element reference: stale elemen...\\\\n#22 0x55b290ecb832 \\\\u003Cunknown>\\\\n#23 0x55b290edb65c \\\\u003Cunknown>\\\\n#24 0x7f23e1094ac3 \\\\u003Cunknown>\\\\n\"}}'}\n\n    def check_response(self, response: Dict[str, Any]) -> None:\n        \"\"\"Checks that a JSON response from the WebDriver does not have an\n        error.\n    \n        :Args:\n         - response - The JSON response from the WebDriver server as a dictionary\n           object.\n    \n        :Raises: If the response contains an error message.\n        \"\"\"\n        status = response.get(\"status\", None)\n        if not status or status == ErrorCode.SUCCESS:\n            return\n        value = None\n        message = response.get(\"message\", \"\")\n        screen: str = response.get(\"screen\", \"\")\n        stacktrace = None\n        if isinstance(status, int):\n            value_json = response.get(\"value\", None)\n            if value_json and isinstance(value_json, str):\n                import json\n    \n                try:\n                    value = json.loads(value_json)\n                    if len(value) == 1:\n                        value = value[\"value\"]\n                    status = value.get(\"error\", None)\n                    if not status:\n                        status = value.get(\"status\", ErrorCode.UNKNOWN_ERROR)\n                        message = value.get(\"value\") or value.get(\"message\")\n                        if not isinstance(message, str):\n                            value = message\n                            message = message.get(\"message\")\n                    else:\n                        message = value.get(\"message\", None)\n                except ValueError:\n                    pass\n    \n        exception_class: Type[WebDriverException]\n        e = ErrorCode()\n        error_codes = [item for item in dir(e) if not item.startswith(\"__\")]\n        for error_code in error_codes:\n            error_info = getattr(ErrorCode, error_code)\n            if isinstance(error_info, list) and status in error_info:\n                exception_class = getattr(ExceptionMapping, error_code, WebDriverException)\n                break\n        else:\n            exception_class = WebDriverException\n    \n        if not value:\n            value = response[\"value\"]\n        if isinstance(value, str):\n            raise exception_class(value)\n        if message == \"\" and \"message\" in value:\n            message = value[\"message\"]\n    \n        screen = None  # type: ignore[assignment]\n        if \"screen\" in value:\n            screen = value[\"screen\"]\n    \n        stacktrace = None\n        st_value = value.get(\"stackTrace\") or value.get(\"stacktrace\")\n        if st_value:\n            if isinstance(st_value, str):\n                stacktrace = st_value.split(\"\\n\")\n            else:\n                stacktrace = []\n                try:\n                    for frame in st_value:\n                        line = frame.get(\"lineNumber\", \"\")\n                        file = frame.get(\"fileName\", \"<anonymous>\")\n                        if line:\n                            file = f\"{file}:{line}\"\n                        meth = frame.get(\"methodName\", \"<anonymous>\")\n                        if \"className\" in frame:\n                            meth = f\"{frame['className']}.{meth}\"\n                        msg = \"    at %s (%s)\"\n                        msg = msg % (meth, file)\n                        stacktrace.append(msg)\n                except TypeError:\n                    pass\n        if exception_class == UnexpectedAlertPresentException:\n            alert_text = None\n            if \"data\" in value:\n                alert_text = value[\"data\"].get(\"text\")\n            elif \"alert\" in value:\n                alert_text = value[\"alert\"].get(\"text\")\n            raise exception_class(message, screen, stacktrace, alert_text)  # type: ignore[call-arg]  # mypy is not smart enough here\n>       raise exception_class(message, screen, stacktrace)\nE       selenium.common.exceptions.StaleElementReferenceException: Message: stale element reference: stale element not found in the current frame\nE         (Session info: chrome=128.0.6613.119); For documentation on this error, please visit: https://www.selenium.dev/documentation/webdriver/troubleshooting/errors#stale-element-reference-exception\nE       Stacktrace:\nE       #0 0x55b290edc86a <unknown>\nE       #1 0x55b290baae50 <unknown>\nE       #2 0x55b290bb0c68 <unknown>\nE       #3 0x55b290bb2935 <unknown>\nE       #4 0x55b290bb29bc <unknown>\nE       #5 0x55b290bfeae6 <unknown>\nE       #6 0x55b290bfccf7 <unknown>\nE       #7 0x55b290bfbb9c <unknown>\nE       #8 0x55b290bef4d6 <unknown>\nE       #9 0x55b290c1f492 <unknown>\nE       #10 0x55b290beee89 <unknown>\nE       #11 0x55b290c1f65e <unknown>\nE       #12 0x55b290c3d9c6 <unknown>\nE       #13 0x55b290c1f233 <unknown>\nE       #14 0x55b290bed093 <unknown>\nE       #15 0x55b290bee09e <unknown>\nE       #16 0x55b290ea3acb <unknown>\nE       #17 0x55b290ea7a81 <unknown>\nE       #18 0x55b290e8f695 <unknown>\nE       #19 0x55b290ea85f2 <unknown>\nE       #20 0x55b290e7486f <unknown>\nE       #21 0x55b290ecb668 <unknown>\nE       #22 0x55b290ecb832 <unknown>\nE       #23 0x55b290edb65c <unknown>\nE       #24 0x7f23e1094ac3 <unknown>\n\n/opt/hostedtoolcache/Python/3.12.5/x64/lib/python3.12/site-packages/selenium/webdriver/remote/errorhandler.py:229: StaleElementReferenceException",
    "steps" : [ {
      "name" : "Нажать на иконку аватара",
      "time" : {
        "start" : 1726109894412,
        "stop" : 1726109894749,
        "duration" : 337
      },
      "status" : "broken",
      "statusMessage" : "selenium.common.exceptions.StaleElementReferenceException: Message: stale element reference: stale element not found in the current frame\n  (Session info: chrome=128.0.6613.119); For documentation on this error, please visit: https://www.selenium.dev/documentation/webdriver/troubleshooting/errors#stale-element-reference-exception\nStacktrace:\n#0 0x55b290edc86a <unknown>\n#1 0x55b290baae50 <unknown>\n#2 0x55b290bb0c68 <unknown>\n#3 0x55b290bb2935 <unknown>\n#4 0x55b290bb29bc <unknown>\n#5 0x55b290bfeae6 <unknown>\n#6 0x55b290bfccf7 <unknown>\n#7 0x55b290bfbb9c <unknown>\n#8 0x55b290bef4d6 <unknown>\n#9 0x55b290c1f492 <unknown>\n#10 0x55b290beee89 <unknown>\n#11 0x55b290c1f65e <unknown>\n#12 0x55b290c3d9c6 <unknown>\n#13 0x55b290c1f233 <unknown>\n#14 0x55b290bed093 <unknown>\n#15 0x55b290bee09e <unknown>\n#16 0x55b290ea3acb <unknown>\n#17 0x55b290ea7a81 <unknown>\n#18 0x55b290e8f695 <unknown>\n#19 0x55b290ea85f2 <unknown>\n#20 0x55b290e7486f <unknown>\n#21 0x55b290ecb668 <unknown>\n#22 0x55b290ecb832 <unknown>\n#23 0x55b290edb65c <unknown>\n#24 0x7f23e1094ac3 <unknown>\n\n",
      "statusTrace" : "  File \"/opt/hostedtoolcache/Python/3.12.5/x64/lib/python3.12/site-packages/allure_commons/_allure.py\", line 192, in impl\n    return func(*a, **kw)\n           ^^^^^^^^^^^^^^\n  File \"/home/runner/work/PulseWave/PulseWave/pages/signup_page.py\", line 93, in click_button_avatar\n    self.element_is_clickable(self.locator.BUTTON_AVATAR).click()\n  File \"/opt/hostedtoolcache/Python/3.12.5/x64/lib/python3.12/site-packages/selenium/webdriver/remote/webelement.py\", line 94, in click\n    self._execute(Command.CLICK_ELEMENT)\n  File \"/opt/hostedtoolcache/Python/3.12.5/x64/lib/python3.12/site-packages/selenium/webdriver/remote/webelement.py\", line 395, in _execute\n    return self._parent.execute(command, params)\n           ^^^^^^^^^^^^^^^^^^^^^^^^^^^^^^^^^^^^^\n  File \"/opt/hostedtoolcache/Python/3.12.5/x64/lib/python3.12/site-packages/selenium/webdriver/remote/webdriver.py\", line 347, in execute\n    self.error_handler.check_response(response)\n  File \"/opt/hostedtoolcache/Python/3.12.5/x64/lib/python3.12/site-packages/selenium/webdriver/remote/errorhandler.py\", line 229, in check_response\n    raise exception_class(message, screen, stacktrace)\n",
      "steps" : [ ],
      "attachments" : [ ],
      "parameters" : [ ],
      "stepsCount" : 0,
      "attachmentsCount" : 0,
      "shouldDisplayMessage" : true,
      "hasContent" : true
    } ],
    "attachments" : [ {
      "uid" : "9cd6575c09eb97e6",
      "name" : "Screenshot",
      "source" : "9cd6575c09eb97e6.png",
      "type" : "image/png",
      "size" : 58031
    }, {
      "uid" : "5627a9402da49545",
      "name" : "HTML source",
      "source" : "5627a9402da49545.html",
      "type" : "text/html",
      "size" : 72939
    } ],
    "parameters" : [ ],
    "stepsCount" : 1,
    "attachmentsCount" : 2,
    "shouldDisplayMessage" : true,
    "hasContent" : true
  },
  "afterStages" : [ {
    "name" : "driver::0",
    "time" : {
      "start" : 1726109894988,
      "stop" : 1726109895053,
      "duration" : 65
    },
    "status" : "passed",
    "steps" : [ ],
    "attachments" : [ ],
    "parameters" : [ ],
    "stepsCount" : 0,
    "attachmentsCount" : 0,
    "shouldDisplayMessage" : false,
    "hasContent" : false
  } ],
  "labels" : [ {
    "name" : "epic",
    "value" : "Тестирование страницы 'Рабочие пространства'"
  }, {
    "name" : "tag",
    "value" : "regress"
  }, {
    "name" : "parentSuite",
    "value" : "tests.test_workspace_page"
  }, {
    "name" : "suite",
    "value" : "test_workspace_page"
  }, {
    "name" : "subSuite",
    "value" : "TestWorkspacePage"
  }, {
    "name" : "host",
    "value" : "fv-az1766-161"
  }, {
    "name" : "thread",
    "value" : "2202-MainThread"
  }, {
    "name" : "framework",
    "value" : "pytest"
  }, {
    "name" : "language",
    "value" : "cpython3"
  }, {
    "name" : "package",
    "value" : "tests.test_workspace_page.test_workspace_page"
  }, {
    "name" : "resultFormat",
    "value" : "allure2"
  } ],
  "parameters" : [ {
    "name" : "browser",
    "value" : "'chrome'"
  } ],
  "links" : [ ],
  "hidden" : false,
  "retry" : false,
  "extra" : {
    "severity" : "normal",
    "retries" : [ ],
    "categories" : [ {
      "name" : "Test defects",
      "matchedStatuses" : [ ],
      "flaky" : false
    } ],
    "history" : {
      "statistic" : {
        "failed" : 0,
        "broken" : 42,
        "skipped" : 0,
        "passed" : 120,
        "unknown" : 0,
        "total" : 162
      },
      "items" : [ {
        "uid" : "3cd49041130fafde",
        "reportUrl" : "https://Nat754.github.io/PulseWave/144//#testresult/3cd49041130fafde",
        "status" : "passed",
        "time" : {
          "start" : 1726023401398,
          "stop" : 1726023401829,
          "duration" : 431
        }
      }, {
        "uid" : "24d1adc481f0a549",
        "reportUrl" : "https://Nat754.github.io/PulseWave/143//#testresult/24d1adc481f0a549",
        "status" : "passed",
        "time" : {
          "start" : 1725936879002,
          "stop" : 1725936879456,
          "duration" : 454
        }
      }, {
        "uid" : "9e96cf63483ad6dd",
        "reportUrl" : "https://Nat754.github.io/PulseWave/142//#testresult/9e96cf63483ad6dd",
        "status" : "passed",
        "time" : {
          "start" : 1725850866679,
          "stop" : 1725850867120,
          "duration" : 441
        }
      }, {
        "uid" : "14a3756576642f65",
        "reportUrl" : "https://Nat754.github.io/PulseWave/141//#testresult/14a3756576642f65",
        "status" : "passed",
        "time" : {
          "start" : 1725764271650,
          "stop" : 1725764272090,
          "duration" : 440
        }
      }, {
        "uid" : "658aa2092773027d",
        "reportUrl" : "https://Nat754.github.io/PulseWave/140//#testresult/658aa2092773027d",
        "status" : "passed",
        "time" : {
          "start" : 1725683290567,
          "stop" : 1725683291000,
          "duration" : 433
        }
      }, {
        "uid" : "8f87f0e62183a451",
        "reportUrl" : "https://Nat754.github.io/PulseWave/140//#testresult/8f87f0e62183a451",
        "status" : "broken",
        "statusDetails" : "selenium.common.exceptions.StaleElementReferenceException: Message: stale element reference: stale element not found in the current frame\n  (Session info: chrome=128.0.6613.113); For documentation on this error, please visit: https://www.selenium.dev/documentation/webdriver/troubleshooting/errors#stale-element-reference-exception\nStacktrace:\n#0 0x55dca23888da <unknown>\n#1 0x55dca2056e50 <unknown>\n#2 0x55dca205cc68 <unknown>\n#3 0x55dca205e935 <unknown>\n#4 0x55dca205e9bc <unknown>\n#5 0x55dca20aaae6 <unknown>\n#6 0x55dca20a8cf7 <unknown>\n#7 0x55dca20a7b9c <unknown>\n#8 0x55dca209b4d6 <unknown>\n#9 0x55dca20cb492 <unknown>\n#10 0x55dca209ae89 <unknown>\n#11 0x55dca20cb65e <unknown>\n#12 0x55dca20e99c6 <unknown>\n#13 0x55dca20cb233 <unknown>\n#14 0x55dca2099093 <unknown>\n#15 0x55dca209a09e <unknown>\n#16 0x55dca234fb3b <unknown>\n#17 0x55dca2353af1 <unknown>\n#18 0x55dca233b705 <unknown>\n#19 0x55dca2354662 <unknown>\n#20 0x55dca23208df <unknown>\n#21 0x55dca23776d8 <unknown>\n#22 0x55dca23778a2 <unknown>\n#23 0x55dca23876cc <unknown>\n#24 0x7f00be294ac3 <unknown>",
        "time" : {
          "start" : 1725677481096,
          "stop" : 1725677481427,
          "duration" : 331
        }
      }, {
        "uid" : "b64a09d3e556b2e2",
        "reportUrl" : "https://Nat754.github.io/PulseWave/139//#testresult/b64a09d3e556b2e2",
        "status" : "passed",
        "time" : {
          "start" : 1725591186426,
          "stop" : 1725591186875,
          "duration" : 449
        }
      }, {
        "uid" : "6922adf90db0267",
        "reportUrl" : "https://Nat754.github.io/PulseWave/138//#testresult/6922adf90db0267",
        "status" : "passed",
        "time" : {
          "start" : 1725505099677,
          "stop" : 1725505100113,
          "duration" : 436
        }
      }, {
        "uid" : "6c276a7999a41af3",
        "reportUrl" : "https://Nat754.github.io/PulseWave/137//#testresult/6c276a7999a41af3",
        "status" : "passed",
        "time" : {
          "start" : 1725418581941,
          "stop" : 1725418582379,
          "duration" : 438
        }
      }, {
        "uid" : "17670214bea92d8d",
        "reportUrl" : "https://Nat754.github.io/PulseWave/136//#testresult/17670214bea92d8d",
        "status" : "passed",
        "time" : {
          "start" : 1725331951387,
          "stop" : 1725331951816,
          "duration" : 429
        }
      }, {
        "uid" : "4a7c3e28821e5137",
        "reportUrl" : "https://Nat754.github.io/PulseWave/135//#testresult/4a7c3e28821e5137",
        "status" : "passed",
        "time" : {
          "start" : 1725245921216,
          "stop" : 1725245921672,
          "duration" : 456
        }
      }, {
        "uid" : "6edf709bd34bd2a",
        "reportUrl" : "https://Nat754.github.io/PulseWave/134//#testresult/6edf709bd34bd2a",
        "status" : "passed",
        "time" : {
          "start" : 1725159996923,
          "stop" : 1725159997369,
          "duration" : 446
        }
      }, {
        "uid" : "5be0fb4ce678accf",
        "reportUrl" : "https://Nat754.github.io/PulseWave/133//#testresult/5be0fb4ce678accf",
        "status" : "passed",
        "time" : {
          "start" : 1725072688962,
          "stop" : 1725072689408,
          "duration" : 446
        }
      }, {
        "uid" : "e2598ec9f6ff9707",
        "reportUrl" : "https://Nat754.github.io/PulseWave/132//#testresult/e2598ec9f6ff9707",
        "status" : "passed",
        "time" : {
          "start" : 1724986385881,
          "stop" : 1724986386332,
          "duration" : 451
        }
      }, {
        "uid" : "eb0455f845f5345b",
        "reportUrl" : "https://Nat754.github.io/PulseWave/131//#testresult/eb0455f845f5345b",
        "status" : "passed",
        "time" : {
          "start" : 1724900064847,
          "stop" : 1724900065272,
          "duration" : 425
        }
      }, {
        "uid" : "fa05d52eb75bf4e9",
        "reportUrl" : "https://Nat754.github.io/PulseWave/130//#testresult/fa05d52eb75bf4e9",
        "status" : "passed",
        "time" : {
          "start" : 1724813522279,
          "stop" : 1724813522708,
          "duration" : 429
        }
      }, {
        "uid" : "cefb0ad866e73a95",
        "reportUrl" : "https://Nat754.github.io/PulseWave/129//#testresult/cefb0ad866e73a95",
        "status" : "passed",
        "time" : {
          "start" : 1724727074902,
          "stop" : 1724727075348,
          "duration" : 446
        }
      }, {
        "uid" : "e3ba8c820af5efa",
        "reportUrl" : "https://Nat754.github.io/PulseWave/128//#testresult/e3ba8c820af5efa",
        "status" : "passed",
        "time" : {
          "start" : 1724640526998,
          "stop" : 1724640527427,
          "duration" : 429
        }
      }, {
        "uid" : "47db58827360c29a",
        "reportUrl" : "https://Nat754.github.io/PulseWave/127//#testresult/47db58827360c29a",
        "status" : "passed",
        "time" : {
          "start" : 1724554465500,
          "stop" : 1724554465977,
          "duration" : 477
        }
      }, {
        "uid" : "20c8ecbfffee1b15",
        "reportUrl" : "https://Nat754.github.io/PulseWave/126//#testresult/20c8ecbfffee1b15",
        "status" : "passed",
        "time" : {
          "start" : 1724467654252,
          "stop" : 1724467654724,
          "duration" : 472
        }
      } ]
    },
    "tags" : [ "regress" ]
  },
  "source" : "cb4f934feca7103f.json",
  "parameterValues" : [ "'chrome'" ]
}