{
  "uid" : "b15d9a9a447f028d",
  "name" : "Проверка что авторизованный пользователь может выйти из аккаунта",
  "fullName" : "tests.test_workspace_page.test_workspace_page.TestWorkspacePage#test_auth_user_logout",
  "historyId" : "ef004c13c91f13fae735f1a09c2da0ef",
  "time" : {
    "start" : 1725677475358,
    "stop" : 1725677475705,
    "duration" : 347
  },
  "status" : "broken",
  "statusMessage" : "selenium.common.exceptions.StaleElementReferenceException: Message: stale element reference: stale element not found in the current frame\n  (Session info: chrome=128.0.6613.113); For documentation on this error, please visit: https://www.selenium.dev/documentation/webdriver/troubleshooting/errors#stale-element-reference-exception\nStacktrace:\n#0 0x55f1c4d898da <unknown>\n#1 0x55f1c4a57e50 <unknown>\n#2 0x55f1c4a5dc68 <unknown>\n#3 0x55f1c4a5f935 <unknown>\n#4 0x55f1c4a5f9bc <unknown>\n#5 0x55f1c4aae25c <unknown>\n#6 0x55f1c4aabd9d <unknown>\n#7 0x55f1c4aa9cf7 <unknown>\n#8 0x55f1c4aa8b9c <unknown>\n#9 0x55f1c4a9c4d6 <unknown>\n#10 0x55f1c4acc492 <unknown>\n#11 0x55f1c4a9be89 <unknown>\n#12 0x55f1c4acc65e <unknown>\n#13 0x55f1c4aea9c6 <unknown>\n#14 0x55f1c4acc233 <unknown>\n#15 0x55f1c4a9a093 <unknown>\n#16 0x55f1c4a9b09e <unknown>\n#17 0x55f1c4d50b3b <unknown>\n#18 0x55f1c4d54af1 <unknown>\n#19 0x55f1c4d3c705 <unknown>\n#20 0x55f1c4d55662 <unknown>\n#21 0x55f1c4d218df <unknown>\n#22 0x55f1c4d786d8 <unknown>\n#23 0x55f1c4d788a2 <unknown>\n#24 0x55f1c4d886cc <unknown>\n#25 0x7fc61d894ac3 <unknown>",
  "statusTrace" : "self = <tests.test_workspace_page.test_workspace_page.TestWorkspacePage object at 0x7f42616c5130>\nauth_user = <pages.login_page.LoginPage object at 0x7f42616f37d0>\ndriver = <selenium.webdriver.chrome.webdriver.WebDriver (session=\"ac506e0da7a48f11098d7433a7725f62\")>\n\n    @allure.title(\"Проверка что авторизованный пользователь может выйти из аккаунта\")\n    @pytest.mark.regress\n    def test_auth_user_logout(self, auth_user, driver):\n        page = SignUpPage(driver)\n>       page.click_button_avatar()\n\ntests/test_workspace_page/test_workspace_page.py:50: \n_ _ _ _ _ _ _ _ _ _ _ _ _ _ _ _ _ _ _ _ _ _ _ _ _ _ _ _ _ _ _ _ _ _ _ _ _ _ _ _ \npages/signup_page.py:93: in click_button_avatar\n    self.element_is_clickable(self.locator.BUTTON_AVATAR).click()\n/opt/hostedtoolcache/Python/3.12.5/x64/lib/python3.12/site-packages/selenium/webdriver/remote/webelement.py:94: in click\n    self._execute(Command.CLICK_ELEMENT)\n/opt/hostedtoolcache/Python/3.12.5/x64/lib/python3.12/site-packages/selenium/webdriver/remote/webelement.py:395: in _execute\n    return self._parent.execute(command, params)\n/opt/hostedtoolcache/Python/3.12.5/x64/lib/python3.12/site-packages/selenium/webdriver/remote/webdriver.py:347: in execute\n    self.error_handler.check_response(response)\n_ _ _ _ _ _ _ _ _ _ _ _ _ _ _ _ _ _ _ _ _ _ _ _ _ _ _ _ _ _ _ _ _ _ _ _ _ _ _ _ \n\nself = <selenium.webdriver.remote.errorhandler.ErrorHandler object at 0x7f42616f0650>\nresponse = {'status': 404, 'value': '{\"value\":{\"error\":\"stale element reference\",\"message\":\"stale element reference: stale elemen...\\\\n#23 0x55f1c4d788a2 \\\\u003Cunknown>\\\\n#24 0x55f1c4d886cc \\\\u003Cunknown>\\\\n#25 0x7fc61d894ac3 \\\\u003Cunknown>\\\\n\"}}'}\n\n    def check_response(self, response: Dict[str, Any]) -> None:\n        \"\"\"Checks that a JSON response from the WebDriver does not have an\n        error.\n    \n        :Args:\n         - response - The JSON response from the WebDriver server as a dictionary\n           object.\n    \n        :Raises: If the response contains an error message.\n        \"\"\"\n        status = response.get(\"status\", None)\n        if not status or status == ErrorCode.SUCCESS:\n            return\n        value = None\n        message = response.get(\"message\", \"\")\n        screen: str = response.get(\"screen\", \"\")\n        stacktrace = None\n        if isinstance(status, int):\n            value_json = response.get(\"value\", None)\n            if value_json and isinstance(value_json, str):\n                import json\n    \n                try:\n                    value = json.loads(value_json)\n                    if len(value) == 1:\n                        value = value[\"value\"]\n                    status = value.get(\"error\", None)\n                    if not status:\n                        status = value.get(\"status\", ErrorCode.UNKNOWN_ERROR)\n                        message = value.get(\"value\") or value.get(\"message\")\n                        if not isinstance(message, str):\n                            value = message\n                            message = message.get(\"message\")\n                    else:\n                        message = value.get(\"message\", None)\n                except ValueError:\n                    pass\n    \n        exception_class: Type[WebDriverException]\n        e = ErrorCode()\n        error_codes = [item for item in dir(e) if not item.startswith(\"__\")]\n        for error_code in error_codes:\n            error_info = getattr(ErrorCode, error_code)\n            if isinstance(error_info, list) and status in error_info:\n                exception_class = getattr(ExceptionMapping, error_code, WebDriverException)\n                break\n        else:\n            exception_class = WebDriverException\n    \n        if not value:\n            value = response[\"value\"]\n        if isinstance(value, str):\n            raise exception_class(value)\n        if message == \"\" and \"message\" in value:\n            message = value[\"message\"]\n    \n        screen = None  # type: ignore[assignment]\n        if \"screen\" in value:\n            screen = value[\"screen\"]\n    \n        stacktrace = None\n        st_value = value.get(\"stackTrace\") or value.get(\"stacktrace\")\n        if st_value:\n            if isinstance(st_value, str):\n                stacktrace = st_value.split(\"\\n\")\n            else:\n                stacktrace = []\n                try:\n                    for frame in st_value:\n                        line = frame.get(\"lineNumber\", \"\")\n                        file = frame.get(\"fileName\", \"<anonymous>\")\n                        if line:\n                            file = f\"{file}:{line}\"\n                        meth = frame.get(\"methodName\", \"<anonymous>\")\n                        if \"className\" in frame:\n                            meth = f\"{frame['className']}.{meth}\"\n                        msg = \"    at %s (%s)\"\n                        msg = msg % (meth, file)\n                        stacktrace.append(msg)\n                except TypeError:\n                    pass\n        if exception_class == UnexpectedAlertPresentException:\n            alert_text = None\n            if \"data\" in value:\n                alert_text = value[\"data\"].get(\"text\")\n            elif \"alert\" in value:\n                alert_text = value[\"alert\"].get(\"text\")\n            raise exception_class(message, screen, stacktrace, alert_text)  # type: ignore[call-arg]  # mypy is not smart enough here\n>       raise exception_class(message, screen, stacktrace)\nE       selenium.common.exceptions.StaleElementReferenceException: Message: stale element reference: stale element not found in the current frame\nE         (Session info: chrome=128.0.6613.113); For documentation on this error, please visit: https://www.selenium.dev/documentation/webdriver/troubleshooting/errors#stale-element-reference-exception\nE       Stacktrace:\nE       #0 0x55f1c4d898da <unknown>\nE       #1 0x55f1c4a57e50 <unknown>\nE       #2 0x55f1c4a5dc68 <unknown>\nE       #3 0x55f1c4a5f935 <unknown>\nE       #4 0x55f1c4a5f9bc <unknown>\nE       #5 0x55f1c4aae25c <unknown>\nE       #6 0x55f1c4aabd9d <unknown>\nE       #7 0x55f1c4aa9cf7 <unknown>\nE       #8 0x55f1c4aa8b9c <unknown>\nE       #9 0x55f1c4a9c4d6 <unknown>\nE       #10 0x55f1c4acc492 <unknown>\nE       #11 0x55f1c4a9be89 <unknown>\nE       #12 0x55f1c4acc65e <unknown>\nE       #13 0x55f1c4aea9c6 <unknown>\nE       #14 0x55f1c4acc233 <unknown>\nE       #15 0x55f1c4a9a093 <unknown>\nE       #16 0x55f1c4a9b09e <unknown>\nE       #17 0x55f1c4d50b3b <unknown>\nE       #18 0x55f1c4d54af1 <unknown>\nE       #19 0x55f1c4d3c705 <unknown>\nE       #20 0x55f1c4d55662 <unknown>\nE       #21 0x55f1c4d218df <unknown>\nE       #22 0x55f1c4d786d8 <unknown>\nE       #23 0x55f1c4d788a2 <unknown>\nE       #24 0x55f1c4d886cc <unknown>\nE       #25 0x7fc61d894ac3 <unknown>\n\n/opt/hostedtoolcache/Python/3.12.5/x64/lib/python3.12/site-packages/selenium/webdriver/remote/errorhandler.py:229: StaleElementReferenceException",
  "flaky" : false,
  "newFailed" : false,
  "beforeStages" : [ {
    "name" : "_session_faker",
    "time" : {
      "start" : 1725676522455,
      "stop" : 1725676522473,
      "duration" : 18
    },
    "status" : "passed",
    "steps" : [ ],
    "attachments" : [ ],
    "parameters" : [ ],
    "hasContent" : false,
    "stepsCount" : 0,
    "attachmentsCount" : 0,
    "shouldDisplayMessage" : false
  }, {
    "name" : "auth_user",
    "time" : {
      "start" : 1725677471116,
      "stop" : 1725677475358,
      "duration" : 4242
    },
    "status" : "passed",
    "steps" : [ {
      "name" : "Проверка видимости кнопки 'Принимаю все' в сообщении о принятии файлов cookie",
      "time" : {
        "start" : 1725677473530,
        "stop" : 1725677473557,
        "duration" : 27
      },
      "status" : "passed",
      "steps" : [ ],
      "attachments" : [ ],
      "parameters" : [ ],
      "hasContent" : false,
      "stepsCount" : 0,
      "attachmentsCount" : 0,
      "shouldDisplayMessage" : false
    }, {
      "name" : "Нажать кнопку 'Войти'",
      "time" : {
        "start" : 1725677473727,
        "stop" : 1725677473826,
        "duration" : 99
      },
      "status" : "passed",
      "steps" : [ ],
      "attachments" : [ ],
      "parameters" : [ ],
      "hasContent" : false,
      "stepsCount" : 0,
      "attachmentsCount" : 0,
      "shouldDisplayMessage" : false
    }, {
      "name" : "Ждать обновление страницы",
      "time" : {
        "start" : 1725677473827,
        "stop" : 1725677475343,
        "duration" : 1516
      },
      "status" : "passed",
      "steps" : [ ],
      "attachments" : [ ],
      "parameters" : [ ],
      "hasContent" : false,
      "stepsCount" : 0,
      "attachmentsCount" : 0,
      "shouldDisplayMessage" : false
    }, {
      "name" : "Проверка отсутствия лоадера",
      "time" : {
        "start" : 1725677475343,
        "stop" : 1725677475358,
        "duration" : 15
      },
      "status" : "passed",
      "steps" : [ ],
      "attachments" : [ ],
      "parameters" : [ ],
      "hasContent" : false,
      "stepsCount" : 0,
      "attachmentsCount" : 0,
      "shouldDisplayMessage" : false
    } ],
    "attachments" : [ ],
    "parameters" : [ ],
    "hasContent" : true,
    "stepsCount" : 4,
    "attachmentsCount" : 0,
    "shouldDisplayMessage" : false
  }, {
    "name" : "driver",
    "time" : {
      "start" : 1725677470833,
      "stop" : 1725677471116,
      "duration" : 283
    },
    "status" : "passed",
    "steps" : [ ],
    "attachments" : [ ],
    "parameters" : [ ],
    "hasContent" : false,
    "stepsCount" : 0,
    "attachmentsCount" : 0,
    "shouldDisplayMessage" : false
  }, {
    "name" : "clear_allure_results_folder",
    "time" : {
      "start" : 1725676522473,
      "stop" : 1725676522473,
      "duration" : 0
    },
    "status" : "passed",
    "steps" : [ ],
    "attachments" : [ ],
    "parameters" : [ ],
    "hasContent" : false,
    "stepsCount" : 0,
    "attachmentsCount" : 0,
    "shouldDisplayMessage" : false
  } ],
  "testStage" : {
    "status" : "broken",
    "statusMessage" : "selenium.common.exceptions.StaleElementReferenceException: Message: stale element reference: stale element not found in the current frame\n  (Session info: chrome=128.0.6613.113); For documentation on this error, please visit: https://www.selenium.dev/documentation/webdriver/troubleshooting/errors#stale-element-reference-exception\nStacktrace:\n#0 0x55f1c4d898da <unknown>\n#1 0x55f1c4a57e50 <unknown>\n#2 0x55f1c4a5dc68 <unknown>\n#3 0x55f1c4a5f935 <unknown>\n#4 0x55f1c4a5f9bc <unknown>\n#5 0x55f1c4aae25c <unknown>\n#6 0x55f1c4aabd9d <unknown>\n#7 0x55f1c4aa9cf7 <unknown>\n#8 0x55f1c4aa8b9c <unknown>\n#9 0x55f1c4a9c4d6 <unknown>\n#10 0x55f1c4acc492 <unknown>\n#11 0x55f1c4a9be89 <unknown>\n#12 0x55f1c4acc65e <unknown>\n#13 0x55f1c4aea9c6 <unknown>\n#14 0x55f1c4acc233 <unknown>\n#15 0x55f1c4a9a093 <unknown>\n#16 0x55f1c4a9b09e <unknown>\n#17 0x55f1c4d50b3b <unknown>\n#18 0x55f1c4d54af1 <unknown>\n#19 0x55f1c4d3c705 <unknown>\n#20 0x55f1c4d55662 <unknown>\n#21 0x55f1c4d218df <unknown>\n#22 0x55f1c4d786d8 <unknown>\n#23 0x55f1c4d788a2 <unknown>\n#24 0x55f1c4d886cc <unknown>\n#25 0x7fc61d894ac3 <unknown>",
    "statusTrace" : "self = <tests.test_workspace_page.test_workspace_page.TestWorkspacePage object at 0x7f42616c5130>\nauth_user = <pages.login_page.LoginPage object at 0x7f42616f37d0>\ndriver = <selenium.webdriver.chrome.webdriver.WebDriver (session=\"ac506e0da7a48f11098d7433a7725f62\")>\n\n    @allure.title(\"Проверка что авторизованный пользователь может выйти из аккаунта\")\n    @pytest.mark.regress\n    def test_auth_user_logout(self, auth_user, driver):\n        page = SignUpPage(driver)\n>       page.click_button_avatar()\n\ntests/test_workspace_page/test_workspace_page.py:50: \n_ _ _ _ _ _ _ _ _ _ _ _ _ _ _ _ _ _ _ _ _ _ _ _ _ _ _ _ _ _ _ _ _ _ _ _ _ _ _ _ \npages/signup_page.py:93: in click_button_avatar\n    self.element_is_clickable(self.locator.BUTTON_AVATAR).click()\n/opt/hostedtoolcache/Python/3.12.5/x64/lib/python3.12/site-packages/selenium/webdriver/remote/webelement.py:94: in click\n    self._execute(Command.CLICK_ELEMENT)\n/opt/hostedtoolcache/Python/3.12.5/x64/lib/python3.12/site-packages/selenium/webdriver/remote/webelement.py:395: in _execute\n    return self._parent.execute(command, params)\n/opt/hostedtoolcache/Python/3.12.5/x64/lib/python3.12/site-packages/selenium/webdriver/remote/webdriver.py:347: in execute\n    self.error_handler.check_response(response)\n_ _ _ _ _ _ _ _ _ _ _ _ _ _ _ _ _ _ _ _ _ _ _ _ _ _ _ _ _ _ _ _ _ _ _ _ _ _ _ _ \n\nself = <selenium.webdriver.remote.errorhandler.ErrorHandler object at 0x7f42616f0650>\nresponse = {'status': 404, 'value': '{\"value\":{\"error\":\"stale element reference\",\"message\":\"stale element reference: stale elemen...\\\\n#23 0x55f1c4d788a2 \\\\u003Cunknown>\\\\n#24 0x55f1c4d886cc \\\\u003Cunknown>\\\\n#25 0x7fc61d894ac3 \\\\u003Cunknown>\\\\n\"}}'}\n\n    def check_response(self, response: Dict[str, Any]) -> None:\n        \"\"\"Checks that a JSON response from the WebDriver does not have an\n        error.\n    \n        :Args:\n         - response - The JSON response from the WebDriver server as a dictionary\n           object.\n    \n        :Raises: If the response contains an error message.\n        \"\"\"\n        status = response.get(\"status\", None)\n        if not status or status == ErrorCode.SUCCESS:\n            return\n        value = None\n        message = response.get(\"message\", \"\")\n        screen: str = response.get(\"screen\", \"\")\n        stacktrace = None\n        if isinstance(status, int):\n            value_json = response.get(\"value\", None)\n            if value_json and isinstance(value_json, str):\n                import json\n    \n                try:\n                    value = json.loads(value_json)\n                    if len(value) == 1:\n                        value = value[\"value\"]\n                    status = value.get(\"error\", None)\n                    if not status:\n                        status = value.get(\"status\", ErrorCode.UNKNOWN_ERROR)\n                        message = value.get(\"value\") or value.get(\"message\")\n                        if not isinstance(message, str):\n                            value = message\n                            message = message.get(\"message\")\n                    else:\n                        message = value.get(\"message\", None)\n                except ValueError:\n                    pass\n    \n        exception_class: Type[WebDriverException]\n        e = ErrorCode()\n        error_codes = [item for item in dir(e) if not item.startswith(\"__\")]\n        for error_code in error_codes:\n            error_info = getattr(ErrorCode, error_code)\n            if isinstance(error_info, list) and status in error_info:\n                exception_class = getattr(ExceptionMapping, error_code, WebDriverException)\n                break\n        else:\n            exception_class = WebDriverException\n    \n        if not value:\n            value = response[\"value\"]\n        if isinstance(value, str):\n            raise exception_class(value)\n        if message == \"\" and \"message\" in value:\n            message = value[\"message\"]\n    \n        screen = None  # type: ignore[assignment]\n        if \"screen\" in value:\n            screen = value[\"screen\"]\n    \n        stacktrace = None\n        st_value = value.get(\"stackTrace\") or value.get(\"stacktrace\")\n        if st_value:\n            if isinstance(st_value, str):\n                stacktrace = st_value.split(\"\\n\")\n            else:\n                stacktrace = []\n                try:\n                    for frame in st_value:\n                        line = frame.get(\"lineNumber\", \"\")\n                        file = frame.get(\"fileName\", \"<anonymous>\")\n                        if line:\n                            file = f\"{file}:{line}\"\n                        meth = frame.get(\"methodName\", \"<anonymous>\")\n                        if \"className\" in frame:\n                            meth = f\"{frame['className']}.{meth}\"\n                        msg = \"    at %s (%s)\"\n                        msg = msg % (meth, file)\n                        stacktrace.append(msg)\n                except TypeError:\n                    pass\n        if exception_class == UnexpectedAlertPresentException:\n            alert_text = None\n            if \"data\" in value:\n                alert_text = value[\"data\"].get(\"text\")\n            elif \"alert\" in value:\n                alert_text = value[\"alert\"].get(\"text\")\n            raise exception_class(message, screen, stacktrace, alert_text)  # type: ignore[call-arg]  # mypy is not smart enough here\n>       raise exception_class(message, screen, stacktrace)\nE       selenium.common.exceptions.StaleElementReferenceException: Message: stale element reference: stale element not found in the current frame\nE         (Session info: chrome=128.0.6613.113); For documentation on this error, please visit: https://www.selenium.dev/documentation/webdriver/troubleshooting/errors#stale-element-reference-exception\nE       Stacktrace:\nE       #0 0x55f1c4d898da <unknown>\nE       #1 0x55f1c4a57e50 <unknown>\nE       #2 0x55f1c4a5dc68 <unknown>\nE       #3 0x55f1c4a5f935 <unknown>\nE       #4 0x55f1c4a5f9bc <unknown>\nE       #5 0x55f1c4aae25c <unknown>\nE       #6 0x55f1c4aabd9d <unknown>\nE       #7 0x55f1c4aa9cf7 <unknown>\nE       #8 0x55f1c4aa8b9c <unknown>\nE       #9 0x55f1c4a9c4d6 <unknown>\nE       #10 0x55f1c4acc492 <unknown>\nE       #11 0x55f1c4a9be89 <unknown>\nE       #12 0x55f1c4acc65e <unknown>\nE       #13 0x55f1c4aea9c6 <unknown>\nE       #14 0x55f1c4acc233 <unknown>\nE       #15 0x55f1c4a9a093 <unknown>\nE       #16 0x55f1c4a9b09e <unknown>\nE       #17 0x55f1c4d50b3b <unknown>\nE       #18 0x55f1c4d54af1 <unknown>\nE       #19 0x55f1c4d3c705 <unknown>\nE       #20 0x55f1c4d55662 <unknown>\nE       #21 0x55f1c4d218df <unknown>\nE       #22 0x55f1c4d786d8 <unknown>\nE       #23 0x55f1c4d788a2 <unknown>\nE       #24 0x55f1c4d886cc <unknown>\nE       #25 0x7fc61d894ac3 <unknown>\n\n/opt/hostedtoolcache/Python/3.12.5/x64/lib/python3.12/site-packages/selenium/webdriver/remote/errorhandler.py:229: StaleElementReferenceException",
    "steps" : [ {
      "name" : "Нажать на иконку аватара",
      "time" : {
        "start" : 1725677475359,
        "stop" : 1725677475704,
        "duration" : 345
      },
      "status" : "broken",
      "statusMessage" : "selenium.common.exceptions.StaleElementReferenceException: Message: stale element reference: stale element not found in the current frame\n  (Session info: chrome=128.0.6613.113); For documentation on this error, please visit: https://www.selenium.dev/documentation/webdriver/troubleshooting/errors#stale-element-reference-exception\nStacktrace:\n#0 0x55f1c4d898da <unknown>\n#1 0x55f1c4a57e50 <unknown>\n#2 0x55f1c4a5dc68 <unknown>\n#3 0x55f1c4a5f935 <unknown>\n#4 0x55f1c4a5f9bc <unknown>\n#5 0x55f1c4aae25c <unknown>\n#6 0x55f1c4aabd9d <unknown>\n#7 0x55f1c4aa9cf7 <unknown>\n#8 0x55f1c4aa8b9c <unknown>\n#9 0x55f1c4a9c4d6 <unknown>\n#10 0x55f1c4acc492 <unknown>\n#11 0x55f1c4a9be89 <unknown>\n#12 0x55f1c4acc65e <unknown>\n#13 0x55f1c4aea9c6 <unknown>\n#14 0x55f1c4acc233 <unknown>\n#15 0x55f1c4a9a093 <unknown>\n#16 0x55f1c4a9b09e <unknown>\n#17 0x55f1c4d50b3b <unknown>\n#18 0x55f1c4d54af1 <unknown>\n#19 0x55f1c4d3c705 <unknown>\n#20 0x55f1c4d55662 <unknown>\n#21 0x55f1c4d218df <unknown>\n#22 0x55f1c4d786d8 <unknown>\n#23 0x55f1c4d788a2 <unknown>\n#24 0x55f1c4d886cc <unknown>\n#25 0x7fc61d894ac3 <unknown>\n\n",
      "statusTrace" : "  File \"/opt/hostedtoolcache/Python/3.12.5/x64/lib/python3.12/site-packages/allure_commons/_allure.py\", line 192, in impl\n    return func(*a, **kw)\n           ^^^^^^^^^^^^^^\n  File \"/home/runner/work/PulseWave/PulseWave/pages/signup_page.py\", line 93, in click_button_avatar\n    self.element_is_clickable(self.locator.BUTTON_AVATAR).click()\n  File \"/opt/hostedtoolcache/Python/3.12.5/x64/lib/python3.12/site-packages/selenium/webdriver/remote/webelement.py\", line 94, in click\n    self._execute(Command.CLICK_ELEMENT)\n  File \"/opt/hostedtoolcache/Python/3.12.5/x64/lib/python3.12/site-packages/selenium/webdriver/remote/webelement.py\", line 395, in _execute\n    return self._parent.execute(command, params)\n           ^^^^^^^^^^^^^^^^^^^^^^^^^^^^^^^^^^^^^\n  File \"/opt/hostedtoolcache/Python/3.12.5/x64/lib/python3.12/site-packages/selenium/webdriver/remote/webdriver.py\", line 347, in execute\n    self.error_handler.check_response(response)\n  File \"/opt/hostedtoolcache/Python/3.12.5/x64/lib/python3.12/site-packages/selenium/webdriver/remote/errorhandler.py\", line 229, in check_response\n    raise exception_class(message, screen, stacktrace)\n",
      "steps" : [ ],
      "attachments" : [ ],
      "parameters" : [ ],
      "hasContent" : true,
      "stepsCount" : 0,
      "attachmentsCount" : 0,
      "shouldDisplayMessage" : true
    } ],
    "attachments" : [ {
      "uid" : "1e1a00061bf6c9e7",
      "name" : "Screenshot",
      "source" : "1e1a00061bf6c9e7.png",
      "type" : "image/png",
      "size" : 57810
    }, {
      "uid" : "f6135bc1a9aeb4f",
      "name" : "HTML source",
      "source" : "f6135bc1a9aeb4f.html",
      "type" : "text/html",
      "size" : 72939
    } ],
    "parameters" : [ ],
    "hasContent" : true,
    "stepsCount" : 1,
    "attachmentsCount" : 2,
    "shouldDisplayMessage" : true
  },
  "afterStages" : [ {
    "name" : "driver::0",
    "time" : {
      "start" : 1725677475884,
      "stop" : 1725677475949,
      "duration" : 65
    },
    "status" : "passed",
    "steps" : [ ],
    "attachments" : [ ],
    "parameters" : [ ],
    "hasContent" : false,
    "stepsCount" : 0,
    "attachmentsCount" : 0,
    "shouldDisplayMessage" : false
  } ],
  "labels" : [ {
    "name" : "epic",
    "value" : "Тестирование страницы 'Рабочие пространства'"
  }, {
    "name" : "tag",
    "value" : "regress"
  }, {
    "name" : "parentSuite",
    "value" : "tests.test_workspace_page"
  }, {
    "name" : "suite",
    "value" : "test_workspace_page"
  }, {
    "name" : "subSuite",
    "value" : "TestWorkspacePage"
  }, {
    "name" : "host",
    "value" : "fv-az1778-269"
  }, {
    "name" : "thread",
    "value" : "2247-MainThread"
  }, {
    "name" : "framework",
    "value" : "pytest"
  }, {
    "name" : "language",
    "value" : "cpython3"
  }, {
    "name" : "package",
    "value" : "tests.test_workspace_page.test_workspace_page"
  }, {
    "name" : "resultFormat",
    "value" : "allure2"
  } ],
  "parameters" : [ {
    "name" : "browser",
    "value" : "'chrome'"
  } ],
  "links" : [ ],
  "hidden" : false,
  "retry" : false,
  "extra" : {
    "severity" : "normal",
    "retries" : [ ],
    "categories" : [ {
      "name" : "Test defects",
      "matchedStatuses" : [ ],
      "flaky" : false
    } ],
    "history" : {
      "statistic" : {
        "failed" : 0,
        "broken" : 41,
        "skipped" : 0,
        "passed" : 115,
        "unknown" : 0,
        "total" : 156
      },
      "items" : [ {
        "uid" : "ccf26c90840ee918",
        "reportUrl" : "https://Nat754.github.io/PulseWave/139//#testresult/ccf26c90840ee918",
        "status" : "passed",
        "time" : {
          "start" : 1725591181410,
          "stop" : 1725591181852,
          "duration" : 442
        }
      }, {
        "uid" : "b21420237662383",
        "reportUrl" : "https://Nat754.github.io/PulseWave/138//#testresult/b21420237662383",
        "status" : "passed",
        "time" : {
          "start" : 1725505093120,
          "stop" : 1725505093573,
          "duration" : 453
        }
      }, {
        "uid" : "3841998ac383926",
        "reportUrl" : "https://Nat754.github.io/PulseWave/137//#testresult/3841998ac383926",
        "status" : "passed",
        "time" : {
          "start" : 1725418575243,
          "stop" : 1725418575676,
          "duration" : 433
        }
      }, {
        "uid" : "c60a0e2041650dc2",
        "reportUrl" : "https://Nat754.github.io/PulseWave/136//#testresult/c60a0e2041650dc2",
        "status" : "passed",
        "time" : {
          "start" : 1725331945647,
          "stop" : 1725331946092,
          "duration" : 445
        }
      }, {
        "uid" : "401ceb899dd20316",
        "reportUrl" : "https://Nat754.github.io/PulseWave/135//#testresult/401ceb899dd20316",
        "status" : "passed",
        "time" : {
          "start" : 1725245915364,
          "stop" : 1725245915794,
          "duration" : 430
        }
      }, {
        "uid" : "4f5d3378319b69b9",
        "reportUrl" : "https://Nat754.github.io/PulseWave/134//#testresult/4f5d3378319b69b9",
        "status" : "passed",
        "time" : {
          "start" : 1725159990615,
          "stop" : 1725159991046,
          "duration" : 431
        }
      }, {
        "uid" : "70102bd4227b93d2",
        "reportUrl" : "https://Nat754.github.io/PulseWave/133//#testresult/70102bd4227b93d2",
        "status" : "passed",
        "time" : {
          "start" : 1725072683513,
          "stop" : 1725072683960,
          "duration" : 447
        }
      }, {
        "uid" : "4c22f746bd4f004b",
        "reportUrl" : "https://Nat754.github.io/PulseWave/132//#testresult/4c22f746bd4f004b",
        "status" : "passed",
        "time" : {
          "start" : 1724986380762,
          "stop" : 1724986381195,
          "duration" : 433
        }
      }, {
        "uid" : "fa0eea787b00c1f3",
        "reportUrl" : "https://Nat754.github.io/PulseWave/131//#testresult/fa0eea787b00c1f3",
        "status" : "passed",
        "time" : {
          "start" : 1724900058899,
          "stop" : 1724900059343,
          "duration" : 444
        }
      }, {
        "uid" : "5fe5fa5e8b9d6f2d",
        "reportUrl" : "https://Nat754.github.io/PulseWave/130//#testresult/5fe5fa5e8b9d6f2d",
        "status" : "passed",
        "time" : {
          "start" : 1724813516316,
          "stop" : 1724813516757,
          "duration" : 441
        }
      }, {
        "uid" : "c9ed84c6bff62211",
        "reportUrl" : "https://Nat754.github.io/PulseWave/129//#testresult/c9ed84c6bff62211",
        "status" : "passed",
        "time" : {
          "start" : 1724727069608,
          "stop" : 1724727070041,
          "duration" : 433
        }
      }, {
        "uid" : "9a7a02db4e6534f0",
        "reportUrl" : "https://Nat754.github.io/PulseWave/128//#testresult/9a7a02db4e6534f0",
        "status" : "passed",
        "time" : {
          "start" : 1724640521879,
          "stop" : 1724640522327,
          "duration" : 448
        }
      }, {
        "uid" : "60fa5b87f740af99",
        "reportUrl" : "https://Nat754.github.io/PulseWave/127//#testresult/60fa5b87f740af99",
        "status" : "passed",
        "time" : {
          "start" : 1724554456204,
          "stop" : 1724554456685,
          "duration" : 481
        }
      }, {
        "uid" : "fe29d33253790036",
        "reportUrl" : "https://Nat754.github.io/PulseWave/126//#testresult/fe29d33253790036",
        "status" : "passed",
        "time" : {
          "start" : 1724467645593,
          "stop" : 1724467646038,
          "duration" : 445
        }
      }, {
        "uid" : "8883f94321d7d6c3",
        "reportUrl" : "https://Nat754.github.io/PulseWave/125//#testresult/8883f94321d7d6c3",
        "status" : "passed",
        "time" : {
          "start" : 1724381466399,
          "stop" : 1724381466850,
          "duration" : 451
        }
      }, {
        "uid" : "fed1ee42bc871389",
        "reportUrl" : "https://Nat754.github.io/PulseWave/124//#testresult/fed1ee42bc871389",
        "status" : "passed",
        "time" : {
          "start" : 1724295228978,
          "stop" : 1724295229427,
          "duration" : 449
        }
      }, {
        "uid" : "689832980dc11d7a",
        "reportUrl" : "https://Nat754.github.io/PulseWave/123//#testresult/689832980dc11d7a",
        "status" : "passed",
        "time" : {
          "start" : 1724208586264,
          "stop" : 1724208586711,
          "duration" : 447
        }
      }, {
        "uid" : "b8cdee43eecd949e",
        "reportUrl" : "https://Nat754.github.io/PulseWave/122//#testresult/b8cdee43eecd949e",
        "status" : "passed",
        "time" : {
          "start" : 1724122030742,
          "stop" : 1724122031179,
          "duration" : 437
        }
      }, {
        "uid" : "5c49a2f660059127",
        "reportUrl" : "https://Nat754.github.io/PulseWave/121//#testresult/5c49a2f660059127",
        "status" : "passed",
        "time" : {
          "start" : 1724035799354,
          "stop" : 1724035799794,
          "duration" : 440
        }
      }, {
        "uid" : "a3182e1a530d6ae4",
        "reportUrl" : "https://Nat754.github.io/PulseWave/120//#testresult/a3182e1a530d6ae4",
        "status" : "passed",
        "time" : {
          "start" : 1723949569004,
          "stop" : 1723949569432,
          "duration" : 428
        }
      } ]
    },
    "tags" : [ "regress" ]
  },
  "source" : "b15d9a9a447f028d.json",
  "parameterValues" : [ "'chrome'" ]
}