{
  "uid" : "f3a6f701e5afe873",
  "name" : "3.2, 3.2.1 Восстановить пароль на корректный емайл",
  "fullName" : "tests.test_password_recovery.test_password_recovery.TestPasswordRecoveryPage#test_recovery_password_to_fill_correct_email",
  "historyId" : "3fbb91d2b204c3d1abb80d32ac377e08",
  "time" : {
    "start" : 1743790791708,
    "stop" : 1743790795410,
    "duration" : 3702
  },
  "status" : "broken",
  "statusMessage" : "selenium.common.exceptions.StaleElementReferenceException: Message: stale element reference: stale element not found in the current frame\n  (Session info: chrome=134.0.6998.165); For documentation on this error, please visit: https://www.selenium.dev/documentation/webdriver/troubleshooting/errors#stale-element-reference-exception\nStacktrace:\n#0 0x55e2ecc4bffa <unknown>\n#1 0x55e2ec70a970 <unknown>\n#2 0x55e2ec71150e <unknown>\n#3 0x55e2ec713d58 <unknown>\n#4 0x55e2ec713de3 <unknown>\n#5 0x55e2ec756ffa <unknown>\n#6 0x55e2ec782292 <unknown>\n#7 0x55e2ec74fe4a <unknown>\n#8 0x55e2ec78245e <unknown>\n#9 0x55e2ec7a870c <unknown>\n#10 0x55e2ec782063 <unknown>\n#11 0x55e2ec74e328 <unknown>\n#12 0x55e2ec74f491 <unknown>\n#13 0x55e2ecc1342b <unknown>\n#14 0x55e2ecc172ec <unknown>\n#15 0x55e2ecbfaa22 <unknown>\n#16 0x55e2ecc17e64 <unknown>\n#17 0x55e2ecbdebef <unknown>\n#18 0x55e2ecc3a558 <unknown>\n#19 0x55e2ecc3a736 <unknown>\n#20 0x55e2ecc4ae76 <unknown>\n#21 0x7f85b5e9caa4 <unknown>\n#22 0x7f85b5f29c3c <unknown>",
  "statusTrace" : "self = <tests.test_password_recovery.test_password_recovery.TestPasswordRecoveryPage object at 0x7f348556b320>\nrecovery_page_open = <pages.password_recovery_page.PasswordRecoveryPage object at 0x7f34855a16a0>\ndriver = <selenium.webdriver.chrome.webdriver.WebDriver (session=\"ba9ff6e4fb0b2bda35c74bcb369c71c9\")>\n\n    @allure.title(\"3.2, 3.2.1 Восстановить пароль на корректный емайл\")\n    @pytest.mark.regress\n    def test_recovery_password_to_fill_correct_email(self, recovery_page_open, driver):\n        with allure.step('Заполнить поле емайл'):\n            recovery_page_open.fill_email_to_recovery_password(email_auth)\n        with allure.step(\"Нажать кнопку 'Продолжить'\"):\n            recovery_page_open.click_resume_button()\n        link = self.page.get_link_recovery_password_by_email()\n        driver.get(link)\n        with allure.step('Ввести пароль в поле пароль'):\n            recovery_page_open.fill_password_recovery(password0)\n        with allure.step('Ввести пароль в поле подтверждение пароля'):\n            recovery_page_open.fill_confirm_password_recovery(password0)\n        with allure.step(\"Нажать кнопку 'Сохранить пароль'\"):\n            recovery_page_open.click_resume_button()\n        with allure.step(\"Нажать кнопку 'Ок' - подтвердить переход на страницу авторизации\"):\n>           recovery_page_open.click_resume_button()\n\ntests/test_password_recovery/test_password_recovery.py:68: \n_ _ _ _ _ _ _ _ _ _ _ _ _ _ _ _ _ _ _ _ _ _ _ _ _ _ _ _ _ _ _ _ _ _ _ _ _ _ _ _ \npages/password_recovery_page.py:41: in click_resume_button\n    return self.element_is_clickable(self.locator.SUBMIT_BUTTON).click()\npages/base_page.py:61: in element_is_clickable\n    return Wait(self.driver, self.timeout).until(es.element_to_be_clickable(locator))\n/opt/hostedtoolcache/Python/3.12.9/x64/lib/python3.12/site-packages/selenium/webdriver/support/wait.py:96: in until\n    value = method(self._driver)\n/opt/hostedtoolcache/Python/3.12.9/x64/lib/python3.12/site-packages/selenium/webdriver/support/expected_conditions.py:365: in _predicate\n    if element and element.is_enabled():\n/opt/hostedtoolcache/Python/3.12.9/x64/lib/python3.12/site-packages/selenium/webdriver/remote/webelement.py:192: in is_enabled\n    return self._execute(Command.IS_ELEMENT_ENABLED)[\"value\"]\n/opt/hostedtoolcache/Python/3.12.9/x64/lib/python3.12/site-packages/selenium/webdriver/remote/webelement.py:395: in _execute\n    return self._parent.execute(command, params)\n/opt/hostedtoolcache/Python/3.12.9/x64/lib/python3.12/site-packages/selenium/webdriver/remote/webdriver.py:347: in execute\n    self.error_handler.check_response(response)\n_ _ _ _ _ _ _ _ _ _ _ _ _ _ _ _ _ _ _ _ _ _ _ _ _ _ _ _ _ _ _ _ _ _ _ _ _ _ _ _ \n\nself = <selenium.webdriver.remote.errorhandler.ErrorHandler object at 0x7f34855a18b0>\nresponse = {'status': 404, 'value': '{\"value\":{\"error\":\"stale element reference\",\"message\":\"stale element reference: stale elemen...\\\\n#20 0x55e2ecc4ae76 \\\\u003Cunknown>\\\\n#21 0x7f85b5e9caa4 \\\\u003Cunknown>\\\\n#22 0x7f85b5f29c3c \\\\u003Cunknown>\\\\n\"}}'}\n\n    def check_response(self, response: Dict[str, Any]) -> None:\n        \"\"\"Checks that a JSON response from the WebDriver does not have an\n        error.\n    \n        :Args:\n         - response - The JSON response from the WebDriver server as a dictionary\n           object.\n    \n        :Raises: If the response contains an error message.\n        \"\"\"\n        status = response.get(\"status\", None)\n        if not status or status == ErrorCode.SUCCESS:\n            return\n        value = None\n        message = response.get(\"message\", \"\")\n        screen: str = response.get(\"screen\", \"\")\n        stacktrace = None\n        if isinstance(status, int):\n            value_json = response.get(\"value\", None)\n            if value_json and isinstance(value_json, str):\n                import json\n    \n                try:\n                    value = json.loads(value_json)\n                    if len(value) == 1:\n                        value = value[\"value\"]\n                    status = value.get(\"error\", None)\n                    if not status:\n                        status = value.get(\"status\", ErrorCode.UNKNOWN_ERROR)\n                        message = value.get(\"value\") or value.get(\"message\")\n                        if not isinstance(message, str):\n                            value = message\n                            message = message.get(\"message\")\n                    else:\n                        message = value.get(\"message\", None)\n                except ValueError:\n                    pass\n    \n        exception_class: Type[WebDriverException]\n        e = ErrorCode()\n        error_codes = [item for item in dir(e) if not item.startswith(\"__\")]\n        for error_code in error_codes:\n            error_info = getattr(ErrorCode, error_code)\n            if isinstance(error_info, list) and status in error_info:\n                exception_class = getattr(ExceptionMapping, error_code, WebDriverException)\n                break\n        else:\n            exception_class = WebDriverException\n    \n        if not value:\n            value = response[\"value\"]\n        if isinstance(value, str):\n            raise exception_class(value)\n        if message == \"\" and \"message\" in value:\n            message = value[\"message\"]\n    \n        screen = None  # type: ignore[assignment]\n        if \"screen\" in value:\n            screen = value[\"screen\"]\n    \n        stacktrace = None\n        st_value = value.get(\"stackTrace\") or value.get(\"stacktrace\")\n        if st_value:\n            if isinstance(st_value, str):\n                stacktrace = st_value.split(\"\\n\")\n            else:\n                stacktrace = []\n                try:\n                    for frame in st_value:\n                        line = frame.get(\"lineNumber\", \"\")\n                        file = frame.get(\"fileName\", \"<anonymous>\")\n                        if line:\n                            file = f\"{file}:{line}\"\n                        meth = frame.get(\"methodName\", \"<anonymous>\")\n                        if \"className\" in frame:\n                            meth = f\"{frame['className']}.{meth}\"\n                        msg = \"    at %s (%s)\"\n                        msg = msg % (meth, file)\n                        stacktrace.append(msg)\n                except TypeError:\n                    pass\n        if exception_class == UnexpectedAlertPresentException:\n            alert_text = None\n            if \"data\" in value:\n                alert_text = value[\"data\"].get(\"text\")\n            elif \"alert\" in value:\n                alert_text = value[\"alert\"].get(\"text\")\n            raise exception_class(message, screen, stacktrace, alert_text)  # type: ignore[call-arg]  # mypy is not smart enough here\n>       raise exception_class(message, screen, stacktrace)\nE       selenium.common.exceptions.StaleElementReferenceException: Message: stale element reference: stale element not found in the current frame\nE         (Session info: chrome=134.0.6998.165); For documentation on this error, please visit: https://www.selenium.dev/documentation/webdriver/troubleshooting/errors#stale-element-reference-exception\nE       Stacktrace:\nE       #0 0x55e2ecc4bffa <unknown>\nE       #1 0x55e2ec70a970 <unknown>\nE       #2 0x55e2ec71150e <unknown>\nE       #3 0x55e2ec713d58 <unknown>\nE       #4 0x55e2ec713de3 <unknown>\nE       #5 0x55e2ec756ffa <unknown>\nE       #6 0x55e2ec782292 <unknown>\nE       #7 0x55e2ec74fe4a <unknown>\nE       #8 0x55e2ec78245e <unknown>\nE       #9 0x55e2ec7a870c <unknown>\nE       #10 0x55e2ec782063 <unknown>\nE       #11 0x55e2ec74e328 <unknown>\nE       #12 0x55e2ec74f491 <unknown>\nE       #13 0x55e2ecc1342b <unknown>\nE       #14 0x55e2ecc172ec <unknown>\nE       #15 0x55e2ecbfaa22 <unknown>\nE       #16 0x55e2ecc17e64 <unknown>\nE       #17 0x55e2ecbdebef <unknown>\nE       #18 0x55e2ecc3a558 <unknown>\nE       #19 0x55e2ecc3a736 <unknown>\nE       #20 0x55e2ecc4ae76 <unknown>\nE       #21 0x7f85b5e9caa4 <unknown>\nE       #22 0x7f85b5f29c3c <unknown>\n\n/opt/hostedtoolcache/Python/3.12.9/x64/lib/python3.12/site-packages/selenium/webdriver/remote/errorhandler.py:229: StaleElementReferenceException",
  "flaky" : false,
  "newFailed" : false,
  "beforeStages" : [ {
    "name" : "recovery_page_open",
    "time" : {
      "start" : 1743790789086,
      "stop" : 1743790791708,
      "duration" : 2622
    },
    "status" : "passed",
    "steps" : [ {
      "name" : "Проверка видимости кнопки 'Принимаю все' в сообщении о принятии файлов cookie",
      "time" : {
        "start" : 1743790791635,
        "stop" : 1743790791663,
        "duration" : 28
      },
      "status" : "passed",
      "steps" : [ ],
      "attachments" : [ ],
      "parameters" : [ ],
      "stepsCount" : 0,
      "attachmentsCount" : 0,
      "shouldDisplayMessage" : false,
      "hasContent" : false
    } ],
    "attachments" : [ ],
    "parameters" : [ ],
    "stepsCount" : 1,
    "attachmentsCount" : 0,
    "shouldDisplayMessage" : false,
    "hasContent" : true
  }, {
    "name" : "clear_allure_results_folder",
    "time" : {
      "start" : 1743790251979,
      "stop" : 1743790251979,
      "duration" : 0
    },
    "status" : "passed",
    "steps" : [ ],
    "attachments" : [ ],
    "parameters" : [ ],
    "stepsCount" : 0,
    "attachmentsCount" : 0,
    "shouldDisplayMessage" : false,
    "hasContent" : false
  }, {
    "name" : "driver",
    "time" : {
      "start" : 1743790788745,
      "stop" : 1743790789086,
      "duration" : 341
    },
    "status" : "passed",
    "steps" : [ ],
    "attachments" : [ ],
    "parameters" : [ ],
    "stepsCount" : 0,
    "attachmentsCount" : 0,
    "shouldDisplayMessage" : false,
    "hasContent" : false
  }, {
    "name" : "_session_faker",
    "time" : {
      "start" : 1743790251963,
      "stop" : 1743790251979,
      "duration" : 16
    },
    "status" : "passed",
    "steps" : [ ],
    "attachments" : [ ],
    "parameters" : [ ],
    "stepsCount" : 0,
    "attachmentsCount" : 0,
    "shouldDisplayMessage" : false,
    "hasContent" : false
  } ],
  "testStage" : {
    "status" : "broken",
    "statusMessage" : "selenium.common.exceptions.StaleElementReferenceException: Message: stale element reference: stale element not found in the current frame\n  (Session info: chrome=134.0.6998.165); For documentation on this error, please visit: https://www.selenium.dev/documentation/webdriver/troubleshooting/errors#stale-element-reference-exception\nStacktrace:\n#0 0x55e2ecc4bffa <unknown>\n#1 0x55e2ec70a970 <unknown>\n#2 0x55e2ec71150e <unknown>\n#3 0x55e2ec713d58 <unknown>\n#4 0x55e2ec713de3 <unknown>\n#5 0x55e2ec756ffa <unknown>\n#6 0x55e2ec782292 <unknown>\n#7 0x55e2ec74fe4a <unknown>\n#8 0x55e2ec78245e <unknown>\n#9 0x55e2ec7a870c <unknown>\n#10 0x55e2ec782063 <unknown>\n#11 0x55e2ec74e328 <unknown>\n#12 0x55e2ec74f491 <unknown>\n#13 0x55e2ecc1342b <unknown>\n#14 0x55e2ecc172ec <unknown>\n#15 0x55e2ecbfaa22 <unknown>\n#16 0x55e2ecc17e64 <unknown>\n#17 0x55e2ecbdebef <unknown>\n#18 0x55e2ecc3a558 <unknown>\n#19 0x55e2ecc3a736 <unknown>\n#20 0x55e2ecc4ae76 <unknown>\n#21 0x7f85b5e9caa4 <unknown>\n#22 0x7f85b5f29c3c <unknown>",
    "statusTrace" : "self = <tests.test_password_recovery.test_password_recovery.TestPasswordRecoveryPage object at 0x7f348556b320>\nrecovery_page_open = <pages.password_recovery_page.PasswordRecoveryPage object at 0x7f34855a16a0>\ndriver = <selenium.webdriver.chrome.webdriver.WebDriver (session=\"ba9ff6e4fb0b2bda35c74bcb369c71c9\")>\n\n    @allure.title(\"3.2, 3.2.1 Восстановить пароль на корректный емайл\")\n    @pytest.mark.regress\n    def test_recovery_password_to_fill_correct_email(self, recovery_page_open, driver):\n        with allure.step('Заполнить поле емайл'):\n            recovery_page_open.fill_email_to_recovery_password(email_auth)\n        with allure.step(\"Нажать кнопку 'Продолжить'\"):\n            recovery_page_open.click_resume_button()\n        link = self.page.get_link_recovery_password_by_email()\n        driver.get(link)\n        with allure.step('Ввести пароль в поле пароль'):\n            recovery_page_open.fill_password_recovery(password0)\n        with allure.step('Ввести пароль в поле подтверждение пароля'):\n            recovery_page_open.fill_confirm_password_recovery(password0)\n        with allure.step(\"Нажать кнопку 'Сохранить пароль'\"):\n            recovery_page_open.click_resume_button()\n        with allure.step(\"Нажать кнопку 'Ок' - подтвердить переход на страницу авторизации\"):\n>           recovery_page_open.click_resume_button()\n\ntests/test_password_recovery/test_password_recovery.py:68: \n_ _ _ _ _ _ _ _ _ _ _ _ _ _ _ _ _ _ _ _ _ _ _ _ _ _ _ _ _ _ _ _ _ _ _ _ _ _ _ _ \npages/password_recovery_page.py:41: in click_resume_button\n    return self.element_is_clickable(self.locator.SUBMIT_BUTTON).click()\npages/base_page.py:61: in element_is_clickable\n    return Wait(self.driver, self.timeout).until(es.element_to_be_clickable(locator))\n/opt/hostedtoolcache/Python/3.12.9/x64/lib/python3.12/site-packages/selenium/webdriver/support/wait.py:96: in until\n    value = method(self._driver)\n/opt/hostedtoolcache/Python/3.12.9/x64/lib/python3.12/site-packages/selenium/webdriver/support/expected_conditions.py:365: in _predicate\n    if element and element.is_enabled():\n/opt/hostedtoolcache/Python/3.12.9/x64/lib/python3.12/site-packages/selenium/webdriver/remote/webelement.py:192: in is_enabled\n    return self._execute(Command.IS_ELEMENT_ENABLED)[\"value\"]\n/opt/hostedtoolcache/Python/3.12.9/x64/lib/python3.12/site-packages/selenium/webdriver/remote/webelement.py:395: in _execute\n    return self._parent.execute(command, params)\n/opt/hostedtoolcache/Python/3.12.9/x64/lib/python3.12/site-packages/selenium/webdriver/remote/webdriver.py:347: in execute\n    self.error_handler.check_response(response)\n_ _ _ _ _ _ _ _ _ _ _ _ _ _ _ _ _ _ _ _ _ _ _ _ _ _ _ _ _ _ _ _ _ _ _ _ _ _ _ _ \n\nself = <selenium.webdriver.remote.errorhandler.ErrorHandler object at 0x7f34855a18b0>\nresponse = {'status': 404, 'value': '{\"value\":{\"error\":\"stale element reference\",\"message\":\"stale element reference: stale elemen...\\\\n#20 0x55e2ecc4ae76 \\\\u003Cunknown>\\\\n#21 0x7f85b5e9caa4 \\\\u003Cunknown>\\\\n#22 0x7f85b5f29c3c \\\\u003Cunknown>\\\\n\"}}'}\n\n    def check_response(self, response: Dict[str, Any]) -> None:\n        \"\"\"Checks that a JSON response from the WebDriver does not have an\n        error.\n    \n        :Args:\n         - response - The JSON response from the WebDriver server as a dictionary\n           object.\n    \n        :Raises: If the response contains an error message.\n        \"\"\"\n        status = response.get(\"status\", None)\n        if not status or status == ErrorCode.SUCCESS:\n            return\n        value = None\n        message = response.get(\"message\", \"\")\n        screen: str = response.get(\"screen\", \"\")\n        stacktrace = None\n        if isinstance(status, int):\n            value_json = response.get(\"value\", None)\n            if value_json and isinstance(value_json, str):\n                import json\n    \n                try:\n                    value = json.loads(value_json)\n                    if len(value) == 1:\n                        value = value[\"value\"]\n                    status = value.get(\"error\", None)\n                    if not status:\n                        status = value.get(\"status\", ErrorCode.UNKNOWN_ERROR)\n                        message = value.get(\"value\") or value.get(\"message\")\n                        if not isinstance(message, str):\n                            value = message\n                            message = message.get(\"message\")\n                    else:\n                        message = value.get(\"message\", None)\n                except ValueError:\n                    pass\n    \n        exception_class: Type[WebDriverException]\n        e = ErrorCode()\n        error_codes = [item for item in dir(e) if not item.startswith(\"__\")]\n        for error_code in error_codes:\n            error_info = getattr(ErrorCode, error_code)\n            if isinstance(error_info, list) and status in error_info:\n                exception_class = getattr(ExceptionMapping, error_code, WebDriverException)\n                break\n        else:\n            exception_class = WebDriverException\n    \n        if not value:\n            value = response[\"value\"]\n        if isinstance(value, str):\n            raise exception_class(value)\n        if message == \"\" and \"message\" in value:\n            message = value[\"message\"]\n    \n        screen = None  # type: ignore[assignment]\n        if \"screen\" in value:\n            screen = value[\"screen\"]\n    \n        stacktrace = None\n        st_value = value.get(\"stackTrace\") or value.get(\"stacktrace\")\n        if st_value:\n            if isinstance(st_value, str):\n                stacktrace = st_value.split(\"\\n\")\n            else:\n                stacktrace = []\n                try:\n                    for frame in st_value:\n                        line = frame.get(\"lineNumber\", \"\")\n                        file = frame.get(\"fileName\", \"<anonymous>\")\n                        if line:\n                            file = f\"{file}:{line}\"\n                        meth = frame.get(\"methodName\", \"<anonymous>\")\n                        if \"className\" in frame:\n                            meth = f\"{frame['className']}.{meth}\"\n                        msg = \"    at %s (%s)\"\n                        msg = msg % (meth, file)\n                        stacktrace.append(msg)\n                except TypeError:\n                    pass\n        if exception_class == UnexpectedAlertPresentException:\n            alert_text = None\n            if \"data\" in value:\n                alert_text = value[\"data\"].get(\"text\")\n            elif \"alert\" in value:\n                alert_text = value[\"alert\"].get(\"text\")\n            raise exception_class(message, screen, stacktrace, alert_text)  # type: ignore[call-arg]  # mypy is not smart enough here\n>       raise exception_class(message, screen, stacktrace)\nE       selenium.common.exceptions.StaleElementReferenceException: Message: stale element reference: stale element not found in the current frame\nE         (Session info: chrome=134.0.6998.165); For documentation on this error, please visit: https://www.selenium.dev/documentation/webdriver/troubleshooting/errors#stale-element-reference-exception\nE       Stacktrace:\nE       #0 0x55e2ecc4bffa <unknown>\nE       #1 0x55e2ec70a970 <unknown>\nE       #2 0x55e2ec71150e <unknown>\nE       #3 0x55e2ec713d58 <unknown>\nE       #4 0x55e2ec713de3 <unknown>\nE       #5 0x55e2ec756ffa <unknown>\nE       #6 0x55e2ec782292 <unknown>\nE       #7 0x55e2ec74fe4a <unknown>\nE       #8 0x55e2ec78245e <unknown>\nE       #9 0x55e2ec7a870c <unknown>\nE       #10 0x55e2ec782063 <unknown>\nE       #11 0x55e2ec74e328 <unknown>\nE       #12 0x55e2ec74f491 <unknown>\nE       #13 0x55e2ecc1342b <unknown>\nE       #14 0x55e2ecc172ec <unknown>\nE       #15 0x55e2ecbfaa22 <unknown>\nE       #16 0x55e2ecc17e64 <unknown>\nE       #17 0x55e2ecbdebef <unknown>\nE       #18 0x55e2ecc3a558 <unknown>\nE       #19 0x55e2ecc3a736 <unknown>\nE       #20 0x55e2ecc4ae76 <unknown>\nE       #21 0x7f85b5e9caa4 <unknown>\nE       #22 0x7f85b5f29c3c <unknown>\n\n/opt/hostedtoolcache/Python/3.12.9/x64/lib/python3.12/site-packages/selenium/webdriver/remote/errorhandler.py:229: StaleElementReferenceException",
    "steps" : [ {
      "name" : "Заполнить поле емайл",
      "time" : {
        "start" : 1743790791709,
        "stop" : 1743790791792,
        "duration" : 83
      },
      "status" : "passed",
      "steps" : [ ],
      "attachments" : [ ],
      "parameters" : [ ],
      "stepsCount" : 0,
      "attachmentsCount" : 0,
      "shouldDisplayMessage" : false,
      "hasContent" : false
    }, {
      "name" : "Нажать кнопку 'Продолжить'",
      "time" : {
        "start" : 1743790791792,
        "stop" : 1743790791914,
        "duration" : 122
      },
      "status" : "passed",
      "steps" : [ ],
      "attachments" : [ ],
      "parameters" : [ ],
      "stepsCount" : 0,
      "attachmentsCount" : 0,
      "shouldDisplayMessage" : false,
      "hasContent" : false
    }, {
      "name" : "Получить ссылку для смены пароля на email",
      "time" : {
        "start" : 1743790791914,
        "stop" : 1743790794350,
        "duration" : 2436
      },
      "status" : "passed",
      "steps" : [ {
        "name" : "Прочитать сообщение",
        "time" : {
          "start" : 1743790791914,
          "stop" : 1743790794350,
          "duration" : 2436
        },
        "status" : "passed",
        "steps" : [ ],
        "attachments" : [ ],
        "parameters" : [ {
          "name" : "e_mail",
          "value" : "'tester_pulsewave@mail.ru'"
        }, {
          "name" : "passwrd",
          "value" : "'xaM2xjxRLvrj71pDpSzL'"
        } ],
        "stepsCount" : 0,
        "attachmentsCount" : 0,
        "shouldDisplayMessage" : false,
        "hasContent" : true
      } ],
      "attachments" : [ ],
      "parameters" : [ ],
      "stepsCount" : 1,
      "attachmentsCount" : 0,
      "shouldDisplayMessage" : false,
      "hasContent" : true
    }, {
      "name" : "Ввести пароль в поле пароль",
      "time" : {
        "start" : 1743790794589,
        "stop" : 1743790794658,
        "duration" : 69
      },
      "status" : "passed",
      "steps" : [ ],
      "attachments" : [ ],
      "parameters" : [ ],
      "stepsCount" : 0,
      "attachmentsCount" : 0,
      "shouldDisplayMessage" : false,
      "hasContent" : false
    }, {
      "name" : "Ввести пароль в поле подтверждение пароля",
      "time" : {
        "start" : 1743790794658,
        "stop" : 1743790794737,
        "duration" : 79
      },
      "status" : "passed",
      "steps" : [ ],
      "attachments" : [ ],
      "parameters" : [ ],
      "stepsCount" : 0,
      "attachmentsCount" : 0,
      "shouldDisplayMessage" : false,
      "hasContent" : false
    }, {
      "name" : "Нажать кнопку 'Сохранить пароль'",
      "time" : {
        "start" : 1743790794738,
        "stop" : 1743790794841,
        "duration" : 103
      },
      "status" : "passed",
      "steps" : [ ],
      "attachments" : [ ],
      "parameters" : [ ],
      "stepsCount" : 0,
      "attachmentsCount" : 0,
      "shouldDisplayMessage" : false,
      "hasContent" : false
    }, {
      "name" : "Нажать кнопку 'Ок' - подтвердить переход на страницу авторизации",
      "time" : {
        "start" : 1743790794841,
        "stop" : 1743790795408,
        "duration" : 567
      },
      "status" : "broken",
      "statusMessage" : "selenium.common.exceptions.StaleElementReferenceException: Message: stale element reference: stale element not found in the current frame\n  (Session info: chrome=134.0.6998.165); For documentation on this error, please visit: https://www.selenium.dev/documentation/webdriver/troubleshooting/errors#stale-element-reference-exception\nStacktrace:\n#0 0x55e2ecc4bffa <unknown>\n#1 0x55e2ec70a970 <unknown>\n#2 0x55e2ec71150e <unknown>\n#3 0x55e2ec713d58 <unknown>\n#4 0x55e2ec713de3 <unknown>\n#5 0x55e2ec756ffa <unknown>\n#6 0x55e2ec782292 <unknown>\n#7 0x55e2ec74fe4a <unknown>\n#8 0x55e2ec78245e <unknown>\n#9 0x55e2ec7a870c <unknown>\n#10 0x55e2ec782063 <unknown>\n#11 0x55e2ec74e328 <unknown>\n#12 0x55e2ec74f491 <unknown>\n#13 0x55e2ecc1342b <unknown>\n#14 0x55e2ecc172ec <unknown>\n#15 0x55e2ecbfaa22 <unknown>\n#16 0x55e2ecc17e64 <unknown>\n#17 0x55e2ecbdebef <unknown>\n#18 0x55e2ecc3a558 <unknown>\n#19 0x55e2ecc3a736 <unknown>\n#20 0x55e2ecc4ae76 <unknown>\n#21 0x7f85b5e9caa4 <unknown>\n#22 0x7f85b5f29c3c <unknown>\n\n",
      "statusTrace" : "  File \"/home/runner/work/PulseWave/PulseWave/tests/test_password_recovery/test_password_recovery.py\", line 68, in test_recovery_password_to_fill_correct_email\n    recovery_page_open.click_resume_button()\n  File \"/home/runner/work/PulseWave/PulseWave/pages/password_recovery_page.py\", line 41, in click_resume_button\n    return self.element_is_clickable(self.locator.SUBMIT_BUTTON).click()\n           ^^^^^^^^^^^^^^^^^^^^^^^^^^^^^^^^^^^^^^^^^^^^^^^^^^^^^\n  File \"/home/runner/work/PulseWave/PulseWave/pages/base_page.py\", line 61, in element_is_clickable\n    return Wait(self.driver, self.timeout).until(es.element_to_be_clickable(locator))\n           ^^^^^^^^^^^^^^^^^^^^^^^^^^^^^^^^^^^^^^^^^^^^^^^^^^^^^^^^^^^^^^^^^^^^^^^^^^\n  File \"/opt/hostedtoolcache/Python/3.12.9/x64/lib/python3.12/site-packages/selenium/webdriver/support/wait.py\", line 96, in until\n    value = method(self._driver)\n            ^^^^^^^^^^^^^^^^^^^^\n  File \"/opt/hostedtoolcache/Python/3.12.9/x64/lib/python3.12/site-packages/selenium/webdriver/support/expected_conditions.py\", line 365, in _predicate\n    if element and element.is_enabled():\n                   ^^^^^^^^^^^^^^^^^^^^\n  File \"/opt/hostedtoolcache/Python/3.12.9/x64/lib/python3.12/site-packages/selenium/webdriver/remote/webelement.py\", line 192, in is_enabled\n    return self._execute(Command.IS_ELEMENT_ENABLED)[\"value\"]\n           ^^^^^^^^^^^^^^^^^^^^^^^^^^^^^^^^^^^^^^^^^\n  File \"/opt/hostedtoolcache/Python/3.12.9/x64/lib/python3.12/site-packages/selenium/webdriver/remote/webelement.py\", line 395, in _execute\n    return self._parent.execute(command, params)\n           ^^^^^^^^^^^^^^^^^^^^^^^^^^^^^^^^^^^^^\n  File \"/opt/hostedtoolcache/Python/3.12.9/x64/lib/python3.12/site-packages/selenium/webdriver/remote/webdriver.py\", line 347, in execute\n    self.error_handler.check_response(response)\n  File \"/opt/hostedtoolcache/Python/3.12.9/x64/lib/python3.12/site-packages/selenium/webdriver/remote/errorhandler.py\", line 229, in check_response\n    raise exception_class(message, screen, stacktrace)\n",
      "steps" : [ ],
      "attachments" : [ ],
      "parameters" : [ ],
      "stepsCount" : 0,
      "attachmentsCount" : 0,
      "shouldDisplayMessage" : true,
      "hasContent" : true
    } ],
    "attachments" : [ {
      "uid" : "88e47c905249225e",
      "name" : "Screenshot",
      "source" : "88e47c905249225e.png",
      "type" : "image/png",
      "size" : 78245
    }, {
      "uid" : "61c428083f11b2e8",
      "name" : "HTML source",
      "source" : "61c428083f11b2e8.html",
      "type" : "text/html",
      "size" : 96945
    } ],
    "parameters" : [ ],
    "stepsCount" : 8,
    "attachmentsCount" : 2,
    "shouldDisplayMessage" : true,
    "hasContent" : true
  },
  "afterStages" : [ {
    "name" : "driver::0",
    "time" : {
      "start" : 1743790795596,
      "stop" : 1743790795658,
      "duration" : 62
    },
    "status" : "passed",
    "steps" : [ ],
    "attachments" : [ ],
    "parameters" : [ ],
    "stepsCount" : 0,
    "attachmentsCount" : 0,
    "shouldDisplayMessage" : false,
    "hasContent" : false
  } ],
  "labels" : [ {
    "name" : "epic",
    "value" : "Тестирование страницы 'Восстановление пароля'"
  }, {
    "name" : "tag",
    "value" : "regress"
  }, {
    "name" : "parentSuite",
    "value" : "tests.test_password_recovery"
  }, {
    "name" : "suite",
    "value" : "test_password_recovery"
  }, {
    "name" : "subSuite",
    "value" : "TestPasswordRecoveryPage"
  }, {
    "name" : "host",
    "value" : "fv-az788-2"
  }, {
    "name" : "thread",
    "value" : "2542-MainThread"
  }, {
    "name" : "framework",
    "value" : "pytest"
  }, {
    "name" : "language",
    "value" : "cpython3"
  }, {
    "name" : "package",
    "value" : "tests.test_password_recovery.test_password_recovery"
  }, {
    "name" : "resultFormat",
    "value" : "allure2"
  } ],
  "parameters" : [ {
    "name" : "browser",
    "value" : "'chrome'"
  } ],
  "links" : [ ],
  "hidden" : false,
  "retry" : false,
  "extra" : {
    "severity" : "normal",
    "retries" : [ ],
    "categories" : [ {
      "name" : "Test defects",
      "matchedStatuses" : [ ],
      "flaky" : false
    } ],
    "history" : {
      "statistic" : {
        "failed" : 0,
        "broken" : 21,
        "skipped" : 30,
        "passed" : 346,
        "unknown" : 0,
        "total" : 397
      },
      "items" : [ {
        "uid" : "40d138ec247f8cd4",
        "reportUrl" : "https://Nat754.github.io/PulseWave/348//#testresult/40d138ec247f8cd4",
        "status" : "passed",
        "time" : {
          "start" : 1743747890802,
          "stop" : 1743747896688,
          "duration" : 5886
        }
      }, {
        "uid" : "93d1eb47c8faf172",
        "reportUrl" : "https://Nat754.github.io/PulseWave/347//#testresult/93d1eb47c8faf172",
        "status" : "passed",
        "time" : {
          "start" : 1743617975054,
          "stop" : 1743617980123,
          "duration" : 5069
        }
      }, {
        "uid" : "a78085ecb337f9e4",
        "reportUrl" : "https://Nat754.github.io/PulseWave/346//#testresult/a78085ecb337f9e4",
        "status" : "passed",
        "time" : {
          "start" : 1743531562888,
          "stop" : 1743531568509,
          "duration" : 5621
        }
      }, {
        "uid" : "37b01b5cfc6dfaa2",
        "reportUrl" : "https://Nat754.github.io/PulseWave/345//#testresult/37b01b5cfc6dfaa2",
        "status" : "passed",
        "time" : {
          "start" : 1743445171123,
          "stop" : 1743445176981,
          "duration" : 5858
        }
      }, {
        "uid" : "24e6b8d663abcb2c",
        "reportUrl" : "https://Nat754.github.io/PulseWave/344//#testresult/24e6b8d663abcb2c",
        "status" : "passed",
        "time" : {
          "start" : 1743358837337,
          "stop" : 1743358843409,
          "duration" : 6072
        }
      }, {
        "uid" : "7e6ef0d7c2e752c9",
        "reportUrl" : "https://Nat754.github.io/PulseWave/343//#testresult/7e6ef0d7c2e752c9",
        "status" : "passed",
        "time" : {
          "start" : 1743272440148,
          "stop" : 1743272446271,
          "duration" : 6123
        }
      }, {
        "uid" : "9006d51290025cb2",
        "reportUrl" : "https://Nat754.github.io/PulseWave/342//#testresult/9006d51290025cb2",
        "status" : "passed",
        "time" : {
          "start" : 1743186014238,
          "stop" : 1743186019445,
          "duration" : 5207
        }
      }, {
        "uid" : "a231e96dedea5a15",
        "reportUrl" : "https://Nat754.github.io/PulseWave/341//#testresult/a231e96dedea5a15",
        "status" : "passed",
        "time" : {
          "start" : 1743099618485,
          "stop" : 1743099623875,
          "duration" : 5390
        }
      }, {
        "uid" : "11ef267fbead106e",
        "reportUrl" : "https://Nat754.github.io/PulseWave/340//#testresult/11ef267fbead106e",
        "status" : "passed",
        "time" : {
          "start" : 1743013339814,
          "stop" : 1743013346969,
          "duration" : 7155
        }
      }, {
        "uid" : "ec521c20a73a5f4a",
        "reportUrl" : "https://Nat754.github.io/PulseWave/339//#testresult/ec521c20a73a5f4a",
        "status" : "passed",
        "time" : {
          "start" : 1742926796174,
          "stop" : 1742926801711,
          "duration" : 5537
        }
      }, {
        "uid" : "cc1daf2510d4e06b",
        "reportUrl" : "https://Nat754.github.io/PulseWave/338//#testresult/cc1daf2510d4e06b",
        "status" : "passed",
        "time" : {
          "start" : 1742840338805,
          "stop" : 1742840344086,
          "duration" : 5281
        }
      }, {
        "uid" : "9fe8ab9234f90f31",
        "reportUrl" : "https://Nat754.github.io/PulseWave/337//#testresult/9fe8ab9234f90f31",
        "status" : "passed",
        "time" : {
          "start" : 1742753846527,
          "stop" : 1742753861692,
          "duration" : 15165
        }
      }, {
        "uid" : "379e73614508cf6d",
        "reportUrl" : "https://Nat754.github.io/PulseWave/336//#testresult/379e73614508cf6d",
        "status" : "passed",
        "time" : {
          "start" : 1742667483970,
          "stop" : 1742667491347,
          "duration" : 7377
        }
      }, {
        "uid" : "77542401a7070611",
        "reportUrl" : "https://Nat754.github.io/PulseWave/335//#testresult/77542401a7070611",
        "status" : "passed",
        "time" : {
          "start" : 1742581147671,
          "stop" : 1742581153955,
          "duration" : 6284
        }
      }, {
        "uid" : "8b8d5dde23e627b7",
        "reportUrl" : "https://Nat754.github.io/PulseWave/334//#testresult/8b8d5dde23e627b7",
        "status" : "passed",
        "time" : {
          "start" : 1742494923864,
          "stop" : 1742494930855,
          "duration" : 6991
        }
      }, {
        "uid" : "f7c775af19ef382e",
        "reportUrl" : "https://Nat754.github.io/PulseWave/333//#testresult/f7c775af19ef382e",
        "status" : "passed",
        "time" : {
          "start" : 1742408564368,
          "stop" : 1742408572860,
          "duration" : 8492
        }
      }, {
        "uid" : "68a57a9e9c1de5d4",
        "reportUrl" : "https://Nat754.github.io/PulseWave/332//#testresult/68a57a9e9c1de5d4",
        "status" : "passed",
        "time" : {
          "start" : 1742322126358,
          "stop" : 1742322133709,
          "duration" : 7351
        }
      }, {
        "uid" : "f0055741072e4ef1",
        "reportUrl" : "https://Nat754.github.io/PulseWave/331//#testresult/f0055741072e4ef1",
        "status" : "passed",
        "time" : {
          "start" : 1742235580562,
          "stop" : 1742235586788,
          "duration" : 6226
        }
      }, {
        "uid" : "99be89f5f0cd757c",
        "reportUrl" : "https://Nat754.github.io/PulseWave/330//#testresult/99be89f5f0cd757c",
        "status" : "passed",
        "time" : {
          "start" : 1742149066070,
          "stop" : 1742149077148,
          "duration" : 11078
        }
      }, {
        "uid" : "31d05c697b74a01e",
        "reportUrl" : "https://Nat754.github.io/PulseWave/329//#testresult/31d05c697b74a01e",
        "status" : "passed",
        "time" : {
          "start" : 1742062705361,
          "stop" : 1742062726179,
          "duration" : 20818
        }
      } ]
    },
    "tags" : [ "regress" ]
  },
  "source" : "f3a6f701e5afe873.json",
  "parameterValues" : [ "'chrome'" ]
}