{
  "uid" : "61065202b7a0d200",
  "name" : "1.23 Регистрация с корректными email и паролем без согласия на подписку",
  "fullName" : "tests.test_signup_page.test_signup_page.TestSignupPage#test_signup_with_correct_email_and_password",
  "historyId" : "a88141a3f07444f200b9b46dcc4041fe",
  "time" : {
    "start" : 1734454320803,
    "stop" : 1734454341174,
    "duration" : 20371
  },
  "status" : "broken",
  "statusMessage" : "selenium.common.exceptions.TimeoutException: Message: \nStacktrace:\n#0 0x558af216831a <unknown>\n#1 0x558af1c7e6e0 <unknown>\n#2 0x558af1ccd3e6 <unknown>\n#3 0x558af1ccd681 <unknown>\n#4 0x558af1d12b04 <unknown>\n#5 0x558af1cf148d <unknown>\n#6 0x558af1d0fed7 <unknown>\n#7 0x558af1cf1203 <unknown>\n#8 0x558af1cbfcc0 <unknown>\n#9 0x558af1cc0c9e <unknown>\n#10 0x558af2135d0b <unknown>\n#11 0x558af2139c92 <unknown>\n#12 0x558af2122b3c <unknown>\n#13 0x558af213a807 <unknown>\n#14 0x558af21080df <unknown>\n#15 0x558af2157578 <unknown>\n#16 0x558af2157740 <unknown>\n#17 0x558af2167196 <unknown>\n#18 0x7f128b694ac3 <unknown>",
  "statusTrace" : "self = <tests.test_signup_page.test_signup_page.TestSignupPage object at 0x7fefccb6c200>\nsignup_page_open = <pages.signup_page.SignUpPage object at 0x7fefccb944d0>\ndriver = <selenium.webdriver.chrome.webdriver.WebDriver (session=\"dea76306aef33219ee014a589ae993dd\")>\n\n    @allure.title(\"1.23 Регистрация с корректными email и паролем без согласия на подписку\")\n    @pytest.mark.smoke\n    def test_signup_with_correct_email_and_password(self, signup_page_open, driver):\n        with allure.step('Заполнить поле email корректными данными'):\n            signup_page_open.put_data_to_email_field(email1)\n        with allure.step('Заполнить поле пароль сильным паролем'):\n            signup_page_open.put_data_to_password_field(password0)\n        with allure.step('Заполнить поле подтверждение пароля сильным паролем'):\n            signup_page_open.put_data_to_confirm_password_field(password0)\n        signup_page_open.click_button_submit()\n>       element = signup_page_open.get_send_invite_message()\n\ntests/test_signup_page/test_signup_page.py:145: \n_ _ _ _ _ _ _ _ _ _ _ _ _ _ _ _ _ _ _ _ _ _ _ _ _ _ _ _ _ _ _ _ _ _ _ _ _ _ _ _ \npages/signup_page.py:91: in get_send_invite_message\n    return self.element_is_visible(self.locator.SEND_INVITE_EMAIL)\npages/base_page.py:19: in element_is_visible\n    self.go_to_element(self.element_is_present(locator))\npages/base_page.py:35: in element_is_present\n    return Wait(self.driver, self.timeout).until(es.presence_of_element_located(locator))\n_ _ _ _ _ _ _ _ _ _ _ _ _ _ _ _ _ _ _ _ _ _ _ _ _ _ _ _ _ _ _ _ _ _ _ _ _ _ _ _ \n\nself = <selenium.webdriver.support.wait.WebDriverWait (session=\"dea76306aef33219ee014a589ae993dd\")>\nmethod = <function presence_of_element_located.<locals>._predicate at 0x7fefcb0d9800>\nmessage = ''\n\n    def until(self, method: Callable[[D], Union[Literal[False], T]], message: str = \"\") -> T:\n        \"\"\"Calls the method provided with the driver as an argument until the \\\n        return value does not evaluate to ``False``.\n    \n        :param method: callable(WebDriver)\n        :param message: optional message for :exc:`TimeoutException`\n        :returns: the result of the last call to `method`\n        :raises: :exc:`selenium.common.exceptions.TimeoutException` if timeout occurs\n        \"\"\"\n        screen = None\n        stacktrace = None\n    \n        end_time = time.monotonic() + self._timeout\n        while True:\n            try:\n                value = method(self._driver)\n                if value:\n                    return value\n            except self._ignored_exceptions as exc:\n                screen = getattr(exc, \"screen\", None)\n                stacktrace = getattr(exc, \"stacktrace\", None)\n            time.sleep(self._poll)\n            if time.monotonic() > end_time:\n                break\n>       raise TimeoutException(message, screen, stacktrace)\nE       selenium.common.exceptions.TimeoutException: Message: \nE       Stacktrace:\nE       #0 0x558af216831a <unknown>\nE       #1 0x558af1c7e6e0 <unknown>\nE       #2 0x558af1ccd3e6 <unknown>\nE       #3 0x558af1ccd681 <unknown>\nE       #4 0x558af1d12b04 <unknown>\nE       #5 0x558af1cf148d <unknown>\nE       #6 0x558af1d0fed7 <unknown>\nE       #7 0x558af1cf1203 <unknown>\nE       #8 0x558af1cbfcc0 <unknown>\nE       #9 0x558af1cc0c9e <unknown>\nE       #10 0x558af2135d0b <unknown>\nE       #11 0x558af2139c92 <unknown>\nE       #12 0x558af2122b3c <unknown>\nE       #13 0x558af213a807 <unknown>\nE       #14 0x558af21080df <unknown>\nE       #15 0x558af2157578 <unknown>\nE       #16 0x558af2157740 <unknown>\nE       #17 0x558af2167196 <unknown>\nE       #18 0x7f128b694ac3 <unknown>\n\n/opt/hostedtoolcache/Python/3.12.8/x64/lib/python3.12/site-packages/selenium/webdriver/support/wait.py:105: TimeoutException",
  "flaky" : false,
  "newFailed" : false,
  "beforeStages" : [ {
    "name" : "_session_faker",
    "time" : {
      "start" : 1734453639928,
      "stop" : 1734453639947,
      "duration" : 19
    },
    "status" : "passed",
    "steps" : [ ],
    "attachments" : [ ],
    "parameters" : [ ],
    "stepsCount" : 0,
    "attachmentsCount" : 0,
    "shouldDisplayMessage" : false,
    "hasContent" : false
  }, {
    "name" : "driver",
    "time" : {
      "start" : 1734454317212,
      "stop" : 1734454317493,
      "duration" : 281
    },
    "status" : "passed",
    "steps" : [ ],
    "attachments" : [ ],
    "parameters" : [ ],
    "stepsCount" : 0,
    "attachmentsCount" : 0,
    "shouldDisplayMessage" : false,
    "hasContent" : false
  }, {
    "name" : "clear_allure_results_folder",
    "time" : {
      "start" : 1734453639947,
      "stop" : 1734453639947,
      "duration" : 0
    },
    "status" : "passed",
    "steps" : [ ],
    "attachments" : [ ],
    "parameters" : [ ],
    "stepsCount" : 0,
    "attachmentsCount" : 0,
    "shouldDisplayMessage" : false,
    "hasContent" : false
  }, {
    "name" : "signup_page_open",
    "time" : {
      "start" : 1734454317493,
      "stop" : 1734454320802,
      "duration" : 3309
    },
    "status" : "passed",
    "steps" : [ {
      "name" : "Проверка видимости кнопки 'Принимаю все' в сообщении о принятии файлов cookie",
      "time" : {
        "start" : 1734454320729,
        "stop" : 1734454320758,
        "duration" : 29
      },
      "status" : "passed",
      "steps" : [ ],
      "attachments" : [ ],
      "parameters" : [ ],
      "stepsCount" : 0,
      "attachmentsCount" : 0,
      "shouldDisplayMessage" : false,
      "hasContent" : false
    } ],
    "attachments" : [ ],
    "parameters" : [ ],
    "stepsCount" : 1,
    "attachmentsCount" : 0,
    "shouldDisplayMessage" : false,
    "hasContent" : true
  } ],
  "testStage" : {
    "status" : "broken",
    "statusMessage" : "selenium.common.exceptions.TimeoutException: Message: \nStacktrace:\n#0 0x558af216831a <unknown>\n#1 0x558af1c7e6e0 <unknown>\n#2 0x558af1ccd3e6 <unknown>\n#3 0x558af1ccd681 <unknown>\n#4 0x558af1d12b04 <unknown>\n#5 0x558af1cf148d <unknown>\n#6 0x558af1d0fed7 <unknown>\n#7 0x558af1cf1203 <unknown>\n#8 0x558af1cbfcc0 <unknown>\n#9 0x558af1cc0c9e <unknown>\n#10 0x558af2135d0b <unknown>\n#11 0x558af2139c92 <unknown>\n#12 0x558af2122b3c <unknown>\n#13 0x558af213a807 <unknown>\n#14 0x558af21080df <unknown>\n#15 0x558af2157578 <unknown>\n#16 0x558af2157740 <unknown>\n#17 0x558af2167196 <unknown>\n#18 0x7f128b694ac3 <unknown>",
    "statusTrace" : "self = <tests.test_signup_page.test_signup_page.TestSignupPage object at 0x7fefccb6c200>\nsignup_page_open = <pages.signup_page.SignUpPage object at 0x7fefccb944d0>\ndriver = <selenium.webdriver.chrome.webdriver.WebDriver (session=\"dea76306aef33219ee014a589ae993dd\")>\n\n    @allure.title(\"1.23 Регистрация с корректными email и паролем без согласия на подписку\")\n    @pytest.mark.smoke\n    def test_signup_with_correct_email_and_password(self, signup_page_open, driver):\n        with allure.step('Заполнить поле email корректными данными'):\n            signup_page_open.put_data_to_email_field(email1)\n        with allure.step('Заполнить поле пароль сильным паролем'):\n            signup_page_open.put_data_to_password_field(password0)\n        with allure.step('Заполнить поле подтверждение пароля сильным паролем'):\n            signup_page_open.put_data_to_confirm_password_field(password0)\n        signup_page_open.click_button_submit()\n>       element = signup_page_open.get_send_invite_message()\n\ntests/test_signup_page/test_signup_page.py:145: \n_ _ _ _ _ _ _ _ _ _ _ _ _ _ _ _ _ _ _ _ _ _ _ _ _ _ _ _ _ _ _ _ _ _ _ _ _ _ _ _ \npages/signup_page.py:91: in get_send_invite_message\n    return self.element_is_visible(self.locator.SEND_INVITE_EMAIL)\npages/base_page.py:19: in element_is_visible\n    self.go_to_element(self.element_is_present(locator))\npages/base_page.py:35: in element_is_present\n    return Wait(self.driver, self.timeout).until(es.presence_of_element_located(locator))\n_ _ _ _ _ _ _ _ _ _ _ _ _ _ _ _ _ _ _ _ _ _ _ _ _ _ _ _ _ _ _ _ _ _ _ _ _ _ _ _ \n\nself = <selenium.webdriver.support.wait.WebDriverWait (session=\"dea76306aef33219ee014a589ae993dd\")>\nmethod = <function presence_of_element_located.<locals>._predicate at 0x7fefcb0d9800>\nmessage = ''\n\n    def until(self, method: Callable[[D], Union[Literal[False], T]], message: str = \"\") -> T:\n        \"\"\"Calls the method provided with the driver as an argument until the \\\n        return value does not evaluate to ``False``.\n    \n        :param method: callable(WebDriver)\n        :param message: optional message for :exc:`TimeoutException`\n        :returns: the result of the last call to `method`\n        :raises: :exc:`selenium.common.exceptions.TimeoutException` if timeout occurs\n        \"\"\"\n        screen = None\n        stacktrace = None\n    \n        end_time = time.monotonic() + self._timeout\n        while True:\n            try:\n                value = method(self._driver)\n                if value:\n                    return value\n            except self._ignored_exceptions as exc:\n                screen = getattr(exc, \"screen\", None)\n                stacktrace = getattr(exc, \"stacktrace\", None)\n            time.sleep(self._poll)\n            if time.monotonic() > end_time:\n                break\n>       raise TimeoutException(message, screen, stacktrace)\nE       selenium.common.exceptions.TimeoutException: Message: \nE       Stacktrace:\nE       #0 0x558af216831a <unknown>\nE       #1 0x558af1c7e6e0 <unknown>\nE       #2 0x558af1ccd3e6 <unknown>\nE       #3 0x558af1ccd681 <unknown>\nE       #4 0x558af1d12b04 <unknown>\nE       #5 0x558af1cf148d <unknown>\nE       #6 0x558af1d0fed7 <unknown>\nE       #7 0x558af1cf1203 <unknown>\nE       #8 0x558af1cbfcc0 <unknown>\nE       #9 0x558af1cc0c9e <unknown>\nE       #10 0x558af2135d0b <unknown>\nE       #11 0x558af2139c92 <unknown>\nE       #12 0x558af2122b3c <unknown>\nE       #13 0x558af213a807 <unknown>\nE       #14 0x558af21080df <unknown>\nE       #15 0x558af2157578 <unknown>\nE       #16 0x558af2157740 <unknown>\nE       #17 0x558af2167196 <unknown>\nE       #18 0x7f128b694ac3 <unknown>\n\n/opt/hostedtoolcache/Python/3.12.8/x64/lib/python3.12/site-packages/selenium/webdriver/support/wait.py:105: TimeoutException",
    "steps" : [ {
      "name" : "Заполнить поле email корректными данными",
      "time" : {
        "start" : 1734454320803,
        "stop" : 1734454320885,
        "duration" : 82
      },
      "status" : "passed",
      "steps" : [ ],
      "attachments" : [ ],
      "parameters" : [ ],
      "stepsCount" : 0,
      "attachmentsCount" : 0,
      "shouldDisplayMessage" : false,
      "hasContent" : false
    }, {
      "name" : "Заполнить поле пароль сильным паролем",
      "time" : {
        "start" : 1734454320885,
        "stop" : 1734454320943,
        "duration" : 58
      },
      "status" : "passed",
      "steps" : [ ],
      "attachments" : [ ],
      "parameters" : [ ],
      "stepsCount" : 0,
      "attachmentsCount" : 0,
      "shouldDisplayMessage" : false,
      "hasContent" : false
    }, {
      "name" : "Заполнить поле подтверждение пароля сильным паролем",
      "time" : {
        "start" : 1734454320943,
        "stop" : 1734454321032,
        "duration" : 89
      },
      "status" : "passed",
      "steps" : [ ],
      "attachments" : [ ],
      "parameters" : [ ],
      "stepsCount" : 0,
      "attachmentsCount" : 0,
      "shouldDisplayMessage" : false,
      "hasContent" : false
    }, {
      "name" : "Подтвердить изменения'",
      "time" : {
        "start" : 1734454321032,
        "stop" : 1734454321104,
        "duration" : 72
      },
      "status" : "passed",
      "steps" : [ ],
      "attachments" : [ ],
      "parameters" : [ ],
      "stepsCount" : 0,
      "attachmentsCount" : 0,
      "shouldDisplayMessage" : false,
      "hasContent" : false
    }, {
      "name" : "Получено сообщения о подтверждении регистрации",
      "time" : {
        "start" : 1734454321104,
        "stop" : 1734454341173,
        "duration" : 20069
      },
      "status" : "broken",
      "statusMessage" : "selenium.common.exceptions.TimeoutException: Message: \nStacktrace:\n#0 0x558af216831a <unknown>\n#1 0x558af1c7e6e0 <unknown>\n#2 0x558af1ccd3e6 <unknown>\n#3 0x558af1ccd681 <unknown>\n#4 0x558af1d12b04 <unknown>\n#5 0x558af1cf148d <unknown>\n#6 0x558af1d0fed7 <unknown>\n#7 0x558af1cf1203 <unknown>\n#8 0x558af1cbfcc0 <unknown>\n#9 0x558af1cc0c9e <unknown>\n#10 0x558af2135d0b <unknown>\n#11 0x558af2139c92 <unknown>\n#12 0x558af2122b3c <unknown>\n#13 0x558af213a807 <unknown>\n#14 0x558af21080df <unknown>\n#15 0x558af2157578 <unknown>\n#16 0x558af2157740 <unknown>\n#17 0x558af2167196 <unknown>\n#18 0x7f128b694ac3 <unknown>\n\n",
      "statusTrace" : "  File \"/opt/hostedtoolcache/Python/3.12.8/x64/lib/python3.12/site-packages/allure_commons/_allure.py\", line 192, in impl\n    return func(*a, **kw)\n           ^^^^^^^^^^^^^^\n  File \"/home/runner/work/PulseWave/PulseWave/pages/signup_page.py\", line 91, in get_send_invite_message\n    return self.element_is_visible(self.locator.SEND_INVITE_EMAIL)\n           ^^^^^^^^^^^^^^^^^^^^^^^^^^^^^^^^^^^^^^^^^^^^^^^^^^^^^^^\n  File \"/home/runner/work/PulseWave/PulseWave/pages/base_page.py\", line 19, in element_is_visible\n    self.go_to_element(self.element_is_present(locator))\n                       ^^^^^^^^^^^^^^^^^^^^^^^^^^^^^^^^\n  File \"/home/runner/work/PulseWave/PulseWave/pages/base_page.py\", line 35, in element_is_present\n    return Wait(self.driver, self.timeout).until(es.presence_of_element_located(locator))\n           ^^^^^^^^^^^^^^^^^^^^^^^^^^^^^^^^^^^^^^^^^^^^^^^^^^^^^^^^^^^^^^^^^^^^^^^^^^^^^^\n  File \"/opt/hostedtoolcache/Python/3.12.8/x64/lib/python3.12/site-packages/selenium/webdriver/support/wait.py\", line 105, in until\n    raise TimeoutException(message, screen, stacktrace)\n",
      "steps" : [ ],
      "attachments" : [ ],
      "parameters" : [ ],
      "stepsCount" : 0,
      "attachmentsCount" : 0,
      "shouldDisplayMessage" : true,
      "hasContent" : true
    } ],
    "attachments" : [ {
      "uid" : "b4ebf027f1fb306",
      "name" : "Screenshot",
      "source" : "b4ebf027f1fb306.png",
      "type" : "image/png",
      "size" : 83581
    }, {
      "uid" : "93d7c8420292eff3",
      "name" : "HTML source",
      "source" : "93d7c8420292eff3.html",
      "type" : "text/html",
      "size" : 100536
    } ],
    "parameters" : [ ],
    "stepsCount" : 5,
    "attachmentsCount" : 2,
    "shouldDisplayMessage" : true,
    "hasContent" : true
  },
  "afterStages" : [ {
    "name" : "driver::0",
    "time" : {
      "start" : 1734454341282,
      "stop" : 1734454341351,
      "duration" : 69
    },
    "status" : "passed",
    "steps" : [ ],
    "attachments" : [ ],
    "parameters" : [ ],
    "stepsCount" : 0,
    "attachmentsCount" : 0,
    "shouldDisplayMessage" : false,
    "hasContent" : false
  } ],
  "labels" : [ {
    "name" : "epic",
    "value" : "Тестирование страницы 'Регистрация'"
  }, {
    "name" : "tag",
    "value" : "smoke"
  }, {
    "name" : "parentSuite",
    "value" : "tests.test_signup_page"
  }, {
    "name" : "suite",
    "value" : "test_signup_page"
  }, {
    "name" : "subSuite",
    "value" : "TestSignupPage"
  }, {
    "name" : "host",
    "value" : "fv-az1196-799"
  }, {
    "name" : "thread",
    "value" : "2322-MainThread"
  }, {
    "name" : "framework",
    "value" : "pytest"
  }, {
    "name" : "language",
    "value" : "cpython3"
  }, {
    "name" : "package",
    "value" : "tests.test_signup_page.test_signup_page"
  }, {
    "name" : "resultFormat",
    "value" : "allure2"
  } ],
  "parameters" : [ {
    "name" : "browser",
    "value" : "'chrome'"
  } ],
  "links" : [ ],
  "hidden" : false,
  "retry" : false,
  "extra" : {
    "severity" : "normal",
    "retries" : [ ],
    "categories" : [ {
      "name" : "Test defects",
      "matchedStatuses" : [ ],
      "flaky" : false
    } ],
    "history" : {
      "statistic" : {
        "failed" : 0,
        "broken" : 33,
        "skipped" : 30,
        "passed" : 211,
        "unknown" : 0,
        "total" : 274
      },
      "items" : [ {
        "uid" : "25eb5b330dedeba3",
        "reportUrl" : "https://Nat754.github.io/PulseWave/241//#testresult/25eb5b330dedeba3",
        "status" : "broken",
        "statusDetails" : "selenium.common.exceptions.TimeoutException: Message: \nStacktrace:\n#0 0x55c865b7a31a <unknown>\n#1 0x55c8656906e0 <unknown>\n#2 0x55c8656df3e6 <unknown>\n#3 0x55c8656df681 <unknown>\n#4 0x55c865724b04 <unknown>\n#5 0x55c86570348d <unknown>\n#6 0x55c865721ed7 <unknown>\n#7 0x55c865703203 <unknown>\n#8 0x55c8656d1cc0 <unknown>\n#9 0x55c8656d2c9e <unknown>\n#10 0x55c865b47d0b <unknown>\n#11 0x55c865b4bc92 <unknown>\n#12 0x55c865b34b3c <unknown>\n#13 0x55c865b4c807 <unknown>\n#14 0x55c865b1a0df <unknown>\n#15 0x55c865b69578 <unknown>\n#16 0x55c865b69740 <unknown>\n#17 0x55c865b79196 <unknown>\n#18 0x7f00fa894ac3 <unknown>",
        "time" : {
          "start" : 1734404753179,
          "stop" : 1734404773552,
          "duration" : 20373
        }
      }, {
        "uid" : "7cb3456d5546a64d",
        "reportUrl" : "https://Nat754.github.io/PulseWave/240//#testresult/7cb3456d5546a64d",
        "status" : "broken",
        "statusDetails" : "selenium.common.exceptions.TimeoutException: Message: \nStacktrace:\n#0 0x56125494531a <unknown>\n#1 0x56125445b6e0 <unknown>\n#2 0x5612544aa3e6 <unknown>\n#3 0x5612544aa681 <unknown>\n#4 0x5612544efb04 <unknown>\n#5 0x5612544ce48d <unknown>\n#6 0x5612544eced7 <unknown>\n#7 0x5612544ce203 <unknown>\n#8 0x56125449ccc0 <unknown>\n#9 0x56125449dc9e <unknown>\n#10 0x561254912d0b <unknown>\n#11 0x561254916c92 <unknown>\n#12 0x5612548ffb3c <unknown>\n#13 0x561254917807 <unknown>\n#14 0x5612548e50df <unknown>\n#15 0x561254934578 <unknown>\n#16 0x561254934740 <unknown>\n#17 0x561254944196 <unknown>\n#18 0x7f4dec094ac3 <unknown>",
        "time" : {
          "start" : 1734318623160,
          "stop" : 1734318643539,
          "duration" : 20379
        }
      }, {
        "uid" : "d12ce0b3460b15ce",
        "reportUrl" : "https://Nat754.github.io/PulseWave/239//#testresult/d12ce0b3460b15ce",
        "status" : "broken",
        "statusDetails" : "selenium.common.exceptions.TimeoutException: Message: \nStacktrace:\n#0 0x559ee34ab31a <unknown>\n#1 0x559ee2fc16e0 <unknown>\n#2 0x559ee30103e6 <unknown>\n#3 0x559ee3010681 <unknown>\n#4 0x559ee3055b04 <unknown>\n#5 0x559ee303448d <unknown>\n#6 0x559ee3052ed7 <unknown>\n#7 0x559ee3034203 <unknown>\n#8 0x559ee3002cc0 <unknown>\n#9 0x559ee3003c9e <unknown>\n#10 0x559ee3478d0b <unknown>\n#11 0x559ee347cc92 <unknown>\n#12 0x559ee3465b3c <unknown>\n#13 0x559ee347d807 <unknown>\n#14 0x559ee344b0df <unknown>\n#15 0x559ee349a578 <unknown>\n#16 0x559ee349a740 <unknown>\n#17 0x559ee34aa196 <unknown>\n#18 0x7f0a1be94ac3 <unknown>",
        "time" : {
          "start" : 1734232384551,
          "stop" : 1734232404920,
          "duration" : 20369
        }
      }, {
        "uid" : "dc4f7d45ac5321f6",
        "reportUrl" : "https://Nat754.github.io/PulseWave/238//#testresult/dc4f7d45ac5321f6",
        "status" : "passed",
        "time" : {
          "start" : 1734145515376,
          "stop" : 1734145539590,
          "duration" : 24214
        }
      }, {
        "uid" : "7d55e47b523fd4be",
        "reportUrl" : "https://Nat754.github.io/PulseWave/237//#testresult/7d55e47b523fd4be",
        "status" : "passed",
        "time" : {
          "start" : 1734059372578,
          "stop" : 1734059394831,
          "duration" : 22253
        }
      }, {
        "uid" : "193ed97e7c90889f",
        "reportUrl" : "https://Nat754.github.io/PulseWave/236//#testresult/193ed97e7c90889f",
        "status" : "passed",
        "time" : {
          "start" : 1733972989073,
          "stop" : 1733973012882,
          "duration" : 23809
        }
      }, {
        "uid" : "89aaacb1a19b361c",
        "reportUrl" : "https://Nat754.github.io/PulseWave/235//#testresult/89aaacb1a19b361c",
        "status" : "passed",
        "time" : {
          "start" : 1733887671103,
          "stop" : 1733887693277,
          "duration" : 22174
        }
      }, {
        "uid" : "1c5a4c2436adef27",
        "reportUrl" : "https://Nat754.github.io/PulseWave/235//#testresult/1c5a4c2436adef27",
        "status" : "passed",
        "time" : {
          "start" : 1733886412835,
          "stop" : 1733886434905,
          "duration" : 22070
        }
      }, {
        "uid" : "1bf4835a67501c09",
        "reportUrl" : "https://Nat754.github.io/PulseWave/234//#testresult/1bf4835a67501c09",
        "status" : "passed",
        "time" : {
          "start" : 1733800206979,
          "stop" : 1733800228902,
          "duration" : 21923
        }
      }, {
        "uid" : "c27253ed743fa459",
        "reportUrl" : "https://Nat754.github.io/PulseWave/233//#testresult/c27253ed743fa459",
        "status" : "passed",
        "time" : {
          "start" : 1733713857029,
          "stop" : 1733713879134,
          "duration" : 22105
        }
      }, {
        "uid" : "a1373d509c826222",
        "reportUrl" : "https://Nat754.github.io/PulseWave/232//#testresult/a1373d509c826222",
        "status" : "passed",
        "time" : {
          "start" : 1733627567628,
          "stop" : 1733627589854,
          "duration" : 22226
        }
      }, {
        "uid" : "67b52b0a58341319",
        "reportUrl" : "https://Nat754.github.io/PulseWave/231//#testresult/67b52b0a58341319",
        "status" : "passed",
        "time" : {
          "start" : 1733540737999,
          "stop" : 1733540760181,
          "duration" : 22182
        }
      }, {
        "uid" : "177e876d68f5532c",
        "reportUrl" : "https://Nat754.github.io/PulseWave/230//#testresult/177e876d68f5532c",
        "status" : "passed",
        "time" : {
          "start" : 1733454413944,
          "stop" : 1733454436259,
          "duration" : 22315
        }
      }, {
        "uid" : "8bdd393f46b1f850",
        "reportUrl" : "https://Nat754.github.io/PulseWave/229//#testresult/8bdd393f46b1f850",
        "status" : "passed",
        "time" : {
          "start" : 1733368123757,
          "stop" : 1733368145787,
          "duration" : 22030
        }
      }, {
        "uid" : "70d4b3ed288c98af",
        "reportUrl" : "https://Nat754.github.io/PulseWave/228//#testresult/70d4b3ed288c98af",
        "status" : "passed",
        "time" : {
          "start" : 1733281686316,
          "stop" : 1733281708233,
          "duration" : 21917
        }
      }, {
        "uid" : "5ed90c1667880b3e",
        "reportUrl" : "https://Nat754.github.io/PulseWave/227//#testresult/5ed90c1667880b3e",
        "status" : "passed",
        "time" : {
          "start" : 1733195524098,
          "stop" : 1733195547990,
          "duration" : 23892
        }
      }, {
        "uid" : "43db2f9f5cf099c3",
        "reportUrl" : "https://Nat754.github.io/PulseWave/227//#testresult/43db2f9f5cf099c3",
        "status" : "passed",
        "time" : {
          "start" : 1733142551458,
          "stop" : 1733142573885,
          "duration" : 22427
        }
      }, {
        "uid" : "bd47d7599b0fcc69",
        "reportUrl" : "https://Nat754.github.io/PulseWave/226//#testresult/bd47d7599b0fcc69",
        "status" : "broken",
        "statusDetails" : "selenium.common.exceptions.TimeoutException: Message: \nStacktrace:\n#0 0x55f12fe9f31a <unknown>\n#1 0x55f12f9b56e0 <unknown>\n#2 0x55f12fa043e6 <unknown>\n#3 0x55f12fa04681 <unknown>\n#4 0x55f12fa49b04 <unknown>\n#5 0x55f12fa2848d <unknown>\n#6 0x55f12fa46ed7 <unknown>\n#7 0x55f12fa28203 <unknown>\n#8 0x55f12f9f6cc0 <unknown>\n#9 0x55f12f9f7c9e <unknown>\n#10 0x55f12fe6cd0b <unknown>\n#11 0x55f12fe70c92 <unknown>\n#12 0x55f12fe59b3c <unknown>\n#13 0x55f12fe71807 <unknown>\n#14 0x55f12fe3f0df <unknown>\n#15 0x55f12fe8e578 <unknown>\n#16 0x55f12fe8e740 <unknown>\n#17 0x55f12fe9e196 <unknown>\n#18 0x7f70ada94ac3 <unknown>",
        "time" : {
          "start" : 1733108976656,
          "stop" : 1733109016215,
          "duration" : 39559
        }
      }, {
        "uid" : "7c93f71db9351b4d",
        "reportUrl" : "https://Nat754.github.io/PulseWave/225//#testresult/7c93f71db9351b4d",
        "status" : "passed",
        "time" : {
          "start" : 1733023178841,
          "stop" : 1733023201186,
          "duration" : 22345
        }
      }, {
        "uid" : "3897393ff4561aa",
        "reportUrl" : "https://Nat754.github.io/PulseWave/224//#testresult/3897393ff4561aa",
        "status" : "passed",
        "time" : {
          "start" : 1732935606454,
          "stop" : 1732935629155,
          "duration" : 22701
        }
      } ]
    },
    "tags" : [ "smoke" ]
  },
  "source" : "61065202b7a0d200.json",
  "parameterValues" : [ "'chrome'" ]
}