{
  "uid" : "3fca969b176ea497",
  "name" : "Проверка что авторизованный пользователь может выйти из аккаунта",
  "fullName" : "tests.test_workspace_page.test_workspace_page.TestWorkspacePage#test_auth_user_logout",
  "historyId" : "ef004c13c91f13fae735f1a09c2da0ef",
  "time" : {
    "start" : 1718246784793,
    "stop" : 1718246784818,
    "duration" : 25
  },
  "status" : "broken",
  "statusMessage" : "selenium.common.exceptions.StaleElementReferenceException: Message: stale element reference: stale element not found in the current frame\n  (Session info: chrome-headless-shell=125.0.6422.141); For documentation on this error, please visit: https://www.selenium.dev/documentation/webdriver/troubleshooting/errors#stale-element-reference-exception\nStacktrace:\n#0 0x55d917d62e3a <unknown>\n#1 0x55d917a4c45c <unknown>\n#2 0x55d917a51b69 <unknown>\n#3 0x55d917a53915 <unknown>\n#4 0x55d917a5399c <unknown>\n#5 0x55d917a9e85e <unknown>\n#6 0x55d917a9dc36 <unknown>\n#7 0x55d917ae2f9c <unknown>\n#8 0x55d917abb4b2 <unknown>\n#9 0x55d917ada2cc <unknown>\n#10 0x55d917abb253 <unknown>\n#11 0x55d917a8b1c7 <unknown>\n#12 0x55d917a8bb3e <unknown>\n#13 0x55d917d2927b <unknown>\n#14 0x55d917d2d327 <unknown>\n#15 0x55d917d15dae <unknown>\n#16 0x55d917d2ddf2 <unknown>\n#17 0x55d917cfa74f <unknown>\n#18 0x55d917d52128 <unknown>\n#19 0x55d917d522fb <unknown>\n#20 0x55d917d61f6c <unknown>\n#21 0x7f0f07094ac3 <unknown>",
  "statusTrace" : "self = <tests.test_workspace_page.test_workspace_page.TestWorkspacePage object at 0x7fbe07fc6870>\nauth_user = <pages.login_page.LoginPage object at 0x7fbe07fdf7d0>\ndriver = <selenium.webdriver.chrome.webdriver.WebDriver (session=\"3468ff2c5b7279c4b839494020e7e680\")>\n\n    @allure.title(\"Проверка что авторизованный пользователь может выйти из аккаунта\")\n    @pytest.mark.regress\n    def test_auth_user_logout(self, auth_user, driver):\n        page = SignUpPage(driver)\n>       page.click_button_avatar()\n\ntests/test_workspace_page/test_workspace_page.py:50: \n_ _ _ _ _ _ _ _ _ _ _ _ _ _ _ _ _ _ _ _ _ _ _ _ _ _ _ _ _ _ _ _ _ _ _ _ _ _ _ _ \npages/signup_page.py:92: in click_button_avatar\n    self.action_move_to_element(element)\npages/base_page.py:76: in action_move_to_element\n    action.perform()\n/opt/hostedtoolcache/Python/3.12.3/x64/lib/python3.12/site-packages/selenium/webdriver/common/action_chains.py:94: in perform\n    self.w3c_actions.perform()\n/opt/hostedtoolcache/Python/3.12.3/x64/lib/python3.12/site-packages/selenium/webdriver/common/actions/action_builder.py:96: in perform\n    self.driver.execute(Command.W3C_ACTIONS, enc)\n/opt/hostedtoolcache/Python/3.12.3/x64/lib/python3.12/site-packages/selenium/webdriver/remote/webdriver.py:347: in execute\n    self.error_handler.check_response(response)\n_ _ _ _ _ _ _ _ _ _ _ _ _ _ _ _ _ _ _ _ _ _ _ _ _ _ _ _ _ _ _ _ _ _ _ _ _ _ _ _ \n\nself = <selenium.webdriver.remote.errorhandler.ErrorHandler object at 0x7fbe07fdc620>\nresponse = {'status': 404, 'value': '{\"value\":{\"error\":\"stale element reference\",\"message\":\"stale element reference: stale elemen...\\\\n#19 0x55d917d522fb \\\\u003Cunknown>\\\\n#20 0x55d917d61f6c \\\\u003Cunknown>\\\\n#21 0x7f0f07094ac3 \\\\u003Cunknown>\\\\n\"}}'}\n\n    def check_response(self, response: Dict[str, Any]) -> None:\n        \"\"\"Checks that a JSON response from the WebDriver does not have an\n        error.\n    \n        :Args:\n         - response - The JSON response from the WebDriver server as a dictionary\n           object.\n    \n        :Raises: If the response contains an error message.\n        \"\"\"\n        status = response.get(\"status\", None)\n        if not status or status == ErrorCode.SUCCESS:\n            return\n        value = None\n        message = response.get(\"message\", \"\")\n        screen: str = response.get(\"screen\", \"\")\n        stacktrace = None\n        if isinstance(status, int):\n            value_json = response.get(\"value\", None)\n            if value_json and isinstance(value_json, str):\n                import json\n    \n                try:\n                    value = json.loads(value_json)\n                    if len(value) == 1:\n                        value = value[\"value\"]\n                    status = value.get(\"error\", None)\n                    if not status:\n                        status = value.get(\"status\", ErrorCode.UNKNOWN_ERROR)\n                        message = value.get(\"value\") or value.get(\"message\")\n                        if not isinstance(message, str):\n                            value = message\n                            message = message.get(\"message\")\n                    else:\n                        message = value.get(\"message\", None)\n                except ValueError:\n                    pass\n    \n        exception_class: Type[WebDriverException]\n        e = ErrorCode()\n        error_codes = [item for item in dir(e) if not item.startswith(\"__\")]\n        for error_code in error_codes:\n            error_info = getattr(ErrorCode, error_code)\n            if isinstance(error_info, list) and status in error_info:\n                exception_class = getattr(ExceptionMapping, error_code, WebDriverException)\n                break\n        else:\n            exception_class = WebDriverException\n    \n        if not value:\n            value = response[\"value\"]\n        if isinstance(value, str):\n            raise exception_class(value)\n        if message == \"\" and \"message\" in value:\n            message = value[\"message\"]\n    \n        screen = None  # type: ignore[assignment]\n        if \"screen\" in value:\n            screen = value[\"screen\"]\n    \n        stacktrace = None\n        st_value = value.get(\"stackTrace\") or value.get(\"stacktrace\")\n        if st_value:\n            if isinstance(st_value, str):\n                stacktrace = st_value.split(\"\\n\")\n            else:\n                stacktrace = []\n                try:\n                    for frame in st_value:\n                        line = frame.get(\"lineNumber\", \"\")\n                        file = frame.get(\"fileName\", \"<anonymous>\")\n                        if line:\n                            file = f\"{file}:{line}\"\n                        meth = frame.get(\"methodName\", \"<anonymous>\")\n                        if \"className\" in frame:\n                            meth = f\"{frame['className']}.{meth}\"\n                        msg = \"    at %s (%s)\"\n                        msg = msg % (meth, file)\n                        stacktrace.append(msg)\n                except TypeError:\n                    pass\n        if exception_class == UnexpectedAlertPresentException:\n            alert_text = None\n            if \"data\" in value:\n                alert_text = value[\"data\"].get(\"text\")\n            elif \"alert\" in value:\n                alert_text = value[\"alert\"].get(\"text\")\n            raise exception_class(message, screen, stacktrace, alert_text)  # type: ignore[call-arg]  # mypy is not smart enough here\n>       raise exception_class(message, screen, stacktrace)\nE       selenium.common.exceptions.StaleElementReferenceException: Message: stale element reference: stale element not found in the current frame\nE         (Session info: chrome-headless-shell=125.0.6422.141); For documentation on this error, please visit: https://www.selenium.dev/documentation/webdriver/troubleshooting/errors#stale-element-reference-exception\nE       Stacktrace:\nE       #0 0x55d917d62e3a <unknown>\nE       #1 0x55d917a4c45c <unknown>\nE       #2 0x55d917a51b69 <unknown>\nE       #3 0x55d917a53915 <unknown>\nE       #4 0x55d917a5399c <unknown>\nE       #5 0x55d917a9e85e <unknown>\nE       #6 0x55d917a9dc36 <unknown>\nE       #7 0x55d917ae2f9c <unknown>\nE       #8 0x55d917abb4b2 <unknown>\nE       #9 0x55d917ada2cc <unknown>\nE       #10 0x55d917abb253 <unknown>\nE       #11 0x55d917a8b1c7 <unknown>\nE       #12 0x55d917a8bb3e <unknown>\nE       #13 0x55d917d2927b <unknown>\nE       #14 0x55d917d2d327 <unknown>\nE       #15 0x55d917d15dae <unknown>\nE       #16 0x55d917d2ddf2 <unknown>\nE       #17 0x55d917cfa74f <unknown>\nE       #18 0x55d917d52128 <unknown>\nE       #19 0x55d917d522fb <unknown>\nE       #20 0x55d917d61f6c <unknown>\nE       #21 0x7f0f07094ac3 <unknown>\n\n/opt/hostedtoolcache/Python/3.12.3/x64/lib/python3.12/site-packages/selenium/webdriver/remote/errorhandler.py:229: StaleElementReferenceException",
  "flaky" : false,
  "newFailed" : false,
  "beforeStages" : [ {
    "name" : "driver",
    "time" : {
      "start" : 1718246779139,
      "stop" : 1718246779337,
      "duration" : 198
    },
    "status" : "passed",
    "steps" : [ ],
    "attachments" : [ ],
    "parameters" : [ ],
    "stepsCount" : 0,
    "attachmentsCount" : 0,
    "shouldDisplayMessage" : false,
    "hasContent" : false
  }, {
    "name" : "auth_user",
    "time" : {
      "start" : 1718246779337,
      "stop" : 1718246784792,
      "duration" : 5455
    },
    "status" : "passed",
    "steps" : [ {
      "name" : "Проверка видимости кнопки 'Принимаю все' в сообщении о принятии файлов cookie",
      "time" : {
        "start" : 1718246782535,
        "stop" : 1718246782565,
        "duration" : 30
      },
      "status" : "passed",
      "steps" : [ ],
      "attachments" : [ ],
      "parameters" : [ ],
      "stepsCount" : 0,
      "attachmentsCount" : 0,
      "shouldDisplayMessage" : false,
      "hasContent" : false
    }, {
      "name" : "Нажать кнопку 'Войти'",
      "time" : {
        "start" : 1718246782725,
        "stop" : 1718246782773,
        "duration" : 48
      },
      "status" : "passed",
      "steps" : [ ],
      "attachments" : [ ],
      "parameters" : [ ],
      "stepsCount" : 0,
      "attachmentsCount" : 0,
      "shouldDisplayMessage" : false,
      "hasContent" : false
    }, {
      "name" : "Ждать обновление страницы",
      "time" : {
        "start" : 1718246782773,
        "stop" : 1718246784792,
        "duration" : 2019
      },
      "status" : "passed",
      "steps" : [ ],
      "attachments" : [ ],
      "parameters" : [ ],
      "stepsCount" : 0,
      "attachmentsCount" : 0,
      "shouldDisplayMessage" : false,
      "hasContent" : false
    } ],
    "attachments" : [ ],
    "parameters" : [ ],
    "stepsCount" : 3,
    "attachmentsCount" : 0,
    "shouldDisplayMessage" : false,
    "hasContent" : true
  }, {
    "name" : "_session_faker",
    "time" : {
      "start" : 1718245536350,
      "stop" : 1718245536367,
      "duration" : 17
    },
    "status" : "passed",
    "steps" : [ ],
    "attachments" : [ ],
    "parameters" : [ ],
    "stepsCount" : 0,
    "attachmentsCount" : 0,
    "shouldDisplayMessage" : false,
    "hasContent" : false
  }, {
    "name" : "clear_allure_results_folder",
    "time" : {
      "start" : 1718245536367,
      "stop" : 1718245536367,
      "duration" : 0
    },
    "status" : "passed",
    "steps" : [ ],
    "attachments" : [ ],
    "parameters" : [ ],
    "stepsCount" : 0,
    "attachmentsCount" : 0,
    "shouldDisplayMessage" : false,
    "hasContent" : false
  } ],
  "testStage" : {
    "status" : "broken",
    "statusMessage" : "selenium.common.exceptions.StaleElementReferenceException: Message: stale element reference: stale element not found in the current frame\n  (Session info: chrome-headless-shell=125.0.6422.141); For documentation on this error, please visit: https://www.selenium.dev/documentation/webdriver/troubleshooting/errors#stale-element-reference-exception\nStacktrace:\n#0 0x55d917d62e3a <unknown>\n#1 0x55d917a4c45c <unknown>\n#2 0x55d917a51b69 <unknown>\n#3 0x55d917a53915 <unknown>\n#4 0x55d917a5399c <unknown>\n#5 0x55d917a9e85e <unknown>\n#6 0x55d917a9dc36 <unknown>\n#7 0x55d917ae2f9c <unknown>\n#8 0x55d917abb4b2 <unknown>\n#9 0x55d917ada2cc <unknown>\n#10 0x55d917abb253 <unknown>\n#11 0x55d917a8b1c7 <unknown>\n#12 0x55d917a8bb3e <unknown>\n#13 0x55d917d2927b <unknown>\n#14 0x55d917d2d327 <unknown>\n#15 0x55d917d15dae <unknown>\n#16 0x55d917d2ddf2 <unknown>\n#17 0x55d917cfa74f <unknown>\n#18 0x55d917d52128 <unknown>\n#19 0x55d917d522fb <unknown>\n#20 0x55d917d61f6c <unknown>\n#21 0x7f0f07094ac3 <unknown>",
    "statusTrace" : "self = <tests.test_workspace_page.test_workspace_page.TestWorkspacePage object at 0x7fbe07fc6870>\nauth_user = <pages.login_page.LoginPage object at 0x7fbe07fdf7d0>\ndriver = <selenium.webdriver.chrome.webdriver.WebDriver (session=\"3468ff2c5b7279c4b839494020e7e680\")>\n\n    @allure.title(\"Проверка что авторизованный пользователь может выйти из аккаунта\")\n    @pytest.mark.regress\n    def test_auth_user_logout(self, auth_user, driver):\n        page = SignUpPage(driver)\n>       page.click_button_avatar()\n\ntests/test_workspace_page/test_workspace_page.py:50: \n_ _ _ _ _ _ _ _ _ _ _ _ _ _ _ _ _ _ _ _ _ _ _ _ _ _ _ _ _ _ _ _ _ _ _ _ _ _ _ _ \npages/signup_page.py:92: in click_button_avatar\n    self.action_move_to_element(element)\npages/base_page.py:76: in action_move_to_element\n    action.perform()\n/opt/hostedtoolcache/Python/3.12.3/x64/lib/python3.12/site-packages/selenium/webdriver/common/action_chains.py:94: in perform\n    self.w3c_actions.perform()\n/opt/hostedtoolcache/Python/3.12.3/x64/lib/python3.12/site-packages/selenium/webdriver/common/actions/action_builder.py:96: in perform\n    self.driver.execute(Command.W3C_ACTIONS, enc)\n/opt/hostedtoolcache/Python/3.12.3/x64/lib/python3.12/site-packages/selenium/webdriver/remote/webdriver.py:347: in execute\n    self.error_handler.check_response(response)\n_ _ _ _ _ _ _ _ _ _ _ _ _ _ _ _ _ _ _ _ _ _ _ _ _ _ _ _ _ _ _ _ _ _ _ _ _ _ _ _ \n\nself = <selenium.webdriver.remote.errorhandler.ErrorHandler object at 0x7fbe07fdc620>\nresponse = {'status': 404, 'value': '{\"value\":{\"error\":\"stale element reference\",\"message\":\"stale element reference: stale elemen...\\\\n#19 0x55d917d522fb \\\\u003Cunknown>\\\\n#20 0x55d917d61f6c \\\\u003Cunknown>\\\\n#21 0x7f0f07094ac3 \\\\u003Cunknown>\\\\n\"}}'}\n\n    def check_response(self, response: Dict[str, Any]) -> None:\n        \"\"\"Checks that a JSON response from the WebDriver does not have an\n        error.\n    \n        :Args:\n         - response - The JSON response from the WebDriver server as a dictionary\n           object.\n    \n        :Raises: If the response contains an error message.\n        \"\"\"\n        status = response.get(\"status\", None)\n        if not status or status == ErrorCode.SUCCESS:\n            return\n        value = None\n        message = response.get(\"message\", \"\")\n        screen: str = response.get(\"screen\", \"\")\n        stacktrace = None\n        if isinstance(status, int):\n            value_json = response.get(\"value\", None)\n            if value_json and isinstance(value_json, str):\n                import json\n    \n                try:\n                    value = json.loads(value_json)\n                    if len(value) == 1:\n                        value = value[\"value\"]\n                    status = value.get(\"error\", None)\n                    if not status:\n                        status = value.get(\"status\", ErrorCode.UNKNOWN_ERROR)\n                        message = value.get(\"value\") or value.get(\"message\")\n                        if not isinstance(message, str):\n                            value = message\n                            message = message.get(\"message\")\n                    else:\n                        message = value.get(\"message\", None)\n                except ValueError:\n                    pass\n    \n        exception_class: Type[WebDriverException]\n        e = ErrorCode()\n        error_codes = [item for item in dir(e) if not item.startswith(\"__\")]\n        for error_code in error_codes:\n            error_info = getattr(ErrorCode, error_code)\n            if isinstance(error_info, list) and status in error_info:\n                exception_class = getattr(ExceptionMapping, error_code, WebDriverException)\n                break\n        else:\n            exception_class = WebDriverException\n    \n        if not value:\n            value = response[\"value\"]\n        if isinstance(value, str):\n            raise exception_class(value)\n        if message == \"\" and \"message\" in value:\n            message = value[\"message\"]\n    \n        screen = None  # type: ignore[assignment]\n        if \"screen\" in value:\n            screen = value[\"screen\"]\n    \n        stacktrace = None\n        st_value = value.get(\"stackTrace\") or value.get(\"stacktrace\")\n        if st_value:\n            if isinstance(st_value, str):\n                stacktrace = st_value.split(\"\\n\")\n            else:\n                stacktrace = []\n                try:\n                    for frame in st_value:\n                        line = frame.get(\"lineNumber\", \"\")\n                        file = frame.get(\"fileName\", \"<anonymous>\")\n                        if line:\n                            file = f\"{file}:{line}\"\n                        meth = frame.get(\"methodName\", \"<anonymous>\")\n                        if \"className\" in frame:\n                            meth = f\"{frame['className']}.{meth}\"\n                        msg = \"    at %s (%s)\"\n                        msg = msg % (meth, file)\n                        stacktrace.append(msg)\n                except TypeError:\n                    pass\n        if exception_class == UnexpectedAlertPresentException:\n            alert_text = None\n            if \"data\" in value:\n                alert_text = value[\"data\"].get(\"text\")\n            elif \"alert\" in value:\n                alert_text = value[\"alert\"].get(\"text\")\n            raise exception_class(message, screen, stacktrace, alert_text)  # type: ignore[call-arg]  # mypy is not smart enough here\n>       raise exception_class(message, screen, stacktrace)\nE       selenium.common.exceptions.StaleElementReferenceException: Message: stale element reference: stale element not found in the current frame\nE         (Session info: chrome-headless-shell=125.0.6422.141); For documentation on this error, please visit: https://www.selenium.dev/documentation/webdriver/troubleshooting/errors#stale-element-reference-exception\nE       Stacktrace:\nE       #0 0x55d917d62e3a <unknown>\nE       #1 0x55d917a4c45c <unknown>\nE       #2 0x55d917a51b69 <unknown>\nE       #3 0x55d917a53915 <unknown>\nE       #4 0x55d917a5399c <unknown>\nE       #5 0x55d917a9e85e <unknown>\nE       #6 0x55d917a9dc36 <unknown>\nE       #7 0x55d917ae2f9c <unknown>\nE       #8 0x55d917abb4b2 <unknown>\nE       #9 0x55d917ada2cc <unknown>\nE       #10 0x55d917abb253 <unknown>\nE       #11 0x55d917a8b1c7 <unknown>\nE       #12 0x55d917a8bb3e <unknown>\nE       #13 0x55d917d2927b <unknown>\nE       #14 0x55d917d2d327 <unknown>\nE       #15 0x55d917d15dae <unknown>\nE       #16 0x55d917d2ddf2 <unknown>\nE       #17 0x55d917cfa74f <unknown>\nE       #18 0x55d917d52128 <unknown>\nE       #19 0x55d917d522fb <unknown>\nE       #20 0x55d917d61f6c <unknown>\nE       #21 0x7f0f07094ac3 <unknown>\n\n/opt/hostedtoolcache/Python/3.12.3/x64/lib/python3.12/site-packages/selenium/webdriver/remote/errorhandler.py:229: StaleElementReferenceException",
    "steps" : [ {
      "name" : "Нажать на иконку аватара",
      "time" : {
        "start" : 1718246784793,
        "stop" : 1718246784817,
        "duration" : 24
      },
      "status" : "broken",
      "statusMessage" : "selenium.common.exceptions.StaleElementReferenceException: Message: stale element reference: stale element not found in the current frame\n  (Session info: chrome-headless-shell=125.0.6422.141); For documentation on this error, please visit: https://www.selenium.dev/documentation/webdriver/troubleshooting/errors#stale-element-reference-exception\nStacktrace:\n#0 0x55d917d62e3a <unknown>\n#1 0x55d917a4c45c <unknown>\n#2 0x55d917a51b69 <unknown>\n#3 0x55d917a53915 <unknown>\n#4 0x55d917a5399c <unknown>\n#5 0x55d917a9e85e <unknown>\n#6 0x55d917a9dc36 <unknown>\n#7 0x55d917ae2f9c <unknown>\n#8 0x55d917abb4b2 <unknown>\n#9 0x55d917ada2cc <unknown>\n#10 0x55d917abb253 <unknown>\n#11 0x55d917a8b1c7 <unknown>\n#12 0x55d917a8bb3e <unknown>\n#13 0x55d917d2927b <unknown>\n#14 0x55d917d2d327 <unknown>\n#15 0x55d917d15dae <unknown>\n#16 0x55d917d2ddf2 <unknown>\n#17 0x55d917cfa74f <unknown>\n#18 0x55d917d52128 <unknown>\n#19 0x55d917d522fb <unknown>\n#20 0x55d917d61f6c <unknown>\n#21 0x7f0f07094ac3 <unknown>\n\n",
      "statusTrace" : "  File \"/opt/hostedtoolcache/Python/3.12.3/x64/lib/python3.12/site-packages/allure_commons/_allure.py\", line 192, in impl\n    return func(*a, **kw)\n           ^^^^^^^^^^^^^^\n  File \"/home/runner/work/PulseWave/PulseWave/pages/signup_page.py\", line 92, in click_button_avatar\n    self.action_move_to_element(element)\n  File \"/home/runner/work/PulseWave/PulseWave/pages/base_page.py\", line 76, in action_move_to_element\n    action.perform()\n  File \"/opt/hostedtoolcache/Python/3.12.3/x64/lib/python3.12/site-packages/selenium/webdriver/common/action_chains.py\", line 94, in perform\n    self.w3c_actions.perform()\n  File \"/opt/hostedtoolcache/Python/3.12.3/x64/lib/python3.12/site-packages/selenium/webdriver/common/actions/action_builder.py\", line 96, in perform\n    self.driver.execute(Command.W3C_ACTIONS, enc)\n  File \"/opt/hostedtoolcache/Python/3.12.3/x64/lib/python3.12/site-packages/selenium/webdriver/remote/webdriver.py\", line 347, in execute\n    self.error_handler.check_response(response)\n  File \"/opt/hostedtoolcache/Python/3.12.3/x64/lib/python3.12/site-packages/selenium/webdriver/remote/errorhandler.py\", line 229, in check_response\n    raise exception_class(message, screen, stacktrace)\n",
      "steps" : [ ],
      "attachments" : [ ],
      "parameters" : [ ],
      "stepsCount" : 0,
      "attachmentsCount" : 0,
      "shouldDisplayMessage" : true,
      "hasContent" : true
    } ],
    "attachments" : [ {
      "uid" : "340aead49b07a7aa",
      "name" : "Screenshot",
      "source" : "340aead49b07a7aa.png",
      "type" : "image/png",
      "size" : 49682
    }, {
      "uid" : "b71c40b9d9b6beae",
      "name" : "HTML source",
      "source" : "b71c40b9d9b6beae.html",
      "type" : "text/html",
      "size" : 72617
    } ],
    "parameters" : [ ],
    "stepsCount" : 1,
    "attachmentsCount" : 2,
    "shouldDisplayMessage" : true,
    "hasContent" : true
  },
  "afterStages" : [ {
    "name" : "driver::0",
    "time" : {
      "start" : 1718246785006,
      "stop" : 1718246785066,
      "duration" : 60
    },
    "status" : "passed",
    "steps" : [ ],
    "attachments" : [ ],
    "parameters" : [ ],
    "stepsCount" : 0,
    "attachmentsCount" : 0,
    "shouldDisplayMessage" : false,
    "hasContent" : false
  } ],
  "labels" : [ {
    "name" : "epic",
    "value" : "Тестирование страницы 'Рабочие пространства'"
  }, {
    "name" : "tag",
    "value" : "regress"
  }, {
    "name" : "parentSuite",
    "value" : "tests.test_workspace_page"
  }, {
    "name" : "suite",
    "value" : "test_workspace_page"
  }, {
    "name" : "subSuite",
    "value" : "TestWorkspacePage"
  }, {
    "name" : "host",
    "value" : "fv-az1247-769"
  }, {
    "name" : "thread",
    "value" : "2299-MainThread"
  }, {
    "name" : "framework",
    "value" : "pytest"
  }, {
    "name" : "language",
    "value" : "cpython3"
  }, {
    "name" : "package",
    "value" : "tests.test_workspace_page.test_workspace_page"
  }, {
    "name" : "resultFormat",
    "value" : "allure2"
  } ],
  "parameters" : [ {
    "name" : "browser",
    "value" : "'chrome'"
  } ],
  "links" : [ ],
  "hidden" : false,
  "retry" : false,
  "extra" : {
    "severity" : "normal",
    "retries" : [ ],
    "categories" : [ {
      "name" : "Test defects",
      "matchedStatuses" : [ ],
      "flaky" : false
    } ],
    "history" : {
      "statistic" : {
        "failed" : 0,
        "broken" : 11,
        "skipped" : 0,
        "passed" : 50,
        "unknown" : 0,
        "total" : 61
      },
      "items" : [ {
        "uid" : "c53e8fd2e1b93187",
        "reportUrl" : "https://Nat754.github.io/PulseWave/53//#testresult/c53e8fd2e1b93187",
        "status" : "passed",
        "time" : {
          "start" : 1718160451828,
          "stop" : 1718160452247,
          "duration" : 419
        }
      }, {
        "uid" : "f56ef4ae952c2809",
        "reportUrl" : "https://Nat754.github.io/PulseWave/52//#testresult/f56ef4ae952c2809",
        "status" : "passed",
        "time" : {
          "start" : 1718073810187,
          "stop" : 1718073810593,
          "duration" : 406
        }
      }, {
        "uid" : "c34c72f81e7dd7ba",
        "reportUrl" : "https://Nat754.github.io/PulseWave/51//#testresult/c34c72f81e7dd7ba",
        "status" : "passed",
        "time" : {
          "start" : 1717987431750,
          "stop" : 1717987432158,
          "duration" : 408
        }
      }, {
        "uid" : "109ff455daf53c24",
        "reportUrl" : "https://Nat754.github.io/PulseWave/50//#testresult/109ff455daf53c24",
        "status" : "broken",
        "statusDetails" : "selenium.common.exceptions.StaleElementReferenceException: Message: stale element reference: stale element not found in the current frame\n  (Session info: chrome-headless-shell=125.0.6422.141); For documentation on this error, please visit: https://www.selenium.dev/documentation/webdriver/troubleshooting/errors#stale-element-reference-exception\nStacktrace:\n#0 0x55c08ae91e3a <unknown>\n#1 0x55c08ab7b45c <unknown>\n#2 0x55c08ab80b69 <unknown>\n#3 0x55c08ab82bdc <unknown>\n#4 0x55c08ac0a289 <unknown>\n#5 0x55c08abea4b2 <unknown>\n#6 0x55c08ac092cc <unknown>\n#7 0x55c08abea253 <unknown>\n#8 0x55c08abba1c7 <unknown>\n#9 0x55c08abbab3e <unknown>\n#10 0x55c08ae5827b <unknown>\n#11 0x55c08ae5c327 <unknown>\n#12 0x55c08ae44dae <unknown>\n#13 0x55c08ae5cdf2 <unknown>\n#14 0x55c08ae2974f <unknown>\n#15 0x55c08ae81128 <unknown>\n#16 0x55c08ae812fb <unknown>\n#17 0x55c08ae90f6c <unknown>\n#18 0x7f7a1a694ac3 <unknown>",
        "time" : {
          "start" : 1717901369475,
          "stop" : 1717901369771,
          "duration" : 296
        }
      }, {
        "uid" : "4439ec1e4236cbc3",
        "reportUrl" : "https://Nat754.github.io/PulseWave/49//#testresult/4439ec1e4236cbc3",
        "status" : "passed",
        "time" : {
          "start" : 1717814477428,
          "stop" : 1717814477842,
          "duration" : 414
        }
      }, {
        "uid" : "a48913b626886dc9",
        "reportUrl" : "https://Nat754.github.io/PulseWave/48//#testresult/a48913b626886dc9",
        "status" : "passed",
        "time" : {
          "start" : 1717728351539,
          "stop" : 1717728351954,
          "duration" : 415
        }
      }, {
        "uid" : "4cd987b646ef7c78",
        "reportUrl" : "https://Nat754.github.io/PulseWave/47//#testresult/4cd987b646ef7c78",
        "status" : "passed",
        "time" : {
          "start" : 1717641824170,
          "stop" : 1717641824579,
          "duration" : 409
        }
      }, {
        "uid" : "da435a52d50ccf0c",
        "reportUrl" : "https://Nat754.github.io/PulseWave/46//#testresult/da435a52d50ccf0c",
        "status" : "passed",
        "time" : {
          "start" : 1717555212342,
          "stop" : 1717555212742,
          "duration" : 400
        }
      }, {
        "uid" : "1c0016bbaa0dc0ce",
        "reportUrl" : "https://Nat754.github.io/PulseWave/45//#testresult/1c0016bbaa0dc0ce",
        "status" : "passed",
        "time" : {
          "start" : 1717468860361,
          "stop" : 1717468860778,
          "duration" : 417
        }
      }, {
        "uid" : "45ccce4d34ac6481",
        "reportUrl" : "https://Nat754.github.io/PulseWave/44//#testresult/45ccce4d34ac6481",
        "status" : "passed",
        "time" : {
          "start" : 1717382762439,
          "stop" : 1717382762844,
          "duration" : 405
        }
      }, {
        "uid" : "da7197cec54730af",
        "reportUrl" : "https://Nat754.github.io/PulseWave/43//#testresult/da7197cec54730af",
        "status" : "passed",
        "time" : {
          "start" : 1717296210308,
          "stop" : 1717296210760,
          "duration" : 452
        }
      }, {
        "uid" : "f082c9ca1ac4b6ec",
        "reportUrl" : "https://Nat754.github.io/PulseWave/42//#testresult/f082c9ca1ac4b6ec",
        "status" : "passed",
        "time" : {
          "start" : 1717210007120,
          "stop" : 1717210007526,
          "duration" : 406
        }
      }, {
        "uid" : "2521c28d05b6a75c",
        "reportUrl" : "https://Nat754.github.io/PulseWave/41//#testresult/2521c28d05b6a75c",
        "status" : "broken",
        "statusDetails" : "selenium.common.exceptions.StaleElementReferenceException: Message: stale element reference: stale element not found in the current frame\n  (Session info: chrome-headless-shell=125.0.6422.112); For documentation on this error, please visit: https://www.selenium.dev/documentation/webdriver/troubleshooting/errors#stale-element-reference-exception\nStacktrace:\n#0 0x561543c56e8a <unknown>\n#1 0x56154394045c <unknown>\n#2 0x561543945b69 <unknown>\n#3 0x561543947915 <unknown>\n#4 0x56154394799c <unknown>\n#5 0x56154398e4f5 <unknown>\n#6 0x56154398d62e <unknown>\n#7 0x5615439810ff <unknown>\n#8 0x5615439af4b2 <unknown>\n#9 0x561543980a79 <unknown>\n#10 0x5615439af67e <unknown>\n#11 0x5615439ce2cc <unknown>\n#12 0x5615439af253 <unknown>\n#13 0x56154397f1c7 <unknown>\n#14 0x56154397fb3e <unknown>\n#15 0x561543c1d2cb <unknown>\n#16 0x561543c21377 <unknown>\n#17 0x561543c09dfe <unknown>\n#18 0x561543c21e42 <unknown>\n#19 0x561543bee79f <unknown>\n#20 0x561543c46178 <unknown>\n#21 0x561543c4634b <unknown>\n#22 0x561543c55fbc <unknown>\n#23 0x7f45bea94ac3 <unknown>",
        "time" : {
          "start" : 1717123448388,
          "stop" : 1717123448705,
          "duration" : 317
        }
      }, {
        "uid" : "ce6d17191d06fcc8",
        "reportUrl" : "https://Nat754.github.io/PulseWave/40//#testresult/ce6d17191d06fcc8",
        "status" : "passed",
        "time" : {
          "start" : 1717036785833,
          "stop" : 1717036786261,
          "duration" : 428
        }
      }, {
        "uid" : "32ba012cb1fa979b",
        "reportUrl" : "https://Nat754.github.io/PulseWave/39//#testresult/32ba012cb1fa979b",
        "status" : "passed",
        "time" : {
          "start" : 1716950438321,
          "stop" : 1716950438736,
          "duration" : 415
        }
      }, {
        "uid" : "1baef4f1762175ae",
        "reportUrl" : "https://Nat754.github.io/PulseWave/38//#testresult/1baef4f1762175ae",
        "status" : "passed",
        "time" : {
          "start" : 1716864055445,
          "stop" : 1716864055884,
          "duration" : 439
        }
      }, {
        "uid" : "170417730cd9f60e",
        "reportUrl" : "https://Nat754.github.io/PulseWave/37//#testresult/170417730cd9f60e",
        "status" : "passed",
        "time" : {
          "start" : 1716777683050,
          "stop" : 1716777683478,
          "duration" : 428
        }
      }, {
        "uid" : "b90b3fc91bddccf6",
        "reportUrl" : "https://Nat754.github.io/PulseWave/36//#testresult/b90b3fc91bddccf6",
        "status" : "passed",
        "time" : {
          "start" : 1716691551132,
          "stop" : 1716691551550,
          "duration" : 418
        }
      }, {
        "uid" : "f27dd358687857bc",
        "reportUrl" : "https://Nat754.github.io/PulseWave/34//#testresult/f27dd358687857bc",
        "status" : "broken",
        "statusDetails" : "selenium.common.exceptions.StaleElementReferenceException: Message: stale element reference: stale element not found in the current frame\n  (Session info: chrome-headless-shell=125.0.6422.60); For documentation on this error, please visit: https://www.selenium.dev/documentation/webdriver/troubleshooting/errors#stale-element-reference-exception\nStacktrace:\n#0 0x55b6a7f2deca <unknown>\n#1 0x55b6a7c1745c <unknown>\n#2 0x55b6a7c1cb69 <unknown>\n#3 0x55b6a7c1e915 <unknown>\n#4 0x55b6a7c1e99c <unknown>\n#5 0x55b6a7c6985e <unknown>\n#6 0x55b6a7c68c36 <unknown>\n#7 0x55b6a7cadf9c <unknown>\n#8 0x55b6a7c864b2 <unknown>\n#9 0x55b6a7ca52cc <unknown>\n#10 0x55b6a7c86253 <unknown>\n#11 0x55b6a7c561c7 <unknown>\n#12 0x55b6a7c56b3e <unknown>\n#13 0x55b6a7ef430b <unknown>\n#14 0x55b6a7ef83b7 <unknown>\n#15 0x55b6a7ee0e3e <unknown>\n#16 0x55b6a7ef8e82 <unknown>\n#17 0x55b6a7ec57df <unknown>\n#18 0x55b6a7f1d1b8 <unknown>\n#19 0x55b6a7f1d38b <unknown>\n#20 0x55b6a7f2cffc <unknown>\n#21 0x7fe2bc894ac3 <unknown>",
        "time" : {
          "start" : 1716639558096,
          "stop" : 1716639558124,
          "duration" : 28
        }
      }, {
        "uid" : "14508d9a9f47bfad",
        "reportUrl" : "https://Nat754.github.io/PulseWave/35//#testresult/14508d9a9f47bfad",
        "status" : "passed",
        "time" : {
          "start" : 1716604654048,
          "stop" : 1716604654454,
          "duration" : 406
        }
      } ]
    },
    "tags" : [ "regress" ]
  },
  "source" : "3fca969b176ea497.json",
  "parameterValues" : [ "'chrome'" ]
}