{
  "uid" : "b75f9deea62723cd",
  "name" : "Проверка размера элемента '2023' на Главной странице",
  "fullName" : "tests.test_main_page.TestMainPage#test_get_futer_cooperation_size",
  "historyId" : "67b7dba335e4125fe83fdf8a8b4edf86",
  "time" : {
    "start" : 1698868177005,
    "stop" : 1698868177078,
    "duration" : 73
  },
  "status" : "skipped",
  "statusMessage" : "XFAIL ОР шрифт 16, ФР шрифт 14\n\nAssertionError: Размер текста элемента '2023' не соответствует макету\nassert '14px' == '16px'\n  - 16px\n  ?  ^\n  + 14px\n  ?  ^",
  "statusTrace" : "self = <tests.test_main_page.TestMainPage object at 0x7f535595f1d0>\nmain_page_open = <pages.main_page.MainPage object at 0x7f5355aa9e50>\ndriver = <selenium.webdriver.chrome.webdriver.WebDriver (session=\"bb858c483e0ab65c5494150ed42376da\")>\n\n    @allure.title(f\"Проверка размера элемента '{YEAR_COOPERATION}' на Главной странице\")\n    @pytest.mark.xfail(reason=\"ОР шрифт 16, ФР шрифт 14\")\n    @pytest.mark.smoke\n    def test_get_futer_cooperation_size(self, main_page_open, driver):\n        element = main_page_open.get_futer_cooperation()\n        size = element.value_of_css_property(\"font-size\")\n>       assert size == TEXT_SIZE, f\"Размер текста элемента '{YEAR_COOPERATION}' не соответствует макету\"\nE       AssertionError: Размер текста элемента '2023' не соответствует макету\nE       assert '14px' == '16px'\nE         - 16px\nE         ?  ^\nE         + 14px\nE         ?  ^\n\ntests/test_main_page.py:331: AssertionError",
  "flaky" : false,
  "newFailed" : false,
  "beforeStages" : [ {
    "name" : "main_page_open",
    "time" : {
      "start" : 1698868176657,
      "stop" : 1698868177004,
      "duration" : 347
    },
    "status" : "passed",
    "steps" : [ {
      "name" : "Проверка видимости кнопки 'Принимаю все' в сообщении о принятии файлов cookie на Главной странице",
      "time" : {
        "start" : 1698868176887,
        "stop" : 1698868176956,
        "duration" : 69
      },
      "status" : "passed",
      "steps" : [ ],
      "attachments" : [ ],
      "parameters" : [ ],
      "stepsCount" : 0,
      "attachmentsCount" : 0,
      "shouldDisplayMessage" : false,
      "hasContent" : false
    } ],
    "attachments" : [ ],
    "parameters" : [ ],
    "stepsCount" : 1,
    "attachmentsCount" : 0,
    "shouldDisplayMessage" : false,
    "hasContent" : true
  }, {
    "name" : "_session_faker",
    "time" : {
      "start" : 1698868107015,
      "stop" : 1698868107098,
      "duration" : 83
    },
    "status" : "passed",
    "steps" : [ ],
    "attachments" : [ ],
    "parameters" : [ ],
    "stepsCount" : 0,
    "attachmentsCount" : 0,
    "shouldDisplayMessage" : false,
    "hasContent" : false
  }, {
    "name" : "clear_allure_results_folder",
    "time" : {
      "start" : 1698868107099,
      "stop" : 1698868107099,
      "duration" : 0
    },
    "status" : "passed",
    "steps" : [ ],
    "attachments" : [ ],
    "parameters" : [ ],
    "stepsCount" : 0,
    "attachmentsCount" : 0,
    "shouldDisplayMessage" : false,
    "hasContent" : false
  }, {
    "name" : "driver",
    "time" : {
      "start" : 1698868175868,
      "stop" : 1698868176657,
      "duration" : 789
    },
    "status" : "passed",
    "steps" : [ ],
    "attachments" : [ ],
    "parameters" : [ ],
    "stepsCount" : 0,
    "attachmentsCount" : 0,
    "shouldDisplayMessage" : false,
    "hasContent" : false
  } ],
  "testStage" : {
    "status" : "skipped",
    "statusMessage" : "XFAIL ОР шрифт 16, ФР шрифт 14\n\nAssertionError: Размер текста элемента '2023' не соответствует макету\nassert '14px' == '16px'\n  - 16px\n  ?  ^\n  + 14px\n  ?  ^",
    "statusTrace" : "self = <tests.test_main_page.TestMainPage object at 0x7f535595f1d0>\nmain_page_open = <pages.main_page.MainPage object at 0x7f5355aa9e50>\ndriver = <selenium.webdriver.chrome.webdriver.WebDriver (session=\"bb858c483e0ab65c5494150ed42376da\")>\n\n    @allure.title(f\"Проверка размера элемента '{YEAR_COOPERATION}' на Главной странице\")\n    @pytest.mark.xfail(reason=\"ОР шрифт 16, ФР шрифт 14\")\n    @pytest.mark.smoke\n    def test_get_futer_cooperation_size(self, main_page_open, driver):\n        element = main_page_open.get_futer_cooperation()\n        size = element.value_of_css_property(\"font-size\")\n>       assert size == TEXT_SIZE, f\"Размер текста элемента '{YEAR_COOPERATION}' не соответствует макету\"\nE       AssertionError: Размер текста элемента '2023' не соответствует макету\nE       assert '14px' == '16px'\nE         - 16px\nE         ?  ^\nE         + 14px\nE         ?  ^\n\ntests/test_main_page.py:331: AssertionError",
    "steps" : [ {
      "name" : "Проверка видимости надписи '© PulseWave, 2023' в футере",
      "time" : {
        "start" : 1698868177005,
        "stop" : 1698868177066,
        "duration" : 61
      },
      "status" : "passed",
      "steps" : [ ],
      "attachments" : [ ],
      "parameters" : [ ],
      "stepsCount" : 0,
      "attachmentsCount" : 0,
      "shouldDisplayMessage" : false,
      "hasContent" : false
    } ],
    "attachments" : [ {
      "name" : "Screenshot",
      "type" : "image/png",
      "size" : 0
    } ],
    "parameters" : [ ],
    "stepsCount" : 1,
    "attachmentsCount" : 1,
    "shouldDisplayMessage" : true,
    "hasContent" : true
  },
  "afterStages" : [ {
    "name" : "driver::0",
    "time" : {
      "start" : 1698868177170,
      "stop" : 1698868177227,
      "duration" : 57
    },
    "status" : "passed",
    "steps" : [ ],
    "attachments" : [ ],
    "parameters" : [ ],
    "stepsCount" : 0,
    "attachmentsCount" : 0,
    "shouldDisplayMessage" : false,
    "hasContent" : false
  } ],
  "labels" : [ {
    "name" : "epic",
    "value" : "Тестирование Главной страницы"
  }, {
    "name" : "tag",
    "value" : "smoke"
  }, {
    "name" : "tag",
    "value" : "@pytest.mark.xfail(reason='ОР шрифт 16, ФР шрифт 14')"
  }, {
    "name" : "parentSuite",
    "value" : "tests"
  }, {
    "name" : "suite",
    "value" : "test_main_page"
  }, {
    "name" : "subSuite",
    "value" : "TestMainPage"
  }, {
    "name" : "host",
    "value" : "fv-az1131-744"
  }, {
    "name" : "thread",
    "value" : "2211-MainThread"
  }, {
    "name" : "framework",
    "value" : "pytest"
  }, {
    "name" : "language",
    "value" : "cpython3"
  }, {
    "name" : "package",
    "value" : "tests.test_main_page"
  }, {
    "name" : "resultFormat",
    "value" : "allure2"
  } ],
  "parameters" : [ ],
  "links" : [ ],
  "hidden" : false,
  "retry" : false,
  "extra" : {
    "severity" : "normal",
    "retries" : [ ],
    "categories" : [ ],
    "history" : {
      "statistic" : {
        "failed" : 0,
        "broken" : 0,
        "skipped" : 2,
        "passed" : 0,
        "unknown" : 0,
        "total" : 2
      },
      "items" : [ {
        "uid" : "e442d17f01c91ab5",
        "reportUrl" : "https://Nat754.github.io/PulseWave/53//#testresult/e442d17f01c91ab5",
        "status" : "skipped",
        "statusDetails" : "XFAIL ОР шрифт 16, ФР шрифт 14\n\nAssertionError: Размер не соответствует\nassert '14px' == '16px'\n  - 16px\n  ?  ^\n  + 14px\n  ?  ^",
        "time" : {
          "start" : 1698858250700,
          "stop" : 1698858250759,
          "duration" : 59
        }
      } ]
    },
    "tags" : [ "@pytest.mark.xfail(reason='ОР шрифт 16, ФР шрифт 14')", "smoke" ]
  },
  "source" : "b75f9deea62723cd.json",
  "parameterValues" : [ ]
}