{
  "uid" : "4c7b12522ae34db9",
  "name" : "1.3, 1.3.1, 1.15 Регистрация с корректными email и паролем и с согласием на подписку",
  "fullName" : "tests.test_signup_page.test_signup_page.TestSignupPage#test_signup_with_correct_data_and_agree",
  "historyId" : "3f1a9a03cb3169fb36bf4b166c8deeee",
  "time" : {
    "start" : 1715394741024,
    "stop" : 1715394761800,
    "duration" : 20776
  },
  "status" : "skipped",
  "statusMessage" : "XFAIL\n\nselenium.common.exceptions.TimeoutException: Message: \nStacktrace:\n#0 0x559d11a75e33 <unknown>\n#1 0x559d11765567 <unknown>\n#2 0x559d117b027d <unknown>\n#3 0x559d117b0331 <unknown>\n#4 0x559d117f3624 <unknown>\n#5 0x559d117d238d <unknown>\n#6 0x559d117f0ae2 <unknown>\n#7 0x559d117d2103 <unknown>\n#8 0x559d117a31ba <unknown>\n#9 0x559d117a3b8e <unknown>\n#10 0x559d11a3a59b <unknown>\n#11 0x559d11a3e34b <unknown>\n#12 0x559d11a26681 <unknown>\n#13 0x559d11a3eeb2 <unknown>\n#14 0x559d11a0b6af <unknown>\n#15 0x559d11a65428 <unknown>\n#16 0x559d11a65600 <unknown>\n#17 0x559d11a74f84 <unknown>\n#18 0x7fe5f7894ac3 <unknown>",
  "statusTrace" : "self = <tests.test_signup_page.test_signup_page.TestSignupPage object at 0x7f7778d1d1c0>\nsignup_page_open = <pages.signup_page.SignUpPage object at 0x7f7778d5e5a0>\ndriver = <selenium.webdriver.chrome.webdriver.WebDriver (session=\"4f1ae7294c12d38a9a89b2adb7965fee\")>\n\n    @pytest.mark.xfail\n    @allure.title(\"1.3, 1.3.1, 1.15 Регистрация с корректными email и паролем и с согласием на подписку\")\n    @pytest.mark.smoke\n    def test_signup_with_correct_data_and_agree(self, signup_page_open, driver):\n        with allure.step('Заполнить поле email корректными данными'):\n            signup_page_open.put_data_to_email_field(email1)\n        with allure.step('Заполнить поле пароль сильным паролем'):\n            signup_page_open.put_data_to_password_field(password0)\n        with allure.step('Заполнить поле подтверждение пароля сильным паролем'):\n            signup_page_open.put_data_to_confirm_password_field(password0)\n        signup_page_open.check_pulsewave_policy_message().click()\n        signup_page_open.click_button_submit()\n>       element = signup_page_open.get_send_invite_message()\n\ntests/test_signup_page/test_signup_page.py:30: \n_ _ _ _ _ _ _ _ _ _ _ _ _ _ _ _ _ _ _ _ _ _ _ _ _ _ _ _ _ _ _ _ _ _ _ _ _ _ _ _ \npages/signup_page.py:87: in get_send_invite_message\n    return self.element_is_visible(self.locator.SEND_INVITE_EMAIL)\npages/base_page.py:19: in element_is_visible\n    self.go_to_element(self.element_is_present(locator))\npages/base_page.py:35: in element_is_present\n    return Wait(self.driver, self.timeout).until(es.presence_of_element_located(locator))\n_ _ _ _ _ _ _ _ _ _ _ _ _ _ _ _ _ _ _ _ _ _ _ _ _ _ _ _ _ _ _ _ _ _ _ _ _ _ _ _ \n\nself = <selenium.webdriver.support.wait.WebDriverWait (session=\"4f1ae7294c12d38a9a89b2adb7965fee\")>\nmethod = <function presence_of_element_located.<locals>._predicate at 0x7f7778f03600>\nmessage = ''\n\n    def until(self, method: Callable[[D], Union[Literal[False], T]], message: str = \"\") -> T:\n        \"\"\"Calls the method provided with the driver as an argument until the \\\n        return value does not evaluate to ``False``.\n    \n        :param method: callable(WebDriver)\n        :param message: optional message for :exc:`TimeoutException`\n        :returns: the result of the last call to `method`\n        :raises: :exc:`selenium.common.exceptions.TimeoutException` if timeout occurs\n        \"\"\"\n        screen = None\n        stacktrace = None\n    \n        end_time = time.monotonic() + self._timeout\n        while True:\n            try:\n                value = method(self._driver)\n                if value:\n                    return value\n            except self._ignored_exceptions as exc:\n                screen = getattr(exc, \"screen\", None)\n                stacktrace = getattr(exc, \"stacktrace\", None)\n            time.sleep(self._poll)\n            if time.monotonic() > end_time:\n                break\n>       raise TimeoutException(message, screen, stacktrace)\nE       selenium.common.exceptions.TimeoutException: Message: \nE       Stacktrace:\nE       #0 0x559d11a75e33 <unknown>\nE       #1 0x559d11765567 <unknown>\nE       #2 0x559d117b027d <unknown>\nE       #3 0x559d117b0331 <unknown>\nE       #4 0x559d117f3624 <unknown>\nE       #5 0x559d117d238d <unknown>\nE       #6 0x559d117f0ae2 <unknown>\nE       #7 0x559d117d2103 <unknown>\nE       #8 0x559d117a31ba <unknown>\nE       #9 0x559d117a3b8e <unknown>\nE       #10 0x559d11a3a59b <unknown>\nE       #11 0x559d11a3e34b <unknown>\nE       #12 0x559d11a26681 <unknown>\nE       #13 0x559d11a3eeb2 <unknown>\nE       #14 0x559d11a0b6af <unknown>\nE       #15 0x559d11a65428 <unknown>\nE       #16 0x559d11a65600 <unknown>\nE       #17 0x559d11a74f84 <unknown>\nE       #18 0x7fe5f7894ac3 <unknown>\n\n/opt/hostedtoolcache/Python/3.12.3/x64/lib/python3.12/site-packages/selenium/webdriver/support/wait.py:105: TimeoutException",
  "flaky" : false,
  "newFailed" : false,
  "beforeStages" : [ {
    "name" : "_session_faker",
    "time" : {
      "start" : 1715393894589,
      "stop" : 1715393894606,
      "duration" : 17
    },
    "status" : "passed",
    "steps" : [ ],
    "attachments" : [ ],
    "parameters" : [ ],
    "stepsCount" : 0,
    "attachmentsCount" : 0,
    "shouldDisplayMessage" : false,
    "hasContent" : false
  }, {
    "name" : "clear_allure_results_folder",
    "time" : {
      "start" : 1715393894606,
      "stop" : 1715393894606,
      "duration" : 0
    },
    "status" : "passed",
    "steps" : [ ],
    "attachments" : [ ],
    "parameters" : [ ],
    "stepsCount" : 0,
    "attachmentsCount" : 0,
    "shouldDisplayMessage" : false,
    "hasContent" : false
  }, {
    "name" : "signup_page_open",
    "time" : {
      "start" : 1715394738275,
      "stop" : 1715394741024,
      "duration" : 2749
    },
    "status" : "passed",
    "steps" : [ {
      "name" : "Проверка видимости кнопки 'Принимаю все' в сообщении о принятии файлов cookie",
      "time" : {
        "start" : 1715394740966,
        "stop" : 1715394740995,
        "duration" : 29
      },
      "status" : "passed",
      "steps" : [ ],
      "attachments" : [ ],
      "parameters" : [ ],
      "stepsCount" : 0,
      "attachmentsCount" : 0,
      "shouldDisplayMessage" : false,
      "hasContent" : false
    } ],
    "attachments" : [ ],
    "parameters" : [ ],
    "stepsCount" : 1,
    "attachmentsCount" : 0,
    "shouldDisplayMessage" : false,
    "hasContent" : true
  }, {
    "name" : "driver",
    "time" : {
      "start" : 1715394738078,
      "stop" : 1715394738274,
      "duration" : 196
    },
    "status" : "passed",
    "steps" : [ ],
    "attachments" : [ ],
    "parameters" : [ ],
    "stepsCount" : 0,
    "attachmentsCount" : 0,
    "shouldDisplayMessage" : false,
    "hasContent" : false
  } ],
  "testStage" : {
    "status" : "skipped",
    "statusMessage" : "XFAIL\n\nselenium.common.exceptions.TimeoutException: Message: \nStacktrace:\n#0 0x559d11a75e33 <unknown>\n#1 0x559d11765567 <unknown>\n#2 0x559d117b027d <unknown>\n#3 0x559d117b0331 <unknown>\n#4 0x559d117f3624 <unknown>\n#5 0x559d117d238d <unknown>\n#6 0x559d117f0ae2 <unknown>\n#7 0x559d117d2103 <unknown>\n#8 0x559d117a31ba <unknown>\n#9 0x559d117a3b8e <unknown>\n#10 0x559d11a3a59b <unknown>\n#11 0x559d11a3e34b <unknown>\n#12 0x559d11a26681 <unknown>\n#13 0x559d11a3eeb2 <unknown>\n#14 0x559d11a0b6af <unknown>\n#15 0x559d11a65428 <unknown>\n#16 0x559d11a65600 <unknown>\n#17 0x559d11a74f84 <unknown>\n#18 0x7fe5f7894ac3 <unknown>",
    "statusTrace" : "self = <tests.test_signup_page.test_signup_page.TestSignupPage object at 0x7f7778d1d1c0>\nsignup_page_open = <pages.signup_page.SignUpPage object at 0x7f7778d5e5a0>\ndriver = <selenium.webdriver.chrome.webdriver.WebDriver (session=\"4f1ae7294c12d38a9a89b2adb7965fee\")>\n\n    @pytest.mark.xfail\n    @allure.title(\"1.3, 1.3.1, 1.15 Регистрация с корректными email и паролем и с согласием на подписку\")\n    @pytest.mark.smoke\n    def test_signup_with_correct_data_and_agree(self, signup_page_open, driver):\n        with allure.step('Заполнить поле email корректными данными'):\n            signup_page_open.put_data_to_email_field(email1)\n        with allure.step('Заполнить поле пароль сильным паролем'):\n            signup_page_open.put_data_to_password_field(password0)\n        with allure.step('Заполнить поле подтверждение пароля сильным паролем'):\n            signup_page_open.put_data_to_confirm_password_field(password0)\n        signup_page_open.check_pulsewave_policy_message().click()\n        signup_page_open.click_button_submit()\n>       element = signup_page_open.get_send_invite_message()\n\ntests/test_signup_page/test_signup_page.py:30: \n_ _ _ _ _ _ _ _ _ _ _ _ _ _ _ _ _ _ _ _ _ _ _ _ _ _ _ _ _ _ _ _ _ _ _ _ _ _ _ _ \npages/signup_page.py:87: in get_send_invite_message\n    return self.element_is_visible(self.locator.SEND_INVITE_EMAIL)\npages/base_page.py:19: in element_is_visible\n    self.go_to_element(self.element_is_present(locator))\npages/base_page.py:35: in element_is_present\n    return Wait(self.driver, self.timeout).until(es.presence_of_element_located(locator))\n_ _ _ _ _ _ _ _ _ _ _ _ _ _ _ _ _ _ _ _ _ _ _ _ _ _ _ _ _ _ _ _ _ _ _ _ _ _ _ _ \n\nself = <selenium.webdriver.support.wait.WebDriverWait (session=\"4f1ae7294c12d38a9a89b2adb7965fee\")>\nmethod = <function presence_of_element_located.<locals>._predicate at 0x7f7778f03600>\nmessage = ''\n\n    def until(self, method: Callable[[D], Union[Literal[False], T]], message: str = \"\") -> T:\n        \"\"\"Calls the method provided with the driver as an argument until the \\\n        return value does not evaluate to ``False``.\n    \n        :param method: callable(WebDriver)\n        :param message: optional message for :exc:`TimeoutException`\n        :returns: the result of the last call to `method`\n        :raises: :exc:`selenium.common.exceptions.TimeoutException` if timeout occurs\n        \"\"\"\n        screen = None\n        stacktrace = None\n    \n        end_time = time.monotonic() + self._timeout\n        while True:\n            try:\n                value = method(self._driver)\n                if value:\n                    return value\n            except self._ignored_exceptions as exc:\n                screen = getattr(exc, \"screen\", None)\n                stacktrace = getattr(exc, \"stacktrace\", None)\n            time.sleep(self._poll)\n            if time.monotonic() > end_time:\n                break\n>       raise TimeoutException(message, screen, stacktrace)\nE       selenium.common.exceptions.TimeoutException: Message: \nE       Stacktrace:\nE       #0 0x559d11a75e33 <unknown>\nE       #1 0x559d11765567 <unknown>\nE       #2 0x559d117b027d <unknown>\nE       #3 0x559d117b0331 <unknown>\nE       #4 0x559d117f3624 <unknown>\nE       #5 0x559d117d238d <unknown>\nE       #6 0x559d117f0ae2 <unknown>\nE       #7 0x559d117d2103 <unknown>\nE       #8 0x559d117a31ba <unknown>\nE       #9 0x559d117a3b8e <unknown>\nE       #10 0x559d11a3a59b <unknown>\nE       #11 0x559d11a3e34b <unknown>\nE       #12 0x559d11a26681 <unknown>\nE       #13 0x559d11a3eeb2 <unknown>\nE       #14 0x559d11a0b6af <unknown>\nE       #15 0x559d11a65428 <unknown>\nE       #16 0x559d11a65600 <unknown>\nE       #17 0x559d11a74f84 <unknown>\nE       #18 0x7fe5f7894ac3 <unknown>\n\n/opt/hostedtoolcache/Python/3.12.3/x64/lib/python3.12/site-packages/selenium/webdriver/support/wait.py:105: TimeoutException",
    "steps" : [ {
      "name" : "Заполнить поле email корректными данными",
      "time" : {
        "start" : 1715394741024,
        "stop" : 1715394741100,
        "duration" : 76
      },
      "status" : "passed",
      "steps" : [ ],
      "attachments" : [ ],
      "parameters" : [ ],
      "stepsCount" : 0,
      "attachmentsCount" : 0,
      "shouldDisplayMessage" : false,
      "hasContent" : false
    }, {
      "name" : "Заполнить поле пароль сильным паролем",
      "time" : {
        "start" : 1715394741100,
        "stop" : 1715394741154,
        "duration" : 54
      },
      "status" : "passed",
      "steps" : [ ],
      "attachments" : [ ],
      "parameters" : [ ],
      "stepsCount" : 0,
      "attachmentsCount" : 0,
      "shouldDisplayMessage" : false,
      "hasContent" : false
    }, {
      "name" : "Заполнить поле подтверждение пароля сильным паролем",
      "time" : {
        "start" : 1715394741154,
        "stop" : 1715394741208,
        "duration" : 54
      },
      "status" : "passed",
      "steps" : [ ],
      "attachments" : [ ],
      "parameters" : [ ],
      "stepsCount" : 0,
      "attachmentsCount" : 0,
      "shouldDisplayMessage" : false,
      "hasContent" : false
    }, {
      "name" : "Видимость сообщения: 'Я согласен получать новости и обновления PulseWave'",
      "time" : {
        "start" : 1715394741208,
        "stop" : 1715394741232,
        "duration" : 24
      },
      "status" : "passed",
      "steps" : [ ],
      "attachments" : [ ],
      "parameters" : [ ],
      "stepsCount" : 0,
      "attachmentsCount" : 0,
      "shouldDisplayMessage" : false,
      "hasContent" : false
    }, {
      "name" : "Подтвердить изменения'",
      "time" : {
        "start" : 1715394741287,
        "stop" : 1715394741336,
        "duration" : 49
      },
      "status" : "passed",
      "steps" : [ ],
      "attachments" : [ ],
      "parameters" : [ ],
      "stepsCount" : 0,
      "attachmentsCount" : 0,
      "shouldDisplayMessage" : false,
      "hasContent" : false
    }, {
      "name" : "Получено сообщения о подтверждении регистрации",
      "time" : {
        "start" : 1715394741336,
        "stop" : 1715394761800,
        "duration" : 20464
      },
      "status" : "broken",
      "statusMessage" : "selenium.common.exceptions.TimeoutException: Message: \nStacktrace:\n#0 0x559d11a75e33 <unknown>\n#1 0x559d11765567 <unknown>\n#2 0x559d117b027d <unknown>\n#3 0x559d117b0331 <unknown>\n#4 0x559d117f3624 <unknown>\n#5 0x559d117d238d <unknown>\n#6 0x559d117f0ae2 <unknown>\n#7 0x559d117d2103 <unknown>\n#8 0x559d117a31ba <unknown>\n#9 0x559d117a3b8e <unknown>\n#10 0x559d11a3a59b <unknown>\n#11 0x559d11a3e34b <unknown>\n#12 0x559d11a26681 <unknown>\n#13 0x559d11a3eeb2 <unknown>\n#14 0x559d11a0b6af <unknown>\n#15 0x559d11a65428 <unknown>\n#16 0x559d11a65600 <unknown>\n#17 0x559d11a74f84 <unknown>\n#18 0x7fe5f7894ac3 <unknown>\n\n",
      "statusTrace" : "  File \"/opt/hostedtoolcache/Python/3.12.3/x64/lib/python3.12/site-packages/allure_commons/_allure.py\", line 192, in impl\n    return func(*a, **kw)\n           ^^^^^^^^^^^^^^\n  File \"/home/runner/work/PulseWave/PulseWave/pages/signup_page.py\", line 87, in get_send_invite_message\n    return self.element_is_visible(self.locator.SEND_INVITE_EMAIL)\n           ^^^^^^^^^^^^^^^^^^^^^^^^^^^^^^^^^^^^^^^^^^^^^^^^^^^^^^^\n  File \"/home/runner/work/PulseWave/PulseWave/pages/base_page.py\", line 19, in element_is_visible\n    self.go_to_element(self.element_is_present(locator))\n                       ^^^^^^^^^^^^^^^^^^^^^^^^^^^^^^^^\n  File \"/home/runner/work/PulseWave/PulseWave/pages/base_page.py\", line 35, in element_is_present\n    return Wait(self.driver, self.timeout).until(es.presence_of_element_located(locator))\n           ^^^^^^^^^^^^^^^^^^^^^^^^^^^^^^^^^^^^^^^^^^^^^^^^^^^^^^^^^^^^^^^^^^^^^^^^^^^^^^\n  File \"/opt/hostedtoolcache/Python/3.12.3/x64/lib/python3.12/site-packages/selenium/webdriver/support/wait.py\", line 105, in until\n    raise TimeoutException(message, screen, stacktrace)\n",
      "steps" : [ ],
      "attachments" : [ ],
      "parameters" : [ ],
      "stepsCount" : 0,
      "attachmentsCount" : 0,
      "shouldDisplayMessage" : true,
      "hasContent" : true
    } ],
    "attachments" : [ {
      "uid" : "94ebb9d04dc707fc",
      "name" : "Screenshot",
      "source" : "94ebb9d04dc707fc.png",
      "type" : "image/png",
      "size" : 103030
    }, {
      "uid" : "d298fe71a99687d",
      "name" : "HTML source",
      "source" : "d298fe71a99687d.html",
      "type" : "text/html",
      "size" : 100622
    } ],
    "parameters" : [ ],
    "stepsCount" : 6,
    "attachmentsCount" : 2,
    "shouldDisplayMessage" : true,
    "hasContent" : true
  },
  "afterStages" : [ {
    "name" : "driver::0",
    "time" : {
      "start" : 1715394761966,
      "stop" : 1715394762027,
      "duration" : 61
    },
    "status" : "passed",
    "steps" : [ ],
    "attachments" : [ ],
    "parameters" : [ ],
    "stepsCount" : 0,
    "attachmentsCount" : 0,
    "shouldDisplayMessage" : false,
    "hasContent" : false
  } ],
  "labels" : [ {
    "name" : "epic",
    "value" : "Тестирование страницы 'Регистрация'"
  }, {
    "name" : "tag",
    "value" : "smoke"
  }, {
    "name" : "tag",
    "value" : "@pytest.mark.xfail"
  }, {
    "name" : "parentSuite",
    "value" : "tests.test_signup_page"
  }, {
    "name" : "suite",
    "value" : "test_signup_page"
  }, {
    "name" : "subSuite",
    "value" : "TestSignupPage"
  }, {
    "name" : "host",
    "value" : "fv-az770-937"
  }, {
    "name" : "thread",
    "value" : "2307-MainThread"
  }, {
    "name" : "framework",
    "value" : "pytest"
  }, {
    "name" : "language",
    "value" : "cpython3"
  }, {
    "name" : "package",
    "value" : "tests.test_signup_page.test_signup_page"
  }, {
    "name" : "resultFormat",
    "value" : "allure2"
  } ],
  "parameters" : [ {
    "name" : "browser",
    "value" : "'chrome'"
  } ],
  "links" : [ ],
  "hidden" : false,
  "retry" : false,
  "extra" : {
    "severity" : "normal",
    "retries" : [ ],
    "categories" : [ ],
    "history" : {
      "statistic" : {
        "failed" : 0,
        "broken" : 0,
        "skipped" : 26,
        "passed" : 0,
        "unknown" : 0,
        "total" : 26
      },
      "items" : [ {
        "uid" : "771753c8dd4a470f",
        "reportUrl" : "https://Nat754.github.io/PulseWave/20//#testresult/771753c8dd4a470f",
        "status" : "skipped",
        "statusDetails" : "XFAIL\n\nselenium.common.exceptions.TimeoutException: Message: \nStacktrace:\n#0 0x564e87004e33 <unknown>\n#1 0x564e86cf4567 <unknown>\n#2 0x564e86d3f27d <unknown>\n#3 0x564e86d3f331 <unknown>\n#4 0x564e86d82624 <unknown>\n#5 0x564e86d6138d <unknown>\n#6 0x564e86d7fae2 <unknown>\n#7 0x564e86d61103 <unknown>\n#8 0x564e86d321ba <unknown>\n#9 0x564e86d32b8e <unknown>\n#10 0x564e86fc959b <unknown>\n#11 0x564e86fcd34b <unknown>\n#12 0x564e86fb5681 <unknown>\n#13 0x564e86fcdeb2 <unknown>\n#14 0x564e86f9a6af <unknown>\n#15 0x564e86ff4428 <unknown>\n#16 0x564e86ff4600 <unknown>\n#17 0x564e87003f84 <unknown>\n#18 0x7efc9f494ac3 <unknown>",
        "time" : {
          "start" : 1715308954619,
          "stop" : 1715308990929,
          "duration" : 36310
        }
      }, {
        "uid" : "17d614da8a58e70d",
        "reportUrl" : "https://Nat754.github.io/PulseWave/19//#testresult/17d614da8a58e70d",
        "status" : "skipped",
        "statusDetails" : "XFAIL\n\nselenium.common.exceptions.TimeoutException: Message: \nStacktrace:\n#0 0x5589699eee33 <unknown>\n#1 0x5589696de567 <unknown>\n#2 0x55896972927d <unknown>\n#3 0x558969729331 <unknown>\n#4 0x55896976c624 <unknown>\n#5 0x55896974b38d <unknown>\n#6 0x558969769ae2 <unknown>\n#7 0x55896974b103 <unknown>\n#8 0x55896971c1ba <unknown>\n#9 0x55896971cb8e <unknown>\n#10 0x5589699b359b <unknown>\n#11 0x5589699b734b <unknown>\n#12 0x55896999f681 <unknown>\n#13 0x5589699b7eb2 <unknown>\n#14 0x5589699846af <unknown>\n#15 0x5589699de428 <unknown>\n#16 0x5589699de600 <unknown>\n#17 0x5589699edf84 <unknown>\n#18 0x7f5ddbc94ac3 <unknown>",
        "time" : {
          "start" : 1715222268853,
          "stop" : 1715222289653,
          "duration" : 20800
        }
      }, {
        "uid" : "a0eca1323b3deb13",
        "reportUrl" : "https://Nat754.github.io/PulseWave/18//#testresult/a0eca1323b3deb13",
        "status" : "skipped",
        "statusDetails" : "XFAIL\n\nselenium.common.exceptions.TimeoutException: Message: \nStacktrace:\n#0 0x55a923649e33 <unknown>\n#1 0x55a923339567 <unknown>\n#2 0x55a92338427d <unknown>\n#3 0x55a923384331 <unknown>\n#4 0x55a9233c7624 <unknown>\n#5 0x55a9233a638d <unknown>\n#6 0x55a9233c4ae2 <unknown>\n#7 0x55a9233a6103 <unknown>\n#8 0x55a9233771ba <unknown>\n#9 0x55a923377b8e <unknown>\n#10 0x55a92360e59b <unknown>\n#11 0x55a92361234b <unknown>\n#12 0x55a9235fa681 <unknown>\n#13 0x55a923612eb2 <unknown>\n#14 0x55a9235df6af <unknown>\n#15 0x55a923639428 <unknown>\n#16 0x55a923639600 <unknown>\n#17 0x55a923648f84 <unknown>\n#18 0x7f8b77e94ac3 <unknown>",
        "time" : {
          "start" : 1715134871635,
          "stop" : 1715134892402,
          "duration" : 20767
        }
      }, {
        "uid" : "f269591aa745e6e1",
        "reportUrl" : "https://Nat754.github.io/PulseWave/17//#testresult/f269591aa745e6e1",
        "status" : "skipped",
        "statusDetails" : "XFAIL\n\nselenium.common.exceptions.TimeoutException: Message: \nStacktrace:\n#0 0x5633c4b70e33 <unknown>\n#1 0x5633c4860567 <unknown>\n#2 0x5633c48ab27d <unknown>\n#3 0x5633c48ab331 <unknown>\n#4 0x5633c48ee624 <unknown>\n#5 0x5633c48cd38d <unknown>\n#6 0x5633c48ebae2 <unknown>\n#7 0x5633c48cd103 <unknown>\n#8 0x5633c489e1ba <unknown>\n#9 0x5633c489eb8e <unknown>\n#10 0x5633c4b3559b <unknown>\n#11 0x5633c4b3934b <unknown>\n#12 0x5633c4b21681 <unknown>\n#13 0x5633c4b39eb2 <unknown>\n#14 0x5633c4b066af <unknown>\n#15 0x5633c4b60428 <unknown>\n#16 0x5633c4b60600 <unknown>\n#17 0x5633c4b6ff84 <unknown>\n#18 0x7f4bc8894ac3 <unknown>",
        "time" : {
          "start" : 1715049543766,
          "stop" : 1715049564577,
          "duration" : 20811
        }
      }, {
        "uid" : "8c8c993d0dcadbbf",
        "reportUrl" : "https://Nat754.github.io/PulseWave/16//#testresult/8c8c993d0dcadbbf",
        "status" : "skipped",
        "statusDetails" : "XFAIL\n\nselenium.common.exceptions.TimeoutException: Message: \nStacktrace:\n#0 0x564f45c39e33 <unknown>\n#1 0x564f45929567 <unknown>\n#2 0x564f4597427d <unknown>\n#3 0x564f45974331 <unknown>\n#4 0x564f459b7624 <unknown>\n#5 0x564f4599638d <unknown>\n#6 0x564f459b4ae2 <unknown>\n#7 0x564f45996103 <unknown>\n#8 0x564f459671ba <unknown>\n#9 0x564f45967b8e <unknown>\n#10 0x564f45bfe59b <unknown>\n#11 0x564f45c0234b <unknown>\n#12 0x564f45bea681 <unknown>\n#13 0x564f45c02eb2 <unknown>\n#14 0x564f45bcf6af <unknown>\n#15 0x564f45c29428 <unknown>\n#16 0x564f45c29600 <unknown>\n#17 0x564f45c38f84 <unknown>\n#18 0x7f1ac1e94ac3 <unknown>",
        "time" : {
          "start" : 1714962941048,
          "stop" : 1714962961877,
          "duration" : 20829
        }
      }, {
        "uid" : "4bf5a184e04eb8c4",
        "reportUrl" : "https://Nat754.github.io/PulseWave/15//#testresult/4bf5a184e04eb8c4",
        "status" : "skipped",
        "statusDetails" : "XFAIL\n\nselenium.common.exceptions.TimeoutException: Message: \nStacktrace:\n#0 0x565029d83e33 <unknown>\n#1 0x565029a73567 <unknown>\n#2 0x565029abe27d <unknown>\n#3 0x565029abe331 <unknown>\n#4 0x565029b01624 <unknown>\n#5 0x565029ae038d <unknown>\n#6 0x565029afeae2 <unknown>\n#7 0x565029ae0103 <unknown>\n#8 0x565029ab11ba <unknown>\n#9 0x565029ab1b8e <unknown>\n#10 0x565029d4859b <unknown>\n#11 0x565029d4c34b <unknown>\n#12 0x565029d34681 <unknown>\n#13 0x565029d4ceb2 <unknown>\n#14 0x565029d196af <unknown>\n#15 0x565029d73428 <unknown>\n#16 0x565029d73600 <unknown>\n#17 0x565029d82f84 <unknown>\n#18 0x7ffb07694ac3 <unknown>",
        "time" : {
          "start" : 1714876651242,
          "stop" : 1714876672021,
          "duration" : 20779
        }
      }, {
        "uid" : "14287982dbc934b5",
        "reportUrl" : "https://Nat754.github.io/PulseWave/14//#testresult/14287982dbc934b5",
        "status" : "skipped",
        "statusDetails" : "XFAIL\n\nselenium.common.exceptions.TimeoutException: Message: \nStacktrace:\n#0 0x56284feefe33 <unknown>\n#1 0x56284fbdf567 <unknown>\n#2 0x56284fc2a27d <unknown>\n#3 0x56284fc2a331 <unknown>\n#4 0x56284fc6d624 <unknown>\n#5 0x56284fc4c38d <unknown>\n#6 0x56284fc6aae2 <unknown>\n#7 0x56284fc4c103 <unknown>\n#8 0x56284fc1d1ba <unknown>\n#9 0x56284fc1db8e <unknown>\n#10 0x56284feb459b <unknown>\n#11 0x56284feb834b <unknown>\n#12 0x56284fea0681 <unknown>\n#13 0x56284feb8eb2 <unknown>\n#14 0x56284fe856af <unknown>\n#15 0x56284fedf428 <unknown>\n#16 0x56284fedf600 <unknown>\n#17 0x56284feeef84 <unknown>\n#18 0x7f3526894ac3 <unknown>",
        "time" : {
          "start" : 1714828054815,
          "stop" : 1714828075725,
          "duration" : 20910
        }
      }, {
        "uid" : "2e723f7d9146965c",
        "reportUrl" : "https://Nat754.github.io/PulseWave/14//#testresult/2e723f7d9146965c",
        "status" : "skipped",
        "statusDetails" : "XFAIL\n\nselenium.common.exceptions.TimeoutException: Message: \nStacktrace:\n#0 0x56241b78ee33 <unknown>\n#1 0x56241b47e567 <unknown>\n#2 0x56241b4c927d <unknown>\n#3 0x56241b4c9331 <unknown>\n#4 0x56241b50c624 <unknown>\n#5 0x56241b4eb38d <unknown>\n#6 0x56241b509ae2 <unknown>\n#7 0x56241b4eb103 <unknown>\n#8 0x56241b4bc1ba <unknown>\n#9 0x56241b4bcb8e <unknown>\n#10 0x56241b75359b <unknown>\n#11 0x56241b75734b <unknown>\n#12 0x56241b73f681 <unknown>\n#13 0x56241b757eb2 <unknown>\n#14 0x56241b7246af <unknown>\n#15 0x56241b77e428 <unknown>\n#16 0x56241b77e600 <unknown>\n#17 0x56241b78df84 <unknown>\n#18 0x7f5bedc94ac3 <unknown>",
        "time" : {
          "start" : 1714789654492,
          "stop" : 1714789675262,
          "duration" : 20770
        }
      }, {
        "uid" : "34b75a22ddbf888f",
        "reportUrl" : "https://Nat754.github.io/PulseWave/13//#testresult/34b75a22ddbf888f",
        "status" : "skipped",
        "statusDetails" : "XFAIL\n\nselenium.common.exceptions.TimeoutException: Message: \nStacktrace:\n#0 0x5581da350e33 <unknown>\n#1 0x5581da040567 <unknown>\n#2 0x5581da08b27d <unknown>\n#3 0x5581da08b331 <unknown>\n#4 0x5581da0ce624 <unknown>\n#5 0x5581da0ad38d <unknown>\n#6 0x5581da0cbae2 <unknown>\n#7 0x5581da0ad103 <unknown>\n#8 0x5581da07e1ba <unknown>\n#9 0x5581da07eb8e <unknown>\n#10 0x5581da31559b <unknown>\n#11 0x5581da31934b <unknown>\n#12 0x5581da301681 <unknown>\n#13 0x5581da319eb2 <unknown>\n#14 0x5581da2e66af <unknown>\n#15 0x5581da340428 <unknown>\n#16 0x5581da340600 <unknown>\n#17 0x5581da34ff84 <unknown>\n#18 0x7f0aa3094ac3 <unknown>",
        "time" : {
          "start" : 1714703397705,
          "stop" : 1714703418550,
          "duration" : 20845
        }
      }, {
        "uid" : "4494654650d9bacf",
        "reportUrl" : "https://Nat754.github.io/PulseWave/12//#testresult/4494654650d9bacf",
        "status" : "skipped",
        "statusDetails" : "XFAIL\n\nselenium.common.exceptions.TimeoutException: Message: \nStacktrace:\n#0 0x55f1dac74e33 <unknown>\n#1 0x55f1da964567 <unknown>\n#2 0x55f1da9af27d <unknown>\n#3 0x55f1da9af331 <unknown>\n#4 0x55f1da9f2624 <unknown>\n#5 0x55f1da9d138d <unknown>\n#6 0x55f1da9efae2 <unknown>\n#7 0x55f1da9d1103 <unknown>\n#8 0x55f1da9a21ba <unknown>\n#9 0x55f1da9a2b8e <unknown>\n#10 0x55f1dac3959b <unknown>\n#11 0x55f1dac3d34b <unknown>\n#12 0x55f1dac25681 <unknown>\n#13 0x55f1dac3deb2 <unknown>\n#14 0x55f1dac0a6af <unknown>\n#15 0x55f1dac64428 <unknown>\n#16 0x55f1dac64600 <unknown>\n#17 0x55f1dac73f84 <unknown>\n#18 0x7f1866094ac3 <unknown>",
        "time" : {
          "start" : 1714616901647,
          "stop" : 1714616922532,
          "duration" : 20885
        }
      }, {
        "uid" : "b33dca58fe58972",
        "reportUrl" : "https://Nat754.github.io/PulseWave/11//#testresult/b33dca58fe58972",
        "status" : "skipped",
        "statusDetails" : "XFAIL\n\nselenium.common.exceptions.TimeoutException: Message: \nStacktrace:\n#0 0x562090fa2e33 <unknown>\n#1 0x562090c92567 <unknown>\n#2 0x562090cdd27d <unknown>\n#3 0x562090cdd331 <unknown>\n#4 0x562090d20624 <unknown>\n#5 0x562090cff38d <unknown>\n#6 0x562090d1dae2 <unknown>\n#7 0x562090cff103 <unknown>\n#8 0x562090cd01ba <unknown>\n#9 0x562090cd0b8e <unknown>\n#10 0x562090f6759b <unknown>\n#11 0x562090f6b34b <unknown>\n#12 0x562090f53681 <unknown>\n#13 0x562090f6beb2 <unknown>\n#14 0x562090f386af <unknown>\n#15 0x562090f92428 <unknown>\n#16 0x562090f92600 <unknown>\n#17 0x562090fa1f84 <unknown>\n#18 0x7f5c24a94ac3 <unknown>",
        "time" : {
          "start" : 1714530829792,
          "stop" : 1714530850559,
          "duration" : 20767
        }
      }, {
        "uid" : "a1e91ce018bc3aef",
        "reportUrl" : "https://Nat754.github.io/PulseWave/10//#testresult/a1e91ce018bc3aef",
        "status" : "skipped",
        "statusDetails" : "XFAIL\n\nselenium.common.exceptions.WebDriverException: Message: unknown error: net::ERR_CONNECTION_REFUSED\n  (Session info: chrome-headless-shell=124.0.6367.60)\nStacktrace:\n#0 0x55d23a46be33 <unknown>\n#1 0x55d23a15b567 <unknown>\n#2 0x55d23a153879 <unknown>\n#3 0x55d23a143852 <unknown>\n#4 0x55d23a144e44 <unknown>\n#5 0x55d23a143bbe <unknown>\n#6 0x55d23a1432e0 <unknown>\n#7 0x55d23a143181 <unknown>\n#8 0x55d23a1410ec <unknown>\n#9 0x55d23a14160a <unknown>\n#10 0x55d23a15deef <unknown>\n#11 0x55d23a1e7695 <unknown>\n#12 0x55d23a1c8362 <unknown>\n#13 0x55d23a1e6ae2 <unknown>\n#14 0x55d23a1c8103 <unknown>\n#15 0x55d23a1991ba <unknown>\n#16 0x55d23a199b8e <unknown>\n#17 0x55d23a43059b <unknown>\n#18 0x55d23a43434b <unknown>\n#19 0x55d23a41c681 <unknown>\n#20 0x55d23a434eb2 <unknown>\n#21 0x55d23a4016af <unknown>\n#22 0x55d23a45b428 <unknown>\n#23 0x55d23a45b600 <unknown>\n#24 0x55d23a46af84 <unknown>\n#25 0x7f31a3e94ac3 <unknown>",
        "time" : {
          "start" : 1714443612594,
          "stop" : 1714443612594,
          "duration" : 0
        }
      }, {
        "uid" : "9be58b8e2c77d0f2",
        "reportUrl" : "https://Nat754.github.io/PulseWave/9//#testresult/9be58b8e2c77d0f2",
        "status" : "skipped",
        "statusDetails" : "XFAIL\n\nselenium.common.exceptions.WebDriverException: Message: unknown error: net::ERR_CONNECTION_REFUSED\n  (Session info: chrome-headless-shell=124.0.6367.60)\nStacktrace:\n#0 0x55b10de13e33 <unknown>\n#1 0x55b10db03567 <unknown>\n#2 0x55b10dafb879 <unknown>\n#3 0x55b10daeb852 <unknown>\n#4 0x55b10daece44 <unknown>\n#5 0x55b10daebbbe <unknown>\n#6 0x55b10daeb2e0 <unknown>\n#7 0x55b10daeb181 <unknown>\n#8 0x55b10dae90ec <unknown>\n#9 0x55b10dae960a <unknown>\n#10 0x55b10db05eef <unknown>\n#11 0x55b10db8f695 <unknown>\n#12 0x55b10db70362 <unknown>\n#13 0x55b10db8eae2 <unknown>\n#14 0x55b10db70103 <unknown>\n#15 0x55b10db411ba <unknown>\n#16 0x55b10db41b8e <unknown>\n#17 0x55b10ddd859b <unknown>\n#18 0x55b10dddc34b <unknown>\n#19 0x55b10ddc4681 <unknown>\n#20 0x55b10dddceb2 <unknown>\n#21 0x55b10dda96af <unknown>\n#22 0x55b10de03428 <unknown>\n#23 0x55b10de03600 <unknown>\n#24 0x55b10de12f84 <unknown>\n#25 0x7ff682094ac3 <unknown>",
        "time" : {
          "start" : 1714357264059,
          "stop" : 1714357264059,
          "duration" : 0
        }
      }, {
        "uid" : "90acf71305859ca6",
        "reportUrl" : "https://Nat754.github.io/PulseWave/8//#testresult/90acf71305859ca6",
        "status" : "skipped",
        "statusDetails" : "XFAIL\n\nselenium.common.exceptions.TimeoutException: Message: \nStacktrace:\n#0 0x5556aac18e33 <unknown>\n#1 0x5556aa908567 <unknown>\n#2 0x5556aa95327d <unknown>\n#3 0x5556aa953331 <unknown>\n#4 0x5556aa996624 <unknown>\n#5 0x5556aa97538d <unknown>\n#6 0x5556aa993ae2 <unknown>\n#7 0x5556aa975103 <unknown>\n#8 0x5556aa9461ba <unknown>\n#9 0x5556aa946b8e <unknown>\n#10 0x5556aabdd59b <unknown>\n#11 0x5556aabe134b <unknown>\n#12 0x5556aabc9681 <unknown>\n#13 0x5556aabe1eb2 <unknown>\n#14 0x5556aabae6af <unknown>\n#15 0x5556aac08428 <unknown>\n#16 0x5556aac08600 <unknown>\n#17 0x5556aac17f84 <unknown>\n#18 0x7ff27cc94ac3 <unknown>",
        "time" : {
          "start" : 1714273958551,
          "stop" : 1714273958551,
          "duration" : 0
        }
      }, {
        "uid" : "791db9bd90a2217c",
        "reportUrl" : "https://Nat754.github.io/PulseWave/7//#testresult/791db9bd90a2217c",
        "status" : "skipped",
        "statusDetails" : "XFAIL\n\nselenium.common.exceptions.TimeoutException: Message: \nStacktrace:\n#0 0x559c6b373e33 <unknown>\n#1 0x559c6b063567 <unknown>\n#2 0x559c6b0ae27d <unknown>\n#3 0x559c6b0ae331 <unknown>\n#4 0x559c6b0f1624 <unknown>\n#5 0x559c6b0d038d <unknown>\n#6 0x559c6b0eeae2 <unknown>\n#7 0x559c6b0d0103 <unknown>\n#8 0x559c6b0a11ba <unknown>\n#9 0x559c6b0a1b8e <unknown>\n#10 0x559c6b33859b <unknown>\n#11 0x559c6b33c34b <unknown>\n#12 0x559c6b324681 <unknown>\n#13 0x559c6b33ceb2 <unknown>\n#14 0x559c6b3096af <unknown>\n#15 0x559c6b363428 <unknown>\n#16 0x559c6b363600 <unknown>\n#17 0x559c6b372f84 <unknown>\n#18 0x7f4797e94ac3 <unknown>",
        "time" : {
          "start" : 1714185261673,
          "stop" : 1714185298332,
          "duration" : 36659
        }
      }, {
        "uid" : "d9f357ad7d3ec7f9",
        "reportUrl" : "https://Nat754.github.io/PulseWave/6//#testresult/d9f357ad7d3ec7f9",
        "status" : "skipped",
        "statusDetails" : "XFAIL\n\nselenium.common.exceptions.TimeoutException: Message: \nStacktrace:\n#0 0x5633acc4ae33 <unknown>\n#1 0x5633ac93a567 <unknown>\n#2 0x5633ac98527d <unknown>\n#3 0x5633ac985331 <unknown>\n#4 0x5633ac9c8624 <unknown>\n#5 0x5633ac9a738d <unknown>\n#6 0x5633ac9c5ae2 <unknown>\n#7 0x5633ac9a7103 <unknown>\n#8 0x5633ac9781ba <unknown>\n#9 0x5633ac978b8e <unknown>\n#10 0x5633acc0f59b <unknown>\n#11 0x5633acc1334b <unknown>\n#12 0x5633acbfb681 <unknown>\n#13 0x5633acc13eb2 <unknown>\n#14 0x5633acbe06af <unknown>\n#15 0x5633acc3a428 <unknown>\n#16 0x5633acc3a600 <unknown>\n#17 0x5633acc49f84 <unknown>\n#18 0x7f8f9bc94ac3 <unknown>",
        "time" : {
          "start" : 1714148686889,
          "stop" : 1714148722031,
          "duration" : 35142
        }
      }, {
        "uid" : "fe6914d36885d919",
        "reportUrl" : "https://Nat754.github.io/PulseWave/6//#testresult/fe6914d36885d919",
        "status" : "skipped",
        "statusDetails" : "XFAIL\n\nselenium.common.exceptions.TimeoutException: Message: \nStacktrace:\n#0 0x55a2d2fdee33 <unknown>\n#1 0x55a2d2cce567 <unknown>\n#2 0x55a2d2d1927d <unknown>\n#3 0x55a2d2d19331 <unknown>\n#4 0x55a2d2d5c624 <unknown>\n#5 0x55a2d2d3b38d <unknown>\n#6 0x55a2d2d59ae2 <unknown>\n#7 0x55a2d2d3b103 <unknown>\n#8 0x55a2d2d0c1ba <unknown>\n#9 0x55a2d2d0cb8e <unknown>\n#10 0x55a2d2fa359b <unknown>\n#11 0x55a2d2fa734b <unknown>\n#12 0x55a2d2f8f681 <unknown>\n#13 0x55a2d2fa7eb2 <unknown>\n#14 0x55a2d2f746af <unknown>\n#15 0x55a2d2fce428 <unknown>\n#16 0x55a2d2fce600 <unknown>\n#17 0x55a2d2fddf84 <unknown>\n#18 0x7f14ac894ac3 <unknown>",
        "time" : {
          "start" : 1714098736773,
          "stop" : 1714098772610,
          "duration" : 35837
        }
      }, {
        "uid" : "b3d5405d2bf0d96f",
        "reportUrl" : "https://Nat754.github.io/PulseWave/5//#testresult/b3d5405d2bf0d96f",
        "status" : "skipped",
        "statusDetails" : "XFAIL\n\nselenium.common.exceptions.TimeoutException: Message: \nStacktrace:\n#0 0x55ff52af0e33 <unknown>\n#1 0x55ff527e0567 <unknown>\n#2 0x55ff5282b27d <unknown>\n#3 0x55ff5282b331 <unknown>\n#4 0x55ff5286e624 <unknown>\n#5 0x55ff5284d38d <unknown>\n#6 0x55ff5286bae2 <unknown>\n#7 0x55ff5284d103 <unknown>\n#8 0x55ff5281e1ba <unknown>\n#9 0x55ff5281eb8e <unknown>\n#10 0x55ff52ab559b <unknown>\n#11 0x55ff52ab934b <unknown>\n#12 0x55ff52aa1681 <unknown>\n#13 0x55ff52ab9eb2 <unknown>\n#14 0x55ff52a866af <unknown>\n#15 0x55ff52ae0428 <unknown>\n#16 0x55ff52ae0600 <unknown>\n#17 0x55ff52aeff84 <unknown>\n#18 0x7f59aca94ac3 <unknown>",
        "time" : {
          "start" : 1714014590029,
          "stop" : 1714014625161,
          "duration" : 35132
        }
      }, {
        "uid" : "c8155dea37028476",
        "reportUrl" : "https://Nat754.github.io/PulseWave/211//#testresult/c8155dea37028476",
        "status" : "skipped",
        "statusDetails" : "XFAIL\n\nselenium.common.exceptions.TimeoutException: Message: \nStacktrace:\n#0 0x564c78720863 <unknown>\n#1 0x564c784168c6 <unknown>\n#2 0x564c78461618 <unknown>\n#3 0x564c784616d1 <unknown>\n#4 0x564c784a4744 <unknown>\n#5 0x564c784835cd <unknown>\n#6 0x564c784a1c19 <unknown>\n#7 0x564c78483343 <unknown>\n#8 0x564c78454593 <unknown>\n#9 0x564c78454f5e <unknown>\n#10 0x564c786e484b <unknown>\n#11 0x564c786e87a5 <unknown>\n#12 0x564c786d2571 <unknown>\n#13 0x564c786e9332 <unknown>\n#14 0x564c786b787f <unknown>\n#15 0x564c7870f728 <unknown>\n#16 0x564c7870f8fb <unknown>\n#17 0x564c7871f9b4 <unknown>\n#18 0x7f54d7894ac3 <unknown>",
        "time" : {
          "start" : 1713946098037,
          "stop" : 1713946133107,
          "duration" : 35070
        }
      }, {
        "uid" : "41931ffaa9ec838d",
        "reportUrl" : "https://Nat754.github.io/PulseWave/4//#testresult/41931ffaa9ec838d",
        "status" : "skipped",
        "statusDetails" : "XFAIL\n\nselenium.common.exceptions.TimeoutException: Message: \nStacktrace:\n#0 0x55e32e714863 <unknown>\n#1 0x55e32e40a8c6 <unknown>\n#2 0x55e32e455618 <unknown>\n#3 0x55e32e4556d1 <unknown>\n#4 0x55e32e498744 <unknown>\n#5 0x55e32e4775cd <unknown>\n#6 0x55e32e495c19 <unknown>\n#7 0x55e32e477343 <unknown>\n#8 0x55e32e448593 <unknown>\n#9 0x55e32e448f5e <unknown>\n#10 0x55e32e6d884b <unknown>\n#11 0x55e32e6dc7a5 <unknown>\n#12 0x55e32e6c6571 <unknown>\n#13 0x55e32e6dd332 <unknown>\n#14 0x55e32e6ab87f <unknown>\n#15 0x55e32e703728 <unknown>\n#16 0x55e32e7038fb <unknown>\n#17 0x55e32e7139b4 <unknown>\n#18 0x7fe856a94ac3 <unknown>",
        "time" : {
          "start" : 1713925888395,
          "stop" : 1713925924356,
          "duration" : 35961
        }
      } ]
    },
    "tags" : [ "@pytest.mark.xfail", "smoke" ]
  },
  "source" : "4c7b12522ae34db9.json",
  "parameterValues" : [ "'chrome'" ]
}