{
  "uid" : "d72596be3ec2375",
  "name" : "1.23 Регистрация с корректными email и паролем без согласия на подписку",
  "fullName" : "tests.test_signup_page.test_signup_page.TestSignupPage#test_signup_with_correct_email_and_password",
  "historyId" : "a88141a3f07444f200b9b46dcc4041fe",
  "time" : {
    "start" : 1741729948681,
    "stop" : 1741729969506,
    "duration" : 20825
  },
  "status" : "broken",
  "statusMessage" : "selenium.common.exceptions.TimeoutException: Message: \nStacktrace:\n#0 0x55b7d2fd346a <unknown>\n#1 0x55b7d2a8ced0 <unknown>\n#2 0x55b7d2ade935 <unknown>\n#3 0x55b7d2adeb61 <unknown>\n#4 0x55b7d2b2d9d4 <unknown>\n#5 0x55b7d2b0488d <unknown>\n#6 0x55b7d2b2aceb <unknown>\n#7 0x55b7d2b04633 <unknown>\n#8 0x55b7d2ad01be <unknown>\n#9 0x55b7d2ad1981 <unknown>\n#10 0x55b7d2f9986b <unknown>\n#11 0x55b7d2f9d73c <unknown>\n#12 0x55b7d2f80f12 <unknown>\n#13 0x55b7d2f9e2b4 <unknown>\n#14 0x55b7d2f650af <unknown>\n#15 0x55b7d2fc1ad8 <unknown>\n#16 0x55b7d2fc1cb6 <unknown>\n#17 0x55b7d2fd22e6 <unknown>\n#18 0x7f4322e9caa4 <unknown>\n#19 0x7f4322f29c3c <unknown>",
  "statusTrace" : "self = <tests.test_signup_page.test_signup_page.TestSignupPage object at 0x7ffa63bbf950>\nsignup_page_open = <pages.signup_page.SignUpPage object at 0x7ffa63c05370>\ndriver = <selenium.webdriver.chrome.webdriver.WebDriver (session=\"b23fde9efc3769866a21d8d74dc49453\")>\n\n    @allure.title(\"1.23 Регистрация с корректными email и паролем без согласия на подписку\")\n    @pytest.mark.smoke\n    def test_signup_with_correct_email_and_password(self, signup_page_open, driver):\n        with allure.step('Заполнить поле email корректными данными'):\n            signup_page_open.put_data_to_email_field(email1)\n        with allure.step('Заполнить поле пароль сильным паролем'):\n            signup_page_open.put_data_to_password_field(password0)\n        with allure.step('Заполнить поле подтверждение пароля сильным паролем'):\n            signup_page_open.put_data_to_confirm_password_field(password0)\n        signup_page_open.click_button_submit()\n>       element = signup_page_open.get_send_invite_message()\n\ntests/test_signup_page/test_signup_page.py:142: \n_ _ _ _ _ _ _ _ _ _ _ _ _ _ _ _ _ _ _ _ _ _ _ _ _ _ _ _ _ _ _ _ _ _ _ _ _ _ _ _ \npages/signup_page.py:84: in get_send_invite_message\n    return self.element_is_visible(self.locator.SEND_INVITE_EMAIL)\npages/base_page.py:19: in element_is_visible\n    self.go_to_element(self.element_is_present(locator))\npages/base_page.py:35: in element_is_present\n    return Wait(self.driver, self.timeout).until(es.presence_of_element_located(locator))\n_ _ _ _ _ _ _ _ _ _ _ _ _ _ _ _ _ _ _ _ _ _ _ _ _ _ _ _ _ _ _ _ _ _ _ _ _ _ _ _ \n\nself = <selenium.webdriver.support.wait.WebDriverWait (session=\"b23fde9efc3769866a21d8d74dc49453\")>\nmethod = <function presence_of_element_located.<locals>._predicate at 0x7ffa61fba2a0>\nmessage = ''\n\n    def until(self, method: Callable[[D], Union[Literal[False], T]], message: str = \"\") -> T:\n        \"\"\"Calls the method provided with the driver as an argument until the \\\n        return value does not evaluate to ``False``.\n    \n        :param method: callable(WebDriver)\n        :param message: optional message for :exc:`TimeoutException`\n        :returns: the result of the last call to `method`\n        :raises: :exc:`selenium.common.exceptions.TimeoutException` if timeout occurs\n        \"\"\"\n        screen = None\n        stacktrace = None\n    \n        end_time = time.monotonic() + self._timeout\n        while True:\n            try:\n                value = method(self._driver)\n                if value:\n                    return value\n            except self._ignored_exceptions as exc:\n                screen = getattr(exc, \"screen\", None)\n                stacktrace = getattr(exc, \"stacktrace\", None)\n            time.sleep(self._poll)\n            if time.monotonic() > end_time:\n                break\n>       raise TimeoutException(message, screen, stacktrace)\nE       selenium.common.exceptions.TimeoutException: Message: \nE       Stacktrace:\nE       #0 0x55b7d2fd346a <unknown>\nE       #1 0x55b7d2a8ced0 <unknown>\nE       #2 0x55b7d2ade935 <unknown>\nE       #3 0x55b7d2adeb61 <unknown>\nE       #4 0x55b7d2b2d9d4 <unknown>\nE       #5 0x55b7d2b0488d <unknown>\nE       #6 0x55b7d2b2aceb <unknown>\nE       #7 0x55b7d2b04633 <unknown>\nE       #8 0x55b7d2ad01be <unknown>\nE       #9 0x55b7d2ad1981 <unknown>\nE       #10 0x55b7d2f9986b <unknown>\nE       #11 0x55b7d2f9d73c <unknown>\nE       #12 0x55b7d2f80f12 <unknown>\nE       #13 0x55b7d2f9e2b4 <unknown>\nE       #14 0x55b7d2f650af <unknown>\nE       #15 0x55b7d2fc1ad8 <unknown>\nE       #16 0x55b7d2fc1cb6 <unknown>\nE       #17 0x55b7d2fd22e6 <unknown>\nE       #18 0x7f4322e9caa4 <unknown>\nE       #19 0x7f4322f29c3c <unknown>\n\n/opt/hostedtoolcache/Python/3.12.9/x64/lib/python3.12/site-packages/selenium/webdriver/support/wait.py:105: TimeoutException",
  "flaky" : false,
  "newFailed" : false,
  "beforeStages" : [ {
    "name" : "_session_faker",
    "time" : {
      "start" : 1741718600920,
      "stop" : 1741718600935,
      "duration" : 15
    },
    "status" : "passed",
    "steps" : [ ],
    "attachments" : [ ],
    "parameters" : [ ],
    "stepsCount" : 0,
    "attachmentsCount" : 0,
    "shouldDisplayMessage" : false,
    "hasContent" : false
  }, {
    "name" : "clear_allure_results_folder",
    "time" : {
      "start" : 1741718600935,
      "stop" : 1741718600935,
      "duration" : 0
    },
    "status" : "passed",
    "steps" : [ ],
    "attachments" : [ ],
    "parameters" : [ ],
    "stepsCount" : 0,
    "attachmentsCount" : 0,
    "shouldDisplayMessage" : false,
    "hasContent" : false
  }, {
    "name" : "signup_page_open",
    "time" : {
      "start" : 1741729946323,
      "stop" : 1741729948680,
      "duration" : 2357
    },
    "status" : "passed",
    "steps" : [ {
      "name" : "Проверка видимости кнопки 'Принимаю все' в сообщении о принятии файлов cookie",
      "time" : {
        "start" : 1741729948603,
        "stop" : 1741729948633,
        "duration" : 30
      },
      "status" : "passed",
      "steps" : [ ],
      "attachments" : [ ],
      "parameters" : [ ],
      "stepsCount" : 0,
      "attachmentsCount" : 0,
      "shouldDisplayMessage" : false,
      "hasContent" : false
    } ],
    "attachments" : [ ],
    "parameters" : [ ],
    "stepsCount" : 1,
    "attachmentsCount" : 0,
    "shouldDisplayMessage" : false,
    "hasContent" : true
  }, {
    "name" : "driver",
    "time" : {
      "start" : 1741729945977,
      "stop" : 1741729946323,
      "duration" : 346
    },
    "status" : "passed",
    "steps" : [ ],
    "attachments" : [ ],
    "parameters" : [ ],
    "stepsCount" : 0,
    "attachmentsCount" : 0,
    "shouldDisplayMessage" : false,
    "hasContent" : false
  } ],
  "testStage" : {
    "status" : "broken",
    "statusMessage" : "selenium.common.exceptions.TimeoutException: Message: \nStacktrace:\n#0 0x55b7d2fd346a <unknown>\n#1 0x55b7d2a8ced0 <unknown>\n#2 0x55b7d2ade935 <unknown>\n#3 0x55b7d2adeb61 <unknown>\n#4 0x55b7d2b2d9d4 <unknown>\n#5 0x55b7d2b0488d <unknown>\n#6 0x55b7d2b2aceb <unknown>\n#7 0x55b7d2b04633 <unknown>\n#8 0x55b7d2ad01be <unknown>\n#9 0x55b7d2ad1981 <unknown>\n#10 0x55b7d2f9986b <unknown>\n#11 0x55b7d2f9d73c <unknown>\n#12 0x55b7d2f80f12 <unknown>\n#13 0x55b7d2f9e2b4 <unknown>\n#14 0x55b7d2f650af <unknown>\n#15 0x55b7d2fc1ad8 <unknown>\n#16 0x55b7d2fc1cb6 <unknown>\n#17 0x55b7d2fd22e6 <unknown>\n#18 0x7f4322e9caa4 <unknown>\n#19 0x7f4322f29c3c <unknown>",
    "statusTrace" : "self = <tests.test_signup_page.test_signup_page.TestSignupPage object at 0x7ffa63bbf950>\nsignup_page_open = <pages.signup_page.SignUpPage object at 0x7ffa63c05370>\ndriver = <selenium.webdriver.chrome.webdriver.WebDriver (session=\"b23fde9efc3769866a21d8d74dc49453\")>\n\n    @allure.title(\"1.23 Регистрация с корректными email и паролем без согласия на подписку\")\n    @pytest.mark.smoke\n    def test_signup_with_correct_email_and_password(self, signup_page_open, driver):\n        with allure.step('Заполнить поле email корректными данными'):\n            signup_page_open.put_data_to_email_field(email1)\n        with allure.step('Заполнить поле пароль сильным паролем'):\n            signup_page_open.put_data_to_password_field(password0)\n        with allure.step('Заполнить поле подтверждение пароля сильным паролем'):\n            signup_page_open.put_data_to_confirm_password_field(password0)\n        signup_page_open.click_button_submit()\n>       element = signup_page_open.get_send_invite_message()\n\ntests/test_signup_page/test_signup_page.py:142: \n_ _ _ _ _ _ _ _ _ _ _ _ _ _ _ _ _ _ _ _ _ _ _ _ _ _ _ _ _ _ _ _ _ _ _ _ _ _ _ _ \npages/signup_page.py:84: in get_send_invite_message\n    return self.element_is_visible(self.locator.SEND_INVITE_EMAIL)\npages/base_page.py:19: in element_is_visible\n    self.go_to_element(self.element_is_present(locator))\npages/base_page.py:35: in element_is_present\n    return Wait(self.driver, self.timeout).until(es.presence_of_element_located(locator))\n_ _ _ _ _ _ _ _ _ _ _ _ _ _ _ _ _ _ _ _ _ _ _ _ _ _ _ _ _ _ _ _ _ _ _ _ _ _ _ _ \n\nself = <selenium.webdriver.support.wait.WebDriverWait (session=\"b23fde9efc3769866a21d8d74dc49453\")>\nmethod = <function presence_of_element_located.<locals>._predicate at 0x7ffa61fba2a0>\nmessage = ''\n\n    def until(self, method: Callable[[D], Union[Literal[False], T]], message: str = \"\") -> T:\n        \"\"\"Calls the method provided with the driver as an argument until the \\\n        return value does not evaluate to ``False``.\n    \n        :param method: callable(WebDriver)\n        :param message: optional message for :exc:`TimeoutException`\n        :returns: the result of the last call to `method`\n        :raises: :exc:`selenium.common.exceptions.TimeoutException` if timeout occurs\n        \"\"\"\n        screen = None\n        stacktrace = None\n    \n        end_time = time.monotonic() + self._timeout\n        while True:\n            try:\n                value = method(self._driver)\n                if value:\n                    return value\n            except self._ignored_exceptions as exc:\n                screen = getattr(exc, \"screen\", None)\n                stacktrace = getattr(exc, \"stacktrace\", None)\n            time.sleep(self._poll)\n            if time.monotonic() > end_time:\n                break\n>       raise TimeoutException(message, screen, stacktrace)\nE       selenium.common.exceptions.TimeoutException: Message: \nE       Stacktrace:\nE       #0 0x55b7d2fd346a <unknown>\nE       #1 0x55b7d2a8ced0 <unknown>\nE       #2 0x55b7d2ade935 <unknown>\nE       #3 0x55b7d2adeb61 <unknown>\nE       #4 0x55b7d2b2d9d4 <unknown>\nE       #5 0x55b7d2b0488d <unknown>\nE       #6 0x55b7d2b2aceb <unknown>\nE       #7 0x55b7d2b04633 <unknown>\nE       #8 0x55b7d2ad01be <unknown>\nE       #9 0x55b7d2ad1981 <unknown>\nE       #10 0x55b7d2f9986b <unknown>\nE       #11 0x55b7d2f9d73c <unknown>\nE       #12 0x55b7d2f80f12 <unknown>\nE       #13 0x55b7d2f9e2b4 <unknown>\nE       #14 0x55b7d2f650af <unknown>\nE       #15 0x55b7d2fc1ad8 <unknown>\nE       #16 0x55b7d2fc1cb6 <unknown>\nE       #17 0x55b7d2fd22e6 <unknown>\nE       #18 0x7f4322e9caa4 <unknown>\nE       #19 0x7f4322f29c3c <unknown>\n\n/opt/hostedtoolcache/Python/3.12.9/x64/lib/python3.12/site-packages/selenium/webdriver/support/wait.py:105: TimeoutException",
    "steps" : [ {
      "name" : "Заполнить поле email корректными данными",
      "time" : {
        "start" : 1741729948681,
        "stop" : 1741729948800,
        "duration" : 119
      },
      "status" : "passed",
      "steps" : [ ],
      "attachments" : [ ],
      "parameters" : [ ],
      "stepsCount" : 0,
      "attachmentsCount" : 0,
      "shouldDisplayMessage" : false,
      "hasContent" : false
    }, {
      "name" : "Заполнить поле пароль сильным паролем",
      "time" : {
        "start" : 1741729948800,
        "stop" : 1741729948861,
        "duration" : 61
      },
      "status" : "passed",
      "steps" : [ ],
      "attachments" : [ ],
      "parameters" : [ ],
      "stepsCount" : 0,
      "attachmentsCount" : 0,
      "shouldDisplayMessage" : false,
      "hasContent" : false
    }, {
      "name" : "Заполнить поле подтверждение пароля сильным паролем",
      "time" : {
        "start" : 1741729948861,
        "stop" : 1741729948923,
        "duration" : 62
      },
      "status" : "passed",
      "steps" : [ ],
      "attachments" : [ ],
      "parameters" : [ ],
      "stepsCount" : 0,
      "attachmentsCount" : 0,
      "shouldDisplayMessage" : false,
      "hasContent" : false
    }, {
      "name" : "Подтвердить изменения'",
      "time" : {
        "start" : 1741729948923,
        "stop" : 1741729948996,
        "duration" : 73
      },
      "status" : "passed",
      "steps" : [ ],
      "attachments" : [ ],
      "parameters" : [ ],
      "stepsCount" : 0,
      "attachmentsCount" : 0,
      "shouldDisplayMessage" : false,
      "hasContent" : false
    }, {
      "name" : "Получено сообщения о подтверждении регистрации",
      "time" : {
        "start" : 1741729948996,
        "stop" : 1741729969506,
        "duration" : 20510
      },
      "status" : "broken",
      "statusMessage" : "selenium.common.exceptions.TimeoutException: Message: \nStacktrace:\n#0 0x55b7d2fd346a <unknown>\n#1 0x55b7d2a8ced0 <unknown>\n#2 0x55b7d2ade935 <unknown>\n#3 0x55b7d2adeb61 <unknown>\n#4 0x55b7d2b2d9d4 <unknown>\n#5 0x55b7d2b0488d <unknown>\n#6 0x55b7d2b2aceb <unknown>\n#7 0x55b7d2b04633 <unknown>\n#8 0x55b7d2ad01be <unknown>\n#9 0x55b7d2ad1981 <unknown>\n#10 0x55b7d2f9986b <unknown>\n#11 0x55b7d2f9d73c <unknown>\n#12 0x55b7d2f80f12 <unknown>\n#13 0x55b7d2f9e2b4 <unknown>\n#14 0x55b7d2f650af <unknown>\n#15 0x55b7d2fc1ad8 <unknown>\n#16 0x55b7d2fc1cb6 <unknown>\n#17 0x55b7d2fd22e6 <unknown>\n#18 0x7f4322e9caa4 <unknown>\n#19 0x7f4322f29c3c <unknown>\n\n",
      "statusTrace" : "  File \"/opt/hostedtoolcache/Python/3.12.9/x64/lib/python3.12/site-packages/allure_commons/_allure.py\", line 192, in impl\n    return func(*a, **kw)\n           ^^^^^^^^^^^^^^\n  File \"/home/runner/work/PulseWave/PulseWave/pages/signup_page.py\", line 84, in get_send_invite_message\n    return self.element_is_visible(self.locator.SEND_INVITE_EMAIL)\n           ^^^^^^^^^^^^^^^^^^^^^^^^^^^^^^^^^^^^^^^^^^^^^^^^^^^^^^^\n  File \"/home/runner/work/PulseWave/PulseWave/pages/base_page.py\", line 19, in element_is_visible\n    self.go_to_element(self.element_is_present(locator))\n                       ^^^^^^^^^^^^^^^^^^^^^^^^^^^^^^^^\n  File \"/home/runner/work/PulseWave/PulseWave/pages/base_page.py\", line 35, in element_is_present\n    return Wait(self.driver, self.timeout).until(es.presence_of_element_located(locator))\n           ^^^^^^^^^^^^^^^^^^^^^^^^^^^^^^^^^^^^^^^^^^^^^^^^^^^^^^^^^^^^^^^^^^^^^^^^^^^^^^\n  File \"/opt/hostedtoolcache/Python/3.12.9/x64/lib/python3.12/site-packages/selenium/webdriver/support/wait.py\", line 105, in until\n    raise TimeoutException(message, screen, stacktrace)\n",
      "steps" : [ ],
      "attachments" : [ ],
      "parameters" : [ ],
      "stepsCount" : 0,
      "attachmentsCount" : 0,
      "shouldDisplayMessage" : true,
      "hasContent" : true
    } ],
    "attachments" : [ {
      "uid" : "5d784ad70ea49666",
      "name" : "Screenshot",
      "source" : "5d784ad70ea49666.png",
      "type" : "image/png",
      "size" : 85681
    }, {
      "uid" : "d577bc0acabc2156",
      "name" : "HTML source",
      "source" : "d577bc0acabc2156.html",
      "type" : "text/html",
      "size" : 101013
    } ],
    "parameters" : [ ],
    "stepsCount" : 5,
    "attachmentsCount" : 2,
    "shouldDisplayMessage" : true,
    "hasContent" : true
  },
  "afterStages" : [ {
    "name" : "driver::0",
    "time" : {
      "start" : 1741729969616,
      "stop" : 1741729969676,
      "duration" : 60
    },
    "status" : "passed",
    "steps" : [ ],
    "attachments" : [ ],
    "parameters" : [ ],
    "stepsCount" : 0,
    "attachmentsCount" : 0,
    "shouldDisplayMessage" : false,
    "hasContent" : false
  } ],
  "labels" : [ {
    "name" : "epic",
    "value" : "Тестирование страницы 'Регистрация'"
  }, {
    "name" : "tag",
    "value" : "smoke"
  }, {
    "name" : "parentSuite",
    "value" : "tests.test_signup_page"
  }, {
    "name" : "suite",
    "value" : "test_signup_page"
  }, {
    "name" : "subSuite",
    "value" : "TestSignupPage"
  }, {
    "name" : "host",
    "value" : "fv-az1360-893"
  }, {
    "name" : "thread",
    "value" : "2413-MainThread"
  }, {
    "name" : "framework",
    "value" : "pytest"
  }, {
    "name" : "language",
    "value" : "cpython3"
  }, {
    "name" : "package",
    "value" : "tests.test_signup_page.test_signup_page"
  }, {
    "name" : "resultFormat",
    "value" : "allure2"
  } ],
  "parameters" : [ {
    "name" : "browser",
    "value" : "'chrome'"
  } ],
  "links" : [ ],
  "hidden" : false,
  "retry" : false,
  "extra" : {
    "severity" : "normal",
    "retries" : [ ],
    "categories" : [ {
      "name" : "Test defects",
      "matchedStatuses" : [ ],
      "flaky" : false
    } ],
    "history" : {
      "statistic" : {
        "failed" : 0,
        "broken" : 42,
        "skipped" : 30,
        "passed" : 300,
        "unknown" : 0,
        "total" : 372
      },
      "items" : [ {
        "uid" : "c6d2b2c15e62ced3",
        "reportUrl" : "https://Nat754.github.io/PulseWave/325//#testresult/c6d2b2c15e62ced3",
        "status" : "passed",
        "time" : {
          "start" : 1741717432790,
          "stop" : 1741717459926,
          "duration" : 27136
        }
      }, {
        "uid" : "f55e70ea1f55d66c",
        "reportUrl" : "https://Nat754.github.io/PulseWave/324//#testresult/f55e70ea1f55d66c",
        "status" : "passed",
        "time" : {
          "start" : 1741632131988,
          "stop" : 1741632139274,
          "duration" : 7286
        }
      }, {
        "uid" : "1fbbffdbc82d7b2e",
        "reportUrl" : "https://Nat754.github.io/PulseWave/324//#testresult/1fbbffdbc82d7b2e",
        "status" : "passed",
        "time" : {
          "start" : 1741630869836,
          "stop" : 1741630877840,
          "duration" : 8004
        }
      }, {
        "uid" : "d168a85f6c30a924",
        "reportUrl" : "https://Nat754.github.io/PulseWave/323//#testresult/d168a85f6c30a924",
        "status" : "passed",
        "time" : {
          "start" : 1741544373416,
          "stop" : 1741544383062,
          "duration" : 9646
        }
      }, {
        "uid" : "310a7c8a6db9fca6",
        "reportUrl" : "https://Nat754.github.io/PulseWave/322//#testresult/310a7c8a6db9fca6",
        "status" : "passed",
        "time" : {
          "start" : 1741457806779,
          "stop" : 1741457813982,
          "duration" : 7203
        }
      }, {
        "uid" : "3c11101c3052e3d5",
        "reportUrl" : "https://Nat754.github.io/PulseWave/321//#testresult/3c11101c3052e3d5",
        "status" : "passed",
        "time" : {
          "start" : 1741371753224,
          "stop" : 1741371762273,
          "duration" : 9049
        }
      }, {
        "uid" : "b57121251989bc81",
        "reportUrl" : "https://Nat754.github.io/PulseWave/320//#testresult/b57121251989bc81",
        "status" : "passed",
        "time" : {
          "start" : 1741285188228,
          "stop" : 1741285198475,
          "duration" : 10247
        }
      }, {
        "uid" : "10203ad9729f8371",
        "reportUrl" : "https://Nat754.github.io/PulseWave/319//#testresult/10203ad9729f8371",
        "status" : "passed",
        "time" : {
          "start" : 1741198980590,
          "stop" : 1741198989776,
          "duration" : 9186
        }
      }, {
        "uid" : "673531855f1d2448",
        "reportUrl" : "https://Nat754.github.io/PulseWave/318//#testresult/673531855f1d2448",
        "status" : "passed",
        "time" : {
          "start" : 1741112548767,
          "stop" : 1741112557180,
          "duration" : 8413
        }
      }, {
        "uid" : "f1c1ec6cf4c5040",
        "reportUrl" : "https://Nat754.github.io/PulseWave/317//#testresult/f1c1ec6cf4c5040",
        "status" : "passed",
        "time" : {
          "start" : 1741026094124,
          "stop" : 1741026103259,
          "duration" : 9135
        }
      }, {
        "uid" : "38b7c7ad87ff3d38",
        "reportUrl" : "https://Nat754.github.io/PulseWave/316//#testresult/38b7c7ad87ff3d38",
        "status" : "passed",
        "time" : {
          "start" : 1740939506884,
          "stop" : 1740939514114,
          "duration" : 7230
        }
      }, {
        "uid" : "3b02a506a8a1794b",
        "reportUrl" : "https://Nat754.github.io/PulseWave/315//#testresult/3b02a506a8a1794b",
        "status" : "passed",
        "time" : {
          "start" : 1740853112999,
          "stop" : 1740853135739,
          "duration" : 22740
        }
      }, {
        "uid" : "51d66e6e0650f61a",
        "reportUrl" : "https://Nat754.github.io/PulseWave/314//#testresult/51d66e6e0650f61a",
        "status" : "passed",
        "time" : {
          "start" : 1740766844517,
          "stop" : 1740766852197,
          "duration" : 7680
        }
      }, {
        "uid" : "e22b8fa9c6fc4039",
        "reportUrl" : "https://Nat754.github.io/PulseWave/313//#testresult/e22b8fa9c6fc4039",
        "status" : "passed",
        "time" : {
          "start" : 1740680378239,
          "stop" : 1740680385077,
          "duration" : 6838
        }
      }, {
        "uid" : "f947b13b79ca1a7e",
        "reportUrl" : "https://Nat754.github.io/PulseWave/312//#testresult/f947b13b79ca1a7e",
        "status" : "passed",
        "time" : {
          "start" : 1740594225572,
          "stop" : 1740594234298,
          "duration" : 8726
        }
      }, {
        "uid" : "bf4d3a1426e750fa",
        "reportUrl" : "https://Nat754.github.io/PulseWave/311//#testresult/bf4d3a1426e750fa",
        "status" : "passed",
        "time" : {
          "start" : 1740507663865,
          "stop" : 1740507670942,
          "duration" : 7077
        }
      }, {
        "uid" : "3c7cad6c6c13a090",
        "reportUrl" : "https://Nat754.github.io/PulseWave/310//#testresult/3c7cad6c6c13a090",
        "status" : "passed",
        "time" : {
          "start" : 1740421364300,
          "stop" : 1740421380086,
          "duration" : 15786
        }
      }, {
        "uid" : "4bd01ce675d6a987",
        "reportUrl" : "https://Nat754.github.io/PulseWave/309//#testresult/4bd01ce675d6a987",
        "status" : "passed",
        "time" : {
          "start" : 1740334789856,
          "stop" : 1740334797397,
          "duration" : 7541
        }
      }, {
        "uid" : "21995ae7c0de50ad",
        "reportUrl" : "https://Nat754.github.io/PulseWave/308//#testresult/21995ae7c0de50ad",
        "status" : "passed",
        "time" : {
          "start" : 1740248396434,
          "stop" : 1740248405647,
          "duration" : 9213
        }
      }, {
        "uid" : "81119f892d65d633",
        "reportUrl" : "https://Nat754.github.io/PulseWave/307//#testresult/81119f892d65d633",
        "status" : "passed",
        "time" : {
          "start" : 1740162132250,
          "stop" : 1740162148059,
          "duration" : 15809
        }
      } ]
    },
    "tags" : [ "smoke" ]
  },
  "source" : "d72596be3ec2375.json",
  "parameterValues" : [ "'chrome'" ]
}