{
  "uid" : "451df9f66a59cfce",
  "name" : "3.2, 3.2.1 Восстановить пароль на корректный емайл",
  "fullName" : "tests.test_password_recovery.test_password_recovery.TestPasswordRecoveryPage#test_recovery_password_to_fill_correct_email",
  "historyId" : "3fbb91d2b204c3d1abb80d32ac377e08",
  "time" : {
    "start" : 1727578976160,
    "stop" : 1727578990028,
    "duration" : 13868
  },
  "status" : "broken",
  "statusMessage" : "selenium.common.exceptions.StaleElementReferenceException: Message: stale element reference: stale element not found in the current frame\n  (Session info: chrome=129.0.6668.58); For documentation on this error, please visit: https://www.selenium.dev/documentation/webdriver/troubleshooting/errors#stale-element-reference-exception\nStacktrace:\n#0 0x5647236bf13a <unknown>\n#1 0x5647233a55e0 <unknown>\n#2 0x5647233ab443 <unknown>\n#3 0x5647233ad105 <unknown>\n#4 0x5647233ad18c <unknown>\n#5 0x5647233ef561 <unknown>\n#6 0x564723419b22 <unknown>\n#7 0x5647233e9478 <unknown>\n#8 0x564723419cee <unknown>\n#9 0x564723438d7d <unknown>\n#10 0x5647234198c3 <unknown>\n#11 0x5647233e76b3 <unknown>\n#12 0x5647233e868e <unknown>\n#13 0x564723689b3b <unknown>\n#14 0x56472368dac1 <unknown>\n#15 0x564723676335 <unknown>\n#16 0x56472368e642 <unknown>\n#17 0x56472365b49f <unknown>\n#18 0x5647236ae038 <unknown>\n#19 0x5647236ae203 <unknown>\n#20 0x5647236bdf8c <unknown>\n#21 0x7f5f3de94ac3 <unknown>",
  "statusTrace" : "self = <tests.test_password_recovery.test_password_recovery.TestPasswordRecoveryPage object at 0x7f3e3f81e360>\nrecovery_page_open = <pages.password_recovery_page.PasswordRecoveryPage object at 0x7f3e3f84c890>\ndriver = <selenium.webdriver.chrome.webdriver.WebDriver (session=\"3ad33f43867143aa88d16617438dbaae\")>\n\n    @allure.title(\"3.2, 3.2.1 Восстановить пароль на корректный емайл\")\n    @pytest.mark.regress\n    def test_recovery_password_to_fill_correct_email(self, recovery_page_open, driver):\n        with allure.step('Заполнить поле емайл'):\n            recovery_page_open.fill_email_to_recovery_password(email_auth)\n        with allure.step(\"Нажать кнопку 'Продолжить'\"):\n            recovery_page_open.click_resume_button()\n        time.sleep(10)  # Получить ссылку на емайл\n        link = self.page.get_link_recovery_password_by_email()\n        driver.get(link)\n        with allure.step('Ввести пароль в поле пароль'):\n            recovery_page_open.fill_password_recovery(password0)\n        with allure.step('Ввести пароль в поле подтверждение пароля'):\n            recovery_page_open.fill_confirm_password_recovery(password0)\n        with allure.step(\"Нажать кнопку 'Сохранить пароль'\"):\n            recovery_page_open.click_resume_button()\n        with allure.step(\"Нажать кнопку 'Ок' - подтвердить переход на страницу авторизации\"):\n>           recovery_page_open.click_resume_button()\n\ntests/test_password_recovery/test_password_recovery.py:67: \n_ _ _ _ _ _ _ _ _ _ _ _ _ _ _ _ _ _ _ _ _ _ _ _ _ _ _ _ _ _ _ _ _ _ _ _ _ _ _ _ \npages/password_recovery_page.py:48: in click_resume_button\n    return self.element_is_clickable(self.locator.SUBMIT_BUTTON).click()\npages/base_page.py:61: in element_is_clickable\n    return Wait(self.driver, self.timeout).until(es.element_to_be_clickable(locator))\n/opt/hostedtoolcache/Python/3.12.6/x64/lib/python3.12/site-packages/selenium/webdriver/support/wait.py:96: in until\n    value = method(self._driver)\n/opt/hostedtoolcache/Python/3.12.6/x64/lib/python3.12/site-packages/selenium/webdriver/support/expected_conditions.py:365: in _predicate\n    if element and element.is_enabled():\n/opt/hostedtoolcache/Python/3.12.6/x64/lib/python3.12/site-packages/selenium/webdriver/remote/webelement.py:192: in is_enabled\n    return self._execute(Command.IS_ELEMENT_ENABLED)[\"value\"]\n/opt/hostedtoolcache/Python/3.12.6/x64/lib/python3.12/site-packages/selenium/webdriver/remote/webelement.py:395: in _execute\n    return self._parent.execute(command, params)\n/opt/hostedtoolcache/Python/3.12.6/x64/lib/python3.12/site-packages/selenium/webdriver/remote/webdriver.py:347: in execute\n    self.error_handler.check_response(response)\n_ _ _ _ _ _ _ _ _ _ _ _ _ _ _ _ _ _ _ _ _ _ _ _ _ _ _ _ _ _ _ _ _ _ _ _ _ _ _ _ \n\nself = <selenium.webdriver.remote.errorhandler.ErrorHandler object at 0x7f3e3f84f590>\nresponse = {'status': 404, 'value': '{\"value\":{\"error\":\"stale element reference\",\"message\":\"stale element reference: stale elemen...\\\\n#19 0x5647236ae203 \\\\u003Cunknown>\\\\n#20 0x5647236bdf8c \\\\u003Cunknown>\\\\n#21 0x7f5f3de94ac3 \\\\u003Cunknown>\\\\n\"}}'}\n\n    def check_response(self, response: Dict[str, Any]) -> None:\n        \"\"\"Checks that a JSON response from the WebDriver does not have an\n        error.\n    \n        :Args:\n         - response - The JSON response from the WebDriver server as a dictionary\n           object.\n    \n        :Raises: If the response contains an error message.\n        \"\"\"\n        status = response.get(\"status\", None)\n        if not status or status == ErrorCode.SUCCESS:\n            return\n        value = None\n        message = response.get(\"message\", \"\")\n        screen: str = response.get(\"screen\", \"\")\n        stacktrace = None\n        if isinstance(status, int):\n            value_json = response.get(\"value\", None)\n            if value_json and isinstance(value_json, str):\n                import json\n    \n                try:\n                    value = json.loads(value_json)\n                    if len(value) == 1:\n                        value = value[\"value\"]\n                    status = value.get(\"error\", None)\n                    if not status:\n                        status = value.get(\"status\", ErrorCode.UNKNOWN_ERROR)\n                        message = value.get(\"value\") or value.get(\"message\")\n                        if not isinstance(message, str):\n                            value = message\n                            message = message.get(\"message\")\n                    else:\n                        message = value.get(\"message\", None)\n                except ValueError:\n                    pass\n    \n        exception_class: Type[WebDriverException]\n        e = ErrorCode()\n        error_codes = [item for item in dir(e) if not item.startswith(\"__\")]\n        for error_code in error_codes:\n            error_info = getattr(ErrorCode, error_code)\n            if isinstance(error_info, list) and status in error_info:\n                exception_class = getattr(ExceptionMapping, error_code, WebDriverException)\n                break\n        else:\n            exception_class = WebDriverException\n    \n        if not value:\n            value = response[\"value\"]\n        if isinstance(value, str):\n            raise exception_class(value)\n        if message == \"\" and \"message\" in value:\n            message = value[\"message\"]\n    \n        screen = None  # type: ignore[assignment]\n        if \"screen\" in value:\n            screen = value[\"screen\"]\n    \n        stacktrace = None\n        st_value = value.get(\"stackTrace\") or value.get(\"stacktrace\")\n        if st_value:\n            if isinstance(st_value, str):\n                stacktrace = st_value.split(\"\\n\")\n            else:\n                stacktrace = []\n                try:\n                    for frame in st_value:\n                        line = frame.get(\"lineNumber\", \"\")\n                        file = frame.get(\"fileName\", \"<anonymous>\")\n                        if line:\n                            file = f\"{file}:{line}\"\n                        meth = frame.get(\"methodName\", \"<anonymous>\")\n                        if \"className\" in frame:\n                            meth = f\"{frame['className']}.{meth}\"\n                        msg = \"    at %s (%s)\"\n                        msg = msg % (meth, file)\n                        stacktrace.append(msg)\n                except TypeError:\n                    pass\n        if exception_class == UnexpectedAlertPresentException:\n            alert_text = None\n            if \"data\" in value:\n                alert_text = value[\"data\"].get(\"text\")\n            elif \"alert\" in value:\n                alert_text = value[\"alert\"].get(\"text\")\n            raise exception_class(message, screen, stacktrace, alert_text)  # type: ignore[call-arg]  # mypy is not smart enough here\n>       raise exception_class(message, screen, stacktrace)\nE       selenium.common.exceptions.StaleElementReferenceException: Message: stale element reference: stale element not found in the current frame\nE         (Session info: chrome=129.0.6668.58); For documentation on this error, please visit: https://www.selenium.dev/documentation/webdriver/troubleshooting/errors#stale-element-reference-exception\nE       Stacktrace:\nE       #0 0x5647236bf13a <unknown>\nE       #1 0x5647233a55e0 <unknown>\nE       #2 0x5647233ab443 <unknown>\nE       #3 0x5647233ad105 <unknown>\nE       #4 0x5647233ad18c <unknown>\nE       #5 0x5647233ef561 <unknown>\nE       #6 0x564723419b22 <unknown>\nE       #7 0x5647233e9478 <unknown>\nE       #8 0x564723419cee <unknown>\nE       #9 0x564723438d7d <unknown>\nE       #10 0x5647234198c3 <unknown>\nE       #11 0x5647233e76b3 <unknown>\nE       #12 0x5647233e868e <unknown>\nE       #13 0x564723689b3b <unknown>\nE       #14 0x56472368dac1 <unknown>\nE       #15 0x564723676335 <unknown>\nE       #16 0x56472368e642 <unknown>\nE       #17 0x56472365b49f <unknown>\nE       #18 0x5647236ae038 <unknown>\nE       #19 0x5647236ae203 <unknown>\nE       #20 0x5647236bdf8c <unknown>\nE       #21 0x7f5f3de94ac3 <unknown>\n\n/opt/hostedtoolcache/Python/3.12.6/x64/lib/python3.12/site-packages/selenium/webdriver/remote/errorhandler.py:229: StaleElementReferenceException",
  "flaky" : false,
  "newFailed" : false,
  "beforeStages" : [ {
    "name" : "clear_allure_results_folder",
    "time" : {
      "start" : 1727578166448,
      "stop" : 1727578166448,
      "duration" : 0
    },
    "status" : "passed",
    "steps" : [ ],
    "attachments" : [ ],
    "parameters" : [ ],
    "stepsCount" : 0,
    "attachmentsCount" : 0,
    "shouldDisplayMessage" : false,
    "hasContent" : false
  }, {
    "name" : "_session_faker",
    "time" : {
      "start" : 1727578166430,
      "stop" : 1727578166448,
      "duration" : 18
    },
    "status" : "passed",
    "steps" : [ ],
    "attachments" : [ ],
    "parameters" : [ ],
    "stepsCount" : 0,
    "attachmentsCount" : 0,
    "shouldDisplayMessage" : false,
    "hasContent" : false
  }, {
    "name" : "recovery_page_open",
    "time" : {
      "start" : 1727578973594,
      "stop" : 1727578976160,
      "duration" : 2566
    },
    "status" : "passed",
    "steps" : [ {
      "name" : "Проверка видимости кнопки 'Принимаю все' в сообщении о принятии файлов cookie",
      "time" : {
        "start" : 1727578976069,
        "stop" : 1727578976107,
        "duration" : 38
      },
      "status" : "passed",
      "steps" : [ ],
      "attachments" : [ ],
      "parameters" : [ ],
      "stepsCount" : 0,
      "attachmentsCount" : 0,
      "shouldDisplayMessage" : false,
      "hasContent" : false
    } ],
    "attachments" : [ ],
    "parameters" : [ ],
    "stepsCount" : 1,
    "attachmentsCount" : 0,
    "shouldDisplayMessage" : false,
    "hasContent" : true
  }, {
    "name" : "driver",
    "time" : {
      "start" : 1727578973324,
      "stop" : 1727578973594,
      "duration" : 270
    },
    "status" : "passed",
    "steps" : [ ],
    "attachments" : [ ],
    "parameters" : [ ],
    "stepsCount" : 0,
    "attachmentsCount" : 0,
    "shouldDisplayMessage" : false,
    "hasContent" : false
  } ],
  "testStage" : {
    "status" : "broken",
    "statusMessage" : "selenium.common.exceptions.StaleElementReferenceException: Message: stale element reference: stale element not found in the current frame\n  (Session info: chrome=129.0.6668.58); For documentation on this error, please visit: https://www.selenium.dev/documentation/webdriver/troubleshooting/errors#stale-element-reference-exception\nStacktrace:\n#0 0x5647236bf13a <unknown>\n#1 0x5647233a55e0 <unknown>\n#2 0x5647233ab443 <unknown>\n#3 0x5647233ad105 <unknown>\n#4 0x5647233ad18c <unknown>\n#5 0x5647233ef561 <unknown>\n#6 0x564723419b22 <unknown>\n#7 0x5647233e9478 <unknown>\n#8 0x564723419cee <unknown>\n#9 0x564723438d7d <unknown>\n#10 0x5647234198c3 <unknown>\n#11 0x5647233e76b3 <unknown>\n#12 0x5647233e868e <unknown>\n#13 0x564723689b3b <unknown>\n#14 0x56472368dac1 <unknown>\n#15 0x564723676335 <unknown>\n#16 0x56472368e642 <unknown>\n#17 0x56472365b49f <unknown>\n#18 0x5647236ae038 <unknown>\n#19 0x5647236ae203 <unknown>\n#20 0x5647236bdf8c <unknown>\n#21 0x7f5f3de94ac3 <unknown>",
    "statusTrace" : "self = <tests.test_password_recovery.test_password_recovery.TestPasswordRecoveryPage object at 0x7f3e3f81e360>\nrecovery_page_open = <pages.password_recovery_page.PasswordRecoveryPage object at 0x7f3e3f84c890>\ndriver = <selenium.webdriver.chrome.webdriver.WebDriver (session=\"3ad33f43867143aa88d16617438dbaae\")>\n\n    @allure.title(\"3.2, 3.2.1 Восстановить пароль на корректный емайл\")\n    @pytest.mark.regress\n    def test_recovery_password_to_fill_correct_email(self, recovery_page_open, driver):\n        with allure.step('Заполнить поле емайл'):\n            recovery_page_open.fill_email_to_recovery_password(email_auth)\n        with allure.step(\"Нажать кнопку 'Продолжить'\"):\n            recovery_page_open.click_resume_button()\n        time.sleep(10)  # Получить ссылку на емайл\n        link = self.page.get_link_recovery_password_by_email()\n        driver.get(link)\n        with allure.step('Ввести пароль в поле пароль'):\n            recovery_page_open.fill_password_recovery(password0)\n        with allure.step('Ввести пароль в поле подтверждение пароля'):\n            recovery_page_open.fill_confirm_password_recovery(password0)\n        with allure.step(\"Нажать кнопку 'Сохранить пароль'\"):\n            recovery_page_open.click_resume_button()\n        with allure.step(\"Нажать кнопку 'Ок' - подтвердить переход на страницу авторизации\"):\n>           recovery_page_open.click_resume_button()\n\ntests/test_password_recovery/test_password_recovery.py:67: \n_ _ _ _ _ _ _ _ _ _ _ _ _ _ _ _ _ _ _ _ _ _ _ _ _ _ _ _ _ _ _ _ _ _ _ _ _ _ _ _ \npages/password_recovery_page.py:48: in click_resume_button\n    return self.element_is_clickable(self.locator.SUBMIT_BUTTON).click()\npages/base_page.py:61: in element_is_clickable\n    return Wait(self.driver, self.timeout).until(es.element_to_be_clickable(locator))\n/opt/hostedtoolcache/Python/3.12.6/x64/lib/python3.12/site-packages/selenium/webdriver/support/wait.py:96: in until\n    value = method(self._driver)\n/opt/hostedtoolcache/Python/3.12.6/x64/lib/python3.12/site-packages/selenium/webdriver/support/expected_conditions.py:365: in _predicate\n    if element and element.is_enabled():\n/opt/hostedtoolcache/Python/3.12.6/x64/lib/python3.12/site-packages/selenium/webdriver/remote/webelement.py:192: in is_enabled\n    return self._execute(Command.IS_ELEMENT_ENABLED)[\"value\"]\n/opt/hostedtoolcache/Python/3.12.6/x64/lib/python3.12/site-packages/selenium/webdriver/remote/webelement.py:395: in _execute\n    return self._parent.execute(command, params)\n/opt/hostedtoolcache/Python/3.12.6/x64/lib/python3.12/site-packages/selenium/webdriver/remote/webdriver.py:347: in execute\n    self.error_handler.check_response(response)\n_ _ _ _ _ _ _ _ _ _ _ _ _ _ _ _ _ _ _ _ _ _ _ _ _ _ _ _ _ _ _ _ _ _ _ _ _ _ _ _ \n\nself = <selenium.webdriver.remote.errorhandler.ErrorHandler object at 0x7f3e3f84f590>\nresponse = {'status': 404, 'value': '{\"value\":{\"error\":\"stale element reference\",\"message\":\"stale element reference: stale elemen...\\\\n#19 0x5647236ae203 \\\\u003Cunknown>\\\\n#20 0x5647236bdf8c \\\\u003Cunknown>\\\\n#21 0x7f5f3de94ac3 \\\\u003Cunknown>\\\\n\"}}'}\n\n    def check_response(self, response: Dict[str, Any]) -> None:\n        \"\"\"Checks that a JSON response from the WebDriver does not have an\n        error.\n    \n        :Args:\n         - response - The JSON response from the WebDriver server as a dictionary\n           object.\n    \n        :Raises: If the response contains an error message.\n        \"\"\"\n        status = response.get(\"status\", None)\n        if not status or status == ErrorCode.SUCCESS:\n            return\n        value = None\n        message = response.get(\"message\", \"\")\n        screen: str = response.get(\"screen\", \"\")\n        stacktrace = None\n        if isinstance(status, int):\n            value_json = response.get(\"value\", None)\n            if value_json and isinstance(value_json, str):\n                import json\n    \n                try:\n                    value = json.loads(value_json)\n                    if len(value) == 1:\n                        value = value[\"value\"]\n                    status = value.get(\"error\", None)\n                    if not status:\n                        status = value.get(\"status\", ErrorCode.UNKNOWN_ERROR)\n                        message = value.get(\"value\") or value.get(\"message\")\n                        if not isinstance(message, str):\n                            value = message\n                            message = message.get(\"message\")\n                    else:\n                        message = value.get(\"message\", None)\n                except ValueError:\n                    pass\n    \n        exception_class: Type[WebDriverException]\n        e = ErrorCode()\n        error_codes = [item for item in dir(e) if not item.startswith(\"__\")]\n        for error_code in error_codes:\n            error_info = getattr(ErrorCode, error_code)\n            if isinstance(error_info, list) and status in error_info:\n                exception_class = getattr(ExceptionMapping, error_code, WebDriverException)\n                break\n        else:\n            exception_class = WebDriverException\n    \n        if not value:\n            value = response[\"value\"]\n        if isinstance(value, str):\n            raise exception_class(value)\n        if message == \"\" and \"message\" in value:\n            message = value[\"message\"]\n    \n        screen = None  # type: ignore[assignment]\n        if \"screen\" in value:\n            screen = value[\"screen\"]\n    \n        stacktrace = None\n        st_value = value.get(\"stackTrace\") or value.get(\"stacktrace\")\n        if st_value:\n            if isinstance(st_value, str):\n                stacktrace = st_value.split(\"\\n\")\n            else:\n                stacktrace = []\n                try:\n                    for frame in st_value:\n                        line = frame.get(\"lineNumber\", \"\")\n                        file = frame.get(\"fileName\", \"<anonymous>\")\n                        if line:\n                            file = f\"{file}:{line}\"\n                        meth = frame.get(\"methodName\", \"<anonymous>\")\n                        if \"className\" in frame:\n                            meth = f\"{frame['className']}.{meth}\"\n                        msg = \"    at %s (%s)\"\n                        msg = msg % (meth, file)\n                        stacktrace.append(msg)\n                except TypeError:\n                    pass\n        if exception_class == UnexpectedAlertPresentException:\n            alert_text = None\n            if \"data\" in value:\n                alert_text = value[\"data\"].get(\"text\")\n            elif \"alert\" in value:\n                alert_text = value[\"alert\"].get(\"text\")\n            raise exception_class(message, screen, stacktrace, alert_text)  # type: ignore[call-arg]  # mypy is not smart enough here\n>       raise exception_class(message, screen, stacktrace)\nE       selenium.common.exceptions.StaleElementReferenceException: Message: stale element reference: stale element not found in the current frame\nE         (Session info: chrome=129.0.6668.58); For documentation on this error, please visit: https://www.selenium.dev/documentation/webdriver/troubleshooting/errors#stale-element-reference-exception\nE       Stacktrace:\nE       #0 0x5647236bf13a <unknown>\nE       #1 0x5647233a55e0 <unknown>\nE       #2 0x5647233ab443 <unknown>\nE       #3 0x5647233ad105 <unknown>\nE       #4 0x5647233ad18c <unknown>\nE       #5 0x5647233ef561 <unknown>\nE       #6 0x564723419b22 <unknown>\nE       #7 0x5647233e9478 <unknown>\nE       #8 0x564723419cee <unknown>\nE       #9 0x564723438d7d <unknown>\nE       #10 0x5647234198c3 <unknown>\nE       #11 0x5647233e76b3 <unknown>\nE       #12 0x5647233e868e <unknown>\nE       #13 0x564723689b3b <unknown>\nE       #14 0x56472368dac1 <unknown>\nE       #15 0x564723676335 <unknown>\nE       #16 0x56472368e642 <unknown>\nE       #17 0x56472365b49f <unknown>\nE       #18 0x5647236ae038 <unknown>\nE       #19 0x5647236ae203 <unknown>\nE       #20 0x5647236bdf8c <unknown>\nE       #21 0x7f5f3de94ac3 <unknown>\n\n/opt/hostedtoolcache/Python/3.12.6/x64/lib/python3.12/site-packages/selenium/webdriver/remote/errorhandler.py:229: StaleElementReferenceException",
    "steps" : [ {
      "name" : "Заполнить поле емайл",
      "time" : {
        "start" : 1727578976160,
        "stop" : 1727578976247,
        "duration" : 87
      },
      "status" : "passed",
      "steps" : [ ],
      "attachments" : [ ],
      "parameters" : [ ],
      "stepsCount" : 0,
      "attachmentsCount" : 0,
      "shouldDisplayMessage" : false,
      "hasContent" : false
    }, {
      "name" : "Нажать кнопку 'Продолжить'",
      "time" : {
        "start" : 1727578976248,
        "stop" : 1727578976325,
        "duration" : 77
      },
      "status" : "passed",
      "steps" : [ ],
      "attachments" : [ ],
      "parameters" : [ ],
      "stepsCount" : 0,
      "attachmentsCount" : 0,
      "shouldDisplayMessage" : false,
      "hasContent" : false
    }, {
      "name" : "Получить ссылку для смены пароля на email",
      "time" : {
        "start" : 1727578986325,
        "stop" : 1727578988386,
        "duration" : 2061
      },
      "status" : "passed",
      "steps" : [ ],
      "attachments" : [ ],
      "parameters" : [ ],
      "stepsCount" : 0,
      "attachmentsCount" : 0,
      "shouldDisplayMessage" : false,
      "hasContent" : false
    }, {
      "name" : "Ввести пароль в поле пароль",
      "time" : {
        "start" : 1727578988695,
        "stop" : 1727578988782,
        "duration" : 87
      },
      "status" : "passed",
      "steps" : [ ],
      "attachments" : [ ],
      "parameters" : [ ],
      "stepsCount" : 0,
      "attachmentsCount" : 0,
      "shouldDisplayMessage" : false,
      "hasContent" : false
    }, {
      "name" : "Ввести пароль в поле подтверждение пароля",
      "time" : {
        "start" : 1727578988782,
        "stop" : 1727578988868,
        "duration" : 86
      },
      "status" : "passed",
      "steps" : [ ],
      "attachments" : [ ],
      "parameters" : [ ],
      "stepsCount" : 0,
      "attachmentsCount" : 0,
      "shouldDisplayMessage" : false,
      "hasContent" : false
    }, {
      "name" : "Нажать кнопку 'Сохранить пароль'",
      "time" : {
        "start" : 1727578988868,
        "stop" : 1727578988944,
        "duration" : 76
      },
      "status" : "passed",
      "steps" : [ ],
      "attachments" : [ ],
      "parameters" : [ ],
      "stepsCount" : 0,
      "attachmentsCount" : 0,
      "shouldDisplayMessage" : false,
      "hasContent" : false
    }, {
      "name" : "Нажать кнопку 'Ок' - подтвердить переход на страницу авторизации",
      "time" : {
        "start" : 1727578988944,
        "stop" : 1727578990027,
        "duration" : 1083
      },
      "status" : "broken",
      "statusMessage" : "selenium.common.exceptions.StaleElementReferenceException: Message: stale element reference: stale element not found in the current frame\n  (Session info: chrome=129.0.6668.58); For documentation on this error, please visit: https://www.selenium.dev/documentation/webdriver/troubleshooting/errors#stale-element-reference-exception\nStacktrace:\n#0 0x5647236bf13a <unknown>\n#1 0x5647233a55e0 <unknown>\n#2 0x5647233ab443 <unknown>\n#3 0x5647233ad105 <unknown>\n#4 0x5647233ad18c <unknown>\n#5 0x5647233ef561 <unknown>\n#6 0x564723419b22 <unknown>\n#7 0x5647233e9478 <unknown>\n#8 0x564723419cee <unknown>\n#9 0x564723438d7d <unknown>\n#10 0x5647234198c3 <unknown>\n#11 0x5647233e76b3 <unknown>\n#12 0x5647233e868e <unknown>\n#13 0x564723689b3b <unknown>\n#14 0x56472368dac1 <unknown>\n#15 0x564723676335 <unknown>\n#16 0x56472368e642 <unknown>\n#17 0x56472365b49f <unknown>\n#18 0x5647236ae038 <unknown>\n#19 0x5647236ae203 <unknown>\n#20 0x5647236bdf8c <unknown>\n#21 0x7f5f3de94ac3 <unknown>\n\n",
      "statusTrace" : "  File \"/home/runner/work/PulseWave/PulseWave/tests/test_password_recovery/test_password_recovery.py\", line 67, in test_recovery_password_to_fill_correct_email\n    recovery_page_open.click_resume_button()\n  File \"/home/runner/work/PulseWave/PulseWave/pages/password_recovery_page.py\", line 48, in click_resume_button\n    return self.element_is_clickable(self.locator.SUBMIT_BUTTON).click()\n           ^^^^^^^^^^^^^^^^^^^^^^^^^^^^^^^^^^^^^^^^^^^^^^^^^^^^^\n  File \"/home/runner/work/PulseWave/PulseWave/pages/base_page.py\", line 61, in element_is_clickable\n    return Wait(self.driver, self.timeout).until(es.element_to_be_clickable(locator))\n           ^^^^^^^^^^^^^^^^^^^^^^^^^^^^^^^^^^^^^^^^^^^^^^^^^^^^^^^^^^^^^^^^^^^^^^^^^^\n  File \"/opt/hostedtoolcache/Python/3.12.6/x64/lib/python3.12/site-packages/selenium/webdriver/support/wait.py\", line 96, in until\n    value = method(self._driver)\n            ^^^^^^^^^^^^^^^^^^^^\n  File \"/opt/hostedtoolcache/Python/3.12.6/x64/lib/python3.12/site-packages/selenium/webdriver/support/expected_conditions.py\", line 365, in _predicate\n    if element and element.is_enabled():\n                   ^^^^^^^^^^^^^^^^^^^^\n  File \"/opt/hostedtoolcache/Python/3.12.6/x64/lib/python3.12/site-packages/selenium/webdriver/remote/webelement.py\", line 192, in is_enabled\n    return self._execute(Command.IS_ELEMENT_ENABLED)[\"value\"]\n           ^^^^^^^^^^^^^^^^^^^^^^^^^^^^^^^^^^^^^^^^^\n  File \"/opt/hostedtoolcache/Python/3.12.6/x64/lib/python3.12/site-packages/selenium/webdriver/remote/webelement.py\", line 395, in _execute\n    return self._parent.execute(command, params)\n           ^^^^^^^^^^^^^^^^^^^^^^^^^^^^^^^^^^^^^\n  File \"/opt/hostedtoolcache/Python/3.12.6/x64/lib/python3.12/site-packages/selenium/webdriver/remote/webdriver.py\", line 347, in execute\n    self.error_handler.check_response(response)\n  File \"/opt/hostedtoolcache/Python/3.12.6/x64/lib/python3.12/site-packages/selenium/webdriver/remote/errorhandler.py\", line 229, in check_response\n    raise exception_class(message, screen, stacktrace)\n",
      "steps" : [ ],
      "attachments" : [ ],
      "parameters" : [ ],
      "stepsCount" : 0,
      "attachmentsCount" : 0,
      "shouldDisplayMessage" : true,
      "hasContent" : true
    } ],
    "attachments" : [ {
      "uid" : "d1cbb68557071dad",
      "name" : "Screenshot",
      "source" : "d1cbb68557071dad.png",
      "type" : "image/png",
      "size" : 78551
    }, {
      "uid" : "2581d5fa08d15b5a",
      "name" : "HTML source",
      "source" : "2581d5fa08d15b5a.html",
      "type" : "text/html",
      "size" : 96625
    } ],
    "parameters" : [ ],
    "stepsCount" : 7,
    "attachmentsCount" : 2,
    "shouldDisplayMessage" : true,
    "hasContent" : true
  },
  "afterStages" : [ {
    "name" : "driver::0",
    "time" : {
      "start" : 1727578990233,
      "stop" : 1727578990321,
      "duration" : 88
    },
    "status" : "passed",
    "steps" : [ ],
    "attachments" : [ ],
    "parameters" : [ ],
    "stepsCount" : 0,
    "attachmentsCount" : 0,
    "shouldDisplayMessage" : false,
    "hasContent" : false
  } ],
  "labels" : [ {
    "name" : "epic",
    "value" : "Тестирование страницы 'Восстановление пароля'"
  }, {
    "name" : "tag",
    "value" : "regress"
  }, {
    "name" : "parentSuite",
    "value" : "tests.test_password_recovery"
  }, {
    "name" : "suite",
    "value" : "test_password_recovery"
  }, {
    "name" : "subSuite",
    "value" : "TestPasswordRecoveryPage"
  }, {
    "name" : "host",
    "value" : "fv-az532-700"
  }, {
    "name" : "thread",
    "value" : "2268-MainThread"
  }, {
    "name" : "framework",
    "value" : "pytest"
  }, {
    "name" : "language",
    "value" : "cpython3"
  }, {
    "name" : "package",
    "value" : "tests.test_password_recovery.test_password_recovery"
  }, {
    "name" : "resultFormat",
    "value" : "allure2"
  } ],
  "parameters" : [ {
    "name" : "browser",
    "value" : "'chrome'"
  } ],
  "links" : [ ],
  "hidden" : false,
  "retry" : false,
  "extra" : {
    "severity" : "normal",
    "retries" : [ ],
    "categories" : [ {
      "name" : "Test defects",
      "matchedStatuses" : [ ],
      "flaky" : false
    } ],
    "history" : {
      "statistic" : {
        "failed" : 0,
        "broken" : 8,
        "skipped" : 30,
        "passed" : 141,
        "unknown" : 0,
        "total" : 179
      },
      "items" : [ {
        "uid" : "76cc60061398aae",
        "reportUrl" : "https://Nat754.github.io/PulseWave/161//#testresult/76cc60061398aae",
        "status" : "passed",
        "time" : {
          "start" : 1727492065340,
          "stop" : 1727492081406,
          "duration" : 16066
        }
      }, {
        "uid" : "2f5429ca7eaed41f",
        "reportUrl" : "https://Nat754.github.io/PulseWave/160//#testresult/2f5429ca7eaed41f",
        "status" : "passed",
        "time" : {
          "start" : 1727406070596,
          "stop" : 1727406118125,
          "duration" : 47529
        }
      }, {
        "uid" : "52c697365abd3da3",
        "reportUrl" : "https://Nat754.github.io/PulseWave/159//#testresult/52c697365abd3da3",
        "status" : "passed",
        "time" : {
          "start" : 1727319314299,
          "stop" : 1727319330503,
          "duration" : 16204
        }
      }, {
        "uid" : "941c6ea914fb0a03",
        "reportUrl" : "https://Nat754.github.io/PulseWave/158//#testresult/941c6ea914fb0a03",
        "status" : "passed",
        "time" : {
          "start" : 1727233050321,
          "stop" : 1727233066044,
          "duration" : 15723
        }
      }, {
        "uid" : "825bd268556adff",
        "reportUrl" : "https://Nat754.github.io/PulseWave/157//#testresult/825bd268556adff",
        "status" : "passed",
        "time" : {
          "start" : 1727146770958,
          "stop" : 1727146788597,
          "duration" : 17639
        }
      }, {
        "uid" : "45f33420785c5468",
        "reportUrl" : "https://Nat754.github.io/PulseWave/156//#testresult/45f33420785c5468",
        "status" : "passed",
        "time" : {
          "start" : 1727060213460,
          "stop" : 1727060230292,
          "duration" : 16832
        }
      }, {
        "uid" : "e76c0dfa9eced81e",
        "reportUrl" : "https://Nat754.github.io/PulseWave/155//#testresult/e76c0dfa9eced81e",
        "status" : "passed",
        "time" : {
          "start" : 1726974005420,
          "stop" : 1726974023031,
          "duration" : 17611
        }
      }, {
        "uid" : "9b6f0214de97302",
        "reportUrl" : "https://Nat754.github.io/PulseWave/154//#testresult/9b6f0214de97302",
        "status" : "passed",
        "time" : {
          "start" : 1726887094496,
          "stop" : 1726887112301,
          "duration" : 17805
        }
      }, {
        "uid" : "f67317657bf1c5ff",
        "reportUrl" : "https://Nat754.github.io/PulseWave/153//#testresult/f67317657bf1c5ff",
        "status" : "passed",
        "time" : {
          "start" : 1726800847941,
          "stop" : 1726800865281,
          "duration" : 17340
        }
      }, {
        "uid" : "7eeccf91ea64372a",
        "reportUrl" : "https://Nat754.github.io/PulseWave/152//#testresult/7eeccf91ea64372a",
        "status" : "passed",
        "time" : {
          "start" : 1726714507906,
          "stop" : 1726714525391,
          "duration" : 17485
        }
      }, {
        "uid" : "ec1ff02b2147b0f6",
        "reportUrl" : "https://Nat754.github.io/PulseWave/151//#testresult/ec1ff02b2147b0f6",
        "status" : "passed",
        "time" : {
          "start" : 1726627906186,
          "stop" : 1726627923329,
          "duration" : 17143
        }
      }, {
        "uid" : "d4efaafc1d49f701",
        "reportUrl" : "https://Nat754.github.io/PulseWave/150//#testresult/d4efaafc1d49f701",
        "status" : "passed",
        "time" : {
          "start" : 1726540243250,
          "stop" : 1726540260063,
          "duration" : 16813
        }
      }, {
        "uid" : "f11b58e4f55d6b3c",
        "reportUrl" : "https://Nat754.github.io/PulseWave/149//#testresult/f11b58e4f55d6b3c",
        "status" : "broken",
        "statusDetails" : "selenium.common.exceptions.StaleElementReferenceException: Message: stale element reference: stale element not found in the current frame\n  (Session info: chrome=128.0.6613.119); For documentation on this error, please visit: https://www.selenium.dev/documentation/webdriver/troubleshooting/errors#stale-element-reference-exception\nStacktrace:\n#0 0x55e41369686a <unknown>\n#1 0x55e413364e50 <unknown>\n#2 0x55e41336ac68 <unknown>\n#3 0x55e41336c935 <unknown>\n#4 0x55e41336c9bc <unknown>\n#5 0x55e4133af031 <unknown>\n#6 0x55e4133d9492 <unknown>\n#7 0x55e4133a8e89 <unknown>\n#8 0x55e4133d965e <unknown>\n#9 0x55e4133f79c6 <unknown>\n#10 0x55e4133d9233 <unknown>\n#11 0x55e4133a7093 <unknown>\n#12 0x55e4133a809e <unknown>\n#13 0x55e41365dacb <unknown>\n#14 0x55e413661a81 <unknown>\n#15 0x55e413649695 <unknown>\n#16 0x55e4136625f2 <unknown>\n#17 0x55e41362e86f <unknown>\n#18 0x55e413685668 <unknown>\n#19 0x55e413685832 <unknown>\n#20 0x55e41369565c <unknown>\n#21 0x7f886b494ac3 <unknown>",
        "time" : {
          "start" : 1726455650100,
          "stop" : 1726455665010,
          "duration" : 14910
        }
      }, {
        "uid" : "2d35244e37b0c10c",
        "reportUrl" : "https://Nat754.github.io/PulseWave/148//#testresult/2d35244e37b0c10c",
        "status" : "passed",
        "time" : {
          "start" : 1726369103900,
          "stop" : 1726369120873,
          "duration" : 16973
        }
      }, {
        "uid" : "5fd308ad16ccf52e",
        "reportUrl" : "https://Nat754.github.io/PulseWave/147//#testresult/5fd308ad16ccf52e",
        "status" : "passed",
        "time" : {
          "start" : 1726282431213,
          "stop" : 1726282450068,
          "duration" : 18855
        }
      }, {
        "uid" : "932849f2aa640d84",
        "reportUrl" : "https://Nat754.github.io/PulseWave/146//#testresult/932849f2aa640d84",
        "status" : "passed",
        "time" : {
          "start" : 1726195960539,
          "stop" : 1726195977092,
          "duration" : 16553
        }
      }, {
        "uid" : "b934b79d21814a62",
        "reportUrl" : "https://Nat754.github.io/PulseWave/145//#testresult/b934b79d21814a62",
        "status" : "passed",
        "time" : {
          "start" : 1726109683567,
          "stop" : 1726109700629,
          "duration" : 17062
        }
      }, {
        "uid" : "9653daa44b4b4a3b",
        "reportUrl" : "https://Nat754.github.io/PulseWave/144//#testresult/9653daa44b4b4a3b",
        "status" : "broken",
        "statusDetails" : "selenium.common.exceptions.StaleElementReferenceException: Message: stale element reference: stale element not found in the current frame\n  (Session info: chrome=128.0.6613.113); For documentation on this error, please visit: https://www.selenium.dev/documentation/webdriver/troubleshooting/errors#stale-element-reference-exception\nStacktrace:\n#0 0x55e6201ae8da <unknown>\n#1 0x55e61fe7ce50 <unknown>\n#2 0x55e61fe82c68 <unknown>\n#3 0x55e61fe84935 <unknown>\n#4 0x55e61fe849bc <unknown>\n#5 0x55e61fec7031 <unknown>\n#6 0x55e61fef1492 <unknown>\n#7 0x55e61fec0e89 <unknown>\n#8 0x55e61fef165e <unknown>\n#9 0x55e61ff0f9c6 <unknown>\n#10 0x55e61fef1233 <unknown>\n#11 0x55e61febf093 <unknown>\n#12 0x55e61fec009e <unknown>\n#13 0x55e620175b3b <unknown>\n#14 0x55e620179af1 <unknown>\n#15 0x55e620161705 <unknown>\n#16 0x55e62017a662 <unknown>\n#17 0x55e6201468df <unknown>\n#18 0x55e62019d6d8 <unknown>\n#19 0x55e62019d8a2 <unknown>\n#20 0x55e6201ad6cc <unknown>\n#21 0x7ff6e4094ac3 <unknown>",
        "time" : {
          "start" : 1726023198807,
          "stop" : 1726023214465,
          "duration" : 15658
        }
      }, {
        "uid" : "6a536c5c513f5b52",
        "reportUrl" : "https://Nat754.github.io/PulseWave/143//#testresult/6a536c5c513f5b52",
        "status" : "passed",
        "time" : {
          "start" : 1725936703965,
          "stop" : 1725936720726,
          "duration" : 16761
        }
      }, {
        "uid" : "d7222d18caf1a490",
        "reportUrl" : "https://Nat754.github.io/PulseWave/142//#testresult/d7222d18caf1a490",
        "status" : "passed",
        "time" : {
          "start" : 1725850654578,
          "stop" : 1725850672005,
          "duration" : 17427
        }
      } ]
    },
    "tags" : [ "regress" ]
  },
  "source" : "451df9f66a59cfce.json",
  "parameterValues" : [ "'chrome'" ]
}