{
  "uid" : "3b51cdf6d9bb6afd",
  "name" : "Проверка перехода в Рабочие пространства по ссылке На главную",
  "fullName" : "tests.test_workspace_page.test_workspace_page.TestWorkspacePage#test_link_to_main",
  "historyId" : "11b6f02ab206056145597ed767926875",
  "time" : {
    "start" : 1717468865104,
    "stop" : 1717468865131,
    "duration" : 27
  },
  "status" : "broken",
  "statusMessage" : "selenium.common.exceptions.StaleElementReferenceException: Message: stale element reference: stale element not found in the current frame\n  (Session info: chrome-headless-shell=125.0.6422.112); For documentation on this error, please visit: https://www.selenium.dev/documentation/webdriver/troubleshooting/errors#stale-element-reference-exception\nStacktrace:\n#0 0x555898cb4e8a <unknown>\n#1 0x55589899e45c <unknown>\n#2 0x5558989a3b69 <unknown>\n#3 0x5558989a5915 <unknown>\n#4 0x5558989a599c <unknown>\n#5 0x5558989f085e <unknown>\n#6 0x5558989efc36 <unknown>\n#7 0x555898a34f9c <unknown>\n#8 0x555898a0d4b2 <unknown>\n#9 0x555898a2c2cc <unknown>\n#10 0x555898a0d253 <unknown>\n#11 0x5558989dd1c7 <unknown>\n#12 0x5558989ddb3e <unknown>\n#13 0x555898c7b2cb <unknown>\n#14 0x555898c7f377 <unknown>\n#15 0x555898c67dfe <unknown>\n#16 0x555898c7fe42 <unknown>\n#17 0x555898c4c79f <unknown>\n#18 0x555898ca4178 <unknown>\n#19 0x555898ca434b <unknown>\n#20 0x555898cb3fbc <unknown>\n#21 0x7f5c44c94ac3 <unknown>",
  "statusTrace" : "self = <tests.test_workspace_page.test_workspace_page.TestWorkspacePage object at 0x7f1f4f16f8c0>\nauth_user = <pages.login_page.LoginPage object at 0x7f1f4f194bc0>\ndriver = <selenium.webdriver.chrome.webdriver.WebDriver (session=\"4b74e1f821caac2513d874ce58c816e0\")>\n\n    @allure.title(f\"Проверка перехода в {wsconst.WORKSPACE_TITLE} по ссылке {message.TO_MAIN_TEXT}\")\n    @pytest.mark.regress\n    def test_link_to_main(self, auth_user, driver):\n        page = SignUpPage(driver)\n>       page.click_button_avatar()\n\ntests/test_workspace_page/test_workspace_page.py:60: \n_ _ _ _ _ _ _ _ _ _ _ _ _ _ _ _ _ _ _ _ _ _ _ _ _ _ _ _ _ _ _ _ _ _ _ _ _ _ _ _ \npages/signup_page.py:92: in click_button_avatar\n    self.action_move_to_element(element)\npages/base_page.py:76: in action_move_to_element\n    action.perform()\n/opt/hostedtoolcache/Python/3.12.3/x64/lib/python3.12/site-packages/selenium/webdriver/common/action_chains.py:94: in perform\n    self.w3c_actions.perform()\n/opt/hostedtoolcache/Python/3.12.3/x64/lib/python3.12/site-packages/selenium/webdriver/common/actions/action_builder.py:96: in perform\n    self.driver.execute(Command.W3C_ACTIONS, enc)\n/opt/hostedtoolcache/Python/3.12.3/x64/lib/python3.12/site-packages/selenium/webdriver/remote/webdriver.py:347: in execute\n    self.error_handler.check_response(response)\n_ _ _ _ _ _ _ _ _ _ _ _ _ _ _ _ _ _ _ _ _ _ _ _ _ _ _ _ _ _ _ _ _ _ _ _ _ _ _ _ \n\nself = <selenium.webdriver.remote.errorhandler.ErrorHandler object at 0x7f1f4f1957f0>\nresponse = {'status': 404, 'value': '{\"value\":{\"error\":\"stale element reference\",\"message\":\"stale element reference: stale elemen...\\\\n#19 0x555898ca434b \\\\u003Cunknown>\\\\n#20 0x555898cb3fbc \\\\u003Cunknown>\\\\n#21 0x7f5c44c94ac3 \\\\u003Cunknown>\\\\n\"}}'}\n\n    def check_response(self, response: Dict[str, Any]) -> None:\n        \"\"\"Checks that a JSON response from the WebDriver does not have an\n        error.\n    \n        :Args:\n         - response - The JSON response from the WebDriver server as a dictionary\n           object.\n    \n        :Raises: If the response contains an error message.\n        \"\"\"\n        status = response.get(\"status\", None)\n        if not status or status == ErrorCode.SUCCESS:\n            return\n        value = None\n        message = response.get(\"message\", \"\")\n        screen: str = response.get(\"screen\", \"\")\n        stacktrace = None\n        if isinstance(status, int):\n            value_json = response.get(\"value\", None)\n            if value_json and isinstance(value_json, str):\n                import json\n    \n                try:\n                    value = json.loads(value_json)\n                    if len(value) == 1:\n                        value = value[\"value\"]\n                    status = value.get(\"error\", None)\n                    if not status:\n                        status = value.get(\"status\", ErrorCode.UNKNOWN_ERROR)\n                        message = value.get(\"value\") or value.get(\"message\")\n                        if not isinstance(message, str):\n                            value = message\n                            message = message.get(\"message\")\n                    else:\n                        message = value.get(\"message\", None)\n                except ValueError:\n                    pass\n    \n        exception_class: Type[WebDriverException]\n        e = ErrorCode()\n        error_codes = [item for item in dir(e) if not item.startswith(\"__\")]\n        for error_code in error_codes:\n            error_info = getattr(ErrorCode, error_code)\n            if isinstance(error_info, list) and status in error_info:\n                exception_class = getattr(ExceptionMapping, error_code, WebDriverException)\n                break\n        else:\n            exception_class = WebDriverException\n    \n        if not value:\n            value = response[\"value\"]\n        if isinstance(value, str):\n            raise exception_class(value)\n        if message == \"\" and \"message\" in value:\n            message = value[\"message\"]\n    \n        screen = None  # type: ignore[assignment]\n        if \"screen\" in value:\n            screen = value[\"screen\"]\n    \n        stacktrace = None\n        st_value = value.get(\"stackTrace\") or value.get(\"stacktrace\")\n        if st_value:\n            if isinstance(st_value, str):\n                stacktrace = st_value.split(\"\\n\")\n            else:\n                stacktrace = []\n                try:\n                    for frame in st_value:\n                        line = frame.get(\"lineNumber\", \"\")\n                        file = frame.get(\"fileName\", \"<anonymous>\")\n                        if line:\n                            file = f\"{file}:{line}\"\n                        meth = frame.get(\"methodName\", \"<anonymous>\")\n                        if \"className\" in frame:\n                            meth = f\"{frame['className']}.{meth}\"\n                        msg = \"    at %s (%s)\"\n                        msg = msg % (meth, file)\n                        stacktrace.append(msg)\n                except TypeError:\n                    pass\n        if exception_class == UnexpectedAlertPresentException:\n            alert_text = None\n            if \"data\" in value:\n                alert_text = value[\"data\"].get(\"text\")\n            elif \"alert\" in value:\n                alert_text = value[\"alert\"].get(\"text\")\n            raise exception_class(message, screen, stacktrace, alert_text)  # type: ignore[call-arg]  # mypy is not smart enough here\n>       raise exception_class(message, screen, stacktrace)\nE       selenium.common.exceptions.StaleElementReferenceException: Message: stale element reference: stale element not found in the current frame\nE         (Session info: chrome-headless-shell=125.0.6422.112); For documentation on this error, please visit: https://www.selenium.dev/documentation/webdriver/troubleshooting/errors#stale-element-reference-exception\nE       Stacktrace:\nE       #0 0x555898cb4e8a <unknown>\nE       #1 0x55589899e45c <unknown>\nE       #2 0x5558989a3b69 <unknown>\nE       #3 0x5558989a5915 <unknown>\nE       #4 0x5558989a599c <unknown>\nE       #5 0x5558989f085e <unknown>\nE       #6 0x5558989efc36 <unknown>\nE       #7 0x555898a34f9c <unknown>\nE       #8 0x555898a0d4b2 <unknown>\nE       #9 0x555898a2c2cc <unknown>\nE       #10 0x555898a0d253 <unknown>\nE       #11 0x5558989dd1c7 <unknown>\nE       #12 0x5558989ddb3e <unknown>\nE       #13 0x555898c7b2cb <unknown>\nE       #14 0x555898c7f377 <unknown>\nE       #15 0x555898c67dfe <unknown>\nE       #16 0x555898c7fe42 <unknown>\nE       #17 0x555898c4c79f <unknown>\nE       #18 0x555898ca4178 <unknown>\nE       #19 0x555898ca434b <unknown>\nE       #20 0x555898cb3fbc <unknown>\nE       #21 0x7f5c44c94ac3 <unknown>\n\n/opt/hostedtoolcache/Python/3.12.3/x64/lib/python3.12/site-packages/selenium/webdriver/remote/errorhandler.py:229: StaleElementReferenceException",
  "flaky" : false,
  "newFailed" : false,
  "beforeStages" : [ {
    "name" : "clear_allure_results_folder",
    "time" : {
      "start" : 1717467885277,
      "stop" : 1717467885277,
      "duration" : 0
    },
    "status" : "passed",
    "steps" : [ ],
    "attachments" : [ ],
    "parameters" : [ ],
    "stepsCount" : 0,
    "attachmentsCount" : 0,
    "shouldDisplayMessage" : false,
    "hasContent" : false
  }, {
    "name" : "_session_faker",
    "time" : {
      "start" : 1717467885259,
      "stop" : 1717467885277,
      "duration" : 18
    },
    "status" : "passed",
    "steps" : [ ],
    "attachments" : [ ],
    "parameters" : [ ],
    "stepsCount" : 0,
    "attachmentsCount" : 0,
    "shouldDisplayMessage" : false,
    "hasContent" : false
  }, {
    "name" : "driver",
    "time" : {
      "start" : 1717468860842,
      "stop" : 1717468861040,
      "duration" : 198
    },
    "status" : "passed",
    "steps" : [ ],
    "attachments" : [ ],
    "parameters" : [ ],
    "stepsCount" : 0,
    "attachmentsCount" : 0,
    "shouldDisplayMessage" : false,
    "hasContent" : false
  }, {
    "name" : "auth_user",
    "time" : {
      "start" : 1717468861041,
      "stop" : 1717468865104,
      "duration" : 4063
    },
    "status" : "passed",
    "steps" : [ {
      "name" : "Проверка видимости кнопки 'Принимаю все' в сообщении о принятии файлов cookie",
      "time" : {
        "start" : 1717468863344,
        "stop" : 1717468863374,
        "duration" : 30
      },
      "status" : "passed",
      "steps" : [ ],
      "attachments" : [ ],
      "parameters" : [ ],
      "stepsCount" : 0,
      "attachmentsCount" : 0,
      "shouldDisplayMessage" : false,
      "hasContent" : false
    }, {
      "name" : "Нажать кнопку 'Войти'",
      "time" : {
        "start" : 1717468863539,
        "stop" : 1717468863587,
        "duration" : 48
      },
      "status" : "passed",
      "steps" : [ ],
      "attachments" : [ ],
      "parameters" : [ ],
      "stepsCount" : 0,
      "attachmentsCount" : 0,
      "shouldDisplayMessage" : false,
      "hasContent" : false
    }, {
      "name" : "Ждать обновление страницы",
      "time" : {
        "start" : 1717468863587,
        "stop" : 1717468865104,
        "duration" : 1517
      },
      "status" : "passed",
      "steps" : [ ],
      "attachments" : [ ],
      "parameters" : [ ],
      "stepsCount" : 0,
      "attachmentsCount" : 0,
      "shouldDisplayMessage" : false,
      "hasContent" : false
    } ],
    "attachments" : [ ],
    "parameters" : [ ],
    "stepsCount" : 3,
    "attachmentsCount" : 0,
    "shouldDisplayMessage" : false,
    "hasContent" : true
  } ],
  "testStage" : {
    "status" : "broken",
    "statusMessage" : "selenium.common.exceptions.StaleElementReferenceException: Message: stale element reference: stale element not found in the current frame\n  (Session info: chrome-headless-shell=125.0.6422.112); For documentation on this error, please visit: https://www.selenium.dev/documentation/webdriver/troubleshooting/errors#stale-element-reference-exception\nStacktrace:\n#0 0x555898cb4e8a <unknown>\n#1 0x55589899e45c <unknown>\n#2 0x5558989a3b69 <unknown>\n#3 0x5558989a5915 <unknown>\n#4 0x5558989a599c <unknown>\n#5 0x5558989f085e <unknown>\n#6 0x5558989efc36 <unknown>\n#7 0x555898a34f9c <unknown>\n#8 0x555898a0d4b2 <unknown>\n#9 0x555898a2c2cc <unknown>\n#10 0x555898a0d253 <unknown>\n#11 0x5558989dd1c7 <unknown>\n#12 0x5558989ddb3e <unknown>\n#13 0x555898c7b2cb <unknown>\n#14 0x555898c7f377 <unknown>\n#15 0x555898c67dfe <unknown>\n#16 0x555898c7fe42 <unknown>\n#17 0x555898c4c79f <unknown>\n#18 0x555898ca4178 <unknown>\n#19 0x555898ca434b <unknown>\n#20 0x555898cb3fbc <unknown>\n#21 0x7f5c44c94ac3 <unknown>",
    "statusTrace" : "self = <tests.test_workspace_page.test_workspace_page.TestWorkspacePage object at 0x7f1f4f16f8c0>\nauth_user = <pages.login_page.LoginPage object at 0x7f1f4f194bc0>\ndriver = <selenium.webdriver.chrome.webdriver.WebDriver (session=\"4b74e1f821caac2513d874ce58c816e0\")>\n\n    @allure.title(f\"Проверка перехода в {wsconst.WORKSPACE_TITLE} по ссылке {message.TO_MAIN_TEXT}\")\n    @pytest.mark.regress\n    def test_link_to_main(self, auth_user, driver):\n        page = SignUpPage(driver)\n>       page.click_button_avatar()\n\ntests/test_workspace_page/test_workspace_page.py:60: \n_ _ _ _ _ _ _ _ _ _ _ _ _ _ _ _ _ _ _ _ _ _ _ _ _ _ _ _ _ _ _ _ _ _ _ _ _ _ _ _ \npages/signup_page.py:92: in click_button_avatar\n    self.action_move_to_element(element)\npages/base_page.py:76: in action_move_to_element\n    action.perform()\n/opt/hostedtoolcache/Python/3.12.3/x64/lib/python3.12/site-packages/selenium/webdriver/common/action_chains.py:94: in perform\n    self.w3c_actions.perform()\n/opt/hostedtoolcache/Python/3.12.3/x64/lib/python3.12/site-packages/selenium/webdriver/common/actions/action_builder.py:96: in perform\n    self.driver.execute(Command.W3C_ACTIONS, enc)\n/opt/hostedtoolcache/Python/3.12.3/x64/lib/python3.12/site-packages/selenium/webdriver/remote/webdriver.py:347: in execute\n    self.error_handler.check_response(response)\n_ _ _ _ _ _ _ _ _ _ _ _ _ _ _ _ _ _ _ _ _ _ _ _ _ _ _ _ _ _ _ _ _ _ _ _ _ _ _ _ \n\nself = <selenium.webdriver.remote.errorhandler.ErrorHandler object at 0x7f1f4f1957f0>\nresponse = {'status': 404, 'value': '{\"value\":{\"error\":\"stale element reference\",\"message\":\"stale element reference: stale elemen...\\\\n#19 0x555898ca434b \\\\u003Cunknown>\\\\n#20 0x555898cb3fbc \\\\u003Cunknown>\\\\n#21 0x7f5c44c94ac3 \\\\u003Cunknown>\\\\n\"}}'}\n\n    def check_response(self, response: Dict[str, Any]) -> None:\n        \"\"\"Checks that a JSON response from the WebDriver does not have an\n        error.\n    \n        :Args:\n         - response - The JSON response from the WebDriver server as a dictionary\n           object.\n    \n        :Raises: If the response contains an error message.\n        \"\"\"\n        status = response.get(\"status\", None)\n        if not status or status == ErrorCode.SUCCESS:\n            return\n        value = None\n        message = response.get(\"message\", \"\")\n        screen: str = response.get(\"screen\", \"\")\n        stacktrace = None\n        if isinstance(status, int):\n            value_json = response.get(\"value\", None)\n            if value_json and isinstance(value_json, str):\n                import json\n    \n                try:\n                    value = json.loads(value_json)\n                    if len(value) == 1:\n                        value = value[\"value\"]\n                    status = value.get(\"error\", None)\n                    if not status:\n                        status = value.get(\"status\", ErrorCode.UNKNOWN_ERROR)\n                        message = value.get(\"value\") or value.get(\"message\")\n                        if not isinstance(message, str):\n                            value = message\n                            message = message.get(\"message\")\n                    else:\n                        message = value.get(\"message\", None)\n                except ValueError:\n                    pass\n    \n        exception_class: Type[WebDriverException]\n        e = ErrorCode()\n        error_codes = [item for item in dir(e) if not item.startswith(\"__\")]\n        for error_code in error_codes:\n            error_info = getattr(ErrorCode, error_code)\n            if isinstance(error_info, list) and status in error_info:\n                exception_class = getattr(ExceptionMapping, error_code, WebDriverException)\n                break\n        else:\n            exception_class = WebDriverException\n    \n        if not value:\n            value = response[\"value\"]\n        if isinstance(value, str):\n            raise exception_class(value)\n        if message == \"\" and \"message\" in value:\n            message = value[\"message\"]\n    \n        screen = None  # type: ignore[assignment]\n        if \"screen\" in value:\n            screen = value[\"screen\"]\n    \n        stacktrace = None\n        st_value = value.get(\"stackTrace\") or value.get(\"stacktrace\")\n        if st_value:\n            if isinstance(st_value, str):\n                stacktrace = st_value.split(\"\\n\")\n            else:\n                stacktrace = []\n                try:\n                    for frame in st_value:\n                        line = frame.get(\"lineNumber\", \"\")\n                        file = frame.get(\"fileName\", \"<anonymous>\")\n                        if line:\n                            file = f\"{file}:{line}\"\n                        meth = frame.get(\"methodName\", \"<anonymous>\")\n                        if \"className\" in frame:\n                            meth = f\"{frame['className']}.{meth}\"\n                        msg = \"    at %s (%s)\"\n                        msg = msg % (meth, file)\n                        stacktrace.append(msg)\n                except TypeError:\n                    pass\n        if exception_class == UnexpectedAlertPresentException:\n            alert_text = None\n            if \"data\" in value:\n                alert_text = value[\"data\"].get(\"text\")\n            elif \"alert\" in value:\n                alert_text = value[\"alert\"].get(\"text\")\n            raise exception_class(message, screen, stacktrace, alert_text)  # type: ignore[call-arg]  # mypy is not smart enough here\n>       raise exception_class(message, screen, stacktrace)\nE       selenium.common.exceptions.StaleElementReferenceException: Message: stale element reference: stale element not found in the current frame\nE         (Session info: chrome-headless-shell=125.0.6422.112); For documentation on this error, please visit: https://www.selenium.dev/documentation/webdriver/troubleshooting/errors#stale-element-reference-exception\nE       Stacktrace:\nE       #0 0x555898cb4e8a <unknown>\nE       #1 0x55589899e45c <unknown>\nE       #2 0x5558989a3b69 <unknown>\nE       #3 0x5558989a5915 <unknown>\nE       #4 0x5558989a599c <unknown>\nE       #5 0x5558989f085e <unknown>\nE       #6 0x5558989efc36 <unknown>\nE       #7 0x555898a34f9c <unknown>\nE       #8 0x555898a0d4b2 <unknown>\nE       #9 0x555898a2c2cc <unknown>\nE       #10 0x555898a0d253 <unknown>\nE       #11 0x5558989dd1c7 <unknown>\nE       #12 0x5558989ddb3e <unknown>\nE       #13 0x555898c7b2cb <unknown>\nE       #14 0x555898c7f377 <unknown>\nE       #15 0x555898c67dfe <unknown>\nE       #16 0x555898c7fe42 <unknown>\nE       #17 0x555898c4c79f <unknown>\nE       #18 0x555898ca4178 <unknown>\nE       #19 0x555898ca434b <unknown>\nE       #20 0x555898cb3fbc <unknown>\nE       #21 0x7f5c44c94ac3 <unknown>\n\n/opt/hostedtoolcache/Python/3.12.3/x64/lib/python3.12/site-packages/selenium/webdriver/remote/errorhandler.py:229: StaleElementReferenceException",
    "steps" : [ {
      "name" : "Нажать на иконку аватара",
      "time" : {
        "start" : 1717468865105,
        "stop" : 1717468865130,
        "duration" : 25
      },
      "status" : "broken",
      "statusMessage" : "selenium.common.exceptions.StaleElementReferenceException: Message: stale element reference: stale element not found in the current frame\n  (Session info: chrome-headless-shell=125.0.6422.112); For documentation on this error, please visit: https://www.selenium.dev/documentation/webdriver/troubleshooting/errors#stale-element-reference-exception\nStacktrace:\n#0 0x555898cb4e8a <unknown>\n#1 0x55589899e45c <unknown>\n#2 0x5558989a3b69 <unknown>\n#3 0x5558989a5915 <unknown>\n#4 0x5558989a599c <unknown>\n#5 0x5558989f085e <unknown>\n#6 0x5558989efc36 <unknown>\n#7 0x555898a34f9c <unknown>\n#8 0x555898a0d4b2 <unknown>\n#9 0x555898a2c2cc <unknown>\n#10 0x555898a0d253 <unknown>\n#11 0x5558989dd1c7 <unknown>\n#12 0x5558989ddb3e <unknown>\n#13 0x555898c7b2cb <unknown>\n#14 0x555898c7f377 <unknown>\n#15 0x555898c67dfe <unknown>\n#16 0x555898c7fe42 <unknown>\n#17 0x555898c4c79f <unknown>\n#18 0x555898ca4178 <unknown>\n#19 0x555898ca434b <unknown>\n#20 0x555898cb3fbc <unknown>\n#21 0x7f5c44c94ac3 <unknown>\n\n",
      "statusTrace" : "  File \"/opt/hostedtoolcache/Python/3.12.3/x64/lib/python3.12/site-packages/allure_commons/_allure.py\", line 192, in impl\n    return func(*a, **kw)\n           ^^^^^^^^^^^^^^\n  File \"/home/runner/work/PulseWave/PulseWave/pages/signup_page.py\", line 92, in click_button_avatar\n    self.action_move_to_element(element)\n  File \"/home/runner/work/PulseWave/PulseWave/pages/base_page.py\", line 76, in action_move_to_element\n    action.perform()\n  File \"/opt/hostedtoolcache/Python/3.12.3/x64/lib/python3.12/site-packages/selenium/webdriver/common/action_chains.py\", line 94, in perform\n    self.w3c_actions.perform()\n  File \"/opt/hostedtoolcache/Python/3.12.3/x64/lib/python3.12/site-packages/selenium/webdriver/common/actions/action_builder.py\", line 96, in perform\n    self.driver.execute(Command.W3C_ACTIONS, enc)\n  File \"/opt/hostedtoolcache/Python/3.12.3/x64/lib/python3.12/site-packages/selenium/webdriver/remote/webdriver.py\", line 347, in execute\n    self.error_handler.check_response(response)\n  File \"/opt/hostedtoolcache/Python/3.12.3/x64/lib/python3.12/site-packages/selenium/webdriver/remote/errorhandler.py\", line 229, in check_response\n    raise exception_class(message, screen, stacktrace)\n",
      "steps" : [ ],
      "attachments" : [ ],
      "parameters" : [ ],
      "stepsCount" : 0,
      "attachmentsCount" : 0,
      "shouldDisplayMessage" : true,
      "hasContent" : true
    } ],
    "attachments" : [ {
      "uid" : "a89012d998de2087",
      "name" : "Screenshot",
      "source" : "a89012d998de2087.png",
      "type" : "image/png",
      "size" : 50298
    }, {
      "uid" : "26bdb52d175cbadd",
      "name" : "HTML source",
      "source" : "26bdb52d175cbadd.html",
      "type" : "text/html",
      "size" : 72617
    } ],
    "parameters" : [ ],
    "stepsCount" : 1,
    "attachmentsCount" : 2,
    "shouldDisplayMessage" : true,
    "hasContent" : true
  },
  "afterStages" : [ {
    "name" : "driver::0",
    "time" : {
      "start" : 1717468865307,
      "stop" : 1717468865367,
      "duration" : 60
    },
    "status" : "passed",
    "steps" : [ ],
    "attachments" : [ ],
    "parameters" : [ ],
    "stepsCount" : 0,
    "attachmentsCount" : 0,
    "shouldDisplayMessage" : false,
    "hasContent" : false
  } ],
  "labels" : [ {
    "name" : "epic",
    "value" : "Тестирование страницы 'Рабочие пространства'"
  }, {
    "name" : "tag",
    "value" : "regress"
  }, {
    "name" : "parentSuite",
    "value" : "tests.test_workspace_page"
  }, {
    "name" : "suite",
    "value" : "test_workspace_page"
  }, {
    "name" : "subSuite",
    "value" : "TestWorkspacePage"
  }, {
    "name" : "host",
    "value" : "fv-az702-606"
  }, {
    "name" : "thread",
    "value" : "2261-MainThread"
  }, {
    "name" : "framework",
    "value" : "pytest"
  }, {
    "name" : "language",
    "value" : "cpython3"
  }, {
    "name" : "package",
    "value" : "tests.test_workspace_page.test_workspace_page"
  }, {
    "name" : "resultFormat",
    "value" : "allure2"
  } ],
  "parameters" : [ {
    "name" : "browser",
    "value" : "'chrome'"
  } ],
  "links" : [ ],
  "hidden" : false,
  "retry" : false,
  "extra" : {
    "severity" : "normal",
    "retries" : [ ],
    "categories" : [ {
      "name" : "Test defects",
      "matchedStatuses" : [ ],
      "flaky" : false
    } ],
    "history" : {
      "statistic" : {
        "failed" : 0,
        "broken" : 9,
        "skipped" : 0,
        "passed" : 43,
        "unknown" : 0,
        "total" : 52
      },
      "items" : [ {
        "uid" : "2855fe7798fc0bf6",
        "reportUrl" : "https://Nat754.github.io/PulseWave/44//#testresult/2855fe7798fc0bf6",
        "status" : "passed",
        "time" : {
          "start" : 1717382768253,
          "stop" : 1717382768670,
          "duration" : 417
        }
      }, {
        "uid" : "f274b14c9cadf21a",
        "reportUrl" : "https://Nat754.github.io/PulseWave/43//#testresult/f274b14c9cadf21a",
        "status" : "passed",
        "time" : {
          "start" : 1717296215048,
          "stop" : 1717296215508,
          "duration" : 460
        }
      }, {
        "uid" : "83021492ad73469e",
        "reportUrl" : "https://Nat754.github.io/PulseWave/42//#testresult/83021492ad73469e",
        "status" : "passed",
        "time" : {
          "start" : 1717210013108,
          "stop" : 1717210013534,
          "duration" : 426
        }
      }, {
        "uid" : "845930afdbc0e18a",
        "reportUrl" : "https://Nat754.github.io/PulseWave/41//#testresult/845930afdbc0e18a",
        "status" : "passed",
        "time" : {
          "start" : 1717123454337,
          "stop" : 1717123454760,
          "duration" : 423
        }
      }, {
        "uid" : "19a5c5cd0d5fa624",
        "reportUrl" : "https://Nat754.github.io/PulseWave/40//#testresult/19a5c5cd0d5fa624",
        "status" : "passed",
        "time" : {
          "start" : 1717036790365,
          "stop" : 1717036790804,
          "duration" : 439
        }
      }, {
        "uid" : "80b4c33b5f427fbf",
        "reportUrl" : "https://Nat754.github.io/PulseWave/39//#testresult/80b4c33b5f427fbf",
        "status" : "passed",
        "time" : {
          "start" : 1716950443201,
          "stop" : 1716950443631,
          "duration" : 430
        }
      }, {
        "uid" : "97b110d03b79b8d1",
        "reportUrl" : "https://Nat754.github.io/PulseWave/38//#testresult/97b110d03b79b8d1",
        "status" : "passed",
        "time" : {
          "start" : 1716864060512,
          "stop" : 1716864060958,
          "duration" : 446
        }
      }, {
        "uid" : "45494b981c681f05",
        "reportUrl" : "https://Nat754.github.io/PulseWave/37//#testresult/45494b981c681f05",
        "status" : "passed",
        "time" : {
          "start" : 1716777688188,
          "stop" : 1716777688604,
          "duration" : 416
        }
      }, {
        "uid" : "6cd17ff63841b9c4",
        "reportUrl" : "https://Nat754.github.io/PulseWave/36//#testresult/6cd17ff63841b9c4",
        "status" : "passed",
        "time" : {
          "start" : 1716691556194,
          "stop" : 1716691556615,
          "duration" : 421
        }
      }, {
        "uid" : "11d81c8d6dd69a4d",
        "reportUrl" : "https://Nat754.github.io/PulseWave/34//#testresult/11d81c8d6dd69a4d",
        "status" : "passed",
        "time" : {
          "start" : 1716639562480,
          "stop" : 1716639562898,
          "duration" : 418
        }
      }, {
        "uid" : "fb29cf5e992b6747",
        "reportUrl" : "https://Nat754.github.io/PulseWave/35//#testresult/fb29cf5e992b6747",
        "status" : "passed",
        "time" : {
          "start" : 1716604659209,
          "stop" : 1716604659620,
          "duration" : 411
        }
      }, {
        "uid" : "35a63f2361e8e3bd",
        "reportUrl" : "https://Nat754.github.io/PulseWave/34//#testresult/35a63f2361e8e3bd",
        "status" : "passed",
        "time" : {
          "start" : 1716518080330,
          "stop" : 1716518080761,
          "duration" : 431
        }
      }, {
        "uid" : "8f1e835f0d346615",
        "reportUrl" : "https://Nat754.github.io/PulseWave/33//#testresult/8f1e835f0d346615",
        "status" : "passed",
        "time" : {
          "start" : 1716432164035,
          "stop" : 1716432164468,
          "duration" : 433
        }
      }, {
        "uid" : "869c7672ad6ebca5",
        "reportUrl" : "https://Nat754.github.io/PulseWave/32//#testresult/869c7672ad6ebca5",
        "status" : "broken",
        "statusDetails" : "selenium.common.exceptions.StaleElementReferenceException: Message: stale element reference: stale element not found in the current frame\n  (Session info: chrome-headless-shell=125.0.6422.60); For documentation on this error, please visit: https://www.selenium.dev/documentation/webdriver/troubleshooting/errors#stale-element-reference-exception\nStacktrace:\n#0 0x555e06e0deca <unknown>\n#1 0x555e06af745c <unknown>\n#2 0x555e06afcb69 <unknown>\n#3 0x555e06afe915 <unknown>\n#4 0x555e06afe99c <unknown>\n#5 0x555e06b47a06 <unknown>\n#6 0x555e06b45b57 <unknown>\n#7 0x555e06b4497c <unknown>\n#8 0x555e06b380ff <unknown>\n#9 0x555e06b664b2 <unknown>\n#10 0x555e06b37a79 <unknown>\n#11 0x555e06b6667e <unknown>\n#12 0x555e06b852cc <unknown>\n#13 0x555e06b66253 <unknown>\n#14 0x555e06b361c7 <unknown>\n#15 0x555e06b36b3e <unknown>\n#16 0x555e06dd430b <unknown>\n#17 0x555e06dd83b7 <unknown>\n#18 0x555e06dc0e3e <unknown>\n#19 0x555e06dd8e82 <unknown>\n#20 0x555e06da57df <unknown>\n#21 0x555e06dfd1b8 <unknown>\n#22 0x555e06dfd38b <unknown>\n#23 0x555e06e0cffc <unknown>\n#24 0x7f7012c94ac3 <unknown>",
        "time" : {
          "start" : 1716345756921,
          "stop" : 1716345757243,
          "duration" : 322
        }
      }, {
        "uid" : "3fa72ab8779315d8",
        "reportUrl" : "https://Nat754.github.io/PulseWave/31//#testresult/3fa72ab8779315d8",
        "status" : "passed",
        "time" : {
          "start" : 1716259033098,
          "stop" : 1716259033527,
          "duration" : 429
        }
      }, {
        "uid" : "1d14cca13baf5dd",
        "reportUrl" : "https://Nat754.github.io/PulseWave/30//#testresult/1d14cca13baf5dd",
        "status" : "passed",
        "time" : {
          "start" : 1716173022724,
          "stop" : 1716173023145,
          "duration" : 421
        }
      }, {
        "uid" : "9d87c14277c69a20",
        "reportUrl" : "https://Nat754.github.io/PulseWave/29//#testresult/9d87c14277c69a20",
        "status" : "passed",
        "time" : {
          "start" : 1716086468380,
          "stop" : 1716086468806,
          "duration" : 426
        }
      }, {
        "uid" : "6ee56f7fde1c0426",
        "reportUrl" : "https://Nat754.github.io/PulseWave/28//#testresult/6ee56f7fde1c0426",
        "status" : "passed",
        "time" : {
          "start" : 1715999851833,
          "stop" : 1715999852261,
          "duration" : 428
        }
      }, {
        "uid" : "149467f3a4b77e85",
        "reportUrl" : "https://Nat754.github.io/PulseWave/27//#testresult/149467f3a4b77e85",
        "status" : "passed",
        "time" : {
          "start" : 1715913701445,
          "stop" : 1715913701867,
          "duration" : 422
        }
      }, {
        "uid" : "3d34daffe42e3fa0",
        "reportUrl" : "https://Nat754.github.io/PulseWave/212//#testresult/3d34daffe42e3fa0",
        "status" : "passed",
        "time" : {
          "start" : 1715842362258,
          "stop" : 1715842362692,
          "duration" : 434
        }
      } ]
    },
    "tags" : [ "regress" ]
  },
  "source" : "3b51cdf6d9bb6afd.json",
  "parameterValues" : [ "'chrome'" ]
}