{
  "uid" : "8e7c66fd0b474ce",
  "name" : "Проверить сообщение об отправке ссылки восстановления пароля на емайл",
  "fullName" : "tests.test_password_recovery.test_password_recovery.TestPasswordRecoveryPage#test_fill_correct_email",
  "historyId" : "31cba4394a235068db88fa9e5b27aa06",
  "time" : {
    "start" : 1714616858537,
    "stop" : 1714616879141,
    "duration" : 20604
  },
  "status" : "broken",
  "statusMessage" : "selenium.common.exceptions.TimeoutException: Message: \nStacktrace:\n#0 0x561f3ce30e33 <unknown>\n#1 0x561f3cb20567 <unknown>\n#2 0x561f3cb6b27d <unknown>\n#3 0x561f3cb6b331 <unknown>\n#4 0x561f3cbae624 <unknown>\n#5 0x561f3cb8d38d <unknown>\n#6 0x561f3cbabae2 <unknown>\n#7 0x561f3cb8d103 <unknown>\n#8 0x561f3cb5e1ba <unknown>\n#9 0x561f3cb5eb8e <unknown>\n#10 0x561f3cdf559b <unknown>\n#11 0x561f3cdf934b <unknown>\n#12 0x561f3cde1681 <unknown>\n#13 0x561f3cdf9eb2 <unknown>\n#14 0x561f3cdc66af <unknown>\n#15 0x561f3ce20428 <unknown>\n#16 0x561f3ce20600 <unknown>\n#17 0x561f3ce2ff84 <unknown>\n#18 0x7ff93a294ac3 <unknown>",
  "statusTrace" : "self = <tests.test_password_recovery.test_password_recovery.TestPasswordRecoveryPage object at 0x7f3d9cdfeb70>\nrecovery_page_open = <pages.password_recovery_page.PasswordRecoveryPage object at 0x7f3d9ce45220>\n\n    @allure.title(\"Проверить сообщение об отправке ссылки восстановления пароля на емайл\")\n    @pytest.mark.regress\n    def test_fill_correct_email(self, recovery_page_open):\n        with allure.step('Заполнить поле емайл'):\n            recovery_page_open.fill_email_to_recovery_password(email_auth)\n        with allure.step(\"Нажать кнопку 'Продолжить'\"):\n            recovery_page_open.click_resume_button()\n>       text = recovery_page_open.get_message_text()\n\ntests/test_password_recovery/test_password_recovery.py:46: \n_ _ _ _ _ _ _ _ _ _ _ _ _ _ _ _ _ _ _ _ _ _ _ _ _ _ _ _ _ _ _ _ _ _ _ _ _ _ _ _ \npages/password_recovery_page.py:52: in get_message_text\n    return self.element_is_visible(self.locator.MESSAGE_SENT_EMAIL).text\npages/base_page.py:19: in element_is_visible\n    self.go_to_element(self.element_is_present(locator))\npages/base_page.py:35: in element_is_present\n    return Wait(self.driver, self.timeout).until(es.presence_of_element_located(locator))\n_ _ _ _ _ _ _ _ _ _ _ _ _ _ _ _ _ _ _ _ _ _ _ _ _ _ _ _ _ _ _ _ _ _ _ _ _ _ _ _ \n\nself = <selenium.webdriver.support.wait.WebDriverWait (session=\"868a50fdbb0a202281d1f47d4cedd587\")>\nmethod = <function presence_of_element_located.<locals>._predicate at 0x7f3d9b2e7920>\nmessage = ''\n\n    def until(self, method: Callable[[D], Union[Literal[False], T]], message: str = \"\") -> T:\n        \"\"\"Calls the method provided with the driver as an argument until the \\\n        return value does not evaluate to ``False``.\n    \n        :param method: callable(WebDriver)\n        :param message: optional message for :exc:`TimeoutException`\n        :returns: the result of the last call to `method`\n        :raises: :exc:`selenium.common.exceptions.TimeoutException` if timeout occurs\n        \"\"\"\n        screen = None\n        stacktrace = None\n    \n        end_time = time.monotonic() + self._timeout\n        while True:\n            try:\n                value = method(self._driver)\n                if value:\n                    return value\n            except self._ignored_exceptions as exc:\n                screen = getattr(exc, \"screen\", None)\n                stacktrace = getattr(exc, \"stacktrace\", None)\n            time.sleep(self._poll)\n            if time.monotonic() > end_time:\n                break\n>       raise TimeoutException(message, screen, stacktrace)\nE       selenium.common.exceptions.TimeoutException: Message: \nE       Stacktrace:\nE       #0 0x561f3ce30e33 <unknown>\nE       #1 0x561f3cb20567 <unknown>\nE       #2 0x561f3cb6b27d <unknown>\nE       #3 0x561f3cb6b331 <unknown>\nE       #4 0x561f3cbae624 <unknown>\nE       #5 0x561f3cb8d38d <unknown>\nE       #6 0x561f3cbabae2 <unknown>\nE       #7 0x561f3cb8d103 <unknown>\nE       #8 0x561f3cb5e1ba <unknown>\nE       #9 0x561f3cb5eb8e <unknown>\nE       #10 0x561f3cdf559b <unknown>\nE       #11 0x561f3cdf934b <unknown>\nE       #12 0x561f3cde1681 <unknown>\nE       #13 0x561f3cdf9eb2 <unknown>\nE       #14 0x561f3cdc66af <unknown>\nE       #15 0x561f3ce20428 <unknown>\nE       #16 0x561f3ce20600 <unknown>\nE       #17 0x561f3ce2ff84 <unknown>\nE       #18 0x7ff93a294ac3 <unknown>\n\n/opt/hostedtoolcache/Python/3.12.3/x64/lib/python3.12/site-packages/selenium/webdriver/support/wait.py:105: TimeoutException",
  "flaky" : false,
  "newFailed" : false,
  "beforeStages" : [ {
    "name" : "clear_allure_results_folder",
    "time" : {
      "start" : 1714616301924,
      "stop" : 1714616301924,
      "duration" : 0
    },
    "status" : "passed",
    "steps" : [ ],
    "attachments" : [ ],
    "parameters" : [ ],
    "stepsCount" : 0,
    "attachmentsCount" : 0,
    "shouldDisplayMessage" : false,
    "hasContent" : false
  }, {
    "name" : "driver",
    "time" : {
      "start" : 1714616855689,
      "stop" : 1714616855886,
      "duration" : 197
    },
    "status" : "passed",
    "steps" : [ ],
    "attachments" : [ ],
    "parameters" : [ ],
    "stepsCount" : 0,
    "attachmentsCount" : 0,
    "shouldDisplayMessage" : false,
    "hasContent" : false
  }, {
    "name" : "_session_faker",
    "time" : {
      "start" : 1714616301908,
      "stop" : 1714616301924,
      "duration" : 16
    },
    "status" : "passed",
    "steps" : [ ],
    "attachments" : [ ],
    "parameters" : [ ],
    "stepsCount" : 0,
    "attachmentsCount" : 0,
    "shouldDisplayMessage" : false,
    "hasContent" : false
  }, {
    "name" : "recovery_page_open",
    "time" : {
      "start" : 1714616855886,
      "stop" : 1714616858536,
      "duration" : 2650
    },
    "status" : "passed",
    "steps" : [ {
      "name" : "Проверка видимости кнопки 'Принимаю все' в сообщении о принятии файлов cookie",
      "time" : {
        "start" : 1714616858476,
        "stop" : 1714616858507,
        "duration" : 31
      },
      "status" : "passed",
      "steps" : [ ],
      "attachments" : [ ],
      "parameters" : [ ],
      "stepsCount" : 0,
      "attachmentsCount" : 0,
      "shouldDisplayMessage" : false,
      "hasContent" : false
    } ],
    "attachments" : [ ],
    "parameters" : [ ],
    "stepsCount" : 1,
    "attachmentsCount" : 0,
    "shouldDisplayMessage" : false,
    "hasContent" : true
  } ],
  "testStage" : {
    "status" : "broken",
    "statusMessage" : "selenium.common.exceptions.TimeoutException: Message: \nStacktrace:\n#0 0x561f3ce30e33 <unknown>\n#1 0x561f3cb20567 <unknown>\n#2 0x561f3cb6b27d <unknown>\n#3 0x561f3cb6b331 <unknown>\n#4 0x561f3cbae624 <unknown>\n#5 0x561f3cb8d38d <unknown>\n#6 0x561f3cbabae2 <unknown>\n#7 0x561f3cb8d103 <unknown>\n#8 0x561f3cb5e1ba <unknown>\n#9 0x561f3cb5eb8e <unknown>\n#10 0x561f3cdf559b <unknown>\n#11 0x561f3cdf934b <unknown>\n#12 0x561f3cde1681 <unknown>\n#13 0x561f3cdf9eb2 <unknown>\n#14 0x561f3cdc66af <unknown>\n#15 0x561f3ce20428 <unknown>\n#16 0x561f3ce20600 <unknown>\n#17 0x561f3ce2ff84 <unknown>\n#18 0x7ff93a294ac3 <unknown>",
    "statusTrace" : "self = <tests.test_password_recovery.test_password_recovery.TestPasswordRecoveryPage object at 0x7f3d9cdfeb70>\nrecovery_page_open = <pages.password_recovery_page.PasswordRecoveryPage object at 0x7f3d9ce45220>\n\n    @allure.title(\"Проверить сообщение об отправке ссылки восстановления пароля на емайл\")\n    @pytest.mark.regress\n    def test_fill_correct_email(self, recovery_page_open):\n        with allure.step('Заполнить поле емайл'):\n            recovery_page_open.fill_email_to_recovery_password(email_auth)\n        with allure.step(\"Нажать кнопку 'Продолжить'\"):\n            recovery_page_open.click_resume_button()\n>       text = recovery_page_open.get_message_text()\n\ntests/test_password_recovery/test_password_recovery.py:46: \n_ _ _ _ _ _ _ _ _ _ _ _ _ _ _ _ _ _ _ _ _ _ _ _ _ _ _ _ _ _ _ _ _ _ _ _ _ _ _ _ \npages/password_recovery_page.py:52: in get_message_text\n    return self.element_is_visible(self.locator.MESSAGE_SENT_EMAIL).text\npages/base_page.py:19: in element_is_visible\n    self.go_to_element(self.element_is_present(locator))\npages/base_page.py:35: in element_is_present\n    return Wait(self.driver, self.timeout).until(es.presence_of_element_located(locator))\n_ _ _ _ _ _ _ _ _ _ _ _ _ _ _ _ _ _ _ _ _ _ _ _ _ _ _ _ _ _ _ _ _ _ _ _ _ _ _ _ \n\nself = <selenium.webdriver.support.wait.WebDriverWait (session=\"868a50fdbb0a202281d1f47d4cedd587\")>\nmethod = <function presence_of_element_located.<locals>._predicate at 0x7f3d9b2e7920>\nmessage = ''\n\n    def until(self, method: Callable[[D], Union[Literal[False], T]], message: str = \"\") -> T:\n        \"\"\"Calls the method provided with the driver as an argument until the \\\n        return value does not evaluate to ``False``.\n    \n        :param method: callable(WebDriver)\n        :param message: optional message for :exc:`TimeoutException`\n        :returns: the result of the last call to `method`\n        :raises: :exc:`selenium.common.exceptions.TimeoutException` if timeout occurs\n        \"\"\"\n        screen = None\n        stacktrace = None\n    \n        end_time = time.monotonic() + self._timeout\n        while True:\n            try:\n                value = method(self._driver)\n                if value:\n                    return value\n            except self._ignored_exceptions as exc:\n                screen = getattr(exc, \"screen\", None)\n                stacktrace = getattr(exc, \"stacktrace\", None)\n            time.sleep(self._poll)\n            if time.monotonic() > end_time:\n                break\n>       raise TimeoutException(message, screen, stacktrace)\nE       selenium.common.exceptions.TimeoutException: Message: \nE       Stacktrace:\nE       #0 0x561f3ce30e33 <unknown>\nE       #1 0x561f3cb20567 <unknown>\nE       #2 0x561f3cb6b27d <unknown>\nE       #3 0x561f3cb6b331 <unknown>\nE       #4 0x561f3cbae624 <unknown>\nE       #5 0x561f3cb8d38d <unknown>\nE       #6 0x561f3cbabae2 <unknown>\nE       #7 0x561f3cb8d103 <unknown>\nE       #8 0x561f3cb5e1ba <unknown>\nE       #9 0x561f3cb5eb8e <unknown>\nE       #10 0x561f3cdf559b <unknown>\nE       #11 0x561f3cdf934b <unknown>\nE       #12 0x561f3cde1681 <unknown>\nE       #13 0x561f3cdf9eb2 <unknown>\nE       #14 0x561f3cdc66af <unknown>\nE       #15 0x561f3ce20428 <unknown>\nE       #16 0x561f3ce20600 <unknown>\nE       #17 0x561f3ce2ff84 <unknown>\nE       #18 0x7ff93a294ac3 <unknown>\n\n/opt/hostedtoolcache/Python/3.12.3/x64/lib/python3.12/site-packages/selenium/webdriver/support/wait.py:105: TimeoutException",
    "steps" : [ {
      "name" : "Заполнить поле емайл",
      "time" : {
        "start" : 1714616858537,
        "stop" : 1714616858612,
        "duration" : 75
      },
      "status" : "passed",
      "steps" : [ ],
      "attachments" : [ ],
      "parameters" : [ ],
      "stepsCount" : 0,
      "attachmentsCount" : 0,
      "shouldDisplayMessage" : false,
      "hasContent" : false
    }, {
      "name" : "Нажать кнопку 'Продолжить'",
      "time" : {
        "start" : 1714616858612,
        "stop" : 1714616858660,
        "duration" : 48
      },
      "status" : "passed",
      "steps" : [ ],
      "attachments" : [ ],
      "parameters" : [ ],
      "stepsCount" : 0,
      "attachmentsCount" : 0,
      "shouldDisplayMessage" : false,
      "hasContent" : false
    }, {
      "name" : "Получить текст сообщения",
      "time" : {
        "start" : 1714616858660,
        "stop" : 1714616879140,
        "duration" : 20480
      },
      "status" : "broken",
      "statusMessage" : "selenium.common.exceptions.TimeoutException: Message: \nStacktrace:\n#0 0x561f3ce30e33 <unknown>\n#1 0x561f3cb20567 <unknown>\n#2 0x561f3cb6b27d <unknown>\n#3 0x561f3cb6b331 <unknown>\n#4 0x561f3cbae624 <unknown>\n#5 0x561f3cb8d38d <unknown>\n#6 0x561f3cbabae2 <unknown>\n#7 0x561f3cb8d103 <unknown>\n#8 0x561f3cb5e1ba <unknown>\n#9 0x561f3cb5eb8e <unknown>\n#10 0x561f3cdf559b <unknown>\n#11 0x561f3cdf934b <unknown>\n#12 0x561f3cde1681 <unknown>\n#13 0x561f3cdf9eb2 <unknown>\n#14 0x561f3cdc66af <unknown>\n#15 0x561f3ce20428 <unknown>\n#16 0x561f3ce20600 <unknown>\n#17 0x561f3ce2ff84 <unknown>\n#18 0x7ff93a294ac3 <unknown>\n\n",
      "statusTrace" : "  File \"/opt/hostedtoolcache/Python/3.12.3/x64/lib/python3.12/site-packages/allure_commons/_allure.py\", line 192, in impl\n    return func(*a, **kw)\n           ^^^^^^^^^^^^^^\n  File \"/home/runner/work/PulseWave/PulseWave/pages/password_recovery_page.py\", line 52, in get_message_text\n    return self.element_is_visible(self.locator.MESSAGE_SENT_EMAIL).text\n           ^^^^^^^^^^^^^^^^^^^^^^^^^^^^^^^^^^^^^^^^^^^^^^^^^^^^^^^^\n  File \"/home/runner/work/PulseWave/PulseWave/pages/base_page.py\", line 19, in element_is_visible\n    self.go_to_element(self.element_is_present(locator))\n                       ^^^^^^^^^^^^^^^^^^^^^^^^^^^^^^^^\n  File \"/home/runner/work/PulseWave/PulseWave/pages/base_page.py\", line 35, in element_is_present\n    return Wait(self.driver, self.timeout).until(es.presence_of_element_located(locator))\n           ^^^^^^^^^^^^^^^^^^^^^^^^^^^^^^^^^^^^^^^^^^^^^^^^^^^^^^^^^^^^^^^^^^^^^^^^^^^^^^\n  File \"/opt/hostedtoolcache/Python/3.12.3/x64/lib/python3.12/site-packages/selenium/webdriver/support/wait.py\", line 105, in until\n    raise TimeoutException(message, screen, stacktrace)\n",
      "steps" : [ ],
      "attachments" : [ ],
      "parameters" : [ ],
      "stepsCount" : 0,
      "attachmentsCount" : 0,
      "shouldDisplayMessage" : true,
      "hasContent" : true
    } ],
    "attachments" : [ {
      "uid" : "5f5d049df79c1200",
      "name" : "Screenshot",
      "source" : "5f5d049df79c1200.png",
      "type" : "image/png",
      "size" : 89996
    }, {
      "uid" : "91c7a25861d21fd",
      "name" : "HTML source",
      "source" : "91c7a25861d21fd.html",
      "type" : "text/html",
      "size" : 96679
    } ],
    "parameters" : [ ],
    "stepsCount" : 3,
    "attachmentsCount" : 2,
    "shouldDisplayMessage" : true,
    "hasContent" : true
  },
  "afterStages" : [ {
    "name" : "driver::0",
    "time" : {
      "start" : 1714616879341,
      "stop" : 1714616879402,
      "duration" : 61
    },
    "status" : "passed",
    "steps" : [ ],
    "attachments" : [ ],
    "parameters" : [ ],
    "stepsCount" : 0,
    "attachmentsCount" : 0,
    "shouldDisplayMessage" : false,
    "hasContent" : false
  } ],
  "labels" : [ {
    "name" : "epic",
    "value" : "Тестирование страницы 'Восстановление пароля'"
  }, {
    "name" : "tag",
    "value" : "regress"
  }, {
    "name" : "parentSuite",
    "value" : "tests.test_password_recovery"
  }, {
    "name" : "suite",
    "value" : "test_password_recovery"
  }, {
    "name" : "subSuite",
    "value" : "TestPasswordRecoveryPage"
  }, {
    "name" : "host",
    "value" : "fv-az1106-694"
  }, {
    "name" : "thread",
    "value" : "2271-MainThread"
  }, {
    "name" : "framework",
    "value" : "pytest"
  }, {
    "name" : "language",
    "value" : "cpython3"
  }, {
    "name" : "package",
    "value" : "tests.test_password_recovery.test_password_recovery"
  }, {
    "name" : "resultFormat",
    "value" : "allure2"
  } ],
  "parameters" : [ {
    "name" : "browser",
    "value" : "'chrome'"
  } ],
  "links" : [ ],
  "hidden" : false,
  "retry" : false,
  "extra" : {
    "severity" : "normal",
    "retries" : [ ],
    "categories" : [ {
      "name" : "Test defects",
      "matchedStatuses" : [ ],
      "flaky" : false
    } ],
    "history" : {
      "statistic" : {
        "failed" : 0,
        "broken" : 5,
        "skipped" : 0,
        "passed" : 11,
        "unknown" : 0,
        "total" : 16
      },
      "items" : [ {
        "uid" : "5e9b927d5e6d78b8",
        "reportUrl" : "https://Nat754.github.io/PulseWave/11//#testresult/5e9b927d5e6d78b8",
        "status" : "broken",
        "statusDetails" : "selenium.common.exceptions.TimeoutException: Message: \nStacktrace:\n#0 0x5603975c9e33 <unknown>\n#1 0x5603972b9567 <unknown>\n#2 0x56039730427d <unknown>\n#3 0x560397304331 <unknown>\n#4 0x560397347624 <unknown>\n#5 0x56039732638d <unknown>\n#6 0x560397344ae2 <unknown>\n#7 0x560397326103 <unknown>\n#8 0x5603972f71ba <unknown>\n#9 0x5603972f7b8e <unknown>\n#10 0x56039758e59b <unknown>\n#11 0x56039759234b <unknown>\n#12 0x56039757a681 <unknown>\n#13 0x560397592eb2 <unknown>\n#14 0x56039755f6af <unknown>\n#15 0x5603975b9428 <unknown>\n#16 0x5603975b9600 <unknown>\n#17 0x5603975c8f84 <unknown>\n#18 0x7fb5a4294ac3 <unknown>",
        "time" : {
          "start" : 1714530786588,
          "stop" : 1714530807191,
          "duration" : 20603
        }
      }, {
        "uid" : "f9dc7de64b28ce60",
        "reportUrl" : "https://Nat754.github.io/PulseWave/10//#testresult/f9dc7de64b28ce60",
        "status" : "broken",
        "statusDetails" : "selenium.common.exceptions.WebDriverException: Message: unknown error: net::ERR_CONNECTION_REFUSED\n  (Session info: chrome-headless-shell=124.0.6367.60)\nStacktrace:\n#0 0x55febc450e33 <unknown>\n#1 0x55febc140567 <unknown>\n#2 0x55febc138879 <unknown>\n#3 0x55febc128852 <unknown>\n#4 0x55febc129e44 <unknown>\n#5 0x55febc128bbe <unknown>\n#6 0x55febc1282e0 <unknown>\n#7 0x55febc128181 <unknown>\n#8 0x55febc1260ec <unknown>\n#9 0x55febc12660a <unknown>\n#10 0x55febc142eef <unknown>\n#11 0x55febc1cc695 <unknown>\n#12 0x55febc1ad362 <unknown>\n#13 0x55febc1cbae2 <unknown>\n#14 0x55febc1ad103 <unknown>\n#15 0x55febc17e1ba <unknown>\n#16 0x55febc17eb8e <unknown>\n#17 0x55febc41559b <unknown>\n#18 0x55febc41934b <unknown>\n#19 0x55febc401681 <unknown>\n#20 0x55febc419eb2 <unknown>\n#21 0x55febc3e66af <unknown>\n#22 0x55febc440428 <unknown>\n#23 0x55febc440600 <unknown>\n#24 0x55febc44ff84 <unknown>\n#25 0x7f0055094ac3 <unknown>",
        "time" : {
          "start" : 1714443611067,
          "stop" : 1714443611067,
          "duration" : 0
        }
      }, {
        "uid" : "125a0046239378ec",
        "reportUrl" : "https://Nat754.github.io/PulseWave/9//#testresult/125a0046239378ec",
        "status" : "broken",
        "statusDetails" : "selenium.common.exceptions.WebDriverException: Message: unknown error: net::ERR_CONNECTION_REFUSED\n  (Session info: chrome-headless-shell=124.0.6367.60)\nStacktrace:\n#0 0x55a3b9046e33 <unknown>\n#1 0x55a3b8d36567 <unknown>\n#2 0x55a3b8d2e879 <unknown>\n#3 0x55a3b8d1e852 <unknown>\n#4 0x55a3b8d1fe44 <unknown>\n#5 0x55a3b8d1ebbe <unknown>\n#6 0x55a3b8d1e2e0 <unknown>\n#7 0x55a3b8d1e181 <unknown>\n#8 0x55a3b8d1c0ec <unknown>\n#9 0x55a3b8d1c60a <unknown>\n#10 0x55a3b8d38eef <unknown>\n#11 0x55a3b8dc2695 <unknown>\n#12 0x55a3b8da3362 <unknown>\n#13 0x55a3b8dc1ae2 <unknown>\n#14 0x55a3b8da3103 <unknown>\n#15 0x55a3b8d741ba <unknown>\n#16 0x55a3b8d74b8e <unknown>\n#17 0x55a3b900b59b <unknown>\n#18 0x55a3b900f34b <unknown>\n#19 0x55a3b8ff7681 <unknown>\n#20 0x55a3b900feb2 <unknown>\n#21 0x55a3b8fdc6af <unknown>\n#22 0x55a3b9036428 <unknown>\n#23 0x55a3b9036600 <unknown>\n#24 0x55a3b9045f84 <unknown>\n#25 0x7f409c494ac3 <unknown>",
        "time" : {
          "start" : 1714357262727,
          "stop" : 1714357262727,
          "duration" : 0
        }
      }, {
        "uid" : "d1640b7330103f51",
        "reportUrl" : "https://Nat754.github.io/PulseWave/8//#testresult/d1640b7330103f51",
        "status" : "broken",
        "statusDetails" : "selenium.common.exceptions.TimeoutException: Message: \nStacktrace:\n#0 0x55d1cbdc1e33 <unknown>\n#1 0x55d1cbab1567 <unknown>\n#2 0x55d1cbafc27d <unknown>\n#3 0x55d1cbafc331 <unknown>\n#4 0x55d1cbb3f624 <unknown>\n#5 0x55d1cbb1e38d <unknown>\n#6 0x55d1cbb3cae2 <unknown>\n#7 0x55d1cbb1e103 <unknown>\n#8 0x55d1cbaef1ba <unknown>\n#9 0x55d1cbaefb8e <unknown>\n#10 0x55d1cbd8659b <unknown>\n#11 0x55d1cbd8a34b <unknown>\n#12 0x55d1cbd72681 <unknown>\n#13 0x55d1cbd8aeb2 <unknown>\n#14 0x55d1cbd576af <unknown>\n#15 0x55d1cbdb1428 <unknown>\n#16 0x55d1cbdb1600 <unknown>\n#17 0x55d1cbdc0f84 <unknown>\n#18 0x7f2856094ac3 <unknown>",
        "time" : {
          "start" : 1714273895523,
          "stop" : 1714273895523,
          "duration" : 0
        }
      }, {
        "uid" : "782e474e4de2e1d7",
        "reportUrl" : "https://Nat754.github.io/PulseWave/7//#testresult/782e474e4de2e1d7",
        "status" : "passed",
        "time" : {
          "start" : 1714185214053,
          "stop" : 1714185215749,
          "duration" : 1696
        }
      }, {
        "uid" : "fb907f5484969aec",
        "reportUrl" : "https://Nat754.github.io/PulseWave/6//#testresult/fb907f5484969aec",
        "status" : "passed",
        "time" : {
          "start" : 1714148640581,
          "stop" : 1714148642281,
          "duration" : 1700
        }
      }, {
        "uid" : "2f508f624ce92b97",
        "reportUrl" : "https://Nat754.github.io/PulseWave/6//#testresult/2f508f624ce92b97",
        "status" : "passed",
        "time" : {
          "start" : 1714098690597,
          "stop" : 1714098692285,
          "duration" : 1688
        }
      }, {
        "uid" : "595fe6df1cda825f",
        "reportUrl" : "https://Nat754.github.io/PulseWave/5//#testresult/595fe6df1cda825f",
        "status" : "passed",
        "time" : {
          "start" : 1714014545638,
          "stop" : 1714014547331,
          "duration" : 1693
        }
      }, {
        "uid" : "1305d54b4f8a33ff",
        "reportUrl" : "https://Nat754.github.io/PulseWave/211//#testresult/1305d54b4f8a33ff",
        "status" : "passed",
        "time" : {
          "start" : 1713946053451,
          "stop" : 1713946055133,
          "duration" : 1682
        }
      }, {
        "uid" : "ddbe594a39d73106",
        "reportUrl" : "https://Nat754.github.io/PulseWave/4//#testresult/ddbe594a39d73106",
        "status" : "passed",
        "time" : {
          "start" : 1713925843859,
          "stop" : 1713925845543,
          "duration" : 1684
        }
      }, {
        "uid" : "c980b52fcd361f90",
        "reportUrl" : "https://Nat754.github.io/PulseWave/211//#testresult/c980b52fcd361f90",
        "status" : "passed",
        "time" : {
          "start" : 1713901719313,
          "stop" : 1713901721009,
          "duration" : 1696
        }
      }, {
        "uid" : "e69861d980a15ac",
        "reportUrl" : "https://Nat754.github.io/PulseWave/210//#testresult/e69861d980a15ac",
        "status" : "passed",
        "time" : {
          "start" : 1713885952877,
          "stop" : 1713885954558,
          "duration" : 1681
        }
      }, {
        "uid" : "bc32672695e52b89",
        "reportUrl" : "https://Nat754.github.io/PulseWave/209//#testresult/bc32672695e52b89",
        "status" : "passed",
        "time" : {
          "start" : 1713883842432,
          "stop" : 1713883844129,
          "duration" : 1697
        }
      }, {
        "uid" : "c1b7d9d297c22e6c",
        "reportUrl" : "https://Nat754.github.io/PulseWave/209//#testresult/c1b7d9d297c22e6c",
        "status" : "passed",
        "time" : {
          "start" : 1713882370569,
          "stop" : 1713882372259,
          "duration" : 1690
        }
      }, {
        "uid" : "5ab9a58a9c428a91",
        "reportUrl" : "https://Nat754.github.io/PulseWave/208//#testresult/5ab9a58a9c428a91",
        "status" : "passed",
        "time" : {
          "start" : 1713879549809,
          "stop" : 1713879551498,
          "duration" : 1689
        }
      } ]
    },
    "tags" : [ "regress" ]
  },
  "source" : "8e7c66fd0b474ce.json",
  "parameterValues" : [ "'chrome'" ]
}